[2023-06-13T04:21:34.560+0000] {taskinstance.py:1103} INFO - Dependencies all met for dep_context=non-requeueable deps ti=<TaskInstance: vamosSigue.insert_data_from_file scheduled__2023-06-12T00:00:00+00:00 [queued]>
[2023-06-13T04:21:34.578+0000] {taskinstance.py:1103} INFO - Dependencies all met for dep_context=requeueable deps ti=<TaskInstance: vamosSigue.insert_data_from_file scheduled__2023-06-12T00:00:00+00:00 [queued]>
[2023-06-13T04:21:34.579+0000] {taskinstance.py:1308} INFO - Starting attempt 4 of 4
[2023-06-13T04:21:34.600+0000] {taskinstance.py:1327} INFO - Executing <Task(PythonOperator): insert_data_from_file> on 2023-06-12 00:00:00+00:00
[2023-06-13T04:21:34.607+0000] {standard_task_runner.py:57} INFO - Started process 1564 to run task
[2023-06-13T04:21:34.612+0000] {standard_task_runner.py:84} INFO - Running: ['***', 'tasks', 'run', 'vamosSigue', 'insert_data_from_file', 'scheduled__2023-06-12T00:00:00+00:00', '--job-id', '53', '--raw', '--subdir', 'DAGS_FOLDER/dbeaverFunciona.py', '--cfg-path', '/tmp/tmpxg0y82hg']
[2023-06-13T04:21:34.613+0000] {standard_task_runner.py:85} INFO - Job 53: Subtask insert_data_from_file
[2023-06-13T04:21:34.680+0000] {task_command.py:410} INFO - Running <TaskInstance: vamosSigue.insert_data_from_file scheduled__2023-06-12T00:00:00+00:00 [running]> on host a26553e1bb12
[2023-06-13T04:21:34.810+0000] {taskinstance.py:1547} INFO - Exporting env vars: AIRFLOW_CTX_DAG_OWNER='***' AIRFLOW_CTX_DAG_ID='vamosSigue' AIRFLOW_CTX_TASK_ID='insert_data_from_file' AIRFLOW_CTX_EXECUTION_DATE='2023-06-12T00:00:00+00:00' AIRFLOW_CTX_TRY_NUMBER='4' AIRFLOW_CTX_DAG_RUN_ID='scheduled__2023-06-12T00:00:00+00:00'
[2023-06-13T04:21:34.814+0000] {sql.py:262} INFO - Executing: INSERT INTO datos (id, country) VALUES ('ZH', 'Africa Eastern and Southern')
[2023-06-13T04:21:34.828+0000] {base.py:73} INFO - Using connection ID 'postgres_localhost' for task execution.
[2023-06-13T04:21:34.942+0000] {base.py:73} INFO - Using connection ID 'postgres_localhost' for task execution.
[2023-06-13T04:21:34.964+0000] {sql.py:375} INFO - Running statement: INSERT INTO datos (id, country) VALUES ('ZH', 'Africa Eastern and Southern'), parameters: None
[2023-06-13T04:21:34.972+0000] {sql.py:384} INFO - Rows affected: 1
[2023-06-13T04:21:34.979+0000] {sql.py:262} INFO - Executing: INSERT INTO datos (id, country) VALUES ('ZH', 'Africa Eastern and Southern')
[2023-06-13T04:21:34.991+0000] {base.py:73} INFO - Using connection ID 'postgres_localhost' for task execution.
[2023-06-13T04:21:35.084+0000] {base.py:73} INFO - Using connection ID 'postgres_localhost' for task execution.
[2023-06-13T04:21:35.106+0000] {sql.py:375} INFO - Running statement: INSERT INTO datos (id, country) VALUES ('ZH', 'Africa Eastern and Southern'), parameters: None
[2023-06-13T04:21:35.114+0000] {sql.py:384} INFO - Rows affected: 1
[2023-06-13T04:21:35.120+0000] {sql.py:262} INFO - Executing: INSERT INTO datos (id, country) VALUES ('ZH', 'Africa Eastern and Southern')
[2023-06-13T04:21:35.131+0000] {base.py:73} INFO - Using connection ID 'postgres_localhost' for task execution.
[2023-06-13T04:21:35.215+0000] {base.py:73} INFO - Using connection ID 'postgres_localhost' for task execution.
[2023-06-13T04:21:35.239+0000] {sql.py:375} INFO - Running statement: INSERT INTO datos (id, country) VALUES ('ZH', 'Africa Eastern and Southern'), parameters: None
[2023-06-13T04:21:35.248+0000] {sql.py:384} INFO - Rows affected: 1
[2023-06-13T04:21:35.254+0000] {sql.py:262} INFO - Executing: INSERT INTO datos (id, country) VALUES ('ZH', 'Africa Eastern and Southern')
[2023-06-13T04:21:35.267+0000] {base.py:73} INFO - Using connection ID 'postgres_localhost' for task execution.
[2023-06-13T04:21:35.363+0000] {base.py:73} INFO - Using connection ID 'postgres_localhost' for task execution.
[2023-06-13T04:21:35.385+0000] {sql.py:375} INFO - Running statement: INSERT INTO datos (id, country) VALUES ('ZH', 'Africa Eastern and Southern'), parameters: None
[2023-06-13T04:21:35.393+0000] {sql.py:384} INFO - Rows affected: 1
[2023-06-13T04:21:35.400+0000] {sql.py:262} INFO - Executing: INSERT INTO datos (id, country) VALUES ('ZH', 'Africa Eastern and Southern')
[2023-06-13T04:21:35.412+0000] {base.py:73} INFO - Using connection ID 'postgres_localhost' for task execution.
[2023-06-13T04:21:35.500+0000] {base.py:73} INFO - Using connection ID 'postgres_localhost' for task execution.
[2023-06-13T04:21:35.522+0000] {sql.py:375} INFO - Running statement: INSERT INTO datos (id, country) VALUES ('ZH', 'Africa Eastern and Southern'), parameters: None
[2023-06-13T04:21:35.530+0000] {sql.py:384} INFO - Rows affected: 1
[2023-06-13T04:21:35.537+0000] {sql.py:262} INFO - Executing: INSERT INTO datos (id, country) VALUES ('ZH', 'Africa Eastern and Southern')
[2023-06-13T04:21:35.549+0000] {base.py:73} INFO - Using connection ID 'postgres_localhost' for task execution.
[2023-06-13T04:21:35.631+0000] {base.py:73} INFO - Using connection ID 'postgres_localhost' for task execution.
[2023-06-13T04:21:35.651+0000] {sql.py:375} INFO - Running statement: INSERT INTO datos (id, country) VALUES ('ZH', 'Africa Eastern and Southern'), parameters: None
[2023-06-13T04:21:35.659+0000] {sql.py:384} INFO - Rows affected: 1
[2023-06-13T04:21:35.665+0000] {sql.py:262} INFO - Executing: INSERT INTO datos (id, country) VALUES ('ZH', 'Africa Eastern and Southern')
[2023-06-13T04:21:35.677+0000] {base.py:73} INFO - Using connection ID 'postgres_localhost' for task execution.
[2023-06-13T04:21:35.760+0000] {base.py:73} INFO - Using connection ID 'postgres_localhost' for task execution.
[2023-06-13T04:21:35.781+0000] {sql.py:375} INFO - Running statement: INSERT INTO datos (id, country) VALUES ('ZH', 'Africa Eastern and Southern'), parameters: None
[2023-06-13T04:21:35.789+0000] {sql.py:384} INFO - Rows affected: 1
[2023-06-13T04:21:35.797+0000] {sql.py:262} INFO - Executing: INSERT INTO datos (id, country) VALUES ('ZH', 'Africa Eastern and Southern')
[2023-06-13T04:21:35.808+0000] {base.py:73} INFO - Using connection ID 'postgres_localhost' for task execution.
[2023-06-13T04:21:35.895+0000] {base.py:73} INFO - Using connection ID 'postgres_localhost' for task execution.
[2023-06-13T04:21:35.916+0000] {sql.py:375} INFO - Running statement: INSERT INTO datos (id, country) VALUES ('ZH', 'Africa Eastern and Southern'), parameters: None
[2023-06-13T04:21:35.924+0000] {sql.py:384} INFO - Rows affected: 1
[2023-06-13T04:21:35.930+0000] {sql.py:262} INFO - Executing: INSERT INTO datos (id, country) VALUES ('ZH', 'Africa Eastern and Southern')
[2023-06-13T04:21:35.942+0000] {base.py:73} INFO - Using connection ID 'postgres_localhost' for task execution.
[2023-06-13T04:21:36.020+0000] {base.py:73} INFO - Using connection ID 'postgres_localhost' for task execution.
[2023-06-13T04:21:36.041+0000] {sql.py:375} INFO - Running statement: INSERT INTO datos (id, country) VALUES ('ZH', 'Africa Eastern and Southern'), parameters: None
[2023-06-13T04:21:36.048+0000] {sql.py:384} INFO - Rows affected: 1
[2023-06-13T04:21:36.054+0000] {sql.py:262} INFO - Executing: INSERT INTO datos (id, country) VALUES ('ZH', 'Africa Eastern and Southern')
[2023-06-13T04:21:36.065+0000] {base.py:73} INFO - Using connection ID 'postgres_localhost' for task execution.
[2023-06-13T04:21:36.144+0000] {base.py:73} INFO - Using connection ID 'postgres_localhost' for task execution.
[2023-06-13T04:21:36.165+0000] {sql.py:375} INFO - Running statement: INSERT INTO datos (id, country) VALUES ('ZH', 'Africa Eastern and Southern'), parameters: None
[2023-06-13T04:21:36.172+0000] {sql.py:384} INFO - Rows affected: 1
[2023-06-13T04:21:36.179+0000] {sql.py:262} INFO - Executing: INSERT INTO datos (id, country) VALUES ('ZH', 'Africa Eastern and Southern')
[2023-06-13T04:21:36.190+0000] {base.py:73} INFO - Using connection ID 'postgres_localhost' for task execution.
[2023-06-13T04:21:36.283+0000] {base.py:73} INFO - Using connection ID 'postgres_localhost' for task execution.
[2023-06-13T04:21:36.309+0000] {sql.py:375} INFO - Running statement: INSERT INTO datos (id, country) VALUES ('ZH', 'Africa Eastern and Southern'), parameters: None
[2023-06-13T04:21:36.318+0000] {sql.py:384} INFO - Rows affected: 1
[2023-06-13T04:21:36.325+0000] {sql.py:262} INFO - Executing: INSERT INTO datos (id, country) VALUES ('ZH', 'Africa Eastern and Southern')
[2023-06-13T04:21:36.337+0000] {base.py:73} INFO - Using connection ID 'postgres_localhost' for task execution.
[2023-06-13T04:21:36.445+0000] {base.py:73} INFO - Using connection ID 'postgres_localhost' for task execution.
[2023-06-13T04:21:36.468+0000] {sql.py:375} INFO - Running statement: INSERT INTO datos (id, country) VALUES ('ZH', 'Africa Eastern and Southern'), parameters: None
[2023-06-13T04:21:36.476+0000] {sql.py:384} INFO - Rows affected: 1
[2023-06-13T04:21:36.483+0000] {sql.py:262} INFO - Executing: INSERT INTO datos (id, country) VALUES ('ZH', 'Africa Eastern and Southern')
[2023-06-13T04:21:36.496+0000] {base.py:73} INFO - Using connection ID 'postgres_localhost' for task execution.
[2023-06-13T04:21:36.588+0000] {base.py:73} INFO - Using connection ID 'postgres_localhost' for task execution.
[2023-06-13T04:21:36.610+0000] {sql.py:375} INFO - Running statement: INSERT INTO datos (id, country) VALUES ('ZH', 'Africa Eastern and Southern'), parameters: None
[2023-06-13T04:21:36.619+0000] {sql.py:384} INFO - Rows affected: 1
[2023-06-13T04:21:36.626+0000] {sql.py:262} INFO - Executing: INSERT INTO datos (id, country) VALUES ('ZH', 'Africa Eastern and Southern')
[2023-06-13T04:21:36.638+0000] {base.py:73} INFO - Using connection ID 'postgres_localhost' for task execution.
[2023-06-13T04:21:36.754+0000] {base.py:73} INFO - Using connection ID 'postgres_localhost' for task execution.
[2023-06-13T04:21:36.775+0000] {sql.py:375} INFO - Running statement: INSERT INTO datos (id, country) VALUES ('ZH', 'Africa Eastern and Southern'), parameters: None
[2023-06-13T04:21:36.784+0000] {sql.py:384} INFO - Rows affected: 1
[2023-06-13T04:21:36.793+0000] {sql.py:262} INFO - Executing: INSERT INTO datos (id, country) VALUES ('ZH', 'Africa Eastern and Southern')
[2023-06-13T04:21:36.803+0000] {base.py:73} INFO - Using connection ID 'postgres_localhost' for task execution.
[2023-06-13T04:21:36.891+0000] {base.py:73} INFO - Using connection ID 'postgres_localhost' for task execution.
[2023-06-13T04:21:36.912+0000] {sql.py:375} INFO - Running statement: INSERT INTO datos (id, country) VALUES ('ZH', 'Africa Eastern and Southern'), parameters: None
[2023-06-13T04:21:36.920+0000] {sql.py:384} INFO - Rows affected: 1
[2023-06-13T04:21:36.927+0000] {sql.py:262} INFO - Executing: INSERT INTO datos (id, country) VALUES ('ZH', 'Africa Eastern and Southern')
[2023-06-13T04:21:36.938+0000] {base.py:73} INFO - Using connection ID 'postgres_localhost' for task execution.
[2023-06-13T04:21:37.013+0000] {base.py:73} INFO - Using connection ID 'postgres_localhost' for task execution.
[2023-06-13T04:21:37.034+0000] {sql.py:375} INFO - Running statement: INSERT INTO datos (id, country) VALUES ('ZH', 'Africa Eastern and Southern'), parameters: None
[2023-06-13T04:21:37.042+0000] {sql.py:384} INFO - Rows affected: 1
[2023-06-13T04:21:37.048+0000] {sql.py:262} INFO - Executing: INSERT INTO datos (id, country) VALUES ('ZH', 'Africa Eastern and Southern')
[2023-06-13T04:21:37.059+0000] {base.py:73} INFO - Using connection ID 'postgres_localhost' for task execution.
[2023-06-13T04:21:37.140+0000] {base.py:73} INFO - Using connection ID 'postgres_localhost' for task execution.
[2023-06-13T04:21:37.159+0000] {sql.py:375} INFO - Running statement: INSERT INTO datos (id, country) VALUES ('ZH', 'Africa Eastern and Southern'), parameters: None
[2023-06-13T04:21:37.166+0000] {sql.py:384} INFO - Rows affected: 1
[2023-06-13T04:21:37.173+0000] {sql.py:262} INFO - Executing: INSERT INTO datos (id, country) VALUES ('ZH', 'Africa Eastern and Southern')
[2023-06-13T04:21:37.183+0000] {base.py:73} INFO - Using connection ID 'postgres_localhost' for task execution.
[2023-06-13T04:21:37.260+0000] {base.py:73} INFO - Using connection ID 'postgres_localhost' for task execution.
[2023-06-13T04:21:37.280+0000] {sql.py:375} INFO - Running statement: INSERT INTO datos (id, country) VALUES ('ZH', 'Africa Eastern and Southern'), parameters: None
[2023-06-13T04:21:37.287+0000] {sql.py:384} INFO - Rows affected: 1
[2023-06-13T04:21:37.294+0000] {sql.py:262} INFO - Executing: INSERT INTO datos (id, country) VALUES ('ZH', 'Africa Eastern and Southern')
[2023-06-13T04:21:37.304+0000] {base.py:73} INFO - Using connection ID 'postgres_localhost' for task execution.
[2023-06-13T04:21:37.385+0000] {base.py:73} INFO - Using connection ID 'postgres_localhost' for task execution.
[2023-06-13T04:21:37.409+0000] {sql.py:375} INFO - Running statement: INSERT INTO datos (id, country) VALUES ('ZH', 'Africa Eastern and Southern'), parameters: None
[2023-06-13T04:21:37.416+0000] {sql.py:384} INFO - Rows affected: 1
[2023-06-13T04:21:37.421+0000] {sql.py:262} INFO - Executing: INSERT INTO datos (id, country) VALUES ('ZH', 'Africa Eastern and Southern')
[2023-06-13T04:21:37.432+0000] {base.py:73} INFO - Using connection ID 'postgres_localhost' for task execution.
[2023-06-13T04:21:37.514+0000] {base.py:73} INFO - Using connection ID 'postgres_localhost' for task execution.
[2023-06-13T04:21:37.532+0000] {sql.py:375} INFO - Running statement: INSERT INTO datos (id, country) VALUES ('ZH', 'Africa Eastern and Southern'), parameters: None
[2023-06-13T04:21:37.539+0000] {sql.py:384} INFO - Rows affected: 1
[2023-06-13T04:21:37.546+0000] {sql.py:262} INFO - Executing: INSERT INTO datos (id, country) VALUES ('ZH', 'Africa Eastern and Southern')
[2023-06-13T04:21:37.558+0000] {base.py:73} INFO - Using connection ID 'postgres_localhost' for task execution.
[2023-06-13T04:21:37.631+0000] {base.py:73} INFO - Using connection ID 'postgres_localhost' for task execution.
[2023-06-13T04:21:37.651+0000] {sql.py:375} INFO - Running statement: INSERT INTO datos (id, country) VALUES ('ZH', 'Africa Eastern and Southern'), parameters: None
[2023-06-13T04:21:37.659+0000] {sql.py:384} INFO - Rows affected: 1
[2023-06-13T04:21:37.668+0000] {sql.py:262} INFO - Executing: INSERT INTO datos (id, country) VALUES ('ZH', 'Africa Eastern and Southern')
[2023-06-13T04:21:37.685+0000] {base.py:73} INFO - Using connection ID 'postgres_localhost' for task execution.
[2023-06-13T04:21:37.811+0000] {base.py:73} INFO - Using connection ID 'postgres_localhost' for task execution.
[2023-06-13T04:21:37.832+0000] {sql.py:375} INFO - Running statement: INSERT INTO datos (id, country) VALUES ('ZH', 'Africa Eastern and Southern'), parameters: None
[2023-06-13T04:21:37.840+0000] {sql.py:384} INFO - Rows affected: 1
[2023-06-13T04:21:37.848+0000] {sql.py:262} INFO - Executing: INSERT INTO datos (id, country) VALUES ('ZH', 'Africa Eastern and Southern')
[2023-06-13T04:21:37.864+0000] {base.py:73} INFO - Using connection ID 'postgres_localhost' for task execution.
[2023-06-13T04:21:37.954+0000] {base.py:73} INFO - Using connection ID 'postgres_localhost' for task execution.
[2023-06-13T04:21:37.976+0000] {sql.py:375} INFO - Running statement: INSERT INTO datos (id, country) VALUES ('ZH', 'Africa Eastern and Southern'), parameters: None
[2023-06-13T04:21:37.984+0000] {sql.py:384} INFO - Rows affected: 1
[2023-06-13T04:21:37.991+0000] {sql.py:262} INFO - Executing: INSERT INTO datos (id, country) VALUES ('ZH', 'Africa Eastern and Southern')
[2023-06-13T04:21:38.003+0000] {base.py:73} INFO - Using connection ID 'postgres_localhost' for task execution.
[2023-06-13T04:21:38.099+0000] {base.py:73} INFO - Using connection ID 'postgres_localhost' for task execution.
[2023-06-13T04:21:38.119+0000] {sql.py:375} INFO - Running statement: INSERT INTO datos (id, country) VALUES ('ZH', 'Africa Eastern and Southern'), parameters: None
[2023-06-13T04:21:38.127+0000] {sql.py:384} INFO - Rows affected: 1
[2023-06-13T04:21:38.133+0000] {sql.py:262} INFO - Executing: INSERT INTO datos (id, country) VALUES ('ZH', 'Africa Eastern and Southern')
[2023-06-13T04:21:38.145+0000] {base.py:73} INFO - Using connection ID 'postgres_localhost' for task execution.
[2023-06-13T04:21:38.223+0000] {base.py:73} INFO - Using connection ID 'postgres_localhost' for task execution.
[2023-06-13T04:21:38.242+0000] {sql.py:375} INFO - Running statement: INSERT INTO datos (id, country) VALUES ('ZH', 'Africa Eastern and Southern'), parameters: None
[2023-06-13T04:21:38.250+0000] {sql.py:384} INFO - Rows affected: 1
[2023-06-13T04:21:38.255+0000] {sql.py:262} INFO - Executing: INSERT INTO datos (id, country) VALUES ('ZH', 'Africa Eastern and Southern')
[2023-06-13T04:21:38.265+0000] {base.py:73} INFO - Using connection ID 'postgres_localhost' for task execution.
[2023-06-13T04:21:38.342+0000] {base.py:73} INFO - Using connection ID 'postgres_localhost' for task execution.
[2023-06-13T04:21:38.362+0000] {sql.py:375} INFO - Running statement: INSERT INTO datos (id, country) VALUES ('ZH', 'Africa Eastern and Southern'), parameters: None
[2023-06-13T04:21:38.369+0000] {sql.py:384} INFO - Rows affected: 1
[2023-06-13T04:21:38.375+0000] {sql.py:262} INFO - Executing: INSERT INTO datos (id, country) VALUES ('ZH', 'Africa Eastern and Southern')
[2023-06-13T04:21:38.386+0000] {base.py:73} INFO - Using connection ID 'postgres_localhost' for task execution.
[2023-06-13T04:21:38.470+0000] {base.py:73} INFO - Using connection ID 'postgres_localhost' for task execution.
[2023-06-13T04:21:38.490+0000] {sql.py:375} INFO - Running statement: INSERT INTO datos (id, country) VALUES ('ZH', 'Africa Eastern and Southern'), parameters: None
[2023-06-13T04:21:38.498+0000] {sql.py:384} INFO - Rows affected: 1
[2023-06-13T04:21:38.504+0000] {sql.py:262} INFO - Executing: INSERT INTO datos (id, country) VALUES ('ZH', 'Africa Eastern and Southern')
[2023-06-13T04:21:38.514+0000] {base.py:73} INFO - Using connection ID 'postgres_localhost' for task execution.
[2023-06-13T04:21:38.594+0000] {base.py:73} INFO - Using connection ID 'postgres_localhost' for task execution.
[2023-06-13T04:21:38.615+0000] {sql.py:375} INFO - Running statement: INSERT INTO datos (id, country) VALUES ('ZH', 'Africa Eastern and Southern'), parameters: None
[2023-06-13T04:21:38.622+0000] {sql.py:384} INFO - Rows affected: 1
[2023-06-13T04:21:38.629+0000] {sql.py:262} INFO - Executing: INSERT INTO datos (id, country) VALUES ('ZH', 'Africa Eastern and Southern')
[2023-06-13T04:21:38.641+0000] {base.py:73} INFO - Using connection ID 'postgres_localhost' for task execution.
[2023-06-13T04:21:38.722+0000] {base.py:73} INFO - Using connection ID 'postgres_localhost' for task execution.
[2023-06-13T04:21:38.742+0000] {sql.py:375} INFO - Running statement: INSERT INTO datos (id, country) VALUES ('ZH', 'Africa Eastern and Southern'), parameters: None
[2023-06-13T04:21:38.749+0000] {sql.py:384} INFO - Rows affected: 1
[2023-06-13T04:21:38.755+0000] {sql.py:262} INFO - Executing: INSERT INTO datos (id, country) VALUES ('ZH', 'Africa Eastern and Southern')
[2023-06-13T04:21:38.767+0000] {base.py:73} INFO - Using connection ID 'postgres_localhost' for task execution.
[2023-06-13T04:21:38.846+0000] {base.py:73} INFO - Using connection ID 'postgres_localhost' for task execution.
[2023-06-13T04:21:38.865+0000] {sql.py:375} INFO - Running statement: INSERT INTO datos (id, country) VALUES ('ZH', 'Africa Eastern and Southern'), parameters: None
[2023-06-13T04:21:38.872+0000] {sql.py:384} INFO - Rows affected: 1
[2023-06-13T04:21:38.879+0000] {sql.py:262} INFO - Executing: INSERT INTO datos (id, country) VALUES ('ZH', 'Africa Eastern and Southern')
[2023-06-13T04:21:38.889+0000] {base.py:73} INFO - Using connection ID 'postgres_localhost' for task execution.
[2023-06-13T04:21:38.963+0000] {base.py:73} INFO - Using connection ID 'postgres_localhost' for task execution.
[2023-06-13T04:21:38.982+0000] {sql.py:375} INFO - Running statement: INSERT INTO datos (id, country) VALUES ('ZH', 'Africa Eastern and Southern'), parameters: None
[2023-06-13T04:21:38.989+0000] {sql.py:384} INFO - Rows affected: 1
[2023-06-13T04:21:38.995+0000] {sql.py:262} INFO - Executing: INSERT INTO datos (id, country) VALUES ('ZH', 'Africa Eastern and Southern')
[2023-06-13T04:21:39.005+0000] {base.py:73} INFO - Using connection ID 'postgres_localhost' for task execution.
[2023-06-13T04:21:39.081+0000] {base.py:73} INFO - Using connection ID 'postgres_localhost' for task execution.
[2023-06-13T04:21:39.103+0000] {sql.py:375} INFO - Running statement: INSERT INTO datos (id, country) VALUES ('ZH', 'Africa Eastern and Southern'), parameters: None
[2023-06-13T04:21:39.111+0000] {sql.py:384} INFO - Rows affected: 1
[2023-06-13T04:21:39.117+0000] {sql.py:262} INFO - Executing: INSERT INTO datos (id, country) VALUES ('ZH', 'Africa Eastern and Southern')
[2023-06-13T04:21:39.129+0000] {base.py:73} INFO - Using connection ID 'postgres_localhost' for task execution.
[2023-06-13T04:21:39.223+0000] {base.py:73} INFO - Using connection ID 'postgres_localhost' for task execution.
[2023-06-13T04:21:39.244+0000] {sql.py:375} INFO - Running statement: INSERT INTO datos (id, country) VALUES ('ZH', 'Africa Eastern and Southern'), parameters: None
[2023-06-13T04:21:39.252+0000] {sql.py:384} INFO - Rows affected: 1
[2023-06-13T04:21:39.258+0000] {sql.py:262} INFO - Executing: INSERT INTO datos (id, country) VALUES ('ZH', 'Africa Eastern and Southern')
[2023-06-13T04:21:39.270+0000] {base.py:73} INFO - Using connection ID 'postgres_localhost' for task execution.
[2023-06-13T04:21:39.372+0000] {base.py:73} INFO - Using connection ID 'postgres_localhost' for task execution.
[2023-06-13T04:21:39.397+0000] {sql.py:375} INFO - Running statement: INSERT INTO datos (id, country) VALUES ('ZH', 'Africa Eastern and Southern'), parameters: None
[2023-06-13T04:21:39.406+0000] {sql.py:384} INFO - Rows affected: 1
[2023-06-13T04:21:39.412+0000] {sql.py:262} INFO - Executing: INSERT INTO datos (id, country) VALUES ('ZH', 'Africa Eastern and Southern')
[2023-06-13T04:21:39.424+0000] {base.py:73} INFO - Using connection ID 'postgres_localhost' for task execution.
[2023-06-13T04:21:39.510+0000] {base.py:73} INFO - Using connection ID 'postgres_localhost' for task execution.
[2023-06-13T04:21:39.530+0000] {sql.py:375} INFO - Running statement: INSERT INTO datos (id, country) VALUES ('ZH', 'Africa Eastern and Southern'), parameters: None
[2023-06-13T04:21:39.537+0000] {sql.py:384} INFO - Rows affected: 1
[2023-06-13T04:21:39.544+0000] {sql.py:262} INFO - Executing: INSERT INTO datos (id, country) VALUES ('ZH', 'Africa Eastern and Southern')
[2023-06-13T04:21:39.554+0000] {base.py:73} INFO - Using connection ID 'postgres_localhost' for task execution.
[2023-06-13T04:21:39.628+0000] {base.py:73} INFO - Using connection ID 'postgres_localhost' for task execution.
[2023-06-13T04:21:39.649+0000] {sql.py:375} INFO - Running statement: INSERT INTO datos (id, country) VALUES ('ZH', 'Africa Eastern and Southern'), parameters: None
[2023-06-13T04:21:39.657+0000] {sql.py:384} INFO - Rows affected: 1
[2023-06-13T04:21:39.663+0000] {sql.py:262} INFO - Executing: INSERT INTO datos (id, country) VALUES ('ZH', 'Africa Eastern and Southern')
[2023-06-13T04:21:39.674+0000] {base.py:73} INFO - Using connection ID 'postgres_localhost' for task execution.
[2023-06-13T04:21:39.758+0000] {base.py:73} INFO - Using connection ID 'postgres_localhost' for task execution.
[2023-06-13T04:21:39.778+0000] {sql.py:375} INFO - Running statement: INSERT INTO datos (id, country) VALUES ('ZH', 'Africa Eastern and Southern'), parameters: None
[2023-06-13T04:21:39.786+0000] {sql.py:384} INFO - Rows affected: 1
[2023-06-13T04:21:39.793+0000] {sql.py:262} INFO - Executing: INSERT INTO datos (id, country) VALUES ('ZH', 'Africa Eastern and Southern')
[2023-06-13T04:21:39.804+0000] {base.py:73} INFO - Using connection ID 'postgres_localhost' for task execution.
[2023-06-13T04:21:39.910+0000] {base.py:73} INFO - Using connection ID 'postgres_localhost' for task execution.
[2023-06-13T04:21:39.930+0000] {sql.py:375} INFO - Running statement: INSERT INTO datos (id, country) VALUES ('ZH', 'Africa Eastern and Southern'), parameters: None
[2023-06-13T04:21:39.938+0000] {sql.py:384} INFO - Rows affected: 1
[2023-06-13T04:21:39.944+0000] {sql.py:262} INFO - Executing: INSERT INTO datos (id, country) VALUES ('ZH', 'Africa Eastern and Southern')
[2023-06-13T04:21:39.955+0000] {base.py:73} INFO - Using connection ID 'postgres_localhost' for task execution.
[2023-06-13T04:21:40.038+0000] {base.py:73} INFO - Using connection ID 'postgres_localhost' for task execution.
[2023-06-13T04:21:40.058+0000] {sql.py:375} INFO - Running statement: INSERT INTO datos (id, country) VALUES ('ZH', 'Africa Eastern and Southern'), parameters: None
[2023-06-13T04:21:40.065+0000] {sql.py:384} INFO - Rows affected: 1
[2023-06-13T04:21:40.071+0000] {sql.py:262} INFO - Executing: INSERT INTO datos (id, country) VALUES ('ZH', 'Africa Eastern and Southern')
[2023-06-13T04:21:40.081+0000] {base.py:73} INFO - Using connection ID 'postgres_localhost' for task execution.
[2023-06-13T04:21:40.159+0000] {base.py:73} INFO - Using connection ID 'postgres_localhost' for task execution.
[2023-06-13T04:21:40.180+0000] {sql.py:375} INFO - Running statement: INSERT INTO datos (id, country) VALUES ('ZH', 'Africa Eastern and Southern'), parameters: None
[2023-06-13T04:21:40.187+0000] {sql.py:384} INFO - Rows affected: 1
[2023-06-13T04:21:40.194+0000] {sql.py:262} INFO - Executing: INSERT INTO datos (id, country) VALUES ('ZH', 'Africa Eastern and Southern')
[2023-06-13T04:21:40.205+0000] {base.py:73} INFO - Using connection ID 'postgres_localhost' for task execution.
[2023-06-13T04:21:40.289+0000] {base.py:73} INFO - Using connection ID 'postgres_localhost' for task execution.
[2023-06-13T04:21:40.309+0000] {sql.py:375} INFO - Running statement: INSERT INTO datos (id, country) VALUES ('ZH', 'Africa Eastern and Southern'), parameters: None
[2023-06-13T04:21:40.316+0000] {sql.py:384} INFO - Rows affected: 1
[2023-06-13T04:21:40.322+0000] {sql.py:262} INFO - Executing: INSERT INTO datos (id, country) VALUES ('ZH', 'Africa Eastern and Southern')
[2023-06-13T04:21:40.332+0000] {base.py:73} INFO - Using connection ID 'postgres_localhost' for task execution.
[2023-06-13T04:21:40.407+0000] {base.py:73} INFO - Using connection ID 'postgres_localhost' for task execution.
[2023-06-13T04:21:40.427+0000] {sql.py:375} INFO - Running statement: INSERT INTO datos (id, country) VALUES ('ZH', 'Africa Eastern and Southern'), parameters: None
[2023-06-13T04:21:40.434+0000] {sql.py:384} INFO - Rows affected: 1
[2023-06-13T04:21:40.440+0000] {sql.py:262} INFO - Executing: INSERT INTO datos (id, country) VALUES ('ZH', 'Africa Eastern and Southern')
[2023-06-13T04:21:40.449+0000] {base.py:73} INFO - Using connection ID 'postgres_localhost' for task execution.
[2023-06-13T04:21:40.525+0000] {base.py:73} INFO - Using connection ID 'postgres_localhost' for task execution.
[2023-06-13T04:21:40.544+0000] {sql.py:375} INFO - Running statement: INSERT INTO datos (id, country) VALUES ('ZH', 'Africa Eastern and Southern'), parameters: None
[2023-06-13T04:21:40.551+0000] {sql.py:384} INFO - Rows affected: 1
[2023-06-13T04:21:40.557+0000] {sql.py:262} INFO - Executing: INSERT INTO datos (id, country) VALUES ('ZH', 'Africa Eastern and Southern')
[2023-06-13T04:21:40.568+0000] {base.py:73} INFO - Using connection ID 'postgres_localhost' for task execution.
[2023-06-13T04:21:40.644+0000] {base.py:73} INFO - Using connection ID 'postgres_localhost' for task execution.
[2023-06-13T04:21:40.663+0000] {sql.py:375} INFO - Running statement: INSERT INTO datos (id, country) VALUES ('ZH', 'Africa Eastern and Southern'), parameters: None
[2023-06-13T04:21:40.671+0000] {sql.py:384} INFO - Rows affected: 1
[2023-06-13T04:21:40.677+0000] {sql.py:262} INFO - Executing: INSERT INTO datos (id, country) VALUES ('ZH', 'Africa Eastern and Southern')
[2023-06-13T04:21:40.687+0000] {base.py:73} INFO - Using connection ID 'postgres_localhost' for task execution.
[2023-06-13T04:21:40.771+0000] {base.py:73} INFO - Using connection ID 'postgres_localhost' for task execution.
[2023-06-13T04:21:40.791+0000] {sql.py:375} INFO - Running statement: INSERT INTO datos (id, country) VALUES ('ZH', 'Africa Eastern and Southern'), parameters: None
[2023-06-13T04:21:40.798+0000] {sql.py:384} INFO - Rows affected: 1
[2023-06-13T04:21:40.804+0000] {sql.py:262} INFO - Executing: INSERT INTO datos (id, country) VALUES ('ZH', 'Africa Eastern and Southern')
[2023-06-13T04:21:40.814+0000] {base.py:73} INFO - Using connection ID 'postgres_localhost' for task execution.
[2023-06-13T04:21:40.892+0000] {base.py:73} INFO - Using connection ID 'postgres_localhost' for task execution.
[2023-06-13T04:21:40.912+0000] {sql.py:375} INFO - Running statement: INSERT INTO datos (id, country) VALUES ('ZH', 'Africa Eastern and Southern'), parameters: None
[2023-06-13T04:21:40.920+0000] {sql.py:384} INFO - Rows affected: 1
[2023-06-13T04:21:40.927+0000] {sql.py:262} INFO - Executing: INSERT INTO datos (id, country) VALUES ('ZH', 'Africa Eastern and Southern')
[2023-06-13T04:21:40.938+0000] {base.py:73} INFO - Using connection ID 'postgres_localhost' for task execution.
[2023-06-13T04:21:41.016+0000] {base.py:73} INFO - Using connection ID 'postgres_localhost' for task execution.
[2023-06-13T04:21:41.035+0000] {sql.py:375} INFO - Running statement: INSERT INTO datos (id, country) VALUES ('ZH', 'Africa Eastern and Southern'), parameters: None
[2023-06-13T04:21:41.042+0000] {sql.py:384} INFO - Rows affected: 1
[2023-06-13T04:21:41.049+0000] {sql.py:262} INFO - Executing: INSERT INTO datos (id, country) VALUES ('ZH', 'Africa Eastern and Southern')
[2023-06-13T04:21:41.060+0000] {base.py:73} INFO - Using connection ID 'postgres_localhost' for task execution.
[2023-06-13T04:21:41.142+0000] {base.py:73} INFO - Using connection ID 'postgres_localhost' for task execution.
[2023-06-13T04:21:41.162+0000] {sql.py:375} INFO - Running statement: INSERT INTO datos (id, country) VALUES ('ZH', 'Africa Eastern and Southern'), parameters: None
[2023-06-13T04:21:41.170+0000] {sql.py:384} INFO - Rows affected: 1
[2023-06-13T04:21:41.176+0000] {sql.py:262} INFO - Executing: INSERT INTO datos (id, country) VALUES ('ZH', 'Africa Eastern and Southern')
[2023-06-13T04:21:41.186+0000] {base.py:73} INFO - Using connection ID 'postgres_localhost' for task execution.
[2023-06-13T04:21:41.259+0000] {base.py:73} INFO - Using connection ID 'postgres_localhost' for task execution.
[2023-06-13T04:21:41.279+0000] {sql.py:375} INFO - Running statement: INSERT INTO datos (id, country) VALUES ('ZH', 'Africa Eastern and Southern'), parameters: None
[2023-06-13T04:21:41.286+0000] {sql.py:384} INFO - Rows affected: 1
[2023-06-13T04:21:41.292+0000] {sql.py:262} INFO - Executing: INSERT INTO datos (id, country) VALUES ('ZH', 'Africa Eastern and Southern')
[2023-06-13T04:21:41.303+0000] {base.py:73} INFO - Using connection ID 'postgres_localhost' for task execution.
[2023-06-13T04:21:41.377+0000] {base.py:73} INFO - Using connection ID 'postgres_localhost' for task execution.
[2023-06-13T04:21:41.396+0000] {sql.py:375} INFO - Running statement: INSERT INTO datos (id, country) VALUES ('ZH', 'Africa Eastern and Southern'), parameters: None
[2023-06-13T04:21:41.403+0000] {sql.py:384} INFO - Rows affected: 1
[2023-06-13T04:21:41.410+0000] {python.py:183} INFO - Done. Returned value was: None
[2023-06-13T04:21:41.426+0000] {taskinstance.py:1350} INFO - Marking task as SUCCESS. dag_id=vamosSigue, task_id=insert_data_from_file, execution_date=20230612T000000, start_date=20230613T042134, end_date=20230613T042141
[2023-06-13T04:21:41.462+0000] {local_task_job_runner.py:225} INFO - Task exited with return code 0
[2023-06-13T04:21:41.490+0000] {taskinstance.py:2651} INFO - 0 downstream tasks scheduled from follow-on schedule check
