[2023-06-14T02:31:36.887+0000] {taskinstance.py:1103} INFO - Dependencies all met for dep_context=non-requeueable deps ti=<TaskInstance: vamosSigue.creacion_tabla manual__2023-06-14T02:13:35.804016+00:00 [queued]>
[2023-06-14T02:31:36.906+0000] {taskinstance.py:1103} INFO - Dependencies all met for dep_context=requeueable deps ti=<TaskInstance: vamosSigue.creacion_tabla manual__2023-06-14T02:13:35.804016+00:00 [queued]>
[2023-06-14T02:31:36.906+0000] {taskinstance.py:1308} INFO - Starting attempt 4 of 4
[2023-06-14T02:31:36.932+0000] {taskinstance.py:1327} INFO - Executing <Task(PostgresOperator): creacion_tabla> on 2023-06-14 02:13:35.804016+00:00
[2023-06-14T02:31:36.940+0000] {standard_task_runner.py:57} INFO - Started process 124 to run task
[2023-06-14T02:31:36.943+0000] {standard_task_runner.py:84} INFO - Running: ['***', 'tasks', 'run', 'vamosSigue', 'creacion_tabla', 'manual__2023-06-14T02:13:35.804016+00:00', '--job-id', '74', '--raw', '--subdir', 'DAGS_FOLDER/dbeaverFunciona.py', '--cfg-path', '/tmp/tmpgwer0v87']
[2023-06-14T02:31:36.945+0000] {standard_task_runner.py:85} INFO - Job 74: Subtask creacion_tabla
[2023-06-14T02:31:37.012+0000] {task_command.py:410} INFO - Running <TaskInstance: vamosSigue.creacion_tabla manual__2023-06-14T02:13:35.804016+00:00 [running]> on host b41452b45446
[2023-06-14T02:31:37.165+0000] {taskinstance.py:1547} INFO - Exporting env vars: AIRFLOW_CTX_DAG_OWNER='***' AIRFLOW_CTX_DAG_ID='vamosSigue' AIRFLOW_CTX_TASK_ID='creacion_tabla' AIRFLOW_CTX_EXECUTION_DATE='2023-06-14T02:13:35.804016+00:00' AIRFLOW_CTX_TRY_NUMBER='4' AIRFLOW_CTX_DAG_RUN_ID='manual__2023-06-14T02:13:35.804016+00:00'
[2023-06-14T02:31:37.166+0000] {sql.py:262} INFO - Executing: 
            CREATE TABLE IF NOT EXISTS datos (
                id VARCHAR NOT NULL,
                country VARCHAR NOT NULL
            )
        
[2023-06-14T02:31:37.180+0000] {base.py:73} INFO - Using connection ID 'postgres_localhost' for task execution.
[2023-06-14T02:31:37.303+0000] {base.py:73} INFO - Using connection ID 'postgres_localhost' for task execution.
[2023-06-14T02:31:37.325+0000] {sql.py:375} INFO - Running statement: 
            CREATE TABLE IF NOT EXISTS datos (
                id VARCHAR NOT NULL,
                country VARCHAR NOT NULL
            )
        , parameters: None
[2023-06-14T02:31:37.378+0000] {taskinstance.py:1350} INFO - Marking task as SUCCESS. dag_id=vamosSigue, task_id=creacion_tabla, execution_date=20230614T021335, start_date=20230614T023136, end_date=20230614T023137
[2023-06-14T02:31:37.438+0000] {local_task_job_runner.py:225} INFO - Task exited with return code 0
[2023-06-14T02:31:37.475+0000] {taskinstance.py:2651} INFO - 1 downstream tasks scheduled from follow-on schedule check
