[2023-06-14T02:30:41.046+0000] {taskinstance.py:1103} INFO - Dependencies all met for dep_context=non-requeueable deps ti=<TaskInstance: vamosSigue.insert_data_from_file manual__2023-06-14T02:13:35.804016+00:00 [queued]>
[2023-06-14T02:30:41.063+0000] {taskinstance.py:1103} INFO - Dependencies all met for dep_context=requeueable deps ti=<TaskInstance: vamosSigue.insert_data_from_file manual__2023-06-14T02:13:35.804016+00:00 [queued]>
[2023-06-14T02:30:41.064+0000] {taskinstance.py:1308} INFO - Starting attempt 3 of 3
[2023-06-14T02:30:41.087+0000] {taskinstance.py:1327} INFO - Executing <Task(PythonOperator): insert_data_from_file> on 2023-06-14 02:13:35.804016+00:00
[2023-06-14T02:30:41.095+0000] {standard_task_runner.py:57} INFO - Started process 100 to run task
[2023-06-14T02:30:41.099+0000] {standard_task_runner.py:84} INFO - Running: ['***', 'tasks', 'run', 'vamosSigue', 'insert_data_from_file', 'manual__2023-06-14T02:13:35.804016+00:00', '--job-id', '71', '--raw', '--subdir', 'DAGS_FOLDER/dbeaverFunciona.py', '--cfg-path', '/tmp/tmpix6qu5nk']
[2023-06-14T02:30:41.100+0000] {standard_task_runner.py:85} INFO - Job 71: Subtask insert_data_from_file
[2023-06-14T02:30:41.165+0000] {task_command.py:410} INFO - Running <TaskInstance: vamosSigue.insert_data_from_file manual__2023-06-14T02:13:35.804016+00:00 [running]> on host b41452b45446
[2023-06-14T02:30:41.300+0000] {taskinstance.py:1547} INFO - Exporting env vars: AIRFLOW_CTX_DAG_OWNER='***' AIRFLOW_CTX_DAG_ID='vamosSigue' AIRFLOW_CTX_TASK_ID='insert_data_from_file' AIRFLOW_CTX_EXECUTION_DATE='2023-06-14T02:13:35.804016+00:00' AIRFLOW_CTX_TRY_NUMBER='3' AIRFLOW_CTX_DAG_RUN_ID='manual__2023-06-14T02:13:35.804016+00:00'
[2023-06-14T02:30:41.305+0000] {sql.py:262} INFO - Executing: INSERT INTO datos (id, country) VALUES ('ZH', 'Africa Eastern and Southern')
[2023-06-14T02:30:41.318+0000] {base.py:73} INFO - Using connection ID 'postgres_localhost' for task execution.
[2023-06-14T02:30:41.406+0000] {base.py:73} INFO - Using connection ID 'postgres_localhost' for task execution.
[2023-06-14T02:30:41.426+0000] {sql.py:375} INFO - Running statement: INSERT INTO datos (id, country) VALUES ('ZH', 'Africa Eastern and Southern'), parameters: None
[2023-06-14T02:30:41.433+0000] {sql.py:384} INFO - Rows affected: 1
[2023-06-14T02:30:41.439+0000] {sql.py:262} INFO - Executing: INSERT INTO datos (id, country) VALUES ('ZH', 'Africa Eastern and Southern')
[2023-06-14T02:30:41.449+0000] {base.py:73} INFO - Using connection ID 'postgres_localhost' for task execution.
[2023-06-14T02:30:41.527+0000] {base.py:73} INFO - Using connection ID 'postgres_localhost' for task execution.
[2023-06-14T02:30:41.547+0000] {sql.py:375} INFO - Running statement: INSERT INTO datos (id, country) VALUES ('ZH', 'Africa Eastern and Southern'), parameters: None
[2023-06-14T02:30:41.555+0000] {sql.py:384} INFO - Rows affected: 1
[2023-06-14T02:30:41.562+0000] {sql.py:262} INFO - Executing: INSERT INTO datos (id, country) VALUES ('ZH', 'Africa Eastern and Southern')
[2023-06-14T02:30:41.572+0000] {base.py:73} INFO - Using connection ID 'postgres_localhost' for task execution.
[2023-06-14T02:30:41.665+0000] {base.py:73} INFO - Using connection ID 'postgres_localhost' for task execution.
[2023-06-14T02:30:41.684+0000] {sql.py:375} INFO - Running statement: INSERT INTO datos (id, country) VALUES ('ZH', 'Africa Eastern and Southern'), parameters: None
[2023-06-14T02:30:41.692+0000] {sql.py:384} INFO - Rows affected: 1
[2023-06-14T02:30:41.698+0000] {sql.py:262} INFO - Executing: INSERT INTO datos (id, country) VALUES ('ZH', 'Africa Eastern and Southern')
[2023-06-14T02:30:41.709+0000] {base.py:73} INFO - Using connection ID 'postgres_localhost' for task execution.
[2023-06-14T02:30:41.836+0000] {base.py:73} INFO - Using connection ID 'postgres_localhost' for task execution.
[2023-06-14T02:30:41.857+0000] {sql.py:375} INFO - Running statement: INSERT INTO datos (id, country) VALUES ('ZH', 'Africa Eastern and Southern'), parameters: None
[2023-06-14T02:30:41.866+0000] {sql.py:384} INFO - Rows affected: 1
[2023-06-14T02:30:41.872+0000] {sql.py:262} INFO - Executing: INSERT INTO datos (id, country) VALUES ('ZH', 'Africa Eastern and Southern')
[2023-06-14T02:30:41.885+0000] {base.py:73} INFO - Using connection ID 'postgres_localhost' for task execution.
[2023-06-14T02:30:42.005+0000] {base.py:73} INFO - Using connection ID 'postgres_localhost' for task execution.
[2023-06-14T02:30:42.025+0000] {sql.py:375} INFO - Running statement: INSERT INTO datos (id, country) VALUES ('ZH', 'Africa Eastern and Southern'), parameters: None
[2023-06-14T02:30:42.032+0000] {sql.py:384} INFO - Rows affected: 1
[2023-06-14T02:30:42.039+0000] {sql.py:262} INFO - Executing: INSERT INTO datos (id, country) VALUES ('ZH', 'Africa Eastern and Southern')
[2023-06-14T02:30:42.049+0000] {base.py:73} INFO - Using connection ID 'postgres_localhost' for task execution.
[2023-06-14T02:30:42.129+0000] {base.py:73} INFO - Using connection ID 'postgres_localhost' for task execution.
[2023-06-14T02:30:42.149+0000] {sql.py:375} INFO - Running statement: INSERT INTO datos (id, country) VALUES ('ZH', 'Africa Eastern and Southern'), parameters: None
[2023-06-14T02:30:42.157+0000] {sql.py:384} INFO - Rows affected: 1
[2023-06-14T02:30:42.163+0000] {sql.py:262} INFO - Executing: INSERT INTO datos (id, country) VALUES ('ZH', 'Africa Eastern and Southern')
[2023-06-14T02:30:42.172+0000] {base.py:73} INFO - Using connection ID 'postgres_localhost' for task execution.
[2023-06-14T02:30:42.252+0000] {base.py:73} INFO - Using connection ID 'postgres_localhost' for task execution.
[2023-06-14T02:30:42.272+0000] {sql.py:375} INFO - Running statement: INSERT INTO datos (id, country) VALUES ('ZH', 'Africa Eastern and Southern'), parameters: None
[2023-06-14T02:30:42.280+0000] {sql.py:384} INFO - Rows affected: 1
[2023-06-14T02:30:42.287+0000] {sql.py:262} INFO - Executing: INSERT INTO datos (id, country) VALUES ('ZH', 'Africa Eastern and Southern')
[2023-06-14T02:30:42.299+0000] {base.py:73} INFO - Using connection ID 'postgres_localhost' for task execution.
[2023-06-14T02:30:42.390+0000] {base.py:73} INFO - Using connection ID 'postgres_localhost' for task execution.
[2023-06-14T02:30:42.409+0000] {sql.py:375} INFO - Running statement: INSERT INTO datos (id, country) VALUES ('ZH', 'Africa Eastern and Southern'), parameters: None
[2023-06-14T02:30:42.417+0000] {sql.py:384} INFO - Rows affected: 1
[2023-06-14T02:30:42.423+0000] {sql.py:262} INFO - Executing: INSERT INTO datos (id, country) VALUES ('ZH', 'Africa Eastern and Southern')
[2023-06-14T02:30:42.433+0000] {base.py:73} INFO - Using connection ID 'postgres_localhost' for task execution.
[2023-06-14T02:30:42.516+0000] {base.py:73} INFO - Using connection ID 'postgres_localhost' for task execution.
[2023-06-14T02:30:42.535+0000] {sql.py:375} INFO - Running statement: INSERT INTO datos (id, country) VALUES ('ZH', 'Africa Eastern and Southern'), parameters: None
[2023-06-14T02:30:42.543+0000] {sql.py:384} INFO - Rows affected: 1
[2023-06-14T02:30:42.549+0000] {sql.py:262} INFO - Executing: INSERT INTO datos (id, country) VALUES ('ZH', 'Africa Eastern and Southern')
[2023-06-14T02:30:42.558+0000] {base.py:73} INFO - Using connection ID 'postgres_localhost' for task execution.
[2023-06-14T02:30:42.640+0000] {base.py:73} INFO - Using connection ID 'postgres_localhost' for task execution.
[2023-06-14T02:30:42.660+0000] {sql.py:375} INFO - Running statement: INSERT INTO datos (id, country) VALUES ('ZH', 'Africa Eastern and Southern'), parameters: None
[2023-06-14T02:30:42.667+0000] {sql.py:384} INFO - Rows affected: 1
[2023-06-14T02:30:42.674+0000] {sql.py:262} INFO - Executing: INSERT INTO datos (id, country) VALUES ('ZH', 'Africa Eastern and Southern')
[2023-06-14T02:30:42.683+0000] {base.py:73} INFO - Using connection ID 'postgres_localhost' for task execution.
[2023-06-14T02:30:42.784+0000] {base.py:73} INFO - Using connection ID 'postgres_localhost' for task execution.
[2023-06-14T02:30:42.804+0000] {sql.py:375} INFO - Running statement: INSERT INTO datos (id, country) VALUES ('ZH', 'Africa Eastern and Southern'), parameters: None
[2023-06-14T02:30:42.811+0000] {sql.py:384} INFO - Rows affected: 1
[2023-06-14T02:30:42.817+0000] {sql.py:262} INFO - Executing: INSERT INTO datos (id, country) VALUES ('ZH', 'Africa Eastern and Southern')
[2023-06-14T02:30:42.827+0000] {base.py:73} INFO - Using connection ID 'postgres_localhost' for task execution.
[2023-06-14T02:30:42.923+0000] {base.py:73} INFO - Using connection ID 'postgres_localhost' for task execution.
[2023-06-14T02:30:42.949+0000] {sql.py:375} INFO - Running statement: INSERT INTO datos (id, country) VALUES ('ZH', 'Africa Eastern and Southern'), parameters: None
[2023-06-14T02:30:42.957+0000] {sql.py:384} INFO - Rows affected: 1
[2023-06-14T02:30:42.964+0000] {sql.py:262} INFO - Executing: INSERT INTO datos (id, country) VALUES ('ZH', 'Africa Eastern and Southern')
[2023-06-14T02:30:42.975+0000] {base.py:73} INFO - Using connection ID 'postgres_localhost' for task execution.
[2023-06-14T02:30:43.104+0000] {base.py:73} INFO - Using connection ID 'postgres_localhost' for task execution.
[2023-06-14T02:30:43.128+0000] {sql.py:375} INFO - Running statement: INSERT INTO datos (id, country) VALUES ('ZH', 'Africa Eastern and Southern'), parameters: None
[2023-06-14T02:30:43.136+0000] {sql.py:384} INFO - Rows affected: 1
[2023-06-14T02:30:43.142+0000] {sql.py:262} INFO - Executing: INSERT INTO datos (id, country) VALUES ('ZH', 'Africa Eastern and Southern')
[2023-06-14T02:30:43.151+0000] {base.py:73} INFO - Using connection ID 'postgres_localhost' for task execution.
[2023-06-14T02:30:43.233+0000] {base.py:73} INFO - Using connection ID 'postgres_localhost' for task execution.
[2023-06-14T02:30:43.252+0000] {sql.py:375} INFO - Running statement: INSERT INTO datos (id, country) VALUES ('ZH', 'Africa Eastern and Southern'), parameters: None
[2023-06-14T02:30:43.258+0000] {sql.py:384} INFO - Rows affected: 1
[2023-06-14T02:30:43.264+0000] {sql.py:262} INFO - Executing: INSERT INTO datos (id, country) VALUES ('ZH', 'Africa Eastern and Southern')
[2023-06-14T02:30:43.273+0000] {base.py:73} INFO - Using connection ID 'postgres_localhost' for task execution.
[2023-06-14T02:30:43.346+0000] {base.py:73} INFO - Using connection ID 'postgres_localhost' for task execution.
[2023-06-14T02:30:43.364+0000] {sql.py:375} INFO - Running statement: INSERT INTO datos (id, country) VALUES ('ZH', 'Africa Eastern and Southern'), parameters: None
[2023-06-14T02:30:43.371+0000] {sql.py:384} INFO - Rows affected: 1
[2023-06-14T02:30:43.377+0000] {sql.py:262} INFO - Executing: INSERT INTO datos (id, country) VALUES ('ZH', 'Africa Eastern and Southern')
[2023-06-14T02:30:43.386+0000] {base.py:73} INFO - Using connection ID 'postgres_localhost' for task execution.
[2023-06-14T02:30:43.462+0000] {base.py:73} INFO - Using connection ID 'postgres_localhost' for task execution.
[2023-06-14T02:30:43.480+0000] {sql.py:375} INFO - Running statement: INSERT INTO datos (id, country) VALUES ('ZH', 'Africa Eastern and Southern'), parameters: None
[2023-06-14T02:30:43.486+0000] {sql.py:384} INFO - Rows affected: 1
[2023-06-14T02:30:43.492+0000] {sql.py:262} INFO - Executing: INSERT INTO datos (id, country) VALUES ('ZH', 'Africa Eastern and Southern')
[2023-06-14T02:30:43.502+0000] {base.py:73} INFO - Using connection ID 'postgres_localhost' for task execution.
[2023-06-14T02:30:43.580+0000] {base.py:73} INFO - Using connection ID 'postgres_localhost' for task execution.
[2023-06-14T02:30:43.599+0000] {sql.py:375} INFO - Running statement: INSERT INTO datos (id, country) VALUES ('ZH', 'Africa Eastern and Southern'), parameters: None
[2023-06-14T02:30:43.606+0000] {sql.py:384} INFO - Rows affected: 1
[2023-06-14T02:30:43.612+0000] {sql.py:262} INFO - Executing: INSERT INTO datos (id, country) VALUES ('ZH', 'Africa Eastern and Southern')
[2023-06-14T02:30:43.621+0000] {base.py:73} INFO - Using connection ID 'postgres_localhost' for task execution.
[2023-06-14T02:30:43.707+0000] {base.py:73} INFO - Using connection ID 'postgres_localhost' for task execution.
[2023-06-14T02:30:43.725+0000] {sql.py:375} INFO - Running statement: INSERT INTO datos (id, country) VALUES ('ZH', 'Africa Eastern and Southern'), parameters: None
[2023-06-14T02:30:43.732+0000] {sql.py:384} INFO - Rows affected: 1
[2023-06-14T02:30:43.737+0000] {sql.py:262} INFO - Executing: INSERT INTO datos (id, country) VALUES ('ZH', 'Africa Eastern and Southern')
[2023-06-14T02:30:43.747+0000] {base.py:73} INFO - Using connection ID 'postgres_localhost' for task execution.
[2023-06-14T02:30:43.822+0000] {base.py:73} INFO - Using connection ID 'postgres_localhost' for task execution.
[2023-06-14T02:30:43.841+0000] {sql.py:375} INFO - Running statement: INSERT INTO datos (id, country) VALUES ('ZH', 'Africa Eastern and Southern'), parameters: None
[2023-06-14T02:30:43.848+0000] {sql.py:384} INFO - Rows affected: 1
[2023-06-14T02:30:43.854+0000] {sql.py:262} INFO - Executing: INSERT INTO datos (id, country) VALUES ('ZH', 'Africa Eastern and Southern')
[2023-06-14T02:30:43.864+0000] {base.py:73} INFO - Using connection ID 'postgres_localhost' for task execution.
[2023-06-14T02:30:43.945+0000] {base.py:73} INFO - Using connection ID 'postgres_localhost' for task execution.
[2023-06-14T02:30:43.963+0000] {sql.py:375} INFO - Running statement: INSERT INTO datos (id, country) VALUES ('ZH', 'Africa Eastern and Southern'), parameters: None
[2023-06-14T02:30:43.970+0000] {sql.py:384} INFO - Rows affected: 1
[2023-06-14T02:30:43.976+0000] {sql.py:262} INFO - Executing: INSERT INTO datos (id, country) VALUES ('ZH', 'Africa Eastern and Southern')
[2023-06-14T02:30:43.985+0000] {base.py:73} INFO - Using connection ID 'postgres_localhost' for task execution.
[2023-06-14T02:30:44.062+0000] {base.py:73} INFO - Using connection ID 'postgres_localhost' for task execution.
[2023-06-14T02:30:44.081+0000] {sql.py:375} INFO - Running statement: INSERT INTO datos (id, country) VALUES ('ZH', 'Africa Eastern and Southern'), parameters: None
[2023-06-14T02:30:44.087+0000] {sql.py:384} INFO - Rows affected: 1
[2023-06-14T02:30:44.093+0000] {sql.py:262} INFO - Executing: INSERT INTO datos (id, country) VALUES ('ZH', 'Africa Eastern and Southern')
[2023-06-14T02:30:44.102+0000] {base.py:73} INFO - Using connection ID 'postgres_localhost' for task execution.
[2023-06-14T02:30:44.178+0000] {base.py:73} INFO - Using connection ID 'postgres_localhost' for task execution.
[2023-06-14T02:30:44.196+0000] {sql.py:375} INFO - Running statement: INSERT INTO datos (id, country) VALUES ('ZH', 'Africa Eastern and Southern'), parameters: None
[2023-06-14T02:30:44.202+0000] {sql.py:384} INFO - Rows affected: 1
[2023-06-14T02:30:44.209+0000] {sql.py:262} INFO - Executing: INSERT INTO datos (id, country) VALUES ('ZH', 'Africa Eastern and Southern')
[2023-06-14T02:30:44.217+0000] {base.py:73} INFO - Using connection ID 'postgres_localhost' for task execution.
[2023-06-14T02:30:44.293+0000] {base.py:73} INFO - Using connection ID 'postgres_localhost' for task execution.
[2023-06-14T02:30:44.312+0000] {sql.py:375} INFO - Running statement: INSERT INTO datos (id, country) VALUES ('ZH', 'Africa Eastern and Southern'), parameters: None
[2023-06-14T02:30:44.319+0000] {sql.py:384} INFO - Rows affected: 1
[2023-06-14T02:30:44.326+0000] {sql.py:262} INFO - Executing: INSERT INTO datos (id, country) VALUES ('ZH', 'Africa Eastern and Southern')
[2023-06-14T02:30:44.335+0000] {base.py:73} INFO - Using connection ID 'postgres_localhost' for task execution.
[2023-06-14T02:30:44.411+0000] {base.py:73} INFO - Using connection ID 'postgres_localhost' for task execution.
[2023-06-14T02:30:44.429+0000] {sql.py:375} INFO - Running statement: INSERT INTO datos (id, country) VALUES ('ZH', 'Africa Eastern and Southern'), parameters: None
[2023-06-14T02:30:44.435+0000] {sql.py:384} INFO - Rows affected: 1
[2023-06-14T02:30:44.442+0000] {sql.py:262} INFO - Executing: INSERT INTO datos (id, country) VALUES ('ZH', 'Africa Eastern and Southern')
[2023-06-14T02:30:44.450+0000] {base.py:73} INFO - Using connection ID 'postgres_localhost' for task execution.
[2023-06-14T02:30:44.525+0000] {base.py:73} INFO - Using connection ID 'postgres_localhost' for task execution.
[2023-06-14T02:30:44.543+0000] {sql.py:375} INFO - Running statement: INSERT INTO datos (id, country) VALUES ('ZH', 'Africa Eastern and Southern'), parameters: None
[2023-06-14T02:30:44.549+0000] {sql.py:384} INFO - Rows affected: 1
[2023-06-14T02:30:44.555+0000] {sql.py:262} INFO - Executing: INSERT INTO datos (id, country) VALUES ('ZH', 'Africa Eastern and Southern')
[2023-06-14T02:30:44.564+0000] {base.py:73} INFO - Using connection ID 'postgres_localhost' for task execution.
[2023-06-14T02:30:44.635+0000] {base.py:73} INFO - Using connection ID 'postgres_localhost' for task execution.
[2023-06-14T02:30:44.654+0000] {sql.py:375} INFO - Running statement: INSERT INTO datos (id, country) VALUES ('ZH', 'Africa Eastern and Southern'), parameters: None
[2023-06-14T02:30:44.661+0000] {sql.py:384} INFO - Rows affected: 1
[2023-06-14T02:30:44.667+0000] {sql.py:262} INFO - Executing: INSERT INTO datos (id, country) VALUES ('ZH', 'Africa Eastern and Southern')
[2023-06-14T02:30:44.677+0000] {base.py:73} INFO - Using connection ID 'postgres_localhost' for task execution.
[2023-06-14T02:30:44.750+0000] {base.py:73} INFO - Using connection ID 'postgres_localhost' for task execution.
[2023-06-14T02:30:44.768+0000] {sql.py:375} INFO - Running statement: INSERT INTO datos (id, country) VALUES ('ZH', 'Africa Eastern and Southern'), parameters: None
[2023-06-14T02:30:44.775+0000] {sql.py:384} INFO - Rows affected: 1
[2023-06-14T02:30:44.781+0000] {sql.py:262} INFO - Executing: INSERT INTO datos (id, country) VALUES ('ZH', 'Africa Eastern and Southern')
[2023-06-14T02:30:44.790+0000] {base.py:73} INFO - Using connection ID 'postgres_localhost' for task execution.
[2023-06-14T02:30:44.864+0000] {base.py:73} INFO - Using connection ID 'postgres_localhost' for task execution.
[2023-06-14T02:30:44.881+0000] {sql.py:375} INFO - Running statement: INSERT INTO datos (id, country) VALUES ('ZH', 'Africa Eastern and Southern'), parameters: None
[2023-06-14T02:30:44.888+0000] {sql.py:384} INFO - Rows affected: 1
[2023-06-14T02:30:44.894+0000] {sql.py:262} INFO - Executing: INSERT INTO datos (id, country) VALUES ('ZH', 'Africa Eastern and Southern')
[2023-06-14T02:30:44.903+0000] {base.py:73} INFO - Using connection ID 'postgres_localhost' for task execution.
[2023-06-14T02:30:44.977+0000] {base.py:73} INFO - Using connection ID 'postgres_localhost' for task execution.
[2023-06-14T02:30:44.996+0000] {sql.py:375} INFO - Running statement: INSERT INTO datos (id, country) VALUES ('ZH', 'Africa Eastern and Southern'), parameters: None
[2023-06-14T02:30:45.003+0000] {sql.py:384} INFO - Rows affected: 1
[2023-06-14T02:30:45.010+0000] {sql.py:262} INFO - Executing: INSERT INTO datos (id, country) VALUES ('ZH', 'Africa Eastern and Southern')
[2023-06-14T02:30:45.019+0000] {base.py:73} INFO - Using connection ID 'postgres_localhost' for task execution.
[2023-06-14T02:30:45.095+0000] {base.py:73} INFO - Using connection ID 'postgres_localhost' for task execution.
[2023-06-14T02:30:45.114+0000] {sql.py:375} INFO - Running statement: INSERT INTO datos (id, country) VALUES ('ZH', 'Africa Eastern and Southern'), parameters: None
[2023-06-14T02:30:45.121+0000] {sql.py:384} INFO - Rows affected: 1
[2023-06-14T02:30:45.127+0000] {sql.py:262} INFO - Executing: INSERT INTO datos (id, country) VALUES ('ZH', 'Africa Eastern and Southern')
[2023-06-14T02:30:45.137+0000] {base.py:73} INFO - Using connection ID 'postgres_localhost' for task execution.
[2023-06-14T02:30:45.237+0000] {base.py:73} INFO - Using connection ID 'postgres_localhost' for task execution.
[2023-06-14T02:30:45.256+0000] {sql.py:375} INFO - Running statement: INSERT INTO datos (id, country) VALUES ('ZH', 'Africa Eastern and Southern'), parameters: None
[2023-06-14T02:30:45.264+0000] {sql.py:384} INFO - Rows affected: 1
[2023-06-14T02:30:45.269+0000] {sql.py:262} INFO - Executing: INSERT INTO datos (id, country) VALUES ('ZH', 'Africa Eastern and Southern')
[2023-06-14T02:30:45.279+0000] {base.py:73} INFO - Using connection ID 'postgres_localhost' for task execution.
[2023-06-14T02:30:45.356+0000] {base.py:73} INFO - Using connection ID 'postgres_localhost' for task execution.
[2023-06-14T02:30:45.374+0000] {sql.py:375} INFO - Running statement: INSERT INTO datos (id, country) VALUES ('ZH', 'Africa Eastern and Southern'), parameters: None
[2023-06-14T02:30:45.380+0000] {sql.py:384} INFO - Rows affected: 1
[2023-06-14T02:30:45.386+0000] {sql.py:262} INFO - Executing: INSERT INTO datos (id, country) VALUES ('ZH', 'Africa Eastern and Southern')
[2023-06-14T02:30:45.396+0000] {base.py:73} INFO - Using connection ID 'postgres_localhost' for task execution.
[2023-06-14T02:30:45.492+0000] {base.py:73} INFO - Using connection ID 'postgres_localhost' for task execution.
[2023-06-14T02:30:45.511+0000] {sql.py:375} INFO - Running statement: INSERT INTO datos (id, country) VALUES ('ZH', 'Africa Eastern and Southern'), parameters: None
[2023-06-14T02:30:45.517+0000] {sql.py:384} INFO - Rows affected: 1
[2023-06-14T02:30:45.523+0000] {sql.py:262} INFO - Executing: INSERT INTO datos (id, country) VALUES ('ZH', 'Africa Eastern and Southern')
[2023-06-14T02:30:45.532+0000] {base.py:73} INFO - Using connection ID 'postgres_localhost' for task execution.
[2023-06-14T02:30:45.602+0000] {base.py:73} INFO - Using connection ID 'postgres_localhost' for task execution.
[2023-06-14T02:30:45.621+0000] {sql.py:375} INFO - Running statement: INSERT INTO datos (id, country) VALUES ('ZH', 'Africa Eastern and Southern'), parameters: None
[2023-06-14T02:30:45.628+0000] {sql.py:384} INFO - Rows affected: 1
[2023-06-14T02:30:45.633+0000] {sql.py:262} INFO - Executing: INSERT INTO datos (id, country) VALUES ('ZH', 'Africa Eastern and Southern')
[2023-06-14T02:30:45.643+0000] {base.py:73} INFO - Using connection ID 'postgres_localhost' for task execution.
[2023-06-14T02:30:45.714+0000] {base.py:73} INFO - Using connection ID 'postgres_localhost' for task execution.
[2023-06-14T02:30:45.733+0000] {sql.py:375} INFO - Running statement: INSERT INTO datos (id, country) VALUES ('ZH', 'Africa Eastern and Southern'), parameters: None
[2023-06-14T02:30:45.739+0000] {sql.py:384} INFO - Rows affected: 1
[2023-06-14T02:30:45.745+0000] {sql.py:262} INFO - Executing: INSERT INTO datos (id, country) VALUES ('ZH', 'Africa Eastern and Southern')
[2023-06-14T02:30:45.754+0000] {base.py:73} INFO - Using connection ID 'postgres_localhost' for task execution.
[2023-06-14T02:30:45.826+0000] {base.py:73} INFO - Using connection ID 'postgres_localhost' for task execution.
[2023-06-14T02:30:45.845+0000] {sql.py:375} INFO - Running statement: INSERT INTO datos (id, country) VALUES ('ZH', 'Africa Eastern and Southern'), parameters: None
[2023-06-14T02:30:45.851+0000] {sql.py:384} INFO - Rows affected: 1
[2023-06-14T02:30:45.857+0000] {sql.py:262} INFO - Executing: INSERT INTO datos (id, country) VALUES ('ZH', 'Africa Eastern and Southern')
[2023-06-14T02:30:45.865+0000] {base.py:73} INFO - Using connection ID 'postgres_localhost' for task execution.
[2023-06-14T02:30:45.937+0000] {base.py:73} INFO - Using connection ID 'postgres_localhost' for task execution.
[2023-06-14T02:30:45.954+0000] {sql.py:375} INFO - Running statement: INSERT INTO datos (id, country) VALUES ('ZH', 'Africa Eastern and Southern'), parameters: None
[2023-06-14T02:30:45.962+0000] {sql.py:384} INFO - Rows affected: 1
[2023-06-14T02:30:45.967+0000] {sql.py:262} INFO - Executing: INSERT INTO datos (id, country) VALUES ('ZH', 'Africa Eastern and Southern')
[2023-06-14T02:30:45.978+0000] {base.py:73} INFO - Using connection ID 'postgres_localhost' for task execution.
[2023-06-14T02:30:46.074+0000] {base.py:73} INFO - Using connection ID 'postgres_localhost' for task execution.
[2023-06-14T02:30:46.098+0000] {sql.py:375} INFO - Running statement: INSERT INTO datos (id, country) VALUES ('ZH', 'Africa Eastern and Southern'), parameters: None
[2023-06-14T02:30:46.108+0000] {sql.py:384} INFO - Rows affected: 1
[2023-06-14T02:30:46.116+0000] {sql.py:262} INFO - Executing: INSERT INTO datos (id, country) VALUES ('ZH', 'Africa Eastern and Southern')
[2023-06-14T02:30:46.128+0000] {base.py:73} INFO - Using connection ID 'postgres_localhost' for task execution.
[2023-06-14T02:30:46.212+0000] {base.py:73} INFO - Using connection ID 'postgres_localhost' for task execution.
[2023-06-14T02:30:46.232+0000] {sql.py:375} INFO - Running statement: INSERT INTO datos (id, country) VALUES ('ZH', 'Africa Eastern and Southern'), parameters: None
[2023-06-14T02:30:46.238+0000] {sql.py:384} INFO - Rows affected: 1
[2023-06-14T02:30:46.245+0000] {sql.py:262} INFO - Executing: INSERT INTO datos (id, country) VALUES ('ZH', 'Africa Eastern and Southern')
[2023-06-14T02:30:46.253+0000] {base.py:73} INFO - Using connection ID 'postgres_localhost' for task execution.
[2023-06-14T02:30:46.329+0000] {base.py:73} INFO - Using connection ID 'postgres_localhost' for task execution.
[2023-06-14T02:30:46.348+0000] {sql.py:375} INFO - Running statement: INSERT INTO datos (id, country) VALUES ('ZH', 'Africa Eastern and Southern'), parameters: None
[2023-06-14T02:30:46.354+0000] {sql.py:384} INFO - Rows affected: 1
[2023-06-14T02:30:46.361+0000] {sql.py:262} INFO - Executing: INSERT INTO datos (id, country) VALUES ('ZH', 'Africa Eastern and Southern')
[2023-06-14T02:30:46.369+0000] {base.py:73} INFO - Using connection ID 'postgres_localhost' for task execution.
[2023-06-14T02:30:46.441+0000] {base.py:73} INFO - Using connection ID 'postgres_localhost' for task execution.
[2023-06-14T02:30:46.460+0000] {sql.py:375} INFO - Running statement: INSERT INTO datos (id, country) VALUES ('ZH', 'Africa Eastern and Southern'), parameters: None
[2023-06-14T02:30:46.466+0000] {sql.py:384} INFO - Rows affected: 1
[2023-06-14T02:30:46.472+0000] {sql.py:262} INFO - Executing: INSERT INTO datos (id, country) VALUES ('ZH', 'Africa Eastern and Southern')
[2023-06-14T02:30:46.482+0000] {base.py:73} INFO - Using connection ID 'postgres_localhost' for task execution.
[2023-06-14T02:30:46.572+0000] {base.py:73} INFO - Using connection ID 'postgres_localhost' for task execution.
[2023-06-14T02:30:46.591+0000] {sql.py:375} INFO - Running statement: INSERT INTO datos (id, country) VALUES ('ZH', 'Africa Eastern and Southern'), parameters: None
[2023-06-14T02:30:46.597+0000] {sql.py:384} INFO - Rows affected: 1
[2023-06-14T02:30:46.603+0000] {sql.py:262} INFO - Executing: INSERT INTO datos (id, country) VALUES ('ZH', 'Africa Eastern and Southern')
[2023-06-14T02:30:46.612+0000] {base.py:73} INFO - Using connection ID 'postgres_localhost' for task execution.
[2023-06-14T02:30:46.683+0000] {base.py:73} INFO - Using connection ID 'postgres_localhost' for task execution.
[2023-06-14T02:30:46.702+0000] {sql.py:375} INFO - Running statement: INSERT INTO datos (id, country) VALUES ('ZH', 'Africa Eastern and Southern'), parameters: None
[2023-06-14T02:30:46.709+0000] {sql.py:384} INFO - Rows affected: 1
[2023-06-14T02:30:46.715+0000] {sql.py:262} INFO - Executing: INSERT INTO datos (id, country) VALUES ('ZH', 'Africa Eastern and Southern')
[2023-06-14T02:30:46.724+0000] {base.py:73} INFO - Using connection ID 'postgres_localhost' for task execution.
[2023-06-14T02:30:46.801+0000] {base.py:73} INFO - Using connection ID 'postgres_localhost' for task execution.
[2023-06-14T02:30:46.819+0000] {sql.py:375} INFO - Running statement: INSERT INTO datos (id, country) VALUES ('ZH', 'Africa Eastern and Southern'), parameters: None
[2023-06-14T02:30:46.827+0000] {sql.py:384} INFO - Rows affected: 1
[2023-06-14T02:30:46.833+0000] {sql.py:262} INFO - Executing: INSERT INTO datos (id, country) VALUES ('ZH', 'Africa Eastern and Southern')
[2023-06-14T02:30:46.843+0000] {base.py:73} INFO - Using connection ID 'postgres_localhost' for task execution.
[2023-06-14T02:30:46.937+0000] {base.py:73} INFO - Using connection ID 'postgres_localhost' for task execution.
[2023-06-14T02:30:46.957+0000] {sql.py:375} INFO - Running statement: INSERT INTO datos (id, country) VALUES ('ZH', 'Africa Eastern and Southern'), parameters: None
[2023-06-14T02:30:46.964+0000] {sql.py:384} INFO - Rows affected: 1
[2023-06-14T02:30:46.970+0000] {sql.py:262} INFO - Executing: INSERT INTO datos (id, country) VALUES ('ZH', 'Africa Eastern and Southern')
[2023-06-14T02:30:46.980+0000] {base.py:73} INFO - Using connection ID 'postgres_localhost' for task execution.
[2023-06-14T02:30:47.078+0000] {base.py:73} INFO - Using connection ID 'postgres_localhost' for task execution.
[2023-06-14T02:30:47.097+0000] {sql.py:375} INFO - Running statement: INSERT INTO datos (id, country) VALUES ('ZH', 'Africa Eastern and Southern'), parameters: None
[2023-06-14T02:30:47.104+0000] {sql.py:384} INFO - Rows affected: 1
[2023-06-14T02:30:47.111+0000] {sql.py:262} INFO - Executing: INSERT INTO datos (id, country) VALUES ('ZH', 'Africa Eastern and Southern')
[2023-06-14T02:30:47.121+0000] {base.py:73} INFO - Using connection ID 'postgres_localhost' for task execution.
[2023-06-14T02:30:47.193+0000] {base.py:73} INFO - Using connection ID 'postgres_localhost' for task execution.
[2023-06-14T02:30:47.211+0000] {sql.py:375} INFO - Running statement: INSERT INTO datos (id, country) VALUES ('ZH', 'Africa Eastern and Southern'), parameters: None
[2023-06-14T02:30:47.218+0000] {sql.py:384} INFO - Rows affected: 1
[2023-06-14T02:30:47.223+0000] {sql.py:262} INFO - Executing: INSERT INTO datos (id, country) VALUES ('ZH', 'Africa Eastern and Southern')
[2023-06-14T02:30:47.232+0000] {base.py:73} INFO - Using connection ID 'postgres_localhost' for task execution.
[2023-06-14T02:30:47.308+0000] {base.py:73} INFO - Using connection ID 'postgres_localhost' for task execution.
[2023-06-14T02:30:47.326+0000] {sql.py:375} INFO - Running statement: INSERT INTO datos (id, country) VALUES ('ZH', 'Africa Eastern and Southern'), parameters: None
[2023-06-14T02:30:47.333+0000] {sql.py:384} INFO - Rows affected: 1
[2023-06-14T02:30:47.338+0000] {sql.py:262} INFO - Executing: INSERT INTO datos (id, country) VALUES ('ZH', 'Africa Eastern and Southern')
[2023-06-14T02:30:47.347+0000] {base.py:73} INFO - Using connection ID 'postgres_localhost' for task execution.
[2023-06-14T02:30:47.419+0000] {base.py:73} INFO - Using connection ID 'postgres_localhost' for task execution.
[2023-06-14T02:30:47.438+0000] {sql.py:375} INFO - Running statement: INSERT INTO datos (id, country) VALUES ('ZH', 'Africa Eastern and Southern'), parameters: None
[2023-06-14T02:30:47.445+0000] {sql.py:384} INFO - Rows affected: 1
[2023-06-14T02:30:47.451+0000] {sql.py:262} INFO - Executing: INSERT INTO datos (id, country) VALUES ('ZH', 'Africa Eastern and Southern')
[2023-06-14T02:30:47.461+0000] {base.py:73} INFO - Using connection ID 'postgres_localhost' for task execution.
[2023-06-14T02:30:47.541+0000] {base.py:73} INFO - Using connection ID 'postgres_localhost' for task execution.
[2023-06-14T02:30:47.558+0000] {sql.py:375} INFO - Running statement: INSERT INTO datos (id, country) VALUES ('ZH', 'Africa Eastern and Southern'), parameters: None
[2023-06-14T02:30:47.565+0000] {sql.py:384} INFO - Rows affected: 1
[2023-06-14T02:30:47.571+0000] {python.py:183} INFO - Done. Returned value was: None
[2023-06-14T02:30:47.588+0000] {taskinstance.py:1350} INFO - Marking task as SUCCESS. dag_id=vamosSigue, task_id=insert_data_from_file, execution_date=20230614T021335, start_date=20230614T023041, end_date=20230614T023047
[2023-06-14T02:30:47.620+0000] {local_task_job_runner.py:225} INFO - Task exited with return code 0
[2023-06-14T02:30:47.643+0000] {taskinstance.py:2651} INFO - 0 downstream tasks scheduled from follow-on schedule check
