[2023-06-13T03:26:07.949+0000] {taskinstance.py:1103} INFO - Dependencies all met for dep_context=non-requeueable deps ti=<TaskInstance: vamosSigue.creacion_tabla scheduled__2023-06-12T00:00:00+00:00 [queued]>
[2023-06-13T03:26:07.969+0000] {taskinstance.py:1103} INFO - Dependencies all met for dep_context=requeueable deps ti=<TaskInstance: vamosSigue.creacion_tabla scheduled__2023-06-12T00:00:00+00:00 [queued]>
[2023-06-13T03:26:07.970+0000] {taskinstance.py:1308} INFO - Starting attempt 5 of 5
[2023-06-13T03:26:07.997+0000] {taskinstance.py:1327} INFO - Executing <Task(PostgresOperator): creacion_tabla> on 2023-06-12 00:00:00+00:00
[2023-06-13T03:26:08.003+0000] {standard_task_runner.py:57} INFO - Started process 628 to run task
[2023-06-13T03:26:08.008+0000] {standard_task_runner.py:84} INFO - Running: ['***', 'tasks', 'run', 'vamosSigue', 'creacion_tabla', 'scheduled__2023-06-12T00:00:00+00:00', '--job-id', '47', '--raw', '--subdir', 'DAGS_FOLDER/dbeaverFunciona.py', '--cfg-path', '/tmp/tmpyb1wml08']
[2023-06-13T03:26:08.009+0000] {standard_task_runner.py:85} INFO - Job 47: Subtask creacion_tabla
[2023-06-13T03:26:08.092+0000] {task_command.py:410} INFO - Running <TaskInstance: vamosSigue.creacion_tabla scheduled__2023-06-12T00:00:00+00:00 [running]> on host a26553e1bb12
[2023-06-13T03:26:08.244+0000] {taskinstance.py:1547} INFO - Exporting env vars: AIRFLOW_CTX_DAG_OWNER='***' AIRFLOW_CTX_DAG_ID='vamosSigue' AIRFLOW_CTX_TASK_ID='creacion_tabla' AIRFLOW_CTX_EXECUTION_DATE='2023-06-12T00:00:00+00:00' AIRFLOW_CTX_TRY_NUMBER='5' AIRFLOW_CTX_DAG_RUN_ID='scheduled__2023-06-12T00:00:00+00:00'
[2023-06-13T03:26:08.246+0000] {sql.py:262} INFO - Executing: 
                CREATE TABLE IF NOT EXISTS datos (
                    id VARCHAR NOT NULL,
                    country VARCHAR NOT NULL
                )
            
[2023-06-13T03:26:08.265+0000] {base.py:73} INFO - Using connection ID 'postgres_localhost' for task execution.
[2023-06-13T03:26:08.381+0000] {base.py:73} INFO - Using connection ID 'postgres_localhost' for task execution.
[2023-06-13T03:26:08.405+0000] {sql.py:375} INFO - Running statement: 
                CREATE TABLE IF NOT EXISTS datos (
                    id VARCHAR NOT NULL,
                    country VARCHAR NOT NULL
                )
            , parameters: None
[2023-06-13T03:26:08.445+0000] {taskinstance.py:1350} INFO - Marking task as SUCCESS. dag_id=vamosSigue, task_id=creacion_tabla, execution_date=20230612T000000, start_date=20230613T032607, end_date=20230613T032608
[2023-06-13T03:26:08.503+0000] {local_task_job_runner.py:225} INFO - Task exited with return code 0
[2023-06-13T03:26:08.535+0000] {taskinstance.py:2651} INFO - 1 downstream tasks scheduled from follow-on schedule check
