[2023-06-14T01:38:17.048+0000] {processor.py:157} INFO - Started process (PID=38) to work on /opt/airflow/dags/dbeaverFunciona.py
[2023-06-14T01:38:17.052+0000] {processor.py:826} INFO - Processing file /opt/airflow/dags/dbeaverFunciona.py for tasks to queue
[2023-06-14T01:38:17.056+0000] {logging_mixin.py:149} INFO - [2023-06-14T01:38:17.055+0000] {dagbag.py:541} INFO - Filling up the DagBag from /opt/airflow/dags/dbeaverFunciona.py
[2023-06-14T01:38:17.271+0000] {processor.py:836} INFO - DAG(s) dict_keys(['vamosSigue']) retrieved from /opt/airflow/dags/dbeaverFunciona.py
[2023-06-14T01:38:17.573+0000] {logging_mixin.py:149} INFO - [2023-06-14T01:38:17.572+0000] {dag.py:2726} INFO - Sync 1 DAGs
[2023-06-14T01:38:17.788+0000] {logging_mixin.py:149} INFO - [2023-06-14T01:38:17.785+0000] {dag.py:3490} INFO - Setting next_dagrun for vamosSigue to 2023-06-14T00:00:00+00:00, run_after=2023-06-15T00:00:00+00:00
[2023-06-14T01:38:17.949+0000] {processor.py:179} INFO - Processing /opt/airflow/dags/dbeaverFunciona.py took 0.918 seconds
[2023-06-14T01:38:48.132+0000] {processor.py:157} INFO - Started process (PID=46) to work on /opt/airflow/dags/dbeaverFunciona.py
[2023-06-14T01:38:48.134+0000] {processor.py:826} INFO - Processing file /opt/airflow/dags/dbeaverFunciona.py for tasks to queue
[2023-06-14T01:38:48.138+0000] {logging_mixin.py:149} INFO - [2023-06-14T01:38:48.137+0000] {dagbag.py:541} INFO - Filling up the DagBag from /opt/airflow/dags/dbeaverFunciona.py
[2023-06-14T01:38:48.229+0000] {processor.py:836} INFO - DAG(s) dict_keys(['vamosSigue']) retrieved from /opt/airflow/dags/dbeaverFunciona.py
[2023-06-14T01:38:48.316+0000] {logging_mixin.py:149} INFO - [2023-06-14T01:38:48.315+0000] {dag.py:2726} INFO - Sync 1 DAGs
[2023-06-14T01:38:48.408+0000] {logging_mixin.py:149} INFO - [2023-06-14T01:38:48.407+0000] {dag.py:3490} INFO - Setting next_dagrun for vamosSigue to 2023-06-14T00:00:00+00:00, run_after=2023-06-15T00:00:00+00:00
[2023-06-14T01:38:48.496+0000] {processor.py:179} INFO - Processing /opt/airflow/dags/dbeaverFunciona.py took 0.371 seconds
[2023-06-14T02:08:52.253+0000] {processor.py:157} INFO - Started process (PID=31) to work on /opt/airflow/dags/dbeaverFunciona.py
[2023-06-14T02:08:52.255+0000] {processor.py:826} INFO - Processing file /opt/airflow/dags/dbeaverFunciona.py for tasks to queue
[2023-06-14T02:08:52.258+0000] {logging_mixin.py:149} INFO - [2023-06-14T02:08:52.257+0000] {dagbag.py:541} INFO - Filling up the DagBag from /opt/airflow/dags/dbeaverFunciona.py
[2023-06-14T02:08:52.382+0000] {processor.py:836} INFO - DAG(s) dict_keys(['vamosSigue']) retrieved from /opt/airflow/dags/dbeaverFunciona.py
[2023-06-14T02:08:52.713+0000] {logging_mixin.py:149} INFO - [2023-06-14T02:08:52.713+0000] {dag.py:2726} INFO - Sync 1 DAGs
[2023-06-14T02:08:52.817+0000] {logging_mixin.py:149} INFO - [2023-06-14T02:08:52.816+0000] {dag.py:3490} INFO - Setting next_dagrun for vamosSigue to 2023-06-14T00:00:00+00:00, run_after=2023-06-15T00:00:00+00:00
[2023-06-14T02:08:52.891+0000] {processor.py:179} INFO - Processing /opt/airflow/dags/dbeaverFunciona.py took 0.642 seconds
[2023-06-14T02:09:23.156+0000] {processor.py:157} INFO - Started process (PID=39) to work on /opt/airflow/dags/dbeaverFunciona.py
[2023-06-14T02:09:23.158+0000] {processor.py:826} INFO - Processing file /opt/airflow/dags/dbeaverFunciona.py for tasks to queue
[2023-06-14T02:09:23.159+0000] {logging_mixin.py:149} INFO - [2023-06-14T02:09:23.159+0000] {dagbag.py:541} INFO - Filling up the DagBag from /opt/airflow/dags/dbeaverFunciona.py
[2023-06-14T02:09:23.217+0000] {processor.py:836} INFO - DAG(s) dict_keys(['vamosSigue']) retrieved from /opt/airflow/dags/dbeaverFunciona.py
[2023-06-14T02:09:23.253+0000] {logging_mixin.py:149} INFO - [2023-06-14T02:09:23.253+0000] {dag.py:2726} INFO - Sync 1 DAGs
[2023-06-14T02:09:23.289+0000] {logging_mixin.py:149} INFO - [2023-06-14T02:09:23.289+0000] {dag.py:3490} INFO - Setting next_dagrun for vamosSigue to 2023-06-14T00:00:00+00:00, run_after=2023-06-15T00:00:00+00:00
[2023-06-14T02:09:23.322+0000] {processor.py:179} INFO - Processing /opt/airflow/dags/dbeaverFunciona.py took 0.169 seconds
[2023-06-14T02:09:53.401+0000] {processor.py:157} INFO - Started process (PID=47) to work on /opt/airflow/dags/dbeaverFunciona.py
[2023-06-14T02:09:53.403+0000] {processor.py:826} INFO - Processing file /opt/airflow/dags/dbeaverFunciona.py for tasks to queue
[2023-06-14T02:09:53.404+0000] {logging_mixin.py:149} INFO - [2023-06-14T02:09:53.404+0000] {dagbag.py:541} INFO - Filling up the DagBag from /opt/airflow/dags/dbeaverFunciona.py
[2023-06-14T02:09:53.462+0000] {processor.py:836} INFO - DAG(s) dict_keys(['vamosSigue']) retrieved from /opt/airflow/dags/dbeaverFunciona.py
[2023-06-14T02:09:53.506+0000] {logging_mixin.py:149} INFO - [2023-06-14T02:09:53.506+0000] {dag.py:2726} INFO - Sync 1 DAGs
[2023-06-14T02:09:53.559+0000] {logging_mixin.py:149} INFO - [2023-06-14T02:09:53.558+0000] {dag.py:3490} INFO - Setting next_dagrun for vamosSigue to 2023-06-14T00:00:00+00:00, run_after=2023-06-15T00:00:00+00:00
[2023-06-14T02:09:53.604+0000] {processor.py:179} INFO - Processing /opt/airflow/dags/dbeaverFunciona.py took 0.206 seconds
[2023-06-14T02:10:23.797+0000] {processor.py:157} INFO - Started process (PID=55) to work on /opt/airflow/dags/dbeaverFunciona.py
[2023-06-14T02:10:23.799+0000] {processor.py:826} INFO - Processing file /opt/airflow/dags/dbeaverFunciona.py for tasks to queue
[2023-06-14T02:10:23.800+0000] {logging_mixin.py:149} INFO - [2023-06-14T02:10:23.800+0000] {dagbag.py:541} INFO - Filling up the DagBag from /opt/airflow/dags/dbeaverFunciona.py
[2023-06-14T02:10:23.851+0000] {processor.py:836} INFO - DAG(s) dict_keys(['vamosSigue']) retrieved from /opt/airflow/dags/dbeaverFunciona.py
[2023-06-14T02:10:23.884+0000] {logging_mixin.py:149} INFO - [2023-06-14T02:10:23.884+0000] {dag.py:2726} INFO - Sync 1 DAGs
[2023-06-14T02:10:23.921+0000] {logging_mixin.py:149} INFO - [2023-06-14T02:10:23.920+0000] {dag.py:3490} INFO - Setting next_dagrun for vamosSigue to 2023-06-14T00:00:00+00:00, run_after=2023-06-15T00:00:00+00:00
[2023-06-14T02:10:23.966+0000] {processor.py:179} INFO - Processing /opt/airflow/dags/dbeaverFunciona.py took 0.171 seconds
[2023-06-14T02:10:54.175+0000] {processor.py:157} INFO - Started process (PID=63) to work on /opt/airflow/dags/dbeaverFunciona.py
[2023-06-14T02:10:54.179+0000] {processor.py:826} INFO - Processing file /opt/airflow/dags/dbeaverFunciona.py for tasks to queue
[2023-06-14T02:10:54.181+0000] {logging_mixin.py:149} INFO - [2023-06-14T02:10:54.181+0000] {dagbag.py:541} INFO - Filling up the DagBag from /opt/airflow/dags/dbeaverFunciona.py
[2023-06-14T02:10:54.281+0000] {processor.py:836} INFO - DAG(s) dict_keys(['vamosSigue']) retrieved from /opt/airflow/dags/dbeaverFunciona.py
[2023-06-14T02:10:54.456+0000] {logging_mixin.py:149} INFO - [2023-06-14T02:10:54.455+0000] {dag.py:2726} INFO - Sync 1 DAGs
[2023-06-14T02:10:54.527+0000] {logging_mixin.py:149} INFO - [2023-06-14T02:10:54.527+0000] {dag.py:3490} INFO - Setting next_dagrun for vamosSigue to 2023-06-14T00:00:00+00:00, run_after=2023-06-15T00:00:00+00:00
[2023-06-14T02:10:54.586+0000] {processor.py:179} INFO - Processing /opt/airflow/dags/dbeaverFunciona.py took 0.422 seconds
[2023-06-14T02:11:24.891+0000] {processor.py:157} INFO - Started process (PID=71) to work on /opt/airflow/dags/dbeaverFunciona.py
[2023-06-14T02:11:24.893+0000] {processor.py:826} INFO - Processing file /opt/airflow/dags/dbeaverFunciona.py for tasks to queue
[2023-06-14T02:11:24.895+0000] {logging_mixin.py:149} INFO - [2023-06-14T02:11:24.895+0000] {dagbag.py:541} INFO - Filling up the DagBag from /opt/airflow/dags/dbeaverFunciona.py
[2023-06-14T02:11:24.964+0000] {processor.py:836} INFO - DAG(s) dict_keys(['vamosSigue']) retrieved from /opt/airflow/dags/dbeaverFunciona.py
[2023-06-14T02:11:25.014+0000] {logging_mixin.py:149} INFO - [2023-06-14T02:11:25.014+0000] {dag.py:2726} INFO - Sync 1 DAGs
[2023-06-14T02:11:25.086+0000] {logging_mixin.py:149} INFO - [2023-06-14T02:11:25.085+0000] {dag.py:3490} INFO - Setting next_dagrun for vamosSigue to 2023-06-14T00:00:00+00:00, run_after=2023-06-15T00:00:00+00:00
[2023-06-14T02:11:25.142+0000] {processor.py:179} INFO - Processing /opt/airflow/dags/dbeaverFunciona.py took 0.256 seconds
[2023-06-14T02:11:55.414+0000] {processor.py:157} INFO - Started process (PID=79) to work on /opt/airflow/dags/dbeaverFunciona.py
[2023-06-14T02:11:55.416+0000] {processor.py:826} INFO - Processing file /opt/airflow/dags/dbeaverFunciona.py for tasks to queue
[2023-06-14T02:11:55.418+0000] {logging_mixin.py:149} INFO - [2023-06-14T02:11:55.417+0000] {dagbag.py:541} INFO - Filling up the DagBag from /opt/airflow/dags/dbeaverFunciona.py
[2023-06-14T02:11:55.484+0000] {processor.py:836} INFO - DAG(s) dict_keys(['vamosSigue']) retrieved from /opt/airflow/dags/dbeaverFunciona.py
[2023-06-14T02:11:55.533+0000] {logging_mixin.py:149} INFO - [2023-06-14T02:11:55.532+0000] {dag.py:2726} INFO - Sync 1 DAGs
[2023-06-14T02:11:55.573+0000] {logging_mixin.py:149} INFO - [2023-06-14T02:11:55.573+0000] {dag.py:3490} INFO - Setting next_dagrun for vamosSigue to 2023-06-14T00:00:00+00:00, run_after=2023-06-15T00:00:00+00:00
[2023-06-14T02:11:55.622+0000] {processor.py:179} INFO - Processing /opt/airflow/dags/dbeaverFunciona.py took 0.212 seconds
[2023-06-14T02:12:25.875+0000] {processor.py:157} INFO - Started process (PID=87) to work on /opt/airflow/dags/dbeaverFunciona.py
[2023-06-14T02:12:25.876+0000] {processor.py:826} INFO - Processing file /opt/airflow/dags/dbeaverFunciona.py for tasks to queue
[2023-06-14T02:12:25.877+0000] {logging_mixin.py:149} INFO - [2023-06-14T02:12:25.877+0000] {dagbag.py:541} INFO - Filling up the DagBag from /opt/airflow/dags/dbeaverFunciona.py
[2023-06-14T02:12:25.925+0000] {processor.py:836} INFO - DAG(s) dict_keys(['vamosSigue']) retrieved from /opt/airflow/dags/dbeaverFunciona.py
[2023-06-14T02:12:25.968+0000] {logging_mixin.py:149} INFO - [2023-06-14T02:12:25.967+0000] {dag.py:2726} INFO - Sync 1 DAGs
[2023-06-14T02:12:26.008+0000] {logging_mixin.py:149} INFO - [2023-06-14T02:12:26.008+0000] {dag.py:3490} INFO - Setting next_dagrun for vamosSigue to 2023-06-14T00:00:00+00:00, run_after=2023-06-15T00:00:00+00:00
[2023-06-14T02:12:26.039+0000] {processor.py:179} INFO - Processing /opt/airflow/dags/dbeaverFunciona.py took 0.167 seconds
[2023-06-14T02:12:56.105+0000] {processor.py:157} INFO - Started process (PID=95) to work on /opt/airflow/dags/dbeaverFunciona.py
[2023-06-14T02:12:56.106+0000] {processor.py:826} INFO - Processing file /opt/airflow/dags/dbeaverFunciona.py for tasks to queue
[2023-06-14T02:12:56.107+0000] {logging_mixin.py:149} INFO - [2023-06-14T02:12:56.107+0000] {dagbag.py:541} INFO - Filling up the DagBag from /opt/airflow/dags/dbeaverFunciona.py
[2023-06-14T02:12:56.147+0000] {processor.py:836} INFO - DAG(s) dict_keys(['vamosSigue']) retrieved from /opt/airflow/dags/dbeaverFunciona.py
[2023-06-14T02:12:56.177+0000] {logging_mixin.py:149} INFO - [2023-06-14T02:12:56.177+0000] {dag.py:2726} INFO - Sync 1 DAGs
[2023-06-14T02:12:56.210+0000] {logging_mixin.py:149} INFO - [2023-06-14T02:12:56.209+0000] {dag.py:3490} INFO - Setting next_dagrun for vamosSigue to 2023-06-14T00:00:00+00:00, run_after=2023-06-15T00:00:00+00:00
[2023-06-14T02:12:56.378+0000] {processor.py:179} INFO - Processing /opt/airflow/dags/dbeaverFunciona.py took 0.275 seconds
[2023-06-14T02:13:26.482+0000] {processor.py:157} INFO - Started process (PID=103) to work on /opt/airflow/dags/dbeaverFunciona.py
[2023-06-14T02:13:26.483+0000] {processor.py:826} INFO - Processing file /opt/airflow/dags/dbeaverFunciona.py for tasks to queue
[2023-06-14T02:13:26.484+0000] {logging_mixin.py:149} INFO - [2023-06-14T02:13:26.484+0000] {dagbag.py:541} INFO - Filling up the DagBag from /opt/airflow/dags/dbeaverFunciona.py
[2023-06-14T02:13:26.537+0000] {processor.py:836} INFO - DAG(s) dict_keys(['vamosSigue']) retrieved from /opt/airflow/dags/dbeaverFunciona.py
[2023-06-14T02:13:26.582+0000] {logging_mixin.py:149} INFO - [2023-06-14T02:13:26.581+0000] {dag.py:2726} INFO - Sync 1 DAGs
[2023-06-14T02:13:26.744+0000] {logging_mixin.py:149} INFO - [2023-06-14T02:13:26.743+0000] {dag.py:3490} INFO - Setting next_dagrun for vamosSigue to 2023-06-14T00:00:00+00:00, run_after=2023-06-15T00:00:00+00:00
[2023-06-14T02:13:26.783+0000] {processor.py:179} INFO - Processing /opt/airflow/dags/dbeaverFunciona.py took 0.305 seconds
[2023-06-14T02:13:56.883+0000] {processor.py:157} INFO - Started process (PID=115) to work on /opt/airflow/dags/dbeaverFunciona.py
[2023-06-14T02:13:56.884+0000] {processor.py:826} INFO - Processing file /opt/airflow/dags/dbeaverFunciona.py for tasks to queue
[2023-06-14T02:13:56.886+0000] {logging_mixin.py:149} INFO - [2023-06-14T02:13:56.886+0000] {dagbag.py:541} INFO - Filling up the DagBag from /opt/airflow/dags/dbeaverFunciona.py
[2023-06-14T02:13:56.932+0000] {processor.py:836} INFO - DAG(s) dict_keys(['vamosSigue']) retrieved from /opt/airflow/dags/dbeaverFunciona.py
[2023-06-14T02:13:56.964+0000] {logging_mixin.py:149} INFO - [2023-06-14T02:13:56.963+0000] {dag.py:2726} INFO - Sync 1 DAGs
[2023-06-14T02:13:57.128+0000] {logging_mixin.py:149} INFO - [2023-06-14T02:13:57.128+0000] {dag.py:3490} INFO - Setting next_dagrun for vamosSigue to 2023-06-14T00:00:00+00:00, run_after=2023-06-15T00:00:00+00:00
[2023-06-14T02:13:57.163+0000] {processor.py:179} INFO - Processing /opt/airflow/dags/dbeaverFunciona.py took 0.283 seconds
[2023-06-14T02:14:27.248+0000] {processor.py:157} INFO - Started process (PID=123) to work on /opt/airflow/dags/dbeaverFunciona.py
[2023-06-14T02:14:27.250+0000] {processor.py:826} INFO - Processing file /opt/airflow/dags/dbeaverFunciona.py for tasks to queue
[2023-06-14T02:14:27.251+0000] {logging_mixin.py:149} INFO - [2023-06-14T02:14:27.251+0000] {dagbag.py:541} INFO - Filling up the DagBag from /opt/airflow/dags/dbeaverFunciona.py
[2023-06-14T02:14:27.300+0000] {processor.py:836} INFO - DAG(s) dict_keys(['vamosSigue']) retrieved from /opt/airflow/dags/dbeaverFunciona.py
[2023-06-14T02:14:27.458+0000] {logging_mixin.py:149} INFO - [2023-06-14T02:14:27.457+0000] {dag.py:2726} INFO - Sync 1 DAGs
[2023-06-14T02:14:27.511+0000] {logging_mixin.py:149} INFO - [2023-06-14T02:14:27.510+0000] {dag.py:3490} INFO - Setting next_dagrun for vamosSigue to 2023-06-14T00:00:00+00:00, run_after=2023-06-15T00:00:00+00:00
[2023-06-14T02:14:27.543+0000] {processor.py:179} INFO - Processing /opt/airflow/dags/dbeaverFunciona.py took 0.297 seconds
[2023-06-14T02:14:57.625+0000] {processor.py:157} INFO - Started process (PID=131) to work on /opt/airflow/dags/dbeaverFunciona.py
[2023-06-14T02:14:57.627+0000] {processor.py:826} INFO - Processing file /opt/airflow/dags/dbeaverFunciona.py for tasks to queue
[2023-06-14T02:14:57.628+0000] {logging_mixin.py:149} INFO - [2023-06-14T02:14:57.628+0000] {dagbag.py:541} INFO - Filling up the DagBag from /opt/airflow/dags/dbeaverFunciona.py
[2023-06-14T02:14:57.701+0000] {processor.py:836} INFO - DAG(s) dict_keys(['vamosSigue']) retrieved from /opt/airflow/dags/dbeaverFunciona.py
[2023-06-14T02:14:57.942+0000] {logging_mixin.py:149} INFO - [2023-06-14T02:14:57.942+0000] {dag.py:2726} INFO - Sync 1 DAGs
[2023-06-14T02:14:57.988+0000] {logging_mixin.py:149} INFO - [2023-06-14T02:14:57.988+0000] {dag.py:3490} INFO - Setting next_dagrun for vamosSigue to 2023-06-14T00:00:00+00:00, run_after=2023-06-15T00:00:00+00:00
[2023-06-14T02:14:58.022+0000] {processor.py:179} INFO - Processing /opt/airflow/dags/dbeaverFunciona.py took 0.401 seconds
[2023-06-14T02:15:28.266+0000] {processor.py:157} INFO - Started process (PID=139) to work on /opt/airflow/dags/dbeaverFunciona.py
[2023-06-14T02:15:28.268+0000] {processor.py:826} INFO - Processing file /opt/airflow/dags/dbeaverFunciona.py for tasks to queue
[2023-06-14T02:15:28.269+0000] {logging_mixin.py:149} INFO - [2023-06-14T02:15:28.268+0000] {dagbag.py:541} INFO - Filling up the DagBag from /opt/airflow/dags/dbeaverFunciona.py
[2023-06-14T02:15:28.421+0000] {processor.py:836} INFO - DAG(s) dict_keys(['vamosSigue']) retrieved from /opt/airflow/dags/dbeaverFunciona.py
[2023-06-14T02:15:28.450+0000] {logging_mixin.py:149} INFO - [2023-06-14T02:15:28.450+0000] {dag.py:2726} INFO - Sync 1 DAGs
[2023-06-14T02:15:28.480+0000] {logging_mixin.py:149} INFO - [2023-06-14T02:15:28.480+0000] {dag.py:3490} INFO - Setting next_dagrun for vamosSigue to 2023-06-14T00:00:00+00:00, run_after=2023-06-15T00:00:00+00:00
[2023-06-14T02:15:28.515+0000] {processor.py:179} INFO - Processing /opt/airflow/dags/dbeaverFunciona.py took 0.252 seconds
[2023-06-14T02:15:58.641+0000] {processor.py:157} INFO - Started process (PID=147) to work on /opt/airflow/dags/dbeaverFunciona.py
[2023-06-14T02:15:58.643+0000] {processor.py:826} INFO - Processing file /opt/airflow/dags/dbeaverFunciona.py for tasks to queue
[2023-06-14T02:15:58.645+0000] {logging_mixin.py:149} INFO - [2023-06-14T02:15:58.644+0000] {dagbag.py:541} INFO - Filling up the DagBag from /opt/airflow/dags/dbeaverFunciona.py
[2023-06-14T02:15:58.722+0000] {processor.py:836} INFO - DAG(s) dict_keys(['vamosSigue']) retrieved from /opt/airflow/dags/dbeaverFunciona.py
[2023-06-14T02:15:58.764+0000] {logging_mixin.py:149} INFO - [2023-06-14T02:15:58.764+0000] {dag.py:2726} INFO - Sync 1 DAGs
[2023-06-14T02:15:58.815+0000] {logging_mixin.py:149} INFO - [2023-06-14T02:15:58.814+0000] {dag.py:3490} INFO - Setting next_dagrun for vamosSigue to 2023-06-14T00:00:00+00:00, run_after=2023-06-15T00:00:00+00:00
[2023-06-14T02:15:58.894+0000] {processor.py:179} INFO - Processing /opt/airflow/dags/dbeaverFunciona.py took 0.261 seconds
[2023-06-14T02:16:29.001+0000] {processor.py:157} INFO - Started process (PID=155) to work on /opt/airflow/dags/dbeaverFunciona.py
[2023-06-14T02:16:29.003+0000] {processor.py:826} INFO - Processing file /opt/airflow/dags/dbeaverFunciona.py for tasks to queue
[2023-06-14T02:16:29.005+0000] {logging_mixin.py:149} INFO - [2023-06-14T02:16:29.005+0000] {dagbag.py:541} INFO - Filling up the DagBag from /opt/airflow/dags/dbeaverFunciona.py
[2023-06-14T02:16:29.075+0000] {processor.py:836} INFO - DAG(s) dict_keys(['vamosSigue']) retrieved from /opt/airflow/dags/dbeaverFunciona.py
[2023-06-14T02:16:29.121+0000] {logging_mixin.py:149} INFO - [2023-06-14T02:16:29.120+0000] {dag.py:2726} INFO - Sync 1 DAGs
[2023-06-14T02:16:29.158+0000] {logging_mixin.py:149} INFO - [2023-06-14T02:16:29.157+0000] {dag.py:3490} INFO - Setting next_dagrun for vamosSigue to 2023-06-14T00:00:00+00:00, run_after=2023-06-15T00:00:00+00:00
[2023-06-14T02:16:29.189+0000] {processor.py:179} INFO - Processing /opt/airflow/dags/dbeaverFunciona.py took 0.192 seconds
[2023-06-14T02:16:59.483+0000] {processor.py:157} INFO - Started process (PID=163) to work on /opt/airflow/dags/dbeaverFunciona.py
[2023-06-14T02:16:59.485+0000] {processor.py:826} INFO - Processing file /opt/airflow/dags/dbeaverFunciona.py for tasks to queue
[2023-06-14T02:16:59.487+0000] {logging_mixin.py:149} INFO - [2023-06-14T02:16:59.487+0000] {dagbag.py:541} INFO - Filling up the DagBag from /opt/airflow/dags/dbeaverFunciona.py
[2023-06-14T02:16:59.562+0000] {processor.py:836} INFO - DAG(s) dict_keys(['vamosSigue']) retrieved from /opt/airflow/dags/dbeaverFunciona.py
[2023-06-14T02:16:59.613+0000] {logging_mixin.py:149} INFO - [2023-06-14T02:16:59.612+0000] {dag.py:2726} INFO - Sync 1 DAGs
[2023-06-14T02:16:59.653+0000] {logging_mixin.py:149} INFO - [2023-06-14T02:16:59.653+0000] {dag.py:3490} INFO - Setting next_dagrun for vamosSigue to 2023-06-14T00:00:00+00:00, run_after=2023-06-15T00:00:00+00:00
[2023-06-14T02:16:59.689+0000] {processor.py:179} INFO - Processing /opt/airflow/dags/dbeaverFunciona.py took 0.212 seconds
[2023-06-14T02:17:29.737+0000] {processor.py:157} INFO - Started process (PID=171) to work on /opt/airflow/dags/dbeaverFunciona.py
[2023-06-14T02:17:29.739+0000] {processor.py:826} INFO - Processing file /opt/airflow/dags/dbeaverFunciona.py for tasks to queue
[2023-06-14T02:17:29.740+0000] {logging_mixin.py:149} INFO - [2023-06-14T02:17:29.740+0000] {dagbag.py:541} INFO - Filling up the DagBag from /opt/airflow/dags/dbeaverFunciona.py
[2023-06-14T02:17:29.796+0000] {processor.py:836} INFO - DAG(s) dict_keys(['vamosSigue']) retrieved from /opt/airflow/dags/dbeaverFunciona.py
[2023-06-14T02:17:29.938+0000] {logging_mixin.py:149} INFO - [2023-06-14T02:17:29.938+0000] {dag.py:2726} INFO - Sync 1 DAGs
[2023-06-14T02:17:29.976+0000] {logging_mixin.py:149} INFO - [2023-06-14T02:17:29.976+0000] {dag.py:3490} INFO - Setting next_dagrun for vamosSigue to 2023-06-14T00:00:00+00:00, run_after=2023-06-15T00:00:00+00:00
[2023-06-14T02:17:30.009+0000] {processor.py:179} INFO - Processing /opt/airflow/dags/dbeaverFunciona.py took 0.275 seconds
[2023-06-14T02:18:00.289+0000] {processor.py:157} INFO - Started process (PID=179) to work on /opt/airflow/dags/dbeaverFunciona.py
[2023-06-14T02:18:00.291+0000] {processor.py:826} INFO - Processing file /opt/airflow/dags/dbeaverFunciona.py for tasks to queue
[2023-06-14T02:18:00.293+0000] {logging_mixin.py:149} INFO - [2023-06-14T02:18:00.293+0000] {dagbag.py:541} INFO - Filling up the DagBag from /opt/airflow/dags/dbeaverFunciona.py
[2023-06-14T02:18:00.399+0000] {processor.py:836} INFO - DAG(s) dict_keys(['vamosSigue']) retrieved from /opt/airflow/dags/dbeaverFunciona.py
[2023-06-14T02:18:00.451+0000] {logging_mixin.py:149} INFO - [2023-06-14T02:18:00.450+0000] {dag.py:2726} INFO - Sync 1 DAGs
[2023-06-14T02:18:00.509+0000] {logging_mixin.py:149} INFO - [2023-06-14T02:18:00.509+0000] {dag.py:3490} INFO - Setting next_dagrun for vamosSigue to 2023-06-14T00:00:00+00:00, run_after=2023-06-15T00:00:00+00:00
[2023-06-14T02:18:00.546+0000] {processor.py:179} INFO - Processing /opt/airflow/dags/dbeaverFunciona.py took 0.264 seconds
[2023-06-14T02:18:30.655+0000] {processor.py:157} INFO - Started process (PID=187) to work on /opt/airflow/dags/dbeaverFunciona.py
[2023-06-14T02:18:30.657+0000] {processor.py:826} INFO - Processing file /opt/airflow/dags/dbeaverFunciona.py for tasks to queue
[2023-06-14T02:18:30.659+0000] {logging_mixin.py:149} INFO - [2023-06-14T02:18:30.659+0000] {dagbag.py:541} INFO - Filling up the DagBag from /opt/airflow/dags/dbeaverFunciona.py
[2023-06-14T02:18:30.761+0000] {processor.py:836} INFO - DAG(s) dict_keys(['vamosSigue']) retrieved from /opt/airflow/dags/dbeaverFunciona.py
[2023-06-14T02:18:30.840+0000] {logging_mixin.py:149} INFO - [2023-06-14T02:18:30.840+0000] {dag.py:2726} INFO - Sync 1 DAGs
[2023-06-14T02:18:30.934+0000] {logging_mixin.py:149} INFO - [2023-06-14T02:18:30.933+0000] {dag.py:3490} INFO - Setting next_dagrun for vamosSigue to 2023-06-14T00:00:00+00:00, run_after=2023-06-15T00:00:00+00:00
[2023-06-14T02:18:30.974+0000] {processor.py:179} INFO - Processing /opt/airflow/dags/dbeaverFunciona.py took 0.324 seconds
[2023-06-14T02:19:01.353+0000] {processor.py:157} INFO - Started process (PID=196) to work on /opt/airflow/dags/dbeaverFunciona.py
[2023-06-14T02:19:01.356+0000] {processor.py:826} INFO - Processing file /opt/airflow/dags/dbeaverFunciona.py for tasks to queue
[2023-06-14T02:19:01.358+0000] {logging_mixin.py:149} INFO - [2023-06-14T02:19:01.358+0000] {dagbag.py:541} INFO - Filling up the DagBag from /opt/airflow/dags/dbeaverFunciona.py
[2023-06-14T02:19:01.443+0000] {processor.py:836} INFO - DAG(s) dict_keys(['vamosSigue']) retrieved from /opt/airflow/dags/dbeaverFunciona.py
[2023-06-14T02:19:01.502+0000] {logging_mixin.py:149} INFO - [2023-06-14T02:19:01.501+0000] {dag.py:2726} INFO - Sync 1 DAGs
[2023-06-14T02:19:01.545+0000] {logging_mixin.py:149} INFO - [2023-06-14T02:19:01.544+0000] {dag.py:3490} INFO - Setting next_dagrun for vamosSigue to 2023-06-14T00:00:00+00:00, run_after=2023-06-15T00:00:00+00:00
[2023-06-14T02:19:01.587+0000] {processor.py:179} INFO - Processing /opt/airflow/dags/dbeaverFunciona.py took 0.239 seconds
[2023-06-14T02:19:31.686+0000] {processor.py:157} INFO - Started process (PID=204) to work on /opt/airflow/dags/dbeaverFunciona.py
[2023-06-14T02:19:31.688+0000] {processor.py:826} INFO - Processing file /opt/airflow/dags/dbeaverFunciona.py for tasks to queue
[2023-06-14T02:19:31.691+0000] {logging_mixin.py:149} INFO - [2023-06-14T02:19:31.690+0000] {dagbag.py:541} INFO - Filling up the DagBag from /opt/airflow/dags/dbeaverFunciona.py
[2023-06-14T02:19:31.791+0000] {processor.py:836} INFO - DAG(s) dict_keys(['vamosSigue']) retrieved from /opt/airflow/dags/dbeaverFunciona.py
[2023-06-14T02:19:31.970+0000] {logging_mixin.py:149} INFO - [2023-06-14T02:19:31.970+0000] {dag.py:2726} INFO - Sync 1 DAGs
[2023-06-14T02:19:32.041+0000] {logging_mixin.py:149} INFO - [2023-06-14T02:19:32.041+0000] {dag.py:3490} INFO - Setting next_dagrun for vamosSigue to 2023-06-14T00:00:00+00:00, run_after=2023-06-15T00:00:00+00:00
[2023-06-14T02:19:32.084+0000] {processor.py:179} INFO - Processing /opt/airflow/dags/dbeaverFunciona.py took 0.403 seconds
[2023-06-14T02:20:02.278+0000] {processor.py:157} INFO - Started process (PID=212) to work on /opt/airflow/dags/dbeaverFunciona.py
[2023-06-14T02:20:02.285+0000] {processor.py:826} INFO - Processing file /opt/airflow/dags/dbeaverFunciona.py for tasks to queue
[2023-06-14T02:20:02.287+0000] {logging_mixin.py:149} INFO - [2023-06-14T02:20:02.287+0000] {dagbag.py:541} INFO - Filling up the DagBag from /opt/airflow/dags/dbeaverFunciona.py
[2023-06-14T02:20:02.369+0000] {processor.py:836} INFO - DAG(s) dict_keys(['vamosSigue']) retrieved from /opt/airflow/dags/dbeaverFunciona.py
[2023-06-14T02:20:02.484+0000] {logging_mixin.py:149} INFO - [2023-06-14T02:20:02.484+0000] {dag.py:2726} INFO - Sync 1 DAGs
[2023-06-14T02:20:02.546+0000] {logging_mixin.py:149} INFO - [2023-06-14T02:20:02.545+0000] {dag.py:3490} INFO - Setting next_dagrun for vamosSigue to 2023-06-14T00:00:00+00:00, run_after=2023-06-15T00:00:00+00:00
[2023-06-14T02:20:02.589+0000] {processor.py:179} INFO - Processing /opt/airflow/dags/dbeaverFunciona.py took 0.321 seconds
[2023-06-14T02:20:32.757+0000] {processor.py:157} INFO - Started process (PID=220) to work on /opt/airflow/dags/dbeaverFunciona.py
[2023-06-14T02:20:32.759+0000] {processor.py:826} INFO - Processing file /opt/airflow/dags/dbeaverFunciona.py for tasks to queue
[2023-06-14T02:20:32.761+0000] {logging_mixin.py:149} INFO - [2023-06-14T02:20:32.760+0000] {dagbag.py:541} INFO - Filling up the DagBag from /opt/airflow/dags/dbeaverFunciona.py
[2023-06-14T02:20:32.849+0000] {processor.py:836} INFO - DAG(s) dict_keys(['vamosSigue']) retrieved from /opt/airflow/dags/dbeaverFunciona.py
[2023-06-14T02:20:32.910+0000] {logging_mixin.py:149} INFO - [2023-06-14T02:20:32.910+0000] {dag.py:2726} INFO - Sync 1 DAGs
[2023-06-14T02:20:32.985+0000] {logging_mixin.py:149} INFO - [2023-06-14T02:20:32.984+0000] {dag.py:3490} INFO - Setting next_dagrun for vamosSigue to 2023-06-14T00:00:00+00:00, run_after=2023-06-15T00:00:00+00:00
[2023-06-14T02:20:33.033+0000] {processor.py:179} INFO - Processing /opt/airflow/dags/dbeaverFunciona.py took 0.279 seconds
[2023-06-14T02:28:32.908+0000] {processor.py:157} INFO - Started process (PID=31) to work on /opt/airflow/dags/dbeaverFunciona.py
[2023-06-14T02:28:32.909+0000] {processor.py:826} INFO - Processing file /opt/airflow/dags/dbeaverFunciona.py for tasks to queue
[2023-06-14T02:28:32.911+0000] {logging_mixin.py:149} INFO - [2023-06-14T02:28:32.911+0000] {dagbag.py:541} INFO - Filling up the DagBag from /opt/airflow/dags/dbeaverFunciona.py
[2023-06-14T02:28:32.994+0000] {processor.py:836} INFO - DAG(s) dict_keys(['vamosSigue']) retrieved from /opt/airflow/dags/dbeaverFunciona.py
[2023-06-14T02:28:33.259+0000] {logging_mixin.py:149} INFO - [2023-06-14T02:28:33.259+0000] {dag.py:2726} INFO - Sync 1 DAGs
[2023-06-14T02:28:33.296+0000] {logging_mixin.py:149} INFO - [2023-06-14T02:28:33.296+0000] {dag.py:3490} INFO - Setting next_dagrun for vamosSigue to 2023-06-14T00:00:00+00:00, run_after=2023-06-15T00:00:00+00:00
[2023-06-14T02:28:33.336+0000] {processor.py:179} INFO - Processing /opt/airflow/dags/dbeaverFunciona.py took 0.431 seconds
[2023-06-14T02:29:03.388+0000] {processor.py:157} INFO - Started process (PID=40) to work on /opt/airflow/dags/dbeaverFunciona.py
[2023-06-14T02:29:03.389+0000] {processor.py:826} INFO - Processing file /opt/airflow/dags/dbeaverFunciona.py for tasks to queue
[2023-06-14T02:29:03.390+0000] {logging_mixin.py:149} INFO - [2023-06-14T02:29:03.390+0000] {dagbag.py:541} INFO - Filling up the DagBag from /opt/airflow/dags/dbeaverFunciona.py
[2023-06-14T02:29:03.444+0000] {processor.py:836} INFO - DAG(s) dict_keys(['vamosSigue']) retrieved from /opt/airflow/dags/dbeaverFunciona.py
[2023-06-14T02:29:03.475+0000] {logging_mixin.py:149} INFO - [2023-06-14T02:29:03.474+0000] {dag.py:2726} INFO - Sync 1 DAGs
[2023-06-14T02:29:03.507+0000] {logging_mixin.py:149} INFO - [2023-06-14T02:29:03.507+0000] {dag.py:3490} INFO - Setting next_dagrun for vamosSigue to 2023-06-14T00:00:00+00:00, run_after=2023-06-15T00:00:00+00:00
[2023-06-14T02:29:03.533+0000] {processor.py:179} INFO - Processing /opt/airflow/dags/dbeaverFunciona.py took 0.148 seconds
[2023-06-14T02:29:33.644+0000] {processor.py:157} INFO - Started process (PID=48) to work on /opt/airflow/dags/dbeaverFunciona.py
[2023-06-14T02:29:33.645+0000] {processor.py:826} INFO - Processing file /opt/airflow/dags/dbeaverFunciona.py for tasks to queue
[2023-06-14T02:29:33.646+0000] {logging_mixin.py:149} INFO - [2023-06-14T02:29:33.646+0000] {dagbag.py:541} INFO - Filling up the DagBag from /opt/airflow/dags/dbeaverFunciona.py
[2023-06-14T02:29:33.690+0000] {processor.py:836} INFO - DAG(s) dict_keys(['vamosSigue']) retrieved from /opt/airflow/dags/dbeaverFunciona.py
[2023-06-14T02:29:33.731+0000] {logging_mixin.py:149} INFO - [2023-06-14T02:29:33.731+0000] {dag.py:2726} INFO - Sync 1 DAGs
[2023-06-14T02:29:33.770+0000] {logging_mixin.py:149} INFO - [2023-06-14T02:29:33.770+0000] {dag.py:3490} INFO - Setting next_dagrun for vamosSigue to 2023-06-14T00:00:00+00:00, run_after=2023-06-15T00:00:00+00:00
[2023-06-14T02:29:33.803+0000] {processor.py:179} INFO - Processing /opt/airflow/dags/dbeaverFunciona.py took 0.162 seconds
[2023-06-14T02:30:04.009+0000] {processor.py:157} INFO - Started process (PID=56) to work on /opt/airflow/dags/dbeaverFunciona.py
[2023-06-14T02:30:04.010+0000] {processor.py:826} INFO - Processing file /opt/airflow/dags/dbeaverFunciona.py for tasks to queue
[2023-06-14T02:30:04.011+0000] {logging_mixin.py:149} INFO - [2023-06-14T02:30:04.011+0000] {dagbag.py:541} INFO - Filling up the DagBag from /opt/airflow/dags/dbeaverFunciona.py
[2023-06-14T02:30:04.048+0000] {processor.py:836} INFO - DAG(s) dict_keys(['vamosSigue']) retrieved from /opt/airflow/dags/dbeaverFunciona.py
[2023-06-14T02:30:04.083+0000] {logging_mixin.py:149} INFO - [2023-06-14T02:30:04.083+0000] {dag.py:2726} INFO - Sync 1 DAGs
[2023-06-14T02:30:04.121+0000] {logging_mixin.py:149} INFO - [2023-06-14T02:30:04.121+0000] {dag.py:3490} INFO - Setting next_dagrun for vamosSigue to 2023-06-14T00:00:00+00:00, run_after=2023-06-15T00:00:00+00:00
[2023-06-14T02:30:04.155+0000] {processor.py:179} INFO - Processing /opt/airflow/dags/dbeaverFunciona.py took 0.149 seconds
[2023-06-14T02:30:34.252+0000] {processor.py:157} INFO - Started process (PID=68) to work on /opt/airflow/dags/dbeaverFunciona.py
[2023-06-14T02:30:34.253+0000] {processor.py:826} INFO - Processing file /opt/airflow/dags/dbeaverFunciona.py for tasks to queue
[2023-06-14T02:30:34.254+0000] {logging_mixin.py:149} INFO - [2023-06-14T02:30:34.254+0000] {dagbag.py:541} INFO - Filling up the DagBag from /opt/airflow/dags/dbeaverFunciona.py
[2023-06-14T02:30:34.319+0000] {processor.py:836} INFO - DAG(s) dict_keys(['vamosSigue']) retrieved from /opt/airflow/dags/dbeaverFunciona.py
[2023-06-14T02:30:34.358+0000] {logging_mixin.py:149} INFO - [2023-06-14T02:30:34.358+0000] {dag.py:2726} INFO - Sync 1 DAGs
[2023-06-14T02:30:34.397+0000] {logging_mixin.py:149} INFO - [2023-06-14T02:30:34.396+0000] {dag.py:3490} INFO - Setting next_dagrun for vamosSigue to 2023-06-14T00:00:00+00:00, run_after=2023-06-15T00:00:00+00:00
[2023-06-14T02:30:34.424+0000] {processor.py:179} INFO - Processing /opt/airflow/dags/dbeaverFunciona.py took 0.174 seconds
[2023-06-14T02:31:04.641+0000] {processor.py:157} INFO - Started process (PID=80) to work on /opt/airflow/dags/dbeaverFunciona.py
[2023-06-14T02:31:04.643+0000] {processor.py:826} INFO - Processing file /opt/airflow/dags/dbeaverFunciona.py for tasks to queue
[2023-06-14T02:31:04.645+0000] {logging_mixin.py:149} INFO - [2023-06-14T02:31:04.645+0000] {dagbag.py:541} INFO - Filling up the DagBag from /opt/airflow/dags/dbeaverFunciona.py
[2023-06-14T02:31:04.742+0000] {processor.py:836} INFO - DAG(s) dict_keys(['vamosSigue']) retrieved from /opt/airflow/dags/dbeaverFunciona.py
[2023-06-14T02:31:04.800+0000] {logging_mixin.py:149} INFO - [2023-06-14T02:31:04.800+0000] {dag.py:2726} INFO - Sync 1 DAGs
[2023-06-14T02:31:04.860+0000] {logging_mixin.py:149} INFO - [2023-06-14T02:31:04.859+0000] {dag.py:3490} INFO - Setting next_dagrun for vamosSigue to 2023-06-14T00:00:00+00:00, run_after=2023-06-15T00:00:00+00:00
[2023-06-14T02:31:04.899+0000] {processor.py:179} INFO - Processing /opt/airflow/dags/dbeaverFunciona.py took 0.264 seconds
[2023-06-14T02:31:35.141+0000] {processor.py:157} INFO - Started process (PID=88) to work on /opt/airflow/dags/dbeaverFunciona.py
[2023-06-14T02:31:35.142+0000] {processor.py:826} INFO - Processing file /opt/airflow/dags/dbeaverFunciona.py for tasks to queue
[2023-06-14T02:31:35.143+0000] {logging_mixin.py:149} INFO - [2023-06-14T02:31:35.143+0000] {dagbag.py:541} INFO - Filling up the DagBag from /opt/airflow/dags/dbeaverFunciona.py
[2023-06-14T02:31:35.202+0000] {processor.py:836} INFO - DAG(s) dict_keys(['vamosSigue']) retrieved from /opt/airflow/dags/dbeaverFunciona.py
[2023-06-14T02:31:35.242+0000] {logging_mixin.py:149} INFO - [2023-06-14T02:31:35.241+0000] {dag.py:2726} INFO - Sync 1 DAGs
[2023-06-14T02:31:35.281+0000] {logging_mixin.py:149} INFO - [2023-06-14T02:31:35.281+0000] {dag.py:3490} INFO - Setting next_dagrun for vamosSigue to 2023-06-14T00:00:00+00:00, run_after=2023-06-15T00:00:00+00:00
[2023-06-14T02:31:35.323+0000] {processor.py:179} INFO - Processing /opt/airflow/dags/dbeaverFunciona.py took 0.186 seconds
[2023-06-14T02:32:05.368+0000] {processor.py:157} INFO - Started process (PID=100) to work on /opt/airflow/dags/dbeaverFunciona.py
[2023-06-14T02:32:05.370+0000] {processor.py:826} INFO - Processing file /opt/airflow/dags/dbeaverFunciona.py for tasks to queue
[2023-06-14T02:32:05.372+0000] {logging_mixin.py:149} INFO - [2023-06-14T02:32:05.371+0000] {dagbag.py:541} INFO - Filling up the DagBag from /opt/airflow/dags/dbeaverFunciona.py
[2023-06-14T02:32:05.424+0000] {processor.py:836} INFO - DAG(s) dict_keys(['vamosSigue']) retrieved from /opt/airflow/dags/dbeaverFunciona.py
[2023-06-14T02:32:05.462+0000] {logging_mixin.py:149} INFO - [2023-06-14T02:32:05.461+0000] {dag.py:2726} INFO - Sync 1 DAGs
[2023-06-14T02:32:05.511+0000] {logging_mixin.py:149} INFO - [2023-06-14T02:32:05.511+0000] {dag.py:3490} INFO - Setting next_dagrun for vamosSigue to 2023-06-14T00:00:00+00:00, run_after=2023-06-15T00:00:00+00:00
[2023-06-14T02:32:05.544+0000] {processor.py:179} INFO - Processing /opt/airflow/dags/dbeaverFunciona.py took 0.179 seconds
[2023-06-14T02:32:35.884+0000] {processor.py:157} INFO - Started process (PID=108) to work on /opt/airflow/dags/dbeaverFunciona.py
[2023-06-14T02:32:35.886+0000] {processor.py:826} INFO - Processing file /opt/airflow/dags/dbeaverFunciona.py for tasks to queue
[2023-06-14T02:32:35.889+0000] {logging_mixin.py:149} INFO - [2023-06-14T02:32:35.889+0000] {dagbag.py:541} INFO - Filling up the DagBag from /opt/airflow/dags/dbeaverFunciona.py
[2023-06-14T02:32:35.970+0000] {processor.py:836} INFO - DAG(s) dict_keys(['vamosSigue']) retrieved from /opt/airflow/dags/dbeaverFunciona.py
[2023-06-14T02:32:36.033+0000] {logging_mixin.py:149} INFO - [2023-06-14T02:32:36.032+0000] {dag.py:2726} INFO - Sync 1 DAGs
[2023-06-14T02:32:36.087+0000] {logging_mixin.py:149} INFO - [2023-06-14T02:32:36.087+0000] {dag.py:3490} INFO - Setting next_dagrun for vamosSigue to 2023-06-14T00:00:00+00:00, run_after=2023-06-15T00:00:00+00:00
[2023-06-14T02:32:36.127+0000] {processor.py:179} INFO - Processing /opt/airflow/dags/dbeaverFunciona.py took 0.249 seconds
[2023-06-14T02:33:06.216+0000] {processor.py:157} INFO - Started process (PID=116) to work on /opt/airflow/dags/dbeaverFunciona.py
[2023-06-14T02:33:06.219+0000] {processor.py:826} INFO - Processing file /opt/airflow/dags/dbeaverFunciona.py for tasks to queue
[2023-06-14T02:33:06.222+0000] {logging_mixin.py:149} INFO - [2023-06-14T02:33:06.221+0000] {dagbag.py:541} INFO - Filling up the DagBag from /opt/airflow/dags/dbeaverFunciona.py
[2023-06-14T02:33:06.317+0000] {processor.py:836} INFO - DAG(s) dict_keys(['vamosSigue']) retrieved from /opt/airflow/dags/dbeaverFunciona.py
[2023-06-14T02:33:06.408+0000] {logging_mixin.py:149} INFO - [2023-06-14T02:33:06.408+0000] {dag.py:2726} INFO - Sync 1 DAGs
[2023-06-14T02:33:06.482+0000] {logging_mixin.py:149} INFO - [2023-06-14T02:33:06.481+0000] {dag.py:3490} INFO - Setting next_dagrun for vamosSigue to 2023-06-14T00:00:00+00:00, run_after=2023-06-15T00:00:00+00:00
[2023-06-14T02:33:06.536+0000] {processor.py:179} INFO - Processing /opt/airflow/dags/dbeaverFunciona.py took 0.325 seconds
[2023-06-14T02:33:36.769+0000] {processor.py:157} INFO - Started process (PID=124) to work on /opt/airflow/dags/dbeaverFunciona.py
[2023-06-14T02:33:36.770+0000] {processor.py:826} INFO - Processing file /opt/airflow/dags/dbeaverFunciona.py for tasks to queue
[2023-06-14T02:33:36.772+0000] {logging_mixin.py:149} INFO - [2023-06-14T02:33:36.772+0000] {dagbag.py:541} INFO - Filling up the DagBag from /opt/airflow/dags/dbeaverFunciona.py
[2023-06-14T02:33:36.858+0000] {processor.py:836} INFO - DAG(s) dict_keys(['vamosSigue']) retrieved from /opt/airflow/dags/dbeaverFunciona.py
[2023-06-14T02:33:36.925+0000] {logging_mixin.py:149} INFO - [2023-06-14T02:33:36.924+0000] {dag.py:2726} INFO - Sync 1 DAGs
[2023-06-14T02:33:36.995+0000] {logging_mixin.py:149} INFO - [2023-06-14T02:33:36.994+0000] {dag.py:3490} INFO - Setting next_dagrun for vamosSigue to 2023-06-14T00:00:00+00:00, run_after=2023-06-15T00:00:00+00:00
[2023-06-14T02:33:37.042+0000] {processor.py:179} INFO - Processing /opt/airflow/dags/dbeaverFunciona.py took 0.281 seconds
[2023-06-14T02:34:07.271+0000] {processor.py:157} INFO - Started process (PID=133) to work on /opt/airflow/dags/dbeaverFunciona.py
[2023-06-14T02:34:07.273+0000] {processor.py:826} INFO - Processing file /opt/airflow/dags/dbeaverFunciona.py for tasks to queue
[2023-06-14T02:34:07.276+0000] {logging_mixin.py:149} INFO - [2023-06-14T02:34:07.275+0000] {dagbag.py:541} INFO - Filling up the DagBag from /opt/airflow/dags/dbeaverFunciona.py
[2023-06-14T02:34:07.374+0000] {processor.py:836} INFO - DAG(s) dict_keys(['vamosSigue']) retrieved from /opt/airflow/dags/dbeaverFunciona.py
[2023-06-14T02:34:07.447+0000] {logging_mixin.py:149} INFO - [2023-06-14T02:34:07.447+0000] {dag.py:2726} INFO - Sync 1 DAGs
[2023-06-14T02:34:07.533+0000] {logging_mixin.py:149} INFO - [2023-06-14T02:34:07.532+0000] {dag.py:3490} INFO - Setting next_dagrun for vamosSigue to 2023-06-14T00:00:00+00:00, run_after=2023-06-15T00:00:00+00:00
[2023-06-14T02:34:07.587+0000] {processor.py:179} INFO - Processing /opt/airflow/dags/dbeaverFunciona.py took 0.322 seconds
[2023-06-14T02:34:37.691+0000] {processor.py:157} INFO - Started process (PID=141) to work on /opt/airflow/dags/dbeaverFunciona.py
[2023-06-14T02:34:37.693+0000] {processor.py:826} INFO - Processing file /opt/airflow/dags/dbeaverFunciona.py for tasks to queue
[2023-06-14T02:34:37.696+0000] {logging_mixin.py:149} INFO - [2023-06-14T02:34:37.695+0000] {dagbag.py:541} INFO - Filling up the DagBag from /opt/airflow/dags/dbeaverFunciona.py
[2023-06-14T02:34:37.784+0000] {processor.py:836} INFO - DAG(s) dict_keys(['vamosSigue']) retrieved from /opt/airflow/dags/dbeaverFunciona.py
[2023-06-14T02:34:37.852+0000] {logging_mixin.py:149} INFO - [2023-06-14T02:34:37.851+0000] {dag.py:2726} INFO - Sync 1 DAGs
[2023-06-14T02:34:37.932+0000] {logging_mixin.py:149} INFO - [2023-06-14T02:34:37.931+0000] {dag.py:3490} INFO - Setting next_dagrun for vamosSigue to 2023-06-14T00:00:00+00:00, run_after=2023-06-15T00:00:00+00:00
[2023-06-14T02:34:37.989+0000] {processor.py:179} INFO - Processing /opt/airflow/dags/dbeaverFunciona.py took 0.303 seconds
[2023-06-14T02:35:08.225+0000] {processor.py:157} INFO - Started process (PID=149) to work on /opt/airflow/dags/dbeaverFunciona.py
[2023-06-14T02:35:08.227+0000] {processor.py:826} INFO - Processing file /opt/airflow/dags/dbeaverFunciona.py for tasks to queue
[2023-06-14T02:35:08.230+0000] {logging_mixin.py:149} INFO - [2023-06-14T02:35:08.229+0000] {dagbag.py:541} INFO - Filling up the DagBag from /opt/airflow/dags/dbeaverFunciona.py
[2023-06-14T02:35:08.307+0000] {processor.py:836} INFO - DAG(s) dict_keys(['vamosSigue']) retrieved from /opt/airflow/dags/dbeaverFunciona.py
[2023-06-14T02:35:08.369+0000] {logging_mixin.py:149} INFO - [2023-06-14T02:35:08.369+0000] {dag.py:2726} INFO - Sync 1 DAGs
[2023-06-14T02:35:08.439+0000] {logging_mixin.py:149} INFO - [2023-06-14T02:35:08.439+0000] {dag.py:3490} INFO - Setting next_dagrun for vamosSigue to 2023-06-14T00:00:00+00:00, run_after=2023-06-15T00:00:00+00:00
[2023-06-14T02:35:08.495+0000] {processor.py:179} INFO - Processing /opt/airflow/dags/dbeaverFunciona.py took 0.276 seconds
[2023-06-14T02:35:38.634+0000] {processor.py:157} INFO - Started process (PID=157) to work on /opt/airflow/dags/dbeaverFunciona.py
[2023-06-14T02:35:38.636+0000] {processor.py:826} INFO - Processing file /opt/airflow/dags/dbeaverFunciona.py for tasks to queue
[2023-06-14T02:35:38.638+0000] {logging_mixin.py:149} INFO - [2023-06-14T02:35:38.637+0000] {dagbag.py:541} INFO - Filling up the DagBag from /opt/airflow/dags/dbeaverFunciona.py
[2023-06-14T02:35:38.714+0000] {processor.py:836} INFO - DAG(s) dict_keys(['vamosSigue']) retrieved from /opt/airflow/dags/dbeaverFunciona.py
[2023-06-14T02:35:38.782+0000] {logging_mixin.py:149} INFO - [2023-06-14T02:35:38.782+0000] {dag.py:2726} INFO - Sync 1 DAGs
[2023-06-14T02:35:38.850+0000] {logging_mixin.py:149} INFO - [2023-06-14T02:35:38.849+0000] {dag.py:3490} INFO - Setting next_dagrun for vamosSigue to 2023-06-14T00:00:00+00:00, run_after=2023-06-15T00:00:00+00:00
[2023-06-14T02:35:38.903+0000] {processor.py:179} INFO - Processing /opt/airflow/dags/dbeaverFunciona.py took 0.272 seconds
[2023-06-14T02:36:09.169+0000] {processor.py:157} INFO - Started process (PID=166) to work on /opt/airflow/dags/dbeaverFunciona.py
[2023-06-14T02:36:09.171+0000] {processor.py:826} INFO - Processing file /opt/airflow/dags/dbeaverFunciona.py for tasks to queue
[2023-06-14T02:36:09.173+0000] {logging_mixin.py:149} INFO - [2023-06-14T02:36:09.173+0000] {dagbag.py:541} INFO - Filling up the DagBag from /opt/airflow/dags/dbeaverFunciona.py
[2023-06-14T02:36:09.267+0000] {processor.py:836} INFO - DAG(s) dict_keys(['vamosSigue']) retrieved from /opt/airflow/dags/dbeaverFunciona.py
[2023-06-14T02:36:09.333+0000] {logging_mixin.py:149} INFO - [2023-06-14T02:36:09.333+0000] {dag.py:2726} INFO - Sync 1 DAGs
[2023-06-14T02:36:09.393+0000] {logging_mixin.py:149} INFO - [2023-06-14T02:36:09.393+0000] {dag.py:3490} INFO - Setting next_dagrun for vamosSigue to 2023-06-14T00:00:00+00:00, run_after=2023-06-15T00:00:00+00:00
[2023-06-14T02:36:09.444+0000] {processor.py:179} INFO - Processing /opt/airflow/dags/dbeaverFunciona.py took 0.280 seconds
[2023-06-14T02:36:39.556+0000] {processor.py:157} INFO - Started process (PID=174) to work on /opt/airflow/dags/dbeaverFunciona.py
[2023-06-14T02:36:39.557+0000] {processor.py:826} INFO - Processing file /opt/airflow/dags/dbeaverFunciona.py for tasks to queue
[2023-06-14T02:36:39.559+0000] {logging_mixin.py:149} INFO - [2023-06-14T02:36:39.559+0000] {dagbag.py:541} INFO - Filling up the DagBag from /opt/airflow/dags/dbeaverFunciona.py
[2023-06-14T02:36:39.717+0000] {processor.py:836} INFO - DAG(s) dict_keys(['vamosSigue']) retrieved from /opt/airflow/dags/dbeaverFunciona.py
[2023-06-14T02:36:39.832+0000] {logging_mixin.py:149} INFO - [2023-06-14T02:36:39.829+0000] {dag.py:2726} INFO - Sync 1 DAGs
[2023-06-14T02:36:39.934+0000] {logging_mixin.py:149} INFO - [2023-06-14T02:36:39.934+0000] {dag.py:3490} INFO - Setting next_dagrun for vamosSigue to 2023-06-14T00:00:00+00:00, run_after=2023-06-15T00:00:00+00:00
[2023-06-14T02:36:40.062+0000] {processor.py:179} INFO - Processing /opt/airflow/dags/dbeaverFunciona.py took 0.510 seconds
[2023-06-14T02:37:10.334+0000] {processor.py:157} INFO - Started process (PID=182) to work on /opt/airflow/dags/dbeaverFunciona.py
[2023-06-14T02:37:10.335+0000] {processor.py:826} INFO - Processing file /opt/airflow/dags/dbeaverFunciona.py for tasks to queue
[2023-06-14T02:37:10.337+0000] {logging_mixin.py:149} INFO - [2023-06-14T02:37:10.336+0000] {dagbag.py:541} INFO - Filling up the DagBag from /opt/airflow/dags/dbeaverFunciona.py
[2023-06-14T02:37:10.382+0000] {processor.py:836} INFO - DAG(s) dict_keys(['vamosSigue']) retrieved from /opt/airflow/dags/dbeaverFunciona.py
[2023-06-14T02:37:10.415+0000] {logging_mixin.py:149} INFO - [2023-06-14T02:37:10.415+0000] {dag.py:2726} INFO - Sync 1 DAGs
[2023-06-14T02:37:10.449+0000] {logging_mixin.py:149} INFO - [2023-06-14T02:37:10.448+0000] {dag.py:3490} INFO - Setting next_dagrun for vamosSigue to 2023-06-14T00:00:00+00:00, run_after=2023-06-15T00:00:00+00:00
[2023-06-14T02:37:10.476+0000] {processor.py:179} INFO - Processing /opt/airflow/dags/dbeaverFunciona.py took 0.145 seconds
[2023-06-14T02:37:40.588+0000] {processor.py:157} INFO - Started process (PID=190) to work on /opt/airflow/dags/dbeaverFunciona.py
[2023-06-14T02:37:40.589+0000] {processor.py:826} INFO - Processing file /opt/airflow/dags/dbeaverFunciona.py for tasks to queue
[2023-06-14T02:37:40.590+0000] {logging_mixin.py:149} INFO - [2023-06-14T02:37:40.590+0000] {dagbag.py:541} INFO - Filling up the DagBag from /opt/airflow/dags/dbeaverFunciona.py
[2023-06-14T02:37:40.633+0000] {processor.py:836} INFO - DAG(s) dict_keys(['vamosSigue']) retrieved from /opt/airflow/dags/dbeaverFunciona.py
[2023-06-14T02:37:40.668+0000] {logging_mixin.py:149} INFO - [2023-06-14T02:37:40.667+0000] {dag.py:2726} INFO - Sync 1 DAGs
[2023-06-14T02:37:40.701+0000] {logging_mixin.py:149} INFO - [2023-06-14T02:37:40.700+0000] {dag.py:3490} INFO - Setting next_dagrun for vamosSigue to 2023-06-14T00:00:00+00:00, run_after=2023-06-15T00:00:00+00:00
[2023-06-14T02:37:40.733+0000] {processor.py:179} INFO - Processing /opt/airflow/dags/dbeaverFunciona.py took 0.147 seconds
[2023-06-14T02:38:10.993+0000] {processor.py:157} INFO - Started process (PID=198) to work on /opt/airflow/dags/dbeaverFunciona.py
[2023-06-14T02:38:10.994+0000] {processor.py:826} INFO - Processing file /opt/airflow/dags/dbeaverFunciona.py for tasks to queue
[2023-06-14T02:38:10.995+0000] {logging_mixin.py:149} INFO - [2023-06-14T02:38:10.995+0000] {dagbag.py:541} INFO - Filling up the DagBag from /opt/airflow/dags/dbeaverFunciona.py
[2023-06-14T02:38:11.038+0000] {processor.py:836} INFO - DAG(s) dict_keys(['vamosSigue']) retrieved from /opt/airflow/dags/dbeaverFunciona.py
[2023-06-14T02:38:11.075+0000] {logging_mixin.py:149} INFO - [2023-06-14T02:38:11.075+0000] {dag.py:2726} INFO - Sync 1 DAGs
[2023-06-14T02:38:11.107+0000] {logging_mixin.py:149} INFO - [2023-06-14T02:38:11.107+0000] {dag.py:3490} INFO - Setting next_dagrun for vamosSigue to 2023-06-14T00:00:00+00:00, run_after=2023-06-15T00:00:00+00:00
[2023-06-14T02:38:11.139+0000] {processor.py:179} INFO - Processing /opt/airflow/dags/dbeaverFunciona.py took 0.148 seconds
