[2023-06-15T14:08:08.674+0000] {taskinstance.py:1103} INFO - Dependencies all met for dep_context=non-requeueable deps ti=<TaskInstance: pipelineWorldBank.creacion_tabla scheduled__2023-06-13T00:00:00+00:00 [queued]>
[2023-06-15T14:08:08.694+0000] {taskinstance.py:1103} INFO - Dependencies all met for dep_context=requeueable deps ti=<TaskInstance: pipelineWorldBank.creacion_tabla scheduled__2023-06-13T00:00:00+00:00 [queued]>
[2023-06-15T14:08:08.695+0000] {taskinstance.py:1308} INFO - Starting attempt 1 of 1
[2023-06-15T14:08:08.724+0000] {taskinstance.py:1327} INFO - Executing <Task(PostgresOperator): creacion_tabla> on 2023-06-13 00:00:00+00:00
[2023-06-15T14:08:08.731+0000] {standard_task_runner.py:57} INFO - Started process 155 to run task
[2023-06-15T14:08:08.735+0000] {standard_task_runner.py:84} INFO - Running: ['***', 'tasks', 'run', 'pipelineWorldBank', 'creacion_tabla', 'scheduled__2023-06-13T00:00:00+00:00', '--job-id', '82', '--raw', '--subdir', 'DAGS_FOLDER/pipelineWorldBank.py', '--cfg-path', '/tmp/tmpmx51pspa']
[2023-06-15T14:08:08.736+0000] {standard_task_runner.py:85} INFO - Job 82: Subtask creacion_tabla
[2023-06-15T14:08:08.804+0000] {task_command.py:410} INFO - Running <TaskInstance: pipelineWorldBank.creacion_tabla scheduled__2023-06-13T00:00:00+00:00 [running]> on host b41452b45446
[2023-06-15T14:08:08.955+0000] {taskinstance.py:1547} INFO - Exporting env vars: AIRFLOW_CTX_DAG_OWNER='***' AIRFLOW_CTX_DAG_ID='pipelineWorldBank' AIRFLOW_CTX_TASK_ID='creacion_tabla' AIRFLOW_CTX_EXECUTION_DATE='2023-06-13T00:00:00+00:00' AIRFLOW_CTX_TRY_NUMBER='1' AIRFLOW_CTX_DAG_RUN_ID='scheduled__2023-06-13T00:00:00+00:00'
[2023-06-15T14:08:08.957+0000] {sql.py:262} INFO - Executing: 
            CREATE TABLE IF NOT EXISTS datos (
                id VARCHAR,
                country VARCHAR, 
                iso3code VARCHAR,
                date VARCHAR,
                population VARCHAR
            )
        
[2023-06-15T14:08:08.972+0000] {base.py:73} INFO - Using connection ID 'postgres_localhost' for task execution.
[2023-06-15T14:08:09.074+0000] {base.py:73} INFO - Using connection ID 'postgres_localhost' for task execution.
[2023-06-15T14:08:09.095+0000] {sql.py:375} INFO - Running statement: 
            CREATE TABLE IF NOT EXISTS datos (
                id VARCHAR,
                country VARCHAR, 
                iso3code VARCHAR,
                date VARCHAR,
                population VARCHAR
            )
        , parameters: None
[2023-06-15T14:08:09.123+0000] {taskinstance.py:1350} INFO - Marking task as SUCCESS. dag_id=pipelineWorldBank, task_id=creacion_tabla, execution_date=20230613T000000, start_date=20230615T140808, end_date=20230615T140809
[2023-06-15T14:08:09.189+0000] {local_task_job_runner.py:225} INFO - Task exited with return code 0
[2023-06-15T14:08:09.236+0000] {taskinstance.py:2651} INFO - 1 downstream tasks scheduled from follow-on schedule check
