[2023-06-13T01:49:58.800+0000] {processor.py:157} INFO - Started process (PID=44) to work on /home/airflow/.local/lib/python3.7/site-packages/airflow/example_dags/example_sensors.py
[2023-06-13T01:49:58.802+0000] {processor.py:826} INFO - Processing file /home/airflow/.local/lib/python3.7/site-packages/airflow/example_dags/example_sensors.py for tasks to queue
[2023-06-13T01:49:58.804+0000] {logging_mixin.py:149} INFO - [2023-06-13T01:49:58.804+0000] {dagbag.py:541} INFO - Filling up the DagBag from /home/airflow/.local/lib/python3.7/site-packages/airflow/example_dags/example_sensors.py
[2023-06-13T01:49:58.837+0000] {processor.py:836} INFO - DAG(s) dict_keys(['example_sensors']) retrieved from /home/airflow/.local/lib/python3.7/site-packages/airflow/example_dags/example_sensors.py
[2023-06-13T01:49:58.864+0000] {logging_mixin.py:149} INFO - [2023-06-13T01:49:58.864+0000] {dag.py:2726} INFO - Sync 1 DAGs
[2023-06-13T01:49:58.918+0000] {logging_mixin.py:149} INFO - [2023-06-13T01:49:58.918+0000] {dag.py:3490} INFO - Setting next_dagrun for example_sensors to None, run_after=None
[2023-06-13T01:49:58.968+0000] {processor.py:179} INFO - Processing /home/airflow/.local/lib/python3.7/site-packages/airflow/example_dags/example_sensors.py took 0.171 seconds
[2023-06-13T01:50:29.841+0000] {processor.py:157} INFO - Started process (PID=104) to work on /home/airflow/.local/lib/python3.7/site-packages/airflow/example_dags/example_sensors.py
[2023-06-13T01:50:29.843+0000] {processor.py:826} INFO - Processing file /home/airflow/.local/lib/python3.7/site-packages/airflow/example_dags/example_sensors.py for tasks to queue
[2023-06-13T01:50:29.844+0000] {logging_mixin.py:149} INFO - [2023-06-13T01:50:29.844+0000] {dagbag.py:541} INFO - Filling up the DagBag from /home/airflow/.local/lib/python3.7/site-packages/airflow/example_dags/example_sensors.py
[2023-06-13T01:50:29.857+0000] {processor.py:836} INFO - DAG(s) dict_keys(['example_sensors']) retrieved from /home/airflow/.local/lib/python3.7/site-packages/airflow/example_dags/example_sensors.py
[2023-06-13T01:50:29.908+0000] {logging_mixin.py:149} INFO - [2023-06-13T01:50:29.908+0000] {dag.py:2726} INFO - Sync 1 DAGs
[2023-06-13T01:50:29.957+0000] {logging_mixin.py:149} INFO - [2023-06-13T01:50:29.957+0000] {dag.py:3490} INFO - Setting next_dagrun for example_sensors to None, run_after=None
[2023-06-13T01:50:29.996+0000] {processor.py:179} INFO - Processing /home/airflow/.local/lib/python3.7/site-packages/airflow/example_dags/example_sensors.py took 0.158 seconds
[2023-06-13T01:51:00.777+0000] {processor.py:157} INFO - Started process (PID=164) to work on /home/airflow/.local/lib/python3.7/site-packages/airflow/example_dags/example_sensors.py
[2023-06-13T01:51:00.778+0000] {processor.py:826} INFO - Processing file /home/airflow/.local/lib/python3.7/site-packages/airflow/example_dags/example_sensors.py for tasks to queue
[2023-06-13T01:51:00.780+0000] {logging_mixin.py:149} INFO - [2023-06-13T01:51:00.780+0000] {dagbag.py:541} INFO - Filling up the DagBag from /home/airflow/.local/lib/python3.7/site-packages/airflow/example_dags/example_sensors.py
[2023-06-13T01:51:00.794+0000] {processor.py:836} INFO - DAG(s) dict_keys(['example_sensors']) retrieved from /home/airflow/.local/lib/python3.7/site-packages/airflow/example_dags/example_sensors.py
[2023-06-13T01:51:00.853+0000] {logging_mixin.py:149} INFO - [2023-06-13T01:51:00.852+0000] {dag.py:2726} INFO - Sync 1 DAGs
[2023-06-13T01:51:00.892+0000] {logging_mixin.py:149} INFO - [2023-06-13T01:51:00.892+0000] {dag.py:3490} INFO - Setting next_dagrun for example_sensors to None, run_after=None
[2023-06-13T01:51:00.941+0000] {processor.py:179} INFO - Processing /home/airflow/.local/lib/python3.7/site-packages/airflow/example_dags/example_sensors.py took 0.168 seconds
[2023-06-13T01:51:31.456+0000] {processor.py:157} INFO - Started process (PID=224) to work on /home/airflow/.local/lib/python3.7/site-packages/airflow/example_dags/example_sensors.py
[2023-06-13T01:51:31.457+0000] {processor.py:826} INFO - Processing file /home/airflow/.local/lib/python3.7/site-packages/airflow/example_dags/example_sensors.py for tasks to queue
[2023-06-13T01:51:31.459+0000] {logging_mixin.py:149} INFO - [2023-06-13T01:51:31.459+0000] {dagbag.py:541} INFO - Filling up the DagBag from /home/airflow/.local/lib/python3.7/site-packages/airflow/example_dags/example_sensors.py
[2023-06-13T01:51:31.473+0000] {processor.py:836} INFO - DAG(s) dict_keys(['example_sensors']) retrieved from /home/airflow/.local/lib/python3.7/site-packages/airflow/example_dags/example_sensors.py
[2023-06-13T01:51:31.521+0000] {logging_mixin.py:149} INFO - [2023-06-13T01:51:31.521+0000] {dag.py:2726} INFO - Sync 1 DAGs
[2023-06-13T01:51:31.571+0000] {logging_mixin.py:149} INFO - [2023-06-13T01:51:31.571+0000] {dag.py:3490} INFO - Setting next_dagrun for example_sensors to None, run_after=None
[2023-06-13T01:51:31.604+0000] {processor.py:179} INFO - Processing /home/airflow/.local/lib/python3.7/site-packages/airflow/example_dags/example_sensors.py took 0.153 seconds
[2023-06-13T01:53:50.417+0000] {processor.py:157} INFO - Started process (PID=44) to work on /home/airflow/.local/lib/python3.7/site-packages/airflow/example_dags/example_sensors.py
[2023-06-13T01:53:50.419+0000] {processor.py:826} INFO - Processing file /home/airflow/.local/lib/python3.7/site-packages/airflow/example_dags/example_sensors.py for tasks to queue
[2023-06-13T01:53:50.425+0000] {logging_mixin.py:149} INFO - [2023-06-13T01:53:50.424+0000] {dagbag.py:541} INFO - Filling up the DagBag from /home/airflow/.local/lib/python3.7/site-packages/airflow/example_dags/example_sensors.py
[2023-06-13T01:53:50.470+0000] {processor.py:836} INFO - DAG(s) dict_keys(['example_sensors']) retrieved from /home/airflow/.local/lib/python3.7/site-packages/airflow/example_dags/example_sensors.py
[2023-06-13T01:53:50.617+0000] {logging_mixin.py:149} INFO - [2023-06-13T01:53:50.617+0000] {dag.py:2726} INFO - Sync 1 DAGs
[2023-06-13T01:53:50.765+0000] {logging_mixin.py:149} INFO - [2023-06-13T01:53:50.765+0000] {dag.py:3490} INFO - Setting next_dagrun for example_sensors to None, run_after=None
[2023-06-13T01:53:50.866+0000] {processor.py:179} INFO - Processing /home/airflow/.local/lib/python3.7/site-packages/airflow/example_dags/example_sensors.py took 0.456 seconds
[2023-06-13T01:54:21.707+0000] {processor.py:157} INFO - Started process (PID=112) to work on /home/airflow/.local/lib/python3.7/site-packages/airflow/example_dags/example_sensors.py
[2023-06-13T01:54:21.709+0000] {processor.py:826} INFO - Processing file /home/airflow/.local/lib/python3.7/site-packages/airflow/example_dags/example_sensors.py for tasks to queue
[2023-06-13T01:54:21.711+0000] {logging_mixin.py:149} INFO - [2023-06-13T01:54:21.711+0000] {dagbag.py:541} INFO - Filling up the DagBag from /home/airflow/.local/lib/python3.7/site-packages/airflow/example_dags/example_sensors.py
[2023-06-13T01:54:21.729+0000] {processor.py:836} INFO - DAG(s) dict_keys(['example_sensors']) retrieved from /home/airflow/.local/lib/python3.7/site-packages/airflow/example_dags/example_sensors.py
[2023-06-13T01:54:21.808+0000] {logging_mixin.py:149} INFO - [2023-06-13T01:54:21.807+0000] {dag.py:2726} INFO - Sync 1 DAGs
[2023-06-13T01:54:21.874+0000] {logging_mixin.py:149} INFO - [2023-06-13T01:54:21.874+0000] {dag.py:3490} INFO - Setting next_dagrun for example_sensors to None, run_after=None
[2023-06-13T01:54:21.973+0000] {processor.py:179} INFO - Processing /home/airflow/.local/lib/python3.7/site-packages/airflow/example_dags/example_sensors.py took 0.270 seconds
[2023-06-13T01:54:52.059+0000] {processor.py:157} INFO - Started process (PID=172) to work on /home/airflow/.local/lib/python3.7/site-packages/airflow/example_dags/example_sensors.py
[2023-06-13T01:54:52.060+0000] {processor.py:826} INFO - Processing file /home/airflow/.local/lib/python3.7/site-packages/airflow/example_dags/example_sensors.py for tasks to queue
[2023-06-13T01:54:52.061+0000] {logging_mixin.py:149} INFO - [2023-06-13T01:54:52.061+0000] {dagbag.py:541} INFO - Filling up the DagBag from /home/airflow/.local/lib/python3.7/site-packages/airflow/example_dags/example_sensors.py
[2023-06-13T01:54:52.072+0000] {processor.py:836} INFO - DAG(s) dict_keys(['example_sensors']) retrieved from /home/airflow/.local/lib/python3.7/site-packages/airflow/example_dags/example_sensors.py
[2023-06-13T01:54:52.108+0000] {logging_mixin.py:149} INFO - [2023-06-13T01:54:52.108+0000] {dag.py:2726} INFO - Sync 1 DAGs
[2023-06-13T01:54:52.151+0000] {logging_mixin.py:149} INFO - [2023-06-13T01:54:52.151+0000] {dag.py:3490} INFO - Setting next_dagrun for example_sensors to None, run_after=None
[2023-06-13T01:54:52.189+0000] {processor.py:179} INFO - Processing /home/airflow/.local/lib/python3.7/site-packages/airflow/example_dags/example_sensors.py took 0.133 seconds
[2023-06-13T01:55:22.612+0000] {processor.py:157} INFO - Started process (PID=233) to work on /home/airflow/.local/lib/python3.7/site-packages/airflow/example_dags/example_sensors.py
[2023-06-13T01:55:22.614+0000] {processor.py:826} INFO - Processing file /home/airflow/.local/lib/python3.7/site-packages/airflow/example_dags/example_sensors.py for tasks to queue
[2023-06-13T01:55:22.615+0000] {logging_mixin.py:149} INFO - [2023-06-13T01:55:22.615+0000] {dagbag.py:541} INFO - Filling up the DagBag from /home/airflow/.local/lib/python3.7/site-packages/airflow/example_dags/example_sensors.py
[2023-06-13T01:55:22.628+0000] {processor.py:836} INFO - DAG(s) dict_keys(['example_sensors']) retrieved from /home/airflow/.local/lib/python3.7/site-packages/airflow/example_dags/example_sensors.py
[2023-06-13T01:55:22.677+0000] {logging_mixin.py:149} INFO - [2023-06-13T01:55:22.677+0000] {dag.py:2726} INFO - Sync 1 DAGs
[2023-06-13T01:55:22.716+0000] {logging_mixin.py:149} INFO - [2023-06-13T01:55:22.715+0000] {dag.py:3490} INFO - Setting next_dagrun for example_sensors to None, run_after=None
[2023-06-13T01:55:22.768+0000] {processor.py:179} INFO - Processing /home/airflow/.local/lib/python3.7/site-packages/airflow/example_dags/example_sensors.py took 0.158 seconds
[2023-06-13T01:55:52.928+0000] {processor.py:157} INFO - Started process (PID=293) to work on /home/airflow/.local/lib/python3.7/site-packages/airflow/example_dags/example_sensors.py
[2023-06-13T01:55:52.930+0000] {processor.py:826} INFO - Processing file /home/airflow/.local/lib/python3.7/site-packages/airflow/example_dags/example_sensors.py for tasks to queue
[2023-06-13T01:55:52.931+0000] {logging_mixin.py:149} INFO - [2023-06-13T01:55:52.931+0000] {dagbag.py:541} INFO - Filling up the DagBag from /home/airflow/.local/lib/python3.7/site-packages/airflow/example_dags/example_sensors.py
[2023-06-13T01:55:52.945+0000] {processor.py:836} INFO - DAG(s) dict_keys(['example_sensors']) retrieved from /home/airflow/.local/lib/python3.7/site-packages/airflow/example_dags/example_sensors.py
[2023-06-13T01:55:52.994+0000] {logging_mixin.py:149} INFO - [2023-06-13T01:55:52.993+0000] {dag.py:2726} INFO - Sync 1 DAGs
[2023-06-13T01:55:53.042+0000] {logging_mixin.py:149} INFO - [2023-06-13T01:55:53.041+0000] {dag.py:3490} INFO - Setting next_dagrun for example_sensors to None, run_after=None
[2023-06-13T01:55:53.083+0000] {processor.py:179} INFO - Processing /home/airflow/.local/lib/python3.7/site-packages/airflow/example_dags/example_sensors.py took 0.160 seconds
[2023-06-13T01:56:23.283+0000] {processor.py:157} INFO - Started process (PID=352) to work on /home/airflow/.local/lib/python3.7/site-packages/airflow/example_dags/example_sensors.py
[2023-06-13T01:56:23.285+0000] {processor.py:826} INFO - Processing file /home/airflow/.local/lib/python3.7/site-packages/airflow/example_dags/example_sensors.py for tasks to queue
[2023-06-13T01:56:23.286+0000] {logging_mixin.py:149} INFO - [2023-06-13T01:56:23.286+0000] {dagbag.py:541} INFO - Filling up the DagBag from /home/airflow/.local/lib/python3.7/site-packages/airflow/example_dags/example_sensors.py
[2023-06-13T01:56:23.301+0000] {processor.py:836} INFO - DAG(s) dict_keys(['example_sensors']) retrieved from /home/airflow/.local/lib/python3.7/site-packages/airflow/example_dags/example_sensors.py
[2023-06-13T01:56:23.349+0000] {logging_mixin.py:149} INFO - [2023-06-13T01:56:23.348+0000] {dag.py:2726} INFO - Sync 1 DAGs
[2023-06-13T01:56:23.396+0000] {logging_mixin.py:149} INFO - [2023-06-13T01:56:23.396+0000] {dag.py:3490} INFO - Setting next_dagrun for example_sensors to None, run_after=None
[2023-06-13T01:56:23.448+0000] {processor.py:179} INFO - Processing /home/airflow/.local/lib/python3.7/site-packages/airflow/example_dags/example_sensors.py took 0.169 seconds
[2023-06-13T01:56:53.756+0000] {processor.py:157} INFO - Started process (PID=413) to work on /home/airflow/.local/lib/python3.7/site-packages/airflow/example_dags/example_sensors.py
[2023-06-13T01:56:53.758+0000] {processor.py:826} INFO - Processing file /home/airflow/.local/lib/python3.7/site-packages/airflow/example_dags/example_sensors.py for tasks to queue
[2023-06-13T01:56:53.759+0000] {logging_mixin.py:149} INFO - [2023-06-13T01:56:53.759+0000] {dagbag.py:541} INFO - Filling up the DagBag from /home/airflow/.local/lib/python3.7/site-packages/airflow/example_dags/example_sensors.py
[2023-06-13T01:56:53.771+0000] {processor.py:836} INFO - DAG(s) dict_keys(['example_sensors']) retrieved from /home/airflow/.local/lib/python3.7/site-packages/airflow/example_dags/example_sensors.py
[2023-06-13T01:56:53.815+0000] {logging_mixin.py:149} INFO - [2023-06-13T01:56:53.814+0000] {dag.py:2726} INFO - Sync 1 DAGs
[2023-06-13T01:56:53.854+0000] {logging_mixin.py:149} INFO - [2023-06-13T01:56:53.854+0000] {dag.py:3490} INFO - Setting next_dagrun for example_sensors to None, run_after=None
[2023-06-13T01:56:53.888+0000] {processor.py:179} INFO - Processing /home/airflow/.local/lib/python3.7/site-packages/airflow/example_dags/example_sensors.py took 0.136 seconds
[2023-06-13T01:57:24.647+0000] {processor.py:157} INFO - Started process (PID=474) to work on /home/airflow/.local/lib/python3.7/site-packages/airflow/example_dags/example_sensors.py
[2023-06-13T01:57:24.648+0000] {processor.py:826} INFO - Processing file /home/airflow/.local/lib/python3.7/site-packages/airflow/example_dags/example_sensors.py for tasks to queue
[2023-06-13T01:57:24.650+0000] {logging_mixin.py:149} INFO - [2023-06-13T01:57:24.650+0000] {dagbag.py:541} INFO - Filling up the DagBag from /home/airflow/.local/lib/python3.7/site-packages/airflow/example_dags/example_sensors.py
[2023-06-13T01:57:24.662+0000] {processor.py:836} INFO - DAG(s) dict_keys(['example_sensors']) retrieved from /home/airflow/.local/lib/python3.7/site-packages/airflow/example_dags/example_sensors.py
[2023-06-13T01:57:24.704+0000] {logging_mixin.py:149} INFO - [2023-06-13T01:57:24.704+0000] {dag.py:2726} INFO - Sync 1 DAGs
[2023-06-13T01:57:24.747+0000] {logging_mixin.py:149} INFO - [2023-06-13T01:57:24.747+0000] {dag.py:3490} INFO - Setting next_dagrun for example_sensors to None, run_after=None
[2023-06-13T01:57:24.787+0000] {processor.py:179} INFO - Processing /home/airflow/.local/lib/python3.7/site-packages/airflow/example_dags/example_sensors.py took 0.143 seconds
[2023-06-13T01:57:55.145+0000] {processor.py:157} INFO - Started process (PID=533) to work on /home/airflow/.local/lib/python3.7/site-packages/airflow/example_dags/example_sensors.py
[2023-06-13T01:57:55.147+0000] {processor.py:826} INFO - Processing file /home/airflow/.local/lib/python3.7/site-packages/airflow/example_dags/example_sensors.py for tasks to queue
[2023-06-13T01:57:55.149+0000] {logging_mixin.py:149} INFO - [2023-06-13T01:57:55.148+0000] {dagbag.py:541} INFO - Filling up the DagBag from /home/airflow/.local/lib/python3.7/site-packages/airflow/example_dags/example_sensors.py
[2023-06-13T01:57:55.164+0000] {processor.py:836} INFO - DAG(s) dict_keys(['example_sensors']) retrieved from /home/airflow/.local/lib/python3.7/site-packages/airflow/example_dags/example_sensors.py
[2023-06-13T01:57:55.213+0000] {logging_mixin.py:149} INFO - [2023-06-13T01:57:55.213+0000] {dag.py:2726} INFO - Sync 1 DAGs
[2023-06-13T01:57:55.254+0000] {logging_mixin.py:149} INFO - [2023-06-13T01:57:55.254+0000] {dag.py:3490} INFO - Setting next_dagrun for example_sensors to None, run_after=None
[2023-06-13T01:57:55.297+0000] {processor.py:179} INFO - Processing /home/airflow/.local/lib/python3.7/site-packages/airflow/example_dags/example_sensors.py took 0.156 seconds
[2023-06-13T01:58:25.494+0000] {processor.py:157} INFO - Started process (PID=593) to work on /home/airflow/.local/lib/python3.7/site-packages/airflow/example_dags/example_sensors.py
[2023-06-13T01:58:25.495+0000] {processor.py:826} INFO - Processing file /home/airflow/.local/lib/python3.7/site-packages/airflow/example_dags/example_sensors.py for tasks to queue
[2023-06-13T01:58:25.496+0000] {logging_mixin.py:149} INFO - [2023-06-13T01:58:25.496+0000] {dagbag.py:541} INFO - Filling up the DagBag from /home/airflow/.local/lib/python3.7/site-packages/airflow/example_dags/example_sensors.py
[2023-06-13T01:58:25.509+0000] {processor.py:836} INFO - DAG(s) dict_keys(['example_sensors']) retrieved from /home/airflow/.local/lib/python3.7/site-packages/airflow/example_dags/example_sensors.py
[2023-06-13T01:58:25.527+0000] {logging_mixin.py:149} INFO - [2023-06-13T01:58:25.527+0000] {dag.py:2726} INFO - Sync 1 DAGs
[2023-06-13T01:58:25.566+0000] {logging_mixin.py:149} INFO - [2023-06-13T01:58:25.565+0000] {dag.py:3490} INFO - Setting next_dagrun for example_sensors to None, run_after=None
[2023-06-13T01:58:25.596+0000] {processor.py:179} INFO - Processing /home/airflow/.local/lib/python3.7/site-packages/airflow/example_dags/example_sensors.py took 0.106 seconds
[2023-06-13T01:58:55.821+0000] {processor.py:157} INFO - Started process (PID=653) to work on /home/airflow/.local/lib/python3.7/site-packages/airflow/example_dags/example_sensors.py
[2023-06-13T01:58:55.822+0000] {processor.py:826} INFO - Processing file /home/airflow/.local/lib/python3.7/site-packages/airflow/example_dags/example_sensors.py for tasks to queue
[2023-06-13T01:58:55.824+0000] {logging_mixin.py:149} INFO - [2023-06-13T01:58:55.824+0000] {dagbag.py:541} INFO - Filling up the DagBag from /home/airflow/.local/lib/python3.7/site-packages/airflow/example_dags/example_sensors.py
[2023-06-13T01:58:55.839+0000] {processor.py:836} INFO - DAG(s) dict_keys(['example_sensors']) retrieved from /home/airflow/.local/lib/python3.7/site-packages/airflow/example_dags/example_sensors.py
[2023-06-13T01:58:55.881+0000] {logging_mixin.py:149} INFO - [2023-06-13T01:58:55.880+0000] {dag.py:2726} INFO - Sync 1 DAGs
[2023-06-13T01:58:55.928+0000] {logging_mixin.py:149} INFO - [2023-06-13T01:58:55.928+0000] {dag.py:3490} INFO - Setting next_dagrun for example_sensors to None, run_after=None
[2023-06-13T01:58:55.971+0000] {processor.py:179} INFO - Processing /home/airflow/.local/lib/python3.7/site-packages/airflow/example_dags/example_sensors.py took 0.154 seconds
[2023-06-13T01:59:26.372+0000] {processor.py:157} INFO - Started process (PID=713) to work on /home/airflow/.local/lib/python3.7/site-packages/airflow/example_dags/example_sensors.py
[2023-06-13T01:59:26.374+0000] {processor.py:826} INFO - Processing file /home/airflow/.local/lib/python3.7/site-packages/airflow/example_dags/example_sensors.py for tasks to queue
[2023-06-13T01:59:26.375+0000] {logging_mixin.py:149} INFO - [2023-06-13T01:59:26.375+0000] {dagbag.py:541} INFO - Filling up the DagBag from /home/airflow/.local/lib/python3.7/site-packages/airflow/example_dags/example_sensors.py
[2023-06-13T01:59:26.389+0000] {processor.py:836} INFO - DAG(s) dict_keys(['example_sensors']) retrieved from /home/airflow/.local/lib/python3.7/site-packages/airflow/example_dags/example_sensors.py
[2023-06-13T01:59:26.437+0000] {logging_mixin.py:149} INFO - [2023-06-13T01:59:26.437+0000] {dag.py:2726} INFO - Sync 1 DAGs
[2023-06-13T01:59:26.481+0000] {logging_mixin.py:149} INFO - [2023-06-13T01:59:26.480+0000] {dag.py:3490} INFO - Setting next_dagrun for example_sensors to None, run_after=None
[2023-06-13T01:59:26.527+0000] {processor.py:179} INFO - Processing /home/airflow/.local/lib/python3.7/site-packages/airflow/example_dags/example_sensors.py took 0.158 seconds
[2023-06-13T02:00:59.945+0000] {processor.py:157} INFO - Started process (PID=44) to work on /home/airflow/.local/lib/python3.7/site-packages/airflow/example_dags/example_sensors.py
[2023-06-13T02:00:59.947+0000] {processor.py:826} INFO - Processing file /home/airflow/.local/lib/python3.7/site-packages/airflow/example_dags/example_sensors.py for tasks to queue
[2023-06-13T02:00:59.948+0000] {logging_mixin.py:149} INFO - [2023-06-13T02:00:59.948+0000] {dagbag.py:541} INFO - Filling up the DagBag from /home/airflow/.local/lib/python3.7/site-packages/airflow/example_dags/example_sensors.py
[2023-06-13T02:00:59.978+0000] {processor.py:836} INFO - DAG(s) dict_keys(['example_sensors']) retrieved from /home/airflow/.local/lib/python3.7/site-packages/airflow/example_dags/example_sensors.py
[2023-06-13T02:01:00.090+0000] {logging_mixin.py:149} INFO - [2023-06-13T02:01:00.090+0000] {dag.py:2726} INFO - Sync 1 DAGs
[2023-06-13T02:01:00.161+0000] {logging_mixin.py:149} INFO - [2023-06-13T02:01:00.161+0000] {dag.py:3490} INFO - Setting next_dagrun for example_sensors to None, run_after=None
[2023-06-13T02:01:00.248+0000] {processor.py:179} INFO - Processing /home/airflow/.local/lib/python3.7/site-packages/airflow/example_dags/example_sensors.py took 0.311 seconds
[2023-06-13T02:01:31.403+0000] {processor.py:157} INFO - Started process (PID=104) to work on /home/airflow/.local/lib/python3.7/site-packages/airflow/example_dags/example_sensors.py
[2023-06-13T02:01:31.405+0000] {processor.py:826} INFO - Processing file /home/airflow/.local/lib/python3.7/site-packages/airflow/example_dags/example_sensors.py for tasks to queue
[2023-06-13T02:01:31.407+0000] {logging_mixin.py:149} INFO - [2023-06-13T02:01:31.407+0000] {dagbag.py:541} INFO - Filling up the DagBag from /home/airflow/.local/lib/python3.7/site-packages/airflow/example_dags/example_sensors.py
[2023-06-13T02:01:31.433+0000] {processor.py:836} INFO - DAG(s) dict_keys(['example_sensors']) retrieved from /home/airflow/.local/lib/python3.7/site-packages/airflow/example_dags/example_sensors.py
[2023-06-13T02:01:31.507+0000] {logging_mixin.py:149} INFO - [2023-06-13T02:01:31.507+0000] {dag.py:2726} INFO - Sync 1 DAGs
[2023-06-13T02:01:31.664+0000] {logging_mixin.py:149} INFO - [2023-06-13T02:01:31.664+0000] {dag.py:3490} INFO - Setting next_dagrun for example_sensors to None, run_after=None
[2023-06-13T02:01:31.749+0000] {processor.py:179} INFO - Processing /home/airflow/.local/lib/python3.7/site-packages/airflow/example_dags/example_sensors.py took 0.351 seconds
[2023-06-13T02:02:02.802+0000] {processor.py:157} INFO - Started process (PID=170) to work on /home/airflow/.local/lib/python3.7/site-packages/airflow/example_dags/example_sensors.py
[2023-06-13T02:02:02.804+0000] {processor.py:826} INFO - Processing file /home/airflow/.local/lib/python3.7/site-packages/airflow/example_dags/example_sensors.py for tasks to queue
[2023-06-13T02:02:02.806+0000] {logging_mixin.py:149} INFO - [2023-06-13T02:02:02.806+0000] {dagbag.py:541} INFO - Filling up the DagBag from /home/airflow/.local/lib/python3.7/site-packages/airflow/example_dags/example_sensors.py
[2023-06-13T02:02:02.850+0000] {processor.py:836} INFO - DAG(s) dict_keys(['example_sensors']) retrieved from /home/airflow/.local/lib/python3.7/site-packages/airflow/example_dags/example_sensors.py
[2023-06-13T02:02:03.004+0000] {logging_mixin.py:149} INFO - [2023-06-13T02:02:03.004+0000] {dag.py:2726} INFO - Sync 1 DAGs
[2023-06-13T02:02:03.103+0000] {logging_mixin.py:149} INFO - [2023-06-13T02:02:03.103+0000] {dag.py:3490} INFO - Setting next_dagrun for example_sensors to None, run_after=None
[2023-06-13T02:02:03.180+0000] {processor.py:179} INFO - Processing /home/airflow/.local/lib/python3.7/site-packages/airflow/example_dags/example_sensors.py took 0.402 seconds
[2023-06-13T02:32:22.753+0000] {processor.py:157} INFO - Started process (PID=56) to work on /home/airflow/.local/lib/python3.7/site-packages/airflow/example_dags/example_sensors.py
[2023-06-13T02:32:22.759+0000] {processor.py:826} INFO - Processing file /home/airflow/.local/lib/python3.7/site-packages/airflow/example_dags/example_sensors.py for tasks to queue
[2023-06-13T02:32:22.768+0000] {logging_mixin.py:149} INFO - [2023-06-13T02:32:22.767+0000] {dagbag.py:541} INFO - Filling up the DagBag from /home/airflow/.local/lib/python3.7/site-packages/airflow/example_dags/example_sensors.py
[2023-06-13T02:32:22.858+0000] {processor.py:836} INFO - DAG(s) dict_keys(['example_sensors']) retrieved from /home/airflow/.local/lib/python3.7/site-packages/airflow/example_dags/example_sensors.py
[2023-06-13T02:32:23.130+0000] {logging_mixin.py:149} INFO - [2023-06-13T02:32:23.128+0000] {dag.py:2726} INFO - Sync 1 DAGs
[2023-06-13T02:32:23.314+0000] {logging_mixin.py:149} INFO - [2023-06-13T02:32:23.313+0000] {dag.py:3490} INFO - Setting next_dagrun for example_sensors to None, run_after=None
[2023-06-13T02:32:23.457+0000] {processor.py:179} INFO - Processing /home/airflow/.local/lib/python3.7/site-packages/airflow/example_dags/example_sensors.py took 0.724 seconds
[2023-06-13T02:32:54.644+0000] {processor.py:157} INFO - Started process (PID=115) to work on /home/airflow/.local/lib/python3.7/site-packages/airflow/example_dags/example_sensors.py
[2023-06-13T02:32:54.668+0000] {processor.py:826} INFO - Processing file /home/airflow/.local/lib/python3.7/site-packages/airflow/example_dags/example_sensors.py for tasks to queue
[2023-06-13T02:32:54.677+0000] {logging_mixin.py:149} INFO - [2023-06-13T02:32:54.677+0000] {dagbag.py:541} INFO - Filling up the DagBag from /home/airflow/.local/lib/python3.7/site-packages/airflow/example_dags/example_sensors.py
[2023-06-13T02:32:54.719+0000] {processor.py:836} INFO - DAG(s) dict_keys(['example_sensors']) retrieved from /home/airflow/.local/lib/python3.7/site-packages/airflow/example_dags/example_sensors.py
[2023-06-13T02:32:54.889+0000] {logging_mixin.py:149} INFO - [2023-06-13T02:32:54.888+0000] {dag.py:2726} INFO - Sync 1 DAGs
[2023-06-13T02:32:55.058+0000] {logging_mixin.py:149} INFO - [2023-06-13T02:32:55.057+0000] {dag.py:3490} INFO - Setting next_dagrun for example_sensors to None, run_after=None
[2023-06-13T02:32:55.187+0000] {processor.py:179} INFO - Processing /home/airflow/.local/lib/python3.7/site-packages/airflow/example_dags/example_sensors.py took 0.558 seconds
[2023-06-13T02:33:34.668+0000] {processor.py:157} INFO - Started process (PID=181) to work on /home/airflow/.local/lib/python3.7/site-packages/airflow/example_dags/example_sensors.py
[2023-06-13T02:33:34.680+0000] {processor.py:826} INFO - Processing file /home/airflow/.local/lib/python3.7/site-packages/airflow/example_dags/example_sensors.py for tasks to queue
[2023-06-13T02:33:34.693+0000] {logging_mixin.py:149} INFO - [2023-06-13T02:33:34.692+0000] {dagbag.py:541} INFO - Filling up the DagBag from /home/airflow/.local/lib/python3.7/site-packages/airflow/example_dags/example_sensors.py
[2023-06-13T02:33:34.790+0000] {processor.py:836} INFO - DAG(s) dict_keys(['example_sensors']) retrieved from /home/airflow/.local/lib/python3.7/site-packages/airflow/example_dags/example_sensors.py
[2023-06-13T02:33:35.098+0000] {logging_mixin.py:149} INFO - [2023-06-13T02:33:35.097+0000] {dag.py:2726} INFO - Sync 1 DAGs
[2023-06-13T02:33:36.882+0000] {logging_mixin.py:149} INFO - [2023-06-13T02:33:36.872+0000] {dag.py:3490} INFO - Setting next_dagrun for example_sensors to None, run_after=None
[2023-06-13T02:33:37.202+0000] {processor.py:179} INFO - Processing /home/airflow/.local/lib/python3.7/site-packages/airflow/example_dags/example_sensors.py took 2.556 seconds
[2023-06-13T02:34:26.754+0000] {processor.py:157} INFO - Started process (PID=241) to work on /home/airflow/.local/lib/python3.7/site-packages/airflow/example_dags/example_sensors.py
[2023-06-13T02:34:26.758+0000] {processor.py:826} INFO - Processing file /home/airflow/.local/lib/python3.7/site-packages/airflow/example_dags/example_sensors.py for tasks to queue
[2023-06-13T02:34:26.762+0000] {logging_mixin.py:149} INFO - [2023-06-13T02:34:26.761+0000] {dagbag.py:541} INFO - Filling up the DagBag from /home/airflow/.local/lib/python3.7/site-packages/airflow/example_dags/example_sensors.py
[2023-06-13T02:34:26.800+0000] {processor.py:836} INFO - DAG(s) dict_keys(['example_sensors']) retrieved from /home/airflow/.local/lib/python3.7/site-packages/airflow/example_dags/example_sensors.py
[2023-06-13T02:34:26.907+0000] {logging_mixin.py:149} INFO - [2023-06-13T02:34:26.906+0000] {dag.py:2726} INFO - Sync 1 DAGs
[2023-06-13T02:34:27.023+0000] {logging_mixin.py:149} INFO - [2023-06-13T02:34:27.022+0000] {dag.py:3490} INFO - Setting next_dagrun for example_sensors to None, run_after=None
[2023-06-13T02:34:27.146+0000] {processor.py:179} INFO - Processing /home/airflow/.local/lib/python3.7/site-packages/airflow/example_dags/example_sensors.py took 0.401 seconds
[2023-06-13T02:34:57.861+0000] {processor.py:157} INFO - Started process (PID=301) to work on /home/airflow/.local/lib/python3.7/site-packages/airflow/example_dags/example_sensors.py
[2023-06-13T02:34:57.866+0000] {processor.py:826} INFO - Processing file /home/airflow/.local/lib/python3.7/site-packages/airflow/example_dags/example_sensors.py for tasks to queue
[2023-06-13T02:34:57.871+0000] {logging_mixin.py:149} INFO - [2023-06-13T02:34:57.870+0000] {dagbag.py:541} INFO - Filling up the DagBag from /home/airflow/.local/lib/python3.7/site-packages/airflow/example_dags/example_sensors.py
[2023-06-13T02:34:57.948+0000] {processor.py:836} INFO - DAG(s) dict_keys(['example_sensors']) retrieved from /home/airflow/.local/lib/python3.7/site-packages/airflow/example_dags/example_sensors.py
[2023-06-13T02:34:58.260+0000] {logging_mixin.py:149} INFO - [2023-06-13T02:34:58.259+0000] {dag.py:2726} INFO - Sync 1 DAGs
[2023-06-13T02:34:58.555+0000] {logging_mixin.py:149} INFO - [2023-06-13T02:34:58.551+0000] {dag.py:3490} INFO - Setting next_dagrun for example_sensors to None, run_after=None
[2023-06-13T02:34:58.847+0000] {processor.py:179} INFO - Processing /home/airflow/.local/lib/python3.7/site-packages/airflow/example_dags/example_sensors.py took 1.001 seconds
[2023-06-13T02:35:29.682+0000] {processor.py:157} INFO - Started process (PID=361) to work on /home/airflow/.local/lib/python3.7/site-packages/airflow/example_dags/example_sensors.py
[2023-06-13T02:35:29.688+0000] {processor.py:826} INFO - Processing file /home/airflow/.local/lib/python3.7/site-packages/airflow/example_dags/example_sensors.py for tasks to queue
[2023-06-13T02:35:29.693+0000] {logging_mixin.py:149} INFO - [2023-06-13T02:35:29.693+0000] {dagbag.py:541} INFO - Filling up the DagBag from /home/airflow/.local/lib/python3.7/site-packages/airflow/example_dags/example_sensors.py
[2023-06-13T02:35:29.752+0000] {processor.py:836} INFO - DAG(s) dict_keys(['example_sensors']) retrieved from /home/airflow/.local/lib/python3.7/site-packages/airflow/example_dags/example_sensors.py
[2023-06-13T02:35:29.953+0000] {logging_mixin.py:149} INFO - [2023-06-13T02:35:29.952+0000] {dag.py:2726} INFO - Sync 1 DAGs
[2023-06-13T02:35:30.148+0000] {logging_mixin.py:149} INFO - [2023-06-13T02:35:30.147+0000] {dag.py:3490} INFO - Setting next_dagrun for example_sensors to None, run_after=None
[2023-06-13T02:35:30.287+0000] {processor.py:179} INFO - Processing /home/airflow/.local/lib/python3.7/site-packages/airflow/example_dags/example_sensors.py took 0.625 seconds
[2023-06-13T02:36:00.795+0000] {processor.py:157} INFO - Started process (PID=422) to work on /home/airflow/.local/lib/python3.7/site-packages/airflow/example_dags/example_sensors.py
[2023-06-13T02:36:00.806+0000] {processor.py:826} INFO - Processing file /home/airflow/.local/lib/python3.7/site-packages/airflow/example_dags/example_sensors.py for tasks to queue
[2023-06-13T02:36:00.811+0000] {logging_mixin.py:149} INFO - [2023-06-13T02:36:00.810+0000] {dagbag.py:541} INFO - Filling up the DagBag from /home/airflow/.local/lib/python3.7/site-packages/airflow/example_dags/example_sensors.py
[2023-06-13T02:36:00.873+0000] {processor.py:836} INFO - DAG(s) dict_keys(['example_sensors']) retrieved from /home/airflow/.local/lib/python3.7/site-packages/airflow/example_dags/example_sensors.py
[2023-06-13T02:36:01.085+0000] {logging_mixin.py:149} INFO - [2023-06-13T02:36:01.084+0000] {dag.py:2726} INFO - Sync 1 DAGs
[2023-06-13T02:36:01.514+0000] {logging_mixin.py:149} INFO - [2023-06-13T02:36:01.513+0000] {dag.py:3490} INFO - Setting next_dagrun for example_sensors to None, run_after=None
[2023-06-13T02:36:01.737+0000] {processor.py:179} INFO - Processing /home/airflow/.local/lib/python3.7/site-packages/airflow/example_dags/example_sensors.py took 0.964 seconds
[2023-06-13T02:36:32.400+0000] {processor.py:157} INFO - Started process (PID=491) to work on /home/airflow/.local/lib/python3.7/site-packages/airflow/example_dags/example_sensors.py
[2023-06-13T02:36:32.403+0000] {processor.py:826} INFO - Processing file /home/airflow/.local/lib/python3.7/site-packages/airflow/example_dags/example_sensors.py for tasks to queue
[2023-06-13T02:36:32.407+0000] {logging_mixin.py:149} INFO - [2023-06-13T02:36:32.406+0000] {dagbag.py:541} INFO - Filling up the DagBag from /home/airflow/.local/lib/python3.7/site-packages/airflow/example_dags/example_sensors.py
[2023-06-13T02:36:32.449+0000] {processor.py:836} INFO - DAG(s) dict_keys(['example_sensors']) retrieved from /home/airflow/.local/lib/python3.7/site-packages/airflow/example_dags/example_sensors.py
[2023-06-13T02:36:32.603+0000] {logging_mixin.py:149} INFO - [2023-06-13T02:36:32.602+0000] {dag.py:2726} INFO - Sync 1 DAGs
[2023-06-13T02:36:32.753+0000] {logging_mixin.py:149} INFO - [2023-06-13T02:36:32.752+0000] {dag.py:3490} INFO - Setting next_dagrun for example_sensors to None, run_after=None
[2023-06-13T02:36:32.847+0000] {processor.py:179} INFO - Processing /home/airflow/.local/lib/python3.7/site-packages/airflow/example_dags/example_sensors.py took 0.460 seconds
[2023-06-13T02:37:03.423+0000] {processor.py:157} INFO - Started process (PID=551) to work on /home/airflow/.local/lib/python3.7/site-packages/airflow/example_dags/example_sensors.py
[2023-06-13T02:37:03.425+0000] {processor.py:826} INFO - Processing file /home/airflow/.local/lib/python3.7/site-packages/airflow/example_dags/example_sensors.py for tasks to queue
[2023-06-13T02:37:03.429+0000] {logging_mixin.py:149} INFO - [2023-06-13T02:37:03.428+0000] {dagbag.py:541} INFO - Filling up the DagBag from /home/airflow/.local/lib/python3.7/site-packages/airflow/example_dags/example_sensors.py
[2023-06-13T02:37:03.454+0000] {processor.py:836} INFO - DAG(s) dict_keys(['example_sensors']) retrieved from /home/airflow/.local/lib/python3.7/site-packages/airflow/example_dags/example_sensors.py
[2023-06-13T02:37:03.529+0000] {logging_mixin.py:149} INFO - [2023-06-13T02:37:03.529+0000] {dag.py:2726} INFO - Sync 1 DAGs
[2023-06-13T02:37:03.606+0000] {logging_mixin.py:149} INFO - [2023-06-13T02:37:03.605+0000] {dag.py:3490} INFO - Setting next_dagrun for example_sensors to None, run_after=None
[2023-06-13T02:37:03.688+0000] {processor.py:179} INFO - Processing /home/airflow/.local/lib/python3.7/site-packages/airflow/example_dags/example_sensors.py took 0.271 seconds
[2023-06-13T02:37:34.846+0000] {processor.py:157} INFO - Started process (PID=611) to work on /home/airflow/.local/lib/python3.7/site-packages/airflow/example_dags/example_sensors.py
[2023-06-13T02:37:34.849+0000] {processor.py:826} INFO - Processing file /home/airflow/.local/lib/python3.7/site-packages/airflow/example_dags/example_sensors.py for tasks to queue
[2023-06-13T02:37:34.851+0000] {logging_mixin.py:149} INFO - [2023-06-13T02:37:34.850+0000] {dagbag.py:541} INFO - Filling up the DagBag from /home/airflow/.local/lib/python3.7/site-packages/airflow/example_dags/example_sensors.py
[2023-06-13T02:37:34.874+0000] {processor.py:836} INFO - DAG(s) dict_keys(['example_sensors']) retrieved from /home/airflow/.local/lib/python3.7/site-packages/airflow/example_dags/example_sensors.py
[2023-06-13T02:37:34.965+0000] {logging_mixin.py:149} INFO - [2023-06-13T02:37:34.964+0000] {dag.py:2726} INFO - Sync 1 DAGs
[2023-06-13T02:37:35.032+0000] {logging_mixin.py:149} INFO - [2023-06-13T02:37:35.031+0000] {dag.py:3490} INFO - Setting next_dagrun for example_sensors to None, run_after=None
[2023-06-13T02:37:35.094+0000] {processor.py:179} INFO - Processing /home/airflow/.local/lib/python3.7/site-packages/airflow/example_dags/example_sensors.py took 0.254 seconds
[2023-06-13T02:38:06.437+0000] {processor.py:157} INFO - Started process (PID=672) to work on /home/airflow/.local/lib/python3.7/site-packages/airflow/example_dags/example_sensors.py
[2023-06-13T02:38:06.441+0000] {processor.py:826} INFO - Processing file /home/airflow/.local/lib/python3.7/site-packages/airflow/example_dags/example_sensors.py for tasks to queue
[2023-06-13T02:38:06.444+0000] {logging_mixin.py:149} INFO - [2023-06-13T02:38:06.444+0000] {dagbag.py:541} INFO - Filling up the DagBag from /home/airflow/.local/lib/python3.7/site-packages/airflow/example_dags/example_sensors.py
[2023-06-13T02:38:06.479+0000] {processor.py:836} INFO - DAG(s) dict_keys(['example_sensors']) retrieved from /home/airflow/.local/lib/python3.7/site-packages/airflow/example_dags/example_sensors.py
[2023-06-13T02:38:06.579+0000] {logging_mixin.py:149} INFO - [2023-06-13T02:38:06.578+0000] {dag.py:2726} INFO - Sync 1 DAGs
[2023-06-13T02:38:06.683+0000] {logging_mixin.py:149} INFO - [2023-06-13T02:38:06.682+0000] {dag.py:3490} INFO - Setting next_dagrun for example_sensors to None, run_after=None
[2023-06-13T02:38:06.796+0000] {processor.py:179} INFO - Processing /home/airflow/.local/lib/python3.7/site-packages/airflow/example_dags/example_sensors.py took 0.367 seconds
[2023-06-13T02:38:37.583+0000] {processor.py:157} INFO - Started process (PID=733) to work on /home/airflow/.local/lib/python3.7/site-packages/airflow/example_dags/example_sensors.py
[2023-06-13T02:38:37.586+0000] {processor.py:826} INFO - Processing file /home/airflow/.local/lib/python3.7/site-packages/airflow/example_dags/example_sensors.py for tasks to queue
[2023-06-13T02:38:37.588+0000] {logging_mixin.py:149} INFO - [2023-06-13T02:38:37.587+0000] {dagbag.py:541} INFO - Filling up the DagBag from /home/airflow/.local/lib/python3.7/site-packages/airflow/example_dags/example_sensors.py
[2023-06-13T02:38:37.610+0000] {processor.py:836} INFO - DAG(s) dict_keys(['example_sensors']) retrieved from /home/airflow/.local/lib/python3.7/site-packages/airflow/example_dags/example_sensors.py
[2023-06-13T02:38:37.691+0000] {logging_mixin.py:149} INFO - [2023-06-13T02:38:37.690+0000] {dag.py:2726} INFO - Sync 1 DAGs
[2023-06-13T02:38:37.754+0000] {logging_mixin.py:149} INFO - [2023-06-13T02:38:37.754+0000] {dag.py:3490} INFO - Setting next_dagrun for example_sensors to None, run_after=None
[2023-06-13T02:38:37.815+0000] {processor.py:179} INFO - Processing /home/airflow/.local/lib/python3.7/site-packages/airflow/example_dags/example_sensors.py took 0.239 seconds
[2023-06-13T02:39:08.916+0000] {processor.py:157} INFO - Started process (PID=793) to work on /home/airflow/.local/lib/python3.7/site-packages/airflow/example_dags/example_sensors.py
[2023-06-13T02:39:08.920+0000] {processor.py:826} INFO - Processing file /home/airflow/.local/lib/python3.7/site-packages/airflow/example_dags/example_sensors.py for tasks to queue
[2023-06-13T02:39:08.924+0000] {logging_mixin.py:149} INFO - [2023-06-13T02:39:08.923+0000] {dagbag.py:541} INFO - Filling up the DagBag from /home/airflow/.local/lib/python3.7/site-packages/airflow/example_dags/example_sensors.py
[2023-06-13T02:39:08.977+0000] {processor.py:836} INFO - DAG(s) dict_keys(['example_sensors']) retrieved from /home/airflow/.local/lib/python3.7/site-packages/airflow/example_dags/example_sensors.py
[2023-06-13T02:39:09.135+0000] {logging_mixin.py:149} INFO - [2023-06-13T02:39:09.134+0000] {dag.py:2726} INFO - Sync 1 DAGs
[2023-06-13T02:39:09.265+0000] {logging_mixin.py:149} INFO - [2023-06-13T02:39:09.265+0000] {dag.py:3490} INFO - Setting next_dagrun for example_sensors to None, run_after=None
[2023-06-13T02:39:09.398+0000] {processor.py:179} INFO - Processing /home/airflow/.local/lib/python3.7/site-packages/airflow/example_dags/example_sensors.py took 0.494 seconds
[2023-06-13T02:39:40.354+0000] {processor.py:157} INFO - Started process (PID=853) to work on /home/airflow/.local/lib/python3.7/site-packages/airflow/example_dags/example_sensors.py
[2023-06-13T02:39:40.356+0000] {processor.py:826} INFO - Processing file /home/airflow/.local/lib/python3.7/site-packages/airflow/example_dags/example_sensors.py for tasks to queue
[2023-06-13T02:39:40.360+0000] {logging_mixin.py:149} INFO - [2023-06-13T02:39:40.360+0000] {dagbag.py:541} INFO - Filling up the DagBag from /home/airflow/.local/lib/python3.7/site-packages/airflow/example_dags/example_sensors.py
[2023-06-13T02:39:40.401+0000] {processor.py:836} INFO - DAG(s) dict_keys(['example_sensors']) retrieved from /home/airflow/.local/lib/python3.7/site-packages/airflow/example_dags/example_sensors.py
[2023-06-13T02:39:40.573+0000] {logging_mixin.py:149} INFO - [2023-06-13T02:39:40.572+0000] {dag.py:2726} INFO - Sync 1 DAGs
[2023-06-13T02:39:40.706+0000] {logging_mixin.py:149} INFO - [2023-06-13T02:39:40.705+0000] {dag.py:3490} INFO - Setting next_dagrun for example_sensors to None, run_after=None
[2023-06-13T02:39:40.817+0000] {processor.py:179} INFO - Processing /home/airflow/.local/lib/python3.7/site-packages/airflow/example_dags/example_sensors.py took 0.471 seconds
[2023-06-13T02:40:11.092+0000] {processor.py:157} INFO - Started process (PID=912) to work on /home/airflow/.local/lib/python3.7/site-packages/airflow/example_dags/example_sensors.py
[2023-06-13T02:40:11.095+0000] {processor.py:826} INFO - Processing file /home/airflow/.local/lib/python3.7/site-packages/airflow/example_dags/example_sensors.py for tasks to queue
[2023-06-13T02:40:11.099+0000] {logging_mixin.py:149} INFO - [2023-06-13T02:40:11.099+0000] {dagbag.py:541} INFO - Filling up the DagBag from /home/airflow/.local/lib/python3.7/site-packages/airflow/example_dags/example_sensors.py
[2023-06-13T02:40:11.122+0000] {processor.py:836} INFO - DAG(s) dict_keys(['example_sensors']) retrieved from /home/airflow/.local/lib/python3.7/site-packages/airflow/example_dags/example_sensors.py
[2023-06-13T02:40:11.211+0000] {logging_mixin.py:149} INFO - [2023-06-13T02:40:11.210+0000] {dag.py:2726} INFO - Sync 1 DAGs
[2023-06-13T02:40:11.285+0000] {logging_mixin.py:149} INFO - [2023-06-13T02:40:11.285+0000] {dag.py:3490} INFO - Setting next_dagrun for example_sensors to None, run_after=None
[2023-06-13T02:40:11.365+0000] {processor.py:179} INFO - Processing /home/airflow/.local/lib/python3.7/site-packages/airflow/example_dags/example_sensors.py took 0.280 seconds
[2023-06-13T02:40:41.877+0000] {processor.py:157} INFO - Started process (PID=972) to work on /home/airflow/.local/lib/python3.7/site-packages/airflow/example_dags/example_sensors.py
[2023-06-13T02:40:41.884+0000] {processor.py:826} INFO - Processing file /home/airflow/.local/lib/python3.7/site-packages/airflow/example_dags/example_sensors.py for tasks to queue
[2023-06-13T02:40:41.888+0000] {logging_mixin.py:149} INFO - [2023-06-13T02:40:41.887+0000] {dagbag.py:541} INFO - Filling up the DagBag from /home/airflow/.local/lib/python3.7/site-packages/airflow/example_dags/example_sensors.py
[2023-06-13T02:40:41.945+0000] {processor.py:836} INFO - DAG(s) dict_keys(['example_sensors']) retrieved from /home/airflow/.local/lib/python3.7/site-packages/airflow/example_dags/example_sensors.py
[2023-06-13T02:40:42.059+0000] {logging_mixin.py:149} INFO - [2023-06-13T02:40:42.058+0000] {dag.py:2726} INFO - Sync 1 DAGs
[2023-06-13T02:40:42.166+0000] {logging_mixin.py:149} INFO - [2023-06-13T02:40:42.166+0000] {dag.py:3490} INFO - Setting next_dagrun for example_sensors to None, run_after=None
[2023-06-13T02:40:42.259+0000] {processor.py:179} INFO - Processing /home/airflow/.local/lib/python3.7/site-packages/airflow/example_dags/example_sensors.py took 0.395 seconds
[2023-06-13T02:41:12.735+0000] {processor.py:157} INFO - Started process (PID=1031) to work on /home/airflow/.local/lib/python3.7/site-packages/airflow/example_dags/example_sensors.py
[2023-06-13T02:41:12.739+0000] {processor.py:826} INFO - Processing file /home/airflow/.local/lib/python3.7/site-packages/airflow/example_dags/example_sensors.py for tasks to queue
[2023-06-13T02:41:12.745+0000] {logging_mixin.py:149} INFO - [2023-06-13T02:41:12.744+0000] {dagbag.py:541} INFO - Filling up the DagBag from /home/airflow/.local/lib/python3.7/site-packages/airflow/example_dags/example_sensors.py
[2023-06-13T02:41:12.805+0000] {processor.py:836} INFO - DAG(s) dict_keys(['example_sensors']) retrieved from /home/airflow/.local/lib/python3.7/site-packages/airflow/example_dags/example_sensors.py
[2023-06-13T02:41:12.970+0000] {logging_mixin.py:149} INFO - [2023-06-13T02:41:12.969+0000] {dag.py:2726} INFO - Sync 1 DAGs
[2023-06-13T02:41:13.113+0000] {logging_mixin.py:149} INFO - [2023-06-13T02:41:13.112+0000] {dag.py:3490} INFO - Setting next_dagrun for example_sensors to None, run_after=None
[2023-06-13T02:41:13.216+0000] {processor.py:179} INFO - Processing /home/airflow/.local/lib/python3.7/site-packages/airflow/example_dags/example_sensors.py took 0.494 seconds
[2023-06-13T02:41:44.184+0000] {processor.py:157} INFO - Started process (PID=1092) to work on /home/airflow/.local/lib/python3.7/site-packages/airflow/example_dags/example_sensors.py
[2023-06-13T02:41:44.187+0000] {processor.py:826} INFO - Processing file /home/airflow/.local/lib/python3.7/site-packages/airflow/example_dags/example_sensors.py for tasks to queue
[2023-06-13T02:41:44.190+0000] {logging_mixin.py:149} INFO - [2023-06-13T02:41:44.190+0000] {dagbag.py:541} INFO - Filling up the DagBag from /home/airflow/.local/lib/python3.7/site-packages/airflow/example_dags/example_sensors.py
[2023-06-13T02:41:44.227+0000] {processor.py:836} INFO - DAG(s) dict_keys(['example_sensors']) retrieved from /home/airflow/.local/lib/python3.7/site-packages/airflow/example_dags/example_sensors.py
[2023-06-13T02:41:44.330+0000] {logging_mixin.py:149} INFO - [2023-06-13T02:41:44.330+0000] {dag.py:2726} INFO - Sync 1 DAGs
[2023-06-13T02:41:44.476+0000] {logging_mixin.py:149} INFO - [2023-06-13T02:41:44.476+0000] {dag.py:3490} INFO - Setting next_dagrun for example_sensors to None, run_after=None
[2023-06-13T02:41:44.578+0000] {processor.py:179} INFO - Processing /home/airflow/.local/lib/python3.7/site-packages/airflow/example_dags/example_sensors.py took 0.402 seconds
[2023-06-13T02:42:14.773+0000] {processor.py:157} INFO - Started process (PID=1152) to work on /home/airflow/.local/lib/python3.7/site-packages/airflow/example_dags/example_sensors.py
[2023-06-13T02:42:14.776+0000] {processor.py:826} INFO - Processing file /home/airflow/.local/lib/python3.7/site-packages/airflow/example_dags/example_sensors.py for tasks to queue
[2023-06-13T02:42:14.780+0000] {logging_mixin.py:149} INFO - [2023-06-13T02:42:14.779+0000] {dagbag.py:541} INFO - Filling up the DagBag from /home/airflow/.local/lib/python3.7/site-packages/airflow/example_dags/example_sensors.py
[2023-06-13T02:42:14.803+0000] {processor.py:836} INFO - DAG(s) dict_keys(['example_sensors']) retrieved from /home/airflow/.local/lib/python3.7/site-packages/airflow/example_dags/example_sensors.py
[2023-06-13T02:42:14.873+0000] {logging_mixin.py:149} INFO - [2023-06-13T02:42:14.872+0000] {dag.py:2726} INFO - Sync 1 DAGs
[2023-06-13T02:42:14.943+0000] {logging_mixin.py:149} INFO - [2023-06-13T02:42:14.941+0000] {dag.py:3490} INFO - Setting next_dagrun for example_sensors to None, run_after=None
[2023-06-13T02:42:15.033+0000] {processor.py:179} INFO - Processing /home/airflow/.local/lib/python3.7/site-packages/airflow/example_dags/example_sensors.py took 0.265 seconds
[2023-06-13T02:42:45.339+0000] {processor.py:157} INFO - Started process (PID=1203) to work on /home/airflow/.local/lib/python3.7/site-packages/airflow/example_dags/example_sensors.py
[2023-06-13T02:42:45.342+0000] {processor.py:826} INFO - Processing file /home/airflow/.local/lib/python3.7/site-packages/airflow/example_dags/example_sensors.py for tasks to queue
[2023-06-13T02:42:45.346+0000] {logging_mixin.py:149} INFO - [2023-06-13T02:42:45.345+0000] {dagbag.py:541} INFO - Filling up the DagBag from /home/airflow/.local/lib/python3.7/site-packages/airflow/example_dags/example_sensors.py
[2023-06-13T02:42:45.370+0000] {processor.py:836} INFO - DAG(s) dict_keys(['example_sensors']) retrieved from /home/airflow/.local/lib/python3.7/site-packages/airflow/example_dags/example_sensors.py
[2023-06-13T02:42:45.487+0000] {logging_mixin.py:149} INFO - [2023-06-13T02:42:45.486+0000] {dag.py:2726} INFO - Sync 1 DAGs
[2023-06-13T02:42:45.622+0000] {logging_mixin.py:149} INFO - [2023-06-13T02:42:45.621+0000] {dag.py:3490} INFO - Setting next_dagrun for example_sensors to None, run_after=None
[2023-06-13T02:42:45.768+0000] {processor.py:179} INFO - Processing /home/airflow/.local/lib/python3.7/site-packages/airflow/example_dags/example_sensors.py took 0.437 seconds
[2023-06-13T02:43:16.017+0000] {processor.py:157} INFO - Started process (PID=1263) to work on /home/airflow/.local/lib/python3.7/site-packages/airflow/example_dags/example_sensors.py
[2023-06-13T02:43:16.021+0000] {processor.py:826} INFO - Processing file /home/airflow/.local/lib/python3.7/site-packages/airflow/example_dags/example_sensors.py for tasks to queue
[2023-06-13T02:43:16.024+0000] {logging_mixin.py:149} INFO - [2023-06-13T02:43:16.024+0000] {dagbag.py:541} INFO - Filling up the DagBag from /home/airflow/.local/lib/python3.7/site-packages/airflow/example_dags/example_sensors.py
[2023-06-13T02:43:16.049+0000] {processor.py:836} INFO - DAG(s) dict_keys(['example_sensors']) retrieved from /home/airflow/.local/lib/python3.7/site-packages/airflow/example_dags/example_sensors.py
[2023-06-13T02:43:16.145+0000] {logging_mixin.py:149} INFO - [2023-06-13T02:43:16.144+0000] {dag.py:2726} INFO - Sync 1 DAGs
[2023-06-13T02:43:16.242+0000] {logging_mixin.py:149} INFO - [2023-06-13T02:43:16.241+0000] {dag.py:3490} INFO - Setting next_dagrun for example_sensors to None, run_after=None
[2023-06-13T02:43:16.371+0000] {processor.py:179} INFO - Processing /home/airflow/.local/lib/python3.7/site-packages/airflow/example_dags/example_sensors.py took 0.361 seconds
[2023-06-13T02:43:46.635+0000] {processor.py:157} INFO - Started process (PID=1323) to work on /home/airflow/.local/lib/python3.7/site-packages/airflow/example_dags/example_sensors.py
[2023-06-13T02:43:46.639+0000] {processor.py:826} INFO - Processing file /home/airflow/.local/lib/python3.7/site-packages/airflow/example_dags/example_sensors.py for tasks to queue
[2023-06-13T02:43:46.642+0000] {logging_mixin.py:149} INFO - [2023-06-13T02:43:46.642+0000] {dagbag.py:541} INFO - Filling up the DagBag from /home/airflow/.local/lib/python3.7/site-packages/airflow/example_dags/example_sensors.py
[2023-06-13T02:43:46.685+0000] {processor.py:836} INFO - DAG(s) dict_keys(['example_sensors']) retrieved from /home/airflow/.local/lib/python3.7/site-packages/airflow/example_dags/example_sensors.py
[2023-06-13T02:43:46.821+0000] {logging_mixin.py:149} INFO - [2023-06-13T02:43:46.821+0000] {dag.py:2726} INFO - Sync 1 DAGs
[2023-06-13T02:43:46.992+0000] {logging_mixin.py:149} INFO - [2023-06-13T02:43:46.991+0000] {dag.py:3490} INFO - Setting next_dagrun for example_sensors to None, run_after=None
[2023-06-13T02:43:47.122+0000] {processor.py:179} INFO - Processing /home/airflow/.local/lib/python3.7/site-packages/airflow/example_dags/example_sensors.py took 0.497 seconds
[2023-06-13T02:44:17.954+0000] {processor.py:157} INFO - Started process (PID=1383) to work on /home/airflow/.local/lib/python3.7/site-packages/airflow/example_dags/example_sensors.py
[2023-06-13T02:44:17.957+0000] {processor.py:826} INFO - Processing file /home/airflow/.local/lib/python3.7/site-packages/airflow/example_dags/example_sensors.py for tasks to queue
[2023-06-13T02:44:17.960+0000] {logging_mixin.py:149} INFO - [2023-06-13T02:44:17.959+0000] {dagbag.py:541} INFO - Filling up the DagBag from /home/airflow/.local/lib/python3.7/site-packages/airflow/example_dags/example_sensors.py
[2023-06-13T02:44:17.995+0000] {processor.py:836} INFO - DAG(s) dict_keys(['example_sensors']) retrieved from /home/airflow/.local/lib/python3.7/site-packages/airflow/example_dags/example_sensors.py
[2023-06-13T02:44:18.089+0000] {logging_mixin.py:149} INFO - [2023-06-13T02:44:18.088+0000] {dag.py:2726} INFO - Sync 1 DAGs
[2023-06-13T02:44:18.230+0000] {logging_mixin.py:149} INFO - [2023-06-13T02:44:18.229+0000] {dag.py:3490} INFO - Setting next_dagrun for example_sensors to None, run_after=None
[2023-06-13T02:44:18.317+0000] {processor.py:179} INFO - Processing /home/airflow/.local/lib/python3.7/site-packages/airflow/example_dags/example_sensors.py took 0.374 seconds
