[2023-06-13T01:49:58.566+0000] {processor.py:157} INFO - Started process (PID=43) to work on /home/airflow/.local/lib/python3.7/site-packages/airflow/example_dags/example_skip_dag.py
[2023-06-13T01:49:58.568+0000] {processor.py:826} INFO - Processing file /home/airflow/.local/lib/python3.7/site-packages/airflow/example_dags/example_skip_dag.py for tasks to queue
[2023-06-13T01:49:58.570+0000] {logging_mixin.py:149} INFO - [2023-06-13T01:49:58.570+0000] {dagbag.py:541} INFO - Filling up the DagBag from /home/airflow/.local/lib/python3.7/site-packages/airflow/example_dags/example_skip_dag.py
[2023-06-13T01:49:58.598+0000] {processor.py:836} INFO - DAG(s) dict_keys(['example_skip_dag']) retrieved from /home/airflow/.local/lib/python3.7/site-packages/airflow/example_dags/example_skip_dag.py
[2023-06-13T01:49:58.638+0000] {logging_mixin.py:149} INFO - [2023-06-13T01:49:58.637+0000] {dag.py:2726} INFO - Sync 1 DAGs
[2023-06-13T01:49:58.698+0000] {logging_mixin.py:149} INFO - [2023-06-13T01:49:58.697+0000] {dag.py:3490} INFO - Setting next_dagrun for example_skip_dag to 2023-06-12T01:49:58.697317+00:00, run_after=2023-06-13T01:49:58.697317+00:00
[2023-06-13T01:49:58.742+0000] {processor.py:179} INFO - Processing /home/airflow/.local/lib/python3.7/site-packages/airflow/example_dags/example_skip_dag.py took 0.182 seconds
[2023-06-13T01:50:29.151+0000] {processor.py:157} INFO - Started process (PID=102) to work on /home/airflow/.local/lib/python3.7/site-packages/airflow/example_dags/example_skip_dag.py
[2023-06-13T01:50:29.153+0000] {processor.py:826} INFO - Processing file /home/airflow/.local/lib/python3.7/site-packages/airflow/example_dags/example_skip_dag.py for tasks to queue
[2023-06-13T01:50:29.154+0000] {logging_mixin.py:149} INFO - [2023-06-13T01:50:29.154+0000] {dagbag.py:541} INFO - Filling up the DagBag from /home/airflow/.local/lib/python3.7/site-packages/airflow/example_dags/example_skip_dag.py
[2023-06-13T01:50:29.163+0000] {processor.py:836} INFO - DAG(s) dict_keys(['example_skip_dag']) retrieved from /home/airflow/.local/lib/python3.7/site-packages/airflow/example_dags/example_skip_dag.py
[2023-06-13T01:50:29.203+0000] {logging_mixin.py:149} INFO - [2023-06-13T01:50:29.203+0000] {dag.py:2726} INFO - Sync 1 DAGs
[2023-06-13T01:50:29.257+0000] {logging_mixin.py:149} INFO - [2023-06-13T01:50:29.257+0000] {dag.py:3490} INFO - Setting next_dagrun for example_skip_dag to 2023-06-12T01:50:29.257175+00:00, run_after=2023-06-13T01:50:29.257175+00:00
[2023-06-13T01:50:29.306+0000] {processor.py:179} INFO - Processing /home/airflow/.local/lib/python3.7/site-packages/airflow/example_dags/example_skip_dag.py took 0.158 seconds
[2023-06-13T01:50:59.611+0000] {processor.py:157} INFO - Started process (PID=162) to work on /home/airflow/.local/lib/python3.7/site-packages/airflow/example_dags/example_skip_dag.py
[2023-06-13T01:50:59.613+0000] {processor.py:826} INFO - Processing file /home/airflow/.local/lib/python3.7/site-packages/airflow/example_dags/example_skip_dag.py for tasks to queue
[2023-06-13T01:50:59.615+0000] {logging_mixin.py:149} INFO - [2023-06-13T01:50:59.615+0000] {dagbag.py:541} INFO - Filling up the DagBag from /home/airflow/.local/lib/python3.7/site-packages/airflow/example_dags/example_skip_dag.py
[2023-06-13T01:50:59.626+0000] {processor.py:836} INFO - DAG(s) dict_keys(['example_skip_dag']) retrieved from /home/airflow/.local/lib/python3.7/site-packages/airflow/example_dags/example_skip_dag.py
[2023-06-13T01:50:59.684+0000] {logging_mixin.py:149} INFO - [2023-06-13T01:50:59.684+0000] {dag.py:2726} INFO - Sync 1 DAGs
[2023-06-13T01:50:59.735+0000] {logging_mixin.py:149} INFO - [2023-06-13T01:50:59.734+0000] {dag.py:3490} INFO - Setting next_dagrun for example_skip_dag to 2023-06-12T01:50:59.734443+00:00, run_after=2023-06-13T01:50:59.734443+00:00
[2023-06-13T01:50:59.784+0000] {processor.py:179} INFO - Processing /home/airflow/.local/lib/python3.7/site-packages/airflow/example_dags/example_skip_dag.py took 0.181 seconds
[2023-06-13T01:51:30.360+0000] {processor.py:157} INFO - Started process (PID=222) to work on /home/airflow/.local/lib/python3.7/site-packages/airflow/example_dags/example_skip_dag.py
[2023-06-13T01:51:30.361+0000] {processor.py:826} INFO - Processing file /home/airflow/.local/lib/python3.7/site-packages/airflow/example_dags/example_skip_dag.py for tasks to queue
[2023-06-13T01:51:30.363+0000] {logging_mixin.py:149} INFO - [2023-06-13T01:51:30.363+0000] {dagbag.py:541} INFO - Filling up the DagBag from /home/airflow/.local/lib/python3.7/site-packages/airflow/example_dags/example_skip_dag.py
[2023-06-13T01:51:30.375+0000] {processor.py:836} INFO - DAG(s) dict_keys(['example_skip_dag']) retrieved from /home/airflow/.local/lib/python3.7/site-packages/airflow/example_dags/example_skip_dag.py
[2023-06-13T01:51:30.414+0000] {logging_mixin.py:149} INFO - [2023-06-13T01:51:30.414+0000] {dag.py:2726} INFO - Sync 1 DAGs
[2023-06-13T01:51:30.462+0000] {logging_mixin.py:149} INFO - [2023-06-13T01:51:30.462+0000] {dag.py:3490} INFO - Setting next_dagrun for example_skip_dag to 2023-06-12T01:51:30.461701+00:00, run_after=2023-06-13T01:51:30.461701+00:00
[2023-06-13T01:51:30.499+0000] {processor.py:179} INFO - Processing /home/airflow/.local/lib/python3.7/site-packages/airflow/example_dags/example_skip_dag.py took 0.143 seconds
[2023-06-13T01:53:50.099+0000] {processor.py:157} INFO - Started process (PID=43) to work on /home/airflow/.local/lib/python3.7/site-packages/airflow/example_dags/example_skip_dag.py
[2023-06-13T01:53:50.107+0000] {processor.py:826} INFO - Processing file /home/airflow/.local/lib/python3.7/site-packages/airflow/example_dags/example_skip_dag.py for tasks to queue
[2023-06-13T01:53:50.110+0000] {logging_mixin.py:149} INFO - [2023-06-13T01:53:50.110+0000] {dagbag.py:541} INFO - Filling up the DagBag from /home/airflow/.local/lib/python3.7/site-packages/airflow/example_dags/example_skip_dag.py
[2023-06-13T01:53:50.135+0000] {processor.py:836} INFO - DAG(s) dict_keys(['example_skip_dag']) retrieved from /home/airflow/.local/lib/python3.7/site-packages/airflow/example_dags/example_skip_dag.py
[2023-06-13T01:53:50.237+0000] {logging_mixin.py:149} INFO - [2023-06-13T01:53:50.237+0000] {dag.py:2726} INFO - Sync 1 DAGs
[2023-06-13T01:53:50.330+0000] {logging_mixin.py:149} INFO - [2023-06-13T01:53:50.329+0000] {dag.py:3490} INFO - Setting next_dagrun for example_skip_dag to 2023-06-12T01:53:50.329285+00:00, run_after=2023-06-13T01:53:50.329285+00:00
[2023-06-13T01:53:50.404+0000] {processor.py:179} INFO - Processing /home/airflow/.local/lib/python3.7/site-packages/airflow/example_dags/example_skip_dag.py took 0.313 seconds
[2023-06-13T01:54:20.481+0000] {processor.py:157} INFO - Started process (PID=103) to work on /home/airflow/.local/lib/python3.7/site-packages/airflow/example_dags/example_skip_dag.py
[2023-06-13T01:54:20.483+0000] {processor.py:826} INFO - Processing file /home/airflow/.local/lib/python3.7/site-packages/airflow/example_dags/example_skip_dag.py for tasks to queue
[2023-06-13T01:54:20.484+0000] {logging_mixin.py:149} INFO - [2023-06-13T01:54:20.484+0000] {dagbag.py:541} INFO - Filling up the DagBag from /home/airflow/.local/lib/python3.7/site-packages/airflow/example_dags/example_skip_dag.py
[2023-06-13T01:54:20.494+0000] {processor.py:836} INFO - DAG(s) dict_keys(['example_skip_dag']) retrieved from /home/airflow/.local/lib/python3.7/site-packages/airflow/example_dags/example_skip_dag.py
[2023-06-13T01:54:20.528+0000] {logging_mixin.py:149} INFO - [2023-06-13T01:54:20.528+0000] {dag.py:2726} INFO - Sync 1 DAGs
[2023-06-13T01:54:20.571+0000] {logging_mixin.py:149} INFO - [2023-06-13T01:54:20.571+0000] {dag.py:3490} INFO - Setting next_dagrun for example_skip_dag to 2023-06-12T01:54:20.570733+00:00, run_after=2023-06-13T01:54:20.570733+00:00
[2023-06-13T01:54:20.616+0000] {processor.py:179} INFO - Processing /home/airflow/.local/lib/python3.7/site-packages/airflow/example_dags/example_skip_dag.py took 0.138 seconds
[2023-06-13T01:54:50.892+0000] {processor.py:157} INFO - Started process (PID=163) to work on /home/airflow/.local/lib/python3.7/site-packages/airflow/example_dags/example_skip_dag.py
[2023-06-13T01:54:50.893+0000] {processor.py:826} INFO - Processing file /home/airflow/.local/lib/python3.7/site-packages/airflow/example_dags/example_skip_dag.py for tasks to queue
[2023-06-13T01:54:50.894+0000] {logging_mixin.py:149} INFO - [2023-06-13T01:54:50.894+0000] {dagbag.py:541} INFO - Filling up the DagBag from /home/airflow/.local/lib/python3.7/site-packages/airflow/example_dags/example_skip_dag.py
[2023-06-13T01:54:50.902+0000] {processor.py:836} INFO - DAG(s) dict_keys(['example_skip_dag']) retrieved from /home/airflow/.local/lib/python3.7/site-packages/airflow/example_dags/example_skip_dag.py
[2023-06-13T01:54:50.936+0000] {logging_mixin.py:149} INFO - [2023-06-13T01:54:50.936+0000] {dag.py:2726} INFO - Sync 1 DAGs
[2023-06-13T01:54:50.970+0000] {logging_mixin.py:149} INFO - [2023-06-13T01:54:50.969+0000] {dag.py:3490} INFO - Setting next_dagrun for example_skip_dag to 2023-06-12T01:54:50.969576+00:00, run_after=2023-06-13T01:54:50.969576+00:00
[2023-06-13T01:54:51.000+0000] {processor.py:179} INFO - Processing /home/airflow/.local/lib/python3.7/site-packages/airflow/example_dags/example_skip_dag.py took 0.112 seconds
[2023-06-13T01:55:21.429+0000] {processor.py:157} INFO - Started process (PID=223) to work on /home/airflow/.local/lib/python3.7/site-packages/airflow/example_dags/example_skip_dag.py
[2023-06-13T01:55:21.430+0000] {processor.py:826} INFO - Processing file /home/airflow/.local/lib/python3.7/site-packages/airflow/example_dags/example_skip_dag.py for tasks to queue
[2023-06-13T01:55:21.431+0000] {logging_mixin.py:149} INFO - [2023-06-13T01:55:21.431+0000] {dagbag.py:541} INFO - Filling up the DagBag from /home/airflow/.local/lib/python3.7/site-packages/airflow/example_dags/example_skip_dag.py
[2023-06-13T01:55:21.440+0000] {processor.py:836} INFO - DAG(s) dict_keys(['example_skip_dag']) retrieved from /home/airflow/.local/lib/python3.7/site-packages/airflow/example_dags/example_skip_dag.py
[2023-06-13T01:55:21.477+0000] {logging_mixin.py:149} INFO - [2023-06-13T01:55:21.477+0000] {dag.py:2726} INFO - Sync 1 DAGs
[2023-06-13T01:55:21.518+0000] {logging_mixin.py:149} INFO - [2023-06-13T01:55:21.518+0000] {dag.py:3490} INFO - Setting next_dagrun for example_skip_dag to 2023-06-12T01:55:21.518226+00:00, run_after=2023-06-13T01:55:21.518226+00:00
[2023-06-13T01:55:21.556+0000] {processor.py:179} INFO - Processing /home/airflow/.local/lib/python3.7/site-packages/airflow/example_dags/example_skip_dag.py took 0.131 seconds
[2023-06-13T01:55:51.847+0000] {processor.py:157} INFO - Started process (PID=284) to work on /home/airflow/.local/lib/python3.7/site-packages/airflow/example_dags/example_skip_dag.py
[2023-06-13T01:55:51.848+0000] {processor.py:826} INFO - Processing file /home/airflow/.local/lib/python3.7/site-packages/airflow/example_dags/example_skip_dag.py for tasks to queue
[2023-06-13T01:55:51.850+0000] {logging_mixin.py:149} INFO - [2023-06-13T01:55:51.850+0000] {dagbag.py:541} INFO - Filling up the DagBag from /home/airflow/.local/lib/python3.7/site-packages/airflow/example_dags/example_skip_dag.py
[2023-06-13T01:55:51.860+0000] {processor.py:836} INFO - DAG(s) dict_keys(['example_skip_dag']) retrieved from /home/airflow/.local/lib/python3.7/site-packages/airflow/example_dags/example_skip_dag.py
[2023-06-13T01:55:51.914+0000] {logging_mixin.py:149} INFO - [2023-06-13T01:55:51.914+0000] {dag.py:2726} INFO - Sync 1 DAGs
[2023-06-13T01:55:51.958+0000] {logging_mixin.py:149} INFO - [2023-06-13T01:55:51.958+0000] {dag.py:3490} INFO - Setting next_dagrun for example_skip_dag to 2023-06-12T01:55:51.957810+00:00, run_after=2023-06-13T01:55:51.957810+00:00
[2023-06-13T01:55:52.028+0000] {processor.py:179} INFO - Processing /home/airflow/.local/lib/python3.7/site-packages/airflow/example_dags/example_skip_dag.py took 0.187 seconds
[2023-06-13T01:56:22.152+0000] {processor.py:157} INFO - Started process (PID=344) to work on /home/airflow/.local/lib/python3.7/site-packages/airflow/example_dags/example_skip_dag.py
[2023-06-13T01:56:22.155+0000] {processor.py:826} INFO - Processing file /home/airflow/.local/lib/python3.7/site-packages/airflow/example_dags/example_skip_dag.py for tasks to queue
[2023-06-13T01:56:22.158+0000] {logging_mixin.py:149} INFO - [2023-06-13T01:56:22.158+0000] {dagbag.py:541} INFO - Filling up the DagBag from /home/airflow/.local/lib/python3.7/site-packages/airflow/example_dags/example_skip_dag.py
[2023-06-13T01:56:22.181+0000] {processor.py:836} INFO - DAG(s) dict_keys(['example_skip_dag']) retrieved from /home/airflow/.local/lib/python3.7/site-packages/airflow/example_dags/example_skip_dag.py
[2023-06-13T01:56:22.272+0000] {logging_mixin.py:149} INFO - [2023-06-13T01:56:22.271+0000] {dag.py:2726} INFO - Sync 1 DAGs
[2023-06-13T01:56:22.337+0000] {logging_mixin.py:149} INFO - [2023-06-13T01:56:22.336+0000] {dag.py:3490} INFO - Setting next_dagrun for example_skip_dag to 2023-06-12T01:56:22.336579+00:00, run_after=2023-06-13T01:56:22.336579+00:00
[2023-06-13T01:56:22.380+0000] {processor.py:179} INFO - Processing /home/airflow/.local/lib/python3.7/site-packages/airflow/example_dags/example_skip_dag.py took 0.235 seconds
[2023-06-13T01:56:52.649+0000] {processor.py:157} INFO - Started process (PID=412) to work on /home/airflow/.local/lib/python3.7/site-packages/airflow/example_dags/example_skip_dag.py
[2023-06-13T01:56:52.651+0000] {processor.py:826} INFO - Processing file /home/airflow/.local/lib/python3.7/site-packages/airflow/example_dags/example_skip_dag.py for tasks to queue
[2023-06-13T01:56:52.653+0000] {logging_mixin.py:149} INFO - [2023-06-13T01:56:52.652+0000] {dagbag.py:541} INFO - Filling up the DagBag from /home/airflow/.local/lib/python3.7/site-packages/airflow/example_dags/example_skip_dag.py
[2023-06-13T01:56:52.663+0000] {processor.py:836} INFO - DAG(s) dict_keys(['example_skip_dag']) retrieved from /home/airflow/.local/lib/python3.7/site-packages/airflow/example_dags/example_skip_dag.py
[2023-06-13T01:56:52.717+0000] {logging_mixin.py:149} INFO - [2023-06-13T01:56:52.717+0000] {dag.py:2726} INFO - Sync 1 DAGs
[2023-06-13T01:56:52.759+0000] {logging_mixin.py:149} INFO - [2023-06-13T01:56:52.759+0000] {dag.py:3490} INFO - Setting next_dagrun for example_skip_dag to 2023-06-12T01:56:52.758848+00:00, run_after=2023-06-13T01:56:52.758848+00:00
[2023-06-13T01:56:52.794+0000] {processor.py:179} INFO - Processing /home/airflow/.local/lib/python3.7/site-packages/airflow/example_dags/example_skip_dag.py took 0.149 seconds
[2023-06-13T01:57:23.506+0000] {processor.py:157} INFO - Started process (PID=472) to work on /home/airflow/.local/lib/python3.7/site-packages/airflow/example_dags/example_skip_dag.py
[2023-06-13T01:57:23.509+0000] {processor.py:826} INFO - Processing file /home/airflow/.local/lib/python3.7/site-packages/airflow/example_dags/example_skip_dag.py for tasks to queue
[2023-06-13T01:57:23.511+0000] {logging_mixin.py:149} INFO - [2023-06-13T01:57:23.510+0000] {dagbag.py:541} INFO - Filling up the DagBag from /home/airflow/.local/lib/python3.7/site-packages/airflow/example_dags/example_skip_dag.py
[2023-06-13T01:57:23.526+0000] {processor.py:836} INFO - DAG(s) dict_keys(['example_skip_dag']) retrieved from /home/airflow/.local/lib/python3.7/site-packages/airflow/example_dags/example_skip_dag.py
[2023-06-13T01:57:23.588+0000] {logging_mixin.py:149} INFO - [2023-06-13T01:57:23.587+0000] {dag.py:2726} INFO - Sync 1 DAGs
[2023-06-13T01:57:23.647+0000] {logging_mixin.py:149} INFO - [2023-06-13T01:57:23.647+0000] {dag.py:3490} INFO - Setting next_dagrun for example_skip_dag to 2023-06-12T01:57:23.647272+00:00, run_after=2023-06-13T01:57:23.647272+00:00
[2023-06-13T01:57:23.699+0000] {processor.py:179} INFO - Processing /home/airflow/.local/lib/python3.7/site-packages/airflow/example_dags/example_skip_dag.py took 0.201 seconds
[2023-06-13T01:57:53.855+0000] {processor.py:157} INFO - Started process (PID=532) to work on /home/airflow/.local/lib/python3.7/site-packages/airflow/example_dags/example_skip_dag.py
[2023-06-13T01:57:53.857+0000] {processor.py:826} INFO - Processing file /home/airflow/.local/lib/python3.7/site-packages/airflow/example_dags/example_skip_dag.py for tasks to queue
[2023-06-13T01:57:53.860+0000] {logging_mixin.py:149} INFO - [2023-06-13T01:57:53.859+0000] {dagbag.py:541} INFO - Filling up the DagBag from /home/airflow/.local/lib/python3.7/site-packages/airflow/example_dags/example_skip_dag.py
[2023-06-13T01:57:53.876+0000] {processor.py:836} INFO - DAG(s) dict_keys(['example_skip_dag']) retrieved from /home/airflow/.local/lib/python3.7/site-packages/airflow/example_dags/example_skip_dag.py
[2023-06-13T01:57:53.924+0000] {logging_mixin.py:149} INFO - [2023-06-13T01:57:53.924+0000] {dag.py:2726} INFO - Sync 1 DAGs
[2023-06-13T01:57:54.015+0000] {logging_mixin.py:149} INFO - [2023-06-13T01:57:54.014+0000] {dag.py:3490} INFO - Setting next_dagrun for example_skip_dag to 2023-06-12T01:57:54.014294+00:00, run_after=2023-06-13T01:57:54.014294+00:00
[2023-06-13T01:57:54.077+0000] {processor.py:179} INFO - Processing /home/airflow/.local/lib/python3.7/site-packages/airflow/example_dags/example_skip_dag.py took 0.228 seconds
[2023-06-13T01:58:24.153+0000] {processor.py:157} INFO - Started process (PID=591) to work on /home/airflow/.local/lib/python3.7/site-packages/airflow/example_dags/example_skip_dag.py
[2023-06-13T01:58:24.154+0000] {processor.py:826} INFO - Processing file /home/airflow/.local/lib/python3.7/site-packages/airflow/example_dags/example_skip_dag.py for tasks to queue
[2023-06-13T01:58:24.156+0000] {logging_mixin.py:149} INFO - [2023-06-13T01:58:24.156+0000] {dagbag.py:541} INFO - Filling up the DagBag from /home/airflow/.local/lib/python3.7/site-packages/airflow/example_dags/example_skip_dag.py
[2023-06-13T01:58:24.165+0000] {processor.py:836} INFO - DAG(s) dict_keys(['example_skip_dag']) retrieved from /home/airflow/.local/lib/python3.7/site-packages/airflow/example_dags/example_skip_dag.py
[2023-06-13T01:58:24.189+0000] {logging_mixin.py:149} INFO - [2023-06-13T01:58:24.189+0000] {dag.py:2726} INFO - Sync 1 DAGs
[2023-06-13T01:58:24.237+0000] {logging_mixin.py:149} INFO - [2023-06-13T01:58:24.237+0000] {dag.py:3490} INFO - Setting next_dagrun for example_skip_dag to 2023-06-12T01:58:24.236805+00:00, run_after=2023-06-13T01:58:24.236805+00:00
[2023-06-13T01:58:24.277+0000] {processor.py:179} INFO - Processing /home/airflow/.local/lib/python3.7/site-packages/airflow/example_dags/example_skip_dag.py took 0.128 seconds
[2023-06-13T01:58:54.350+0000] {processor.py:157} INFO - Started process (PID=651) to work on /home/airflow/.local/lib/python3.7/site-packages/airflow/example_dags/example_skip_dag.py
[2023-06-13T01:58:54.351+0000] {processor.py:826} INFO - Processing file /home/airflow/.local/lib/python3.7/site-packages/airflow/example_dags/example_skip_dag.py for tasks to queue
[2023-06-13T01:58:54.352+0000] {logging_mixin.py:149} INFO - [2023-06-13T01:58:54.352+0000] {dagbag.py:541} INFO - Filling up the DagBag from /home/airflow/.local/lib/python3.7/site-packages/airflow/example_dags/example_skip_dag.py
[2023-06-13T01:58:54.360+0000] {processor.py:836} INFO - DAG(s) dict_keys(['example_skip_dag']) retrieved from /home/airflow/.local/lib/python3.7/site-packages/airflow/example_dags/example_skip_dag.py
[2023-06-13T01:58:54.398+0000] {logging_mixin.py:149} INFO - [2023-06-13T01:58:54.398+0000] {dag.py:2726} INFO - Sync 1 DAGs
[2023-06-13T01:58:54.437+0000] {logging_mixin.py:149} INFO - [2023-06-13T01:58:54.437+0000] {dag.py:3490} INFO - Setting next_dagrun for example_skip_dag to 2023-06-12T01:58:54.437177+00:00, run_after=2023-06-13T01:58:54.437177+00:00
[2023-06-13T01:58:54.469+0000] {processor.py:179} INFO - Processing /home/airflow/.local/lib/python3.7/site-packages/airflow/example_dags/example_skip_dag.py took 0.123 seconds
[2023-06-13T01:59:25.296+0000] {processor.py:157} INFO - Started process (PID=712) to work on /home/airflow/.local/lib/python3.7/site-packages/airflow/example_dags/example_skip_dag.py
[2023-06-13T01:59:25.298+0000] {processor.py:826} INFO - Processing file /home/airflow/.local/lib/python3.7/site-packages/airflow/example_dags/example_skip_dag.py for tasks to queue
[2023-06-13T01:59:25.299+0000] {logging_mixin.py:149} INFO - [2023-06-13T01:59:25.299+0000] {dagbag.py:541} INFO - Filling up the DagBag from /home/airflow/.local/lib/python3.7/site-packages/airflow/example_dags/example_skip_dag.py
[2023-06-13T01:59:25.308+0000] {processor.py:836} INFO - DAG(s) dict_keys(['example_skip_dag']) retrieved from /home/airflow/.local/lib/python3.7/site-packages/airflow/example_dags/example_skip_dag.py
[2023-06-13T01:59:25.341+0000] {logging_mixin.py:149} INFO - [2023-06-13T01:59:25.341+0000] {dag.py:2726} INFO - Sync 1 DAGs
[2023-06-13T01:59:25.399+0000] {logging_mixin.py:149} INFO - [2023-06-13T01:59:25.399+0000] {dag.py:3490} INFO - Setting next_dagrun for example_skip_dag to 2023-06-12T01:59:25.398731+00:00, run_after=2023-06-13T01:59:25.398731+00:00
[2023-06-13T01:59:25.433+0000] {processor.py:179} INFO - Processing /home/airflow/.local/lib/python3.7/site-packages/airflow/example_dags/example_skip_dag.py took 0.140 seconds
[2023-06-13T02:00:59.659+0000] {processor.py:157} INFO - Started process (PID=43) to work on /home/airflow/.local/lib/python3.7/site-packages/airflow/example_dags/example_skip_dag.py
[2023-06-13T02:00:59.661+0000] {processor.py:826} INFO - Processing file /home/airflow/.local/lib/python3.7/site-packages/airflow/example_dags/example_skip_dag.py for tasks to queue
[2023-06-13T02:00:59.663+0000] {logging_mixin.py:149} INFO - [2023-06-13T02:00:59.663+0000] {dagbag.py:541} INFO - Filling up the DagBag from /home/airflow/.local/lib/python3.7/site-packages/airflow/example_dags/example_skip_dag.py
[2023-06-13T02:00:59.683+0000] {processor.py:836} INFO - DAG(s) dict_keys(['example_skip_dag']) retrieved from /home/airflow/.local/lib/python3.7/site-packages/airflow/example_dags/example_skip_dag.py
[2023-06-13T02:00:59.753+0000] {logging_mixin.py:149} INFO - [2023-06-13T02:00:59.753+0000] {dag.py:2726} INFO - Sync 1 DAGs
[2023-06-13T02:00:59.824+0000] {logging_mixin.py:149} INFO - [2023-06-13T02:00:59.824+0000] {dag.py:3490} INFO - Setting next_dagrun for example_skip_dag to 2023-06-12T02:00:59.824075+00:00, run_after=2023-06-13T02:00:59.824075+00:00
[2023-06-13T02:00:59.881+0000] {processor.py:179} INFO - Processing /home/airflow/.local/lib/python3.7/site-packages/airflow/example_dags/example_skip_dag.py took 0.227 seconds
[2023-06-13T02:01:31.115+0000] {processor.py:157} INFO - Started process (PID=103) to work on /home/airflow/.local/lib/python3.7/site-packages/airflow/example_dags/example_skip_dag.py
[2023-06-13T02:01:31.118+0000] {processor.py:826} INFO - Processing file /home/airflow/.local/lib/python3.7/site-packages/airflow/example_dags/example_skip_dag.py for tasks to queue
[2023-06-13T02:01:31.123+0000] {logging_mixin.py:149} INFO - [2023-06-13T02:01:31.122+0000] {dagbag.py:541} INFO - Filling up the DagBag from /home/airflow/.local/lib/python3.7/site-packages/airflow/example_dags/example_skip_dag.py
[2023-06-13T02:01:31.142+0000] {processor.py:836} INFO - DAG(s) dict_keys(['example_skip_dag']) retrieved from /home/airflow/.local/lib/python3.7/site-packages/airflow/example_dags/example_skip_dag.py
[2023-06-13T02:01:31.211+0000] {logging_mixin.py:149} INFO - [2023-06-13T02:01:31.210+0000] {dag.py:2726} INFO - Sync 1 DAGs
[2023-06-13T02:01:31.296+0000] {logging_mixin.py:149} INFO - [2023-06-13T02:01:31.295+0000] {dag.py:3490} INFO - Setting next_dagrun for example_skip_dag to 2023-06-12T02:01:31.295404+00:00, run_after=2023-06-13T02:01:31.295404+00:00
[2023-06-13T02:01:31.354+0000] {processor.py:179} INFO - Processing /home/airflow/.local/lib/python3.7/site-packages/airflow/example_dags/example_skip_dag.py took 0.249 seconds
[2023-06-13T02:02:02.235+0000] {processor.py:157} INFO - Started process (PID=168) to work on /home/airflow/.local/lib/python3.7/site-packages/airflow/example_dags/example_skip_dag.py
[2023-06-13T02:02:02.237+0000] {processor.py:826} INFO - Processing file /home/airflow/.local/lib/python3.7/site-packages/airflow/example_dags/example_skip_dag.py for tasks to queue
[2023-06-13T02:02:02.240+0000] {logging_mixin.py:149} INFO - [2023-06-13T02:02:02.239+0000] {dagbag.py:541} INFO - Filling up the DagBag from /home/airflow/.local/lib/python3.7/site-packages/airflow/example_dags/example_skip_dag.py
[2023-06-13T02:02:02.261+0000] {processor.py:836} INFO - DAG(s) dict_keys(['example_skip_dag']) retrieved from /home/airflow/.local/lib/python3.7/site-packages/airflow/example_dags/example_skip_dag.py
[2023-06-13T02:02:02.429+0000] {logging_mixin.py:149} INFO - [2023-06-13T02:02:02.429+0000] {dag.py:2726} INFO - Sync 1 DAGs
[2023-06-13T02:02:02.577+0000] {logging_mixin.py:149} INFO - [2023-06-13T02:02:02.576+0000] {dag.py:3490} INFO - Setting next_dagrun for example_skip_dag to 2023-06-12T02:02:02.575920+00:00, run_after=2023-06-13T02:02:02.575920+00:00
[2023-06-13T02:02:02.726+0000] {processor.py:179} INFO - Processing /home/airflow/.local/lib/python3.7/site-packages/airflow/example_dags/example_skip_dag.py took 0.499 seconds
[2023-06-13T02:32:22.314+0000] {processor.py:157} INFO - Started process (PID=55) to work on /home/airflow/.local/lib/python3.7/site-packages/airflow/example_dags/example_skip_dag.py
[2023-06-13T02:32:22.319+0000] {processor.py:826} INFO - Processing file /home/airflow/.local/lib/python3.7/site-packages/airflow/example_dags/example_skip_dag.py for tasks to queue
[2023-06-13T02:32:22.340+0000] {logging_mixin.py:149} INFO - [2023-06-13T02:32:22.339+0000] {dagbag.py:541} INFO - Filling up the DagBag from /home/airflow/.local/lib/python3.7/site-packages/airflow/example_dags/example_skip_dag.py
[2023-06-13T02:32:22.452+0000] {processor.py:836} INFO - DAG(s) dict_keys(['example_skip_dag']) retrieved from /home/airflow/.local/lib/python3.7/site-packages/airflow/example_dags/example_skip_dag.py
[2023-06-13T02:32:22.714+0000] {logging_mixin.py:149} INFO - [2023-06-13T02:32:22.713+0000] {dag.py:2726} INFO - Sync 1 DAGs
[2023-06-13T02:32:22.880+0000] {logging_mixin.py:149} INFO - [2023-06-13T02:32:22.878+0000] {dag.py:3490} INFO - Setting next_dagrun for example_skip_dag to 2023-06-12T02:32:22.877848+00:00, run_after=2023-06-13T02:32:22.877848+00:00
[2023-06-13T02:32:23.059+0000] {processor.py:179} INFO - Processing /home/airflow/.local/lib/python3.7/site-packages/airflow/example_dags/example_skip_dag.py took 0.766 seconds
[2023-06-13T02:32:54.277+0000] {processor.py:157} INFO - Started process (PID=114) to work on /home/airflow/.local/lib/python3.7/site-packages/airflow/example_dags/example_skip_dag.py
[2023-06-13T02:32:54.280+0000] {processor.py:826} INFO - Processing file /home/airflow/.local/lib/python3.7/site-packages/airflow/example_dags/example_skip_dag.py for tasks to queue
[2023-06-13T02:32:54.287+0000] {logging_mixin.py:149} INFO - [2023-06-13T02:32:54.284+0000] {dagbag.py:541} INFO - Filling up the DagBag from /home/airflow/.local/lib/python3.7/site-packages/airflow/example_dags/example_skip_dag.py
[2023-06-13T02:32:54.310+0000] {processor.py:836} INFO - DAG(s) dict_keys(['example_skip_dag']) retrieved from /home/airflow/.local/lib/python3.7/site-packages/airflow/example_dags/example_skip_dag.py
[2023-06-13T02:32:54.417+0000] {logging_mixin.py:149} INFO - [2023-06-13T02:32:54.417+0000] {dag.py:2726} INFO - Sync 1 DAGs
[2023-06-13T02:32:54.542+0000] {logging_mixin.py:149} INFO - [2023-06-13T02:32:54.542+0000] {dag.py:3490} INFO - Setting next_dagrun for example_skip_dag to 2023-06-12T02:32:54.541352+00:00, run_after=2023-06-13T02:32:54.541352+00:00
[2023-06-13T02:32:54.678+0000] {processor.py:179} INFO - Processing /home/airflow/.local/lib/python3.7/site-packages/airflow/example_dags/example_skip_dag.py took 0.409 seconds
[2023-06-13T02:33:33.373+0000] {processor.py:157} INFO - Started process (PID=180) to work on /home/airflow/.local/lib/python3.7/site-packages/airflow/example_dags/example_skip_dag.py
[2023-06-13T02:33:33.378+0000] {processor.py:826} INFO - Processing file /home/airflow/.local/lib/python3.7/site-packages/airflow/example_dags/example_skip_dag.py for tasks to queue
[2023-06-13T02:33:33.404+0000] {logging_mixin.py:149} INFO - [2023-06-13T02:33:33.392+0000] {dagbag.py:541} INFO - Filling up the DagBag from /home/airflow/.local/lib/python3.7/site-packages/airflow/example_dags/example_skip_dag.py
[2023-06-13T02:33:33.459+0000] {processor.py:836} INFO - DAG(s) dict_keys(['example_skip_dag']) retrieved from /home/airflow/.local/lib/python3.7/site-packages/airflow/example_dags/example_skip_dag.py
[2023-06-13T02:33:33.747+0000] {logging_mixin.py:149} INFO - [2023-06-13T02:33:33.745+0000] {dag.py:2726} INFO - Sync 1 DAGs
[2023-06-13T02:33:35.107+0000] {logging_mixin.py:149} INFO - [2023-06-13T02:33:35.107+0000] {dag.py:3490} INFO - Setting next_dagrun for example_skip_dag to 2023-06-12T02:33:35.098812+00:00, run_after=2023-06-13T02:33:35.098812+00:00
[2023-06-13T02:33:35.375+0000] {processor.py:179} INFO - Processing /home/airflow/.local/lib/python3.7/site-packages/airflow/example_dags/example_skip_dag.py took 2.050 seconds
[2023-06-13T02:34:26.443+0000] {processor.py:157} INFO - Started process (PID=240) to work on /home/airflow/.local/lib/python3.7/site-packages/airflow/example_dags/example_skip_dag.py
[2023-06-13T02:34:26.449+0000] {processor.py:826} INFO - Processing file /home/airflow/.local/lib/python3.7/site-packages/airflow/example_dags/example_skip_dag.py for tasks to queue
[2023-06-13T02:34:26.454+0000] {logging_mixin.py:149} INFO - [2023-06-13T02:34:26.453+0000] {dagbag.py:541} INFO - Filling up the DagBag from /home/airflow/.local/lib/python3.7/site-packages/airflow/example_dags/example_skip_dag.py
[2023-06-13T02:34:26.603+0000] {processor.py:836} INFO - DAG(s) dict_keys(['example_skip_dag']) retrieved from /home/airflow/.local/lib/python3.7/site-packages/airflow/example_dags/example_skip_dag.py
[2023-06-13T02:34:26.750+0000] {logging_mixin.py:149} INFO - [2023-06-13T02:34:26.750+0000] {dag.py:2726} INFO - Sync 1 DAGs
[2023-06-13T02:34:26.843+0000] {logging_mixin.py:149} INFO - [2023-06-13T02:34:26.843+0000] {dag.py:3490} INFO - Setting next_dagrun for example_skip_dag to 2023-06-12T02:34:26.842137+00:00, run_after=2023-06-13T02:34:26.842137+00:00
[2023-06-13T02:34:26.942+0000] {processor.py:179} INFO - Processing /home/airflow/.local/lib/python3.7/site-packages/airflow/example_dags/example_skip_dag.py took 0.520 seconds
[2023-06-13T02:34:57.269+0000] {processor.py:157} INFO - Started process (PID=300) to work on /home/airflow/.local/lib/python3.7/site-packages/airflow/example_dags/example_skip_dag.py
[2023-06-13T02:34:57.272+0000] {processor.py:826} INFO - Processing file /home/airflow/.local/lib/python3.7/site-packages/airflow/example_dags/example_skip_dag.py for tasks to queue
[2023-06-13T02:34:57.276+0000] {logging_mixin.py:149} INFO - [2023-06-13T02:34:57.276+0000] {dagbag.py:541} INFO - Filling up the DagBag from /home/airflow/.local/lib/python3.7/site-packages/airflow/example_dags/example_skip_dag.py
[2023-06-13T02:34:57.307+0000] {processor.py:836} INFO - DAG(s) dict_keys(['example_skip_dag']) retrieved from /home/airflow/.local/lib/python3.7/site-packages/airflow/example_dags/example_skip_dag.py
[2023-06-13T02:34:57.427+0000] {logging_mixin.py:149} INFO - [2023-06-13T02:34:57.427+0000] {dag.py:2726} INFO - Sync 1 DAGs
[2023-06-13T02:34:57.538+0000] {logging_mixin.py:149} INFO - [2023-06-13T02:34:57.537+0000] {dag.py:3490} INFO - Setting next_dagrun for example_skip_dag to 2023-06-12T02:34:57.537382+00:00, run_after=2023-06-13T02:34:57.537382+00:00
[2023-06-13T02:34:57.634+0000] {processor.py:179} INFO - Processing /home/airflow/.local/lib/python3.7/site-packages/airflow/example_dags/example_skip_dag.py took 0.376 seconds
[2023-06-13T02:35:28.812+0000] {processor.py:157} INFO - Started process (PID=360) to work on /home/airflow/.local/lib/python3.7/site-packages/airflow/example_dags/example_skip_dag.py
[2023-06-13T02:35:28.816+0000] {processor.py:826} INFO - Processing file /home/airflow/.local/lib/python3.7/site-packages/airflow/example_dags/example_skip_dag.py for tasks to queue
[2023-06-13T02:35:28.819+0000] {logging_mixin.py:149} INFO - [2023-06-13T02:35:28.819+0000] {dagbag.py:541} INFO - Filling up the DagBag from /home/airflow/.local/lib/python3.7/site-packages/airflow/example_dags/example_skip_dag.py
[2023-06-13T02:35:28.888+0000] {processor.py:836} INFO - DAG(s) dict_keys(['example_skip_dag']) retrieved from /home/airflow/.local/lib/python3.7/site-packages/airflow/example_dags/example_skip_dag.py
[2023-06-13T02:35:29.226+0000] {logging_mixin.py:149} INFO - [2023-06-13T02:35:29.225+0000] {dag.py:2726} INFO - Sync 1 DAGs
[2023-06-13T02:35:29.545+0000] {logging_mixin.py:149} INFO - [2023-06-13T02:35:29.544+0000] {dag.py:3490} INFO - Setting next_dagrun for example_skip_dag to 2023-06-12T02:35:29.538961+00:00, run_after=2023-06-13T02:35:29.538961+00:00
[2023-06-13T02:35:29.730+0000] {processor.py:179} INFO - Processing /home/airflow/.local/lib/python3.7/site-packages/airflow/example_dags/example_skip_dag.py took 0.928 seconds
[2023-06-13T02:36:00.382+0000] {processor.py:157} INFO - Started process (PID=421) to work on /home/airflow/.local/lib/python3.7/site-packages/airflow/example_dags/example_skip_dag.py
[2023-06-13T02:36:00.388+0000] {processor.py:826} INFO - Processing file /home/airflow/.local/lib/python3.7/site-packages/airflow/example_dags/example_skip_dag.py for tasks to queue
[2023-06-13T02:36:00.395+0000] {logging_mixin.py:149} INFO - [2023-06-13T02:36:00.394+0000] {dagbag.py:541} INFO - Filling up the DagBag from /home/airflow/.local/lib/python3.7/site-packages/airflow/example_dags/example_skip_dag.py
[2023-06-13T02:36:00.450+0000] {processor.py:836} INFO - DAG(s) dict_keys(['example_skip_dag']) retrieved from /home/airflow/.local/lib/python3.7/site-packages/airflow/example_dags/example_skip_dag.py
[2023-06-13T02:36:00.634+0000] {logging_mixin.py:149} INFO - [2023-06-13T02:36:00.634+0000] {dag.py:2726} INFO - Sync 1 DAGs
[2023-06-13T02:36:00.845+0000] {logging_mixin.py:149} INFO - [2023-06-13T02:36:00.844+0000] {dag.py:3490} INFO - Setting next_dagrun for example_skip_dag to 2023-06-12T02:36:00.843353+00:00, run_after=2023-06-13T02:36:00.843353+00:00
[2023-06-13T02:36:01.000+0000] {processor.py:179} INFO - Processing /home/airflow/.local/lib/python3.7/site-packages/airflow/example_dags/example_skip_dag.py took 0.642 seconds
[2023-06-13T02:36:32.003+0000] {processor.py:157} INFO - Started process (PID=490) to work on /home/airflow/.local/lib/python3.7/site-packages/airflow/example_dags/example_skip_dag.py
[2023-06-13T02:36:32.008+0000] {processor.py:826} INFO - Processing file /home/airflow/.local/lib/python3.7/site-packages/airflow/example_dags/example_skip_dag.py for tasks to queue
[2023-06-13T02:36:32.012+0000] {logging_mixin.py:149} INFO - [2023-06-13T02:36:32.011+0000] {dagbag.py:541} INFO - Filling up the DagBag from /home/airflow/.local/lib/python3.7/site-packages/airflow/example_dags/example_skip_dag.py
[2023-06-13T02:36:32.038+0000] {processor.py:836} INFO - DAG(s) dict_keys(['example_skip_dag']) retrieved from /home/airflow/.local/lib/python3.7/site-packages/airflow/example_dags/example_skip_dag.py
[2023-06-13T02:36:32.153+0000] {logging_mixin.py:149} INFO - [2023-06-13T02:36:32.152+0000] {dag.py:2726} INFO - Sync 1 DAGs
[2023-06-13T02:36:32.319+0000] {logging_mixin.py:149} INFO - [2023-06-13T02:36:32.318+0000] {dag.py:3490} INFO - Setting next_dagrun for example_skip_dag to 2023-06-12T02:36:32.318413+00:00, run_after=2023-06-13T02:36:32.318413+00:00
[2023-06-13T02:36:32.431+0000] {processor.py:179} INFO - Processing /home/airflow/.local/lib/python3.7/site-packages/airflow/example_dags/example_skip_dag.py took 0.442 seconds
[2023-06-13T02:37:03.090+0000] {processor.py:157} INFO - Started process (PID=550) to work on /home/airflow/.local/lib/python3.7/site-packages/airflow/example_dags/example_skip_dag.py
[2023-06-13T02:37:03.096+0000] {processor.py:826} INFO - Processing file /home/airflow/.local/lib/python3.7/site-packages/airflow/example_dags/example_skip_dag.py for tasks to queue
[2023-06-13T02:37:03.099+0000] {logging_mixin.py:149} INFO - [2023-06-13T02:37:03.099+0000] {dagbag.py:541} INFO - Filling up the DagBag from /home/airflow/.local/lib/python3.7/site-packages/airflow/example_dags/example_skip_dag.py
[2023-06-13T02:37:03.122+0000] {processor.py:836} INFO - DAG(s) dict_keys(['example_skip_dag']) retrieved from /home/airflow/.local/lib/python3.7/site-packages/airflow/example_dags/example_skip_dag.py
[2023-06-13T02:37:03.207+0000] {logging_mixin.py:149} INFO - [2023-06-13T02:37:03.206+0000] {dag.py:2726} INFO - Sync 1 DAGs
[2023-06-13T02:37:03.328+0000] {logging_mixin.py:149} INFO - [2023-06-13T02:37:03.327+0000] {dag.py:3490} INFO - Setting next_dagrun for example_skip_dag to 2023-06-12T02:37:03.326868+00:00, run_after=2023-06-13T02:37:03.326868+00:00
[2023-06-13T02:37:03.402+0000] {processor.py:179} INFO - Processing /home/airflow/.local/lib/python3.7/site-packages/airflow/example_dags/example_skip_dag.py took 0.325 seconds
[2023-06-13T02:37:34.729+0000] {processor.py:157} INFO - Started process (PID=610) to work on /home/airflow/.local/lib/python3.7/site-packages/airflow/example_dags/example_skip_dag.py
[2023-06-13T02:37:34.731+0000] {processor.py:826} INFO - Processing file /home/airflow/.local/lib/python3.7/site-packages/airflow/example_dags/example_skip_dag.py for tasks to queue
[2023-06-13T02:37:34.734+0000] {logging_mixin.py:149} INFO - [2023-06-13T02:37:34.734+0000] {dagbag.py:541} INFO - Filling up the DagBag from /home/airflow/.local/lib/python3.7/site-packages/airflow/example_dags/example_skip_dag.py
[2023-06-13T02:37:34.754+0000] {processor.py:836} INFO - DAG(s) dict_keys(['example_skip_dag']) retrieved from /home/airflow/.local/lib/python3.7/site-packages/airflow/example_dags/example_skip_dag.py
[2023-06-13T02:37:34.838+0000] {logging_mixin.py:149} INFO - [2023-06-13T02:37:34.837+0000] {dag.py:2726} INFO - Sync 1 DAGs
[2023-06-13T02:37:34.912+0000] {logging_mixin.py:149} INFO - [2023-06-13T02:37:34.911+0000] {dag.py:3490} INFO - Setting next_dagrun for example_skip_dag to 2023-06-12T02:37:34.910459+00:00, run_after=2023-06-13T02:37:34.910459+00:00
[2023-06-13T02:37:34.983+0000] {processor.py:179} INFO - Processing /home/airflow/.local/lib/python3.7/site-packages/airflow/example_dags/example_skip_dag.py took 0.261 seconds
[2023-06-13T02:38:06.078+0000] {processor.py:157} INFO - Started process (PID=671) to work on /home/airflow/.local/lib/python3.7/site-packages/airflow/example_dags/example_skip_dag.py
[2023-06-13T02:38:06.081+0000] {processor.py:826} INFO - Processing file /home/airflow/.local/lib/python3.7/site-packages/airflow/example_dags/example_skip_dag.py for tasks to queue
[2023-06-13T02:38:06.084+0000] {logging_mixin.py:149} INFO - [2023-06-13T02:38:06.083+0000] {dagbag.py:541} INFO - Filling up the DagBag from /home/airflow/.local/lib/python3.7/site-packages/airflow/example_dags/example_skip_dag.py
[2023-06-13T02:38:06.103+0000] {processor.py:836} INFO - DAG(s) dict_keys(['example_skip_dag']) retrieved from /home/airflow/.local/lib/python3.7/site-packages/airflow/example_dags/example_skip_dag.py
[2023-06-13T02:38:06.185+0000] {logging_mixin.py:149} INFO - [2023-06-13T02:38:06.184+0000] {dag.py:2726} INFO - Sync 1 DAGs
[2023-06-13T02:38:06.303+0000] {logging_mixin.py:149} INFO - [2023-06-13T02:38:06.302+0000] {dag.py:3490} INFO - Setting next_dagrun for example_skip_dag to 2023-06-12T02:38:06.302336+00:00, run_after=2023-06-13T02:38:06.302336+00:00
[2023-06-13T02:38:06.405+0000] {processor.py:179} INFO - Processing /home/airflow/.local/lib/python3.7/site-packages/airflow/example_dags/example_skip_dag.py took 0.337 seconds
[2023-06-13T02:38:37.153+0000] {processor.py:157} INFO - Started process (PID=731) to work on /home/airflow/.local/lib/python3.7/site-packages/airflow/example_dags/example_skip_dag.py
[2023-06-13T02:38:37.156+0000] {processor.py:826} INFO - Processing file /home/airflow/.local/lib/python3.7/site-packages/airflow/example_dags/example_skip_dag.py for tasks to queue
[2023-06-13T02:38:37.158+0000] {logging_mixin.py:149} INFO - [2023-06-13T02:38:37.158+0000] {dagbag.py:541} INFO - Filling up the DagBag from /home/airflow/.local/lib/python3.7/site-packages/airflow/example_dags/example_skip_dag.py
[2023-06-13T02:38:37.184+0000] {processor.py:836} INFO - DAG(s) dict_keys(['example_skip_dag']) retrieved from /home/airflow/.local/lib/python3.7/site-packages/airflow/example_dags/example_skip_dag.py
[2023-06-13T02:38:37.258+0000] {logging_mixin.py:149} INFO - [2023-06-13T02:38:37.257+0000] {dag.py:2726} INFO - Sync 1 DAGs
[2023-06-13T02:38:37.332+0000] {logging_mixin.py:149} INFO - [2023-06-13T02:38:37.331+0000] {dag.py:3490} INFO - Setting next_dagrun for example_skip_dag to 2023-06-12T02:38:37.330350+00:00, run_after=2023-06-13T02:38:37.330350+00:00
[2023-06-13T02:38:37.394+0000] {processor.py:179} INFO - Processing /home/airflow/.local/lib/python3.7/site-packages/airflow/example_dags/example_skip_dag.py took 0.248 seconds
[2023-06-13T02:39:07.975+0000] {processor.py:157} INFO - Started process (PID=791) to work on /home/airflow/.local/lib/python3.7/site-packages/airflow/example_dags/example_skip_dag.py
[2023-06-13T02:39:07.979+0000] {processor.py:826} INFO - Processing file /home/airflow/.local/lib/python3.7/site-packages/airflow/example_dags/example_skip_dag.py for tasks to queue
[2023-06-13T02:39:07.985+0000] {logging_mixin.py:149} INFO - [2023-06-13T02:39:07.984+0000] {dagbag.py:541} INFO - Filling up the DagBag from /home/airflow/.local/lib/python3.7/site-packages/airflow/example_dags/example_skip_dag.py
[2023-06-13T02:39:08.018+0000] {processor.py:836} INFO - DAG(s) dict_keys(['example_skip_dag']) retrieved from /home/airflow/.local/lib/python3.7/site-packages/airflow/example_dags/example_skip_dag.py
[2023-06-13T02:39:08.224+0000] {logging_mixin.py:149} INFO - [2023-06-13T02:39:08.210+0000] {dag.py:2726} INFO - Sync 1 DAGs
[2023-06-13T02:39:08.453+0000] {logging_mixin.py:149} INFO - [2023-06-13T02:39:08.452+0000] {dag.py:3490} INFO - Setting next_dagrun for example_skip_dag to 2023-06-12T02:39:08.451152+00:00, run_after=2023-06-13T02:39:08.451152+00:00
[2023-06-13T02:39:08.607+0000] {processor.py:179} INFO - Processing /home/airflow/.local/lib/python3.7/site-packages/airflow/example_dags/example_skip_dag.py took 0.647 seconds
[2023-06-13T02:39:38.760+0000] {processor.py:157} INFO - Started process (PID=850) to work on /home/airflow/.local/lib/python3.7/site-packages/airflow/example_dags/example_skip_dag.py
[2023-06-13T02:39:38.763+0000] {processor.py:826} INFO - Processing file /home/airflow/.local/lib/python3.7/site-packages/airflow/example_dags/example_skip_dag.py for tasks to queue
[2023-06-13T02:39:38.767+0000] {logging_mixin.py:149} INFO - [2023-06-13T02:39:38.767+0000] {dagbag.py:541} INFO - Filling up the DagBag from /home/airflow/.local/lib/python3.7/site-packages/airflow/example_dags/example_skip_dag.py
[2023-06-13T02:39:38.785+0000] {processor.py:836} INFO - DAG(s) dict_keys(['example_skip_dag']) retrieved from /home/airflow/.local/lib/python3.7/site-packages/airflow/example_dags/example_skip_dag.py
[2023-06-13T02:39:38.871+0000] {logging_mixin.py:149} INFO - [2023-06-13T02:39:38.871+0000] {dag.py:2726} INFO - Sync 1 DAGs
[2023-06-13T02:39:38.971+0000] {logging_mixin.py:149} INFO - [2023-06-13T02:39:38.971+0000] {dag.py:3490} INFO - Setting next_dagrun for example_skip_dag to 2023-06-12T02:39:38.970911+00:00, run_after=2023-06-13T02:39:38.970911+00:00
[2023-06-13T02:39:39.058+0000] {processor.py:179} INFO - Processing /home/airflow/.local/lib/python3.7/site-packages/airflow/example_dags/example_skip_dag.py took 0.306 seconds
[2023-06-13T02:40:09.648+0000] {processor.py:157} INFO - Started process (PID=909) to work on /home/airflow/.local/lib/python3.7/site-packages/airflow/example_dags/example_skip_dag.py
[2023-06-13T02:40:09.651+0000] {processor.py:826} INFO - Processing file /home/airflow/.local/lib/python3.7/site-packages/airflow/example_dags/example_skip_dag.py for tasks to queue
[2023-06-13T02:40:09.654+0000] {logging_mixin.py:149} INFO - [2023-06-13T02:40:09.653+0000] {dagbag.py:541} INFO - Filling up the DagBag from /home/airflow/.local/lib/python3.7/site-packages/airflow/example_dags/example_skip_dag.py
[2023-06-13T02:40:09.675+0000] {processor.py:836} INFO - DAG(s) dict_keys(['example_skip_dag']) retrieved from /home/airflow/.local/lib/python3.7/site-packages/airflow/example_dags/example_skip_dag.py
[2023-06-13T02:40:09.773+0000] {logging_mixin.py:149} INFO - [2023-06-13T02:40:09.773+0000] {dag.py:2726} INFO - Sync 1 DAGs
[2023-06-13T02:40:09.881+0000] {logging_mixin.py:149} INFO - [2023-06-13T02:40:09.880+0000] {dag.py:3490} INFO - Setting next_dagrun for example_skip_dag to 2023-06-12T02:40:09.879545+00:00, run_after=2023-06-13T02:40:09.879545+00:00
[2023-06-13T02:40:09.959+0000] {processor.py:179} INFO - Processing /home/airflow/.local/lib/python3.7/site-packages/airflow/example_dags/example_skip_dag.py took 0.322 seconds
[2023-06-13T02:40:40.542+0000] {processor.py:157} INFO - Started process (PID=969) to work on /home/airflow/.local/lib/python3.7/site-packages/airflow/example_dags/example_skip_dag.py
[2023-06-13T02:40:40.547+0000] {processor.py:826} INFO - Processing file /home/airflow/.local/lib/python3.7/site-packages/airflow/example_dags/example_skip_dag.py for tasks to queue
[2023-06-13T02:40:40.551+0000] {logging_mixin.py:149} INFO - [2023-06-13T02:40:40.550+0000] {dagbag.py:541} INFO - Filling up the DagBag from /home/airflow/.local/lib/python3.7/site-packages/airflow/example_dags/example_skip_dag.py
[2023-06-13T02:40:40.586+0000] {processor.py:836} INFO - DAG(s) dict_keys(['example_skip_dag']) retrieved from /home/airflow/.local/lib/python3.7/site-packages/airflow/example_dags/example_skip_dag.py
[2023-06-13T02:40:40.725+0000] {logging_mixin.py:149} INFO - [2023-06-13T02:40:40.724+0000] {dag.py:2726} INFO - Sync 1 DAGs
[2023-06-13T02:40:40.840+0000] {logging_mixin.py:149} INFO - [2023-06-13T02:40:40.840+0000] {dag.py:3490} INFO - Setting next_dagrun for example_skip_dag to 2023-06-12T02:40:40.839087+00:00, run_after=2023-06-13T02:40:40.839087+00:00
[2023-06-13T02:40:40.934+0000] {processor.py:179} INFO - Processing /home/airflow/.local/lib/python3.7/site-packages/airflow/example_dags/example_skip_dag.py took 0.401 seconds
[2023-06-13T02:41:12.503+0000] {processor.py:157} INFO - Started process (PID=1030) to work on /home/airflow/.local/lib/python3.7/site-packages/airflow/example_dags/example_skip_dag.py
[2023-06-13T02:41:12.505+0000] {processor.py:826} INFO - Processing file /home/airflow/.local/lib/python3.7/site-packages/airflow/example_dags/example_skip_dag.py for tasks to queue
[2023-06-13T02:41:12.511+0000] {logging_mixin.py:149} INFO - [2023-06-13T02:41:12.510+0000] {dagbag.py:541} INFO - Filling up the DagBag from /home/airflow/.local/lib/python3.7/site-packages/airflow/example_dags/example_skip_dag.py
[2023-06-13T02:41:12.540+0000] {processor.py:836} INFO - DAG(s) dict_keys(['example_skip_dag']) retrieved from /home/airflow/.local/lib/python3.7/site-packages/airflow/example_dags/example_skip_dag.py
[2023-06-13T02:41:12.669+0000] {logging_mixin.py:149} INFO - [2023-06-13T02:41:12.669+0000] {dag.py:2726} INFO - Sync 1 DAGs
[2023-06-13T02:41:12.819+0000] {logging_mixin.py:149} INFO - [2023-06-13T02:41:12.818+0000] {dag.py:3490} INFO - Setting next_dagrun for example_skip_dag to 2023-06-12T02:41:12.817276+00:00, run_after=2023-06-13T02:41:12.817276+00:00
[2023-06-13T02:41:12.959+0000] {processor.py:179} INFO - Processing /home/airflow/.local/lib/python3.7/site-packages/airflow/example_dags/example_skip_dag.py took 0.467 seconds
[2023-06-13T02:41:43.763+0000] {processor.py:157} INFO - Started process (PID=1091) to work on /home/airflow/.local/lib/python3.7/site-packages/airflow/example_dags/example_skip_dag.py
[2023-06-13T02:41:43.766+0000] {processor.py:826} INFO - Processing file /home/airflow/.local/lib/python3.7/site-packages/airflow/example_dags/example_skip_dag.py for tasks to queue
[2023-06-13T02:41:43.772+0000] {logging_mixin.py:149} INFO - [2023-06-13T02:41:43.771+0000] {dagbag.py:541} INFO - Filling up the DagBag from /home/airflow/.local/lib/python3.7/site-packages/airflow/example_dags/example_skip_dag.py
[2023-06-13T02:41:43.806+0000] {processor.py:836} INFO - DAG(s) dict_keys(['example_skip_dag']) retrieved from /home/airflow/.local/lib/python3.7/site-packages/airflow/example_dags/example_skip_dag.py
[2023-06-13T02:41:43.895+0000] {logging_mixin.py:149} INFO - [2023-06-13T02:41:43.894+0000] {dag.py:2726} INFO - Sync 1 DAGs
[2023-06-13T02:41:43.990+0000] {logging_mixin.py:149} INFO - [2023-06-13T02:41:43.989+0000] {dag.py:3490} INFO - Setting next_dagrun for example_skip_dag to 2023-06-12T02:41:43.988802+00:00, run_after=2023-06-13T02:41:43.988802+00:00
[2023-06-13T02:41:44.093+0000] {processor.py:179} INFO - Processing /home/airflow/.local/lib/python3.7/site-packages/airflow/example_dags/example_skip_dag.py took 0.341 seconds
[2023-06-13T02:42:14.302+0000] {processor.py:157} INFO - Started process (PID=1142) to work on /home/airflow/.local/lib/python3.7/site-packages/airflow/example_dags/example_skip_dag.py
[2023-06-13T02:42:14.305+0000] {processor.py:826} INFO - Processing file /home/airflow/.local/lib/python3.7/site-packages/airflow/example_dags/example_skip_dag.py for tasks to queue
[2023-06-13T02:42:14.307+0000] {logging_mixin.py:149} INFO - [2023-06-13T02:42:14.307+0000] {dagbag.py:541} INFO - Filling up the DagBag from /home/airflow/.local/lib/python3.7/site-packages/airflow/example_dags/example_skip_dag.py
[2023-06-13T02:42:14.323+0000] {processor.py:836} INFO - DAG(s) dict_keys(['example_skip_dag']) retrieved from /home/airflow/.local/lib/python3.7/site-packages/airflow/example_dags/example_skip_dag.py
[2023-06-13T02:42:14.399+0000] {logging_mixin.py:149} INFO - [2023-06-13T02:42:14.398+0000] {dag.py:2726} INFO - Sync 1 DAGs
[2023-06-13T02:42:14.499+0000] {logging_mixin.py:149} INFO - [2023-06-13T02:42:14.499+0000] {dag.py:3490} INFO - Setting next_dagrun for example_skip_dag to 2023-06-12T02:42:14.498353+00:00, run_after=2023-06-13T02:42:14.498353+00:00
[2023-06-13T02:42:14.592+0000] {processor.py:179} INFO - Processing /home/airflow/.local/lib/python3.7/site-packages/airflow/example_dags/example_skip_dag.py took 0.298 seconds
[2023-06-13T02:42:45.336+0000] {processor.py:157} INFO - Started process (PID=1202) to work on /home/airflow/.local/lib/python3.7/site-packages/airflow/example_dags/example_skip_dag.py
[2023-06-13T02:42:45.339+0000] {processor.py:826} INFO - Processing file /home/airflow/.local/lib/python3.7/site-packages/airflow/example_dags/example_skip_dag.py for tasks to queue
[2023-06-13T02:42:45.344+0000] {logging_mixin.py:149} INFO - [2023-06-13T02:42:45.343+0000] {dagbag.py:541} INFO - Filling up the DagBag from /home/airflow/.local/lib/python3.7/site-packages/airflow/example_dags/example_skip_dag.py
[2023-06-13T02:42:45.363+0000] {processor.py:836} INFO - DAG(s) dict_keys(['example_skip_dag']) retrieved from /home/airflow/.local/lib/python3.7/site-packages/airflow/example_dags/example_skip_dag.py
[2023-06-13T02:42:45.453+0000] {logging_mixin.py:149} INFO - [2023-06-13T02:42:45.452+0000] {dag.py:2726} INFO - Sync 1 DAGs
[2023-06-13T02:42:45.601+0000] {logging_mixin.py:149} INFO - [2023-06-13T02:42:45.600+0000] {dag.py:3490} INFO - Setting next_dagrun for example_skip_dag to 2023-06-12T02:42:45.599189+00:00, run_after=2023-06-13T02:42:45.599189+00:00
[2023-06-13T02:42:45.762+0000] {processor.py:179} INFO - Processing /home/airflow/.local/lib/python3.7/site-packages/airflow/example_dags/example_skip_dag.py took 0.433 seconds
[2023-06-13T02:43:15.896+0000] {processor.py:157} INFO - Started process (PID=1262) to work on /home/airflow/.local/lib/python3.7/site-packages/airflow/example_dags/example_skip_dag.py
[2023-06-13T02:43:15.899+0000] {processor.py:826} INFO - Processing file /home/airflow/.local/lib/python3.7/site-packages/airflow/example_dags/example_skip_dag.py for tasks to queue
[2023-06-13T02:43:15.902+0000] {logging_mixin.py:149} INFO - [2023-06-13T02:43:15.902+0000] {dagbag.py:541} INFO - Filling up the DagBag from /home/airflow/.local/lib/python3.7/site-packages/airflow/example_dags/example_skip_dag.py
[2023-06-13T02:43:15.925+0000] {processor.py:836} INFO - DAG(s) dict_keys(['example_skip_dag']) retrieved from /home/airflow/.local/lib/python3.7/site-packages/airflow/example_dags/example_skip_dag.py
[2023-06-13T02:43:16.020+0000] {logging_mixin.py:149} INFO - [2023-06-13T02:43:16.020+0000] {dag.py:2726} INFO - Sync 1 DAGs
[2023-06-13T02:43:16.108+0000] {logging_mixin.py:149} INFO - [2023-06-13T02:43:16.108+0000] {dag.py:3490} INFO - Setting next_dagrun for example_skip_dag to 2023-06-12T02:43:16.107480+00:00, run_after=2023-06-13T02:43:16.107480+00:00
[2023-06-13T02:43:16.194+0000] {processor.py:179} INFO - Processing /home/airflow/.local/lib/python3.7/site-packages/airflow/example_dags/example_skip_dag.py took 0.307 seconds
[2023-06-13T02:43:46.637+0000] {processor.py:157} INFO - Started process (PID=1322) to work on /home/airflow/.local/lib/python3.7/site-packages/airflow/example_dags/example_skip_dag.py
[2023-06-13T02:43:46.642+0000] {processor.py:826} INFO - Processing file /home/airflow/.local/lib/python3.7/site-packages/airflow/example_dags/example_skip_dag.py for tasks to queue
[2023-06-13T02:43:46.646+0000] {logging_mixin.py:149} INFO - [2023-06-13T02:43:46.645+0000] {dagbag.py:541} INFO - Filling up the DagBag from /home/airflow/.local/lib/python3.7/site-packages/airflow/example_dags/example_skip_dag.py
[2023-06-13T02:43:46.678+0000] {processor.py:836} INFO - DAG(s) dict_keys(['example_skip_dag']) retrieved from /home/airflow/.local/lib/python3.7/site-packages/airflow/example_dags/example_skip_dag.py
[2023-06-13T02:43:46.808+0000] {logging_mixin.py:149} INFO - [2023-06-13T02:43:46.807+0000] {dag.py:2726} INFO - Sync 1 DAGs
[2023-06-13T02:43:46.967+0000] {logging_mixin.py:149} INFO - [2023-06-13T02:43:46.966+0000] {dag.py:3490} INFO - Setting next_dagrun for example_skip_dag to 2023-06-12T02:43:46.966075+00:00, run_after=2023-06-13T02:43:46.966075+00:00
[2023-06-13T02:43:47.074+0000] {processor.py:179} INFO - Processing /home/airflow/.local/lib/python3.7/site-packages/airflow/example_dags/example_skip_dag.py took 0.449 seconds
[2023-06-13T02:44:17.953+0000] {processor.py:157} INFO - Started process (PID=1382) to work on /home/airflow/.local/lib/python3.7/site-packages/airflow/example_dags/example_skip_dag.py
[2023-06-13T02:44:17.957+0000] {processor.py:826} INFO - Processing file /home/airflow/.local/lib/python3.7/site-packages/airflow/example_dags/example_skip_dag.py for tasks to queue
[2023-06-13T02:44:17.960+0000] {logging_mixin.py:149} INFO - [2023-06-13T02:44:17.960+0000] {dagbag.py:541} INFO - Filling up the DagBag from /home/airflow/.local/lib/python3.7/site-packages/airflow/example_dags/example_skip_dag.py
[2023-06-13T02:44:17.978+0000] {processor.py:836} INFO - DAG(s) dict_keys(['example_skip_dag']) retrieved from /home/airflow/.local/lib/python3.7/site-packages/airflow/example_dags/example_skip_dag.py
[2023-06-13T02:44:18.052+0000] {logging_mixin.py:149} INFO - [2023-06-13T02:44:18.051+0000] {dag.py:2726} INFO - Sync 1 DAGs
[2023-06-13T02:44:18.165+0000] {logging_mixin.py:149} INFO - [2023-06-13T02:44:18.164+0000] {dag.py:3490} INFO - Setting next_dagrun for example_skip_dag to 2023-06-12T02:44:18.164054+00:00, run_after=2023-06-13T02:44:18.164054+00:00
[2023-06-13T02:44:18.291+0000] {processor.py:179} INFO - Processing /home/airflow/.local/lib/python3.7/site-packages/airflow/example_dags/example_skip_dag.py took 0.347 seconds
