[2023-06-13T01:49:59.012+0000] {processor.py:157} INFO - Started process (PID=45) to work on /home/airflow/.local/lib/python3.7/site-packages/airflow/example_dags/example_params_trigger_ui.py
[2023-06-13T01:49:59.014+0000] {processor.py:826} INFO - Processing file /home/airflow/.local/lib/python3.7/site-packages/airflow/example_dags/example_params_trigger_ui.py for tasks to queue
[2023-06-13T01:49:59.016+0000] {logging_mixin.py:149} INFO - [2023-06-13T01:49:59.015+0000] {dagbag.py:541} INFO - Filling up the DagBag from /home/airflow/.local/lib/python3.7/site-packages/airflow/example_dags/example_params_trigger_ui.py
[2023-06-13T01:49:59.068+0000] {processor.py:836} INFO - DAG(s) dict_keys(['example_params_trigger_ui']) retrieved from /home/airflow/.local/lib/python3.7/site-packages/airflow/example_dags/example_params_trigger_ui.py
[2023-06-13T01:49:59.089+0000] {logging_mixin.py:149} INFO - [2023-06-13T01:49:59.089+0000] {dag.py:2726} INFO - Sync 1 DAGs
[2023-06-13T01:49:59.146+0000] {logging_mixin.py:149} INFO - [2023-06-13T01:49:59.146+0000] {dag.py:3490} INFO - Setting next_dagrun for example_params_trigger_ui to None, run_after=None
[2023-06-13T01:49:59.189+0000] {processor.py:179} INFO - Processing /home/airflow/.local/lib/python3.7/site-packages/airflow/example_dags/example_params_trigger_ui.py took 0.181 seconds
[2023-06-13T01:50:29.841+0000] {processor.py:157} INFO - Started process (PID=105) to work on /home/airflow/.local/lib/python3.7/site-packages/airflow/example_dags/example_params_trigger_ui.py
[2023-06-13T01:50:29.842+0000] {processor.py:826} INFO - Processing file /home/airflow/.local/lib/python3.7/site-packages/airflow/example_dags/example_params_trigger_ui.py for tasks to queue
[2023-06-13T01:50:29.844+0000] {logging_mixin.py:149} INFO - [2023-06-13T01:50:29.844+0000] {dagbag.py:541} INFO - Filling up the DagBag from /home/airflow/.local/lib/python3.7/site-packages/airflow/example_dags/example_params_trigger_ui.py
[2023-06-13T01:50:29.872+0000] {processor.py:836} INFO - DAG(s) dict_keys(['example_params_trigger_ui']) retrieved from /home/airflow/.local/lib/python3.7/site-packages/airflow/example_dags/example_params_trigger_ui.py
[2023-06-13T01:50:30.041+0000] {logging_mixin.py:149} INFO - [2023-06-13T01:50:30.040+0000] {dag.py:2726} INFO - Sync 1 DAGs
[2023-06-13T01:50:30.088+0000] {logging_mixin.py:149} INFO - [2023-06-13T01:50:30.087+0000] {dag.py:3490} INFO - Setting next_dagrun for example_params_trigger_ui to None, run_after=None
[2023-06-13T01:50:30.142+0000] {processor.py:179} INFO - Processing /home/airflow/.local/lib/python3.7/site-packages/airflow/example_dags/example_params_trigger_ui.py took 0.305 seconds
[2023-06-13T01:51:00.979+0000] {processor.py:157} INFO - Started process (PID=165) to work on /home/airflow/.local/lib/python3.7/site-packages/airflow/example_dags/example_params_trigger_ui.py
[2023-06-13T01:51:00.982+0000] {processor.py:826} INFO - Processing file /home/airflow/.local/lib/python3.7/site-packages/airflow/example_dags/example_params_trigger_ui.py for tasks to queue
[2023-06-13T01:51:00.983+0000] {logging_mixin.py:149} INFO - [2023-06-13T01:51:00.983+0000] {dagbag.py:541} INFO - Filling up the DagBag from /home/airflow/.local/lib/python3.7/site-packages/airflow/example_dags/example_params_trigger_ui.py
[2023-06-13T01:51:01.017+0000] {processor.py:836} INFO - DAG(s) dict_keys(['example_params_trigger_ui']) retrieved from /home/airflow/.local/lib/python3.7/site-packages/airflow/example_dags/example_params_trigger_ui.py
[2023-06-13T01:51:01.176+0000] {logging_mixin.py:149} INFO - [2023-06-13T01:51:01.175+0000] {dag.py:2726} INFO - Sync 1 DAGs
[2023-06-13T01:51:01.225+0000] {logging_mixin.py:149} INFO - [2023-06-13T01:51:01.225+0000] {dag.py:3490} INFO - Setting next_dagrun for example_params_trigger_ui to None, run_after=None
[2023-06-13T01:51:01.266+0000] {processor.py:179} INFO - Processing /home/airflow/.local/lib/python3.7/site-packages/airflow/example_dags/example_params_trigger_ui.py took 0.291 seconds
[2023-06-13T01:51:31.639+0000] {processor.py:157} INFO - Started process (PID=225) to work on /home/airflow/.local/lib/python3.7/site-packages/airflow/example_dags/example_params_trigger_ui.py
[2023-06-13T01:51:31.640+0000] {processor.py:826} INFO - Processing file /home/airflow/.local/lib/python3.7/site-packages/airflow/example_dags/example_params_trigger_ui.py for tasks to queue
[2023-06-13T01:51:31.642+0000] {logging_mixin.py:149} INFO - [2023-06-13T01:51:31.641+0000] {dagbag.py:541} INFO - Filling up the DagBag from /home/airflow/.local/lib/python3.7/site-packages/airflow/example_dags/example_params_trigger_ui.py
[2023-06-13T01:51:31.672+0000] {processor.py:836} INFO - DAG(s) dict_keys(['example_params_trigger_ui']) retrieved from /home/airflow/.local/lib/python3.7/site-packages/airflow/example_dags/example_params_trigger_ui.py
[2023-06-13T01:51:31.804+0000] {logging_mixin.py:149} INFO - [2023-06-13T01:51:31.804+0000] {dag.py:2726} INFO - Sync 1 DAGs
[2023-06-13T01:51:31.843+0000] {logging_mixin.py:149} INFO - [2023-06-13T01:51:31.843+0000] {dag.py:3490} INFO - Setting next_dagrun for example_params_trigger_ui to None, run_after=None
[2023-06-13T01:51:31.876+0000] {processor.py:179} INFO - Processing /home/airflow/.local/lib/python3.7/site-packages/airflow/example_dags/example_params_trigger_ui.py took 0.242 seconds
[2023-06-13T01:53:50.488+0000] {processor.py:157} INFO - Started process (PID=45) to work on /home/airflow/.local/lib/python3.7/site-packages/airflow/example_dags/example_params_trigger_ui.py
[2023-06-13T01:53:50.491+0000] {processor.py:826} INFO - Processing file /home/airflow/.local/lib/python3.7/site-packages/airflow/example_dags/example_params_trigger_ui.py for tasks to queue
[2023-06-13T01:53:50.494+0000] {logging_mixin.py:149} INFO - [2023-06-13T01:53:50.493+0000] {dagbag.py:541} INFO - Filling up the DagBag from /home/airflow/.local/lib/python3.7/site-packages/airflow/example_dags/example_params_trigger_ui.py
[2023-06-13T01:53:50.595+0000] {processor.py:836} INFO - DAG(s) dict_keys(['example_params_trigger_ui']) retrieved from /home/airflow/.local/lib/python3.7/site-packages/airflow/example_dags/example_params_trigger_ui.py
[2023-06-13T01:53:51.109+0000] {logging_mixin.py:149} INFO - [2023-06-13T01:53:51.109+0000] {dag.py:2726} INFO - Sync 1 DAGs
[2023-06-13T01:53:51.301+0000] {logging_mixin.py:149} INFO - [2023-06-13T01:53:51.301+0000] {dag.py:3490} INFO - Setting next_dagrun for example_params_trigger_ui to None, run_after=None
[2023-06-13T01:53:51.407+0000] {processor.py:179} INFO - Processing /home/airflow/.local/lib/python3.7/site-packages/airflow/example_dags/example_params_trigger_ui.py took 0.928 seconds
[2023-06-13T01:54:21.760+0000] {processor.py:157} INFO - Started process (PID=113) to work on /home/airflow/.local/lib/python3.7/site-packages/airflow/example_dags/example_params_trigger_ui.py
[2023-06-13T01:54:21.762+0000] {processor.py:826} INFO - Processing file /home/airflow/.local/lib/python3.7/site-packages/airflow/example_dags/example_params_trigger_ui.py for tasks to queue
[2023-06-13T01:54:21.764+0000] {logging_mixin.py:149} INFO - [2023-06-13T01:54:21.764+0000] {dagbag.py:541} INFO - Filling up the DagBag from /home/airflow/.local/lib/python3.7/site-packages/airflow/example_dags/example_params_trigger_ui.py
[2023-06-13T01:54:21.819+0000] {processor.py:836} INFO - DAG(s) dict_keys(['example_params_trigger_ui']) retrieved from /home/airflow/.local/lib/python3.7/site-packages/airflow/example_dags/example_params_trigger_ui.py
[2023-06-13T01:54:22.104+0000] {logging_mixin.py:149} INFO - [2023-06-13T01:54:22.104+0000] {dag.py:2726} INFO - Sync 1 DAGs
[2023-06-13T01:54:22.169+0000] {logging_mixin.py:149} INFO - [2023-06-13T01:54:22.168+0000] {dag.py:3490} INFO - Setting next_dagrun for example_params_trigger_ui to None, run_after=None
[2023-06-13T01:54:22.222+0000] {processor.py:179} INFO - Processing /home/airflow/.local/lib/python3.7/site-packages/airflow/example_dags/example_params_trigger_ui.py took 0.468 seconds
[2023-06-13T01:54:52.300+0000] {processor.py:157} INFO - Started process (PID=174) to work on /home/airflow/.local/lib/python3.7/site-packages/airflow/example_dags/example_params_trigger_ui.py
[2023-06-13T01:54:52.301+0000] {processor.py:826} INFO - Processing file /home/airflow/.local/lib/python3.7/site-packages/airflow/example_dags/example_params_trigger_ui.py for tasks to queue
[2023-06-13T01:54:52.302+0000] {logging_mixin.py:149} INFO - [2023-06-13T01:54:52.302+0000] {dagbag.py:541} INFO - Filling up the DagBag from /home/airflow/.local/lib/python3.7/site-packages/airflow/example_dags/example_params_trigger_ui.py
[2023-06-13T01:54:52.347+0000] {processor.py:836} INFO - DAG(s) dict_keys(['example_params_trigger_ui']) retrieved from /home/airflow/.local/lib/python3.7/site-packages/airflow/example_dags/example_params_trigger_ui.py
[2023-06-13T01:54:52.478+0000] {logging_mixin.py:149} INFO - [2023-06-13T01:54:52.477+0000] {dag.py:2726} INFO - Sync 1 DAGs
[2023-06-13T01:54:52.515+0000] {logging_mixin.py:149} INFO - [2023-06-13T01:54:52.514+0000] {dag.py:3490} INFO - Setting next_dagrun for example_params_trigger_ui to None, run_after=None
[2023-06-13T01:54:52.543+0000] {processor.py:179} INFO - Processing /home/airflow/.local/lib/python3.7/site-packages/airflow/example_dags/example_params_trigger_ui.py took 0.247 seconds
[2023-06-13T01:55:22.614+0000] {processor.py:157} INFO - Started process (PID=234) to work on /home/airflow/.local/lib/python3.7/site-packages/airflow/example_dags/example_params_trigger_ui.py
[2023-06-13T01:55:22.616+0000] {processor.py:826} INFO - Processing file /home/airflow/.local/lib/python3.7/site-packages/airflow/example_dags/example_params_trigger_ui.py for tasks to queue
[2023-06-13T01:55:22.618+0000] {logging_mixin.py:149} INFO - [2023-06-13T01:55:22.617+0000] {dagbag.py:541} INFO - Filling up the DagBag from /home/airflow/.local/lib/python3.7/site-packages/airflow/example_dags/example_params_trigger_ui.py
[2023-06-13T01:55:22.645+0000] {processor.py:836} INFO - DAG(s) dict_keys(['example_params_trigger_ui']) retrieved from /home/airflow/.local/lib/python3.7/site-packages/airflow/example_dags/example_params_trigger_ui.py
[2023-06-13T01:55:22.774+0000] {logging_mixin.py:149} INFO - [2023-06-13T01:55:22.774+0000] {dag.py:2726} INFO - Sync 1 DAGs
[2023-06-13T01:55:22.821+0000] {logging_mixin.py:149} INFO - [2023-06-13T01:55:22.821+0000] {dag.py:3490} INFO - Setting next_dagrun for example_params_trigger_ui to None, run_after=None
[2023-06-13T01:55:22.861+0000] {processor.py:179} INFO - Processing /home/airflow/.local/lib/python3.7/site-packages/airflow/example_dags/example_params_trigger_ui.py took 0.251 seconds
[2023-06-13T01:55:53.122+0000] {processor.py:157} INFO - Started process (PID=294) to work on /home/airflow/.local/lib/python3.7/site-packages/airflow/example_dags/example_params_trigger_ui.py
[2023-06-13T01:55:53.123+0000] {processor.py:826} INFO - Processing file /home/airflow/.local/lib/python3.7/site-packages/airflow/example_dags/example_params_trigger_ui.py for tasks to queue
[2023-06-13T01:55:53.126+0000] {logging_mixin.py:149} INFO - [2023-06-13T01:55:53.125+0000] {dagbag.py:541} INFO - Filling up the DagBag from /home/airflow/.local/lib/python3.7/site-packages/airflow/example_dags/example_params_trigger_ui.py
[2023-06-13T01:55:53.154+0000] {processor.py:836} INFO - DAG(s) dict_keys(['example_params_trigger_ui']) retrieved from /home/airflow/.local/lib/python3.7/site-packages/airflow/example_dags/example_params_trigger_ui.py
[2023-06-13T01:55:53.292+0000] {logging_mixin.py:149} INFO - [2023-06-13T01:55:53.292+0000] {dag.py:2726} INFO - Sync 1 DAGs
[2023-06-13T01:55:53.333+0000] {logging_mixin.py:149} INFO - [2023-06-13T01:55:53.333+0000] {dag.py:3490} INFO - Setting next_dagrun for example_params_trigger_ui to None, run_after=None
[2023-06-13T01:55:53.368+0000] {processor.py:179} INFO - Processing /home/airflow/.local/lib/python3.7/site-packages/airflow/example_dags/example_params_trigger_ui.py took 0.250 seconds
[2023-06-13T01:56:23.426+0000] {processor.py:157} INFO - Started process (PID=353) to work on /home/airflow/.local/lib/python3.7/site-packages/airflow/example_dags/example_params_trigger_ui.py
[2023-06-13T01:56:23.427+0000] {processor.py:826} INFO - Processing file /home/airflow/.local/lib/python3.7/site-packages/airflow/example_dags/example_params_trigger_ui.py for tasks to queue
[2023-06-13T01:56:23.429+0000] {logging_mixin.py:149} INFO - [2023-06-13T01:56:23.429+0000] {dagbag.py:541} INFO - Filling up the DagBag from /home/airflow/.local/lib/python3.7/site-packages/airflow/example_dags/example_params_trigger_ui.py
[2023-06-13T01:56:23.463+0000] {processor.py:836} INFO - DAG(s) dict_keys(['example_params_trigger_ui']) retrieved from /home/airflow/.local/lib/python3.7/site-packages/airflow/example_dags/example_params_trigger_ui.py
[2023-06-13T01:56:23.595+0000] {logging_mixin.py:149} INFO - [2023-06-13T01:56:23.595+0000] {dag.py:2726} INFO - Sync 1 DAGs
[2023-06-13T01:56:23.636+0000] {logging_mixin.py:149} INFO - [2023-06-13T01:56:23.635+0000] {dag.py:3490} INFO - Setting next_dagrun for example_params_trigger_ui to None, run_after=None
[2023-06-13T01:56:23.678+0000] {processor.py:179} INFO - Processing /home/airflow/.local/lib/python3.7/site-packages/airflow/example_dags/example_params_trigger_ui.py took 0.256 seconds
[2023-06-13T01:56:53.758+0000] {processor.py:157} INFO - Started process (PID=414) to work on /home/airflow/.local/lib/python3.7/site-packages/airflow/example_dags/example_params_trigger_ui.py
[2023-06-13T01:56:53.759+0000] {processor.py:826} INFO - Processing file /home/airflow/.local/lib/python3.7/site-packages/airflow/example_dags/example_params_trigger_ui.py for tasks to queue
[2023-06-13T01:56:53.761+0000] {logging_mixin.py:149} INFO - [2023-06-13T01:56:53.761+0000] {dagbag.py:541} INFO - Filling up the DagBag from /home/airflow/.local/lib/python3.7/site-packages/airflow/example_dags/example_params_trigger_ui.py
[2023-06-13T01:56:53.789+0000] {processor.py:836} INFO - DAG(s) dict_keys(['example_params_trigger_ui']) retrieved from /home/airflow/.local/lib/python3.7/site-packages/airflow/example_dags/example_params_trigger_ui.py
[2023-06-13T01:56:53.921+0000] {logging_mixin.py:149} INFO - [2023-06-13T01:56:53.921+0000] {dag.py:2726} INFO - Sync 1 DAGs
[2023-06-13T01:56:53.969+0000] {logging_mixin.py:149} INFO - [2023-06-13T01:56:53.969+0000] {dag.py:3490} INFO - Setting next_dagrun for example_params_trigger_ui to None, run_after=None
[2023-06-13T01:56:54.024+0000] {processor.py:179} INFO - Processing /home/airflow/.local/lib/python3.7/site-packages/airflow/example_dags/example_params_trigger_ui.py took 0.270 seconds
[2023-06-13T01:57:24.823+0000] {processor.py:157} INFO - Started process (PID=475) to work on /home/airflow/.local/lib/python3.7/site-packages/airflow/example_dags/example_params_trigger_ui.py
[2023-06-13T01:57:24.824+0000] {processor.py:826} INFO - Processing file /home/airflow/.local/lib/python3.7/site-packages/airflow/example_dags/example_params_trigger_ui.py for tasks to queue
[2023-06-13T01:57:24.826+0000] {logging_mixin.py:149} INFO - [2023-06-13T01:57:24.826+0000] {dagbag.py:541} INFO - Filling up the DagBag from /home/airflow/.local/lib/python3.7/site-packages/airflow/example_dags/example_params_trigger_ui.py
[2023-06-13T01:57:24.859+0000] {processor.py:836} INFO - DAG(s) dict_keys(['example_params_trigger_ui']) retrieved from /home/airflow/.local/lib/python3.7/site-packages/airflow/example_dags/example_params_trigger_ui.py
[2023-06-13T01:57:24.995+0000] {logging_mixin.py:149} INFO - [2023-06-13T01:57:24.995+0000] {dag.py:2726} INFO - Sync 1 DAGs
[2023-06-13T01:57:25.033+0000] {logging_mixin.py:149} INFO - [2023-06-13T01:57:25.033+0000] {dag.py:3490} INFO - Setting next_dagrun for example_params_trigger_ui to None, run_after=None
[2023-06-13T01:57:25.083+0000] {processor.py:179} INFO - Processing /home/airflow/.local/lib/python3.7/site-packages/airflow/example_dags/example_params_trigger_ui.py took 0.265 seconds
[2023-06-13T01:57:55.350+0000] {processor.py:157} INFO - Started process (PID=535) to work on /home/airflow/.local/lib/python3.7/site-packages/airflow/example_dags/example_params_trigger_ui.py
[2023-06-13T01:57:55.352+0000] {processor.py:826} INFO - Processing file /home/airflow/.local/lib/python3.7/site-packages/airflow/example_dags/example_params_trigger_ui.py for tasks to queue
[2023-06-13T01:57:55.354+0000] {logging_mixin.py:149} INFO - [2023-06-13T01:57:55.354+0000] {dagbag.py:541} INFO - Filling up the DagBag from /home/airflow/.local/lib/python3.7/site-packages/airflow/example_dags/example_params_trigger_ui.py
[2023-06-13T01:57:55.384+0000] {processor.py:836} INFO - DAG(s) dict_keys(['example_params_trigger_ui']) retrieved from /home/airflow/.local/lib/python3.7/site-packages/airflow/example_dags/example_params_trigger_ui.py
[2023-06-13T01:57:55.590+0000] {logging_mixin.py:149} INFO - [2023-06-13T01:57:55.590+0000] {dag.py:2726} INFO - Sync 1 DAGs
[2023-06-13T01:57:55.650+0000] {logging_mixin.py:149} INFO - [2023-06-13T01:57:55.650+0000] {dag.py:3490} INFO - Setting next_dagrun for example_params_trigger_ui to None, run_after=None
[2023-06-13T01:57:55.700+0000] {processor.py:179} INFO - Processing /home/airflow/.local/lib/python3.7/site-packages/airflow/example_dags/example_params_trigger_ui.py took 0.353 seconds
[2023-06-13T01:58:26.505+0000] {processor.py:157} INFO - Started process (PID=595) to work on /home/airflow/.local/lib/python3.7/site-packages/airflow/example_dags/example_params_trigger_ui.py
[2023-06-13T01:58:26.507+0000] {processor.py:826} INFO - Processing file /home/airflow/.local/lib/python3.7/site-packages/airflow/example_dags/example_params_trigger_ui.py for tasks to queue
[2023-06-13T01:58:26.509+0000] {logging_mixin.py:149} INFO - [2023-06-13T01:58:26.508+0000] {dagbag.py:541} INFO - Filling up the DagBag from /home/airflow/.local/lib/python3.7/site-packages/airflow/example_dags/example_params_trigger_ui.py
[2023-06-13T01:58:26.538+0000] {processor.py:836} INFO - DAG(s) dict_keys(['example_params_trigger_ui']) retrieved from /home/airflow/.local/lib/python3.7/site-packages/airflow/example_dags/example_params_trigger_ui.py
[2023-06-13T01:58:26.693+0000] {logging_mixin.py:149} INFO - [2023-06-13T01:58:26.693+0000] {dag.py:2726} INFO - Sync 1 DAGs
[2023-06-13T01:58:26.743+0000] {logging_mixin.py:149} INFO - [2023-06-13T01:58:26.743+0000] {dag.py:3490} INFO - Setting next_dagrun for example_params_trigger_ui to None, run_after=None
[2023-06-13T01:58:26.784+0000] {processor.py:179} INFO - Processing /home/airflow/.local/lib/python3.7/site-packages/airflow/example_dags/example_params_trigger_ui.py took 0.282 seconds
[2023-06-13T01:58:56.839+0000] {processor.py:157} INFO - Started process (PID=654) to work on /home/airflow/.local/lib/python3.7/site-packages/airflow/example_dags/example_params_trigger_ui.py
[2023-06-13T01:58:56.841+0000] {processor.py:826} INFO - Processing file /home/airflow/.local/lib/python3.7/site-packages/airflow/example_dags/example_params_trigger_ui.py for tasks to queue
[2023-06-13T01:58:56.842+0000] {logging_mixin.py:149} INFO - [2023-06-13T01:58:56.842+0000] {dagbag.py:541} INFO - Filling up the DagBag from /home/airflow/.local/lib/python3.7/site-packages/airflow/example_dags/example_params_trigger_ui.py
[2023-06-13T01:58:56.869+0000] {processor.py:836} INFO - DAG(s) dict_keys(['example_params_trigger_ui']) retrieved from /home/airflow/.local/lib/python3.7/site-packages/airflow/example_dags/example_params_trigger_ui.py
[2023-06-13T01:58:57.085+0000] {logging_mixin.py:149} INFO - [2023-06-13T01:58:57.085+0000] {dag.py:2726} INFO - Sync 1 DAGs
[2023-06-13T01:58:57.136+0000] {logging_mixin.py:149} INFO - [2023-06-13T01:58:57.135+0000] {dag.py:3490} INFO - Setting next_dagrun for example_params_trigger_ui to None, run_after=None
[2023-06-13T01:58:57.182+0000] {processor.py:179} INFO - Processing /home/airflow/.local/lib/python3.7/site-packages/airflow/example_dags/example_params_trigger_ui.py took 0.346 seconds
[2023-06-13T01:59:27.494+0000] {processor.py:157} INFO - Started process (PID=714) to work on /home/airflow/.local/lib/python3.7/site-packages/airflow/example_dags/example_params_trigger_ui.py
[2023-06-13T01:59:27.496+0000] {processor.py:826} INFO - Processing file /home/airflow/.local/lib/python3.7/site-packages/airflow/example_dags/example_params_trigger_ui.py for tasks to queue
[2023-06-13T01:59:27.498+0000] {logging_mixin.py:149} INFO - [2023-06-13T01:59:27.497+0000] {dagbag.py:541} INFO - Filling up the DagBag from /home/airflow/.local/lib/python3.7/site-packages/airflow/example_dags/example_params_trigger_ui.py
[2023-06-13T01:59:27.529+0000] {processor.py:836} INFO - DAG(s) dict_keys(['example_params_trigger_ui']) retrieved from /home/airflow/.local/lib/python3.7/site-packages/airflow/example_dags/example_params_trigger_ui.py
[2023-06-13T01:59:27.670+0000] {logging_mixin.py:149} INFO - [2023-06-13T01:59:27.669+0000] {dag.py:2726} INFO - Sync 1 DAGs
[2023-06-13T01:59:27.709+0000] {logging_mixin.py:149} INFO - [2023-06-13T01:59:27.708+0000] {dag.py:3490} INFO - Setting next_dagrun for example_params_trigger_ui to None, run_after=None
[2023-06-13T01:59:27.746+0000] {processor.py:179} INFO - Processing /home/airflow/.local/lib/python3.7/site-packages/airflow/example_dags/example_params_trigger_ui.py took 0.256 seconds
[2023-06-13T02:01:00.037+0000] {processor.py:157} INFO - Started process (PID=45) to work on /home/airflow/.local/lib/python3.7/site-packages/airflow/example_dags/example_params_trigger_ui.py
[2023-06-13T02:01:00.039+0000] {processor.py:826} INFO - Processing file /home/airflow/.local/lib/python3.7/site-packages/airflow/example_dags/example_params_trigger_ui.py for tasks to queue
[2023-06-13T02:01:00.042+0000] {logging_mixin.py:149} INFO - [2023-06-13T02:01:00.041+0000] {dagbag.py:541} INFO - Filling up the DagBag from /home/airflow/.local/lib/python3.7/site-packages/airflow/example_dags/example_params_trigger_ui.py
[2023-06-13T02:01:00.106+0000] {processor.py:836} INFO - DAG(s) dict_keys(['example_params_trigger_ui']) retrieved from /home/airflow/.local/lib/python3.7/site-packages/airflow/example_dags/example_params_trigger_ui.py
[2023-06-13T02:01:00.431+0000] {logging_mixin.py:149} INFO - [2023-06-13T02:01:00.431+0000] {dag.py:2726} INFO - Sync 1 DAGs
[2023-06-13T02:01:00.515+0000] {logging_mixin.py:149} INFO - [2023-06-13T02:01:00.514+0000] {dag.py:3490} INFO - Setting next_dagrun for example_params_trigger_ui to None, run_after=None
[2023-06-13T02:01:00.582+0000] {processor.py:179} INFO - Processing /home/airflow/.local/lib/python3.7/site-packages/airflow/example_dags/example_params_trigger_ui.py took 0.552 seconds
[2023-06-13T02:01:31.901+0000] {processor.py:157} INFO - Started process (PID=112) to work on /home/airflow/.local/lib/python3.7/site-packages/airflow/example_dags/example_params_trigger_ui.py
[2023-06-13T02:01:31.904+0000] {processor.py:826} INFO - Processing file /home/airflow/.local/lib/python3.7/site-packages/airflow/example_dags/example_params_trigger_ui.py for tasks to queue
[2023-06-13T02:01:31.907+0000] {logging_mixin.py:149} INFO - [2023-06-13T02:01:31.906+0000] {dagbag.py:541} INFO - Filling up the DagBag from /home/airflow/.local/lib/python3.7/site-packages/airflow/example_dags/example_params_trigger_ui.py
[2023-06-13T02:01:31.982+0000] {processor.py:836} INFO - DAG(s) dict_keys(['example_params_trigger_ui']) retrieved from /home/airflow/.local/lib/python3.7/site-packages/airflow/example_dags/example_params_trigger_ui.py
[2023-06-13T02:01:32.365+0000] {logging_mixin.py:149} INFO - [2023-06-13T02:01:32.364+0000] {dag.py:2726} INFO - Sync 1 DAGs
[2023-06-13T02:01:32.477+0000] {logging_mixin.py:149} INFO - [2023-06-13T02:01:32.477+0000] {dag.py:3490} INFO - Setting next_dagrun for example_params_trigger_ui to None, run_after=None
[2023-06-13T02:01:32.534+0000] {processor.py:179} INFO - Processing /home/airflow/.local/lib/python3.7/site-packages/airflow/example_dags/example_params_trigger_ui.py took 0.660 seconds
[2023-06-13T02:02:03.246+0000] {processor.py:157} INFO - Started process (PID=171) to work on /home/airflow/.local/lib/python3.7/site-packages/airflow/example_dags/example_params_trigger_ui.py
[2023-06-13T02:02:03.251+0000] {processor.py:826} INFO - Processing file /home/airflow/.local/lib/python3.7/site-packages/airflow/example_dags/example_params_trigger_ui.py for tasks to queue
[2023-06-13T02:02:03.254+0000] {logging_mixin.py:149} INFO - [2023-06-13T02:02:03.254+0000] {dagbag.py:541} INFO - Filling up the DagBag from /home/airflow/.local/lib/python3.7/site-packages/airflow/example_dags/example_params_trigger_ui.py
[2023-06-13T02:02:03.422+0000] {processor.py:836} INFO - DAG(s) dict_keys(['example_params_trigger_ui']) retrieved from /home/airflow/.local/lib/python3.7/site-packages/airflow/example_dags/example_params_trigger_ui.py
[2023-06-13T02:02:03.759+0000] {logging_mixin.py:149} INFO - [2023-06-13T02:02:03.758+0000] {dag.py:2726} INFO - Sync 1 DAGs
[2023-06-13T02:02:03.909+0000] {logging_mixin.py:149} INFO - [2023-06-13T02:02:03.909+0000] {dag.py:3490} INFO - Setting next_dagrun for example_params_trigger_ui to None, run_after=None
[2023-06-13T02:02:03.995+0000] {processor.py:179} INFO - Processing /home/airflow/.local/lib/python3.7/site-packages/airflow/example_dags/example_params_trigger_ui.py took 0.757 seconds
[2023-06-13T02:32:23.267+0000] {processor.py:157} INFO - Started process (PID=57) to work on /home/airflow/.local/lib/python3.7/site-packages/airflow/example_dags/example_params_trigger_ui.py
[2023-06-13T02:32:23.272+0000] {processor.py:826} INFO - Processing file /home/airflow/.local/lib/python3.7/site-packages/airflow/example_dags/example_params_trigger_ui.py for tasks to queue
[2023-06-13T02:32:23.277+0000] {logging_mixin.py:149} INFO - [2023-06-13T02:32:23.275+0000] {dagbag.py:541} INFO - Filling up the DagBag from /home/airflow/.local/lib/python3.7/site-packages/airflow/example_dags/example_params_trigger_ui.py
[2023-06-13T02:32:23.383+0000] {processor.py:836} INFO - DAG(s) dict_keys(['example_params_trigger_ui']) retrieved from /home/airflow/.local/lib/python3.7/site-packages/airflow/example_dags/example_params_trigger_ui.py
[2023-06-13T02:32:24.117+0000] {logging_mixin.py:149} INFO - [2023-06-13T02:32:24.117+0000] {dag.py:2726} INFO - Sync 1 DAGs
[2023-06-13T02:32:24.308+0000] {logging_mixin.py:149} INFO - [2023-06-13T02:32:24.307+0000] {dag.py:3490} INFO - Setting next_dagrun for example_params_trigger_ui to None, run_after=None
[2023-06-13T02:32:24.401+0000] {processor.py:179} INFO - Processing /home/airflow/.local/lib/python3.7/site-packages/airflow/example_dags/example_params_trigger_ui.py took 1.147 seconds
[2023-06-13T02:32:55.145+0000] {processor.py:157} INFO - Started process (PID=117) to work on /home/airflow/.local/lib/python3.7/site-packages/airflow/example_dags/example_params_trigger_ui.py
[2023-06-13T02:32:55.147+0000] {processor.py:826} INFO - Processing file /home/airflow/.local/lib/python3.7/site-packages/airflow/example_dags/example_params_trigger_ui.py for tasks to queue
[2023-06-13T02:32:55.154+0000] {logging_mixin.py:149} INFO - [2023-06-13T02:32:55.154+0000] {dagbag.py:541} INFO - Filling up the DagBag from /home/airflow/.local/lib/python3.7/site-packages/airflow/example_dags/example_params_trigger_ui.py
[2023-06-13T02:32:55.286+0000] {processor.py:836} INFO - DAG(s) dict_keys(['example_params_trigger_ui']) retrieved from /home/airflow/.local/lib/python3.7/site-packages/airflow/example_dags/example_params_trigger_ui.py
[2023-06-13T02:32:55.834+0000] {logging_mixin.py:149} INFO - [2023-06-13T02:32:55.834+0000] {dag.py:2726} INFO - Sync 1 DAGs
[2023-06-13T02:32:55.937+0000] {logging_mixin.py:149} INFO - [2023-06-13T02:32:55.937+0000] {dag.py:3490} INFO - Setting next_dagrun for example_params_trigger_ui to None, run_after=None
[2023-06-13T02:32:56.196+0000] {processor.py:179} INFO - Processing /home/airflow/.local/lib/python3.7/site-packages/airflow/example_dags/example_params_trigger_ui.py took 1.064 seconds
[2023-06-13T02:33:35.937+0000] {processor.py:157} INFO - Started process (PID=182) to work on /home/airflow/.local/lib/python3.7/site-packages/airflow/example_dags/example_params_trigger_ui.py
[2023-06-13T02:33:35.956+0000] {processor.py:826} INFO - Processing file /home/airflow/.local/lib/python3.7/site-packages/airflow/example_dags/example_params_trigger_ui.py for tasks to queue
[2023-06-13T02:33:36.007+0000] {logging_mixin.py:149} INFO - [2023-06-13T02:33:36.006+0000] {dagbag.py:541} INFO - Filling up the DagBag from /home/airflow/.local/lib/python3.7/site-packages/airflow/example_dags/example_params_trigger_ui.py
[2023-06-13T02:33:36.281+0000] {processor.py:836} INFO - DAG(s) dict_keys(['example_params_trigger_ui']) retrieved from /home/airflow/.local/lib/python3.7/site-packages/airflow/example_dags/example_params_trigger_ui.py
[2023-06-13T02:33:38.326+0000] {logging_mixin.py:149} INFO - [2023-06-13T02:33:38.325+0000] {dag.py:2726} INFO - Sync 1 DAGs
[2023-06-13T02:33:38.601+0000] {logging_mixin.py:149} INFO - [2023-06-13T02:33:38.599+0000] {dag.py:3490} INFO - Setting next_dagrun for example_params_trigger_ui to None, run_after=None
[2023-06-13T02:33:38.798+0000] {processor.py:179} INFO - Processing /home/airflow/.local/lib/python3.7/site-packages/airflow/example_dags/example_params_trigger_ui.py took 2.883 seconds
[2023-06-13T02:34:27.038+0000] {processor.py:157} INFO - Started process (PID=242) to work on /home/airflow/.local/lib/python3.7/site-packages/airflow/example_dags/example_params_trigger_ui.py
[2023-06-13T02:34:27.042+0000] {processor.py:826} INFO - Processing file /home/airflow/.local/lib/python3.7/site-packages/airflow/example_dags/example_params_trigger_ui.py for tasks to queue
[2023-06-13T02:34:27.045+0000] {logging_mixin.py:149} INFO - [2023-06-13T02:34:27.045+0000] {dagbag.py:541} INFO - Filling up the DagBag from /home/airflow/.local/lib/python3.7/site-packages/airflow/example_dags/example_params_trigger_ui.py
[2023-06-13T02:34:27.141+0000] {processor.py:836} INFO - DAG(s) dict_keys(['example_params_trigger_ui']) retrieved from /home/airflow/.local/lib/python3.7/site-packages/airflow/example_dags/example_params_trigger_ui.py
[2023-06-13T02:34:27.514+0000] {logging_mixin.py:149} INFO - [2023-06-13T02:34:27.514+0000] {dag.py:2726} INFO - Sync 1 DAGs
[2023-06-13T02:34:27.633+0000] {logging_mixin.py:149} INFO - [2023-06-13T02:34:27.631+0000] {dag.py:3490} INFO - Setting next_dagrun for example_params_trigger_ui to None, run_after=None
[2023-06-13T02:34:27.713+0000] {processor.py:179} INFO - Processing /home/airflow/.local/lib/python3.7/site-packages/airflow/example_dags/example_params_trigger_ui.py took 0.688 seconds
[2023-06-13T02:34:58.471+0000] {processor.py:157} INFO - Started process (PID=303) to work on /home/airflow/.local/lib/python3.7/site-packages/airflow/example_dags/example_params_trigger_ui.py
[2023-06-13T02:34:58.475+0000] {processor.py:826} INFO - Processing file /home/airflow/.local/lib/python3.7/site-packages/airflow/example_dags/example_params_trigger_ui.py for tasks to queue
[2023-06-13T02:34:58.489+0000] {logging_mixin.py:149} INFO - [2023-06-13T02:34:58.481+0000] {dagbag.py:541} INFO - Filling up the DagBag from /home/airflow/.local/lib/python3.7/site-packages/airflow/example_dags/example_params_trigger_ui.py
[2023-06-13T02:34:58.659+0000] {processor.py:836} INFO - DAG(s) dict_keys(['example_params_trigger_ui']) retrieved from /home/airflow/.local/lib/python3.7/site-packages/airflow/example_dags/example_params_trigger_ui.py
[2023-06-13T02:34:59.501+0000] {logging_mixin.py:149} INFO - [2023-06-13T02:34:59.500+0000] {dag.py:2726} INFO - Sync 1 DAGs
[2023-06-13T02:34:59.738+0000] {logging_mixin.py:149} INFO - [2023-06-13T02:34:59.737+0000] {dag.py:3490} INFO - Setting next_dagrun for example_params_trigger_ui to None, run_after=None
[2023-06-13T02:34:59.922+0000] {processor.py:179} INFO - Processing /home/airflow/.local/lib/python3.7/site-packages/airflow/example_dags/example_params_trigger_ui.py took 1.488 seconds
[2023-06-13T02:35:30.129+0000] {processor.py:157} INFO - Started process (PID=363) to work on /home/airflow/.local/lib/python3.7/site-packages/airflow/example_dags/example_params_trigger_ui.py
[2023-06-13T02:35:30.138+0000] {processor.py:826} INFO - Processing file /home/airflow/.local/lib/python3.7/site-packages/airflow/example_dags/example_params_trigger_ui.py for tasks to queue
[2023-06-13T02:35:30.142+0000] {logging_mixin.py:149} INFO - [2023-06-13T02:35:30.141+0000] {dagbag.py:541} INFO - Filling up the DagBag from /home/airflow/.local/lib/python3.7/site-packages/airflow/example_dags/example_params_trigger_ui.py
[2023-06-13T02:35:30.256+0000] {processor.py:836} INFO - DAG(s) dict_keys(['example_params_trigger_ui']) retrieved from /home/airflow/.local/lib/python3.7/site-packages/airflow/example_dags/example_params_trigger_ui.py
[2023-06-13T02:35:31.009+0000] {logging_mixin.py:149} INFO - [2023-06-13T02:35:31.008+0000] {dag.py:2726} INFO - Sync 1 DAGs
[2023-06-13T02:35:31.168+0000] {logging_mixin.py:149} INFO - [2023-06-13T02:35:31.168+0000] {dag.py:3490} INFO - Setting next_dagrun for example_params_trigger_ui to None, run_after=None
[2023-06-13T02:35:31.253+0000] {processor.py:179} INFO - Processing /home/airflow/.local/lib/python3.7/site-packages/airflow/example_dags/example_params_trigger_ui.py took 1.140 seconds
[2023-06-13T02:36:01.691+0000] {processor.py:157} INFO - Started process (PID=430) to work on /home/airflow/.local/lib/python3.7/site-packages/airflow/example_dags/example_params_trigger_ui.py
[2023-06-13T02:36:01.695+0000] {processor.py:826} INFO - Processing file /home/airflow/.local/lib/python3.7/site-packages/airflow/example_dags/example_params_trigger_ui.py for tasks to queue
[2023-06-13T02:36:01.708+0000] {logging_mixin.py:149} INFO - [2023-06-13T02:36:01.707+0000] {dagbag.py:541} INFO - Filling up the DagBag from /home/airflow/.local/lib/python3.7/site-packages/airflow/example_dags/example_params_trigger_ui.py
[2023-06-13T02:36:01.841+0000] {processor.py:836} INFO - DAG(s) dict_keys(['example_params_trigger_ui']) retrieved from /home/airflow/.local/lib/python3.7/site-packages/airflow/example_dags/example_params_trigger_ui.py
[2023-06-13T02:36:02.550+0000] {logging_mixin.py:149} INFO - [2023-06-13T02:36:02.549+0000] {dag.py:2726} INFO - Sync 1 DAGs
[2023-06-13T02:36:02.861+0000] {logging_mixin.py:149} INFO - [2023-06-13T02:36:02.861+0000] {dag.py:3490} INFO - Setting next_dagrun for example_params_trigger_ui to None, run_after=None
[2023-06-13T02:36:03.075+0000] {processor.py:179} INFO - Processing /home/airflow/.local/lib/python3.7/site-packages/airflow/example_dags/example_params_trigger_ui.py took 1.403 seconds
[2023-06-13T02:36:33.469+0000] {processor.py:157} INFO - Started process (PID=494) to work on /home/airflow/.local/lib/python3.7/site-packages/airflow/example_dags/example_params_trigger_ui.py
[2023-06-13T02:36:33.476+0000] {processor.py:826} INFO - Processing file /home/airflow/.local/lib/python3.7/site-packages/airflow/example_dags/example_params_trigger_ui.py for tasks to queue
[2023-06-13T02:36:33.480+0000] {logging_mixin.py:149} INFO - [2023-06-13T02:36:33.479+0000] {dagbag.py:541} INFO - Filling up the DagBag from /home/airflow/.local/lib/python3.7/site-packages/airflow/example_dags/example_params_trigger_ui.py
[2023-06-13T02:36:33.592+0000] {processor.py:836} INFO - DAG(s) dict_keys(['example_params_trigger_ui']) retrieved from /home/airflow/.local/lib/python3.7/site-packages/airflow/example_dags/example_params_trigger_ui.py
[2023-06-13T02:36:33.942+0000] {logging_mixin.py:149} INFO - [2023-06-13T02:36:33.942+0000] {dag.py:2726} INFO - Sync 1 DAGs
[2023-06-13T02:36:34.050+0000] {logging_mixin.py:149} INFO - [2023-06-13T02:36:34.049+0000] {dag.py:3490} INFO - Setting next_dagrun for example_params_trigger_ui to None, run_after=None
[2023-06-13T02:36:34.155+0000] {processor.py:179} INFO - Processing /home/airflow/.local/lib/python3.7/site-packages/airflow/example_dags/example_params_trigger_ui.py took 0.698 seconds
[2023-06-13T02:37:04.939+0000] {processor.py:157} INFO - Started process (PID=555) to work on /home/airflow/.local/lib/python3.7/site-packages/airflow/example_dags/example_params_trigger_ui.py
[2023-06-13T02:37:04.942+0000] {processor.py:826} INFO - Processing file /home/airflow/.local/lib/python3.7/site-packages/airflow/example_dags/example_params_trigger_ui.py for tasks to queue
[2023-06-13T02:37:04.946+0000] {logging_mixin.py:149} INFO - [2023-06-13T02:37:04.945+0000] {dagbag.py:541} INFO - Filling up the DagBag from /home/airflow/.local/lib/python3.7/site-packages/airflow/example_dags/example_params_trigger_ui.py
[2023-06-13T02:37:04.998+0000] {processor.py:836} INFO - DAG(s) dict_keys(['example_params_trigger_ui']) retrieved from /home/airflow/.local/lib/python3.7/site-packages/airflow/example_dags/example_params_trigger_ui.py
[2023-06-13T02:37:05.399+0000] {logging_mixin.py:149} INFO - [2023-06-13T02:37:05.399+0000] {dag.py:2726} INFO - Sync 1 DAGs
[2023-06-13T02:37:05.512+0000] {logging_mixin.py:149} INFO - [2023-06-13T02:37:05.511+0000] {dag.py:3490} INFO - Setting next_dagrun for example_params_trigger_ui to None, run_after=None
[2023-06-13T02:37:05.635+0000] {processor.py:179} INFO - Processing /home/airflow/.local/lib/python3.7/site-packages/airflow/example_dags/example_params_trigger_ui.py took 0.706 seconds
[2023-06-13T02:37:36.527+0000] {processor.py:157} INFO - Started process (PID=615) to work on /home/airflow/.local/lib/python3.7/site-packages/airflow/example_dags/example_params_trigger_ui.py
[2023-06-13T02:37:36.531+0000] {processor.py:826} INFO - Processing file /home/airflow/.local/lib/python3.7/site-packages/airflow/example_dags/example_params_trigger_ui.py for tasks to queue
[2023-06-13T02:37:36.535+0000] {logging_mixin.py:149} INFO - [2023-06-13T02:37:36.534+0000] {dagbag.py:541} INFO - Filling up the DagBag from /home/airflow/.local/lib/python3.7/site-packages/airflow/example_dags/example_params_trigger_ui.py
[2023-06-13T02:37:36.596+0000] {processor.py:836} INFO - DAG(s) dict_keys(['example_params_trigger_ui']) retrieved from /home/airflow/.local/lib/python3.7/site-packages/airflow/example_dags/example_params_trigger_ui.py
[2023-06-13T02:37:36.867+0000] {logging_mixin.py:149} INFO - [2023-06-13T02:37:36.867+0000] {dag.py:2726} INFO - Sync 1 DAGs
[2023-06-13T02:37:36.950+0000] {logging_mixin.py:149} INFO - [2023-06-13T02:37:36.950+0000] {dag.py:3490} INFO - Setting next_dagrun for example_params_trigger_ui to None, run_after=None
[2023-06-13T02:37:37.019+0000] {processor.py:179} INFO - Processing /home/airflow/.local/lib/python3.7/site-packages/airflow/example_dags/example_params_trigger_ui.py took 0.502 seconds
[2023-06-13T02:38:07.207+0000] {processor.py:157} INFO - Started process (PID=676) to work on /home/airflow/.local/lib/python3.7/site-packages/airflow/example_dags/example_params_trigger_ui.py
[2023-06-13T02:38:07.210+0000] {processor.py:826} INFO - Processing file /home/airflow/.local/lib/python3.7/site-packages/airflow/example_dags/example_params_trigger_ui.py for tasks to queue
[2023-06-13T02:38:07.214+0000] {logging_mixin.py:149} INFO - [2023-06-13T02:38:07.213+0000] {dagbag.py:541} INFO - Filling up the DagBag from /home/airflow/.local/lib/python3.7/site-packages/airflow/example_dags/example_params_trigger_ui.py
[2023-06-13T02:38:07.336+0000] {processor.py:836} INFO - DAG(s) dict_keys(['example_params_trigger_ui']) retrieved from /home/airflow/.local/lib/python3.7/site-packages/airflow/example_dags/example_params_trigger_ui.py
[2023-06-13T02:38:07.568+0000] {logging_mixin.py:149} INFO - [2023-06-13T02:38:07.567+0000] {dag.py:2726} INFO - Sync 1 DAGs
[2023-06-13T02:38:07.633+0000] {logging_mixin.py:149} INFO - [2023-06-13T02:38:07.632+0000] {dag.py:3490} INFO - Setting next_dagrun for example_params_trigger_ui to None, run_after=None
[2023-06-13T02:38:07.697+0000] {processor.py:179} INFO - Processing /home/airflow/.local/lib/python3.7/site-packages/airflow/example_dags/example_params_trigger_ui.py took 0.499 seconds
[2023-06-13T02:38:38.008+0000] {processor.py:157} INFO - Started process (PID=736) to work on /home/airflow/.local/lib/python3.7/site-packages/airflow/example_dags/example_params_trigger_ui.py
[2023-06-13T02:38:38.012+0000] {processor.py:826} INFO - Processing file /home/airflow/.local/lib/python3.7/site-packages/airflow/example_dags/example_params_trigger_ui.py for tasks to queue
[2023-06-13T02:38:38.015+0000] {logging_mixin.py:149} INFO - [2023-06-13T02:38:38.014+0000] {dagbag.py:541} INFO - Filling up the DagBag from /home/airflow/.local/lib/python3.7/site-packages/airflow/example_dags/example_params_trigger_ui.py
[2023-06-13T02:38:38.063+0000] {processor.py:836} INFO - DAG(s) dict_keys(['example_params_trigger_ui']) retrieved from /home/airflow/.local/lib/python3.7/site-packages/airflow/example_dags/example_params_trigger_ui.py
[2023-06-13T02:38:38.287+0000] {logging_mixin.py:149} INFO - [2023-06-13T02:38:38.287+0000] {dag.py:2726} INFO - Sync 1 DAGs
[2023-06-13T02:38:38.359+0000] {logging_mixin.py:149} INFO - [2023-06-13T02:38:38.358+0000] {dag.py:3490} INFO - Setting next_dagrun for example_params_trigger_ui to None, run_after=None
[2023-06-13T02:38:38.422+0000] {processor.py:179} INFO - Processing /home/airflow/.local/lib/python3.7/site-packages/airflow/example_dags/example_params_trigger_ui.py took 0.423 seconds
[2023-06-13T02:39:09.526+0000] {processor.py:157} INFO - Started process (PID=794) to work on /home/airflow/.local/lib/python3.7/site-packages/airflow/example_dags/example_params_trigger_ui.py
[2023-06-13T02:39:09.530+0000] {processor.py:826} INFO - Processing file /home/airflow/.local/lib/python3.7/site-packages/airflow/example_dags/example_params_trigger_ui.py for tasks to queue
[2023-06-13T02:39:09.534+0000] {logging_mixin.py:149} INFO - [2023-06-13T02:39:09.533+0000] {dagbag.py:541} INFO - Filling up the DagBag from /home/airflow/.local/lib/python3.7/site-packages/airflow/example_dags/example_params_trigger_ui.py
[2023-06-13T02:39:09.714+0000] {processor.py:836} INFO - DAG(s) dict_keys(['example_params_trigger_ui']) retrieved from /home/airflow/.local/lib/python3.7/site-packages/airflow/example_dags/example_params_trigger_ui.py
[2023-06-13T02:39:10.164+0000] {logging_mixin.py:149} INFO - [2023-06-13T02:39:10.163+0000] {dag.py:2726} INFO - Sync 1 DAGs
[2023-06-13T02:39:10.333+0000] {logging_mixin.py:149} INFO - [2023-06-13T02:39:10.332+0000] {dag.py:3490} INFO - Setting next_dagrun for example_params_trigger_ui to None, run_after=None
[2023-06-13T02:39:10.522+0000] {processor.py:179} INFO - Processing /home/airflow/.local/lib/python3.7/site-packages/airflow/example_dags/example_params_trigger_ui.py took 1.009 seconds
[2023-06-13T02:39:41.398+0000] {processor.py:157} INFO - Started process (PID=855) to work on /home/airflow/.local/lib/python3.7/site-packages/airflow/example_dags/example_params_trigger_ui.py
[2023-06-13T02:39:41.402+0000] {processor.py:826} INFO - Processing file /home/airflow/.local/lib/python3.7/site-packages/airflow/example_dags/example_params_trigger_ui.py for tasks to queue
[2023-06-13T02:39:41.407+0000] {logging_mixin.py:149} INFO - [2023-06-13T02:39:41.406+0000] {dagbag.py:541} INFO - Filling up the DagBag from /home/airflow/.local/lib/python3.7/site-packages/airflow/example_dags/example_params_trigger_ui.py
[2023-06-13T02:39:41.525+0000] {processor.py:836} INFO - DAG(s) dict_keys(['example_params_trigger_ui']) retrieved from /home/airflow/.local/lib/python3.7/site-packages/airflow/example_dags/example_params_trigger_ui.py
[2023-06-13T02:39:41.904+0000] {logging_mixin.py:149} INFO - [2023-06-13T02:39:41.903+0000] {dag.py:2726} INFO - Sync 1 DAGs
[2023-06-13T02:39:42.013+0000] {logging_mixin.py:149} INFO - [2023-06-13T02:39:42.012+0000] {dag.py:3490} INFO - Setting next_dagrun for example_params_trigger_ui to None, run_after=None
[2023-06-13T02:39:42.096+0000] {processor.py:179} INFO - Processing /home/airflow/.local/lib/python3.7/site-packages/airflow/example_dags/example_params_trigger_ui.py took 0.711 seconds
[2023-06-13T02:40:12.506+0000] {processor.py:157} INFO - Started process (PID=915) to work on /home/airflow/.local/lib/python3.7/site-packages/airflow/example_dags/example_params_trigger_ui.py
[2023-06-13T02:40:12.510+0000] {processor.py:826} INFO - Processing file /home/airflow/.local/lib/python3.7/site-packages/airflow/example_dags/example_params_trigger_ui.py for tasks to queue
[2023-06-13T02:40:12.514+0000] {logging_mixin.py:149} INFO - [2023-06-13T02:40:12.513+0000] {dagbag.py:541} INFO - Filling up the DagBag from /home/airflow/.local/lib/python3.7/site-packages/airflow/example_dags/example_params_trigger_ui.py
[2023-06-13T02:40:12.593+0000] {processor.py:836} INFO - DAG(s) dict_keys(['example_params_trigger_ui']) retrieved from /home/airflow/.local/lib/python3.7/site-packages/airflow/example_dags/example_params_trigger_ui.py
[2023-06-13T02:40:12.889+0000] {logging_mixin.py:149} INFO - [2023-06-13T02:40:12.889+0000] {dag.py:2726} INFO - Sync 1 DAGs
[2023-06-13T02:40:12.986+0000] {logging_mixin.py:149} INFO - [2023-06-13T02:40:12.986+0000] {dag.py:3490} INFO - Setting next_dagrun for example_params_trigger_ui to None, run_after=None
[2023-06-13T02:40:13.069+0000] {processor.py:179} INFO - Processing /home/airflow/.local/lib/python3.7/site-packages/airflow/example_dags/example_params_trigger_ui.py took 0.574 seconds
[2023-06-13T02:40:43.413+0000] {processor.py:157} INFO - Started process (PID=974) to work on /home/airflow/.local/lib/python3.7/site-packages/airflow/example_dags/example_params_trigger_ui.py
[2023-06-13T02:40:43.417+0000] {processor.py:826} INFO - Processing file /home/airflow/.local/lib/python3.7/site-packages/airflow/example_dags/example_params_trigger_ui.py for tasks to queue
[2023-06-13T02:40:43.421+0000] {logging_mixin.py:149} INFO - [2023-06-13T02:40:43.421+0000] {dagbag.py:541} INFO - Filling up the DagBag from /home/airflow/.local/lib/python3.7/site-packages/airflow/example_dags/example_params_trigger_ui.py
[2023-06-13T02:40:43.521+0000] {processor.py:836} INFO - DAG(s) dict_keys(['example_params_trigger_ui']) retrieved from /home/airflow/.local/lib/python3.7/site-packages/airflow/example_dags/example_params_trigger_ui.py
[2023-06-13T02:40:43.828+0000] {logging_mixin.py:149} INFO - [2023-06-13T02:40:43.827+0000] {dag.py:2726} INFO - Sync 1 DAGs
[2023-06-13T02:40:43.920+0000] {logging_mixin.py:149} INFO - [2023-06-13T02:40:43.920+0000] {dag.py:3490} INFO - Setting next_dagrun for example_params_trigger_ui to None, run_after=None
[2023-06-13T02:40:44.004+0000] {processor.py:179} INFO - Processing /home/airflow/.local/lib/python3.7/site-packages/airflow/example_dags/example_params_trigger_ui.py took 0.601 seconds
[2023-06-13T02:41:14.404+0000] {processor.py:157} INFO - Started process (PID=1035) to work on /home/airflow/.local/lib/python3.7/site-packages/airflow/example_dags/example_params_trigger_ui.py
[2023-06-13T02:41:14.409+0000] {processor.py:826} INFO - Processing file /home/airflow/.local/lib/python3.7/site-packages/airflow/example_dags/example_params_trigger_ui.py for tasks to queue
[2023-06-13T02:41:14.425+0000] {logging_mixin.py:149} INFO - [2023-06-13T02:41:14.424+0000] {dagbag.py:541} INFO - Filling up the DagBag from /home/airflow/.local/lib/python3.7/site-packages/airflow/example_dags/example_params_trigger_ui.py
[2023-06-13T02:41:14.632+0000] {processor.py:836} INFO - DAG(s) dict_keys(['example_params_trigger_ui']) retrieved from /home/airflow/.local/lib/python3.7/site-packages/airflow/example_dags/example_params_trigger_ui.py
[2023-06-13T02:41:15.137+0000] {logging_mixin.py:149} INFO - [2023-06-13T02:41:15.136+0000] {dag.py:2726} INFO - Sync 1 DAGs
[2023-06-13T02:41:15.281+0000] {logging_mixin.py:149} INFO - [2023-06-13T02:41:15.280+0000] {dag.py:3490} INFO - Setting next_dagrun for example_params_trigger_ui to None, run_after=None
[2023-06-13T02:41:15.388+0000] {processor.py:179} INFO - Processing /home/airflow/.local/lib/python3.7/site-packages/airflow/example_dags/example_params_trigger_ui.py took 1.002 seconds
[2023-06-13T02:41:45.722+0000] {processor.py:157} INFO - Started process (PID=1095) to work on /home/airflow/.local/lib/python3.7/site-packages/airflow/example_dags/example_params_trigger_ui.py
[2023-06-13T02:41:45.725+0000] {processor.py:826} INFO - Processing file /home/airflow/.local/lib/python3.7/site-packages/airflow/example_dags/example_params_trigger_ui.py for tasks to queue
[2023-06-13T02:41:45.728+0000] {logging_mixin.py:149} INFO - [2023-06-13T02:41:45.727+0000] {dagbag.py:541} INFO - Filling up the DagBag from /home/airflow/.local/lib/python3.7/site-packages/airflow/example_dags/example_params_trigger_ui.py
[2023-06-13T02:41:45.819+0000] {processor.py:836} INFO - DAG(s) dict_keys(['example_params_trigger_ui']) retrieved from /home/airflow/.local/lib/python3.7/site-packages/airflow/example_dags/example_params_trigger_ui.py
[2023-06-13T02:41:46.189+0000] {logging_mixin.py:149} INFO - [2023-06-13T02:41:46.188+0000] {dag.py:2726} INFO - Sync 1 DAGs
[2023-06-13T02:41:46.308+0000] {logging_mixin.py:149} INFO - [2023-06-13T02:41:46.307+0000] {dag.py:3490} INFO - Setting next_dagrun for example_params_trigger_ui to None, run_after=None
[2023-06-13T02:41:46.386+0000] {processor.py:179} INFO - Processing /home/airflow/.local/lib/python3.7/site-packages/airflow/example_dags/example_params_trigger_ui.py took 0.670 seconds
[2023-06-13T02:42:16.511+0000] {processor.py:157} INFO - Started process (PID=1155) to work on /home/airflow/.local/lib/python3.7/site-packages/airflow/example_dags/example_params_trigger_ui.py
[2023-06-13T02:42:16.514+0000] {processor.py:826} INFO - Processing file /home/airflow/.local/lib/python3.7/site-packages/airflow/example_dags/example_params_trigger_ui.py for tasks to queue
[2023-06-13T02:42:16.517+0000] {logging_mixin.py:149} INFO - [2023-06-13T02:42:16.516+0000] {dagbag.py:541} INFO - Filling up the DagBag from /home/airflow/.local/lib/python3.7/site-packages/airflow/example_dags/example_params_trigger_ui.py
[2023-06-13T02:42:16.585+0000] {processor.py:836} INFO - DAG(s) dict_keys(['example_params_trigger_ui']) retrieved from /home/airflow/.local/lib/python3.7/site-packages/airflow/example_dags/example_params_trigger_ui.py
[2023-06-13T02:42:16.807+0000] {logging_mixin.py:149} INFO - [2023-06-13T02:42:16.806+0000] {dag.py:2726} INFO - Sync 1 DAGs
[2023-06-13T02:42:16.874+0000] {logging_mixin.py:149} INFO - [2023-06-13T02:42:16.874+0000] {dag.py:3490} INFO - Setting next_dagrun for example_params_trigger_ui to None, run_after=None
[2023-06-13T02:42:16.935+0000] {processor.py:179} INFO - Processing /home/airflow/.local/lib/python3.7/site-packages/airflow/example_dags/example_params_trigger_ui.py took 0.430 seconds
[2023-06-13T02:42:47.263+0000] {processor.py:157} INFO - Started process (PID=1215) to work on /home/airflow/.local/lib/python3.7/site-packages/airflow/example_dags/example_params_trigger_ui.py
[2023-06-13T02:42:47.266+0000] {processor.py:826} INFO - Processing file /home/airflow/.local/lib/python3.7/site-packages/airflow/example_dags/example_params_trigger_ui.py for tasks to queue
[2023-06-13T02:42:47.273+0000] {logging_mixin.py:149} INFO - [2023-06-13T02:42:47.271+0000] {dagbag.py:541} INFO - Filling up the DagBag from /home/airflow/.local/lib/python3.7/site-packages/airflow/example_dags/example_params_trigger_ui.py
[2023-06-13T02:42:47.376+0000] {processor.py:836} INFO - DAG(s) dict_keys(['example_params_trigger_ui']) retrieved from /home/airflow/.local/lib/python3.7/site-packages/airflow/example_dags/example_params_trigger_ui.py
[2023-06-13T02:42:47.720+0000] {logging_mixin.py:149} INFO - [2023-06-13T02:42:47.719+0000] {dag.py:2726} INFO - Sync 1 DAGs
[2023-06-13T02:42:47.824+0000] {logging_mixin.py:149} INFO - [2023-06-13T02:42:47.823+0000] {dag.py:3490} INFO - Setting next_dagrun for example_params_trigger_ui to None, run_after=None
[2023-06-13T02:42:47.910+0000] {processor.py:179} INFO - Processing /home/airflow/.local/lib/python3.7/site-packages/airflow/example_dags/example_params_trigger_ui.py took 0.657 seconds
[2023-06-13T02:43:18.657+0000] {processor.py:157} INFO - Started process (PID=1275) to work on /home/airflow/.local/lib/python3.7/site-packages/airflow/example_dags/example_params_trigger_ui.py
[2023-06-13T02:43:18.660+0000] {processor.py:826} INFO - Processing file /home/airflow/.local/lib/python3.7/site-packages/airflow/example_dags/example_params_trigger_ui.py for tasks to queue
[2023-06-13T02:43:18.663+0000] {logging_mixin.py:149} INFO - [2023-06-13T02:43:18.662+0000] {dagbag.py:541} INFO - Filling up the DagBag from /home/airflow/.local/lib/python3.7/site-packages/airflow/example_dags/example_params_trigger_ui.py
[2023-06-13T02:43:18.734+0000] {processor.py:836} INFO - DAG(s) dict_keys(['example_params_trigger_ui']) retrieved from /home/airflow/.local/lib/python3.7/site-packages/airflow/example_dags/example_params_trigger_ui.py
[2023-06-13T02:43:18.995+0000] {logging_mixin.py:149} INFO - [2023-06-13T02:43:18.995+0000] {dag.py:2726} INFO - Sync 1 DAGs
[2023-06-13T02:43:19.067+0000] {logging_mixin.py:149} INFO - [2023-06-13T02:43:19.066+0000] {dag.py:3490} INFO - Setting next_dagrun for example_params_trigger_ui to None, run_after=None
[2023-06-13T02:43:19.138+0000] {processor.py:179} INFO - Processing /home/airflow/.local/lib/python3.7/site-packages/airflow/example_dags/example_params_trigger_ui.py took 0.491 seconds
[2023-06-13T02:43:49.422+0000] {processor.py:157} INFO - Started process (PID=1326) to work on /home/airflow/.local/lib/python3.7/site-packages/airflow/example_dags/example_params_trigger_ui.py
[2023-06-13T02:43:49.425+0000] {processor.py:826} INFO - Processing file /home/airflow/.local/lib/python3.7/site-packages/airflow/example_dags/example_params_trigger_ui.py for tasks to queue
[2023-06-13T02:43:49.428+0000] {logging_mixin.py:149} INFO - [2023-06-13T02:43:49.427+0000] {dagbag.py:541} INFO - Filling up the DagBag from /home/airflow/.local/lib/python3.7/site-packages/airflow/example_dags/example_params_trigger_ui.py
[2023-06-13T02:43:49.490+0000] {processor.py:836} INFO - DAG(s) dict_keys(['example_params_trigger_ui']) retrieved from /home/airflow/.local/lib/python3.7/site-packages/airflow/example_dags/example_params_trigger_ui.py
[2023-06-13T02:43:49.716+0000] {logging_mixin.py:149} INFO - [2023-06-13T02:43:49.715+0000] {dag.py:2726} INFO - Sync 1 DAGs
[2023-06-13T02:43:49.815+0000] {logging_mixin.py:149} INFO - [2023-06-13T02:43:49.814+0000] {dag.py:3490} INFO - Setting next_dagrun for example_params_trigger_ui to None, run_after=None
[2023-06-13T02:43:49.888+0000] {processor.py:179} INFO - Processing /home/airflow/.local/lib/python3.7/site-packages/airflow/example_dags/example_params_trigger_ui.py took 0.472 seconds
[2023-06-13T02:44:20.108+0000] {processor.py:157} INFO - Started process (PID=1387) to work on /home/airflow/.local/lib/python3.7/site-packages/airflow/example_dags/example_params_trigger_ui.py
[2023-06-13T02:44:20.113+0000] {processor.py:826} INFO - Processing file /home/airflow/.local/lib/python3.7/site-packages/airflow/example_dags/example_params_trigger_ui.py for tasks to queue
[2023-06-13T02:44:20.122+0000] {logging_mixin.py:149} INFO - [2023-06-13T02:44:20.121+0000] {dagbag.py:541} INFO - Filling up the DagBag from /home/airflow/.local/lib/python3.7/site-packages/airflow/example_dags/example_params_trigger_ui.py
[2023-06-13T02:44:20.244+0000] {processor.py:836} INFO - DAG(s) dict_keys(['example_params_trigger_ui']) retrieved from /home/airflow/.local/lib/python3.7/site-packages/airflow/example_dags/example_params_trigger_ui.py
[2023-06-13T02:44:20.732+0000] {logging_mixin.py:149} INFO - [2023-06-13T02:44:20.732+0000] {dag.py:2726} INFO - Sync 1 DAGs
[2023-06-13T02:44:20.827+0000] {logging_mixin.py:149} INFO - [2023-06-13T02:44:20.826+0000] {dag.py:3490} INFO - Setting next_dagrun for example_params_trigger_ui to None, run_after=None
[2023-06-13T02:44:20.918+0000] {processor.py:179} INFO - Processing /home/airflow/.local/lib/python3.7/site-packages/airflow/example_dags/example_params_trigger_ui.py took 0.824 seconds
