[2023-06-13T01:50:02.221+0000] {processor.py:157} INFO - Started process (PID=69) to work on /home/airflow/.local/lib/python3.7/site-packages/airflow/example_dags/example_subdag_operator.py
[2023-06-13T01:50:02.223+0000] {processor.py:826} INFO - Processing file /home/airflow/.local/lib/python3.7/site-packages/airflow/example_dags/example_subdag_operator.py for tasks to queue
[2023-06-13T01:50:02.225+0000] {logging_mixin.py:149} INFO - [2023-06-13T01:50:02.225+0000] {dagbag.py:541} INFO - Filling up the DagBag from /home/airflow/.local/lib/python3.7/site-packages/airflow/example_dags/example_subdag_operator.py
[2023-06-13T01:50:02.276+0000] {processor.py:836} INFO - DAG(s) dict_keys(['example_subdag_operator.section-1', 'example_subdag_operator.section-2', 'example_subdag_operator']) retrieved from /home/airflow/.local/lib/python3.7/site-packages/airflow/example_dags/example_subdag_operator.py
[2023-06-13T01:50:02.328+0000] {logging_mixin.py:149} INFO - [2023-06-13T01:50:02.327+0000] {dag.py:2726} INFO - Sync 3 DAGs
[2023-06-13T01:50:02.394+0000] {logging_mixin.py:149} INFO - [2023-06-13T01:50:02.394+0000] {dag.py:3490} INFO - Setting next_dagrun for example_subdag_operator to 2022-01-01T00:00:00+00:00, run_after=2022-01-01T00:00:00+00:00
[2023-06-13T01:50:02.403+0000] {logging_mixin.py:149} INFO - [2023-06-13T01:50:02.402+0000] {dag.py:3490} INFO - Setting next_dagrun for example_subdag_operator.section-1 to None, run_after=None
[2023-06-13T01:50:02.408+0000] {logging_mixin.py:149} INFO - [2023-06-13T01:50:02.407+0000] {dag.py:3490} INFO - Setting next_dagrun for example_subdag_operator.section-2 to None, run_after=None
[2023-06-13T01:50:02.426+0000] {logging_mixin.py:149} INFO - [2023-06-13T01:50:02.426+0000] {dag.py:2726} INFO - Sync 2 DAGs
[2023-06-13T01:50:02.444+0000] {logging_mixin.py:149} INFO - [2023-06-13T01:50:02.443+0000] {dag.py:3490} INFO - Setting next_dagrun for example_subdag_operator.section-1 to None, run_after=None
[2023-06-13T01:50:02.445+0000] {logging_mixin.py:149} INFO - [2023-06-13T01:50:02.445+0000] {dag.py:3490} INFO - Setting next_dagrun for example_subdag_operator.section-2 to None, run_after=None
[2023-06-13T01:50:02.477+0000] {processor.py:179} INFO - Processing /home/airflow/.local/lib/python3.7/site-packages/airflow/example_dags/example_subdag_operator.py took 0.261 seconds
[2023-06-13T01:50:32.600+0000] {processor.py:157} INFO - Started process (PID=129) to work on /home/airflow/.local/lib/python3.7/site-packages/airflow/example_dags/example_subdag_operator.py
[2023-06-13T01:50:32.602+0000] {processor.py:826} INFO - Processing file /home/airflow/.local/lib/python3.7/site-packages/airflow/example_dags/example_subdag_operator.py for tasks to queue
[2023-06-13T01:50:32.603+0000] {logging_mixin.py:149} INFO - [2023-06-13T01:50:32.603+0000] {dagbag.py:541} INFO - Filling up the DagBag from /home/airflow/.local/lib/python3.7/site-packages/airflow/example_dags/example_subdag_operator.py
[2023-06-13T01:50:32.649+0000] {processor.py:836} INFO - DAG(s) dict_keys(['example_subdag_operator.section-1', 'example_subdag_operator.section-2', 'example_subdag_operator']) retrieved from /home/airflow/.local/lib/python3.7/site-packages/airflow/example_dags/example_subdag_operator.py
[2023-06-13T01:50:32.680+0000] {logging_mixin.py:149} INFO - [2023-06-13T01:50:32.680+0000] {dag.py:2726} INFO - Sync 3 DAGs
[2023-06-13T01:50:32.728+0000] {logging_mixin.py:149} INFO - [2023-06-13T01:50:32.728+0000] {dag.py:3490} INFO - Setting next_dagrun for example_subdag_operator to 2022-01-01T00:00:00+00:00, run_after=2022-01-01T00:00:00+00:00
[2023-06-13T01:50:32.735+0000] {logging_mixin.py:149} INFO - [2023-06-13T01:50:32.735+0000] {dag.py:3490} INFO - Setting next_dagrun for example_subdag_operator.section-1 to None, run_after=None
[2023-06-13T01:50:32.739+0000] {logging_mixin.py:149} INFO - [2023-06-13T01:50:32.738+0000] {dag.py:3490} INFO - Setting next_dagrun for example_subdag_operator.section-2 to None, run_after=None
[2023-06-13T01:50:32.754+0000] {logging_mixin.py:149} INFO - [2023-06-13T01:50:32.754+0000] {dag.py:2726} INFO - Sync 2 DAGs
[2023-06-13T01:50:32.770+0000] {logging_mixin.py:149} INFO - [2023-06-13T01:50:32.769+0000] {dag.py:3490} INFO - Setting next_dagrun for example_subdag_operator.section-1 to None, run_after=None
[2023-06-13T01:50:32.771+0000] {logging_mixin.py:149} INFO - [2023-06-13T01:50:32.771+0000] {dag.py:3490} INFO - Setting next_dagrun for example_subdag_operator.section-2 to None, run_after=None
[2023-06-13T01:50:32.797+0000] {processor.py:179} INFO - Processing /home/airflow/.local/lib/python3.7/site-packages/airflow/example_dags/example_subdag_operator.py took 0.201 seconds
[2023-06-13T01:51:03.769+0000] {processor.py:157} INFO - Started process (PID=189) to work on /home/airflow/.local/lib/python3.7/site-packages/airflow/example_dags/example_subdag_operator.py
[2023-06-13T01:51:03.771+0000] {processor.py:826} INFO - Processing file /home/airflow/.local/lib/python3.7/site-packages/airflow/example_dags/example_subdag_operator.py for tasks to queue
[2023-06-13T01:51:03.773+0000] {logging_mixin.py:149} INFO - [2023-06-13T01:51:03.773+0000] {dagbag.py:541} INFO - Filling up the DagBag from /home/airflow/.local/lib/python3.7/site-packages/airflow/example_dags/example_subdag_operator.py
[2023-06-13T01:51:03.817+0000] {processor.py:836} INFO - DAG(s) dict_keys(['example_subdag_operator.section-1', 'example_subdag_operator.section-2', 'example_subdag_operator']) retrieved from /home/airflow/.local/lib/python3.7/site-packages/airflow/example_dags/example_subdag_operator.py
[2023-06-13T01:51:03.869+0000] {logging_mixin.py:149} INFO - [2023-06-13T01:51:03.869+0000] {dag.py:2726} INFO - Sync 3 DAGs
[2023-06-13T01:51:03.916+0000] {logging_mixin.py:149} INFO - [2023-06-13T01:51:03.915+0000] {dag.py:3490} INFO - Setting next_dagrun for example_subdag_operator to 2022-01-01T00:00:00+00:00, run_after=2022-01-01T00:00:00+00:00
[2023-06-13T01:51:03.925+0000] {logging_mixin.py:149} INFO - [2023-06-13T01:51:03.925+0000] {dag.py:3490} INFO - Setting next_dagrun for example_subdag_operator.section-1 to None, run_after=None
[2023-06-13T01:51:03.929+0000] {logging_mixin.py:149} INFO - [2023-06-13T01:51:03.929+0000] {dag.py:3490} INFO - Setting next_dagrun for example_subdag_operator.section-2 to None, run_after=None
[2023-06-13T01:51:03.945+0000] {logging_mixin.py:149} INFO - [2023-06-13T01:51:03.945+0000] {dag.py:2726} INFO - Sync 2 DAGs
[2023-06-13T01:51:03.958+0000] {logging_mixin.py:149} INFO - [2023-06-13T01:51:03.957+0000] {dag.py:3490} INFO - Setting next_dagrun for example_subdag_operator.section-1 to None, run_after=None
[2023-06-13T01:51:03.959+0000] {logging_mixin.py:149} INFO - [2023-06-13T01:51:03.959+0000] {dag.py:3490} INFO - Setting next_dagrun for example_subdag_operator.section-2 to None, run_after=None
[2023-06-13T01:51:03.988+0000] {processor.py:179} INFO - Processing /home/airflow/.local/lib/python3.7/site-packages/airflow/example_dags/example_subdag_operator.py took 0.225 seconds
[2023-06-13T01:51:34.113+0000] {processor.py:157} INFO - Started process (PID=249) to work on /home/airflow/.local/lib/python3.7/site-packages/airflow/example_dags/example_subdag_operator.py
[2023-06-13T01:51:34.115+0000] {processor.py:826} INFO - Processing file /home/airflow/.local/lib/python3.7/site-packages/airflow/example_dags/example_subdag_operator.py for tasks to queue
[2023-06-13T01:51:34.116+0000] {logging_mixin.py:149} INFO - [2023-06-13T01:51:34.116+0000] {dagbag.py:541} INFO - Filling up the DagBag from /home/airflow/.local/lib/python3.7/site-packages/airflow/example_dags/example_subdag_operator.py
[2023-06-13T01:51:34.162+0000] {processor.py:836} INFO - DAG(s) dict_keys(['example_subdag_operator.section-1', 'example_subdag_operator.section-2', 'example_subdag_operator']) retrieved from /home/airflow/.local/lib/python3.7/site-packages/airflow/example_dags/example_subdag_operator.py
[2023-06-13T01:51:34.191+0000] {logging_mixin.py:149} INFO - [2023-06-13T01:51:34.191+0000] {dag.py:2726} INFO - Sync 3 DAGs
[2023-06-13T01:51:34.242+0000] {logging_mixin.py:149} INFO - [2023-06-13T01:51:34.242+0000] {dag.py:3490} INFO - Setting next_dagrun for example_subdag_operator to 2022-01-01T00:00:00+00:00, run_after=2022-01-01T00:00:00+00:00
[2023-06-13T01:51:34.250+0000] {logging_mixin.py:149} INFO - [2023-06-13T01:51:34.250+0000] {dag.py:3490} INFO - Setting next_dagrun for example_subdag_operator.section-1 to None, run_after=None
[2023-06-13T01:51:34.253+0000] {logging_mixin.py:149} INFO - [2023-06-13T01:51:34.253+0000] {dag.py:3490} INFO - Setting next_dagrun for example_subdag_operator.section-2 to None, run_after=None
[2023-06-13T01:51:34.266+0000] {logging_mixin.py:149} INFO - [2023-06-13T01:51:34.265+0000] {dag.py:2726} INFO - Sync 2 DAGs
[2023-06-13T01:51:34.278+0000] {logging_mixin.py:149} INFO - [2023-06-13T01:51:34.278+0000] {dag.py:3490} INFO - Setting next_dagrun for example_subdag_operator.section-1 to None, run_after=None
[2023-06-13T01:51:34.279+0000] {logging_mixin.py:149} INFO - [2023-06-13T01:51:34.279+0000] {dag.py:3490} INFO - Setting next_dagrun for example_subdag_operator.section-2 to None, run_after=None
[2023-06-13T01:51:34.301+0000] {processor.py:179} INFO - Processing /home/airflow/.local/lib/python3.7/site-packages/airflow/example_dags/example_subdag_operator.py took 0.191 seconds
[2023-06-13T01:53:57.149+0000] {processor.py:157} INFO - Started process (PID=76) to work on /home/airflow/.local/lib/python3.7/site-packages/airflow/example_dags/example_subdag_operator.py
[2023-06-13T01:53:57.156+0000] {processor.py:826} INFO - Processing file /home/airflow/.local/lib/python3.7/site-packages/airflow/example_dags/example_subdag_operator.py for tasks to queue
[2023-06-13T01:53:57.158+0000] {logging_mixin.py:149} INFO - [2023-06-13T01:53:57.158+0000] {dagbag.py:541} INFO - Filling up the DagBag from /home/airflow/.local/lib/python3.7/site-packages/airflow/example_dags/example_subdag_operator.py
[2023-06-13T01:53:57.244+0000] {processor.py:836} INFO - DAG(s) dict_keys(['example_subdag_operator.section-1', 'example_subdag_operator.section-2', 'example_subdag_operator']) retrieved from /home/airflow/.local/lib/python3.7/site-packages/airflow/example_dags/example_subdag_operator.py
[2023-06-13T01:53:57.319+0000] {logging_mixin.py:149} INFO - [2023-06-13T01:53:57.318+0000] {dag.py:2726} INFO - Sync 3 DAGs
[2023-06-13T01:53:57.407+0000] {logging_mixin.py:149} INFO - [2023-06-13T01:53:57.407+0000] {dag.py:3490} INFO - Setting next_dagrun for example_subdag_operator to 2022-01-01T00:00:00+00:00, run_after=2022-01-01T00:00:00+00:00
[2023-06-13T01:53:57.424+0000] {logging_mixin.py:149} INFO - [2023-06-13T01:53:57.423+0000] {dag.py:3490} INFO - Setting next_dagrun for example_subdag_operator.section-1 to None, run_after=None
[2023-06-13T01:53:57.429+0000] {logging_mixin.py:149} INFO - [2023-06-13T01:53:57.429+0000] {dag.py:3490} INFO - Setting next_dagrun for example_subdag_operator.section-2 to None, run_after=None
[2023-06-13T01:53:57.451+0000] {logging_mixin.py:149} INFO - [2023-06-13T01:53:57.450+0000] {dag.py:2726} INFO - Sync 2 DAGs
[2023-06-13T01:53:57.471+0000] {logging_mixin.py:149} INFO - [2023-06-13T01:53:57.470+0000] {dag.py:3490} INFO - Setting next_dagrun for example_subdag_operator.section-1 to None, run_after=None
[2023-06-13T01:53:57.473+0000] {logging_mixin.py:149} INFO - [2023-06-13T01:53:57.472+0000] {dag.py:3490} INFO - Setting next_dagrun for example_subdag_operator.section-2 to None, run_after=None
[2023-06-13T01:53:57.528+0000] {processor.py:179} INFO - Processing /home/airflow/.local/lib/python3.7/site-packages/airflow/example_dags/example_subdag_operator.py took 0.385 seconds
[2023-06-13T01:54:28.087+0000] {processor.py:157} INFO - Started process (PID=137) to work on /home/airflow/.local/lib/python3.7/site-packages/airflow/example_dags/example_subdag_operator.py
[2023-06-13T01:54:28.088+0000] {processor.py:826} INFO - Processing file /home/airflow/.local/lib/python3.7/site-packages/airflow/example_dags/example_subdag_operator.py for tasks to queue
[2023-06-13T01:54:28.090+0000] {logging_mixin.py:149} INFO - [2023-06-13T01:54:28.089+0000] {dagbag.py:541} INFO - Filling up the DagBag from /home/airflow/.local/lib/python3.7/site-packages/airflow/example_dags/example_subdag_operator.py
[2023-06-13T01:54:28.128+0000] {processor.py:836} INFO - DAG(s) dict_keys(['example_subdag_operator.section-1', 'example_subdag_operator.section-2', 'example_subdag_operator']) retrieved from /home/airflow/.local/lib/python3.7/site-packages/airflow/example_dags/example_subdag_operator.py
[2023-06-13T01:54:28.158+0000] {logging_mixin.py:149} INFO - [2023-06-13T01:54:28.158+0000] {dag.py:2726} INFO - Sync 3 DAGs
[2023-06-13T01:54:28.212+0000] {logging_mixin.py:149} INFO - [2023-06-13T01:54:28.212+0000] {dag.py:3490} INFO - Setting next_dagrun for example_subdag_operator to 2022-01-01T00:00:00+00:00, run_after=2022-01-01T00:00:00+00:00
[2023-06-13T01:54:28.219+0000] {logging_mixin.py:149} INFO - [2023-06-13T01:54:28.219+0000] {dag.py:3490} INFO - Setting next_dagrun for example_subdag_operator.section-1 to None, run_after=None
[2023-06-13T01:54:28.222+0000] {logging_mixin.py:149} INFO - [2023-06-13T01:54:28.222+0000] {dag.py:3490} INFO - Setting next_dagrun for example_subdag_operator.section-2 to None, run_after=None
[2023-06-13T01:54:28.237+0000] {logging_mixin.py:149} INFO - [2023-06-13T01:54:28.237+0000] {dag.py:2726} INFO - Sync 2 DAGs
[2023-06-13T01:54:28.249+0000] {logging_mixin.py:149} INFO - [2023-06-13T01:54:28.248+0000] {dag.py:3490} INFO - Setting next_dagrun for example_subdag_operator.section-1 to None, run_after=None
[2023-06-13T01:54:28.250+0000] {logging_mixin.py:149} INFO - [2023-06-13T01:54:28.249+0000] {dag.py:3490} INFO - Setting next_dagrun for example_subdag_operator.section-2 to None, run_after=None
[2023-06-13T01:54:28.273+0000] {processor.py:179} INFO - Processing /home/airflow/.local/lib/python3.7/site-packages/airflow/example_dags/example_subdag_operator.py took 0.190 seconds
[2023-06-13T01:54:58.886+0000] {processor.py:157} INFO - Started process (PID=197) to work on /home/airflow/.local/lib/python3.7/site-packages/airflow/example_dags/example_subdag_operator.py
[2023-06-13T01:54:58.888+0000] {processor.py:826} INFO - Processing file /home/airflow/.local/lib/python3.7/site-packages/airflow/example_dags/example_subdag_operator.py for tasks to queue
[2023-06-13T01:54:58.890+0000] {logging_mixin.py:149} INFO - [2023-06-13T01:54:58.889+0000] {dagbag.py:541} INFO - Filling up the DagBag from /home/airflow/.local/lib/python3.7/site-packages/airflow/example_dags/example_subdag_operator.py
[2023-06-13T01:54:58.936+0000] {processor.py:836} INFO - DAG(s) dict_keys(['example_subdag_operator.section-1', 'example_subdag_operator.section-2', 'example_subdag_operator']) retrieved from /home/airflow/.local/lib/python3.7/site-packages/airflow/example_dags/example_subdag_operator.py
[2023-06-13T01:54:58.978+0000] {logging_mixin.py:149} INFO - [2023-06-13T01:54:58.978+0000] {dag.py:2726} INFO - Sync 3 DAGs
[2023-06-13T01:54:59.030+0000] {logging_mixin.py:149} INFO - [2023-06-13T01:54:59.029+0000] {dag.py:3490} INFO - Setting next_dagrun for example_subdag_operator to 2022-01-01T00:00:00+00:00, run_after=2022-01-01T00:00:00+00:00
[2023-06-13T01:54:59.039+0000] {logging_mixin.py:149} INFO - [2023-06-13T01:54:59.039+0000] {dag.py:3490} INFO - Setting next_dagrun for example_subdag_operator.section-1 to None, run_after=None
[2023-06-13T01:54:59.042+0000] {logging_mixin.py:149} INFO - [2023-06-13T01:54:59.042+0000] {dag.py:3490} INFO - Setting next_dagrun for example_subdag_operator.section-2 to None, run_after=None
[2023-06-13T01:54:59.057+0000] {logging_mixin.py:149} INFO - [2023-06-13T01:54:59.056+0000] {dag.py:2726} INFO - Sync 2 DAGs
[2023-06-13T01:54:59.070+0000] {logging_mixin.py:149} INFO - [2023-06-13T01:54:59.069+0000] {dag.py:3490} INFO - Setting next_dagrun for example_subdag_operator.section-1 to None, run_after=None
[2023-06-13T01:54:59.071+0000] {logging_mixin.py:149} INFO - [2023-06-13T01:54:59.070+0000] {dag.py:3490} INFO - Setting next_dagrun for example_subdag_operator.section-2 to None, run_after=None
[2023-06-13T01:54:59.097+0000] {processor.py:179} INFO - Processing /home/airflow/.local/lib/python3.7/site-packages/airflow/example_dags/example_subdag_operator.py took 0.214 seconds
[2023-06-13T01:55:29.593+0000] {processor.py:157} INFO - Started process (PID=258) to work on /home/airflow/.local/lib/python3.7/site-packages/airflow/example_dags/example_subdag_operator.py
[2023-06-13T01:55:29.596+0000] {processor.py:826} INFO - Processing file /home/airflow/.local/lib/python3.7/site-packages/airflow/example_dags/example_subdag_operator.py for tasks to queue
[2023-06-13T01:55:29.599+0000] {logging_mixin.py:149} INFO - [2023-06-13T01:55:29.598+0000] {dagbag.py:541} INFO - Filling up the DagBag from /home/airflow/.local/lib/python3.7/site-packages/airflow/example_dags/example_subdag_operator.py
[2023-06-13T01:55:29.679+0000] {processor.py:836} INFO - DAG(s) dict_keys(['example_subdag_operator.section-1', 'example_subdag_operator.section-2', 'example_subdag_operator']) retrieved from /home/airflow/.local/lib/python3.7/site-packages/airflow/example_dags/example_subdag_operator.py
[2023-06-13T01:55:29.732+0000] {logging_mixin.py:149} INFO - [2023-06-13T01:55:29.732+0000] {dag.py:2726} INFO - Sync 3 DAGs
[2023-06-13T01:55:29.834+0000] {logging_mixin.py:149} INFO - [2023-06-13T01:55:29.834+0000] {dag.py:3490} INFO - Setting next_dagrun for example_subdag_operator to 2022-01-01T00:00:00+00:00, run_after=2022-01-01T00:00:00+00:00
[2023-06-13T01:55:29.844+0000] {logging_mixin.py:149} INFO - [2023-06-13T01:55:29.843+0000] {dag.py:3490} INFO - Setting next_dagrun for example_subdag_operator.section-1 to None, run_after=None
[2023-06-13T01:55:29.848+0000] {logging_mixin.py:149} INFO - [2023-06-13T01:55:29.848+0000] {dag.py:3490} INFO - Setting next_dagrun for example_subdag_operator.section-2 to None, run_after=None
[2023-06-13T01:55:29.874+0000] {logging_mixin.py:149} INFO - [2023-06-13T01:55:29.874+0000] {dag.py:2726} INFO - Sync 2 DAGs
[2023-06-13T01:55:29.900+0000] {logging_mixin.py:149} INFO - [2023-06-13T01:55:29.900+0000] {dag.py:3490} INFO - Setting next_dagrun for example_subdag_operator.section-1 to None, run_after=None
[2023-06-13T01:55:29.907+0000] {logging_mixin.py:149} INFO - [2023-06-13T01:55:29.905+0000] {dag.py:3490} INFO - Setting next_dagrun for example_subdag_operator.section-2 to None, run_after=None
[2023-06-13T01:55:29.941+0000] {processor.py:179} INFO - Processing /home/airflow/.local/lib/python3.7/site-packages/airflow/example_dags/example_subdag_operator.py took 0.354 seconds
[2023-06-13T01:56:00.079+0000] {processor.py:157} INFO - Started process (PID=317) to work on /home/airflow/.local/lib/python3.7/site-packages/airflow/example_dags/example_subdag_operator.py
[2023-06-13T01:56:00.081+0000] {processor.py:826} INFO - Processing file /home/airflow/.local/lib/python3.7/site-packages/airflow/example_dags/example_subdag_operator.py for tasks to queue
[2023-06-13T01:56:00.082+0000] {logging_mixin.py:149} INFO - [2023-06-13T01:56:00.082+0000] {dagbag.py:541} INFO - Filling up the DagBag from /home/airflow/.local/lib/python3.7/site-packages/airflow/example_dags/example_subdag_operator.py
[2023-06-13T01:56:00.116+0000] {processor.py:836} INFO - DAG(s) dict_keys(['example_subdag_operator.section-1', 'example_subdag_operator.section-2', 'example_subdag_operator']) retrieved from /home/airflow/.local/lib/python3.7/site-packages/airflow/example_dags/example_subdag_operator.py
[2023-06-13T01:56:00.145+0000] {logging_mixin.py:149} INFO - [2023-06-13T01:56:00.145+0000] {dag.py:2726} INFO - Sync 3 DAGs
[2023-06-13T01:56:00.183+0000] {logging_mixin.py:149} INFO - [2023-06-13T01:56:00.183+0000] {dag.py:3490} INFO - Setting next_dagrun for example_subdag_operator to 2022-01-01T00:00:00+00:00, run_after=2022-01-01T00:00:00+00:00
[2023-06-13T01:56:00.192+0000] {logging_mixin.py:149} INFO - [2023-06-13T01:56:00.192+0000] {dag.py:3490} INFO - Setting next_dagrun for example_subdag_operator.section-1 to None, run_after=None
[2023-06-13T01:56:00.196+0000] {logging_mixin.py:149} INFO - [2023-06-13T01:56:00.196+0000] {dag.py:3490} INFO - Setting next_dagrun for example_subdag_operator.section-2 to None, run_after=None
[2023-06-13T01:56:00.212+0000] {logging_mixin.py:149} INFO - [2023-06-13T01:56:00.212+0000] {dag.py:2726} INFO - Sync 2 DAGs
[2023-06-13T01:56:00.226+0000] {logging_mixin.py:149} INFO - [2023-06-13T01:56:00.226+0000] {dag.py:3490} INFO - Setting next_dagrun for example_subdag_operator.section-1 to None, run_after=None
[2023-06-13T01:56:00.227+0000] {logging_mixin.py:149} INFO - [2023-06-13T01:56:00.227+0000] {dag.py:3490} INFO - Setting next_dagrun for example_subdag_operator.section-2 to None, run_after=None
[2023-06-13T01:56:00.259+0000] {processor.py:179} INFO - Processing /home/airflow/.local/lib/python3.7/site-packages/airflow/example_dags/example_subdag_operator.py took 0.183 seconds
[2023-06-13T01:56:30.523+0000] {processor.py:157} INFO - Started process (PID=377) to work on /home/airflow/.local/lib/python3.7/site-packages/airflow/example_dags/example_subdag_operator.py
[2023-06-13T01:56:30.525+0000] {processor.py:826} INFO - Processing file /home/airflow/.local/lib/python3.7/site-packages/airflow/example_dags/example_subdag_operator.py for tasks to queue
[2023-06-13T01:56:30.526+0000] {logging_mixin.py:149} INFO - [2023-06-13T01:56:30.526+0000] {dagbag.py:541} INFO - Filling up the DagBag from /home/airflow/.local/lib/python3.7/site-packages/airflow/example_dags/example_subdag_operator.py
[2023-06-13T01:56:30.567+0000] {processor.py:836} INFO - DAG(s) dict_keys(['example_subdag_operator.section-1', 'example_subdag_operator.section-2', 'example_subdag_operator']) retrieved from /home/airflow/.local/lib/python3.7/site-packages/airflow/example_dags/example_subdag_operator.py
[2023-06-13T01:56:30.597+0000] {logging_mixin.py:149} INFO - [2023-06-13T01:56:30.597+0000] {dag.py:2726} INFO - Sync 3 DAGs
[2023-06-13T01:56:30.644+0000] {logging_mixin.py:149} INFO - [2023-06-13T01:56:30.644+0000] {dag.py:3490} INFO - Setting next_dagrun for example_subdag_operator to 2022-01-01T00:00:00+00:00, run_after=2022-01-01T00:00:00+00:00
[2023-06-13T01:56:30.654+0000] {logging_mixin.py:149} INFO - [2023-06-13T01:56:30.654+0000] {dag.py:3490} INFO - Setting next_dagrun for example_subdag_operator.section-1 to None, run_after=None
[2023-06-13T01:56:30.658+0000] {logging_mixin.py:149} INFO - [2023-06-13T01:56:30.657+0000] {dag.py:3490} INFO - Setting next_dagrun for example_subdag_operator.section-2 to None, run_after=None
[2023-06-13T01:56:30.671+0000] {logging_mixin.py:149} INFO - [2023-06-13T01:56:30.671+0000] {dag.py:2726} INFO - Sync 2 DAGs
[2023-06-13T01:56:30.686+0000] {logging_mixin.py:149} INFO - [2023-06-13T01:56:30.686+0000] {dag.py:3490} INFO - Setting next_dagrun for example_subdag_operator.section-1 to None, run_after=None
[2023-06-13T01:56:30.687+0000] {logging_mixin.py:149} INFO - [2023-06-13T01:56:30.687+0000] {dag.py:3490} INFO - Setting next_dagrun for example_subdag_operator.section-2 to None, run_after=None
[2023-06-13T01:56:30.712+0000] {processor.py:179} INFO - Processing /home/airflow/.local/lib/python3.7/site-packages/airflow/example_dags/example_subdag_operator.py took 0.192 seconds
[2023-06-13T01:57:00.917+0000] {processor.py:157} INFO - Started process (PID=438) to work on /home/airflow/.local/lib/python3.7/site-packages/airflow/example_dags/example_subdag_operator.py
[2023-06-13T01:57:00.918+0000] {processor.py:826} INFO - Processing file /home/airflow/.local/lib/python3.7/site-packages/airflow/example_dags/example_subdag_operator.py for tasks to queue
[2023-06-13T01:57:00.919+0000] {logging_mixin.py:149} INFO - [2023-06-13T01:57:00.919+0000] {dagbag.py:541} INFO - Filling up the DagBag from /home/airflow/.local/lib/python3.7/site-packages/airflow/example_dags/example_subdag_operator.py
[2023-06-13T01:57:00.952+0000] {processor.py:836} INFO - DAG(s) dict_keys(['example_subdag_operator.section-1', 'example_subdag_operator.section-2', 'example_subdag_operator']) retrieved from /home/airflow/.local/lib/python3.7/site-packages/airflow/example_dags/example_subdag_operator.py
[2023-06-13T01:57:00.979+0000] {logging_mixin.py:149} INFO - [2023-06-13T01:57:00.979+0000] {dag.py:2726} INFO - Sync 3 DAGs
[2023-06-13T01:57:01.022+0000] {logging_mixin.py:149} INFO - [2023-06-13T01:57:01.021+0000] {dag.py:3490} INFO - Setting next_dagrun for example_subdag_operator to 2022-01-01T00:00:00+00:00, run_after=2022-01-01T00:00:00+00:00
[2023-06-13T01:57:01.028+0000] {logging_mixin.py:149} INFO - [2023-06-13T01:57:01.028+0000] {dag.py:3490} INFO - Setting next_dagrun for example_subdag_operator.section-1 to None, run_after=None
[2023-06-13T01:57:01.031+0000] {logging_mixin.py:149} INFO - [2023-06-13T01:57:01.031+0000] {dag.py:3490} INFO - Setting next_dagrun for example_subdag_operator.section-2 to None, run_after=None
[2023-06-13T01:57:01.043+0000] {logging_mixin.py:149} INFO - [2023-06-13T01:57:01.043+0000] {dag.py:2726} INFO - Sync 2 DAGs
[2023-06-13T01:57:01.053+0000] {logging_mixin.py:149} INFO - [2023-06-13T01:57:01.053+0000] {dag.py:3490} INFO - Setting next_dagrun for example_subdag_operator.section-1 to None, run_after=None
[2023-06-13T01:57:01.054+0000] {logging_mixin.py:149} INFO - [2023-06-13T01:57:01.054+0000] {dag.py:3490} INFO - Setting next_dagrun for example_subdag_operator.section-2 to None, run_after=None
[2023-06-13T01:57:01.074+0000] {processor.py:179} INFO - Processing /home/airflow/.local/lib/python3.7/site-packages/airflow/example_dags/example_subdag_operator.py took 0.160 seconds
[2023-06-13T01:57:31.222+0000] {processor.py:157} INFO - Started process (PID=498) to work on /home/airflow/.local/lib/python3.7/site-packages/airflow/example_dags/example_subdag_operator.py
[2023-06-13T01:57:31.224+0000] {processor.py:826} INFO - Processing file /home/airflow/.local/lib/python3.7/site-packages/airflow/example_dags/example_subdag_operator.py for tasks to queue
[2023-06-13T01:57:31.225+0000] {logging_mixin.py:149} INFO - [2023-06-13T01:57:31.225+0000] {dagbag.py:541} INFO - Filling up the DagBag from /home/airflow/.local/lib/python3.7/site-packages/airflow/example_dags/example_subdag_operator.py
[2023-06-13T01:57:31.257+0000] {processor.py:836} INFO - DAG(s) dict_keys(['example_subdag_operator.section-1', 'example_subdag_operator.section-2', 'example_subdag_operator']) retrieved from /home/airflow/.local/lib/python3.7/site-packages/airflow/example_dags/example_subdag_operator.py
[2023-06-13T01:57:31.283+0000] {logging_mixin.py:149} INFO - [2023-06-13T01:57:31.282+0000] {dag.py:2726} INFO - Sync 3 DAGs
[2023-06-13T01:57:31.323+0000] {logging_mixin.py:149} INFO - [2023-06-13T01:57:31.323+0000] {dag.py:3490} INFO - Setting next_dagrun for example_subdag_operator to 2022-01-01T00:00:00+00:00, run_after=2022-01-01T00:00:00+00:00
[2023-06-13T01:57:31.330+0000] {logging_mixin.py:149} INFO - [2023-06-13T01:57:31.330+0000] {dag.py:3490} INFO - Setting next_dagrun for example_subdag_operator.section-1 to None, run_after=None
[2023-06-13T01:57:31.333+0000] {logging_mixin.py:149} INFO - [2023-06-13T01:57:31.333+0000] {dag.py:3490} INFO - Setting next_dagrun for example_subdag_operator.section-2 to None, run_after=None
[2023-06-13T01:57:31.348+0000] {logging_mixin.py:149} INFO - [2023-06-13T01:57:31.348+0000] {dag.py:2726} INFO - Sync 2 DAGs
[2023-06-13T01:57:31.358+0000] {logging_mixin.py:149} INFO - [2023-06-13T01:57:31.358+0000] {dag.py:3490} INFO - Setting next_dagrun for example_subdag_operator.section-1 to None, run_after=None
[2023-06-13T01:57:31.359+0000] {logging_mixin.py:149} INFO - [2023-06-13T01:57:31.359+0000] {dag.py:3490} INFO - Setting next_dagrun for example_subdag_operator.section-2 to None, run_after=None
[2023-06-13T01:57:31.378+0000] {processor.py:179} INFO - Processing /home/airflow/.local/lib/python3.7/site-packages/airflow/example_dags/example_subdag_operator.py took 0.159 seconds
[2023-06-13T01:58:01.771+0000] {processor.py:157} INFO - Started process (PID=558) to work on /home/airflow/.local/lib/python3.7/site-packages/airflow/example_dags/example_subdag_operator.py
[2023-06-13T01:58:01.772+0000] {processor.py:826} INFO - Processing file /home/airflow/.local/lib/python3.7/site-packages/airflow/example_dags/example_subdag_operator.py for tasks to queue
[2023-06-13T01:58:01.774+0000] {logging_mixin.py:149} INFO - [2023-06-13T01:58:01.773+0000] {dagbag.py:541} INFO - Filling up the DagBag from /home/airflow/.local/lib/python3.7/site-packages/airflow/example_dags/example_subdag_operator.py
[2023-06-13T01:58:01.817+0000] {processor.py:836} INFO - DAG(s) dict_keys(['example_subdag_operator.section-1', 'example_subdag_operator.section-2', 'example_subdag_operator']) retrieved from /home/airflow/.local/lib/python3.7/site-packages/airflow/example_dags/example_subdag_operator.py
[2023-06-13T01:58:01.833+0000] {logging_mixin.py:149} INFO - [2023-06-13T01:58:01.831+0000] {dag.py:2726} INFO - Sync 3 DAGs
[2023-06-13T01:58:01.901+0000] {logging_mixin.py:149} INFO - [2023-06-13T01:58:01.901+0000] {dag.py:3490} INFO - Setting next_dagrun for example_subdag_operator to 2022-01-01T00:00:00+00:00, run_after=2022-01-01T00:00:00+00:00
[2023-06-13T01:58:01.907+0000] {logging_mixin.py:149} INFO - [2023-06-13T01:58:01.907+0000] {dag.py:3490} INFO - Setting next_dagrun for example_subdag_operator.section-1 to None, run_after=None
[2023-06-13T01:58:01.910+0000] {logging_mixin.py:149} INFO - [2023-06-13T01:58:01.910+0000] {dag.py:3490} INFO - Setting next_dagrun for example_subdag_operator.section-2 to None, run_after=None
[2023-06-13T01:58:01.926+0000] {logging_mixin.py:149} INFO - [2023-06-13T01:58:01.926+0000] {dag.py:2726} INFO - Sync 2 DAGs
[2023-06-13T01:58:01.939+0000] {logging_mixin.py:149} INFO - [2023-06-13T01:58:01.939+0000] {dag.py:3490} INFO - Setting next_dagrun for example_subdag_operator.section-1 to None, run_after=None
[2023-06-13T01:58:01.940+0000] {logging_mixin.py:149} INFO - [2023-06-13T01:58:01.940+0000] {dag.py:3490} INFO - Setting next_dagrun for example_subdag_operator.section-2 to None, run_after=None
[2023-06-13T01:58:01.982+0000] {processor.py:179} INFO - Processing /home/airflow/.local/lib/python3.7/site-packages/airflow/example_dags/example_subdag_operator.py took 0.216 seconds
[2023-06-13T01:58:32.413+0000] {processor.py:157} INFO - Started process (PID=618) to work on /home/airflow/.local/lib/python3.7/site-packages/airflow/example_dags/example_subdag_operator.py
[2023-06-13T01:58:32.414+0000] {processor.py:826} INFO - Processing file /home/airflow/.local/lib/python3.7/site-packages/airflow/example_dags/example_subdag_operator.py for tasks to queue
[2023-06-13T01:58:32.416+0000] {logging_mixin.py:149} INFO - [2023-06-13T01:58:32.416+0000] {dagbag.py:541} INFO - Filling up the DagBag from /home/airflow/.local/lib/python3.7/site-packages/airflow/example_dags/example_subdag_operator.py
[2023-06-13T01:58:32.460+0000] {processor.py:836} INFO - DAG(s) dict_keys(['example_subdag_operator.section-1', 'example_subdag_operator.section-2', 'example_subdag_operator']) retrieved from /home/airflow/.local/lib/python3.7/site-packages/airflow/example_dags/example_subdag_operator.py
[2023-06-13T01:58:32.490+0000] {logging_mixin.py:149} INFO - [2023-06-13T01:58:32.490+0000] {dag.py:2726} INFO - Sync 3 DAGs
[2023-06-13T01:58:32.530+0000] {logging_mixin.py:149} INFO - [2023-06-13T01:58:32.530+0000] {dag.py:3490} INFO - Setting next_dagrun for example_subdag_operator to 2022-01-01T00:00:00+00:00, run_after=2022-01-01T00:00:00+00:00
[2023-06-13T01:58:32.538+0000] {logging_mixin.py:149} INFO - [2023-06-13T01:58:32.538+0000] {dag.py:3490} INFO - Setting next_dagrun for example_subdag_operator.section-1 to None, run_after=None
[2023-06-13T01:58:32.541+0000] {logging_mixin.py:149} INFO - [2023-06-13T01:58:32.541+0000] {dag.py:3490} INFO - Setting next_dagrun for example_subdag_operator.section-2 to None, run_after=None
[2023-06-13T01:58:32.555+0000] {logging_mixin.py:149} INFO - [2023-06-13T01:58:32.555+0000] {dag.py:2726} INFO - Sync 2 DAGs
[2023-06-13T01:58:32.570+0000] {logging_mixin.py:149} INFO - [2023-06-13T01:58:32.570+0000] {dag.py:3490} INFO - Setting next_dagrun for example_subdag_operator.section-1 to None, run_after=None
[2023-06-13T01:58:32.572+0000] {logging_mixin.py:149} INFO - [2023-06-13T01:58:32.571+0000] {dag.py:3490} INFO - Setting next_dagrun for example_subdag_operator.section-2 to None, run_after=None
[2023-06-13T01:58:32.598+0000] {processor.py:179} INFO - Processing /home/airflow/.local/lib/python3.7/site-packages/airflow/example_dags/example_subdag_operator.py took 0.189 seconds
[2023-06-13T01:59:02.776+0000] {processor.py:157} INFO - Started process (PID=679) to work on /home/airflow/.local/lib/python3.7/site-packages/airflow/example_dags/example_subdag_operator.py
[2023-06-13T01:59:02.778+0000] {processor.py:826} INFO - Processing file /home/airflow/.local/lib/python3.7/site-packages/airflow/example_dags/example_subdag_operator.py for tasks to queue
[2023-06-13T01:59:02.779+0000] {logging_mixin.py:149} INFO - [2023-06-13T01:59:02.779+0000] {dagbag.py:541} INFO - Filling up the DagBag from /home/airflow/.local/lib/python3.7/site-packages/airflow/example_dags/example_subdag_operator.py
[2023-06-13T01:59:02.820+0000] {processor.py:836} INFO - DAG(s) dict_keys(['example_subdag_operator.section-1', 'example_subdag_operator.section-2', 'example_subdag_operator']) retrieved from /home/airflow/.local/lib/python3.7/site-packages/airflow/example_dags/example_subdag_operator.py
[2023-06-13T01:59:02.862+0000] {logging_mixin.py:149} INFO - [2023-06-13T01:59:02.861+0000] {dag.py:2726} INFO - Sync 3 DAGs
[2023-06-13T01:59:02.922+0000] {logging_mixin.py:149} INFO - [2023-06-13T01:59:02.921+0000] {dag.py:3490} INFO - Setting next_dagrun for example_subdag_operator to 2022-01-01T00:00:00+00:00, run_after=2022-01-01T00:00:00+00:00
[2023-06-13T01:59:02.930+0000] {logging_mixin.py:149} INFO - [2023-06-13T01:59:02.930+0000] {dag.py:3490} INFO - Setting next_dagrun for example_subdag_operator.section-1 to None, run_after=None
[2023-06-13T01:59:02.934+0000] {logging_mixin.py:149} INFO - [2023-06-13T01:59:02.933+0000] {dag.py:3490} INFO - Setting next_dagrun for example_subdag_operator.section-2 to None, run_after=None
[2023-06-13T01:59:02.950+0000] {logging_mixin.py:149} INFO - [2023-06-13T01:59:02.950+0000] {dag.py:2726} INFO - Sync 2 DAGs
[2023-06-13T01:59:02.966+0000] {logging_mixin.py:149} INFO - [2023-06-13T01:59:02.966+0000] {dag.py:3490} INFO - Setting next_dagrun for example_subdag_operator.section-1 to None, run_after=None
[2023-06-13T01:59:02.968+0000] {logging_mixin.py:149} INFO - [2023-06-13T01:59:02.968+0000] {dag.py:3490} INFO - Setting next_dagrun for example_subdag_operator.section-2 to None, run_after=None
[2023-06-13T01:59:02.994+0000] {processor.py:179} INFO - Processing /home/airflow/.local/lib/python3.7/site-packages/airflow/example_dags/example_subdag_operator.py took 0.222 seconds
[2023-06-13T01:59:33.071+0000] {processor.py:157} INFO - Started process (PID=741) to work on /home/airflow/.local/lib/python3.7/site-packages/airflow/example_dags/example_subdag_operator.py
[2023-06-13T01:59:33.073+0000] {processor.py:826} INFO - Processing file /home/airflow/.local/lib/python3.7/site-packages/airflow/example_dags/example_subdag_operator.py for tasks to queue
[2023-06-13T01:59:33.074+0000] {logging_mixin.py:149} INFO - [2023-06-13T01:59:33.074+0000] {dagbag.py:541} INFO - Filling up the DagBag from /home/airflow/.local/lib/python3.7/site-packages/airflow/example_dags/example_subdag_operator.py
[2023-06-13T01:59:33.107+0000] {processor.py:836} INFO - DAG(s) dict_keys(['example_subdag_operator.section-1', 'example_subdag_operator.section-2', 'example_subdag_operator']) retrieved from /home/airflow/.local/lib/python3.7/site-packages/airflow/example_dags/example_subdag_operator.py
[2023-06-13T01:59:33.136+0000] {logging_mixin.py:149} INFO - [2023-06-13T01:59:33.136+0000] {dag.py:2726} INFO - Sync 3 DAGs
[2023-06-13T01:59:33.173+0000] {logging_mixin.py:149} INFO - [2023-06-13T01:59:33.173+0000] {dag.py:3490} INFO - Setting next_dagrun for example_subdag_operator to 2022-01-01T00:00:00+00:00, run_after=2022-01-01T00:00:00+00:00
[2023-06-13T01:59:33.179+0000] {logging_mixin.py:149} INFO - [2023-06-13T01:59:33.178+0000] {dag.py:3490} INFO - Setting next_dagrun for example_subdag_operator.section-1 to None, run_after=None
[2023-06-13T01:59:33.181+0000] {logging_mixin.py:149} INFO - [2023-06-13T01:59:33.181+0000] {dag.py:3490} INFO - Setting next_dagrun for example_subdag_operator.section-2 to None, run_after=None
[2023-06-13T01:59:33.192+0000] {logging_mixin.py:149} INFO - [2023-06-13T01:59:33.192+0000] {dag.py:2726} INFO - Sync 2 DAGs
[2023-06-13T01:59:33.201+0000] {logging_mixin.py:149} INFO - [2023-06-13T01:59:33.201+0000] {dag.py:3490} INFO - Setting next_dagrun for example_subdag_operator.section-1 to None, run_after=None
[2023-06-13T01:59:33.203+0000] {logging_mixin.py:149} INFO - [2023-06-13T01:59:33.202+0000] {dag.py:3490} INFO - Setting next_dagrun for example_subdag_operator.section-2 to None, run_after=None
[2023-06-13T01:59:33.226+0000] {processor.py:179} INFO - Processing /home/airflow/.local/lib/python3.7/site-packages/airflow/example_dags/example_subdag_operator.py took 0.158 seconds
[2023-06-13T02:01:06.151+0000] {processor.py:157} INFO - Started process (PID=76) to work on /home/airflow/.local/lib/python3.7/site-packages/airflow/example_dags/example_subdag_operator.py
[2023-06-13T02:01:06.155+0000] {processor.py:826} INFO - Processing file /home/airflow/.local/lib/python3.7/site-packages/airflow/example_dags/example_subdag_operator.py for tasks to queue
[2023-06-13T02:01:06.158+0000] {logging_mixin.py:149} INFO - [2023-06-13T02:01:06.158+0000] {dagbag.py:541} INFO - Filling up the DagBag from /home/airflow/.local/lib/python3.7/site-packages/airflow/example_dags/example_subdag_operator.py
[2023-06-13T02:01:06.255+0000] {processor.py:836} INFO - DAG(s) dict_keys(['example_subdag_operator.section-1', 'example_subdag_operator.section-2', 'example_subdag_operator']) retrieved from /home/airflow/.local/lib/python3.7/site-packages/airflow/example_dags/example_subdag_operator.py
[2023-06-13T02:01:06.346+0000] {logging_mixin.py:149} INFO - [2023-06-13T02:01:06.346+0000] {dag.py:2726} INFO - Sync 3 DAGs
[2023-06-13T02:01:06.447+0000] {logging_mixin.py:149} INFO - [2023-06-13T02:01:06.446+0000] {dag.py:3490} INFO - Setting next_dagrun for example_subdag_operator to 2022-01-01T00:00:00+00:00, run_after=2022-01-01T00:00:00+00:00
[2023-06-13T02:01:06.462+0000] {logging_mixin.py:149} INFO - [2023-06-13T02:01:06.461+0000] {dag.py:3490} INFO - Setting next_dagrun for example_subdag_operator.section-1 to None, run_after=None
[2023-06-13T02:01:06.470+0000] {logging_mixin.py:149} INFO - [2023-06-13T02:01:06.470+0000] {dag.py:3490} INFO - Setting next_dagrun for example_subdag_operator.section-2 to None, run_after=None
[2023-06-13T02:01:06.500+0000] {logging_mixin.py:149} INFO - [2023-06-13T02:01:06.500+0000] {dag.py:2726} INFO - Sync 2 DAGs
[2023-06-13T02:01:06.520+0000] {logging_mixin.py:149} INFO - [2023-06-13T02:01:06.520+0000] {dag.py:3490} INFO - Setting next_dagrun for example_subdag_operator.section-1 to None, run_after=None
[2023-06-13T02:01:06.522+0000] {logging_mixin.py:149} INFO - [2023-06-13T02:01:06.522+0000] {dag.py:3490} INFO - Setting next_dagrun for example_subdag_operator.section-2 to None, run_after=None
[2023-06-13T02:01:06.574+0000] {processor.py:179} INFO - Processing /home/airflow/.local/lib/python3.7/site-packages/airflow/example_dags/example_subdag_operator.py took 0.433 seconds
[2023-06-13T02:01:37.398+0000] {processor.py:157} INFO - Started process (PID=135) to work on /home/airflow/.local/lib/python3.7/site-packages/airflow/example_dags/example_subdag_operator.py
[2023-06-13T02:01:37.401+0000] {processor.py:826} INFO - Processing file /home/airflow/.local/lib/python3.7/site-packages/airflow/example_dags/example_subdag_operator.py for tasks to queue
[2023-06-13T02:01:37.403+0000] {logging_mixin.py:149} INFO - [2023-06-13T02:01:37.403+0000] {dagbag.py:541} INFO - Filling up the DagBag from /home/airflow/.local/lib/python3.7/site-packages/airflow/example_dags/example_subdag_operator.py
[2023-06-13T02:01:37.554+0000] {processor.py:836} INFO - DAG(s) dict_keys(['example_subdag_operator.section-1', 'example_subdag_operator.section-2', 'example_subdag_operator']) retrieved from /home/airflow/.local/lib/python3.7/site-packages/airflow/example_dags/example_subdag_operator.py
[2023-06-13T02:01:37.708+0000] {logging_mixin.py:149} INFO - [2023-06-13T02:01:37.707+0000] {dag.py:2726} INFO - Sync 3 DAGs
[2023-06-13T02:01:37.909+0000] {logging_mixin.py:149} INFO - [2023-06-13T02:01:37.908+0000] {dag.py:3490} INFO - Setting next_dagrun for example_subdag_operator to 2022-01-01T00:00:00+00:00, run_after=2022-01-01T00:00:00+00:00
[2023-06-13T02:01:37.922+0000] {logging_mixin.py:149} INFO - [2023-06-13T02:01:37.922+0000] {dag.py:3490} INFO - Setting next_dagrun for example_subdag_operator.section-1 to None, run_after=None
[2023-06-13T02:01:37.939+0000] {logging_mixin.py:149} INFO - [2023-06-13T02:01:37.938+0000] {dag.py:3490} INFO - Setting next_dagrun for example_subdag_operator.section-2 to None, run_after=None
[2023-06-13T02:01:38.025+0000] {logging_mixin.py:149} INFO - [2023-06-13T02:01:38.024+0000] {dag.py:2726} INFO - Sync 2 DAGs
[2023-06-13T02:01:38.070+0000] {logging_mixin.py:149} INFO - [2023-06-13T02:01:38.069+0000] {dag.py:3490} INFO - Setting next_dagrun for example_subdag_operator.section-1 to None, run_after=None
[2023-06-13T02:01:38.072+0000] {logging_mixin.py:149} INFO - [2023-06-13T02:01:38.071+0000] {dag.py:3490} INFO - Setting next_dagrun for example_subdag_operator.section-2 to None, run_after=None
[2023-06-13T02:01:38.144+0000] {processor.py:179} INFO - Processing /home/airflow/.local/lib/python3.7/site-packages/airflow/example_dags/example_subdag_operator.py took 0.752 seconds
[2023-06-13T02:32:32.570+0000] {processor.py:157} INFO - Started process (PID=87) to work on /home/airflow/.local/lib/python3.7/site-packages/airflow/example_dags/example_subdag_operator.py
[2023-06-13T02:32:32.579+0000] {processor.py:826} INFO - Processing file /home/airflow/.local/lib/python3.7/site-packages/airflow/example_dags/example_subdag_operator.py for tasks to queue
[2023-06-13T02:32:32.583+0000] {logging_mixin.py:149} INFO - [2023-06-13T02:32:32.582+0000] {dagbag.py:541} INFO - Filling up the DagBag from /home/airflow/.local/lib/python3.7/site-packages/airflow/example_dags/example_subdag_operator.py
[2023-06-13T02:32:32.714+0000] {processor.py:836} INFO - DAG(s) dict_keys(['example_subdag_operator.section-1', 'example_subdag_operator.section-2', 'example_subdag_operator']) retrieved from /home/airflow/.local/lib/python3.7/site-packages/airflow/example_dags/example_subdag_operator.py
[2023-06-13T02:32:32.810+0000] {logging_mixin.py:149} INFO - [2023-06-13T02:32:32.808+0000] {dag.py:2726} INFO - Sync 3 DAGs
[2023-06-13T02:32:32.946+0000] {logging_mixin.py:149} INFO - [2023-06-13T02:32:32.945+0000] {dag.py:3490} INFO - Setting next_dagrun for example_subdag_operator to 2022-01-01T00:00:00+00:00, run_after=2022-01-01T00:00:00+00:00
[2023-06-13T02:32:32.965+0000] {logging_mixin.py:149} INFO - [2023-06-13T02:32:32.964+0000] {dag.py:3490} INFO - Setting next_dagrun for example_subdag_operator.section-1 to None, run_after=None
[2023-06-13T02:32:32.973+0000] {logging_mixin.py:149} INFO - [2023-06-13T02:32:32.972+0000] {dag.py:3490} INFO - Setting next_dagrun for example_subdag_operator.section-2 to None, run_after=None
[2023-06-13T02:32:33.013+0000] {logging_mixin.py:149} INFO - [2023-06-13T02:32:33.013+0000] {dag.py:2726} INFO - Sync 2 DAGs
[2023-06-13T02:32:33.072+0000] {logging_mixin.py:149} INFO - [2023-06-13T02:32:33.070+0000] {dag.py:3490} INFO - Setting next_dagrun for example_subdag_operator.section-1 to None, run_after=None
[2023-06-13T02:32:33.076+0000] {logging_mixin.py:149} INFO - [2023-06-13T02:32:33.075+0000] {dag.py:3490} INFO - Setting next_dagrun for example_subdag_operator.section-2 to None, run_after=None
[2023-06-13T02:32:33.139+0000] {processor.py:179} INFO - Processing /home/airflow/.local/lib/python3.7/site-packages/airflow/example_dags/example_subdag_operator.py took 0.576 seconds
[2023-06-13T02:33:04.290+0000] {processor.py:157} INFO - Started process (PID=147) to work on /home/airflow/.local/lib/python3.7/site-packages/airflow/example_dags/example_subdag_operator.py
[2023-06-13T02:33:04.295+0000] {processor.py:826} INFO - Processing file /home/airflow/.local/lib/python3.7/site-packages/airflow/example_dags/example_subdag_operator.py for tasks to queue
[2023-06-13T02:33:04.301+0000] {logging_mixin.py:149} INFO - [2023-06-13T02:33:04.300+0000] {dagbag.py:541} INFO - Filling up the DagBag from /home/airflow/.local/lib/python3.7/site-packages/airflow/example_dags/example_subdag_operator.py
[2023-06-13T02:33:04.383+0000] {processor.py:836} INFO - DAG(s) dict_keys(['example_subdag_operator.section-1', 'example_subdag_operator.section-2', 'example_subdag_operator']) retrieved from /home/airflow/.local/lib/python3.7/site-packages/airflow/example_dags/example_subdag_operator.py
[2023-06-13T02:33:04.447+0000] {logging_mixin.py:149} INFO - [2023-06-13T02:33:04.446+0000] {dag.py:2726} INFO - Sync 3 DAGs
[2023-06-13T02:33:04.633+0000] {logging_mixin.py:149} INFO - [2023-06-13T02:33:04.630+0000] {dag.py:3490} INFO - Setting next_dagrun for example_subdag_operator to 2022-01-01T00:00:00+00:00, run_after=2022-01-01T00:00:00+00:00
[2023-06-13T02:33:04.654+0000] {logging_mixin.py:149} INFO - [2023-06-13T02:33:04.654+0000] {dag.py:3490} INFO - Setting next_dagrun for example_subdag_operator.section-1 to None, run_after=None
[2023-06-13T02:33:04.661+0000] {logging_mixin.py:149} INFO - [2023-06-13T02:33:04.660+0000] {dag.py:3490} INFO - Setting next_dagrun for example_subdag_operator.section-2 to None, run_after=None
[2023-06-13T02:33:04.689+0000] {logging_mixin.py:149} INFO - [2023-06-13T02:33:04.688+0000] {dag.py:2726} INFO - Sync 2 DAGs
[2023-06-13T02:33:04.710+0000] {logging_mixin.py:149} INFO - [2023-06-13T02:33:04.709+0000] {dag.py:3490} INFO - Setting next_dagrun for example_subdag_operator.section-1 to None, run_after=None
[2023-06-13T02:33:04.711+0000] {logging_mixin.py:149} INFO - [2023-06-13T02:33:04.711+0000] {dag.py:3490} INFO - Setting next_dagrun for example_subdag_operator.section-2 to None, run_after=None
[2023-06-13T02:33:04.748+0000] {processor.py:179} INFO - Processing /home/airflow/.local/lib/python3.7/site-packages/airflow/example_dags/example_subdag_operator.py took 0.467 seconds
[2023-06-13T02:34:07.014+0000] {processor.py:157} INFO - Started process (PID=213) to work on /home/airflow/.local/lib/python3.7/site-packages/airflow/example_dags/example_subdag_operator.py
[2023-06-13T02:34:07.029+0000] {processor.py:826} INFO - Processing file /home/airflow/.local/lib/python3.7/site-packages/airflow/example_dags/example_subdag_operator.py for tasks to queue
[2023-06-13T02:34:07.061+0000] {logging_mixin.py:149} INFO - [2023-06-13T02:34:07.050+0000] {dagbag.py:541} INFO - Filling up the DagBag from /home/airflow/.local/lib/python3.7/site-packages/airflow/example_dags/example_subdag_operator.py
[2023-06-13T02:34:07.359+0000] {processor.py:836} INFO - DAG(s) dict_keys(['example_subdag_operator.section-1', 'example_subdag_operator.section-2', 'example_subdag_operator']) retrieved from /home/airflow/.local/lib/python3.7/site-packages/airflow/example_dags/example_subdag_operator.py
[2023-06-13T02:34:08.641+0000] {logging_mixin.py:149} INFO - [2023-06-13T02:34:08.634+0000] {dag.py:2726} INFO - Sync 3 DAGs
[2023-06-13T02:34:08.930+0000] {logging_mixin.py:149} INFO - [2023-06-13T02:34:08.927+0000] {dag.py:3490} INFO - Setting next_dagrun for example_subdag_operator to 2022-01-01T00:00:00+00:00, run_after=2022-01-01T00:00:00+00:00
[2023-06-13T02:34:08.960+0000] {logging_mixin.py:149} INFO - [2023-06-13T02:34:08.959+0000] {dag.py:3490} INFO - Setting next_dagrun for example_subdag_operator.section-1 to None, run_after=None
[2023-06-13T02:34:08.982+0000] {logging_mixin.py:149} INFO - [2023-06-13T02:34:08.982+0000] {dag.py:3490} INFO - Setting next_dagrun for example_subdag_operator.section-2 to None, run_after=None
[2023-06-13T02:34:09.097+0000] {logging_mixin.py:149} INFO - [2023-06-13T02:34:09.097+0000] {dag.py:2726} INFO - Sync 2 DAGs
[2023-06-13T02:34:09.213+0000] {logging_mixin.py:149} INFO - [2023-06-13T02:34:09.212+0000] {dag.py:3490} INFO - Setting next_dagrun for example_subdag_operator.section-1 to None, run_after=None
[2023-06-13T02:34:09.234+0000] {logging_mixin.py:149} INFO - [2023-06-13T02:34:09.233+0000] {dag.py:3490} INFO - Setting next_dagrun for example_subdag_operator.section-2 to None, run_after=None
[2023-06-13T02:34:09.392+0000] {processor.py:179} INFO - Processing /home/airflow/.local/lib/python3.7/site-packages/airflow/example_dags/example_subdag_operator.py took 2.417 seconds
[2023-06-13T02:34:40.414+0000] {processor.py:157} INFO - Started process (PID=273) to work on /home/airflow/.local/lib/python3.7/site-packages/airflow/example_dags/example_subdag_operator.py
[2023-06-13T02:34:40.418+0000] {processor.py:826} INFO - Processing file /home/airflow/.local/lib/python3.7/site-packages/airflow/example_dags/example_subdag_operator.py for tasks to queue
[2023-06-13T02:34:40.422+0000] {logging_mixin.py:149} INFO - [2023-06-13T02:34:40.421+0000] {dagbag.py:541} INFO - Filling up the DagBag from /home/airflow/.local/lib/python3.7/site-packages/airflow/example_dags/example_subdag_operator.py
[2023-06-13T02:34:40.516+0000] {processor.py:836} INFO - DAG(s) dict_keys(['example_subdag_operator.section-1', 'example_subdag_operator.section-2', 'example_subdag_operator']) retrieved from /home/airflow/.local/lib/python3.7/site-packages/airflow/example_dags/example_subdag_operator.py
[2023-06-13T02:34:40.595+0000] {logging_mixin.py:149} INFO - [2023-06-13T02:34:40.594+0000] {dag.py:2726} INFO - Sync 3 DAGs
[2023-06-13T02:34:40.724+0000] {logging_mixin.py:149} INFO - [2023-06-13T02:34:40.723+0000] {dag.py:3490} INFO - Setting next_dagrun for example_subdag_operator to 2022-01-01T00:00:00+00:00, run_after=2022-01-01T00:00:00+00:00
[2023-06-13T02:34:40.751+0000] {logging_mixin.py:149} INFO - [2023-06-13T02:34:40.751+0000] {dag.py:3490} INFO - Setting next_dagrun for example_subdag_operator.section-1 to None, run_after=None
[2023-06-13T02:34:40.762+0000] {logging_mixin.py:149} INFO - [2023-06-13T02:34:40.762+0000] {dag.py:3490} INFO - Setting next_dagrun for example_subdag_operator.section-2 to None, run_after=None
[2023-06-13T02:34:40.814+0000] {logging_mixin.py:149} INFO - [2023-06-13T02:34:40.813+0000] {dag.py:2726} INFO - Sync 2 DAGs
[2023-06-13T02:34:40.853+0000] {logging_mixin.py:149} INFO - [2023-06-13T02:34:40.852+0000] {dag.py:3490} INFO - Setting next_dagrun for example_subdag_operator.section-1 to None, run_after=None
[2023-06-13T02:34:40.858+0000] {logging_mixin.py:149} INFO - [2023-06-13T02:34:40.857+0000] {dag.py:3490} INFO - Setting next_dagrun for example_subdag_operator.section-2 to None, run_after=None
[2023-06-13T02:34:40.930+0000] {processor.py:179} INFO - Processing /home/airflow/.local/lib/python3.7/site-packages/airflow/example_dags/example_subdag_operator.py took 0.522 seconds
[2023-06-13T02:35:11.292+0000] {processor.py:157} INFO - Started process (PID=333) to work on /home/airflow/.local/lib/python3.7/site-packages/airflow/example_dags/example_subdag_operator.py
[2023-06-13T02:35:11.296+0000] {processor.py:826} INFO - Processing file /home/airflow/.local/lib/python3.7/site-packages/airflow/example_dags/example_subdag_operator.py for tasks to queue
[2023-06-13T02:35:11.300+0000] {logging_mixin.py:149} INFO - [2023-06-13T02:35:11.299+0000] {dagbag.py:541} INFO - Filling up the DagBag from /home/airflow/.local/lib/python3.7/site-packages/airflow/example_dags/example_subdag_operator.py
[2023-06-13T02:35:11.519+0000] {processor.py:836} INFO - DAG(s) dict_keys(['example_subdag_operator.section-1', 'example_subdag_operator.section-2', 'example_subdag_operator']) retrieved from /home/airflow/.local/lib/python3.7/site-packages/airflow/example_dags/example_subdag_operator.py
[2023-06-13T02:35:11.660+0000] {logging_mixin.py:149} INFO - [2023-06-13T02:35:11.659+0000] {dag.py:2726} INFO - Sync 3 DAGs
[2023-06-13T02:35:11.924+0000] {logging_mixin.py:149} INFO - [2023-06-13T02:35:11.923+0000] {dag.py:3490} INFO - Setting next_dagrun for example_subdag_operator to 2022-01-01T00:00:00+00:00, run_after=2022-01-01T00:00:00+00:00
[2023-06-13T02:35:11.964+0000] {logging_mixin.py:149} INFO - [2023-06-13T02:35:11.963+0000] {dag.py:3490} INFO - Setting next_dagrun for example_subdag_operator.section-1 to None, run_after=None
[2023-06-13T02:35:11.993+0000] {logging_mixin.py:149} INFO - [2023-06-13T02:35:11.990+0000] {dag.py:3490} INFO - Setting next_dagrun for example_subdag_operator.section-2 to None, run_after=None
[2023-06-13T02:35:12.058+0000] {logging_mixin.py:149} INFO - [2023-06-13T02:35:12.057+0000] {dag.py:2726} INFO - Sync 2 DAGs
[2023-06-13T02:35:12.121+0000] {logging_mixin.py:149} INFO - [2023-06-13T02:35:12.121+0000] {dag.py:3490} INFO - Setting next_dagrun for example_subdag_operator.section-1 to None, run_after=None
[2023-06-13T02:35:12.126+0000] {logging_mixin.py:149} INFO - [2023-06-13T02:35:12.125+0000] {dag.py:3490} INFO - Setting next_dagrun for example_subdag_operator.section-2 to None, run_after=None
[2023-06-13T02:35:12.272+0000] {processor.py:179} INFO - Processing /home/airflow/.local/lib/python3.7/site-packages/airflow/example_dags/example_subdag_operator.py took 0.999 seconds
[2023-06-13T02:35:42.810+0000] {processor.py:157} INFO - Started process (PID=394) to work on /home/airflow/.local/lib/python3.7/site-packages/airflow/example_dags/example_subdag_operator.py
[2023-06-13T02:35:42.815+0000] {processor.py:826} INFO - Processing file /home/airflow/.local/lib/python3.7/site-packages/airflow/example_dags/example_subdag_operator.py for tasks to queue
[2023-06-13T02:35:42.818+0000] {logging_mixin.py:149} INFO - [2023-06-13T02:35:42.817+0000] {dagbag.py:541} INFO - Filling up the DagBag from /home/airflow/.local/lib/python3.7/site-packages/airflow/example_dags/example_subdag_operator.py
[2023-06-13T02:35:42.934+0000] {processor.py:836} INFO - DAG(s) dict_keys(['example_subdag_operator.section-1', 'example_subdag_operator.section-2', 'example_subdag_operator']) retrieved from /home/airflow/.local/lib/python3.7/site-packages/airflow/example_dags/example_subdag_operator.py
[2023-06-13T02:35:43.024+0000] {logging_mixin.py:149} INFO - [2023-06-13T02:35:43.024+0000] {dag.py:2726} INFO - Sync 3 DAGs
[2023-06-13T02:35:43.145+0000] {logging_mixin.py:149} INFO - [2023-06-13T02:35:43.144+0000] {dag.py:3490} INFO - Setting next_dagrun for example_subdag_operator to 2022-01-01T00:00:00+00:00, run_after=2022-01-01T00:00:00+00:00
[2023-06-13T02:35:43.183+0000] {logging_mixin.py:149} INFO - [2023-06-13T02:35:43.182+0000] {dag.py:3490} INFO - Setting next_dagrun for example_subdag_operator.section-1 to None, run_after=None
[2023-06-13T02:35:43.192+0000] {logging_mixin.py:149} INFO - [2023-06-13T02:35:43.191+0000] {dag.py:3490} INFO - Setting next_dagrun for example_subdag_operator.section-2 to None, run_after=None
[2023-06-13T02:35:43.222+0000] {logging_mixin.py:149} INFO - [2023-06-13T02:35:43.222+0000] {dag.py:2726} INFO - Sync 2 DAGs
[2023-06-13T02:35:43.245+0000] {logging_mixin.py:149} INFO - [2023-06-13T02:35:43.244+0000] {dag.py:3490} INFO - Setting next_dagrun for example_subdag_operator.section-1 to None, run_after=None
[2023-06-13T02:35:43.247+0000] {logging_mixin.py:149} INFO - [2023-06-13T02:35:43.247+0000] {dag.py:3490} INFO - Setting next_dagrun for example_subdag_operator.section-2 to None, run_after=None
[2023-06-13T02:35:43.295+0000] {processor.py:179} INFO - Processing /home/airflow/.local/lib/python3.7/site-packages/airflow/example_dags/example_subdag_operator.py took 0.496 seconds
[2023-06-13T02:36:13.857+0000] {processor.py:157} INFO - Started process (PID=453) to work on /home/airflow/.local/lib/python3.7/site-packages/airflow/example_dags/example_subdag_operator.py
[2023-06-13T02:36:13.868+0000] {processor.py:826} INFO - Processing file /home/airflow/.local/lib/python3.7/site-packages/airflow/example_dags/example_subdag_operator.py for tasks to queue
[2023-06-13T02:36:13.872+0000] {logging_mixin.py:149} INFO - [2023-06-13T02:36:13.871+0000] {dagbag.py:541} INFO - Filling up the DagBag from /home/airflow/.local/lib/python3.7/site-packages/airflow/example_dags/example_subdag_operator.py
[2023-06-13T02:36:13.965+0000] {processor.py:836} INFO - DAG(s) dict_keys(['example_subdag_operator.section-1', 'example_subdag_operator.section-2', 'example_subdag_operator']) retrieved from /home/airflow/.local/lib/python3.7/site-packages/airflow/example_dags/example_subdag_operator.py
[2023-06-13T02:36:14.053+0000] {logging_mixin.py:149} INFO - [2023-06-13T02:36:14.052+0000] {dag.py:2726} INFO - Sync 3 DAGs
[2023-06-13T02:36:14.146+0000] {logging_mixin.py:149} INFO - [2023-06-13T02:36:14.145+0000] {dag.py:3490} INFO - Setting next_dagrun for example_subdag_operator to 2022-01-01T00:00:00+00:00, run_after=2022-01-01T00:00:00+00:00
[2023-06-13T02:36:14.165+0000] {logging_mixin.py:149} INFO - [2023-06-13T02:36:14.164+0000] {dag.py:3490} INFO - Setting next_dagrun for example_subdag_operator.section-1 to None, run_after=None
[2023-06-13T02:36:14.171+0000] {logging_mixin.py:149} INFO - [2023-06-13T02:36:14.170+0000] {dag.py:3490} INFO - Setting next_dagrun for example_subdag_operator.section-2 to None, run_after=None
[2023-06-13T02:36:14.209+0000] {logging_mixin.py:149} INFO - [2023-06-13T02:36:14.208+0000] {dag.py:2726} INFO - Sync 2 DAGs
[2023-06-13T02:36:14.259+0000] {logging_mixin.py:149} INFO - [2023-06-13T02:36:14.258+0000] {dag.py:3490} INFO - Setting next_dagrun for example_subdag_operator.section-1 to None, run_after=None
[2023-06-13T02:36:14.261+0000] {logging_mixin.py:149} INFO - [2023-06-13T02:36:14.261+0000] {dag.py:3490} INFO - Setting next_dagrun for example_subdag_operator.section-2 to None, run_after=None
[2023-06-13T02:36:14.319+0000] {processor.py:179} INFO - Processing /home/airflow/.local/lib/python3.7/site-packages/airflow/example_dags/example_subdag_operator.py took 0.483 seconds
[2023-06-13T02:36:45.008+0000] {processor.py:157} INFO - Started process (PID=513) to work on /home/airflow/.local/lib/python3.7/site-packages/airflow/example_dags/example_subdag_operator.py
[2023-06-13T02:36:45.012+0000] {processor.py:826} INFO - Processing file /home/airflow/.local/lib/python3.7/site-packages/airflow/example_dags/example_subdag_operator.py for tasks to queue
[2023-06-13T02:36:45.017+0000] {logging_mixin.py:149} INFO - [2023-06-13T02:36:45.016+0000] {dagbag.py:541} INFO - Filling up the DagBag from /home/airflow/.local/lib/python3.7/site-packages/airflow/example_dags/example_subdag_operator.py
[2023-06-13T02:36:45.080+0000] {processor.py:836} INFO - DAG(s) dict_keys(['example_subdag_operator.section-1', 'example_subdag_operator.section-2', 'example_subdag_operator']) retrieved from /home/airflow/.local/lib/python3.7/site-packages/airflow/example_dags/example_subdag_operator.py
[2023-06-13T02:36:45.135+0000] {logging_mixin.py:149} INFO - [2023-06-13T02:36:45.134+0000] {dag.py:2726} INFO - Sync 3 DAGs
[2023-06-13T02:36:45.223+0000] {logging_mixin.py:149} INFO - [2023-06-13T02:36:45.223+0000] {dag.py:3490} INFO - Setting next_dagrun for example_subdag_operator to 2022-01-01T00:00:00+00:00, run_after=2022-01-01T00:00:00+00:00
[2023-06-13T02:36:45.234+0000] {logging_mixin.py:149} INFO - [2023-06-13T02:36:45.233+0000] {dag.py:3490} INFO - Setting next_dagrun for example_subdag_operator.section-1 to None, run_after=None
[2023-06-13T02:36:45.240+0000] {logging_mixin.py:149} INFO - [2023-06-13T02:36:45.239+0000] {dag.py:3490} INFO - Setting next_dagrun for example_subdag_operator.section-2 to None, run_after=None
[2023-06-13T02:36:45.261+0000] {logging_mixin.py:149} INFO - [2023-06-13T02:36:45.260+0000] {dag.py:2726} INFO - Sync 2 DAGs
[2023-06-13T02:36:45.280+0000] {logging_mixin.py:149} INFO - [2023-06-13T02:36:45.279+0000] {dag.py:3490} INFO - Setting next_dagrun for example_subdag_operator.section-1 to None, run_after=None
[2023-06-13T02:36:45.281+0000] {logging_mixin.py:149} INFO - [2023-06-13T02:36:45.281+0000] {dag.py:3490} INFO - Setting next_dagrun for example_subdag_operator.section-2 to None, run_after=None
[2023-06-13T02:36:45.326+0000] {processor.py:179} INFO - Processing /home/airflow/.local/lib/python3.7/site-packages/airflow/example_dags/example_subdag_operator.py took 0.326 seconds
[2023-06-13T02:37:15.703+0000] {processor.py:157} INFO - Started process (PID=573) to work on /home/airflow/.local/lib/python3.7/site-packages/airflow/example_dags/example_subdag_operator.py
[2023-06-13T02:37:15.706+0000] {processor.py:826} INFO - Processing file /home/airflow/.local/lib/python3.7/site-packages/airflow/example_dags/example_subdag_operator.py for tasks to queue
[2023-06-13T02:37:15.709+0000] {logging_mixin.py:149} INFO - [2023-06-13T02:37:15.708+0000] {dagbag.py:541} INFO - Filling up the DagBag from /home/airflow/.local/lib/python3.7/site-packages/airflow/example_dags/example_subdag_operator.py
[2023-06-13T02:37:15.769+0000] {processor.py:836} INFO - DAG(s) dict_keys(['example_subdag_operator.section-1', 'example_subdag_operator.section-2', 'example_subdag_operator']) retrieved from /home/airflow/.local/lib/python3.7/site-packages/airflow/example_dags/example_subdag_operator.py
[2023-06-13T02:37:15.818+0000] {logging_mixin.py:149} INFO - [2023-06-13T02:37:15.818+0000] {dag.py:2726} INFO - Sync 3 DAGs
[2023-06-13T02:37:15.894+0000] {logging_mixin.py:149} INFO - [2023-06-13T02:37:15.893+0000] {dag.py:3490} INFO - Setting next_dagrun for example_subdag_operator to 2022-01-01T00:00:00+00:00, run_after=2022-01-01T00:00:00+00:00
[2023-06-13T02:37:15.906+0000] {logging_mixin.py:149} INFO - [2023-06-13T02:37:15.906+0000] {dag.py:3490} INFO - Setting next_dagrun for example_subdag_operator.section-1 to None, run_after=None
[2023-06-13T02:37:15.913+0000] {logging_mixin.py:149} INFO - [2023-06-13T02:37:15.912+0000] {dag.py:3490} INFO - Setting next_dagrun for example_subdag_operator.section-2 to None, run_after=None
[2023-06-13T02:37:15.936+0000] {logging_mixin.py:149} INFO - [2023-06-13T02:37:15.935+0000] {dag.py:2726} INFO - Sync 2 DAGs
[2023-06-13T02:37:15.959+0000] {logging_mixin.py:149} INFO - [2023-06-13T02:37:15.958+0000] {dag.py:3490} INFO - Setting next_dagrun for example_subdag_operator.section-1 to None, run_after=None
[2023-06-13T02:37:15.962+0000] {logging_mixin.py:149} INFO - [2023-06-13T02:37:15.961+0000] {dag.py:3490} INFO - Setting next_dagrun for example_subdag_operator.section-2 to None, run_after=None
[2023-06-13T02:37:16.008+0000] {processor.py:179} INFO - Processing /home/airflow/.local/lib/python3.7/site-packages/airflow/example_dags/example_subdag_operator.py took 0.311 seconds
[2023-06-13T02:37:46.267+0000] {processor.py:157} INFO - Started process (PID=633) to work on /home/airflow/.local/lib/python3.7/site-packages/airflow/example_dags/example_subdag_operator.py
[2023-06-13T02:37:46.271+0000] {processor.py:826} INFO - Processing file /home/airflow/.local/lib/python3.7/site-packages/airflow/example_dags/example_subdag_operator.py for tasks to queue
[2023-06-13T02:37:46.276+0000] {logging_mixin.py:149} INFO - [2023-06-13T02:37:46.275+0000] {dagbag.py:541} INFO - Filling up the DagBag from /home/airflow/.local/lib/python3.7/site-packages/airflow/example_dags/example_subdag_operator.py
[2023-06-13T02:37:46.418+0000] {processor.py:836} INFO - DAG(s) dict_keys(['example_subdag_operator.section-1', 'example_subdag_operator.section-2', 'example_subdag_operator']) retrieved from /home/airflow/.local/lib/python3.7/site-packages/airflow/example_dags/example_subdag_operator.py
[2023-06-13T02:37:46.507+0000] {logging_mixin.py:149} INFO - [2023-06-13T02:37:46.506+0000] {dag.py:2726} INFO - Sync 3 DAGs
[2023-06-13T02:37:46.714+0000] {logging_mixin.py:149} INFO - [2023-06-13T02:37:46.712+0000] {dag.py:3490} INFO - Setting next_dagrun for example_subdag_operator to 2022-01-01T00:00:00+00:00, run_after=2022-01-01T00:00:00+00:00
[2023-06-13T02:37:46.738+0000] {logging_mixin.py:149} INFO - [2023-06-13T02:37:46.737+0000] {dag.py:3490} INFO - Setting next_dagrun for example_subdag_operator.section-1 to None, run_after=None
[2023-06-13T02:37:46.749+0000] {logging_mixin.py:149} INFO - [2023-06-13T02:37:46.748+0000] {dag.py:3490} INFO - Setting next_dagrun for example_subdag_operator.section-2 to None, run_after=None
[2023-06-13T02:37:46.792+0000] {logging_mixin.py:149} INFO - [2023-06-13T02:37:46.792+0000] {dag.py:2726} INFO - Sync 2 DAGs
[2023-06-13T02:37:46.828+0000] {logging_mixin.py:149} INFO - [2023-06-13T02:37:46.828+0000] {dag.py:3490} INFO - Setting next_dagrun for example_subdag_operator.section-1 to None, run_after=None
[2023-06-13T02:37:46.831+0000] {logging_mixin.py:149} INFO - [2023-06-13T02:37:46.830+0000] {dag.py:3490} INFO - Setting next_dagrun for example_subdag_operator.section-2 to None, run_after=None
[2023-06-13T02:37:46.913+0000] {processor.py:179} INFO - Processing /home/airflow/.local/lib/python3.7/site-packages/airflow/example_dags/example_subdag_operator.py took 0.654 seconds
[2023-06-13T02:38:17.528+0000] {processor.py:157} INFO - Started process (PID=694) to work on /home/airflow/.local/lib/python3.7/site-packages/airflow/example_dags/example_subdag_operator.py
[2023-06-13T02:38:17.531+0000] {processor.py:826} INFO - Processing file /home/airflow/.local/lib/python3.7/site-packages/airflow/example_dags/example_subdag_operator.py for tasks to queue
[2023-06-13T02:38:17.535+0000] {logging_mixin.py:149} INFO - [2023-06-13T02:38:17.534+0000] {dagbag.py:541} INFO - Filling up the DagBag from /home/airflow/.local/lib/python3.7/site-packages/airflow/example_dags/example_subdag_operator.py
[2023-06-13T02:38:17.640+0000] {processor.py:836} INFO - DAG(s) dict_keys(['example_subdag_operator.section-1', 'example_subdag_operator.section-2', 'example_subdag_operator']) retrieved from /home/airflow/.local/lib/python3.7/site-packages/airflow/example_dags/example_subdag_operator.py
[2023-06-13T02:38:17.692+0000] {logging_mixin.py:149} INFO - [2023-06-13T02:38:17.692+0000] {dag.py:2726} INFO - Sync 3 DAGs
[2023-06-13T02:38:17.760+0000] {logging_mixin.py:149} INFO - [2023-06-13T02:38:17.760+0000] {dag.py:3490} INFO - Setting next_dagrun for example_subdag_operator to 2022-01-01T00:00:00+00:00, run_after=2022-01-01T00:00:00+00:00
[2023-06-13T02:38:17.771+0000] {logging_mixin.py:149} INFO - [2023-06-13T02:38:17.771+0000] {dag.py:3490} INFO - Setting next_dagrun for example_subdag_operator.section-1 to None, run_after=None
[2023-06-13T02:38:17.776+0000] {logging_mixin.py:149} INFO - [2023-06-13T02:38:17.775+0000] {dag.py:3490} INFO - Setting next_dagrun for example_subdag_operator.section-2 to None, run_after=None
[2023-06-13T02:38:17.797+0000] {logging_mixin.py:149} INFO - [2023-06-13T02:38:17.797+0000] {dag.py:2726} INFO - Sync 2 DAGs
[2023-06-13T02:38:17.815+0000] {logging_mixin.py:149} INFO - [2023-06-13T02:38:17.815+0000] {dag.py:3490} INFO - Setting next_dagrun for example_subdag_operator.section-1 to None, run_after=None
[2023-06-13T02:38:17.817+0000] {logging_mixin.py:149} INFO - [2023-06-13T02:38:17.817+0000] {dag.py:3490} INFO - Setting next_dagrun for example_subdag_operator.section-2 to None, run_after=None
[2023-06-13T02:38:17.862+0000] {processor.py:179} INFO - Processing /home/airflow/.local/lib/python3.7/site-packages/airflow/example_dags/example_subdag_operator.py took 0.346 seconds
[2023-06-13T02:38:48.569+0000] {processor.py:157} INFO - Started process (PID=754) to work on /home/airflow/.local/lib/python3.7/site-packages/airflow/example_dags/example_subdag_operator.py
[2023-06-13T02:38:48.572+0000] {processor.py:826} INFO - Processing file /home/airflow/.local/lib/python3.7/site-packages/airflow/example_dags/example_subdag_operator.py for tasks to queue
[2023-06-13T02:38:48.575+0000] {logging_mixin.py:149} INFO - [2023-06-13T02:38:48.575+0000] {dagbag.py:541} INFO - Filling up the DagBag from /home/airflow/.local/lib/python3.7/site-packages/airflow/example_dags/example_subdag_operator.py
[2023-06-13T02:38:48.649+0000] {processor.py:836} INFO - DAG(s) dict_keys(['example_subdag_operator.section-1', 'example_subdag_operator.section-2', 'example_subdag_operator']) retrieved from /home/airflow/.local/lib/python3.7/site-packages/airflow/example_dags/example_subdag_operator.py
[2023-06-13T02:38:48.737+0000] {logging_mixin.py:149} INFO - [2023-06-13T02:38:48.736+0000] {dag.py:2726} INFO - Sync 3 DAGs
[2023-06-13T02:38:48.836+0000] {logging_mixin.py:149} INFO - [2023-06-13T02:38:48.835+0000] {dag.py:3490} INFO - Setting next_dagrun for example_subdag_operator to 2022-01-01T00:00:00+00:00, run_after=2022-01-01T00:00:00+00:00
[2023-06-13T02:38:48.871+0000] {logging_mixin.py:149} INFO - [2023-06-13T02:38:48.870+0000] {dag.py:3490} INFO - Setting next_dagrun for example_subdag_operator.section-1 to None, run_after=None
[2023-06-13T02:38:48.879+0000] {logging_mixin.py:149} INFO - [2023-06-13T02:38:48.878+0000] {dag.py:3490} INFO - Setting next_dagrun for example_subdag_operator.section-2 to None, run_after=None
[2023-06-13T02:38:48.918+0000] {logging_mixin.py:149} INFO - [2023-06-13T02:38:48.917+0000] {dag.py:2726} INFO - Sync 2 DAGs
[2023-06-13T02:38:48.966+0000] {logging_mixin.py:149} INFO - [2023-06-13T02:38:48.965+0000] {dag.py:3490} INFO - Setting next_dagrun for example_subdag_operator.section-1 to None, run_after=None
[2023-06-13T02:38:48.969+0000] {logging_mixin.py:149} INFO - [2023-06-13T02:38:48.969+0000] {dag.py:3490} INFO - Setting next_dagrun for example_subdag_operator.section-2 to None, run_after=None
[2023-06-13T02:38:49.039+0000] {processor.py:179} INFO - Processing /home/airflow/.local/lib/python3.7/site-packages/airflow/example_dags/example_subdag_operator.py took 0.478 seconds
[2023-06-13T02:39:19.400+0000] {processor.py:157} INFO - Started process (PID=814) to work on /home/airflow/.local/lib/python3.7/site-packages/airflow/example_dags/example_subdag_operator.py
[2023-06-13T02:39:19.403+0000] {processor.py:826} INFO - Processing file /home/airflow/.local/lib/python3.7/site-packages/airflow/example_dags/example_subdag_operator.py for tasks to queue
[2023-06-13T02:39:19.407+0000] {logging_mixin.py:149} INFO - [2023-06-13T02:39:19.406+0000] {dagbag.py:541} INFO - Filling up the DagBag from /home/airflow/.local/lib/python3.7/site-packages/airflow/example_dags/example_subdag_operator.py
[2023-06-13T02:39:19.506+0000] {processor.py:836} INFO - DAG(s) dict_keys(['example_subdag_operator.section-1', 'example_subdag_operator.section-2', 'example_subdag_operator']) retrieved from /home/airflow/.local/lib/python3.7/site-packages/airflow/example_dags/example_subdag_operator.py
[2023-06-13T02:39:19.585+0000] {logging_mixin.py:149} INFO - [2023-06-13T02:39:19.584+0000] {dag.py:2726} INFO - Sync 3 DAGs
[2023-06-13T02:39:19.795+0000] {logging_mixin.py:149} INFO - [2023-06-13T02:39:19.794+0000] {dag.py:3490} INFO - Setting next_dagrun for example_subdag_operator to 2022-01-01T00:00:00+00:00, run_after=2022-01-01T00:00:00+00:00
[2023-06-13T02:39:19.807+0000] {logging_mixin.py:149} INFO - [2023-06-13T02:39:19.806+0000] {dag.py:3490} INFO - Setting next_dagrun for example_subdag_operator.section-1 to None, run_after=None
[2023-06-13T02:39:19.814+0000] {logging_mixin.py:149} INFO - [2023-06-13T02:39:19.813+0000] {dag.py:3490} INFO - Setting next_dagrun for example_subdag_operator.section-2 to None, run_after=None
[2023-06-13T02:39:19.847+0000] {logging_mixin.py:149} INFO - [2023-06-13T02:39:19.846+0000] {dag.py:2726} INFO - Sync 2 DAGs
[2023-06-13T02:39:19.881+0000] {logging_mixin.py:149} INFO - [2023-06-13T02:39:19.881+0000] {dag.py:3490} INFO - Setting next_dagrun for example_subdag_operator.section-1 to None, run_after=None
[2023-06-13T02:39:19.884+0000] {logging_mixin.py:149} INFO - [2023-06-13T02:39:19.883+0000] {dag.py:3490} INFO - Setting next_dagrun for example_subdag_operator.section-2 to None, run_after=None
[2023-06-13T02:39:19.964+0000] {processor.py:179} INFO - Processing /home/airflow/.local/lib/python3.7/site-packages/airflow/example_dags/example_subdag_operator.py took 0.571 seconds
[2023-06-13T02:39:50.285+0000] {processor.py:157} INFO - Started process (PID=874) to work on /home/airflow/.local/lib/python3.7/site-packages/airflow/example_dags/example_subdag_operator.py
[2023-06-13T02:39:50.290+0000] {processor.py:826} INFO - Processing file /home/airflow/.local/lib/python3.7/site-packages/airflow/example_dags/example_subdag_operator.py for tasks to queue
[2023-06-13T02:39:50.296+0000] {logging_mixin.py:149} INFO - [2023-06-13T02:39:50.294+0000] {dagbag.py:541} INFO - Filling up the DagBag from /home/airflow/.local/lib/python3.7/site-packages/airflow/example_dags/example_subdag_operator.py
[2023-06-13T02:39:50.422+0000] {processor.py:836} INFO - DAG(s) dict_keys(['example_subdag_operator.section-1', 'example_subdag_operator.section-2', 'example_subdag_operator']) retrieved from /home/airflow/.local/lib/python3.7/site-packages/airflow/example_dags/example_subdag_operator.py
[2023-06-13T02:39:50.517+0000] {logging_mixin.py:149} INFO - [2023-06-13T02:39:50.516+0000] {dag.py:2726} INFO - Sync 3 DAGs
[2023-06-13T02:39:50.634+0000] {logging_mixin.py:149} INFO - [2023-06-13T02:39:50.633+0000] {dag.py:3490} INFO - Setting next_dagrun for example_subdag_operator to 2022-01-01T00:00:00+00:00, run_after=2022-01-01T00:00:00+00:00
[2023-06-13T02:39:50.655+0000] {logging_mixin.py:149} INFO - [2023-06-13T02:39:50.655+0000] {dag.py:3490} INFO - Setting next_dagrun for example_subdag_operator.section-1 to None, run_after=None
[2023-06-13T02:39:50.666+0000] {logging_mixin.py:149} INFO - [2023-06-13T02:39:50.665+0000] {dag.py:3490} INFO - Setting next_dagrun for example_subdag_operator.section-2 to None, run_after=None
[2023-06-13T02:39:50.726+0000] {logging_mixin.py:149} INFO - [2023-06-13T02:39:50.725+0000] {dag.py:2726} INFO - Sync 2 DAGs
[2023-06-13T02:39:50.790+0000] {logging_mixin.py:149} INFO - [2023-06-13T02:39:50.789+0000] {dag.py:3490} INFO - Setting next_dagrun for example_subdag_operator.section-1 to None, run_after=None
[2023-06-13T02:39:50.800+0000] {logging_mixin.py:149} INFO - [2023-06-13T02:39:50.799+0000] {dag.py:3490} INFO - Setting next_dagrun for example_subdag_operator.section-2 to None, run_after=None
[2023-06-13T02:39:50.905+0000] {processor.py:179} INFO - Processing /home/airflow/.local/lib/python3.7/site-packages/airflow/example_dags/example_subdag_operator.py took 0.633 seconds
[2023-06-13T02:40:21.145+0000] {processor.py:157} INFO - Started process (PID=934) to work on /home/airflow/.local/lib/python3.7/site-packages/airflow/example_dags/example_subdag_operator.py
[2023-06-13T02:40:21.148+0000] {processor.py:826} INFO - Processing file /home/airflow/.local/lib/python3.7/site-packages/airflow/example_dags/example_subdag_operator.py for tasks to queue
[2023-06-13T02:40:21.151+0000] {logging_mixin.py:149} INFO - [2023-06-13T02:40:21.151+0000] {dagbag.py:541} INFO - Filling up the DagBag from /home/airflow/.local/lib/python3.7/site-packages/airflow/example_dags/example_subdag_operator.py
[2023-06-13T02:40:21.234+0000] {processor.py:836} INFO - DAG(s) dict_keys(['example_subdag_operator.section-1', 'example_subdag_operator.section-2', 'example_subdag_operator']) retrieved from /home/airflow/.local/lib/python3.7/site-packages/airflow/example_dags/example_subdag_operator.py
[2023-06-13T02:40:21.310+0000] {logging_mixin.py:149} INFO - [2023-06-13T02:40:21.309+0000] {dag.py:2726} INFO - Sync 3 DAGs
[2023-06-13T02:40:21.399+0000] {logging_mixin.py:149} INFO - [2023-06-13T02:40:21.398+0000] {dag.py:3490} INFO - Setting next_dagrun for example_subdag_operator to 2022-01-01T00:00:00+00:00, run_after=2022-01-01T00:00:00+00:00
[2023-06-13T02:40:21.416+0000] {logging_mixin.py:149} INFO - [2023-06-13T02:40:21.414+0000] {dag.py:3490} INFO - Setting next_dagrun for example_subdag_operator.section-1 to None, run_after=None
[2023-06-13T02:40:21.427+0000] {logging_mixin.py:149} INFO - [2023-06-13T02:40:21.427+0000] {dag.py:3490} INFO - Setting next_dagrun for example_subdag_operator.section-2 to None, run_after=None
[2023-06-13T02:40:21.466+0000] {logging_mixin.py:149} INFO - [2023-06-13T02:40:21.465+0000] {dag.py:2726} INFO - Sync 2 DAGs
[2023-06-13T02:40:21.492+0000] {logging_mixin.py:149} INFO - [2023-06-13T02:40:21.491+0000] {dag.py:3490} INFO - Setting next_dagrun for example_subdag_operator.section-1 to None, run_after=None
[2023-06-13T02:40:21.494+0000] {logging_mixin.py:149} INFO - [2023-06-13T02:40:21.494+0000] {dag.py:3490} INFO - Setting next_dagrun for example_subdag_operator.section-2 to None, run_after=None
[2023-06-13T02:40:21.548+0000] {processor.py:179} INFO - Processing /home/airflow/.local/lib/python3.7/site-packages/airflow/example_dags/example_subdag_operator.py took 0.411 seconds
[2023-06-13T02:40:51.889+0000] {processor.py:157} INFO - Started process (PID=994) to work on /home/airflow/.local/lib/python3.7/site-packages/airflow/example_dags/example_subdag_operator.py
[2023-06-13T02:40:51.893+0000] {processor.py:826} INFO - Processing file /home/airflow/.local/lib/python3.7/site-packages/airflow/example_dags/example_subdag_operator.py for tasks to queue
[2023-06-13T02:40:51.897+0000] {logging_mixin.py:149} INFO - [2023-06-13T02:40:51.896+0000] {dagbag.py:541} INFO - Filling up the DagBag from /home/airflow/.local/lib/python3.7/site-packages/airflow/example_dags/example_subdag_operator.py
[2023-06-13T02:40:51.984+0000] {processor.py:836} INFO - DAG(s) dict_keys(['example_subdag_operator.section-1', 'example_subdag_operator.section-2', 'example_subdag_operator']) retrieved from /home/airflow/.local/lib/python3.7/site-packages/airflow/example_dags/example_subdag_operator.py
[2023-06-13T02:40:52.059+0000] {logging_mixin.py:149} INFO - [2023-06-13T02:40:52.058+0000] {dag.py:2726} INFO - Sync 3 DAGs
[2023-06-13T02:40:52.234+0000] {logging_mixin.py:149} INFO - [2023-06-13T02:40:52.233+0000] {dag.py:3490} INFO - Setting next_dagrun for example_subdag_operator to 2022-01-01T00:00:00+00:00, run_after=2022-01-01T00:00:00+00:00
[2023-06-13T02:40:52.250+0000] {logging_mixin.py:149} INFO - [2023-06-13T02:40:52.249+0000] {dag.py:3490} INFO - Setting next_dagrun for example_subdag_operator.section-1 to None, run_after=None
[2023-06-13T02:40:52.256+0000] {logging_mixin.py:149} INFO - [2023-06-13T02:40:52.256+0000] {dag.py:3490} INFO - Setting next_dagrun for example_subdag_operator.section-2 to None, run_after=None
[2023-06-13T02:40:52.287+0000] {logging_mixin.py:149} INFO - [2023-06-13T02:40:52.286+0000] {dag.py:2726} INFO - Sync 2 DAGs
[2023-06-13T02:40:52.324+0000] {logging_mixin.py:149} INFO - [2023-06-13T02:40:52.323+0000] {dag.py:3490} INFO - Setting next_dagrun for example_subdag_operator.section-1 to None, run_after=None
[2023-06-13T02:40:52.328+0000] {logging_mixin.py:149} INFO - [2023-06-13T02:40:52.327+0000] {dag.py:3490} INFO - Setting next_dagrun for example_subdag_operator.section-2 to None, run_after=None
[2023-06-13T02:40:52.408+0000] {processor.py:179} INFO - Processing /home/airflow/.local/lib/python3.7/site-packages/airflow/example_dags/example_subdag_operator.py took 0.525 seconds
[2023-06-13T02:41:22.787+0000] {processor.py:157} INFO - Started process (PID=1061) to work on /home/airflow/.local/lib/python3.7/site-packages/airflow/example_dags/example_subdag_operator.py
[2023-06-13T02:41:22.792+0000] {processor.py:826} INFO - Processing file /home/airflow/.local/lib/python3.7/site-packages/airflow/example_dags/example_subdag_operator.py for tasks to queue
[2023-06-13T02:41:22.797+0000] {logging_mixin.py:149} INFO - [2023-06-13T02:41:22.796+0000] {dagbag.py:541} INFO - Filling up the DagBag from /home/airflow/.local/lib/python3.7/site-packages/airflow/example_dags/example_subdag_operator.py
[2023-06-13T02:41:23.001+0000] {processor.py:836} INFO - DAG(s) dict_keys(['example_subdag_operator.section-1', 'example_subdag_operator.section-2', 'example_subdag_operator']) retrieved from /home/airflow/.local/lib/python3.7/site-packages/airflow/example_dags/example_subdag_operator.py
[2023-06-13T02:41:23.109+0000] {logging_mixin.py:149} INFO - [2023-06-13T02:41:23.108+0000] {dag.py:2726} INFO - Sync 3 DAGs
[2023-06-13T02:41:23.306+0000] {logging_mixin.py:149} INFO - [2023-06-13T02:41:23.305+0000] {dag.py:3490} INFO - Setting next_dagrun for example_subdag_operator to 2022-01-01T00:00:00+00:00, run_after=2022-01-01T00:00:00+00:00
[2023-06-13T02:41:23.333+0000] {logging_mixin.py:149} INFO - [2023-06-13T02:41:23.333+0000] {dag.py:3490} INFO - Setting next_dagrun for example_subdag_operator.section-1 to None, run_after=None
[2023-06-13T02:41:23.343+0000] {logging_mixin.py:149} INFO - [2023-06-13T02:41:23.342+0000] {dag.py:3490} INFO - Setting next_dagrun for example_subdag_operator.section-2 to None, run_after=None
[2023-06-13T02:41:23.402+0000] {logging_mixin.py:149} INFO - [2023-06-13T02:41:23.401+0000] {dag.py:2726} INFO - Sync 2 DAGs
[2023-06-13T02:41:23.447+0000] {logging_mixin.py:149} INFO - [2023-06-13T02:41:23.446+0000] {dag.py:3490} INFO - Setting next_dagrun for example_subdag_operator.section-1 to None, run_after=None
[2023-06-13T02:41:23.453+0000] {logging_mixin.py:149} INFO - [2023-06-13T02:41:23.452+0000] {dag.py:3490} INFO - Setting next_dagrun for example_subdag_operator.section-2 to None, run_after=None
[2023-06-13T02:41:23.519+0000] {processor.py:179} INFO - Processing /home/airflow/.local/lib/python3.7/site-packages/airflow/example_dags/example_subdag_operator.py took 0.744 seconds
[2023-06-13T02:41:53.995+0000] {processor.py:157} INFO - Started process (PID=1122) to work on /home/airflow/.local/lib/python3.7/site-packages/airflow/example_dags/example_subdag_operator.py
[2023-06-13T02:41:53.999+0000] {processor.py:826} INFO - Processing file /home/airflow/.local/lib/python3.7/site-packages/airflow/example_dags/example_subdag_operator.py for tasks to queue
[2023-06-13T02:41:54.003+0000] {logging_mixin.py:149} INFO - [2023-06-13T02:41:54.002+0000] {dagbag.py:541} INFO - Filling up the DagBag from /home/airflow/.local/lib/python3.7/site-packages/airflow/example_dags/example_subdag_operator.py
[2023-06-13T02:41:54.124+0000] {processor.py:836} INFO - DAG(s) dict_keys(['example_subdag_operator.section-1', 'example_subdag_operator.section-2', 'example_subdag_operator']) retrieved from /home/airflow/.local/lib/python3.7/site-packages/airflow/example_dags/example_subdag_operator.py
[2023-06-13T02:41:54.230+0000] {logging_mixin.py:149} INFO - [2023-06-13T02:41:54.230+0000] {dag.py:2726} INFO - Sync 3 DAGs
[2023-06-13T02:41:54.303+0000] {logging_mixin.py:149} INFO - [2023-06-13T02:41:54.303+0000] {dag.py:3490} INFO - Setting next_dagrun for example_subdag_operator to 2022-01-01T00:00:00+00:00, run_after=2022-01-01T00:00:00+00:00
[2023-06-13T02:41:54.315+0000] {logging_mixin.py:149} INFO - [2023-06-13T02:41:54.314+0000] {dag.py:3490} INFO - Setting next_dagrun for example_subdag_operator.section-1 to None, run_after=None
[2023-06-13T02:41:54.321+0000] {logging_mixin.py:149} INFO - [2023-06-13T02:41:54.320+0000] {dag.py:3490} INFO - Setting next_dagrun for example_subdag_operator.section-2 to None, run_after=None
[2023-06-13T02:41:54.344+0000] {logging_mixin.py:149} INFO - [2023-06-13T02:41:54.344+0000] {dag.py:2726} INFO - Sync 2 DAGs
[2023-06-13T02:41:54.364+0000] {logging_mixin.py:149} INFO - [2023-06-13T02:41:54.363+0000] {dag.py:3490} INFO - Setting next_dagrun for example_subdag_operator.section-1 to None, run_after=None
[2023-06-13T02:41:54.366+0000] {logging_mixin.py:149} INFO - [2023-06-13T02:41:54.366+0000] {dag.py:3490} INFO - Setting next_dagrun for example_subdag_operator.section-2 to None, run_after=None
[2023-06-13T02:41:54.407+0000] {processor.py:179} INFO - Processing /home/airflow/.local/lib/python3.7/site-packages/airflow/example_dags/example_subdag_operator.py took 0.435 seconds
[2023-06-13T02:42:24.955+0000] {processor.py:157} INFO - Started process (PID=1182) to work on /home/airflow/.local/lib/python3.7/site-packages/airflow/example_dags/example_subdag_operator.py
[2023-06-13T02:42:24.959+0000] {processor.py:826} INFO - Processing file /home/airflow/.local/lib/python3.7/site-packages/airflow/example_dags/example_subdag_operator.py for tasks to queue
[2023-06-13T02:42:24.963+0000] {logging_mixin.py:149} INFO - [2023-06-13T02:42:24.962+0000] {dagbag.py:541} INFO - Filling up the DagBag from /home/airflow/.local/lib/python3.7/site-packages/airflow/example_dags/example_subdag_operator.py
[2023-06-13T02:42:25.045+0000] {processor.py:836} INFO - DAG(s) dict_keys(['example_subdag_operator.section-1', 'example_subdag_operator.section-2', 'example_subdag_operator']) retrieved from /home/airflow/.local/lib/python3.7/site-packages/airflow/example_dags/example_subdag_operator.py
[2023-06-13T02:42:25.181+0000] {logging_mixin.py:149} INFO - [2023-06-13T02:42:25.180+0000] {dag.py:2726} INFO - Sync 3 DAGs
[2023-06-13T02:42:25.327+0000] {logging_mixin.py:149} INFO - [2023-06-13T02:42:25.326+0000] {dag.py:3490} INFO - Setting next_dagrun for example_subdag_operator to 2022-01-01T00:00:00+00:00, run_after=2022-01-01T00:00:00+00:00
[2023-06-13T02:42:25.344+0000] {logging_mixin.py:149} INFO - [2023-06-13T02:42:25.343+0000] {dag.py:3490} INFO - Setting next_dagrun for example_subdag_operator.section-1 to None, run_after=None
[2023-06-13T02:42:25.353+0000] {logging_mixin.py:149} INFO - [2023-06-13T02:42:25.352+0000] {dag.py:3490} INFO - Setting next_dagrun for example_subdag_operator.section-2 to None, run_after=None
[2023-06-13T02:42:25.396+0000] {logging_mixin.py:149} INFO - [2023-06-13T02:42:25.395+0000] {dag.py:2726} INFO - Sync 2 DAGs
[2023-06-13T02:42:25.431+0000] {logging_mixin.py:149} INFO - [2023-06-13T02:42:25.430+0000] {dag.py:3490} INFO - Setting next_dagrun for example_subdag_operator.section-1 to None, run_after=None
[2023-06-13T02:42:25.434+0000] {logging_mixin.py:149} INFO - [2023-06-13T02:42:25.433+0000] {dag.py:3490} INFO - Setting next_dagrun for example_subdag_operator.section-2 to None, run_after=None
[2023-06-13T02:42:25.520+0000] {processor.py:179} INFO - Processing /home/airflow/.local/lib/python3.7/site-packages/airflow/example_dags/example_subdag_operator.py took 0.574 seconds
[2023-06-13T02:42:56.718+0000] {processor.py:157} INFO - Started process (PID=1242) to work on /home/airflow/.local/lib/python3.7/site-packages/airflow/example_dags/example_subdag_operator.py
[2023-06-13T02:42:56.721+0000] {processor.py:826} INFO - Processing file /home/airflow/.local/lib/python3.7/site-packages/airflow/example_dags/example_subdag_operator.py for tasks to queue
[2023-06-13T02:42:56.728+0000] {logging_mixin.py:149} INFO - [2023-06-13T02:42:56.727+0000] {dagbag.py:541} INFO - Filling up the DagBag from /home/airflow/.local/lib/python3.7/site-packages/airflow/example_dags/example_subdag_operator.py
[2023-06-13T02:42:56.857+0000] {processor.py:836} INFO - DAG(s) dict_keys(['example_subdag_operator.section-1', 'example_subdag_operator.section-2', 'example_subdag_operator']) retrieved from /home/airflow/.local/lib/python3.7/site-packages/airflow/example_dags/example_subdag_operator.py
[2023-06-13T02:42:56.949+0000] {logging_mixin.py:149} INFO - [2023-06-13T02:42:56.949+0000] {dag.py:2726} INFO - Sync 3 DAGs
[2023-06-13T02:42:57.076+0000] {logging_mixin.py:149} INFO - [2023-06-13T02:42:57.075+0000] {dag.py:3490} INFO - Setting next_dagrun for example_subdag_operator to 2022-01-01T00:00:00+00:00, run_after=2022-01-01T00:00:00+00:00
[2023-06-13T02:42:57.089+0000] {logging_mixin.py:149} INFO - [2023-06-13T02:42:57.088+0000] {dag.py:3490} INFO - Setting next_dagrun for example_subdag_operator.section-1 to None, run_after=None
[2023-06-13T02:42:57.099+0000] {logging_mixin.py:149} INFO - [2023-06-13T02:42:57.098+0000] {dag.py:3490} INFO - Setting next_dagrun for example_subdag_operator.section-2 to None, run_after=None
[2023-06-13T02:42:57.132+0000] {logging_mixin.py:149} INFO - [2023-06-13T02:42:57.131+0000] {dag.py:2726} INFO - Sync 2 DAGs
[2023-06-13T02:42:57.158+0000] {logging_mixin.py:149} INFO - [2023-06-13T02:42:57.157+0000] {dag.py:3490} INFO - Setting next_dagrun for example_subdag_operator.section-1 to None, run_after=None
[2023-06-13T02:42:57.162+0000] {logging_mixin.py:149} INFO - [2023-06-13T02:42:57.161+0000] {dag.py:3490} INFO - Setting next_dagrun for example_subdag_operator.section-2 to None, run_after=None
[2023-06-13T02:42:57.223+0000] {processor.py:179} INFO - Processing /home/airflow/.local/lib/python3.7/site-packages/airflow/example_dags/example_subdag_operator.py took 0.516 seconds
[2023-06-13T02:43:27.592+0000] {processor.py:157} INFO - Started process (PID=1302) to work on /home/airflow/.local/lib/python3.7/site-packages/airflow/example_dags/example_subdag_operator.py
[2023-06-13T02:43:27.595+0000] {processor.py:826} INFO - Processing file /home/airflow/.local/lib/python3.7/site-packages/airflow/example_dags/example_subdag_operator.py for tasks to queue
[2023-06-13T02:43:27.597+0000] {logging_mixin.py:149} INFO - [2023-06-13T02:43:27.597+0000] {dagbag.py:541} INFO - Filling up the DagBag from /home/airflow/.local/lib/python3.7/site-packages/airflow/example_dags/example_subdag_operator.py
[2023-06-13T02:43:27.660+0000] {processor.py:836} INFO - DAG(s) dict_keys(['example_subdag_operator.section-1', 'example_subdag_operator.section-2', 'example_subdag_operator']) retrieved from /home/airflow/.local/lib/python3.7/site-packages/airflow/example_dags/example_subdag_operator.py
[2023-06-13T02:43:27.719+0000] {logging_mixin.py:149} INFO - [2023-06-13T02:43:27.718+0000] {dag.py:2726} INFO - Sync 3 DAGs
[2023-06-13T02:43:27.806+0000] {logging_mixin.py:149} INFO - [2023-06-13T02:43:27.805+0000] {dag.py:3490} INFO - Setting next_dagrun for example_subdag_operator to 2022-01-01T00:00:00+00:00, run_after=2022-01-01T00:00:00+00:00
[2023-06-13T02:43:27.819+0000] {logging_mixin.py:149} INFO - [2023-06-13T02:43:27.818+0000] {dag.py:3490} INFO - Setting next_dagrun for example_subdag_operator.section-1 to None, run_after=None
[2023-06-13T02:43:27.825+0000] {logging_mixin.py:149} INFO - [2023-06-13T02:43:27.824+0000] {dag.py:3490} INFO - Setting next_dagrun for example_subdag_operator.section-2 to None, run_after=None
[2023-06-13T02:43:27.853+0000] {logging_mixin.py:149} INFO - [2023-06-13T02:43:27.852+0000] {dag.py:2726} INFO - Sync 2 DAGs
[2023-06-13T02:43:27.881+0000] {logging_mixin.py:149} INFO - [2023-06-13T02:43:27.881+0000] {dag.py:3490} INFO - Setting next_dagrun for example_subdag_operator.section-1 to None, run_after=None
[2023-06-13T02:43:27.883+0000] {logging_mixin.py:149} INFO - [2023-06-13T02:43:27.883+0000] {dag.py:3490} INFO - Setting next_dagrun for example_subdag_operator.section-2 to None, run_after=None
[2023-06-13T02:43:27.927+0000] {processor.py:179} INFO - Processing /home/airflow/.local/lib/python3.7/site-packages/airflow/example_dags/example_subdag_operator.py took 0.343 seconds
[2023-06-13T02:43:58.888+0000] {processor.py:157} INFO - Started process (PID=1362) to work on /home/airflow/.local/lib/python3.7/site-packages/airflow/example_dags/example_subdag_operator.py
[2023-06-13T02:43:58.891+0000] {processor.py:826} INFO - Processing file /home/airflow/.local/lib/python3.7/site-packages/airflow/example_dags/example_subdag_operator.py for tasks to queue
[2023-06-13T02:43:58.894+0000] {logging_mixin.py:149} INFO - [2023-06-13T02:43:58.894+0000] {dagbag.py:541} INFO - Filling up the DagBag from /home/airflow/.local/lib/python3.7/site-packages/airflow/example_dags/example_subdag_operator.py
[2023-06-13T02:43:58.962+0000] {processor.py:836} INFO - DAG(s) dict_keys(['example_subdag_operator.section-1', 'example_subdag_operator.section-2', 'example_subdag_operator']) retrieved from /home/airflow/.local/lib/python3.7/site-packages/airflow/example_dags/example_subdag_operator.py
[2023-06-13T02:43:59.025+0000] {logging_mixin.py:149} INFO - [2023-06-13T02:43:59.025+0000] {dag.py:2726} INFO - Sync 3 DAGs
[2023-06-13T02:43:59.106+0000] {logging_mixin.py:149} INFO - [2023-06-13T02:43:59.105+0000] {dag.py:3490} INFO - Setting next_dagrun for example_subdag_operator to 2022-01-01T00:00:00+00:00, run_after=2022-01-01T00:00:00+00:00
[2023-06-13T02:43:59.120+0000] {logging_mixin.py:149} INFO - [2023-06-13T02:43:59.119+0000] {dag.py:3490} INFO - Setting next_dagrun for example_subdag_operator.section-1 to None, run_after=None
[2023-06-13T02:43:59.126+0000] {logging_mixin.py:149} INFO - [2023-06-13T02:43:59.126+0000] {dag.py:3490} INFO - Setting next_dagrun for example_subdag_operator.section-2 to None, run_after=None
[2023-06-13T02:43:59.156+0000] {logging_mixin.py:149} INFO - [2023-06-13T02:43:59.156+0000] {dag.py:2726} INFO - Sync 2 DAGs
[2023-06-13T02:43:59.179+0000] {logging_mixin.py:149} INFO - [2023-06-13T02:43:59.178+0000] {dag.py:3490} INFO - Setting next_dagrun for example_subdag_operator.section-1 to None, run_after=None
[2023-06-13T02:43:59.182+0000] {logging_mixin.py:149} INFO - [2023-06-13T02:43:59.182+0000] {dag.py:3490} INFO - Setting next_dagrun for example_subdag_operator.section-2 to None, run_after=None
[2023-06-13T02:43:59.241+0000] {processor.py:179} INFO - Processing /home/airflow/.local/lib/python3.7/site-packages/airflow/example_dags/example_subdag_operator.py took 0.363 seconds
[2023-06-13T02:44:29.567+0000] {processor.py:157} INFO - Started process (PID=1423) to work on /home/airflow/.local/lib/python3.7/site-packages/airflow/example_dags/example_subdag_operator.py
[2023-06-13T02:44:29.571+0000] {processor.py:826} INFO - Processing file /home/airflow/.local/lib/python3.7/site-packages/airflow/example_dags/example_subdag_operator.py for tasks to queue
[2023-06-13T02:44:29.574+0000] {logging_mixin.py:149} INFO - [2023-06-13T02:44:29.574+0000] {dagbag.py:541} INFO - Filling up the DagBag from /home/airflow/.local/lib/python3.7/site-packages/airflow/example_dags/example_subdag_operator.py
[2023-06-13T02:44:29.685+0000] {processor.py:836} INFO - DAG(s) dict_keys(['example_subdag_operator.section-1', 'example_subdag_operator.section-2', 'example_subdag_operator']) retrieved from /home/airflow/.local/lib/python3.7/site-packages/airflow/example_dags/example_subdag_operator.py
[2023-06-13T02:44:29.747+0000] {logging_mixin.py:149} INFO - [2023-06-13T02:44:29.747+0000] {dag.py:2726} INFO - Sync 3 DAGs
[2023-06-13T02:44:29.858+0000] {logging_mixin.py:149} INFO - [2023-06-13T02:44:29.858+0000] {dag.py:3490} INFO - Setting next_dagrun for example_subdag_operator to 2022-01-01T00:00:00+00:00, run_after=2022-01-01T00:00:00+00:00
[2023-06-13T02:44:29.870+0000] {logging_mixin.py:149} INFO - [2023-06-13T02:44:29.870+0000] {dag.py:3490} INFO - Setting next_dagrun for example_subdag_operator.section-1 to None, run_after=None
[2023-06-13T02:44:29.875+0000] {logging_mixin.py:149} INFO - [2023-06-13T02:44:29.875+0000] {dag.py:3490} INFO - Setting next_dagrun for example_subdag_operator.section-2 to None, run_after=None
[2023-06-13T02:44:29.897+0000] {logging_mixin.py:149} INFO - [2023-06-13T02:44:29.897+0000] {dag.py:2726} INFO - Sync 2 DAGs
[2023-06-13T02:44:29.922+0000] {logging_mixin.py:149} INFO - [2023-06-13T02:44:29.922+0000] {dag.py:3490} INFO - Setting next_dagrun for example_subdag_operator.section-1 to None, run_after=None
[2023-06-13T02:44:29.924+0000] {logging_mixin.py:149} INFO - [2023-06-13T02:44:29.924+0000] {dag.py:3490} INFO - Setting next_dagrun for example_subdag_operator.section-2 to None, run_after=None
[2023-06-13T02:44:29.972+0000] {processor.py:179} INFO - Processing /home/airflow/.local/lib/python3.7/site-packages/airflow/example_dags/example_subdag_operator.py took 0.412 seconds
