[2023-06-13T01:49:57.080+0000] {processor.py:157} INFO - Started process (PID=37) to work on /home/airflow/.local/lib/python3.7/site-packages/airflow/example_dags/example_branch_labels.py
[2023-06-13T01:49:57.082+0000] {processor.py:826} INFO - Processing file /home/airflow/.local/lib/python3.7/site-packages/airflow/example_dags/example_branch_labels.py for tasks to queue
[2023-06-13T01:49:57.084+0000] {logging_mixin.py:149} INFO - [2023-06-13T01:49:57.084+0000] {dagbag.py:541} INFO - Filling up the DagBag from /home/airflow/.local/lib/python3.7/site-packages/airflow/example_dags/example_branch_labels.py
[2023-06-13T01:49:57.104+0000] {processor.py:836} INFO - DAG(s) dict_keys(['example_branch_labels']) retrieved from /home/airflow/.local/lib/python3.7/site-packages/airflow/example_dags/example_branch_labels.py
[2023-06-13T01:49:57.136+0000] {logging_mixin.py:149} INFO - [2023-06-13T01:49:57.136+0000] {dag.py:2726} INFO - Sync 1 DAGs
[2023-06-13T01:49:57.197+0000] {logging_mixin.py:149} INFO - [2023-06-13T01:49:57.197+0000] {dag.py:3490} INFO - Setting next_dagrun for example_branch_labels to 2023-06-12T00:00:00+00:00, run_after=2023-06-13T00:00:00+00:00
[2023-06-13T01:49:57.239+0000] {processor.py:179} INFO - Processing /home/airflow/.local/lib/python3.7/site-packages/airflow/example_dags/example_branch_labels.py took 0.163 seconds
[2023-06-13T01:50:27.526+0000] {processor.py:157} INFO - Started process (PID=96) to work on /home/airflow/.local/lib/python3.7/site-packages/airflow/example_dags/example_branch_labels.py
[2023-06-13T01:50:27.528+0000] {processor.py:826} INFO - Processing file /home/airflow/.local/lib/python3.7/site-packages/airflow/example_dags/example_branch_labels.py for tasks to queue
[2023-06-13T01:50:27.529+0000] {logging_mixin.py:149} INFO - [2023-06-13T01:50:27.529+0000] {dagbag.py:541} INFO - Filling up the DagBag from /home/airflow/.local/lib/python3.7/site-packages/airflow/example_dags/example_branch_labels.py
[2023-06-13T01:50:27.542+0000] {processor.py:836} INFO - DAG(s) dict_keys(['example_branch_labels']) retrieved from /home/airflow/.local/lib/python3.7/site-packages/airflow/example_dags/example_branch_labels.py
[2023-06-13T01:50:27.581+0000] {logging_mixin.py:149} INFO - [2023-06-13T01:50:27.581+0000] {dag.py:2726} INFO - Sync 1 DAGs
[2023-06-13T01:50:27.627+0000] {logging_mixin.py:149} INFO - [2023-06-13T01:50:27.627+0000] {dag.py:3490} INFO - Setting next_dagrun for example_branch_labels to 2023-06-12T00:00:00+00:00, run_after=2023-06-13T00:00:00+00:00
[2023-06-13T01:50:27.659+0000] {processor.py:179} INFO - Processing /home/airflow/.local/lib/python3.7/site-packages/airflow/example_dags/example_branch_labels.py took 0.137 seconds
[2023-06-13T01:50:57.857+0000] {processor.py:157} INFO - Started process (PID=156) to work on /home/airflow/.local/lib/python3.7/site-packages/airflow/example_dags/example_branch_labels.py
[2023-06-13T01:50:57.859+0000] {processor.py:826} INFO - Processing file /home/airflow/.local/lib/python3.7/site-packages/airflow/example_dags/example_branch_labels.py for tasks to queue
[2023-06-13T01:50:57.861+0000] {logging_mixin.py:149} INFO - [2023-06-13T01:50:57.861+0000] {dagbag.py:541} INFO - Filling up the DagBag from /home/airflow/.local/lib/python3.7/site-packages/airflow/example_dags/example_branch_labels.py
[2023-06-13T01:50:57.876+0000] {processor.py:836} INFO - DAG(s) dict_keys(['example_branch_labels']) retrieved from /home/airflow/.local/lib/python3.7/site-packages/airflow/example_dags/example_branch_labels.py
[2023-06-13T01:50:57.920+0000] {logging_mixin.py:149} INFO - [2023-06-13T01:50:57.920+0000] {dag.py:2726} INFO - Sync 1 DAGs
[2023-06-13T01:50:57.968+0000] {logging_mixin.py:149} INFO - [2023-06-13T01:50:57.968+0000] {dag.py:3490} INFO - Setting next_dagrun for example_branch_labels to 2023-06-12T00:00:00+00:00, run_after=2023-06-13T00:00:00+00:00
[2023-06-13T01:50:58.005+0000] {processor.py:179} INFO - Processing /home/airflow/.local/lib/python3.7/site-packages/airflow/example_dags/example_branch_labels.py took 0.154 seconds
[2023-06-13T01:51:28.604+0000] {processor.py:157} INFO - Started process (PID=216) to work on /home/airflow/.local/lib/python3.7/site-packages/airflow/example_dags/example_branch_labels.py
[2023-06-13T01:51:28.606+0000] {processor.py:826} INFO - Processing file /home/airflow/.local/lib/python3.7/site-packages/airflow/example_dags/example_branch_labels.py for tasks to queue
[2023-06-13T01:51:28.609+0000] {logging_mixin.py:149} INFO - [2023-06-13T01:51:28.608+0000] {dagbag.py:541} INFO - Filling up the DagBag from /home/airflow/.local/lib/python3.7/site-packages/airflow/example_dags/example_branch_labels.py
[2023-06-13T01:51:28.632+0000] {processor.py:836} INFO - DAG(s) dict_keys(['example_branch_labels']) retrieved from /home/airflow/.local/lib/python3.7/site-packages/airflow/example_dags/example_branch_labels.py
[2023-06-13T01:51:28.707+0000] {logging_mixin.py:149} INFO - [2023-06-13T01:51:28.707+0000] {dag.py:2726} INFO - Sync 1 DAGs
[2023-06-13T01:51:28.788+0000] {logging_mixin.py:149} INFO - [2023-06-13T01:51:28.787+0000] {dag.py:3490} INFO - Setting next_dagrun for example_branch_labels to 2023-06-12T00:00:00+00:00, run_after=2023-06-13T00:00:00+00:00
[2023-06-13T01:51:28.823+0000] {processor.py:179} INFO - Processing /home/airflow/.local/lib/python3.7/site-packages/airflow/example_dags/example_branch_labels.py took 0.234 seconds
[2023-06-13T01:53:46.713+0000] {processor.py:157} INFO - Started process (PID=37) to work on /home/airflow/.local/lib/python3.7/site-packages/airflow/example_dags/example_branch_labels.py
[2023-06-13T01:53:46.725+0000] {processor.py:826} INFO - Processing file /home/airflow/.local/lib/python3.7/site-packages/airflow/example_dags/example_branch_labels.py for tasks to queue
[2023-06-13T01:53:46.728+0000] {logging_mixin.py:149} INFO - [2023-06-13T01:53:46.727+0000] {dagbag.py:541} INFO - Filling up the DagBag from /home/airflow/.local/lib/python3.7/site-packages/airflow/example_dags/example_branch_labels.py
[2023-06-13T01:53:46.802+0000] {processor.py:836} INFO - DAG(s) dict_keys(['example_branch_labels']) retrieved from /home/airflow/.local/lib/python3.7/site-packages/airflow/example_dags/example_branch_labels.py
[2023-06-13T01:53:46.902+0000] {logging_mixin.py:149} INFO - [2023-06-13T01:53:46.902+0000] {dag.py:2726} INFO - Sync 1 DAGs
[2023-06-13T01:53:47.010+0000] {logging_mixin.py:149} INFO - [2023-06-13T01:53:47.009+0000] {dag.py:3490} INFO - Setting next_dagrun for example_branch_labels to 2023-06-12T00:00:00+00:00, run_after=2023-06-13T00:00:00+00:00
[2023-06-13T01:53:47.069+0000] {processor.py:179} INFO - Processing /home/airflow/.local/lib/python3.7/site-packages/airflow/example_dags/example_branch_labels.py took 0.363 seconds
[2023-06-13T01:54:17.673+0000] {processor.py:157} INFO - Started process (PID=96) to work on /home/airflow/.local/lib/python3.7/site-packages/airflow/example_dags/example_branch_labels.py
[2023-06-13T01:54:17.675+0000] {processor.py:826} INFO - Processing file /home/airflow/.local/lib/python3.7/site-packages/airflow/example_dags/example_branch_labels.py for tasks to queue
[2023-06-13T01:54:17.677+0000] {logging_mixin.py:149} INFO - [2023-06-13T01:54:17.677+0000] {dagbag.py:541} INFO - Filling up the DagBag from /home/airflow/.local/lib/python3.7/site-packages/airflow/example_dags/example_branch_labels.py
[2023-06-13T01:54:17.691+0000] {processor.py:836} INFO - DAG(s) dict_keys(['example_branch_labels']) retrieved from /home/airflow/.local/lib/python3.7/site-packages/airflow/example_dags/example_branch_labels.py
[2023-06-13T01:54:17.737+0000] {logging_mixin.py:149} INFO - [2023-06-13T01:54:17.737+0000] {dag.py:2726} INFO - Sync 1 DAGs
[2023-06-13T01:54:17.817+0000] {logging_mixin.py:149} INFO - [2023-06-13T01:54:17.817+0000] {dag.py:3490} INFO - Setting next_dagrun for example_branch_labels to 2023-06-12T00:00:00+00:00, run_after=2023-06-13T00:00:00+00:00
[2023-06-13T01:54:17.863+0000] {processor.py:179} INFO - Processing /home/airflow/.local/lib/python3.7/site-packages/airflow/example_dags/example_branch_labels.py took 0.193 seconds
[2023-06-13T01:54:48.173+0000] {processor.py:157} INFO - Started process (PID=157) to work on /home/airflow/.local/lib/python3.7/site-packages/airflow/example_dags/example_branch_labels.py
[2023-06-13T01:54:48.175+0000] {processor.py:826} INFO - Processing file /home/airflow/.local/lib/python3.7/site-packages/airflow/example_dags/example_branch_labels.py for tasks to queue
[2023-06-13T01:54:48.176+0000] {logging_mixin.py:149} INFO - [2023-06-13T01:54:48.176+0000] {dagbag.py:541} INFO - Filling up the DagBag from /home/airflow/.local/lib/python3.7/site-packages/airflow/example_dags/example_branch_labels.py
[2023-06-13T01:54:48.189+0000] {processor.py:836} INFO - DAG(s) dict_keys(['example_branch_labels']) retrieved from /home/airflow/.local/lib/python3.7/site-packages/airflow/example_dags/example_branch_labels.py
[2023-06-13T01:54:48.230+0000] {logging_mixin.py:149} INFO - [2023-06-13T01:54:48.230+0000] {dag.py:2726} INFO - Sync 1 DAGs
[2023-06-13T01:54:48.279+0000] {logging_mixin.py:149} INFO - [2023-06-13T01:54:48.279+0000] {dag.py:3490} INFO - Setting next_dagrun for example_branch_labels to 2023-06-12T00:00:00+00:00, run_after=2023-06-13T00:00:00+00:00
[2023-06-13T01:54:48.323+0000] {processor.py:179} INFO - Processing /home/airflow/.local/lib/python3.7/site-packages/airflow/example_dags/example_branch_labels.py took 0.154 seconds
[2023-06-13T01:55:18.530+0000] {processor.py:157} INFO - Started process (PID=217) to work on /home/airflow/.local/lib/python3.7/site-packages/airflow/example_dags/example_branch_labels.py
[2023-06-13T01:55:18.532+0000] {processor.py:826} INFO - Processing file /home/airflow/.local/lib/python3.7/site-packages/airflow/example_dags/example_branch_labels.py for tasks to queue
[2023-06-13T01:55:18.533+0000] {logging_mixin.py:149} INFO - [2023-06-13T01:55:18.533+0000] {dagbag.py:541} INFO - Filling up the DagBag from /home/airflow/.local/lib/python3.7/site-packages/airflow/example_dags/example_branch_labels.py
[2023-06-13T01:55:18.545+0000] {processor.py:836} INFO - DAG(s) dict_keys(['example_branch_labels']) retrieved from /home/airflow/.local/lib/python3.7/site-packages/airflow/example_dags/example_branch_labels.py
[2023-06-13T01:55:18.583+0000] {logging_mixin.py:149} INFO - [2023-06-13T01:55:18.583+0000] {dag.py:2726} INFO - Sync 1 DAGs
[2023-06-13T01:55:18.634+0000] {logging_mixin.py:149} INFO - [2023-06-13T01:55:18.634+0000] {dag.py:3490} INFO - Setting next_dagrun for example_branch_labels to 2023-06-12T00:00:00+00:00, run_after=2023-06-13T00:00:00+00:00
[2023-06-13T01:55:18.671+0000] {processor.py:179} INFO - Processing /home/airflow/.local/lib/python3.7/site-packages/airflow/example_dags/example_branch_labels.py took 0.145 seconds
[2023-06-13T01:55:49.123+0000] {processor.py:157} INFO - Started process (PID=278) to work on /home/airflow/.local/lib/python3.7/site-packages/airflow/example_dags/example_branch_labels.py
[2023-06-13T01:55:49.126+0000] {processor.py:826} INFO - Processing file /home/airflow/.local/lib/python3.7/site-packages/airflow/example_dags/example_branch_labels.py for tasks to queue
[2023-06-13T01:55:49.127+0000] {logging_mixin.py:149} INFO - [2023-06-13T01:55:49.127+0000] {dagbag.py:541} INFO - Filling up the DagBag from /home/airflow/.local/lib/python3.7/site-packages/airflow/example_dags/example_branch_labels.py
[2023-06-13T01:55:49.140+0000] {processor.py:836} INFO - DAG(s) dict_keys(['example_branch_labels']) retrieved from /home/airflow/.local/lib/python3.7/site-packages/airflow/example_dags/example_branch_labels.py
[2023-06-13T01:55:49.201+0000] {logging_mixin.py:149} INFO - [2023-06-13T01:55:49.201+0000] {dag.py:2726} INFO - Sync 1 DAGs
[2023-06-13T01:55:49.286+0000] {logging_mixin.py:149} INFO - [2023-06-13T01:55:49.285+0000] {dag.py:3490} INFO - Setting next_dagrun for example_branch_labels to 2023-06-12T00:00:00+00:00, run_after=2023-06-13T00:00:00+00:00
[2023-06-13T01:55:49.351+0000] {processor.py:179} INFO - Processing /home/airflow/.local/lib/python3.7/site-packages/airflow/example_dags/example_branch_labels.py took 0.232 seconds
[2023-06-13T01:56:19.559+0000] {processor.py:157} INFO - Started process (PID=338) to work on /home/airflow/.local/lib/python3.7/site-packages/airflow/example_dags/example_branch_labels.py
[2023-06-13T01:56:19.560+0000] {processor.py:826} INFO - Processing file /home/airflow/.local/lib/python3.7/site-packages/airflow/example_dags/example_branch_labels.py for tasks to queue
[2023-06-13T01:56:19.562+0000] {logging_mixin.py:149} INFO - [2023-06-13T01:56:19.561+0000] {dagbag.py:541} INFO - Filling up the DagBag from /home/airflow/.local/lib/python3.7/site-packages/airflow/example_dags/example_branch_labels.py
[2023-06-13T01:56:19.571+0000] {processor.py:836} INFO - DAG(s) dict_keys(['example_branch_labels']) retrieved from /home/airflow/.local/lib/python3.7/site-packages/airflow/example_dags/example_branch_labels.py
[2023-06-13T01:56:19.608+0000] {logging_mixin.py:149} INFO - [2023-06-13T01:56:19.608+0000] {dag.py:2726} INFO - Sync 1 DAGs
[2023-06-13T01:56:19.647+0000] {logging_mixin.py:149} INFO - [2023-06-13T01:56:19.646+0000] {dag.py:3490} INFO - Setting next_dagrun for example_branch_labels to 2023-06-12T00:00:00+00:00, run_after=2023-06-13T00:00:00+00:00
[2023-06-13T01:56:19.683+0000] {processor.py:179} INFO - Processing /home/airflow/.local/lib/python3.7/site-packages/airflow/example_dags/example_branch_labels.py took 0.129 seconds
[2023-06-13T01:56:50.071+0000] {processor.py:157} INFO - Started process (PID=398) to work on /home/airflow/.local/lib/python3.7/site-packages/airflow/example_dags/example_branch_labels.py
[2023-06-13T01:56:50.072+0000] {processor.py:826} INFO - Processing file /home/airflow/.local/lib/python3.7/site-packages/airflow/example_dags/example_branch_labels.py for tasks to queue
[2023-06-13T01:56:50.074+0000] {logging_mixin.py:149} INFO - [2023-06-13T01:56:50.074+0000] {dagbag.py:541} INFO - Filling up the DagBag from /home/airflow/.local/lib/python3.7/site-packages/airflow/example_dags/example_branch_labels.py
[2023-06-13T01:56:50.083+0000] {processor.py:836} INFO - DAG(s) dict_keys(['example_branch_labels']) retrieved from /home/airflow/.local/lib/python3.7/site-packages/airflow/example_dags/example_branch_labels.py
[2023-06-13T01:56:50.117+0000] {logging_mixin.py:149} INFO - [2023-06-13T01:56:50.117+0000] {dag.py:2726} INFO - Sync 1 DAGs
[2023-06-13T01:56:50.159+0000] {logging_mixin.py:149} INFO - [2023-06-13T01:56:50.159+0000] {dag.py:3490} INFO - Setting next_dagrun for example_branch_labels to 2023-06-12T00:00:00+00:00, run_after=2023-06-13T00:00:00+00:00
[2023-06-13T01:56:50.190+0000] {processor.py:179} INFO - Processing /home/airflow/.local/lib/python3.7/site-packages/airflow/example_dags/example_branch_labels.py took 0.123 seconds
[2023-06-13T01:57:20.706+0000] {processor.py:157} INFO - Started process (PID=459) to work on /home/airflow/.local/lib/python3.7/site-packages/airflow/example_dags/example_branch_labels.py
[2023-06-13T01:57:20.708+0000] {processor.py:826} INFO - Processing file /home/airflow/.local/lib/python3.7/site-packages/airflow/example_dags/example_branch_labels.py for tasks to queue
[2023-06-13T01:57:20.709+0000] {logging_mixin.py:149} INFO - [2023-06-13T01:57:20.709+0000] {dagbag.py:541} INFO - Filling up the DagBag from /home/airflow/.local/lib/python3.7/site-packages/airflow/example_dags/example_branch_labels.py
[2023-06-13T01:57:20.719+0000] {processor.py:836} INFO - DAG(s) dict_keys(['example_branch_labels']) retrieved from /home/airflow/.local/lib/python3.7/site-packages/airflow/example_dags/example_branch_labels.py
[2023-06-13T01:57:20.760+0000] {logging_mixin.py:149} INFO - [2023-06-13T01:57:20.760+0000] {dag.py:2726} INFO - Sync 1 DAGs
[2023-06-13T01:57:20.811+0000] {logging_mixin.py:149} INFO - [2023-06-13T01:57:20.810+0000] {dag.py:3490} INFO - Setting next_dagrun for example_branch_labels to 2023-06-12T00:00:00+00:00, run_after=2023-06-13T00:00:00+00:00
[2023-06-13T01:57:20.850+0000] {processor.py:179} INFO - Processing /home/airflow/.local/lib/python3.7/site-packages/airflow/example_dags/example_branch_labels.py took 0.148 seconds
[2023-06-13T01:57:51.046+0000] {processor.py:157} INFO - Started process (PID=519) to work on /home/airflow/.local/lib/python3.7/site-packages/airflow/example_dags/example_branch_labels.py
[2023-06-13T01:57:51.048+0000] {processor.py:826} INFO - Processing file /home/airflow/.local/lib/python3.7/site-packages/airflow/example_dags/example_branch_labels.py for tasks to queue
[2023-06-13T01:57:51.049+0000] {logging_mixin.py:149} INFO - [2023-06-13T01:57:51.049+0000] {dagbag.py:541} INFO - Filling up the DagBag from /home/airflow/.local/lib/python3.7/site-packages/airflow/example_dags/example_branch_labels.py
[2023-06-13T01:57:51.062+0000] {processor.py:836} INFO - DAG(s) dict_keys(['example_branch_labels']) retrieved from /home/airflow/.local/lib/python3.7/site-packages/airflow/example_dags/example_branch_labels.py
[2023-06-13T01:57:51.107+0000] {logging_mixin.py:149} INFO - [2023-06-13T01:57:51.106+0000] {dag.py:2726} INFO - Sync 1 DAGs
[2023-06-13T01:57:51.162+0000] {logging_mixin.py:149} INFO - [2023-06-13T01:57:51.162+0000] {dag.py:3490} INFO - Setting next_dagrun for example_branch_labels to 2023-06-12T00:00:00+00:00, run_after=2023-06-13T00:00:00+00:00
[2023-06-13T01:57:51.200+0000] {processor.py:179} INFO - Processing /home/airflow/.local/lib/python3.7/site-packages/airflow/example_dags/example_branch_labels.py took 0.159 seconds
[2023-06-13T01:58:21.821+0000] {processor.py:157} INFO - Started process (PID=579) to work on /home/airflow/.local/lib/python3.7/site-packages/airflow/example_dags/example_branch_labels.py
[2023-06-13T01:58:21.822+0000] {processor.py:826} INFO - Processing file /home/airflow/.local/lib/python3.7/site-packages/airflow/example_dags/example_branch_labels.py for tasks to queue
[2023-06-13T01:58:21.824+0000] {logging_mixin.py:149} INFO - [2023-06-13T01:58:21.824+0000] {dagbag.py:541} INFO - Filling up the DagBag from /home/airflow/.local/lib/python3.7/site-packages/airflow/example_dags/example_branch_labels.py
[2023-06-13T01:58:21.833+0000] {processor.py:836} INFO - DAG(s) dict_keys(['example_branch_labels']) retrieved from /home/airflow/.local/lib/python3.7/site-packages/airflow/example_dags/example_branch_labels.py
[2023-06-13T01:58:21.851+0000] {logging_mixin.py:149} INFO - [2023-06-13T01:58:21.851+0000] {dag.py:2726} INFO - Sync 1 DAGs
[2023-06-13T01:58:21.906+0000] {logging_mixin.py:149} INFO - [2023-06-13T01:58:21.906+0000] {dag.py:3490} INFO - Setting next_dagrun for example_branch_labels to 2023-06-12T00:00:00+00:00, run_after=2023-06-13T00:00:00+00:00
[2023-06-13T01:58:21.945+0000] {processor.py:179} INFO - Processing /home/airflow/.local/lib/python3.7/site-packages/airflow/example_dags/example_branch_labels.py took 0.127 seconds
[2023-06-13T01:58:52.116+0000] {processor.py:157} INFO - Started process (PID=639) to work on /home/airflow/.local/lib/python3.7/site-packages/airflow/example_dags/example_branch_labels.py
[2023-06-13T01:58:52.117+0000] {processor.py:826} INFO - Processing file /home/airflow/.local/lib/python3.7/site-packages/airflow/example_dags/example_branch_labels.py for tasks to queue
[2023-06-13T01:58:52.118+0000] {logging_mixin.py:149} INFO - [2023-06-13T01:58:52.118+0000] {dagbag.py:541} INFO - Filling up the DagBag from /home/airflow/.local/lib/python3.7/site-packages/airflow/example_dags/example_branch_labels.py
[2023-06-13T01:58:52.127+0000] {processor.py:836} INFO - DAG(s) dict_keys(['example_branch_labels']) retrieved from /home/airflow/.local/lib/python3.7/site-packages/airflow/example_dags/example_branch_labels.py
[2023-06-13T01:58:52.165+0000] {logging_mixin.py:149} INFO - [2023-06-13T01:58:52.165+0000] {dag.py:2726} INFO - Sync 1 DAGs
[2023-06-13T01:58:52.207+0000] {logging_mixin.py:149} INFO - [2023-06-13T01:58:52.207+0000] {dag.py:3490} INFO - Setting next_dagrun for example_branch_labels to 2023-06-12T00:00:00+00:00, run_after=2023-06-13T00:00:00+00:00
[2023-06-13T01:58:52.248+0000] {processor.py:179} INFO - Processing /home/airflow/.local/lib/python3.7/site-packages/airflow/example_dags/example_branch_labels.py took 0.136 seconds
[2023-06-13T01:59:22.874+0000] {processor.py:157} INFO - Started process (PID=699) to work on /home/airflow/.local/lib/python3.7/site-packages/airflow/example_dags/example_branch_labels.py
[2023-06-13T01:59:22.876+0000] {processor.py:826} INFO - Processing file /home/airflow/.local/lib/python3.7/site-packages/airflow/example_dags/example_branch_labels.py for tasks to queue
[2023-06-13T01:59:22.878+0000] {logging_mixin.py:149} INFO - [2023-06-13T01:59:22.877+0000] {dagbag.py:541} INFO - Filling up the DagBag from /home/airflow/.local/lib/python3.7/site-packages/airflow/example_dags/example_branch_labels.py
[2023-06-13T01:59:22.888+0000] {processor.py:836} INFO - DAG(s) dict_keys(['example_branch_labels']) retrieved from /home/airflow/.local/lib/python3.7/site-packages/airflow/example_dags/example_branch_labels.py
[2023-06-13T01:59:22.929+0000] {logging_mixin.py:149} INFO - [2023-06-13T01:59:22.929+0000] {dag.py:2726} INFO - Sync 1 DAGs
[2023-06-13T01:59:22.980+0000] {logging_mixin.py:149} INFO - [2023-06-13T01:59:22.980+0000] {dag.py:3490} INFO - Setting next_dagrun for example_branch_labels to 2023-06-12T00:00:00+00:00, run_after=2023-06-13T00:00:00+00:00
[2023-06-13T01:59:23.019+0000] {processor.py:179} INFO - Processing /home/airflow/.local/lib/python3.7/site-packages/airflow/example_dags/example_branch_labels.py took 0.148 seconds
[2023-06-13T02:00:57.376+0000] {processor.py:157} INFO - Started process (PID=37) to work on /home/airflow/.local/lib/python3.7/site-packages/airflow/example_dags/example_branch_labels.py
[2023-06-13T02:00:57.379+0000] {processor.py:826} INFO - Processing file /home/airflow/.local/lib/python3.7/site-packages/airflow/example_dags/example_branch_labels.py for tasks to queue
[2023-06-13T02:00:57.381+0000] {logging_mixin.py:149} INFO - [2023-06-13T02:00:57.381+0000] {dagbag.py:541} INFO - Filling up the DagBag from /home/airflow/.local/lib/python3.7/site-packages/airflow/example_dags/example_branch_labels.py
[2023-06-13T02:00:57.411+0000] {processor.py:836} INFO - DAG(s) dict_keys(['example_branch_labels']) retrieved from /home/airflow/.local/lib/python3.7/site-packages/airflow/example_dags/example_branch_labels.py
[2023-06-13T02:00:57.492+0000] {logging_mixin.py:149} INFO - [2023-06-13T02:00:57.491+0000] {dag.py:2726} INFO - Sync 1 DAGs
[2023-06-13T02:00:57.591+0000] {logging_mixin.py:149} INFO - [2023-06-13T02:00:57.591+0000] {dag.py:3490} INFO - Setting next_dagrun for example_branch_labels to 2023-06-12T00:00:00+00:00, run_after=2023-06-13T00:00:00+00:00
[2023-06-13T02:00:57.650+0000] {processor.py:179} INFO - Processing /home/airflow/.local/lib/python3.7/site-packages/airflow/example_dags/example_branch_labels.py took 0.282 seconds
[2023-06-13T02:01:28.485+0000] {processor.py:157} INFO - Started process (PID=96) to work on /home/airflow/.local/lib/python3.7/site-packages/airflow/example_dags/example_branch_labels.py
[2023-06-13T02:01:28.487+0000] {processor.py:826} INFO - Processing file /home/airflow/.local/lib/python3.7/site-packages/airflow/example_dags/example_branch_labels.py for tasks to queue
[2023-06-13T02:01:28.490+0000] {logging_mixin.py:149} INFO - [2023-06-13T02:01:28.489+0000] {dagbag.py:541} INFO - Filling up the DagBag from /home/airflow/.local/lib/python3.7/site-packages/airflow/example_dags/example_branch_labels.py
[2023-06-13T02:01:28.510+0000] {processor.py:836} INFO - DAG(s) dict_keys(['example_branch_labels']) retrieved from /home/airflow/.local/lib/python3.7/site-packages/airflow/example_dags/example_branch_labels.py
[2023-06-13T02:01:28.577+0000] {logging_mixin.py:149} INFO - [2023-06-13T02:01:28.576+0000] {dag.py:2726} INFO - Sync 1 DAGs
[2023-06-13T02:01:28.653+0000] {logging_mixin.py:149} INFO - [2023-06-13T02:01:28.652+0000] {dag.py:3490} INFO - Setting next_dagrun for example_branch_labels to 2023-06-12T00:00:00+00:00, run_after=2023-06-13T00:00:00+00:00
[2023-06-13T02:01:28.718+0000] {processor.py:179} INFO - Processing /home/airflow/.local/lib/python3.7/site-packages/airflow/example_dags/example_branch_labels.py took 0.241 seconds
[2023-06-13T02:01:58.935+0000] {processor.py:157} INFO - Started process (PID=155) to work on /home/airflow/.local/lib/python3.7/site-packages/airflow/example_dags/example_branch_labels.py
[2023-06-13T02:01:58.938+0000] {processor.py:826} INFO - Processing file /home/airflow/.local/lib/python3.7/site-packages/airflow/example_dags/example_branch_labels.py for tasks to queue
[2023-06-13T02:01:58.940+0000] {logging_mixin.py:149} INFO - [2023-06-13T02:01:58.939+0000] {dagbag.py:541} INFO - Filling up the DagBag from /home/airflow/.local/lib/python3.7/site-packages/airflow/example_dags/example_branch_labels.py
[2023-06-13T02:01:58.971+0000] {processor.py:836} INFO - DAG(s) dict_keys(['example_branch_labels']) retrieved from /home/airflow/.local/lib/python3.7/site-packages/airflow/example_dags/example_branch_labels.py
[2023-06-13T02:01:59.086+0000] {logging_mixin.py:149} INFO - [2023-06-13T02:01:59.086+0000] {dag.py:2726} INFO - Sync 1 DAGs
[2023-06-13T02:01:59.234+0000] {logging_mixin.py:149} INFO - [2023-06-13T02:01:59.234+0000] {dag.py:3490} INFO - Setting next_dagrun for example_branch_labels to 2023-06-12T00:00:00+00:00, run_after=2023-06-13T00:00:00+00:00
[2023-06-13T02:01:59.326+0000] {processor.py:179} INFO - Processing /home/airflow/.local/lib/python3.7/site-packages/airflow/example_dags/example_branch_labels.py took 0.402 seconds
[2023-06-13T02:32:17.431+0000] {processor.py:157} INFO - Started process (PID=49) to work on /home/airflow/.local/lib/python3.7/site-packages/airflow/example_dags/example_branch_labels.py
[2023-06-13T02:32:17.436+0000] {processor.py:826} INFO - Processing file /home/airflow/.local/lib/python3.7/site-packages/airflow/example_dags/example_branch_labels.py for tasks to queue
[2023-06-13T02:32:17.440+0000] {logging_mixin.py:149} INFO - [2023-06-13T02:32:17.439+0000] {dagbag.py:541} INFO - Filling up the DagBag from /home/airflow/.local/lib/python3.7/site-packages/airflow/example_dags/example_branch_labels.py
[2023-06-13T02:32:17.493+0000] {processor.py:836} INFO - DAG(s) dict_keys(['example_branch_labels']) retrieved from /home/airflow/.local/lib/python3.7/site-packages/airflow/example_dags/example_branch_labels.py
[2023-06-13T02:32:17.694+0000] {logging_mixin.py:149} INFO - [2023-06-13T02:32:17.693+0000] {dag.py:2726} INFO - Sync 1 DAGs
[2023-06-13T02:32:17.916+0000] {logging_mixin.py:149} INFO - [2023-06-13T02:32:17.916+0000] {dag.py:3490} INFO - Setting next_dagrun for example_branch_labels to 2023-06-12T00:00:00+00:00, run_after=2023-06-13T00:00:00+00:00
[2023-06-13T02:32:18.007+0000] {processor.py:179} INFO - Processing /home/airflow/.local/lib/python3.7/site-packages/airflow/example_dags/example_branch_labels.py took 0.588 seconds
[2023-06-13T02:32:48.523+0000] {processor.py:157} INFO - Started process (PID=107) to work on /home/airflow/.local/lib/python3.7/site-packages/airflow/example_dags/example_branch_labels.py
[2023-06-13T02:32:48.534+0000] {processor.py:826} INFO - Processing file /home/airflow/.local/lib/python3.7/site-packages/airflow/example_dags/example_branch_labels.py for tasks to queue
[2023-06-13T02:32:48.536+0000] {logging_mixin.py:149} INFO - [2023-06-13T02:32:48.536+0000] {dagbag.py:541} INFO - Filling up the DagBag from /home/airflow/.local/lib/python3.7/site-packages/airflow/example_dags/example_branch_labels.py
[2023-06-13T02:32:48.568+0000] {processor.py:836} INFO - DAG(s) dict_keys(['example_branch_labels']) retrieved from /home/airflow/.local/lib/python3.7/site-packages/airflow/example_dags/example_branch_labels.py
[2023-06-13T02:32:48.743+0000] {logging_mixin.py:149} INFO - [2023-06-13T02:32:48.743+0000] {dag.py:2726} INFO - Sync 1 DAGs
[2023-06-13T02:32:48.893+0000] {logging_mixin.py:149} INFO - [2023-06-13T02:32:48.893+0000] {dag.py:3490} INFO - Setting next_dagrun for example_branch_labels to 2023-06-12T00:00:00+00:00, run_after=2023-06-13T00:00:00+00:00
[2023-06-13T02:32:49.056+0000] {processor.py:179} INFO - Processing /home/airflow/.local/lib/python3.7/site-packages/airflow/example_dags/example_branch_labels.py took 0.540 seconds
[2023-06-13T02:33:21.724+0000] {processor.py:157} INFO - Started process (PID=167) to work on /home/airflow/.local/lib/python3.7/site-packages/airflow/example_dags/example_branch_labels.py
[2023-06-13T02:33:21.750+0000] {processor.py:826} INFO - Processing file /home/airflow/.local/lib/python3.7/site-packages/airflow/example_dags/example_branch_labels.py for tasks to queue
[2023-06-13T02:33:21.771+0000] {logging_mixin.py:149} INFO - [2023-06-13T02:33:21.770+0000] {dagbag.py:541} INFO - Filling up the DagBag from /home/airflow/.local/lib/python3.7/site-packages/airflow/example_dags/example_branch_labels.py
[2023-06-13T02:33:21.860+0000] {processor.py:836} INFO - DAG(s) dict_keys(['example_branch_labels']) retrieved from /home/airflow/.local/lib/python3.7/site-packages/airflow/example_dags/example_branch_labels.py
[2023-06-13T02:33:22.098+0000] {logging_mixin.py:149} INFO - [2023-06-13T02:33:22.097+0000] {dag.py:2726} INFO - Sync 1 DAGs
[2023-06-13T02:33:22.464+0000] {logging_mixin.py:149} INFO - [2023-06-13T02:33:22.463+0000] {dag.py:3490} INFO - Setting next_dagrun for example_branch_labels to 2023-06-12T00:00:00+00:00, run_after=2023-06-13T00:00:00+00:00
[2023-06-13T02:33:22.907+0000] {processor.py:179} INFO - Processing /home/airflow/.local/lib/python3.7/site-packages/airflow/example_dags/example_branch_labels.py took 1.199 seconds
[2023-06-13T02:34:21.491+0000] {processor.py:157} INFO - Started process (PID=234) to work on /home/airflow/.local/lib/python3.7/site-packages/airflow/example_dags/example_branch_labels.py
[2023-06-13T02:34:21.499+0000] {processor.py:826} INFO - Processing file /home/airflow/.local/lib/python3.7/site-packages/airflow/example_dags/example_branch_labels.py for tasks to queue
[2023-06-13T02:34:21.505+0000] {logging_mixin.py:149} INFO - [2023-06-13T02:34:21.504+0000] {dagbag.py:541} INFO - Filling up the DagBag from /home/airflow/.local/lib/python3.7/site-packages/airflow/example_dags/example_branch_labels.py
[2023-06-13T02:34:21.554+0000] {processor.py:836} INFO - DAG(s) dict_keys(['example_branch_labels']) retrieved from /home/airflow/.local/lib/python3.7/site-packages/airflow/example_dags/example_branch_labels.py
[2023-06-13T02:34:22.198+0000] {logging_mixin.py:149} INFO - [2023-06-13T02:34:22.197+0000] {dag.py:2726} INFO - Sync 1 DAGs
[2023-06-13T02:34:22.378+0000] {logging_mixin.py:149} INFO - [2023-06-13T02:34:22.377+0000] {dag.py:3490} INFO - Setting next_dagrun for example_branch_labels to 2023-06-12T00:00:00+00:00, run_after=2023-06-13T00:00:00+00:00
[2023-06-13T02:34:22.545+0000] {processor.py:179} INFO - Processing /home/airflow/.local/lib/python3.7/site-packages/airflow/example_dags/example_branch_labels.py took 1.092 seconds
[2023-06-13T02:34:52.865+0000] {processor.py:157} INFO - Started process (PID=294) to work on /home/airflow/.local/lib/python3.7/site-packages/airflow/example_dags/example_branch_labels.py
[2023-06-13T02:34:52.869+0000] {processor.py:826} INFO - Processing file /home/airflow/.local/lib/python3.7/site-packages/airflow/example_dags/example_branch_labels.py for tasks to queue
[2023-06-13T02:34:52.872+0000] {logging_mixin.py:149} INFO - [2023-06-13T02:34:52.871+0000] {dagbag.py:541} INFO - Filling up the DagBag from /home/airflow/.local/lib/python3.7/site-packages/airflow/example_dags/example_branch_labels.py
[2023-06-13T02:34:52.893+0000] {processor.py:836} INFO - DAG(s) dict_keys(['example_branch_labels']) retrieved from /home/airflow/.local/lib/python3.7/site-packages/airflow/example_dags/example_branch_labels.py
[2023-06-13T02:34:52.966+0000] {logging_mixin.py:149} INFO - [2023-06-13T02:34:52.965+0000] {dag.py:2726} INFO - Sync 1 DAGs
[2023-06-13T02:34:53.044+0000] {logging_mixin.py:149} INFO - [2023-06-13T02:34:53.044+0000] {dag.py:3490} INFO - Setting next_dagrun for example_branch_labels to 2023-06-12T00:00:00+00:00, run_after=2023-06-13T00:00:00+00:00
[2023-06-13T02:34:53.120+0000] {processor.py:179} INFO - Processing /home/airflow/.local/lib/python3.7/site-packages/airflow/example_dags/example_branch_labels.py took 0.264 seconds
[2023-06-13T02:35:23.860+0000] {processor.py:157} INFO - Started process (PID=354) to work on /home/airflow/.local/lib/python3.7/site-packages/airflow/example_dags/example_branch_labels.py
[2023-06-13T02:35:23.865+0000] {processor.py:826} INFO - Processing file /home/airflow/.local/lib/python3.7/site-packages/airflow/example_dags/example_branch_labels.py for tasks to queue
[2023-06-13T02:35:23.873+0000] {logging_mixin.py:149} INFO - [2023-06-13T02:35:23.872+0000] {dagbag.py:541} INFO - Filling up the DagBag from /home/airflow/.local/lib/python3.7/site-packages/airflow/example_dags/example_branch_labels.py
[2023-06-13T02:35:23.915+0000] {processor.py:836} INFO - DAG(s) dict_keys(['example_branch_labels']) retrieved from /home/airflow/.local/lib/python3.7/site-packages/airflow/example_dags/example_branch_labels.py
[2023-06-13T02:35:24.092+0000] {logging_mixin.py:149} INFO - [2023-06-13T02:35:24.091+0000] {dag.py:2726} INFO - Sync 1 DAGs
[2023-06-13T02:35:24.295+0000] {logging_mixin.py:149} INFO - [2023-06-13T02:35:24.294+0000] {dag.py:3490} INFO - Setting next_dagrun for example_branch_labels to 2023-06-12T00:00:00+00:00, run_after=2023-06-13T00:00:00+00:00
[2023-06-13T02:35:24.469+0000] {processor.py:179} INFO - Processing /home/airflow/.local/lib/python3.7/site-packages/airflow/example_dags/example_branch_labels.py took 0.624 seconds
[2023-06-13T02:35:54.808+0000] {processor.py:157} INFO - Started process (PID=414) to work on /home/airflow/.local/lib/python3.7/site-packages/airflow/example_dags/example_branch_labels.py
[2023-06-13T02:35:54.811+0000] {processor.py:826} INFO - Processing file /home/airflow/.local/lib/python3.7/site-packages/airflow/example_dags/example_branch_labels.py for tasks to queue
[2023-06-13T02:35:54.817+0000] {logging_mixin.py:149} INFO - [2023-06-13T02:35:54.816+0000] {dagbag.py:541} INFO - Filling up the DagBag from /home/airflow/.local/lib/python3.7/site-packages/airflow/example_dags/example_branch_labels.py
[2023-06-13T02:35:54.858+0000] {processor.py:836} INFO - DAG(s) dict_keys(['example_branch_labels']) retrieved from /home/airflow/.local/lib/python3.7/site-packages/airflow/example_dags/example_branch_labels.py
[2023-06-13T02:35:54.990+0000] {logging_mixin.py:149} INFO - [2023-06-13T02:35:54.989+0000] {dag.py:2726} INFO - Sync 1 DAGs
[2023-06-13T02:35:55.186+0000] {logging_mixin.py:149} INFO - [2023-06-13T02:35:55.185+0000] {dag.py:3490} INFO - Setting next_dagrun for example_branch_labels to 2023-06-12T00:00:00+00:00, run_after=2023-06-13T00:00:00+00:00
[2023-06-13T02:35:55.328+0000] {processor.py:179} INFO - Processing /home/airflow/.local/lib/python3.7/site-packages/airflow/example_dags/example_branch_labels.py took 0.528 seconds
[2023-06-13T02:36:26.876+0000] {processor.py:157} INFO - Started process (PID=480) to work on /home/airflow/.local/lib/python3.7/site-packages/airflow/example_dags/example_branch_labels.py
[2023-06-13T02:36:26.890+0000] {processor.py:826} INFO - Processing file /home/airflow/.local/lib/python3.7/site-packages/airflow/example_dags/example_branch_labels.py for tasks to queue
[2023-06-13T02:36:26.896+0000] {logging_mixin.py:149} INFO - [2023-06-13T02:36:26.895+0000] {dagbag.py:541} INFO - Filling up the DagBag from /home/airflow/.local/lib/python3.7/site-packages/airflow/example_dags/example_branch_labels.py
[2023-06-13T02:36:26.970+0000] {processor.py:836} INFO - DAG(s) dict_keys(['example_branch_labels']) retrieved from /home/airflow/.local/lib/python3.7/site-packages/airflow/example_dags/example_branch_labels.py
[2023-06-13T02:36:27.240+0000] {logging_mixin.py:149} INFO - [2023-06-13T02:36:27.239+0000] {dag.py:2726} INFO - Sync 1 DAGs
[2023-06-13T02:36:27.478+0000] {logging_mixin.py:149} INFO - [2023-06-13T02:36:27.477+0000] {dag.py:3490} INFO - Setting next_dagrun for example_branch_labels to 2023-06-12T00:00:00+00:00, run_after=2023-06-13T00:00:00+00:00
[2023-06-13T02:36:27.727+0000] {processor.py:179} INFO - Processing /home/airflow/.local/lib/python3.7/site-packages/airflow/example_dags/example_branch_labels.py took 0.862 seconds
[2023-06-13T02:36:57.919+0000] {processor.py:157} INFO - Started process (PID=540) to work on /home/airflow/.local/lib/python3.7/site-packages/airflow/example_dags/example_branch_labels.py
[2023-06-13T02:36:57.926+0000] {processor.py:826} INFO - Processing file /home/airflow/.local/lib/python3.7/site-packages/airflow/example_dags/example_branch_labels.py for tasks to queue
[2023-06-13T02:36:57.929+0000] {logging_mixin.py:149} INFO - [2023-06-13T02:36:57.928+0000] {dagbag.py:541} INFO - Filling up the DagBag from /home/airflow/.local/lib/python3.7/site-packages/airflow/example_dags/example_branch_labels.py
[2023-06-13T02:36:58.015+0000] {processor.py:836} INFO - DAG(s) dict_keys(['example_branch_labels']) retrieved from /home/airflow/.local/lib/python3.7/site-packages/airflow/example_dags/example_branch_labels.py
[2023-06-13T02:36:58.161+0000] {logging_mixin.py:149} INFO - [2023-06-13T02:36:58.161+0000] {dag.py:2726} INFO - Sync 1 DAGs
[2023-06-13T02:36:58.232+0000] {logging_mixin.py:149} INFO - [2023-06-13T02:36:58.232+0000] {dag.py:3490} INFO - Setting next_dagrun for example_branch_labels to 2023-06-12T00:00:00+00:00, run_after=2023-06-13T00:00:00+00:00
[2023-06-13T02:36:58.298+0000] {processor.py:179} INFO - Processing /home/airflow/.local/lib/python3.7/site-packages/airflow/example_dags/example_branch_labels.py took 0.402 seconds
[2023-06-13T02:37:28.529+0000] {processor.py:157} INFO - Started process (PID=591) to work on /home/airflow/.local/lib/python3.7/site-packages/airflow/example_dags/example_branch_labels.py
[2023-06-13T02:37:28.536+0000] {processor.py:826} INFO - Processing file /home/airflow/.local/lib/python3.7/site-packages/airflow/example_dags/example_branch_labels.py for tasks to queue
[2023-06-13T02:37:28.541+0000] {logging_mixin.py:149} INFO - [2023-06-13T02:37:28.540+0000] {dagbag.py:541} INFO - Filling up the DagBag from /home/airflow/.local/lib/python3.7/site-packages/airflow/example_dags/example_branch_labels.py
[2023-06-13T02:37:28.574+0000] {processor.py:836} INFO - DAG(s) dict_keys(['example_branch_labels']) retrieved from /home/airflow/.local/lib/python3.7/site-packages/airflow/example_dags/example_branch_labels.py
[2023-06-13T02:37:28.702+0000] {logging_mixin.py:149} INFO - [2023-06-13T02:37:28.701+0000] {dag.py:2726} INFO - Sync 1 DAGs
[2023-06-13T02:37:28.782+0000] {logging_mixin.py:149} INFO - [2023-06-13T02:37:28.781+0000] {dag.py:3490} INFO - Setting next_dagrun for example_branch_labels to 2023-06-12T00:00:00+00:00, run_after=2023-06-13T00:00:00+00:00
[2023-06-13T02:37:28.846+0000] {processor.py:179} INFO - Processing /home/airflow/.local/lib/python3.7/site-packages/airflow/example_dags/example_branch_labels.py took 0.335 seconds
[2023-06-13T02:37:59.249+0000] {processor.py:157} INFO - Started process (PID=652) to work on /home/airflow/.local/lib/python3.7/site-packages/airflow/example_dags/example_branch_labels.py
[2023-06-13T02:37:59.251+0000] {processor.py:826} INFO - Processing file /home/airflow/.local/lib/python3.7/site-packages/airflow/example_dags/example_branch_labels.py for tasks to queue
[2023-06-13T02:37:59.253+0000] {logging_mixin.py:149} INFO - [2023-06-13T02:37:59.253+0000] {dagbag.py:541} INFO - Filling up the DagBag from /home/airflow/.local/lib/python3.7/site-packages/airflow/example_dags/example_branch_labels.py
[2023-06-13T02:37:59.272+0000] {processor.py:836} INFO - DAG(s) dict_keys(['example_branch_labels']) retrieved from /home/airflow/.local/lib/python3.7/site-packages/airflow/example_dags/example_branch_labels.py
[2023-06-13T02:37:59.351+0000] {logging_mixin.py:149} INFO - [2023-06-13T02:37:59.350+0000] {dag.py:2726} INFO - Sync 1 DAGs
[2023-06-13T02:37:59.415+0000] {logging_mixin.py:149} INFO - [2023-06-13T02:37:59.415+0000] {dag.py:3490} INFO - Setting next_dagrun for example_branch_labels to 2023-06-12T00:00:00+00:00, run_after=2023-06-13T00:00:00+00:00
[2023-06-13T02:37:59.482+0000] {processor.py:179} INFO - Processing /home/airflow/.local/lib/python3.7/site-packages/airflow/example_dags/example_branch_labels.py took 0.239 seconds
[2023-06-13T02:38:30.005+0000] {processor.py:157} INFO - Started process (PID=712) to work on /home/airflow/.local/lib/python3.7/site-packages/airflow/example_dags/example_branch_labels.py
[2023-06-13T02:38:30.016+0000] {processor.py:826} INFO - Processing file /home/airflow/.local/lib/python3.7/site-packages/airflow/example_dags/example_branch_labels.py for tasks to queue
[2023-06-13T02:38:30.022+0000] {logging_mixin.py:149} INFO - [2023-06-13T02:38:30.021+0000] {dagbag.py:541} INFO - Filling up the DagBag from /home/airflow/.local/lib/python3.7/site-packages/airflow/example_dags/example_branch_labels.py
[2023-06-13T02:38:30.071+0000] {processor.py:836} INFO - DAG(s) dict_keys(['example_branch_labels']) retrieved from /home/airflow/.local/lib/python3.7/site-packages/airflow/example_dags/example_branch_labels.py
[2023-06-13T02:38:30.231+0000] {logging_mixin.py:149} INFO - [2023-06-13T02:38:30.230+0000] {dag.py:2726} INFO - Sync 1 DAGs
[2023-06-13T02:38:30.492+0000] {logging_mixin.py:149} INFO - [2023-06-13T02:38:30.491+0000] {dag.py:3490} INFO - Setting next_dagrun for example_branch_labels to 2023-06-12T00:00:00+00:00, run_after=2023-06-13T00:00:00+00:00
[2023-06-13T02:38:30.707+0000] {processor.py:179} INFO - Processing /home/airflow/.local/lib/python3.7/site-packages/airflow/example_dags/example_branch_labels.py took 0.726 seconds
[2023-06-13T02:39:00.952+0000] {processor.py:157} INFO - Started process (PID=772) to work on /home/airflow/.local/lib/python3.7/site-packages/airflow/example_dags/example_branch_labels.py
[2023-06-13T02:39:00.955+0000] {processor.py:826} INFO - Processing file /home/airflow/.local/lib/python3.7/site-packages/airflow/example_dags/example_branch_labels.py for tasks to queue
[2023-06-13T02:39:00.958+0000] {logging_mixin.py:149} INFO - [2023-06-13T02:39:00.958+0000] {dagbag.py:541} INFO - Filling up the DagBag from /home/airflow/.local/lib/python3.7/site-packages/airflow/example_dags/example_branch_labels.py
[2023-06-13T02:39:00.979+0000] {processor.py:836} INFO - DAG(s) dict_keys(['example_branch_labels']) retrieved from /home/airflow/.local/lib/python3.7/site-packages/airflow/example_dags/example_branch_labels.py
[2023-06-13T02:39:01.046+0000] {logging_mixin.py:149} INFO - [2023-06-13T02:39:01.046+0000] {dag.py:2726} INFO - Sync 1 DAGs
[2023-06-13T02:39:01.123+0000] {logging_mixin.py:149} INFO - [2023-06-13T02:39:01.122+0000] {dag.py:3490} INFO - Setting next_dagrun for example_branch_labels to 2023-06-12T00:00:00+00:00, run_after=2023-06-13T00:00:00+00:00
[2023-06-13T02:39:01.182+0000] {processor.py:179} INFO - Processing /home/airflow/.local/lib/python3.7/site-packages/airflow/example_dags/example_branch_labels.py took 0.238 seconds
[2023-06-13T02:39:31.390+0000] {processor.py:157} INFO - Started process (PID=832) to work on /home/airflow/.local/lib/python3.7/site-packages/airflow/example_dags/example_branch_labels.py
[2023-06-13T02:39:31.394+0000] {processor.py:826} INFO - Processing file /home/airflow/.local/lib/python3.7/site-packages/airflow/example_dags/example_branch_labels.py for tasks to queue
[2023-06-13T02:39:31.399+0000] {logging_mixin.py:149} INFO - [2023-06-13T02:39:31.398+0000] {dagbag.py:541} INFO - Filling up the DagBag from /home/airflow/.local/lib/python3.7/site-packages/airflow/example_dags/example_branch_labels.py
[2023-06-13T02:39:31.431+0000] {processor.py:836} INFO - DAG(s) dict_keys(['example_branch_labels']) retrieved from /home/airflow/.local/lib/python3.7/site-packages/airflow/example_dags/example_branch_labels.py
[2023-06-13T02:39:31.548+0000] {logging_mixin.py:149} INFO - [2023-06-13T02:39:31.547+0000] {dag.py:2726} INFO - Sync 1 DAGs
[2023-06-13T02:39:31.672+0000] {logging_mixin.py:149} INFO - [2023-06-13T02:39:31.671+0000] {dag.py:3490} INFO - Setting next_dagrun for example_branch_labels to 2023-06-12T00:00:00+00:00, run_after=2023-06-13T00:00:00+00:00
[2023-06-13T02:39:31.764+0000] {processor.py:179} INFO - Processing /home/airflow/.local/lib/python3.7/site-packages/airflow/example_dags/example_branch_labels.py took 0.381 seconds
[2023-06-13T02:40:02.587+0000] {processor.py:157} INFO - Started process (PID=892) to work on /home/airflow/.local/lib/python3.7/site-packages/airflow/example_dags/example_branch_labels.py
[2023-06-13T02:40:02.589+0000] {processor.py:826} INFO - Processing file /home/airflow/.local/lib/python3.7/site-packages/airflow/example_dags/example_branch_labels.py for tasks to queue
[2023-06-13T02:40:02.592+0000] {logging_mixin.py:149} INFO - [2023-06-13T02:40:02.592+0000] {dagbag.py:541} INFO - Filling up the DagBag from /home/airflow/.local/lib/python3.7/site-packages/airflow/example_dags/example_branch_labels.py
[2023-06-13T02:40:02.614+0000] {processor.py:836} INFO - DAG(s) dict_keys(['example_branch_labels']) retrieved from /home/airflow/.local/lib/python3.7/site-packages/airflow/example_dags/example_branch_labels.py
[2023-06-13T02:40:02.690+0000] {logging_mixin.py:149} INFO - [2023-06-13T02:40:02.690+0000] {dag.py:2726} INFO - Sync 1 DAGs
[2023-06-13T02:40:02.786+0000] {logging_mixin.py:149} INFO - [2023-06-13T02:40:02.786+0000] {dag.py:3490} INFO - Setting next_dagrun for example_branch_labels to 2023-06-12T00:00:00+00:00, run_after=2023-06-13T00:00:00+00:00
[2023-06-13T02:40:02.876+0000] {processor.py:179} INFO - Processing /home/airflow/.local/lib/python3.7/site-packages/airflow/example_dags/example_branch_labels.py took 0.295 seconds
[2023-06-13T02:40:34.642+0000] {processor.py:157} INFO - Started process (PID=952) to work on /home/airflow/.local/lib/python3.7/site-packages/airflow/example_dags/example_branch_labels.py
[2023-06-13T02:40:34.646+0000] {processor.py:826} INFO - Processing file /home/airflow/.local/lib/python3.7/site-packages/airflow/example_dags/example_branch_labels.py for tasks to queue
[2023-06-13T02:40:34.651+0000] {logging_mixin.py:149} INFO - [2023-06-13T02:40:34.650+0000] {dagbag.py:541} INFO - Filling up the DagBag from /home/airflow/.local/lib/python3.7/site-packages/airflow/example_dags/example_branch_labels.py
[2023-06-13T02:40:34.679+0000] {processor.py:836} INFO - DAG(s) dict_keys(['example_branch_labels']) retrieved from /home/airflow/.local/lib/python3.7/site-packages/airflow/example_dags/example_branch_labels.py
[2023-06-13T02:40:34.767+0000] {logging_mixin.py:149} INFO - [2023-06-13T02:40:34.767+0000] {dag.py:2726} INFO - Sync 1 DAGs
[2023-06-13T02:40:34.903+0000] {logging_mixin.py:149} INFO - [2023-06-13T02:40:34.903+0000] {dag.py:3490} INFO - Setting next_dagrun for example_branch_labels to 2023-06-12T00:00:00+00:00, run_after=2023-06-13T00:00:00+00:00
[2023-06-13T02:40:34.993+0000] {processor.py:179} INFO - Processing /home/airflow/.local/lib/python3.7/site-packages/airflow/example_dags/example_branch_labels.py took 0.358 seconds
[2023-06-13T02:41:05.385+0000] {processor.py:157} INFO - Started process (PID=1012) to work on /home/airflow/.local/lib/python3.7/site-packages/airflow/example_dags/example_branch_labels.py
[2023-06-13T02:41:05.389+0000] {processor.py:826} INFO - Processing file /home/airflow/.local/lib/python3.7/site-packages/airflow/example_dags/example_branch_labels.py for tasks to queue
[2023-06-13T02:41:05.394+0000] {logging_mixin.py:149} INFO - [2023-06-13T02:41:05.393+0000] {dagbag.py:541} INFO - Filling up the DagBag from /home/airflow/.local/lib/python3.7/site-packages/airflow/example_dags/example_branch_labels.py
[2023-06-13T02:41:05.422+0000] {processor.py:836} INFO - DAG(s) dict_keys(['example_branch_labels']) retrieved from /home/airflow/.local/lib/python3.7/site-packages/airflow/example_dags/example_branch_labels.py
[2023-06-13T02:41:05.527+0000] {logging_mixin.py:149} INFO - [2023-06-13T02:41:05.526+0000] {dag.py:2726} INFO - Sync 1 DAGs
[2023-06-13T02:41:05.654+0000] {logging_mixin.py:149} INFO - [2023-06-13T02:41:05.654+0000] {dag.py:3490} INFO - Setting next_dagrun for example_branch_labels to 2023-06-12T00:00:00+00:00, run_after=2023-06-13T00:00:00+00:00
[2023-06-13T02:41:05.767+0000] {processor.py:179} INFO - Processing /home/airflow/.local/lib/python3.7/site-packages/airflow/example_dags/example_branch_labels.py took 0.394 seconds
[2023-06-13T02:41:35.881+0000] {processor.py:157} INFO - Started process (PID=1073) to work on /home/airflow/.local/lib/python3.7/site-packages/airflow/example_dags/example_branch_labels.py
[2023-06-13T02:41:35.884+0000] {processor.py:826} INFO - Processing file /home/airflow/.local/lib/python3.7/site-packages/airflow/example_dags/example_branch_labels.py for tasks to queue
[2023-06-13T02:41:35.887+0000] {logging_mixin.py:149} INFO - [2023-06-13T02:41:35.887+0000] {dagbag.py:541} INFO - Filling up the DagBag from /home/airflow/.local/lib/python3.7/site-packages/airflow/example_dags/example_branch_labels.py
[2023-06-13T02:41:35.903+0000] {processor.py:836} INFO - DAG(s) dict_keys(['example_branch_labels']) retrieved from /home/airflow/.local/lib/python3.7/site-packages/airflow/example_dags/example_branch_labels.py
[2023-06-13T02:41:35.972+0000] {logging_mixin.py:149} INFO - [2023-06-13T02:41:35.972+0000] {dag.py:2726} INFO - Sync 1 DAGs
[2023-06-13T02:41:36.063+0000] {logging_mixin.py:149} INFO - [2023-06-13T02:41:36.063+0000] {dag.py:3490} INFO - Setting next_dagrun for example_branch_labels to 2023-06-12T00:00:00+00:00, run_after=2023-06-13T00:00:00+00:00
[2023-06-13T02:41:36.126+0000] {processor.py:179} INFO - Processing /home/airflow/.local/lib/python3.7/site-packages/airflow/example_dags/example_branch_labels.py took 0.250 seconds
[2023-06-13T02:42:06.700+0000] {processor.py:157} INFO - Started process (PID=1133) to work on /home/airflow/.local/lib/python3.7/site-packages/airflow/example_dags/example_branch_labels.py
[2023-06-13T02:42:06.703+0000] {processor.py:826} INFO - Processing file /home/airflow/.local/lib/python3.7/site-packages/airflow/example_dags/example_branch_labels.py for tasks to queue
[2023-06-13T02:42:06.706+0000] {logging_mixin.py:149} INFO - [2023-06-13T02:42:06.706+0000] {dagbag.py:541} INFO - Filling up the DagBag from /home/airflow/.local/lib/python3.7/site-packages/airflow/example_dags/example_branch_labels.py
[2023-06-13T02:42:06.722+0000] {processor.py:836} INFO - DAG(s) dict_keys(['example_branch_labels']) retrieved from /home/airflow/.local/lib/python3.7/site-packages/airflow/example_dags/example_branch_labels.py
[2023-06-13T02:42:06.790+0000] {logging_mixin.py:149} INFO - [2023-06-13T02:42:06.789+0000] {dag.py:2726} INFO - Sync 1 DAGs
[2023-06-13T02:42:06.871+0000] {logging_mixin.py:149} INFO - [2023-06-13T02:42:06.871+0000] {dag.py:3490} INFO - Setting next_dagrun for example_branch_labels to 2023-06-12T00:00:00+00:00, run_after=2023-06-13T00:00:00+00:00
[2023-06-13T02:42:06.931+0000] {processor.py:179} INFO - Processing /home/airflow/.local/lib/python3.7/site-packages/airflow/example_dags/example_branch_labels.py took 0.236 seconds
[2023-06-13T02:42:38.046+0000] {processor.py:157} INFO - Started process (PID=1193) to work on /home/airflow/.local/lib/python3.7/site-packages/airflow/example_dags/example_branch_labels.py
[2023-06-13T02:42:38.049+0000] {processor.py:826} INFO - Processing file /home/airflow/.local/lib/python3.7/site-packages/airflow/example_dags/example_branch_labels.py for tasks to queue
[2023-06-13T02:42:38.052+0000] {logging_mixin.py:149} INFO - [2023-06-13T02:42:38.051+0000] {dagbag.py:541} INFO - Filling up the DagBag from /home/airflow/.local/lib/python3.7/site-packages/airflow/example_dags/example_branch_labels.py
[2023-06-13T02:42:38.084+0000] {processor.py:836} INFO - DAG(s) dict_keys(['example_branch_labels']) retrieved from /home/airflow/.local/lib/python3.7/site-packages/airflow/example_dags/example_branch_labels.py
[2023-06-13T02:42:38.204+0000] {logging_mixin.py:149} INFO - [2023-06-13T02:42:38.203+0000] {dag.py:2726} INFO - Sync 1 DAGs
[2023-06-13T02:42:38.333+0000] {logging_mixin.py:149} INFO - [2023-06-13T02:42:38.332+0000] {dag.py:3490} INFO - Setting next_dagrun for example_branch_labels to 2023-06-12T00:00:00+00:00, run_after=2023-06-13T00:00:00+00:00
[2023-06-13T02:42:38.421+0000] {processor.py:179} INFO - Processing /home/airflow/.local/lib/python3.7/site-packages/airflow/example_dags/example_branch_labels.py took 0.382 seconds
[2023-06-13T02:43:09.072+0000] {processor.py:157} INFO - Started process (PID=1253) to work on /home/airflow/.local/lib/python3.7/site-packages/airflow/example_dags/example_branch_labels.py
[2023-06-13T02:43:09.077+0000] {processor.py:826} INFO - Processing file /home/airflow/.local/lib/python3.7/site-packages/airflow/example_dags/example_branch_labels.py for tasks to queue
[2023-06-13T02:43:09.080+0000] {logging_mixin.py:149} INFO - [2023-06-13T02:43:09.080+0000] {dagbag.py:541} INFO - Filling up the DagBag from /home/airflow/.local/lib/python3.7/site-packages/airflow/example_dags/example_branch_labels.py
[2023-06-13T02:43:09.108+0000] {processor.py:836} INFO - DAG(s) dict_keys(['example_branch_labels']) retrieved from /home/airflow/.local/lib/python3.7/site-packages/airflow/example_dags/example_branch_labels.py
[2023-06-13T02:43:09.216+0000] {logging_mixin.py:149} INFO - [2023-06-13T02:43:09.215+0000] {dag.py:2726} INFO - Sync 1 DAGs
[2023-06-13T02:43:09.317+0000] {logging_mixin.py:149} INFO - [2023-06-13T02:43:09.316+0000] {dag.py:3490} INFO - Setting next_dagrun for example_branch_labels to 2023-06-12T00:00:00+00:00, run_after=2023-06-13T00:00:00+00:00
[2023-06-13T02:43:09.409+0000] {processor.py:179} INFO - Processing /home/airflow/.local/lib/python3.7/site-packages/airflow/example_dags/example_branch_labels.py took 0.345 seconds
[2023-06-13T02:43:40.345+0000] {processor.py:157} INFO - Started process (PID=1313) to work on /home/airflow/.local/lib/python3.7/site-packages/airflow/example_dags/example_branch_labels.py
[2023-06-13T02:43:40.350+0000] {processor.py:826} INFO - Processing file /home/airflow/.local/lib/python3.7/site-packages/airflow/example_dags/example_branch_labels.py for tasks to queue
[2023-06-13T02:43:40.355+0000] {logging_mixin.py:149} INFO - [2023-06-13T02:43:40.354+0000] {dagbag.py:541} INFO - Filling up the DagBag from /home/airflow/.local/lib/python3.7/site-packages/airflow/example_dags/example_branch_labels.py
[2023-06-13T02:43:40.405+0000] {processor.py:836} INFO - DAG(s) dict_keys(['example_branch_labels']) retrieved from /home/airflow/.local/lib/python3.7/site-packages/airflow/example_dags/example_branch_labels.py
[2023-06-13T02:43:40.523+0000] {logging_mixin.py:149} INFO - [2023-06-13T02:43:40.522+0000] {dag.py:2726} INFO - Sync 1 DAGs
[2023-06-13T02:43:40.697+0000] {logging_mixin.py:149} INFO - [2023-06-13T02:43:40.696+0000] {dag.py:3490} INFO - Setting next_dagrun for example_branch_labels to 2023-06-12T00:00:00+00:00, run_after=2023-06-13T00:00:00+00:00
[2023-06-13T02:43:40.780+0000] {processor.py:179} INFO - Processing /home/airflow/.local/lib/python3.7/site-packages/airflow/example_dags/example_branch_labels.py took 0.446 seconds
[2023-06-13T02:44:11.065+0000] {processor.py:157} INFO - Started process (PID=1373) to work on /home/airflow/.local/lib/python3.7/site-packages/airflow/example_dags/example_branch_labels.py
[2023-06-13T02:44:11.071+0000] {processor.py:826} INFO - Processing file /home/airflow/.local/lib/python3.7/site-packages/airflow/example_dags/example_branch_labels.py for tasks to queue
[2023-06-13T02:44:11.075+0000] {logging_mixin.py:149} INFO - [2023-06-13T02:44:11.074+0000] {dagbag.py:541} INFO - Filling up the DagBag from /home/airflow/.local/lib/python3.7/site-packages/airflow/example_dags/example_branch_labels.py
[2023-06-13T02:44:11.098+0000] {processor.py:836} INFO - DAG(s) dict_keys(['example_branch_labels']) retrieved from /home/airflow/.local/lib/python3.7/site-packages/airflow/example_dags/example_branch_labels.py
[2023-06-13T02:44:11.174+0000] {logging_mixin.py:149} INFO - [2023-06-13T02:44:11.173+0000] {dag.py:2726} INFO - Sync 1 DAGs
[2023-06-13T02:44:11.260+0000] {logging_mixin.py:149} INFO - [2023-06-13T02:44:11.260+0000] {dag.py:3490} INFO - Setting next_dagrun for example_branch_labels to 2023-06-12T00:00:00+00:00, run_after=2023-06-13T00:00:00+00:00
[2023-06-13T02:44:11.332+0000] {processor.py:179} INFO - Processing /home/airflow/.local/lib/python3.7/site-packages/airflow/example_dags/example_branch_labels.py took 0.274 seconds
