[2023-06-13T01:50:02.179+0000] {processor.py:157} INFO - Started process (PID=68) to work on /home/airflow/.local/lib/python3.7/site-packages/airflow/example_dags/example_trigger_target_dag.py
[2023-06-13T01:50:02.180+0000] {processor.py:826} INFO - Processing file /home/airflow/.local/lib/python3.7/site-packages/airflow/example_dags/example_trigger_target_dag.py for tasks to queue
[2023-06-13T01:50:02.182+0000] {logging_mixin.py:149} INFO - [2023-06-13T01:50:02.182+0000] {dagbag.py:541} INFO - Filling up the DagBag from /home/airflow/.local/lib/python3.7/site-packages/airflow/example_dags/example_trigger_target_dag.py
[2023-06-13T01:50:02.196+0000] {processor.py:836} INFO - DAG(s) dict_keys(['example_trigger_target_dag']) retrieved from /home/airflow/.local/lib/python3.7/site-packages/airflow/example_dags/example_trigger_target_dag.py
[2023-06-13T01:50:02.247+0000] {logging_mixin.py:149} INFO - [2023-06-13T01:50:02.247+0000] {dag.py:2726} INFO - Sync 1 DAGs
[2023-06-13T01:50:02.297+0000] {logging_mixin.py:149} INFO - [2023-06-13T01:50:02.296+0000] {dag.py:3490} INFO - Setting next_dagrun for example_trigger_target_dag to None, run_after=None
[2023-06-13T01:50:02.348+0000] {processor.py:179} INFO - Processing /home/airflow/.local/lib/python3.7/site-packages/airflow/example_dags/example_trigger_target_dag.py took 0.173 seconds
[2023-06-13T01:50:32.427+0000] {processor.py:157} INFO - Started process (PID=128) to work on /home/airflow/.local/lib/python3.7/site-packages/airflow/example_dags/example_trigger_target_dag.py
[2023-06-13T01:50:32.429+0000] {processor.py:826} INFO - Processing file /home/airflow/.local/lib/python3.7/site-packages/airflow/example_dags/example_trigger_target_dag.py for tasks to queue
[2023-06-13T01:50:32.431+0000] {logging_mixin.py:149} INFO - [2023-06-13T01:50:32.430+0000] {dagbag.py:541} INFO - Filling up the DagBag from /home/airflow/.local/lib/python3.7/site-packages/airflow/example_dags/example_trigger_target_dag.py
[2023-06-13T01:50:32.439+0000] {processor.py:836} INFO - DAG(s) dict_keys(['example_trigger_target_dag']) retrieved from /home/airflow/.local/lib/python3.7/site-packages/airflow/example_dags/example_trigger_target_dag.py
[2023-06-13T01:50:32.475+0000] {logging_mixin.py:149} INFO - [2023-06-13T01:50:32.475+0000] {dag.py:2726} INFO - Sync 1 DAGs
[2023-06-13T01:50:32.520+0000] {logging_mixin.py:149} INFO - [2023-06-13T01:50:32.520+0000] {dag.py:3490} INFO - Setting next_dagrun for example_trigger_target_dag to None, run_after=None
[2023-06-13T01:50:32.561+0000] {processor.py:179} INFO - Processing /home/airflow/.local/lib/python3.7/site-packages/airflow/example_dags/example_trigger_target_dag.py took 0.137 seconds
[2023-06-13T01:51:03.658+0000] {processor.py:157} INFO - Started process (PID=188) to work on /home/airflow/.local/lib/python3.7/site-packages/airflow/example_dags/example_trigger_target_dag.py
[2023-06-13T01:51:03.659+0000] {processor.py:826} INFO - Processing file /home/airflow/.local/lib/python3.7/site-packages/airflow/example_dags/example_trigger_target_dag.py for tasks to queue
[2023-06-13T01:51:03.660+0000] {logging_mixin.py:149} INFO - [2023-06-13T01:51:03.660+0000] {dagbag.py:541} INFO - Filling up the DagBag from /home/airflow/.local/lib/python3.7/site-packages/airflow/example_dags/example_trigger_target_dag.py
[2023-06-13T01:51:03.668+0000] {processor.py:836} INFO - DAG(s) dict_keys(['example_trigger_target_dag']) retrieved from /home/airflow/.local/lib/python3.7/site-packages/airflow/example_dags/example_trigger_target_dag.py
[2023-06-13T01:51:03.706+0000] {logging_mixin.py:149} INFO - [2023-06-13T01:51:03.706+0000] {dag.py:2726} INFO - Sync 1 DAGs
[2023-06-13T01:51:03.753+0000] {logging_mixin.py:149} INFO - [2023-06-13T01:51:03.753+0000] {dag.py:3490} INFO - Setting next_dagrun for example_trigger_target_dag to None, run_after=None
[2023-06-13T01:51:03.806+0000] {processor.py:179} INFO - Processing /home/airflow/.local/lib/python3.7/site-packages/airflow/example_dags/example_trigger_target_dag.py took 0.151 seconds
[2023-06-13T01:51:33.960+0000] {processor.py:157} INFO - Started process (PID=248) to work on /home/airflow/.local/lib/python3.7/site-packages/airflow/example_dags/example_trigger_target_dag.py
[2023-06-13T01:51:33.962+0000] {processor.py:826} INFO - Processing file /home/airflow/.local/lib/python3.7/site-packages/airflow/example_dags/example_trigger_target_dag.py for tasks to queue
[2023-06-13T01:51:33.963+0000] {logging_mixin.py:149} INFO - [2023-06-13T01:51:33.963+0000] {dagbag.py:541} INFO - Filling up the DagBag from /home/airflow/.local/lib/python3.7/site-packages/airflow/example_dags/example_trigger_target_dag.py
[2023-06-13T01:51:33.970+0000] {processor.py:836} INFO - DAG(s) dict_keys(['example_trigger_target_dag']) retrieved from /home/airflow/.local/lib/python3.7/site-packages/airflow/example_dags/example_trigger_target_dag.py
[2023-06-13T01:51:34.003+0000] {logging_mixin.py:149} INFO - [2023-06-13T01:51:34.003+0000] {dag.py:2726} INFO - Sync 1 DAGs
[2023-06-13T01:51:34.042+0000] {logging_mixin.py:149} INFO - [2023-06-13T01:51:34.041+0000] {dag.py:3490} INFO - Setting next_dagrun for example_trigger_target_dag to None, run_after=None
[2023-06-13T01:51:34.080+0000] {processor.py:179} INFO - Processing /home/airflow/.local/lib/python3.7/site-packages/airflow/example_dags/example_trigger_target_dag.py took 0.123 seconds
[2023-06-13T01:53:57.087+0000] {processor.py:157} INFO - Started process (PID=75) to work on /home/airflow/.local/lib/python3.7/site-packages/airflow/example_dags/example_trigger_target_dag.py
[2023-06-13T01:53:57.090+0000] {processor.py:826} INFO - Processing file /home/airflow/.local/lib/python3.7/site-packages/airflow/example_dags/example_trigger_target_dag.py for tasks to queue
[2023-06-13T01:53:57.092+0000] {logging_mixin.py:149} INFO - [2023-06-13T01:53:57.091+0000] {dagbag.py:541} INFO - Filling up the DagBag from /home/airflow/.local/lib/python3.7/site-packages/airflow/example_dags/example_trigger_target_dag.py
[2023-06-13T01:53:57.110+0000] {processor.py:836} INFO - DAG(s) dict_keys(['example_trigger_target_dag']) retrieved from /home/airflow/.local/lib/python3.7/site-packages/airflow/example_dags/example_trigger_target_dag.py
[2023-06-13T01:53:57.202+0000] {logging_mixin.py:149} INFO - [2023-06-13T01:53:57.202+0000] {dag.py:2726} INFO - Sync 1 DAGs
[2023-06-13T01:53:57.300+0000] {logging_mixin.py:149} INFO - [2023-06-13T01:53:57.299+0000] {dag.py:3490} INFO - Setting next_dagrun for example_trigger_target_dag to None, run_after=None
[2023-06-13T01:53:57.386+0000] {processor.py:179} INFO - Processing /home/airflow/.local/lib/python3.7/site-packages/airflow/example_dags/example_trigger_target_dag.py took 0.304 seconds
[2023-06-13T01:54:27.941+0000] {processor.py:157} INFO - Started process (PID=136) to work on /home/airflow/.local/lib/python3.7/site-packages/airflow/example_dags/example_trigger_target_dag.py
[2023-06-13T01:54:27.943+0000] {processor.py:826} INFO - Processing file /home/airflow/.local/lib/python3.7/site-packages/airflow/example_dags/example_trigger_target_dag.py for tasks to queue
[2023-06-13T01:54:27.945+0000] {logging_mixin.py:149} INFO - [2023-06-13T01:54:27.944+0000] {dagbag.py:541} INFO - Filling up the DagBag from /home/airflow/.local/lib/python3.7/site-packages/airflow/example_dags/example_trigger_target_dag.py
[2023-06-13T01:54:27.952+0000] {processor.py:836} INFO - DAG(s) dict_keys(['example_trigger_target_dag']) retrieved from /home/airflow/.local/lib/python3.7/site-packages/airflow/example_dags/example_trigger_target_dag.py
[2023-06-13T01:54:27.997+0000] {logging_mixin.py:149} INFO - [2023-06-13T01:54:27.996+0000] {dag.py:2726} INFO - Sync 1 DAGs
[2023-06-13T01:54:28.038+0000] {logging_mixin.py:149} INFO - [2023-06-13T01:54:28.038+0000] {dag.py:3490} INFO - Setting next_dagrun for example_trigger_target_dag to None, run_after=None
[2023-06-13T01:54:28.079+0000] {processor.py:179} INFO - Processing /home/airflow/.local/lib/python3.7/site-packages/airflow/example_dags/example_trigger_target_dag.py took 0.142 seconds
[2023-06-13T01:54:58.728+0000] {processor.py:157} INFO - Started process (PID=196) to work on /home/airflow/.local/lib/python3.7/site-packages/airflow/example_dags/example_trigger_target_dag.py
[2023-06-13T01:54:58.731+0000] {processor.py:826} INFO - Processing file /home/airflow/.local/lib/python3.7/site-packages/airflow/example_dags/example_trigger_target_dag.py for tasks to queue
[2023-06-13T01:54:58.733+0000] {logging_mixin.py:149} INFO - [2023-06-13T01:54:58.732+0000] {dagbag.py:541} INFO - Filling up the DagBag from /home/airflow/.local/lib/python3.7/site-packages/airflow/example_dags/example_trigger_target_dag.py
[2023-06-13T01:54:58.742+0000] {processor.py:836} INFO - DAG(s) dict_keys(['example_trigger_target_dag']) retrieved from /home/airflow/.local/lib/python3.7/site-packages/airflow/example_dags/example_trigger_target_dag.py
[2023-06-13T01:54:58.780+0000] {logging_mixin.py:149} INFO - [2023-06-13T01:54:58.780+0000] {dag.py:2726} INFO - Sync 1 DAGs
[2023-06-13T01:54:58.834+0000] {logging_mixin.py:149} INFO - [2023-06-13T01:54:58.834+0000] {dag.py:3490} INFO - Setting next_dagrun for example_trigger_target_dag to None, run_after=None
[2023-06-13T01:54:58.880+0000] {processor.py:179} INFO - Processing /home/airflow/.local/lib/python3.7/site-packages/airflow/example_dags/example_trigger_target_dag.py took 0.155 seconds
[2023-06-13T01:55:29.260+0000] {processor.py:157} INFO - Started process (PID=257) to work on /home/airflow/.local/lib/python3.7/site-packages/airflow/example_dags/example_trigger_target_dag.py
[2023-06-13T01:55:29.261+0000] {processor.py:826} INFO - Processing file /home/airflow/.local/lib/python3.7/site-packages/airflow/example_dags/example_trigger_target_dag.py for tasks to queue
[2023-06-13T01:55:29.263+0000] {logging_mixin.py:149} INFO - [2023-06-13T01:55:29.263+0000] {dagbag.py:541} INFO - Filling up the DagBag from /home/airflow/.local/lib/python3.7/site-packages/airflow/example_dags/example_trigger_target_dag.py
[2023-06-13T01:55:29.272+0000] {processor.py:836} INFO - DAG(s) dict_keys(['example_trigger_target_dag']) retrieved from /home/airflow/.local/lib/python3.7/site-packages/airflow/example_dags/example_trigger_target_dag.py
[2023-06-13T01:55:29.321+0000] {logging_mixin.py:149} INFO - [2023-06-13T01:55:29.321+0000] {dag.py:2726} INFO - Sync 1 DAGs
[2023-06-13T01:55:29.414+0000] {logging_mixin.py:149} INFO - [2023-06-13T01:55:29.414+0000] {dag.py:3490} INFO - Setting next_dagrun for example_trigger_target_dag to None, run_after=None
[2023-06-13T01:55:29.526+0000] {processor.py:179} INFO - Processing /home/airflow/.local/lib/python3.7/site-packages/airflow/example_dags/example_trigger_target_dag.py took 0.272 seconds
[2023-06-13T01:55:59.908+0000] {processor.py:157} INFO - Started process (PID=316) to work on /home/airflow/.local/lib/python3.7/site-packages/airflow/example_dags/example_trigger_target_dag.py
[2023-06-13T01:55:59.910+0000] {processor.py:826} INFO - Processing file /home/airflow/.local/lib/python3.7/site-packages/airflow/example_dags/example_trigger_target_dag.py for tasks to queue
[2023-06-13T01:55:59.912+0000] {logging_mixin.py:149} INFO - [2023-06-13T01:55:59.912+0000] {dagbag.py:541} INFO - Filling up the DagBag from /home/airflow/.local/lib/python3.7/site-packages/airflow/example_dags/example_trigger_target_dag.py
[2023-06-13T01:55:59.921+0000] {processor.py:836} INFO - DAG(s) dict_keys(['example_trigger_target_dag']) retrieved from /home/airflow/.local/lib/python3.7/site-packages/airflow/example_dags/example_trigger_target_dag.py
[2023-06-13T01:55:59.961+0000] {logging_mixin.py:149} INFO - [2023-06-13T01:55:59.961+0000] {dag.py:2726} INFO - Sync 1 DAGs
[2023-06-13T01:56:00.000+0000] {logging_mixin.py:149} INFO - [2023-06-13T01:56:00.000+0000] {dag.py:3490} INFO - Setting next_dagrun for example_trigger_target_dag to None, run_after=None
[2023-06-13T01:56:00.039+0000] {processor.py:179} INFO - Processing /home/airflow/.local/lib/python3.7/site-packages/airflow/example_dags/example_trigger_target_dag.py took 0.135 seconds
[2023-06-13T01:56:30.343+0000] {processor.py:157} INFO - Started process (PID=376) to work on /home/airflow/.local/lib/python3.7/site-packages/airflow/example_dags/example_trigger_target_dag.py
[2023-06-13T01:56:30.345+0000] {processor.py:826} INFO - Processing file /home/airflow/.local/lib/python3.7/site-packages/airflow/example_dags/example_trigger_target_dag.py for tasks to queue
[2023-06-13T01:56:30.346+0000] {logging_mixin.py:149} INFO - [2023-06-13T01:56:30.346+0000] {dagbag.py:541} INFO - Filling up the DagBag from /home/airflow/.local/lib/python3.7/site-packages/airflow/example_dags/example_trigger_target_dag.py
[2023-06-13T01:56:30.354+0000] {processor.py:836} INFO - DAG(s) dict_keys(['example_trigger_target_dag']) retrieved from /home/airflow/.local/lib/python3.7/site-packages/airflow/example_dags/example_trigger_target_dag.py
[2023-06-13T01:56:30.396+0000] {logging_mixin.py:149} INFO - [2023-06-13T01:56:30.396+0000] {dag.py:2726} INFO - Sync 1 DAGs
[2023-06-13T01:56:30.443+0000] {logging_mixin.py:149} INFO - [2023-06-13T01:56:30.443+0000] {dag.py:3490} INFO - Setting next_dagrun for example_trigger_target_dag to None, run_after=None
[2023-06-13T01:56:30.481+0000] {processor.py:179} INFO - Processing /home/airflow/.local/lib/python3.7/site-packages/airflow/example_dags/example_trigger_target_dag.py took 0.142 seconds
[2023-06-13T01:57:00.758+0000] {processor.py:157} INFO - Started process (PID=437) to work on /home/airflow/.local/lib/python3.7/site-packages/airflow/example_dags/example_trigger_target_dag.py
[2023-06-13T01:57:00.760+0000] {processor.py:826} INFO - Processing file /home/airflow/.local/lib/python3.7/site-packages/airflow/example_dags/example_trigger_target_dag.py for tasks to queue
[2023-06-13T01:57:00.761+0000] {logging_mixin.py:149} INFO - [2023-06-13T01:57:00.761+0000] {dagbag.py:541} INFO - Filling up the DagBag from /home/airflow/.local/lib/python3.7/site-packages/airflow/example_dags/example_trigger_target_dag.py
[2023-06-13T01:57:00.767+0000] {processor.py:836} INFO - DAG(s) dict_keys(['example_trigger_target_dag']) retrieved from /home/airflow/.local/lib/python3.7/site-packages/airflow/example_dags/example_trigger_target_dag.py
[2023-06-13T01:57:00.797+0000] {logging_mixin.py:149} INFO - [2023-06-13T01:57:00.797+0000] {dag.py:2726} INFO - Sync 1 DAGs
[2023-06-13T01:57:00.840+0000] {logging_mixin.py:149} INFO - [2023-06-13T01:57:00.839+0000] {dag.py:3490} INFO - Setting next_dagrun for example_trigger_target_dag to None, run_after=None
[2023-06-13T01:57:00.874+0000] {processor.py:179} INFO - Processing /home/airflow/.local/lib/python3.7/site-packages/airflow/example_dags/example_trigger_target_dag.py took 0.119 seconds
[2023-06-13T01:57:31.072+0000] {processor.py:157} INFO - Started process (PID=497) to work on /home/airflow/.local/lib/python3.7/site-packages/airflow/example_dags/example_trigger_target_dag.py
[2023-06-13T01:57:31.073+0000] {processor.py:826} INFO - Processing file /home/airflow/.local/lib/python3.7/site-packages/airflow/example_dags/example_trigger_target_dag.py for tasks to queue
[2023-06-13T01:57:31.075+0000] {logging_mixin.py:149} INFO - [2023-06-13T01:57:31.074+0000] {dagbag.py:541} INFO - Filling up the DagBag from /home/airflow/.local/lib/python3.7/site-packages/airflow/example_dags/example_trigger_target_dag.py
[2023-06-13T01:57:31.081+0000] {processor.py:836} INFO - DAG(s) dict_keys(['example_trigger_target_dag']) retrieved from /home/airflow/.local/lib/python3.7/site-packages/airflow/example_dags/example_trigger_target_dag.py
[2023-06-13T01:57:31.116+0000] {logging_mixin.py:149} INFO - [2023-06-13T01:57:31.115+0000] {dag.py:2726} INFO - Sync 1 DAGs
[2023-06-13T01:57:31.151+0000] {logging_mixin.py:149} INFO - [2023-06-13T01:57:31.150+0000] {dag.py:3490} INFO - Setting next_dagrun for example_trigger_target_dag to None, run_after=None
[2023-06-13T01:57:31.181+0000] {processor.py:179} INFO - Processing /home/airflow/.local/lib/python3.7/site-packages/airflow/example_dags/example_trigger_target_dag.py took 0.112 seconds
[2023-06-13T01:58:01.586+0000] {processor.py:157} INFO - Started process (PID=557) to work on /home/airflow/.local/lib/python3.7/site-packages/airflow/example_dags/example_trigger_target_dag.py
[2023-06-13T01:58:01.588+0000] {processor.py:826} INFO - Processing file /home/airflow/.local/lib/python3.7/site-packages/airflow/example_dags/example_trigger_target_dag.py for tasks to queue
[2023-06-13T01:58:01.590+0000] {logging_mixin.py:149} INFO - [2023-06-13T01:58:01.589+0000] {dagbag.py:541} INFO - Filling up the DagBag from /home/airflow/.local/lib/python3.7/site-packages/airflow/example_dags/example_trigger_target_dag.py
[2023-06-13T01:58:01.597+0000] {processor.py:836} INFO - DAG(s) dict_keys(['example_trigger_target_dag']) retrieved from /home/airflow/.local/lib/python3.7/site-packages/airflow/example_dags/example_trigger_target_dag.py
[2023-06-13T01:58:01.617+0000] {logging_mixin.py:149} INFO - [2023-06-13T01:58:01.617+0000] {dag.py:2726} INFO - Sync 1 DAGs
[2023-06-13T01:58:01.662+0000] {logging_mixin.py:149} INFO - [2023-06-13T01:58:01.662+0000] {dag.py:3490} INFO - Setting next_dagrun for example_trigger_target_dag to None, run_after=None
[2023-06-13T01:58:01.718+0000] {processor.py:179} INFO - Processing /home/airflow/.local/lib/python3.7/site-packages/airflow/example_dags/example_trigger_target_dag.py took 0.135 seconds
[2023-06-13T01:58:32.232+0000] {processor.py:157} INFO - Started process (PID=617) to work on /home/airflow/.local/lib/python3.7/site-packages/airflow/example_dags/example_trigger_target_dag.py
[2023-06-13T01:58:32.233+0000] {processor.py:826} INFO - Processing file /home/airflow/.local/lib/python3.7/site-packages/airflow/example_dags/example_trigger_target_dag.py for tasks to queue
[2023-06-13T01:58:32.235+0000] {logging_mixin.py:149} INFO - [2023-06-13T01:58:32.235+0000] {dagbag.py:541} INFO - Filling up the DagBag from /home/airflow/.local/lib/python3.7/site-packages/airflow/example_dags/example_trigger_target_dag.py
[2023-06-13T01:58:32.242+0000] {processor.py:836} INFO - DAG(s) dict_keys(['example_trigger_target_dag']) retrieved from /home/airflow/.local/lib/python3.7/site-packages/airflow/example_dags/example_trigger_target_dag.py
[2023-06-13T01:58:32.282+0000] {logging_mixin.py:149} INFO - [2023-06-13T01:58:32.282+0000] {dag.py:2726} INFO - Sync 1 DAGs
[2023-06-13T01:58:32.329+0000] {logging_mixin.py:149} INFO - [2023-06-13T01:58:32.329+0000] {dag.py:3490} INFO - Setting next_dagrun for example_trigger_target_dag to None, run_after=None
[2023-06-13T01:58:32.372+0000] {processor.py:179} INFO - Processing /home/airflow/.local/lib/python3.7/site-packages/airflow/example_dags/example_trigger_target_dag.py took 0.144 seconds
[2023-06-13T01:59:02.431+0000] {processor.py:157} INFO - Started process (PID=677) to work on /home/airflow/.local/lib/python3.7/site-packages/airflow/example_dags/example_trigger_target_dag.py
[2023-06-13T01:59:02.433+0000] {processor.py:826} INFO - Processing file /home/airflow/.local/lib/python3.7/site-packages/airflow/example_dags/example_trigger_target_dag.py for tasks to queue
[2023-06-13T01:59:02.435+0000] {logging_mixin.py:149} INFO - [2023-06-13T01:59:02.434+0000] {dagbag.py:541} INFO - Filling up the DagBag from /home/airflow/.local/lib/python3.7/site-packages/airflow/example_dags/example_trigger_target_dag.py
[2023-06-13T01:59:02.443+0000] {processor.py:836} INFO - DAG(s) dict_keys(['example_trigger_target_dag']) retrieved from /home/airflow/.local/lib/python3.7/site-packages/airflow/example_dags/example_trigger_target_dag.py
[2023-06-13T01:59:02.480+0000] {logging_mixin.py:149} INFO - [2023-06-13T01:59:02.480+0000] {dag.py:2726} INFO - Sync 1 DAGs
[2023-06-13T01:59:02.521+0000] {logging_mixin.py:149} INFO - [2023-06-13T01:59:02.520+0000] {dag.py:3490} INFO - Setting next_dagrun for example_trigger_target_dag to None, run_after=None
[2023-06-13T01:59:02.561+0000] {processor.py:179} INFO - Processing /home/airflow/.local/lib/python3.7/site-packages/airflow/example_dags/example_trigger_target_dag.py took 0.134 seconds
[2023-06-13T01:59:32.687+0000] {processor.py:157} INFO - Started process (PID=737) to work on /home/airflow/.local/lib/python3.7/site-packages/airflow/example_dags/example_trigger_target_dag.py
[2023-06-13T01:59:32.689+0000] {processor.py:826} INFO - Processing file /home/airflow/.local/lib/python3.7/site-packages/airflow/example_dags/example_trigger_target_dag.py for tasks to queue
[2023-06-13T01:59:32.691+0000] {logging_mixin.py:149} INFO - [2023-06-13T01:59:32.691+0000] {dagbag.py:541} INFO - Filling up the DagBag from /home/airflow/.local/lib/python3.7/site-packages/airflow/example_dags/example_trigger_target_dag.py
[2023-06-13T01:59:32.698+0000] {processor.py:836} INFO - DAG(s) dict_keys(['example_trigger_target_dag']) retrieved from /home/airflow/.local/lib/python3.7/site-packages/airflow/example_dags/example_trigger_target_dag.py
[2023-06-13T01:59:32.730+0000] {logging_mixin.py:149} INFO - [2023-06-13T01:59:32.730+0000] {dag.py:2726} INFO - Sync 1 DAGs
[2023-06-13T01:59:32.768+0000] {logging_mixin.py:149} INFO - [2023-06-13T01:59:32.767+0000] {dag.py:3490} INFO - Setting next_dagrun for example_trigger_target_dag to None, run_after=None
[2023-06-13T01:59:32.806+0000] {processor.py:179} INFO - Processing /home/airflow/.local/lib/python3.7/site-packages/airflow/example_dags/example_trigger_target_dag.py took 0.122 seconds
[2023-06-13T02:01:05.913+0000] {processor.py:157} INFO - Started process (PID=75) to work on /home/airflow/.local/lib/python3.7/site-packages/airflow/example_dags/example_trigger_target_dag.py
[2023-06-13T02:01:05.917+0000] {processor.py:826} INFO - Processing file /home/airflow/.local/lib/python3.7/site-packages/airflow/example_dags/example_trigger_target_dag.py for tasks to queue
[2023-06-13T02:01:05.919+0000] {logging_mixin.py:149} INFO - [2023-06-13T02:01:05.919+0000] {dagbag.py:541} INFO - Filling up the DagBag from /home/airflow/.local/lib/python3.7/site-packages/airflow/example_dags/example_trigger_target_dag.py
[2023-06-13T02:01:05.941+0000] {processor.py:836} INFO - DAG(s) dict_keys(['example_trigger_target_dag']) retrieved from /home/airflow/.local/lib/python3.7/site-packages/airflow/example_dags/example_trigger_target_dag.py
[2023-06-13T02:01:06.031+0000] {logging_mixin.py:149} INFO - [2023-06-13T02:01:06.030+0000] {dag.py:2726} INFO - Sync 1 DAGs
[2023-06-13T02:01:06.158+0000] {logging_mixin.py:149} INFO - [2023-06-13T02:01:06.158+0000] {dag.py:3490} INFO - Setting next_dagrun for example_trigger_target_dag to None, run_after=None
[2023-06-13T02:01:06.245+0000] {processor.py:179} INFO - Processing /home/airflow/.local/lib/python3.7/site-packages/airflow/example_dags/example_trigger_target_dag.py took 0.343 seconds
[2023-06-13T02:01:37.020+0000] {processor.py:157} INFO - Started process (PID=134) to work on /home/airflow/.local/lib/python3.7/site-packages/airflow/example_dags/example_trigger_target_dag.py
[2023-06-13T02:01:37.023+0000] {processor.py:826} INFO - Processing file /home/airflow/.local/lib/python3.7/site-packages/airflow/example_dags/example_trigger_target_dag.py for tasks to queue
[2023-06-13T02:01:37.025+0000] {logging_mixin.py:149} INFO - [2023-06-13T02:01:37.025+0000] {dagbag.py:541} INFO - Filling up the DagBag from /home/airflow/.local/lib/python3.7/site-packages/airflow/example_dags/example_trigger_target_dag.py
[2023-06-13T02:01:37.039+0000] {processor.py:836} INFO - DAG(s) dict_keys(['example_trigger_target_dag']) retrieved from /home/airflow/.local/lib/python3.7/site-packages/airflow/example_dags/example_trigger_target_dag.py
[2023-06-13T02:01:37.103+0000] {logging_mixin.py:149} INFO - [2023-06-13T02:01:37.103+0000] {dag.py:2726} INFO - Sync 1 DAGs
[2023-06-13T02:01:37.246+0000] {logging_mixin.py:149} INFO - [2023-06-13T02:01:37.246+0000] {dag.py:3490} INFO - Setting next_dagrun for example_trigger_target_dag to None, run_after=None
[2023-06-13T02:01:37.343+0000] {processor.py:179} INFO - Processing /home/airflow/.local/lib/python3.7/site-packages/airflow/example_dags/example_trigger_target_dag.py took 0.329 seconds
[2023-06-13T02:32:32.207+0000] {processor.py:157} INFO - Started process (PID=86) to work on /home/airflow/.local/lib/python3.7/site-packages/airflow/example_dags/example_trigger_target_dag.py
[2023-06-13T02:32:32.211+0000] {processor.py:826} INFO - Processing file /home/airflow/.local/lib/python3.7/site-packages/airflow/example_dags/example_trigger_target_dag.py for tasks to queue
[2023-06-13T02:32:32.214+0000] {logging_mixin.py:149} INFO - [2023-06-13T02:32:32.214+0000] {dagbag.py:541} INFO - Filling up the DagBag from /home/airflow/.local/lib/python3.7/site-packages/airflow/example_dags/example_trigger_target_dag.py
[2023-06-13T02:32:32.237+0000] {processor.py:836} INFO - DAG(s) dict_keys(['example_trigger_target_dag']) retrieved from /home/airflow/.local/lib/python3.7/site-packages/airflow/example_dags/example_trigger_target_dag.py
[2023-06-13T02:32:32.347+0000] {logging_mixin.py:149} INFO - [2023-06-13T02:32:32.346+0000] {dag.py:2726} INFO - Sync 1 DAGs
[2023-06-13T02:32:32.456+0000] {logging_mixin.py:149} INFO - [2023-06-13T02:32:32.455+0000] {dag.py:3490} INFO - Setting next_dagrun for example_trigger_target_dag to None, run_after=None
[2023-06-13T02:32:32.577+0000] {processor.py:179} INFO - Processing /home/airflow/.local/lib/python3.7/site-packages/airflow/example_dags/example_trigger_target_dag.py took 0.377 seconds
[2023-06-13T02:33:03.671+0000] {processor.py:157} INFO - Started process (PID=146) to work on /home/airflow/.local/lib/python3.7/site-packages/airflow/example_dags/example_trigger_target_dag.py
[2023-06-13T02:33:03.675+0000] {processor.py:826} INFO - Processing file /home/airflow/.local/lib/python3.7/site-packages/airflow/example_dags/example_trigger_target_dag.py for tasks to queue
[2023-06-13T02:33:03.679+0000] {logging_mixin.py:149} INFO - [2023-06-13T02:33:03.678+0000] {dagbag.py:541} INFO - Filling up the DagBag from /home/airflow/.local/lib/python3.7/site-packages/airflow/example_dags/example_trigger_target_dag.py
[2023-06-13T02:33:03.715+0000] {processor.py:836} INFO - DAG(s) dict_keys(['example_trigger_target_dag']) retrieved from /home/airflow/.local/lib/python3.7/site-packages/airflow/example_dags/example_trigger_target_dag.py
[2023-06-13T02:33:03.848+0000] {logging_mixin.py:149} INFO - [2023-06-13T02:33:03.847+0000] {dag.py:2726} INFO - Sync 1 DAGs
[2023-06-13T02:33:04.047+0000] {logging_mixin.py:149} INFO - [2023-06-13T02:33:04.045+0000] {dag.py:3490} INFO - Setting next_dagrun for example_trigger_target_dag to None, run_after=None
[2023-06-13T02:33:04.205+0000] {processor.py:179} INFO - Processing /home/airflow/.local/lib/python3.7/site-packages/airflow/example_dags/example_trigger_target_dag.py took 0.543 seconds
[2023-06-13T02:34:04.096+0000] {processor.py:157} INFO - Started process (PID=212) to work on /home/airflow/.local/lib/python3.7/site-packages/airflow/example_dags/example_trigger_target_dag.py
[2023-06-13T02:34:04.100+0000] {processor.py:826} INFO - Processing file /home/airflow/.local/lib/python3.7/site-packages/airflow/example_dags/example_trigger_target_dag.py for tasks to queue
[2023-06-13T02:34:04.129+0000] {logging_mixin.py:149} INFO - [2023-06-13T02:34:04.128+0000] {dagbag.py:541} INFO - Filling up the DagBag from /home/airflow/.local/lib/python3.7/site-packages/airflow/example_dags/example_trigger_target_dag.py
[2023-06-13T02:34:04.215+0000] {processor.py:836} INFO - DAG(s) dict_keys(['example_trigger_target_dag']) retrieved from /home/airflow/.local/lib/python3.7/site-packages/airflow/example_dags/example_trigger_target_dag.py
[2023-06-13T02:34:04.832+0000] {logging_mixin.py:149} INFO - [2023-06-13T02:34:04.831+0000] {dag.py:2726} INFO - Sync 1 DAGs
[2023-06-13T02:34:06.598+0000] {logging_mixin.py:149} INFO - [2023-06-13T02:34:06.597+0000] {dag.py:3490} INFO - Setting next_dagrun for example_trigger_target_dag to None, run_after=None
[2023-06-13T02:34:06.872+0000] {processor.py:179} INFO - Processing /home/airflow/.local/lib/python3.7/site-packages/airflow/example_dags/example_trigger_target_dag.py took 2.825 seconds
[2023-06-13T02:34:37.077+0000] {processor.py:157} INFO - Started process (PID=272) to work on /home/airflow/.local/lib/python3.7/site-packages/airflow/example_dags/example_trigger_target_dag.py
[2023-06-13T02:34:37.081+0000] {processor.py:826} INFO - Processing file /home/airflow/.local/lib/python3.7/site-packages/airflow/example_dags/example_trigger_target_dag.py for tasks to queue
[2023-06-13T02:34:37.086+0000] {logging_mixin.py:149} INFO - [2023-06-13T02:34:37.085+0000] {dagbag.py:541} INFO - Filling up the DagBag from /home/airflow/.local/lib/python3.7/site-packages/airflow/example_dags/example_trigger_target_dag.py
[2023-06-13T02:34:37.107+0000] {processor.py:836} INFO - DAG(s) dict_keys(['example_trigger_target_dag']) retrieved from /home/airflow/.local/lib/python3.7/site-packages/airflow/example_dags/example_trigger_target_dag.py
[2023-06-13T02:34:37.208+0000] {logging_mixin.py:149} INFO - [2023-06-13T02:34:37.208+0000] {dag.py:2726} INFO - Sync 1 DAGs
[2023-06-13T02:34:37.326+0000] {logging_mixin.py:149} INFO - [2023-06-13T02:34:37.326+0000] {dag.py:3490} INFO - Setting next_dagrun for example_trigger_target_dag to None, run_after=None
[2023-06-13T02:34:37.405+0000] {processor.py:179} INFO - Processing /home/airflow/.local/lib/python3.7/site-packages/airflow/example_dags/example_trigger_target_dag.py took 0.338 seconds
[2023-06-13T02:35:07.670+0000] {processor.py:157} INFO - Started process (PID=332) to work on /home/airflow/.local/lib/python3.7/site-packages/airflow/example_dags/example_trigger_target_dag.py
[2023-06-13T02:35:07.672+0000] {processor.py:826} INFO - Processing file /home/airflow/.local/lib/python3.7/site-packages/airflow/example_dags/example_trigger_target_dag.py for tasks to queue
[2023-06-13T02:35:07.675+0000] {logging_mixin.py:149} INFO - [2023-06-13T02:35:07.674+0000] {dagbag.py:541} INFO - Filling up the DagBag from /home/airflow/.local/lib/python3.7/site-packages/airflow/example_dags/example_trigger_target_dag.py
[2023-06-13T02:35:07.690+0000] {processor.py:836} INFO - DAG(s) dict_keys(['example_trigger_target_dag']) retrieved from /home/airflow/.local/lib/python3.7/site-packages/airflow/example_dags/example_trigger_target_dag.py
[2023-06-13T02:35:07.790+0000] {logging_mixin.py:149} INFO - [2023-06-13T02:35:07.789+0000] {dag.py:2726} INFO - Sync 1 DAGs
[2023-06-13T02:35:07.962+0000] {logging_mixin.py:149} INFO - [2023-06-13T02:35:07.961+0000] {dag.py:3490} INFO - Setting next_dagrun for example_trigger_target_dag to None, run_after=None
[2023-06-13T02:35:08.092+0000] {processor.py:179} INFO - Processing /home/airflow/.local/lib/python3.7/site-packages/airflow/example_dags/example_trigger_target_dag.py took 0.428 seconds
[2023-06-13T02:35:38.530+0000] {processor.py:157} INFO - Started process (PID=393) to work on /home/airflow/.local/lib/python3.7/site-packages/airflow/example_dags/example_trigger_target_dag.py
[2023-06-13T02:35:38.533+0000] {processor.py:826} INFO - Processing file /home/airflow/.local/lib/python3.7/site-packages/airflow/example_dags/example_trigger_target_dag.py for tasks to queue
[2023-06-13T02:35:38.536+0000] {logging_mixin.py:149} INFO - [2023-06-13T02:35:38.536+0000] {dagbag.py:541} INFO - Filling up the DagBag from /home/airflow/.local/lib/python3.7/site-packages/airflow/example_dags/example_trigger_target_dag.py
[2023-06-13T02:35:38.552+0000] {processor.py:836} INFO - DAG(s) dict_keys(['example_trigger_target_dag']) retrieved from /home/airflow/.local/lib/python3.7/site-packages/airflow/example_dags/example_trigger_target_dag.py
[2023-06-13T02:35:38.626+0000] {logging_mixin.py:149} INFO - [2023-06-13T02:35:38.625+0000] {dag.py:2726} INFO - Sync 1 DAGs
[2023-06-13T02:35:38.711+0000] {logging_mixin.py:149} INFO - [2023-06-13T02:35:38.710+0000] {dag.py:3490} INFO - Setting next_dagrun for example_trigger_target_dag to None, run_after=None
[2023-06-13T02:35:38.779+0000] {processor.py:179} INFO - Processing /home/airflow/.local/lib/python3.7/site-packages/airflow/example_dags/example_trigger_target_dag.py took 0.256 seconds
[2023-06-13T02:36:09.707+0000] {processor.py:157} INFO - Started process (PID=452) to work on /home/airflow/.local/lib/python3.7/site-packages/airflow/example_dags/example_trigger_target_dag.py
[2023-06-13T02:36:09.711+0000] {processor.py:826} INFO - Processing file /home/airflow/.local/lib/python3.7/site-packages/airflow/example_dags/example_trigger_target_dag.py for tasks to queue
[2023-06-13T02:36:09.715+0000] {logging_mixin.py:149} INFO - [2023-06-13T02:36:09.714+0000] {dagbag.py:541} INFO - Filling up the DagBag from /home/airflow/.local/lib/python3.7/site-packages/airflow/example_dags/example_trigger_target_dag.py
[2023-06-13T02:36:09.738+0000] {processor.py:836} INFO - DAG(s) dict_keys(['example_trigger_target_dag']) retrieved from /home/airflow/.local/lib/python3.7/site-packages/airflow/example_dags/example_trigger_target_dag.py
[2023-06-13T02:36:09.825+0000] {logging_mixin.py:149} INFO - [2023-06-13T02:36:09.824+0000] {dag.py:2726} INFO - Sync 1 DAGs
[2023-06-13T02:36:09.907+0000] {logging_mixin.py:149} INFO - [2023-06-13T02:36:09.906+0000] {dag.py:3490} INFO - Setting next_dagrun for example_trigger_target_dag to None, run_after=None
[2023-06-13T02:36:09.987+0000] {processor.py:179} INFO - Processing /home/airflow/.local/lib/python3.7/site-packages/airflow/example_dags/example_trigger_target_dag.py took 0.300 seconds
[2023-06-13T02:36:40.517+0000] {processor.py:157} INFO - Started process (PID=512) to work on /home/airflow/.local/lib/python3.7/site-packages/airflow/example_dags/example_trigger_target_dag.py
[2023-06-13T02:36:40.521+0000] {processor.py:826} INFO - Processing file /home/airflow/.local/lib/python3.7/site-packages/airflow/example_dags/example_trigger_target_dag.py for tasks to queue
[2023-06-13T02:36:40.525+0000] {logging_mixin.py:149} INFO - [2023-06-13T02:36:40.524+0000] {dagbag.py:541} INFO - Filling up the DagBag from /home/airflow/.local/lib/python3.7/site-packages/airflow/example_dags/example_trigger_target_dag.py
[2023-06-13T02:36:40.544+0000] {processor.py:836} INFO - DAG(s) dict_keys(['example_trigger_target_dag']) retrieved from /home/airflow/.local/lib/python3.7/site-packages/airflow/example_dags/example_trigger_target_dag.py
[2023-06-13T02:36:40.640+0000] {logging_mixin.py:149} INFO - [2023-06-13T02:36:40.639+0000] {dag.py:2726} INFO - Sync 1 DAGs
[2023-06-13T02:36:40.757+0000] {logging_mixin.py:149} INFO - [2023-06-13T02:36:40.756+0000] {dag.py:3490} INFO - Setting next_dagrun for example_trigger_target_dag to None, run_after=None
[2023-06-13T02:36:40.847+0000] {processor.py:179} INFO - Processing /home/airflow/.local/lib/python3.7/site-packages/airflow/example_dags/example_trigger_target_dag.py took 0.340 seconds
[2023-06-13T02:37:11.525+0000] {processor.py:157} INFO - Started process (PID=572) to work on /home/airflow/.local/lib/python3.7/site-packages/airflow/example_dags/example_trigger_target_dag.py
[2023-06-13T02:37:11.528+0000] {processor.py:826} INFO - Processing file /home/airflow/.local/lib/python3.7/site-packages/airflow/example_dags/example_trigger_target_dag.py for tasks to queue
[2023-06-13T02:37:11.532+0000] {logging_mixin.py:149} INFO - [2023-06-13T02:37:11.531+0000] {dagbag.py:541} INFO - Filling up the DagBag from /home/airflow/.local/lib/python3.7/site-packages/airflow/example_dags/example_trigger_target_dag.py
[2023-06-13T02:37:11.549+0000] {processor.py:836} INFO - DAG(s) dict_keys(['example_trigger_target_dag']) retrieved from /home/airflow/.local/lib/python3.7/site-packages/airflow/example_dags/example_trigger_target_dag.py
[2023-06-13T02:37:11.626+0000] {logging_mixin.py:149} INFO - [2023-06-13T02:37:11.625+0000] {dag.py:2726} INFO - Sync 1 DAGs
[2023-06-13T02:37:11.741+0000] {logging_mixin.py:149} INFO - [2023-06-13T02:37:11.741+0000] {dag.py:3490} INFO - Setting next_dagrun for example_trigger_target_dag to None, run_after=None
[2023-06-13T02:37:11.822+0000] {processor.py:179} INFO - Processing /home/airflow/.local/lib/python3.7/site-packages/airflow/example_dags/example_trigger_target_dag.py took 0.304 seconds
[2023-06-13T02:37:42.891+0000] {processor.py:157} INFO - Started process (PID=632) to work on /home/airflow/.local/lib/python3.7/site-packages/airflow/example_dags/example_trigger_target_dag.py
[2023-06-13T02:37:42.895+0000] {processor.py:826} INFO - Processing file /home/airflow/.local/lib/python3.7/site-packages/airflow/example_dags/example_trigger_target_dag.py for tasks to queue
[2023-06-13T02:37:42.899+0000] {logging_mixin.py:149} INFO - [2023-06-13T02:37:42.899+0000] {dagbag.py:541} INFO - Filling up the DagBag from /home/airflow/.local/lib/python3.7/site-packages/airflow/example_dags/example_trigger_target_dag.py
[2023-06-13T02:37:42.919+0000] {processor.py:836} INFO - DAG(s) dict_keys(['example_trigger_target_dag']) retrieved from /home/airflow/.local/lib/python3.7/site-packages/airflow/example_dags/example_trigger_target_dag.py
[2023-06-13T02:37:42.988+0000] {logging_mixin.py:149} INFO - [2023-06-13T02:37:42.987+0000] {dag.py:2726} INFO - Sync 1 DAGs
[2023-06-13T02:37:43.056+0000] {logging_mixin.py:149} INFO - [2023-06-13T02:37:43.055+0000] {dag.py:3490} INFO - Setting next_dagrun for example_trigger_target_dag to None, run_after=None
[2023-06-13T02:37:43.126+0000] {processor.py:179} INFO - Processing /home/airflow/.local/lib/python3.7/site-packages/airflow/example_dags/example_trigger_target_dag.py took 0.246 seconds
[2023-06-13T02:38:13.424+0000] {processor.py:157} INFO - Started process (PID=693) to work on /home/airflow/.local/lib/python3.7/site-packages/airflow/example_dags/example_trigger_target_dag.py
[2023-06-13T02:38:13.427+0000] {processor.py:826} INFO - Processing file /home/airflow/.local/lib/python3.7/site-packages/airflow/example_dags/example_trigger_target_dag.py for tasks to queue
[2023-06-13T02:38:13.430+0000] {logging_mixin.py:149} INFO - [2023-06-13T02:38:13.430+0000] {dagbag.py:541} INFO - Filling up the DagBag from /home/airflow/.local/lib/python3.7/site-packages/airflow/example_dags/example_trigger_target_dag.py
[2023-06-13T02:38:13.450+0000] {processor.py:836} INFO - DAG(s) dict_keys(['example_trigger_target_dag']) retrieved from /home/airflow/.local/lib/python3.7/site-packages/airflow/example_dags/example_trigger_target_dag.py
[2023-06-13T02:38:13.525+0000] {logging_mixin.py:149} INFO - [2023-06-13T02:38:13.524+0000] {dag.py:2726} INFO - Sync 1 DAGs
[2023-06-13T02:38:13.595+0000] {logging_mixin.py:149} INFO - [2023-06-13T02:38:13.594+0000] {dag.py:3490} INFO - Setting next_dagrun for example_trigger_target_dag to None, run_after=None
[2023-06-13T02:38:13.657+0000] {processor.py:179} INFO - Processing /home/airflow/.local/lib/python3.7/site-packages/airflow/example_dags/example_trigger_target_dag.py took 0.240 seconds
[2023-06-13T02:38:44.419+0000] {processor.py:157} INFO - Started process (PID=753) to work on /home/airflow/.local/lib/python3.7/site-packages/airflow/example_dags/example_trigger_target_dag.py
[2023-06-13T02:38:44.422+0000] {processor.py:826} INFO - Processing file /home/airflow/.local/lib/python3.7/site-packages/airflow/example_dags/example_trigger_target_dag.py for tasks to queue
[2023-06-13T02:38:44.425+0000] {logging_mixin.py:149} INFO - [2023-06-13T02:38:44.424+0000] {dagbag.py:541} INFO - Filling up the DagBag from /home/airflow/.local/lib/python3.7/site-packages/airflow/example_dags/example_trigger_target_dag.py
[2023-06-13T02:38:44.440+0000] {processor.py:836} INFO - DAG(s) dict_keys(['example_trigger_target_dag']) retrieved from /home/airflow/.local/lib/python3.7/site-packages/airflow/example_dags/example_trigger_target_dag.py
[2023-06-13T02:38:44.500+0000] {logging_mixin.py:149} INFO - [2023-06-13T02:38:44.499+0000] {dag.py:2726} INFO - Sync 1 DAGs
[2023-06-13T02:38:44.580+0000] {logging_mixin.py:149} INFO - [2023-06-13T02:38:44.579+0000] {dag.py:3490} INFO - Setting next_dagrun for example_trigger_target_dag to None, run_after=None
[2023-06-13T02:38:44.640+0000] {processor.py:179} INFO - Processing /home/airflow/.local/lib/python3.7/site-packages/airflow/example_dags/example_trigger_target_dag.py took 0.227 seconds
[2023-06-13T02:39:16.930+0000] {processor.py:157} INFO - Started process (PID=813) to work on /home/airflow/.local/lib/python3.7/site-packages/airflow/example_dags/example_trigger_target_dag.py
[2023-06-13T02:39:16.933+0000] {processor.py:826} INFO - Processing file /home/airflow/.local/lib/python3.7/site-packages/airflow/example_dags/example_trigger_target_dag.py for tasks to queue
[2023-06-13T02:39:16.938+0000] {logging_mixin.py:149} INFO - [2023-06-13T02:39:16.937+0000] {dagbag.py:541} INFO - Filling up the DagBag from /home/airflow/.local/lib/python3.7/site-packages/airflow/example_dags/example_trigger_target_dag.py
[2023-06-13T02:39:16.956+0000] {processor.py:836} INFO - DAG(s) dict_keys(['example_trigger_target_dag']) retrieved from /home/airflow/.local/lib/python3.7/site-packages/airflow/example_dags/example_trigger_target_dag.py
[2023-06-13T02:39:17.046+0000] {logging_mixin.py:149} INFO - [2023-06-13T02:39:17.045+0000] {dag.py:2726} INFO - Sync 1 DAGs
[2023-06-13T02:39:17.169+0000] {logging_mixin.py:149} INFO - [2023-06-13T02:39:17.168+0000] {dag.py:3490} INFO - Setting next_dagrun for example_trigger_target_dag to None, run_after=None
[2023-06-13T02:39:17.273+0000] {processor.py:179} INFO - Processing /home/airflow/.local/lib/python3.7/site-packages/airflow/example_dags/example_trigger_target_dag.py took 0.352 seconds
[2023-06-13T02:39:48.341+0000] {processor.py:157} INFO - Started process (PID=873) to work on /home/airflow/.local/lib/python3.7/site-packages/airflow/example_dags/example_trigger_target_dag.py
[2023-06-13T02:39:48.350+0000] {processor.py:826} INFO - Processing file /home/airflow/.local/lib/python3.7/site-packages/airflow/example_dags/example_trigger_target_dag.py for tasks to queue
[2023-06-13T02:39:48.355+0000] {logging_mixin.py:149} INFO - [2023-06-13T02:39:48.355+0000] {dagbag.py:541} INFO - Filling up the DagBag from /home/airflow/.local/lib/python3.7/site-packages/airflow/example_dags/example_trigger_target_dag.py
[2023-06-13T02:39:48.381+0000] {processor.py:836} INFO - DAG(s) dict_keys(['example_trigger_target_dag']) retrieved from /home/airflow/.local/lib/python3.7/site-packages/airflow/example_dags/example_trigger_target_dag.py
[2023-06-13T02:39:48.531+0000] {logging_mixin.py:149} INFO - [2023-06-13T02:39:48.531+0000] {dag.py:2726} INFO - Sync 1 DAGs
[2023-06-13T02:39:48.672+0000] {logging_mixin.py:149} INFO - [2023-06-13T02:39:48.671+0000] {dag.py:3490} INFO - Setting next_dagrun for example_trigger_target_dag to None, run_after=None
[2023-06-13T02:39:48.794+0000] {processor.py:179} INFO - Processing /home/airflow/.local/lib/python3.7/site-packages/airflow/example_dags/example_trigger_target_dag.py took 0.469 seconds
[2023-06-13T02:40:19.775+0000] {processor.py:157} INFO - Started process (PID=933) to work on /home/airflow/.local/lib/python3.7/site-packages/airflow/example_dags/example_trigger_target_dag.py
[2023-06-13T02:40:19.778+0000] {processor.py:826} INFO - Processing file /home/airflow/.local/lib/python3.7/site-packages/airflow/example_dags/example_trigger_target_dag.py for tasks to queue
[2023-06-13T02:40:19.783+0000] {logging_mixin.py:149} INFO - [2023-06-13T02:40:19.782+0000] {dagbag.py:541} INFO - Filling up the DagBag from /home/airflow/.local/lib/python3.7/site-packages/airflow/example_dags/example_trigger_target_dag.py
[2023-06-13T02:40:19.800+0000] {processor.py:836} INFO - DAG(s) dict_keys(['example_trigger_target_dag']) retrieved from /home/airflow/.local/lib/python3.7/site-packages/airflow/example_dags/example_trigger_target_dag.py
[2023-06-13T02:40:19.866+0000] {logging_mixin.py:149} INFO - [2023-06-13T02:40:19.866+0000] {dag.py:2726} INFO - Sync 1 DAGs
[2023-06-13T02:40:19.971+0000] {logging_mixin.py:149} INFO - [2023-06-13T02:40:19.971+0000] {dag.py:3490} INFO - Setting next_dagrun for example_trigger_target_dag to None, run_after=None
[2023-06-13T02:40:20.039+0000] {processor.py:179} INFO - Processing /home/airflow/.local/lib/python3.7/site-packages/airflow/example_dags/example_trigger_target_dag.py took 0.270 seconds
[2023-06-13T02:40:50.837+0000] {processor.py:157} INFO - Started process (PID=993) to work on /home/airflow/.local/lib/python3.7/site-packages/airflow/example_dags/example_trigger_target_dag.py
[2023-06-13T02:40:50.840+0000] {processor.py:826} INFO - Processing file /home/airflow/.local/lib/python3.7/site-packages/airflow/example_dags/example_trigger_target_dag.py for tasks to queue
[2023-06-13T02:40:50.845+0000] {logging_mixin.py:149} INFO - [2023-06-13T02:40:50.844+0000] {dagbag.py:541} INFO - Filling up the DagBag from /home/airflow/.local/lib/python3.7/site-packages/airflow/example_dags/example_trigger_target_dag.py
[2023-06-13T02:40:50.862+0000] {processor.py:836} INFO - DAG(s) dict_keys(['example_trigger_target_dag']) retrieved from /home/airflow/.local/lib/python3.7/site-packages/airflow/example_dags/example_trigger_target_dag.py
[2023-06-13T02:40:50.939+0000] {logging_mixin.py:149} INFO - [2023-06-13T02:40:50.938+0000] {dag.py:2726} INFO - Sync 1 DAGs
[2023-06-13T02:40:51.033+0000] {logging_mixin.py:149} INFO - [2023-06-13T02:40:51.032+0000] {dag.py:3490} INFO - Setting next_dagrun for example_trigger_target_dag to None, run_after=None
[2023-06-13T02:40:51.111+0000] {processor.py:179} INFO - Processing /home/airflow/.local/lib/python3.7/site-packages/airflow/example_dags/example_trigger_target_dag.py took 0.280 seconds
[2023-06-13T02:41:22.026+0000] {processor.py:157} INFO - Started process (PID=1053) to work on /home/airflow/.local/lib/python3.7/site-packages/airflow/example_dags/example_trigger_target_dag.py
[2023-06-13T02:41:22.029+0000] {processor.py:826} INFO - Processing file /home/airflow/.local/lib/python3.7/site-packages/airflow/example_dags/example_trigger_target_dag.py for tasks to queue
[2023-06-13T02:41:22.033+0000] {logging_mixin.py:149} INFO - [2023-06-13T02:41:22.032+0000] {dagbag.py:541} INFO - Filling up the DagBag from /home/airflow/.local/lib/python3.7/site-packages/airflow/example_dags/example_trigger_target_dag.py
[2023-06-13T02:41:22.064+0000] {processor.py:836} INFO - DAG(s) dict_keys(['example_trigger_target_dag']) retrieved from /home/airflow/.local/lib/python3.7/site-packages/airflow/example_dags/example_trigger_target_dag.py
[2023-06-13T02:41:22.218+0000] {logging_mixin.py:149} INFO - [2023-06-13T02:41:22.216+0000] {dag.py:2726} INFO - Sync 1 DAGs
[2023-06-13T02:41:22.357+0000] {logging_mixin.py:149} INFO - [2023-06-13T02:41:22.355+0000] {dag.py:3490} INFO - Setting next_dagrun for example_trigger_target_dag to None, run_after=None
[2023-06-13T02:41:22.561+0000] {processor.py:179} INFO - Processing /home/airflow/.local/lib/python3.7/site-packages/airflow/example_dags/example_trigger_target_dag.py took 0.547 seconds
[2023-06-13T02:41:53.024+0000] {processor.py:157} INFO - Started process (PID=1116) to work on /home/airflow/.local/lib/python3.7/site-packages/airflow/example_dags/example_trigger_target_dag.py
[2023-06-13T02:41:53.029+0000] {processor.py:826} INFO - Processing file /home/airflow/.local/lib/python3.7/site-packages/airflow/example_dags/example_trigger_target_dag.py for tasks to queue
[2023-06-13T02:41:53.036+0000] {logging_mixin.py:149} INFO - [2023-06-13T02:41:53.034+0000] {dagbag.py:541} INFO - Filling up the DagBag from /home/airflow/.local/lib/python3.7/site-packages/airflow/example_dags/example_trigger_target_dag.py
[2023-06-13T02:41:53.075+0000] {processor.py:836} INFO - DAG(s) dict_keys(['example_trigger_target_dag']) retrieved from /home/airflow/.local/lib/python3.7/site-packages/airflow/example_dags/example_trigger_target_dag.py
[2023-06-13T02:41:53.167+0000] {logging_mixin.py:149} INFO - [2023-06-13T02:41:53.166+0000] {dag.py:2726} INFO - Sync 1 DAGs
[2023-06-13T02:41:53.256+0000] {logging_mixin.py:149} INFO - [2023-06-13T02:41:53.256+0000] {dag.py:3490} INFO - Setting next_dagrun for example_trigger_target_dag to None, run_after=None
[2023-06-13T02:41:53.322+0000] {processor.py:179} INFO - Processing /home/airflow/.local/lib/python3.7/site-packages/airflow/example_dags/example_trigger_target_dag.py took 0.324 seconds
[2023-06-13T02:42:23.782+0000] {processor.py:157} INFO - Started process (PID=1181) to work on /home/airflow/.local/lib/python3.7/site-packages/airflow/example_dags/example_trigger_target_dag.py
[2023-06-13T02:42:23.784+0000] {processor.py:826} INFO - Processing file /home/airflow/.local/lib/python3.7/site-packages/airflow/example_dags/example_trigger_target_dag.py for tasks to queue
[2023-06-13T02:42:23.787+0000] {logging_mixin.py:149} INFO - [2023-06-13T02:42:23.787+0000] {dagbag.py:541} INFO - Filling up the DagBag from /home/airflow/.local/lib/python3.7/site-packages/airflow/example_dags/example_trigger_target_dag.py
[2023-06-13T02:42:23.804+0000] {processor.py:836} INFO - DAG(s) dict_keys(['example_trigger_target_dag']) retrieved from /home/airflow/.local/lib/python3.7/site-packages/airflow/example_dags/example_trigger_target_dag.py
[2023-06-13T02:42:23.889+0000] {logging_mixin.py:149} INFO - [2023-06-13T02:42:23.889+0000] {dag.py:2726} INFO - Sync 1 DAGs
[2023-06-13T02:42:23.981+0000] {logging_mixin.py:149} INFO - [2023-06-13T02:42:23.980+0000] {dag.py:3490} INFO - Setting next_dagrun for example_trigger_target_dag to None, run_after=None
[2023-06-13T02:42:24.076+0000] {processor.py:179} INFO - Processing /home/airflow/.local/lib/python3.7/site-packages/airflow/example_dags/example_trigger_target_dag.py took 0.302 seconds
[2023-06-13T02:42:56.577+0000] {processor.py:157} INFO - Started process (PID=1241) to work on /home/airflow/.local/lib/python3.7/site-packages/airflow/example_dags/example_trigger_target_dag.py
[2023-06-13T02:42:56.581+0000] {processor.py:826} INFO - Processing file /home/airflow/.local/lib/python3.7/site-packages/airflow/example_dags/example_trigger_target_dag.py for tasks to queue
[2023-06-13T02:42:56.584+0000] {logging_mixin.py:149} INFO - [2023-06-13T02:42:56.584+0000] {dagbag.py:541} INFO - Filling up the DagBag from /home/airflow/.local/lib/python3.7/site-packages/airflow/example_dags/example_trigger_target_dag.py
[2023-06-13T02:42:56.613+0000] {processor.py:836} INFO - DAG(s) dict_keys(['example_trigger_target_dag']) retrieved from /home/airflow/.local/lib/python3.7/site-packages/airflow/example_dags/example_trigger_target_dag.py
[2023-06-13T02:42:56.688+0000] {logging_mixin.py:149} INFO - [2023-06-13T02:42:56.687+0000] {dag.py:2726} INFO - Sync 1 DAGs
[2023-06-13T02:42:56.838+0000] {logging_mixin.py:149} INFO - [2023-06-13T02:42:56.837+0000] {dag.py:3490} INFO - Setting next_dagrun for example_trigger_target_dag to None, run_after=None
[2023-06-13T02:42:56.953+0000] {processor.py:179} INFO - Processing /home/airflow/.local/lib/python3.7/site-packages/airflow/example_dags/example_trigger_target_dag.py took 0.387 seconds
[2023-06-13T02:43:27.207+0000] {processor.py:157} INFO - Started process (PID=1301) to work on /home/airflow/.local/lib/python3.7/site-packages/airflow/example_dags/example_trigger_target_dag.py
[2023-06-13T02:43:27.210+0000] {processor.py:826} INFO - Processing file /home/airflow/.local/lib/python3.7/site-packages/airflow/example_dags/example_trigger_target_dag.py for tasks to queue
[2023-06-13T02:43:27.213+0000] {logging_mixin.py:149} INFO - [2023-06-13T02:43:27.213+0000] {dagbag.py:541} INFO - Filling up the DagBag from /home/airflow/.local/lib/python3.7/site-packages/airflow/example_dags/example_trigger_target_dag.py
[2023-06-13T02:43:27.228+0000] {processor.py:836} INFO - DAG(s) dict_keys(['example_trigger_target_dag']) retrieved from /home/airflow/.local/lib/python3.7/site-packages/airflow/example_dags/example_trigger_target_dag.py
[2023-06-13T02:43:27.322+0000] {logging_mixin.py:149} INFO - [2023-06-13T02:43:27.321+0000] {dag.py:2726} INFO - Sync 1 DAGs
[2023-06-13T02:43:27.404+0000] {logging_mixin.py:149} INFO - [2023-06-13T02:43:27.404+0000] {dag.py:3490} INFO - Setting next_dagrun for example_trigger_target_dag to None, run_after=None
[2023-06-13T02:43:27.479+0000] {processor.py:179} INFO - Processing /home/airflow/.local/lib/python3.7/site-packages/airflow/example_dags/example_trigger_target_dag.py took 0.279 seconds
[2023-06-13T02:43:58.590+0000] {processor.py:157} INFO - Started process (PID=1361) to work on /home/airflow/.local/lib/python3.7/site-packages/airflow/example_dags/example_trigger_target_dag.py
[2023-06-13T02:43:58.593+0000] {processor.py:826} INFO - Processing file /home/airflow/.local/lib/python3.7/site-packages/airflow/example_dags/example_trigger_target_dag.py for tasks to queue
[2023-06-13T02:43:58.597+0000] {logging_mixin.py:149} INFO - [2023-06-13T02:43:58.596+0000] {dagbag.py:541} INFO - Filling up the DagBag from /home/airflow/.local/lib/python3.7/site-packages/airflow/example_dags/example_trigger_target_dag.py
[2023-06-13T02:43:58.610+0000] {processor.py:836} INFO - DAG(s) dict_keys(['example_trigger_target_dag']) retrieved from /home/airflow/.local/lib/python3.7/site-packages/airflow/example_dags/example_trigger_target_dag.py
[2023-06-13T02:43:58.667+0000] {logging_mixin.py:149} INFO - [2023-06-13T02:43:58.666+0000] {dag.py:2726} INFO - Sync 1 DAGs
[2023-06-13T02:43:58.734+0000] {logging_mixin.py:149} INFO - [2023-06-13T02:43:58.733+0000] {dag.py:3490} INFO - Setting next_dagrun for example_trigger_target_dag to None, run_after=None
[2023-06-13T02:43:58.797+0000] {processor.py:179} INFO - Processing /home/airflow/.local/lib/python3.7/site-packages/airflow/example_dags/example_trigger_target_dag.py took 0.215 seconds
[2023-06-13T02:44:29.256+0000] {processor.py:157} INFO - Started process (PID=1422) to work on /home/airflow/.local/lib/python3.7/site-packages/airflow/example_dags/example_trigger_target_dag.py
[2023-06-13T02:44:29.259+0000] {processor.py:826} INFO - Processing file /home/airflow/.local/lib/python3.7/site-packages/airflow/example_dags/example_trigger_target_dag.py for tasks to queue
[2023-06-13T02:44:29.263+0000] {logging_mixin.py:149} INFO - [2023-06-13T02:44:29.263+0000] {dagbag.py:541} INFO - Filling up the DagBag from /home/airflow/.local/lib/python3.7/site-packages/airflow/example_dags/example_trigger_target_dag.py
[2023-06-13T02:44:29.278+0000] {processor.py:836} INFO - DAG(s) dict_keys(['example_trigger_target_dag']) retrieved from /home/airflow/.local/lib/python3.7/site-packages/airflow/example_dags/example_trigger_target_dag.py
[2023-06-13T02:44:29.350+0000] {logging_mixin.py:149} INFO - [2023-06-13T02:44:29.349+0000] {dag.py:2726} INFO - Sync 1 DAGs
[2023-06-13T02:44:29.430+0000] {logging_mixin.py:149} INFO - [2023-06-13T02:44:29.430+0000] {dag.py:3490} INFO - Setting next_dagrun for example_trigger_target_dag to None, run_after=None
[2023-06-13T02:44:29.521+0000] {processor.py:179} INFO - Processing /home/airflow/.local/lib/python3.7/site-packages/airflow/example_dags/example_trigger_target_dag.py took 0.275 seconds
