[2023-06-13T01:49:59.803+0000] {processor.py:157} INFO - Started process (PID=52) to work on /home/airflow/.local/lib/python3.7/site-packages/airflow/example_dags/example_branch_day_of_week_operator.py
[2023-06-13T01:49:59.805+0000] {processor.py:826} INFO - Processing file /home/airflow/.local/lib/python3.7/site-packages/airflow/example_dags/example_branch_day_of_week_operator.py for tasks to queue
[2023-06-13T01:49:59.807+0000] {logging_mixin.py:149} INFO - [2023-06-13T01:49:59.807+0000] {dagbag.py:541} INFO - Filling up the DagBag from /home/airflow/.local/lib/python3.7/site-packages/airflow/example_dags/example_branch_day_of_week_operator.py
[2023-06-13T01:49:59.826+0000] {processor.py:836} INFO - DAG(s) dict_keys(['example_weekday_branch_operator']) retrieved from /home/airflow/.local/lib/python3.7/site-packages/airflow/example_dags/example_branch_day_of_week_operator.py
[2023-06-13T01:49:59.853+0000] {logging_mixin.py:149} INFO - [2023-06-13T01:49:59.852+0000] {dag.py:2726} INFO - Sync 1 DAGs
[2023-06-13T01:49:59.914+0000] {logging_mixin.py:149} INFO - [2023-06-13T01:49:59.914+0000] {dag.py:3490} INFO - Setting next_dagrun for example_weekday_branch_operator to 2023-06-12T00:00:00+00:00, run_after=2023-06-13T00:00:00+00:00
[2023-06-13T01:49:59.961+0000] {processor.py:179} INFO - Processing /home/airflow/.local/lib/python3.7/site-packages/airflow/example_dags/example_branch_day_of_week_operator.py took 0.164 seconds
[2023-06-13T01:50:30.428+0000] {processor.py:157} INFO - Started process (PID=112) to work on /home/airflow/.local/lib/python3.7/site-packages/airflow/example_dags/example_branch_day_of_week_operator.py
[2023-06-13T01:50:30.429+0000] {processor.py:826} INFO - Processing file /home/airflow/.local/lib/python3.7/site-packages/airflow/example_dags/example_branch_day_of_week_operator.py for tasks to queue
[2023-06-13T01:50:30.431+0000] {logging_mixin.py:149} INFO - [2023-06-13T01:50:30.430+0000] {dagbag.py:541} INFO - Filling up the DagBag from /home/airflow/.local/lib/python3.7/site-packages/airflow/example_dags/example_branch_day_of_week_operator.py
[2023-06-13T01:50:30.441+0000] {processor.py:836} INFO - DAG(s) dict_keys(['example_weekday_branch_operator']) retrieved from /home/airflow/.local/lib/python3.7/site-packages/airflow/example_dags/example_branch_day_of_week_operator.py
[2023-06-13T01:50:30.476+0000] {logging_mixin.py:149} INFO - [2023-06-13T01:50:30.476+0000] {dag.py:2726} INFO - Sync 1 DAGs
[2023-06-13T01:50:30.534+0000] {logging_mixin.py:149} INFO - [2023-06-13T01:50:30.533+0000] {dag.py:3490} INFO - Setting next_dagrun for example_weekday_branch_operator to 2023-06-12T00:00:00+00:00, run_after=2023-06-13T00:00:00+00:00
[2023-06-13T01:50:30.578+0000] {processor.py:179} INFO - Processing /home/airflow/.local/lib/python3.7/site-packages/airflow/example_dags/example_branch_day_of_week_operator.py took 0.154 seconds
[2023-06-13T01:51:01.816+0000] {processor.py:157} INFO - Started process (PID=172) to work on /home/airflow/.local/lib/python3.7/site-packages/airflow/example_dags/example_branch_day_of_week_operator.py
[2023-06-13T01:51:01.817+0000] {processor.py:826} INFO - Processing file /home/airflow/.local/lib/python3.7/site-packages/airflow/example_dags/example_branch_day_of_week_operator.py for tasks to queue
[2023-06-13T01:51:01.819+0000] {logging_mixin.py:149} INFO - [2023-06-13T01:51:01.818+0000] {dagbag.py:541} INFO - Filling up the DagBag from /home/airflow/.local/lib/python3.7/site-packages/airflow/example_dags/example_branch_day_of_week_operator.py
[2023-06-13T01:51:01.827+0000] {processor.py:836} INFO - DAG(s) dict_keys(['example_weekday_branch_operator']) retrieved from /home/airflow/.local/lib/python3.7/site-packages/airflow/example_dags/example_branch_day_of_week_operator.py
[2023-06-13T01:51:01.863+0000] {logging_mixin.py:149} INFO - [2023-06-13T01:51:01.862+0000] {dag.py:2726} INFO - Sync 1 DAGs
[2023-06-13T01:51:01.907+0000] {logging_mixin.py:149} INFO - [2023-06-13T01:51:01.907+0000] {dag.py:3490} INFO - Setting next_dagrun for example_weekday_branch_operator to 2023-06-12T00:00:00+00:00, run_after=2023-06-13T00:00:00+00:00
[2023-06-13T01:51:01.950+0000] {processor.py:179} INFO - Processing /home/airflow/.local/lib/python3.7/site-packages/airflow/example_dags/example_branch_day_of_week_operator.py took 0.138 seconds
[2023-06-13T01:51:32.503+0000] {processor.py:157} INFO - Started process (PID=232) to work on /home/airflow/.local/lib/python3.7/site-packages/airflow/example_dags/example_branch_day_of_week_operator.py
[2023-06-13T01:51:32.506+0000] {processor.py:826} INFO - Processing file /home/airflow/.local/lib/python3.7/site-packages/airflow/example_dags/example_branch_day_of_week_operator.py for tasks to queue
[2023-06-13T01:51:32.507+0000] {logging_mixin.py:149} INFO - [2023-06-13T01:51:32.507+0000] {dagbag.py:541} INFO - Filling up the DagBag from /home/airflow/.local/lib/python3.7/site-packages/airflow/example_dags/example_branch_day_of_week_operator.py
[2023-06-13T01:51:32.519+0000] {processor.py:836} INFO - DAG(s) dict_keys(['example_weekday_branch_operator']) retrieved from /home/airflow/.local/lib/python3.7/site-packages/airflow/example_dags/example_branch_day_of_week_operator.py
[2023-06-13T01:51:32.560+0000] {logging_mixin.py:149} INFO - [2023-06-13T01:51:32.559+0000] {dag.py:2726} INFO - Sync 1 DAGs
[2023-06-13T01:51:32.602+0000] {logging_mixin.py:149} INFO - [2023-06-13T01:51:32.602+0000] {dag.py:3490} INFO - Setting next_dagrun for example_weekday_branch_operator to 2023-06-12T00:00:00+00:00, run_after=2023-06-13T00:00:00+00:00
[2023-06-13T01:51:32.642+0000] {processor.py:179} INFO - Processing /home/airflow/.local/lib/python3.7/site-packages/airflow/example_dags/example_branch_day_of_week_operator.py took 0.142 seconds
[2023-06-13T01:53:52.627+0000] {processor.py:157} INFO - Started process (PID=59) to work on /home/airflow/.local/lib/python3.7/site-packages/airflow/example_dags/example_branch_day_of_week_operator.py
[2023-06-13T01:53:52.630+0000] {processor.py:826} INFO - Processing file /home/airflow/.local/lib/python3.7/site-packages/airflow/example_dags/example_branch_day_of_week_operator.py for tasks to queue
[2023-06-13T01:53:52.632+0000] {logging_mixin.py:149} INFO - [2023-06-13T01:53:52.632+0000] {dagbag.py:541} INFO - Filling up the DagBag from /home/airflow/.local/lib/python3.7/site-packages/airflow/example_dags/example_branch_day_of_week_operator.py
[2023-06-13T01:53:52.686+0000] {processor.py:836} INFO - DAG(s) dict_keys(['example_weekday_branch_operator']) retrieved from /home/airflow/.local/lib/python3.7/site-packages/airflow/example_dags/example_branch_day_of_week_operator.py
[2023-06-13T01:53:52.828+0000] {logging_mixin.py:149} INFO - [2023-06-13T01:53:52.828+0000] {dag.py:2726} INFO - Sync 1 DAGs
[2023-06-13T01:53:52.905+0000] {logging_mixin.py:149} INFO - [2023-06-13T01:53:52.905+0000] {dag.py:3490} INFO - Setting next_dagrun for example_weekday_branch_operator to 2023-06-12T00:00:00+00:00, run_after=2023-06-13T00:00:00+00:00
[2023-06-13T01:53:52.995+0000] {processor.py:179} INFO - Processing /home/airflow/.local/lib/python3.7/site-packages/airflow/example_dags/example_branch_day_of_week_operator.py took 0.374 seconds
[2023-06-13T01:54:23.760+0000] {processor.py:157} INFO - Started process (PID=120) to work on /home/airflow/.local/lib/python3.7/site-packages/airflow/example_dags/example_branch_day_of_week_operator.py
[2023-06-13T01:54:23.762+0000] {processor.py:826} INFO - Processing file /home/airflow/.local/lib/python3.7/site-packages/airflow/example_dags/example_branch_day_of_week_operator.py for tasks to queue
[2023-06-13T01:54:23.765+0000] {logging_mixin.py:149} INFO - [2023-06-13T01:54:23.764+0000] {dagbag.py:541} INFO - Filling up the DagBag from /home/airflow/.local/lib/python3.7/site-packages/airflow/example_dags/example_branch_day_of_week_operator.py
[2023-06-13T01:54:23.786+0000] {processor.py:836} INFO - DAG(s) dict_keys(['example_weekday_branch_operator']) retrieved from /home/airflow/.local/lib/python3.7/site-packages/airflow/example_dags/example_branch_day_of_week_operator.py
[2023-06-13T01:54:23.844+0000] {logging_mixin.py:149} INFO - [2023-06-13T01:54:23.844+0000] {dag.py:2726} INFO - Sync 1 DAGs
[2023-06-13T01:54:23.905+0000] {logging_mixin.py:149} INFO - [2023-06-13T01:54:23.904+0000] {dag.py:3490} INFO - Setting next_dagrun for example_weekday_branch_operator to 2023-06-12T00:00:00+00:00, run_after=2023-06-13T00:00:00+00:00
[2023-06-13T01:54:23.953+0000] {processor.py:179} INFO - Processing /home/airflow/.local/lib/python3.7/site-packages/airflow/example_dags/example_branch_day_of_week_operator.py took 0.197 seconds
[2023-06-13T01:54:54.085+0000] {processor.py:157} INFO - Started process (PID=180) to work on /home/airflow/.local/lib/python3.7/site-packages/airflow/example_dags/example_branch_day_of_week_operator.py
[2023-06-13T01:54:54.086+0000] {processor.py:826} INFO - Processing file /home/airflow/.local/lib/python3.7/site-packages/airflow/example_dags/example_branch_day_of_week_operator.py for tasks to queue
[2023-06-13T01:54:54.088+0000] {logging_mixin.py:149} INFO - [2023-06-13T01:54:54.087+0000] {dagbag.py:541} INFO - Filling up the DagBag from /home/airflow/.local/lib/python3.7/site-packages/airflow/example_dags/example_branch_day_of_week_operator.py
[2023-06-13T01:54:54.098+0000] {processor.py:836} INFO - DAG(s) dict_keys(['example_weekday_branch_operator']) retrieved from /home/airflow/.local/lib/python3.7/site-packages/airflow/example_dags/example_branch_day_of_week_operator.py
[2023-06-13T01:54:54.133+0000] {logging_mixin.py:149} INFO - [2023-06-13T01:54:54.133+0000] {dag.py:2726} INFO - Sync 1 DAGs
[2023-06-13T01:54:54.180+0000] {logging_mixin.py:149} INFO - [2023-06-13T01:54:54.179+0000] {dag.py:3490} INFO - Setting next_dagrun for example_weekday_branch_operator to 2023-06-12T00:00:00+00:00, run_after=2023-06-13T00:00:00+00:00
[2023-06-13T01:54:54.217+0000] {processor.py:179} INFO - Processing /home/airflow/.local/lib/python3.7/site-packages/airflow/example_dags/example_branch_day_of_week_operator.py took 0.136 seconds
[2023-06-13T01:55:24.292+0000] {processor.py:157} INFO - Started process (PID=241) to work on /home/airflow/.local/lib/python3.7/site-packages/airflow/example_dags/example_branch_day_of_week_operator.py
[2023-06-13T01:55:24.293+0000] {processor.py:826} INFO - Processing file /home/airflow/.local/lib/python3.7/site-packages/airflow/example_dags/example_branch_day_of_week_operator.py for tasks to queue
[2023-06-13T01:55:24.295+0000] {logging_mixin.py:149} INFO - [2023-06-13T01:55:24.295+0000] {dagbag.py:541} INFO - Filling up the DagBag from /home/airflow/.local/lib/python3.7/site-packages/airflow/example_dags/example_branch_day_of_week_operator.py
[2023-06-13T01:55:24.309+0000] {processor.py:836} INFO - DAG(s) dict_keys(['example_weekday_branch_operator']) retrieved from /home/airflow/.local/lib/python3.7/site-packages/airflow/example_dags/example_branch_day_of_week_operator.py
[2023-06-13T01:55:24.345+0000] {logging_mixin.py:149} INFO - [2023-06-13T01:55:24.345+0000] {dag.py:2726} INFO - Sync 1 DAGs
[2023-06-13T01:55:24.389+0000] {logging_mixin.py:149} INFO - [2023-06-13T01:55:24.389+0000] {dag.py:3490} INFO - Setting next_dagrun for example_weekday_branch_operator to 2023-06-12T00:00:00+00:00, run_after=2023-06-13T00:00:00+00:00
[2023-06-13T01:55:24.426+0000] {processor.py:179} INFO - Processing /home/airflow/.local/lib/python3.7/site-packages/airflow/example_dags/example_branch_day_of_week_operator.py took 0.138 seconds
[2023-06-13T01:55:54.752+0000] {processor.py:157} INFO - Started process (PID=301) to work on /home/airflow/.local/lib/python3.7/site-packages/airflow/example_dags/example_branch_day_of_week_operator.py
[2023-06-13T01:55:54.753+0000] {processor.py:826} INFO - Processing file /home/airflow/.local/lib/python3.7/site-packages/airflow/example_dags/example_branch_day_of_week_operator.py for tasks to queue
[2023-06-13T01:55:54.755+0000] {logging_mixin.py:149} INFO - [2023-06-13T01:55:54.754+0000] {dagbag.py:541} INFO - Filling up the DagBag from /home/airflow/.local/lib/python3.7/site-packages/airflow/example_dags/example_branch_day_of_week_operator.py
[2023-06-13T01:55:54.766+0000] {processor.py:836} INFO - DAG(s) dict_keys(['example_weekday_branch_operator']) retrieved from /home/airflow/.local/lib/python3.7/site-packages/airflow/example_dags/example_branch_day_of_week_operator.py
[2023-06-13T01:55:54.805+0000] {logging_mixin.py:149} INFO - [2023-06-13T01:55:54.804+0000] {dag.py:2726} INFO - Sync 1 DAGs
[2023-06-13T01:55:54.852+0000] {logging_mixin.py:149} INFO - [2023-06-13T01:55:54.852+0000] {dag.py:3490} INFO - Setting next_dagrun for example_weekday_branch_operator to 2023-06-12T00:00:00+00:00, run_after=2023-06-13T00:00:00+00:00
[2023-06-13T01:55:54.889+0000] {processor.py:179} INFO - Processing /home/airflow/.local/lib/python3.7/site-packages/airflow/example_dags/example_branch_day_of_week_operator.py took 0.141 seconds
[2023-06-13T01:56:25.097+0000] {processor.py:157} INFO - Started process (PID=361) to work on /home/airflow/.local/lib/python3.7/site-packages/airflow/example_dags/example_branch_day_of_week_operator.py
[2023-06-13T01:56:25.099+0000] {processor.py:826} INFO - Processing file /home/airflow/.local/lib/python3.7/site-packages/airflow/example_dags/example_branch_day_of_week_operator.py for tasks to queue
[2023-06-13T01:56:25.100+0000] {logging_mixin.py:149} INFO - [2023-06-13T01:56:25.100+0000] {dagbag.py:541} INFO - Filling up the DagBag from /home/airflow/.local/lib/python3.7/site-packages/airflow/example_dags/example_branch_day_of_week_operator.py
[2023-06-13T01:56:25.109+0000] {processor.py:836} INFO - DAG(s) dict_keys(['example_weekday_branch_operator']) retrieved from /home/airflow/.local/lib/python3.7/site-packages/airflow/example_dags/example_branch_day_of_week_operator.py
[2023-06-13T01:56:25.143+0000] {logging_mixin.py:149} INFO - [2023-06-13T01:56:25.143+0000] {dag.py:2726} INFO - Sync 1 DAGs
[2023-06-13T01:56:25.182+0000] {logging_mixin.py:149} INFO - [2023-06-13T01:56:25.182+0000] {dag.py:3490} INFO - Setting next_dagrun for example_weekday_branch_operator to 2023-06-12T00:00:00+00:00, run_after=2023-06-13T00:00:00+00:00
[2023-06-13T01:56:25.220+0000] {processor.py:179} INFO - Processing /home/airflow/.local/lib/python3.7/site-packages/airflow/example_dags/example_branch_day_of_week_operator.py took 0.127 seconds
[2023-06-13T01:56:55.608+0000] {processor.py:157} INFO - Started process (PID=422) to work on /home/airflow/.local/lib/python3.7/site-packages/airflow/example_dags/example_branch_day_of_week_operator.py
[2023-06-13T01:56:55.609+0000] {processor.py:826} INFO - Processing file /home/airflow/.local/lib/python3.7/site-packages/airflow/example_dags/example_branch_day_of_week_operator.py for tasks to queue
[2023-06-13T01:56:55.611+0000] {logging_mixin.py:149} INFO - [2023-06-13T01:56:55.610+0000] {dagbag.py:541} INFO - Filling up the DagBag from /home/airflow/.local/lib/python3.7/site-packages/airflow/example_dags/example_branch_day_of_week_operator.py
[2023-06-13T01:56:55.622+0000] {processor.py:836} INFO - DAG(s) dict_keys(['example_weekday_branch_operator']) retrieved from /home/airflow/.local/lib/python3.7/site-packages/airflow/example_dags/example_branch_day_of_week_operator.py
[2023-06-13T01:56:55.661+0000] {logging_mixin.py:149} INFO - [2023-06-13T01:56:55.660+0000] {dag.py:2726} INFO - Sync 1 DAGs
[2023-06-13T01:56:55.708+0000] {logging_mixin.py:149} INFO - [2023-06-13T01:56:55.708+0000] {dag.py:3490} INFO - Setting next_dagrun for example_weekday_branch_operator to 2023-06-12T00:00:00+00:00, run_after=2023-06-13T00:00:00+00:00
[2023-06-13T01:56:55.741+0000] {processor.py:179} INFO - Processing /home/airflow/.local/lib/python3.7/site-packages/airflow/example_dags/example_branch_day_of_week_operator.py took 0.136 seconds
[2023-06-13T01:57:26.612+0000] {processor.py:157} INFO - Started process (PID=482) to work on /home/airflow/.local/lib/python3.7/site-packages/airflow/example_dags/example_branch_day_of_week_operator.py
[2023-06-13T01:57:26.614+0000] {processor.py:826} INFO - Processing file /home/airflow/.local/lib/python3.7/site-packages/airflow/example_dags/example_branch_day_of_week_operator.py for tasks to queue
[2023-06-13T01:57:26.615+0000] {logging_mixin.py:149} INFO - [2023-06-13T01:57:26.615+0000] {dagbag.py:541} INFO - Filling up the DagBag from /home/airflow/.local/lib/python3.7/site-packages/airflow/example_dags/example_branch_day_of_week_operator.py
[2023-06-13T01:57:26.624+0000] {processor.py:836} INFO - DAG(s) dict_keys(['example_weekday_branch_operator']) retrieved from /home/airflow/.local/lib/python3.7/site-packages/airflow/example_dags/example_branch_day_of_week_operator.py
[2023-06-13T01:57:26.665+0000] {logging_mixin.py:149} INFO - [2023-06-13T01:57:26.664+0000] {dag.py:2726} INFO - Sync 1 DAGs
[2023-06-13T01:57:26.706+0000] {logging_mixin.py:149} INFO - [2023-06-13T01:57:26.706+0000] {dag.py:3490} INFO - Setting next_dagrun for example_weekday_branch_operator to 2023-06-12T00:00:00+00:00, run_after=2023-06-13T00:00:00+00:00
[2023-06-13T01:57:26.739+0000] {processor.py:179} INFO - Processing /home/airflow/.local/lib/python3.7/site-packages/airflow/example_dags/example_branch_day_of_week_operator.py took 0.131 seconds
[2023-06-13T01:57:57.273+0000] {processor.py:157} INFO - Started process (PID=542) to work on /home/airflow/.local/lib/python3.7/site-packages/airflow/example_dags/example_branch_day_of_week_operator.py
[2023-06-13T01:57:57.275+0000] {processor.py:826} INFO - Processing file /home/airflow/.local/lib/python3.7/site-packages/airflow/example_dags/example_branch_day_of_week_operator.py for tasks to queue
[2023-06-13T01:57:57.276+0000] {logging_mixin.py:149} INFO - [2023-06-13T01:57:57.276+0000] {dagbag.py:541} INFO - Filling up the DagBag from /home/airflow/.local/lib/python3.7/site-packages/airflow/example_dags/example_branch_day_of_week_operator.py
[2023-06-13T01:57:57.288+0000] {processor.py:836} INFO - DAG(s) dict_keys(['example_weekday_branch_operator']) retrieved from /home/airflow/.local/lib/python3.7/site-packages/airflow/example_dags/example_branch_day_of_week_operator.py
[2023-06-13T01:57:57.323+0000] {logging_mixin.py:149} INFO - [2023-06-13T01:57:57.322+0000] {dag.py:2726} INFO - Sync 1 DAGs
[2023-06-13T01:57:57.387+0000] {logging_mixin.py:149} INFO - [2023-06-13T01:57:57.387+0000] {dag.py:3490} INFO - Setting next_dagrun for example_weekday_branch_operator to 2023-06-12T00:00:00+00:00, run_after=2023-06-13T00:00:00+00:00
[2023-06-13T01:57:57.428+0000] {processor.py:179} INFO - Processing /home/airflow/.local/lib/python3.7/site-packages/airflow/example_dags/example_branch_day_of_week_operator.py took 0.158 seconds
[2023-06-13T01:58:28.291+0000] {processor.py:157} INFO - Started process (PID=602) to work on /home/airflow/.local/lib/python3.7/site-packages/airflow/example_dags/example_branch_day_of_week_operator.py
[2023-06-13T01:58:28.292+0000] {processor.py:826} INFO - Processing file /home/airflow/.local/lib/python3.7/site-packages/airflow/example_dags/example_branch_day_of_week_operator.py for tasks to queue
[2023-06-13T01:58:28.293+0000] {logging_mixin.py:149} INFO - [2023-06-13T01:58:28.293+0000] {dagbag.py:541} INFO - Filling up the DagBag from /home/airflow/.local/lib/python3.7/site-packages/airflow/example_dags/example_branch_day_of_week_operator.py
[2023-06-13T01:58:28.307+0000] {processor.py:836} INFO - DAG(s) dict_keys(['example_weekday_branch_operator']) retrieved from /home/airflow/.local/lib/python3.7/site-packages/airflow/example_dags/example_branch_day_of_week_operator.py
[2023-06-13T01:58:28.356+0000] {logging_mixin.py:149} INFO - [2023-06-13T01:58:28.355+0000] {dag.py:2726} INFO - Sync 1 DAGs
[2023-06-13T01:58:28.409+0000] {logging_mixin.py:149} INFO - [2023-06-13T01:58:28.408+0000] {dag.py:3490} INFO - Setting next_dagrun for example_weekday_branch_operator to 2023-06-12T00:00:00+00:00, run_after=2023-06-13T00:00:00+00:00
[2023-06-13T01:58:28.448+0000] {processor.py:179} INFO - Processing /home/airflow/.local/lib/python3.7/site-packages/airflow/example_dags/example_branch_day_of_week_operator.py took 0.161 seconds
[2023-06-13T01:58:58.691+0000] {processor.py:157} INFO - Started process (PID=662) to work on /home/airflow/.local/lib/python3.7/site-packages/airflow/example_dags/example_branch_day_of_week_operator.py
[2023-06-13T01:58:58.693+0000] {processor.py:826} INFO - Processing file /home/airflow/.local/lib/python3.7/site-packages/airflow/example_dags/example_branch_day_of_week_operator.py for tasks to queue
[2023-06-13T01:58:58.695+0000] {logging_mixin.py:149} INFO - [2023-06-13T01:58:58.694+0000] {dagbag.py:541} INFO - Filling up the DagBag from /home/airflow/.local/lib/python3.7/site-packages/airflow/example_dags/example_branch_day_of_week_operator.py
[2023-06-13T01:58:58.704+0000] {processor.py:836} INFO - DAG(s) dict_keys(['example_weekday_branch_operator']) retrieved from /home/airflow/.local/lib/python3.7/site-packages/airflow/example_dags/example_branch_day_of_week_operator.py
[2023-06-13T01:58:58.738+0000] {logging_mixin.py:149} INFO - [2023-06-13T01:58:58.738+0000] {dag.py:2726} INFO - Sync 1 DAGs
[2023-06-13T01:58:58.779+0000] {logging_mixin.py:149} INFO - [2023-06-13T01:58:58.779+0000] {dag.py:3490} INFO - Setting next_dagrun for example_weekday_branch_operator to 2023-06-12T00:00:00+00:00, run_after=2023-06-13T00:00:00+00:00
[2023-06-13T01:58:58.857+0000] {processor.py:179} INFO - Processing /home/airflow/.local/lib/python3.7/site-packages/airflow/example_dags/example_branch_day_of_week_operator.py took 0.171 seconds
[2023-06-13T01:59:29.158+0000] {processor.py:157} INFO - Started process (PID=722) to work on /home/airflow/.local/lib/python3.7/site-packages/airflow/example_dags/example_branch_day_of_week_operator.py
[2023-06-13T01:59:29.159+0000] {processor.py:826} INFO - Processing file /home/airflow/.local/lib/python3.7/site-packages/airflow/example_dags/example_branch_day_of_week_operator.py for tasks to queue
[2023-06-13T01:59:29.161+0000] {logging_mixin.py:149} INFO - [2023-06-13T01:59:29.161+0000] {dagbag.py:541} INFO - Filling up the DagBag from /home/airflow/.local/lib/python3.7/site-packages/airflow/example_dags/example_branch_day_of_week_operator.py
[2023-06-13T01:59:29.170+0000] {processor.py:836} INFO - DAG(s) dict_keys(['example_weekday_branch_operator']) retrieved from /home/airflow/.local/lib/python3.7/site-packages/airflow/example_dags/example_branch_day_of_week_operator.py
[2023-06-13T01:59:29.204+0000] {logging_mixin.py:149} INFO - [2023-06-13T01:59:29.204+0000] {dag.py:2726} INFO - Sync 1 DAGs
[2023-06-13T01:59:29.248+0000] {logging_mixin.py:149} INFO - [2023-06-13T01:59:29.248+0000] {dag.py:3490} INFO - Setting next_dagrun for example_weekday_branch_operator to 2023-06-12T00:00:00+00:00, run_after=2023-06-13T00:00:00+00:00
[2023-06-13T01:59:29.283+0000] {processor.py:179} INFO - Processing /home/airflow/.local/lib/python3.7/site-packages/airflow/example_dags/example_branch_day_of_week_operator.py took 0.128 seconds
[2023-06-13T02:01:01.139+0000] {processor.py:157} INFO - Started process (PID=52) to work on /home/airflow/.local/lib/python3.7/site-packages/airflow/example_dags/example_branch_day_of_week_operator.py
[2023-06-13T02:01:01.141+0000] {processor.py:826} INFO - Processing file /home/airflow/.local/lib/python3.7/site-packages/airflow/example_dags/example_branch_day_of_week_operator.py for tasks to queue
[2023-06-13T02:01:01.143+0000] {logging_mixin.py:149} INFO - [2023-06-13T02:01:01.142+0000] {dagbag.py:541} INFO - Filling up the DagBag from /home/airflow/.local/lib/python3.7/site-packages/airflow/example_dags/example_branch_day_of_week_operator.py
[2023-06-13T02:01:01.171+0000] {processor.py:836} INFO - DAG(s) dict_keys(['example_weekday_branch_operator']) retrieved from /home/airflow/.local/lib/python3.7/site-packages/airflow/example_dags/example_branch_day_of_week_operator.py
[2023-06-13T02:01:01.270+0000] {logging_mixin.py:149} INFO - [2023-06-13T02:01:01.269+0000] {dag.py:2726} INFO - Sync 1 DAGs
[2023-06-13T02:01:01.395+0000] {logging_mixin.py:149} INFO - [2023-06-13T02:01:01.395+0000] {dag.py:3490} INFO - Setting next_dagrun for example_weekday_branch_operator to 2023-06-12T00:00:00+00:00, run_after=2023-06-13T00:00:00+00:00
[2023-06-13T02:01:01.455+0000] {processor.py:179} INFO - Processing /home/airflow/.local/lib/python3.7/site-packages/airflow/example_dags/example_branch_day_of_week_operator.py took 0.321 seconds
[2023-06-13T02:01:32.877+0000] {processor.py:157} INFO - Started process (PID=118) to work on /home/airflow/.local/lib/python3.7/site-packages/airflow/example_dags/example_branch_day_of_week_operator.py
[2023-06-13T02:01:32.879+0000] {processor.py:826} INFO - Processing file /home/airflow/.local/lib/python3.7/site-packages/airflow/example_dags/example_branch_day_of_week_operator.py for tasks to queue
[2023-06-13T02:01:32.882+0000] {logging_mixin.py:149} INFO - [2023-06-13T02:01:32.881+0000] {dagbag.py:541} INFO - Filling up the DagBag from /home/airflow/.local/lib/python3.7/site-packages/airflow/example_dags/example_branch_day_of_week_operator.py
[2023-06-13T02:01:32.899+0000] {processor.py:836} INFO - DAG(s) dict_keys(['example_weekday_branch_operator']) retrieved from /home/airflow/.local/lib/python3.7/site-packages/airflow/example_dags/example_branch_day_of_week_operator.py
[2023-06-13T02:01:32.966+0000] {logging_mixin.py:149} INFO - [2023-06-13T02:01:32.965+0000] {dag.py:2726} INFO - Sync 1 DAGs
[2023-06-13T02:01:33.062+0000] {logging_mixin.py:149} INFO - [2023-06-13T02:01:33.061+0000] {dag.py:3490} INFO - Setting next_dagrun for example_weekday_branch_operator to 2023-06-12T00:00:00+00:00, run_after=2023-06-13T00:00:00+00:00
[2023-06-13T02:01:33.135+0000] {processor.py:179} INFO - Processing /home/airflow/.local/lib/python3.7/site-packages/airflow/example_dags/example_branch_day_of_week_operator.py took 0.264 seconds
[2023-06-13T02:02:05.170+0000] {processor.py:157} INFO - Started process (PID=178) to work on /home/airflow/.local/lib/python3.7/site-packages/airflow/example_dags/example_branch_day_of_week_operator.py
[2023-06-13T02:02:05.173+0000] {processor.py:826} INFO - Processing file /home/airflow/.local/lib/python3.7/site-packages/airflow/example_dags/example_branch_day_of_week_operator.py for tasks to queue
[2023-06-13T02:02:05.176+0000] {logging_mixin.py:149} INFO - [2023-06-13T02:02:05.175+0000] {dagbag.py:541} INFO - Filling up the DagBag from /home/airflow/.local/lib/python3.7/site-packages/airflow/example_dags/example_branch_day_of_week_operator.py
[2023-06-13T02:02:05.209+0000] {processor.py:836} INFO - DAG(s) dict_keys(['example_weekday_branch_operator']) retrieved from /home/airflow/.local/lib/python3.7/site-packages/airflow/example_dags/example_branch_day_of_week_operator.py
[2023-06-13T02:02:05.356+0000] {logging_mixin.py:149} INFO - [2023-06-13T02:02:05.356+0000] {dag.py:2726} INFO - Sync 1 DAGs
[2023-06-13T02:02:05.540+0000] {logging_mixin.py:149} INFO - [2023-06-13T02:02:05.539+0000] {dag.py:3490} INFO - Setting next_dagrun for example_weekday_branch_operator to 2023-06-12T00:00:00+00:00, run_after=2023-06-13T00:00:00+00:00
[2023-06-13T02:02:05.629+0000] {processor.py:179} INFO - Processing /home/airflow/.local/lib/python3.7/site-packages/airflow/example_dags/example_branch_day_of_week_operator.py took 0.470 seconds
[2023-06-13T02:32:25.327+0000] {processor.py:157} INFO - Started process (PID=64) to work on /home/airflow/.local/lib/python3.7/site-packages/airflow/example_dags/example_branch_day_of_week_operator.py
[2023-06-13T02:32:25.332+0000] {processor.py:826} INFO - Processing file /home/airflow/.local/lib/python3.7/site-packages/airflow/example_dags/example_branch_day_of_week_operator.py for tasks to queue
[2023-06-13T02:32:25.336+0000] {logging_mixin.py:149} INFO - [2023-06-13T02:32:25.335+0000] {dagbag.py:541} INFO - Filling up the DagBag from /home/airflow/.local/lib/python3.7/site-packages/airflow/example_dags/example_branch_day_of_week_operator.py
[2023-06-13T02:32:25.392+0000] {processor.py:836} INFO - DAG(s) dict_keys(['example_weekday_branch_operator']) retrieved from /home/airflow/.local/lib/python3.7/site-packages/airflow/example_dags/example_branch_day_of_week_operator.py
[2023-06-13T02:32:25.558+0000] {logging_mixin.py:149} INFO - [2023-06-13T02:32:25.557+0000] {dag.py:2726} INFO - Sync 1 DAGs
[2023-06-13T02:32:25.683+0000] {logging_mixin.py:149} INFO - [2023-06-13T02:32:25.682+0000] {dag.py:3490} INFO - Setting next_dagrun for example_weekday_branch_operator to 2023-06-12T00:00:00+00:00, run_after=2023-06-13T00:00:00+00:00
[2023-06-13T02:32:25.804+0000] {processor.py:179} INFO - Processing /home/airflow/.local/lib/python3.7/site-packages/airflow/example_dags/example_branch_day_of_week_operator.py took 0.489 seconds
[2023-06-13T02:32:56.424+0000] {processor.py:157} INFO - Started process (PID=123) to work on /home/airflow/.local/lib/python3.7/site-packages/airflow/example_dags/example_branch_day_of_week_operator.py
[2023-06-13T02:32:56.426+0000] {processor.py:826} INFO - Processing file /home/airflow/.local/lib/python3.7/site-packages/airflow/example_dags/example_branch_day_of_week_operator.py for tasks to queue
[2023-06-13T02:32:56.428+0000] {logging_mixin.py:149} INFO - [2023-06-13T02:32:56.428+0000] {dagbag.py:541} INFO - Filling up the DagBag from /home/airflow/.local/lib/python3.7/site-packages/airflow/example_dags/example_branch_day_of_week_operator.py
[2023-06-13T02:32:56.461+0000] {processor.py:836} INFO - DAG(s) dict_keys(['example_weekday_branch_operator']) retrieved from /home/airflow/.local/lib/python3.7/site-packages/airflow/example_dags/example_branch_day_of_week_operator.py
[2023-06-13T02:32:56.515+0000] {logging_mixin.py:149} INFO - [2023-06-13T02:32:56.515+0000] {dag.py:2726} INFO - Sync 1 DAGs
[2023-06-13T02:32:56.601+0000] {logging_mixin.py:149} INFO - [2023-06-13T02:32:56.600+0000] {dag.py:3490} INFO - Setting next_dagrun for example_weekday_branch_operator to 2023-06-12T00:00:00+00:00, run_after=2023-06-13T00:00:00+00:00
[2023-06-13T02:32:56.658+0000] {processor.py:179} INFO - Processing /home/airflow/.local/lib/python3.7/site-packages/airflow/example_dags/example_branch_day_of_week_operator.py took 0.242 seconds
[2023-06-13T02:33:42.470+0000] {processor.py:157} INFO - Started process (PID=189) to work on /home/airflow/.local/lib/python3.7/site-packages/airflow/example_dags/example_branch_day_of_week_operator.py
[2023-06-13T02:33:42.485+0000] {processor.py:826} INFO - Processing file /home/airflow/.local/lib/python3.7/site-packages/airflow/example_dags/example_branch_day_of_week_operator.py for tasks to queue
[2023-06-13T02:33:42.506+0000] {logging_mixin.py:149} INFO - [2023-06-13T02:33:42.505+0000] {dagbag.py:541} INFO - Filling up the DagBag from /home/airflow/.local/lib/python3.7/site-packages/airflow/example_dags/example_branch_day_of_week_operator.py
[2023-06-13T02:33:42.576+0000] {processor.py:836} INFO - DAG(s) dict_keys(['example_weekday_branch_operator']) retrieved from /home/airflow/.local/lib/python3.7/site-packages/airflow/example_dags/example_branch_day_of_week_operator.py
[2023-06-13T02:33:42.905+0000] {logging_mixin.py:149} INFO - [2023-06-13T02:33:42.904+0000] {dag.py:2726} INFO - Sync 1 DAGs
[2023-06-13T02:33:44.344+0000] {logging_mixin.py:149} INFO - [2023-06-13T02:33:44.333+0000] {dag.py:3490} INFO - Setting next_dagrun for example_weekday_branch_operator to 2023-06-12T00:00:00+00:00, run_after=2023-06-13T00:00:00+00:00
[2023-06-13T02:33:44.557+0000] {processor.py:179} INFO - Processing /home/airflow/.local/lib/python3.7/site-packages/airflow/example_dags/example_branch_day_of_week_operator.py took 2.118 seconds
[2023-06-13T02:34:28.604+0000] {processor.py:157} INFO - Started process (PID=249) to work on /home/airflow/.local/lib/python3.7/site-packages/airflow/example_dags/example_branch_day_of_week_operator.py
[2023-06-13T02:34:28.607+0000] {processor.py:826} INFO - Processing file /home/airflow/.local/lib/python3.7/site-packages/airflow/example_dags/example_branch_day_of_week_operator.py for tasks to queue
[2023-06-13T02:34:28.611+0000] {logging_mixin.py:149} INFO - [2023-06-13T02:34:28.610+0000] {dagbag.py:541} INFO - Filling up the DagBag from /home/airflow/.local/lib/python3.7/site-packages/airflow/example_dags/example_branch_day_of_week_operator.py
[2023-06-13T02:34:28.641+0000] {processor.py:836} INFO - DAG(s) dict_keys(['example_weekday_branch_operator']) retrieved from /home/airflow/.local/lib/python3.7/site-packages/airflow/example_dags/example_branch_day_of_week_operator.py
[2023-06-13T02:34:28.732+0000] {logging_mixin.py:149} INFO - [2023-06-13T02:34:28.731+0000] {dag.py:2726} INFO - Sync 1 DAGs
[2023-06-13T02:34:28.837+0000] {logging_mixin.py:149} INFO - [2023-06-13T02:34:28.836+0000] {dag.py:3490} INFO - Setting next_dagrun for example_weekday_branch_operator to 2023-06-12T00:00:00+00:00, run_after=2023-06-13T00:00:00+00:00
[2023-06-13T02:34:28.938+0000] {processor.py:179} INFO - Processing /home/airflow/.local/lib/python3.7/site-packages/airflow/example_dags/example_branch_day_of_week_operator.py took 0.343 seconds
[2023-06-13T02:35:01.231+0000] {processor.py:157} INFO - Started process (PID=316) to work on /home/airflow/.local/lib/python3.7/site-packages/airflow/example_dags/example_branch_day_of_week_operator.py
[2023-06-13T02:35:01.235+0000] {processor.py:826} INFO - Processing file /home/airflow/.local/lib/python3.7/site-packages/airflow/example_dags/example_branch_day_of_week_operator.py for tasks to queue
[2023-06-13T02:35:01.239+0000] {logging_mixin.py:149} INFO - [2023-06-13T02:35:01.238+0000] {dagbag.py:541} INFO - Filling up the DagBag from /home/airflow/.local/lib/python3.7/site-packages/airflow/example_dags/example_branch_day_of_week_operator.py
[2023-06-13T02:35:01.274+0000] {processor.py:836} INFO - DAG(s) dict_keys(['example_weekday_branch_operator']) retrieved from /home/airflow/.local/lib/python3.7/site-packages/airflow/example_dags/example_branch_day_of_week_operator.py
[2023-06-13T02:35:01.470+0000] {logging_mixin.py:149} INFO - [2023-06-13T02:35:01.469+0000] {dag.py:2726} INFO - Sync 1 DAGs
[2023-06-13T02:35:01.733+0000] {logging_mixin.py:149} INFO - [2023-06-13T02:35:01.732+0000] {dag.py:3490} INFO - Setting next_dagrun for example_weekday_branch_operator to 2023-06-12T00:00:00+00:00, run_after=2023-06-13T00:00:00+00:00
[2023-06-13T02:35:01.807+0000] {processor.py:179} INFO - Processing /home/airflow/.local/lib/python3.7/site-packages/airflow/example_dags/example_branch_day_of_week_operator.py took 0.589 seconds
[2023-06-13T02:35:32.102+0000] {processor.py:157} INFO - Started process (PID=377) to work on /home/airflow/.local/lib/python3.7/site-packages/airflow/example_dags/example_branch_day_of_week_operator.py
[2023-06-13T02:35:32.113+0000] {processor.py:826} INFO - Processing file /home/airflow/.local/lib/python3.7/site-packages/airflow/example_dags/example_branch_day_of_week_operator.py for tasks to queue
[2023-06-13T02:35:32.118+0000] {logging_mixin.py:149} INFO - [2023-06-13T02:35:32.117+0000] {dagbag.py:541} INFO - Filling up the DagBag from /home/airflow/.local/lib/python3.7/site-packages/airflow/example_dags/example_branch_day_of_week_operator.py
[2023-06-13T02:35:32.144+0000] {processor.py:836} INFO - DAG(s) dict_keys(['example_weekday_branch_operator']) retrieved from /home/airflow/.local/lib/python3.7/site-packages/airflow/example_dags/example_branch_day_of_week_operator.py
[2023-06-13T02:35:32.233+0000] {logging_mixin.py:149} INFO - [2023-06-13T02:35:32.232+0000] {dag.py:2726} INFO - Sync 1 DAGs
[2023-06-13T02:35:32.392+0000] {logging_mixin.py:149} INFO - [2023-06-13T02:35:32.392+0000] {dag.py:3490} INFO - Setting next_dagrun for example_weekday_branch_operator to 2023-06-12T00:00:00+00:00, run_after=2023-06-13T00:00:00+00:00
[2023-06-13T02:35:32.464+0000] {processor.py:179} INFO - Processing /home/airflow/.local/lib/python3.7/site-packages/airflow/example_dags/example_branch_day_of_week_operator.py took 0.371 seconds
[2023-06-13T02:36:05.376+0000] {processor.py:157} INFO - Started process (PID=436) to work on /home/airflow/.local/lib/python3.7/site-packages/airflow/example_dags/example_branch_day_of_week_operator.py
[2023-06-13T02:36:05.380+0000] {processor.py:826} INFO - Processing file /home/airflow/.local/lib/python3.7/site-packages/airflow/example_dags/example_branch_day_of_week_operator.py for tasks to queue
[2023-06-13T02:36:05.384+0000] {logging_mixin.py:149} INFO - [2023-06-13T02:36:05.384+0000] {dagbag.py:541} INFO - Filling up the DagBag from /home/airflow/.local/lib/python3.7/site-packages/airflow/example_dags/example_branch_day_of_week_operator.py
[2023-06-13T02:36:05.420+0000] {processor.py:836} INFO - DAG(s) dict_keys(['example_weekday_branch_operator']) retrieved from /home/airflow/.local/lib/python3.7/site-packages/airflow/example_dags/example_branch_day_of_week_operator.py
[2023-06-13T02:36:05.587+0000] {logging_mixin.py:149} INFO - [2023-06-13T02:36:05.587+0000] {dag.py:2726} INFO - Sync 1 DAGs
[2023-06-13T02:36:05.814+0000] {logging_mixin.py:149} INFO - [2023-06-13T02:36:05.813+0000] {dag.py:3490} INFO - Setting next_dagrun for example_weekday_branch_operator to 2023-06-12T00:00:00+00:00, run_after=2023-06-13T00:00:00+00:00
[2023-06-13T02:36:05.956+0000] {processor.py:179} INFO - Processing /home/airflow/.local/lib/python3.7/site-packages/airflow/example_dags/example_branch_day_of_week_operator.py took 0.597 seconds
[2023-06-13T02:36:36.650+0000] {processor.py:157} INFO - Started process (PID=499) to work on /home/airflow/.local/lib/python3.7/site-packages/airflow/example_dags/example_branch_day_of_week_operator.py
[2023-06-13T02:36:36.653+0000] {processor.py:826} INFO - Processing file /home/airflow/.local/lib/python3.7/site-packages/airflow/example_dags/example_branch_day_of_week_operator.py for tasks to queue
[2023-06-13T02:36:36.659+0000] {logging_mixin.py:149} INFO - [2023-06-13T02:36:36.659+0000] {dagbag.py:541} INFO - Filling up the DagBag from /home/airflow/.local/lib/python3.7/site-packages/airflow/example_dags/example_branch_day_of_week_operator.py
[2023-06-13T02:36:36.680+0000] {processor.py:836} INFO - DAG(s) dict_keys(['example_weekday_branch_operator']) retrieved from /home/airflow/.local/lib/python3.7/site-packages/airflow/example_dags/example_branch_day_of_week_operator.py
[2023-06-13T02:36:36.790+0000] {logging_mixin.py:149} INFO - [2023-06-13T02:36:36.789+0000] {dag.py:2726} INFO - Sync 1 DAGs
[2023-06-13T02:36:36.931+0000] {logging_mixin.py:149} INFO - [2023-06-13T02:36:36.930+0000] {dag.py:3490} INFO - Setting next_dagrun for example_weekday_branch_operator to 2023-06-12T00:00:00+00:00, run_after=2023-06-13T00:00:00+00:00
[2023-06-13T02:36:37.112+0000] {processor.py:179} INFO - Processing /home/airflow/.local/lib/python3.7/site-packages/airflow/example_dags/example_branch_day_of_week_operator.py took 0.471 seconds
[2023-06-13T02:37:07.689+0000] {processor.py:157} INFO - Started process (PID=559) to work on /home/airflow/.local/lib/python3.7/site-packages/airflow/example_dags/example_branch_day_of_week_operator.py
[2023-06-13T02:37:07.696+0000] {processor.py:826} INFO - Processing file /home/airflow/.local/lib/python3.7/site-packages/airflow/example_dags/example_branch_day_of_week_operator.py for tasks to queue
[2023-06-13T02:37:07.701+0000] {logging_mixin.py:149} INFO - [2023-06-13T02:37:07.700+0000] {dagbag.py:541} INFO - Filling up the DagBag from /home/airflow/.local/lib/python3.7/site-packages/airflow/example_dags/example_branch_day_of_week_operator.py
[2023-06-13T02:37:07.737+0000] {processor.py:836} INFO - DAG(s) dict_keys(['example_weekday_branch_operator']) retrieved from /home/airflow/.local/lib/python3.7/site-packages/airflow/example_dags/example_branch_day_of_week_operator.py
[2023-06-13T02:37:07.892+0000] {logging_mixin.py:149} INFO - [2023-06-13T02:37:07.891+0000] {dag.py:2726} INFO - Sync 1 DAGs
[2023-06-13T02:37:08.170+0000] {logging_mixin.py:149} INFO - [2023-06-13T02:37:08.169+0000] {dag.py:3490} INFO - Setting next_dagrun for example_weekday_branch_operator to 2023-06-12T00:00:00+00:00, run_after=2023-06-13T00:00:00+00:00
[2023-06-13T02:37:08.341+0000] {processor.py:179} INFO - Processing /home/airflow/.local/lib/python3.7/site-packages/airflow/example_dags/example_branch_day_of_week_operator.py took 0.663 seconds
[2023-06-13T02:37:38.772+0000] {processor.py:157} INFO - Started process (PID=620) to work on /home/airflow/.local/lib/python3.7/site-packages/airflow/example_dags/example_branch_day_of_week_operator.py
[2023-06-13T02:37:38.775+0000] {processor.py:826} INFO - Processing file /home/airflow/.local/lib/python3.7/site-packages/airflow/example_dags/example_branch_day_of_week_operator.py for tasks to queue
[2023-06-13T02:37:38.778+0000] {logging_mixin.py:149} INFO - [2023-06-13T02:37:38.777+0000] {dagbag.py:541} INFO - Filling up the DagBag from /home/airflow/.local/lib/python3.7/site-packages/airflow/example_dags/example_branch_day_of_week_operator.py
[2023-06-13T02:37:38.792+0000] {processor.py:836} INFO - DAG(s) dict_keys(['example_weekday_branch_operator']) retrieved from /home/airflow/.local/lib/python3.7/site-packages/airflow/example_dags/example_branch_day_of_week_operator.py
[2023-06-13T02:37:38.877+0000] {logging_mixin.py:149} INFO - [2023-06-13T02:37:38.877+0000] {dag.py:2726} INFO - Sync 1 DAGs
[2023-06-13T02:37:38.940+0000] {logging_mixin.py:149} INFO - [2023-06-13T02:37:38.940+0000] {dag.py:3490} INFO - Setting next_dagrun for example_weekday_branch_operator to 2023-06-12T00:00:00+00:00, run_after=2023-06-13T00:00:00+00:00
[2023-06-13T02:37:39.027+0000] {processor.py:179} INFO - Processing /home/airflow/.local/lib/python3.7/site-packages/airflow/example_dags/example_branch_day_of_week_operator.py took 0.261 seconds
[2023-06-13T02:38:09.252+0000] {processor.py:157} INFO - Started process (PID=681) to work on /home/airflow/.local/lib/python3.7/site-packages/airflow/example_dags/example_branch_day_of_week_operator.py
[2023-06-13T02:38:09.256+0000] {processor.py:826} INFO - Processing file /home/airflow/.local/lib/python3.7/site-packages/airflow/example_dags/example_branch_day_of_week_operator.py for tasks to queue
[2023-06-13T02:38:09.261+0000] {logging_mixin.py:149} INFO - [2023-06-13T02:38:09.260+0000] {dagbag.py:541} INFO - Filling up the DagBag from /home/airflow/.local/lib/python3.7/site-packages/airflow/example_dags/example_branch_day_of_week_operator.py
[2023-06-13T02:38:09.282+0000] {processor.py:836} INFO - DAG(s) dict_keys(['example_weekday_branch_operator']) retrieved from /home/airflow/.local/lib/python3.7/site-packages/airflow/example_dags/example_branch_day_of_week_operator.py
[2023-06-13T02:38:09.433+0000] {logging_mixin.py:149} INFO - [2023-06-13T02:38:09.433+0000] {dag.py:2726} INFO - Sync 1 DAGs
[2023-06-13T02:38:09.536+0000] {logging_mixin.py:149} INFO - [2023-06-13T02:38:09.536+0000] {dag.py:3490} INFO - Setting next_dagrun for example_weekday_branch_operator to 2023-06-12T00:00:00+00:00, run_after=2023-06-13T00:00:00+00:00
[2023-06-13T02:38:09.617+0000] {processor.py:179} INFO - Processing /home/airflow/.local/lib/python3.7/site-packages/airflow/example_dags/example_branch_day_of_week_operator.py took 0.373 seconds
[2023-06-13T02:38:40.310+0000] {processor.py:157} INFO - Started process (PID=741) to work on /home/airflow/.local/lib/python3.7/site-packages/airflow/example_dags/example_branch_day_of_week_operator.py
[2023-06-13T02:38:40.313+0000] {processor.py:826} INFO - Processing file /home/airflow/.local/lib/python3.7/site-packages/airflow/example_dags/example_branch_day_of_week_operator.py for tasks to queue
[2023-06-13T02:38:40.316+0000] {logging_mixin.py:149} INFO - [2023-06-13T02:38:40.316+0000] {dagbag.py:541} INFO - Filling up the DagBag from /home/airflow/.local/lib/python3.7/site-packages/airflow/example_dags/example_branch_day_of_week_operator.py
[2023-06-13T02:38:40.340+0000] {processor.py:836} INFO - DAG(s) dict_keys(['example_weekday_branch_operator']) retrieved from /home/airflow/.local/lib/python3.7/site-packages/airflow/example_dags/example_branch_day_of_week_operator.py
[2023-06-13T02:38:40.403+0000] {logging_mixin.py:149} INFO - [2023-06-13T02:38:40.403+0000] {dag.py:2726} INFO - Sync 1 DAGs
[2023-06-13T02:38:40.469+0000] {logging_mixin.py:149} INFO - [2023-06-13T02:38:40.469+0000] {dag.py:3490} INFO - Setting next_dagrun for example_weekday_branch_operator to 2023-06-12T00:00:00+00:00, run_after=2023-06-13T00:00:00+00:00
[2023-06-13T02:38:40.531+0000] {processor.py:179} INFO - Processing /home/airflow/.local/lib/python3.7/site-packages/airflow/example_dags/example_branch_day_of_week_operator.py took 0.229 seconds
[2023-06-13T02:39:12.052+0000] {processor.py:157} INFO - Started process (PID=802) to work on /home/airflow/.local/lib/python3.7/site-packages/airflow/example_dags/example_branch_day_of_week_operator.py
[2023-06-13T02:39:12.056+0000] {processor.py:826} INFO - Processing file /home/airflow/.local/lib/python3.7/site-packages/airflow/example_dags/example_branch_day_of_week_operator.py for tasks to queue
[2023-06-13T02:39:12.061+0000] {logging_mixin.py:149} INFO - [2023-06-13T02:39:12.060+0000] {dagbag.py:541} INFO - Filling up the DagBag from /home/airflow/.local/lib/python3.7/site-packages/airflow/example_dags/example_branch_day_of_week_operator.py
[2023-06-13T02:39:12.101+0000] {processor.py:836} INFO - DAG(s) dict_keys(['example_weekday_branch_operator']) retrieved from /home/airflow/.local/lib/python3.7/site-packages/airflow/example_dags/example_branch_day_of_week_operator.py
[2023-06-13T02:39:12.220+0000] {logging_mixin.py:149} INFO - [2023-06-13T02:39:12.220+0000] {dag.py:2726} INFO - Sync 1 DAGs
[2023-06-13T02:39:12.346+0000] {logging_mixin.py:149} INFO - [2023-06-13T02:39:12.346+0000] {dag.py:3490} INFO - Setting next_dagrun for example_weekday_branch_operator to 2023-06-12T00:00:00+00:00, run_after=2023-06-13T00:00:00+00:00
[2023-06-13T02:39:12.493+0000] {processor.py:179} INFO - Processing /home/airflow/.local/lib/python3.7/site-packages/airflow/example_dags/example_branch_day_of_week_operator.py took 0.454 seconds
[2023-06-13T02:39:43.141+0000] {processor.py:157} INFO - Started process (PID=861) to work on /home/airflow/.local/lib/python3.7/site-packages/airflow/example_dags/example_branch_day_of_week_operator.py
[2023-06-13T02:39:43.148+0000] {processor.py:826} INFO - Processing file /home/airflow/.local/lib/python3.7/site-packages/airflow/example_dags/example_branch_day_of_week_operator.py for tasks to queue
[2023-06-13T02:39:43.151+0000] {logging_mixin.py:149} INFO - [2023-06-13T02:39:43.151+0000] {dagbag.py:541} INFO - Filling up the DagBag from /home/airflow/.local/lib/python3.7/site-packages/airflow/example_dags/example_branch_day_of_week_operator.py
[2023-06-13T02:39:43.173+0000] {processor.py:836} INFO - DAG(s) dict_keys(['example_weekday_branch_operator']) retrieved from /home/airflow/.local/lib/python3.7/site-packages/airflow/example_dags/example_branch_day_of_week_operator.py
[2023-06-13T02:39:43.276+0000] {logging_mixin.py:149} INFO - [2023-06-13T02:39:43.275+0000] {dag.py:2726} INFO - Sync 1 DAGs
[2023-06-13T02:39:43.423+0000] {logging_mixin.py:149} INFO - [2023-06-13T02:39:43.422+0000] {dag.py:3490} INFO - Setting next_dagrun for example_weekday_branch_operator to 2023-06-12T00:00:00+00:00, run_after=2023-06-13T00:00:00+00:00
[2023-06-13T02:39:43.538+0000] {processor.py:179} INFO - Processing /home/airflow/.local/lib/python3.7/site-packages/airflow/example_dags/example_branch_day_of_week_operator.py took 0.404 seconds
[2023-06-13T02:40:14.099+0000] {processor.py:157} INFO - Started process (PID=921) to work on /home/airflow/.local/lib/python3.7/site-packages/airflow/example_dags/example_branch_day_of_week_operator.py
[2023-06-13T02:40:14.102+0000] {processor.py:826} INFO - Processing file /home/airflow/.local/lib/python3.7/site-packages/airflow/example_dags/example_branch_day_of_week_operator.py for tasks to queue
[2023-06-13T02:40:14.105+0000] {logging_mixin.py:149} INFO - [2023-06-13T02:40:14.104+0000] {dagbag.py:541} INFO - Filling up the DagBag from /home/airflow/.local/lib/python3.7/site-packages/airflow/example_dags/example_branch_day_of_week_operator.py
[2023-06-13T02:40:14.128+0000] {processor.py:836} INFO - DAG(s) dict_keys(['example_weekday_branch_operator']) retrieved from /home/airflow/.local/lib/python3.7/site-packages/airflow/example_dags/example_branch_day_of_week_operator.py
[2023-06-13T02:40:14.206+0000] {logging_mixin.py:149} INFO - [2023-06-13T02:40:14.205+0000] {dag.py:2726} INFO - Sync 1 DAGs
[2023-06-13T02:40:14.303+0000] {logging_mixin.py:149} INFO - [2023-06-13T02:40:14.303+0000] {dag.py:3490} INFO - Setting next_dagrun for example_weekday_branch_operator to 2023-06-12T00:00:00+00:00, run_after=2023-06-13T00:00:00+00:00
[2023-06-13T02:40:14.394+0000] {processor.py:179} INFO - Processing /home/airflow/.local/lib/python3.7/site-packages/airflow/example_dags/example_branch_day_of_week_operator.py took 0.305 seconds
[2023-06-13T02:40:45.620+0000] {processor.py:157} INFO - Started process (PID=980) to work on /home/airflow/.local/lib/python3.7/site-packages/airflow/example_dags/example_branch_day_of_week_operator.py
[2023-06-13T02:40:45.625+0000] {processor.py:826} INFO - Processing file /home/airflow/.local/lib/python3.7/site-packages/airflow/example_dags/example_branch_day_of_week_operator.py for tasks to queue
[2023-06-13T02:40:45.631+0000] {logging_mixin.py:149} INFO - [2023-06-13T02:40:45.629+0000] {dagbag.py:541} INFO - Filling up the DagBag from /home/airflow/.local/lib/python3.7/site-packages/airflow/example_dags/example_branch_day_of_week_operator.py
[2023-06-13T02:40:45.680+0000] {processor.py:836} INFO - DAG(s) dict_keys(['example_weekday_branch_operator']) retrieved from /home/airflow/.local/lib/python3.7/site-packages/airflow/example_dags/example_branch_day_of_week_operator.py
[2023-06-13T02:40:45.788+0000] {logging_mixin.py:149} INFO - [2023-06-13T02:40:45.787+0000] {dag.py:2726} INFO - Sync 1 DAGs
[2023-06-13T02:40:45.922+0000] {logging_mixin.py:149} INFO - [2023-06-13T02:40:45.922+0000] {dag.py:3490} INFO - Setting next_dagrun for example_weekday_branch_operator to 2023-06-12T00:00:00+00:00, run_after=2023-06-13T00:00:00+00:00
[2023-06-13T02:40:46.145+0000] {processor.py:179} INFO - Processing /home/airflow/.local/lib/python3.7/site-packages/airflow/example_dags/example_branch_day_of_week_operator.py took 0.542 seconds
[2023-06-13T02:41:16.610+0000] {processor.py:157} INFO - Started process (PID=1040) to work on /home/airflow/.local/lib/python3.7/site-packages/airflow/example_dags/example_branch_day_of_week_operator.py
[2023-06-13T02:41:16.614+0000] {processor.py:826} INFO - Processing file /home/airflow/.local/lib/python3.7/site-packages/airflow/example_dags/example_branch_day_of_week_operator.py for tasks to queue
[2023-06-13T02:41:16.619+0000] {logging_mixin.py:149} INFO - [2023-06-13T02:41:16.618+0000] {dagbag.py:541} INFO - Filling up the DagBag from /home/airflow/.local/lib/python3.7/site-packages/airflow/example_dags/example_branch_day_of_week_operator.py
[2023-06-13T02:41:16.650+0000] {processor.py:836} INFO - DAG(s) dict_keys(['example_weekday_branch_operator']) retrieved from /home/airflow/.local/lib/python3.7/site-packages/airflow/example_dags/example_branch_day_of_week_operator.py
[2023-06-13T02:41:16.754+0000] {logging_mixin.py:149} INFO - [2023-06-13T02:41:16.753+0000] {dag.py:2726} INFO - Sync 1 DAGs
[2023-06-13T02:41:16.876+0000] {logging_mixin.py:149} INFO - [2023-06-13T02:41:16.876+0000] {dag.py:3490} INFO - Setting next_dagrun for example_weekday_branch_operator to 2023-06-12T00:00:00+00:00, run_after=2023-06-13T00:00:00+00:00
[2023-06-13T02:41:16.983+0000] {processor.py:179} INFO - Processing /home/airflow/.local/lib/python3.7/site-packages/airflow/example_dags/example_branch_day_of_week_operator.py took 0.385 seconds
[2023-06-13T02:41:47.980+0000] {processor.py:157} INFO - Started process (PID=1101) to work on /home/airflow/.local/lib/python3.7/site-packages/airflow/example_dags/example_branch_day_of_week_operator.py
[2023-06-13T02:41:47.984+0000] {processor.py:826} INFO - Processing file /home/airflow/.local/lib/python3.7/site-packages/airflow/example_dags/example_branch_day_of_week_operator.py for tasks to queue
[2023-06-13T02:41:47.987+0000] {logging_mixin.py:149} INFO - [2023-06-13T02:41:47.986+0000] {dagbag.py:541} INFO - Filling up the DagBag from /home/airflow/.local/lib/python3.7/site-packages/airflow/example_dags/example_branch_day_of_week_operator.py
[2023-06-13T02:41:48.017+0000] {processor.py:836} INFO - DAG(s) dict_keys(['example_weekday_branch_operator']) retrieved from /home/airflow/.local/lib/python3.7/site-packages/airflow/example_dags/example_branch_day_of_week_operator.py
[2023-06-13T02:41:48.130+0000] {logging_mixin.py:149} INFO - [2023-06-13T02:41:48.130+0000] {dag.py:2726} INFO - Sync 1 DAGs
[2023-06-13T02:41:48.266+0000] {logging_mixin.py:149} INFO - [2023-06-13T02:41:48.265+0000] {dag.py:3490} INFO - Setting next_dagrun for example_weekday_branch_operator to 2023-06-12T00:00:00+00:00, run_after=2023-06-13T00:00:00+00:00
[2023-06-13T02:41:48.369+0000] {processor.py:179} INFO - Processing /home/airflow/.local/lib/python3.7/site-packages/airflow/example_dags/example_branch_day_of_week_operator.py took 0.402 seconds
[2023-06-13T02:42:19.041+0000] {processor.py:157} INFO - Started process (PID=1161) to work on /home/airflow/.local/lib/python3.7/site-packages/airflow/example_dags/example_branch_day_of_week_operator.py
[2023-06-13T02:42:19.044+0000] {processor.py:826} INFO - Processing file /home/airflow/.local/lib/python3.7/site-packages/airflow/example_dags/example_branch_day_of_week_operator.py for tasks to queue
[2023-06-13T02:42:19.048+0000] {logging_mixin.py:149} INFO - [2023-06-13T02:42:19.047+0000] {dagbag.py:541} INFO - Filling up the DagBag from /home/airflow/.local/lib/python3.7/site-packages/airflow/example_dags/example_branch_day_of_week_operator.py
[2023-06-13T02:42:19.074+0000] {processor.py:836} INFO - DAG(s) dict_keys(['example_weekday_branch_operator']) retrieved from /home/airflow/.local/lib/python3.7/site-packages/airflow/example_dags/example_branch_day_of_week_operator.py
[2023-06-13T02:42:19.156+0000] {logging_mixin.py:149} INFO - [2023-06-13T02:42:19.155+0000] {dag.py:2726} INFO - Sync 1 DAGs
[2023-06-13T02:42:19.250+0000] {logging_mixin.py:149} INFO - [2023-06-13T02:42:19.249+0000] {dag.py:3490} INFO - Setting next_dagrun for example_weekday_branch_operator to 2023-06-12T00:00:00+00:00, run_after=2023-06-13T00:00:00+00:00
[2023-06-13T02:42:19.337+0000] {processor.py:179} INFO - Processing /home/airflow/.local/lib/python3.7/site-packages/airflow/example_dags/example_branch_day_of_week_operator.py took 0.307 seconds
[2023-06-13T02:42:49.463+0000] {processor.py:157} INFO - Started process (PID=1219) to work on /home/airflow/.local/lib/python3.7/site-packages/airflow/example_dags/example_branch_day_of_week_operator.py
[2023-06-13T02:42:49.466+0000] {processor.py:826} INFO - Processing file /home/airflow/.local/lib/python3.7/site-packages/airflow/example_dags/example_branch_day_of_week_operator.py for tasks to queue
[2023-06-13T02:42:49.471+0000] {logging_mixin.py:149} INFO - [2023-06-13T02:42:49.470+0000] {dagbag.py:541} INFO - Filling up the DagBag from /home/airflow/.local/lib/python3.7/site-packages/airflow/example_dags/example_branch_day_of_week_operator.py
[2023-06-13T02:42:49.501+0000] {processor.py:836} INFO - DAG(s) dict_keys(['example_weekday_branch_operator']) retrieved from /home/airflow/.local/lib/python3.7/site-packages/airflow/example_dags/example_branch_day_of_week_operator.py
[2023-06-13T02:42:49.608+0000] {logging_mixin.py:149} INFO - [2023-06-13T02:42:49.607+0000] {dag.py:2726} INFO - Sync 1 DAGs
[2023-06-13T02:42:49.754+0000] {logging_mixin.py:149} INFO - [2023-06-13T02:42:49.752+0000] {dag.py:3490} INFO - Setting next_dagrun for example_weekday_branch_operator to 2023-06-12T00:00:00+00:00, run_after=2023-06-13T00:00:00+00:00
[2023-06-13T02:42:49.865+0000] {processor.py:179} INFO - Processing /home/airflow/.local/lib/python3.7/site-packages/airflow/example_dags/example_branch_day_of_week_operator.py took 0.413 seconds
[2023-06-13T02:43:20.626+0000] {processor.py:157} INFO - Started process (PID=1279) to work on /home/airflow/.local/lib/python3.7/site-packages/airflow/example_dags/example_branch_day_of_week_operator.py
[2023-06-13T02:43:20.629+0000] {processor.py:826} INFO - Processing file /home/airflow/.local/lib/python3.7/site-packages/airflow/example_dags/example_branch_day_of_week_operator.py for tasks to queue
[2023-06-13T02:43:20.632+0000] {logging_mixin.py:149} INFO - [2023-06-13T02:43:20.631+0000] {dagbag.py:541} INFO - Filling up the DagBag from /home/airflow/.local/lib/python3.7/site-packages/airflow/example_dags/example_branch_day_of_week_operator.py
[2023-06-13T02:43:20.652+0000] {processor.py:836} INFO - DAG(s) dict_keys(['example_weekday_branch_operator']) retrieved from /home/airflow/.local/lib/python3.7/site-packages/airflow/example_dags/example_branch_day_of_week_operator.py
[2023-06-13T02:43:20.721+0000] {logging_mixin.py:149} INFO - [2023-06-13T02:43:20.721+0000] {dag.py:2726} INFO - Sync 1 DAGs
[2023-06-13T02:43:20.787+0000] {logging_mixin.py:149} INFO - [2023-06-13T02:43:20.787+0000] {dag.py:3490} INFO - Setting next_dagrun for example_weekday_branch_operator to 2023-06-12T00:00:00+00:00, run_after=2023-06-13T00:00:00+00:00
[2023-06-13T02:43:20.851+0000] {processor.py:179} INFO - Processing /home/airflow/.local/lib/python3.7/site-packages/airflow/example_dags/example_branch_day_of_week_operator.py took 0.237 seconds
[2023-06-13T02:43:51.625+0000] {processor.py:157} INFO - Started process (PID=1339) to work on /home/airflow/.local/lib/python3.7/site-packages/airflow/example_dags/example_branch_day_of_week_operator.py
[2023-06-13T02:43:51.628+0000] {processor.py:826} INFO - Processing file /home/airflow/.local/lib/python3.7/site-packages/airflow/example_dags/example_branch_day_of_week_operator.py for tasks to queue
[2023-06-13T02:43:51.632+0000] {logging_mixin.py:149} INFO - [2023-06-13T02:43:51.631+0000] {dagbag.py:541} INFO - Filling up the DagBag from /home/airflow/.local/lib/python3.7/site-packages/airflow/example_dags/example_branch_day_of_week_operator.py
[2023-06-13T02:43:51.651+0000] {processor.py:836} INFO - DAG(s) dict_keys(['example_weekday_branch_operator']) retrieved from /home/airflow/.local/lib/python3.7/site-packages/airflow/example_dags/example_branch_day_of_week_operator.py
[2023-06-13T02:43:51.733+0000] {logging_mixin.py:149} INFO - [2023-06-13T02:43:51.733+0000] {dag.py:2726} INFO - Sync 1 DAGs
[2023-06-13T02:43:51.837+0000] {logging_mixin.py:149} INFO - [2023-06-13T02:43:51.836+0000] {dag.py:3490} INFO - Setting next_dagrun for example_weekday_branch_operator to 2023-06-12T00:00:00+00:00, run_after=2023-06-13T00:00:00+00:00
[2023-06-13T02:43:51.912+0000] {processor.py:179} INFO - Processing /home/airflow/.local/lib/python3.7/site-packages/airflow/example_dags/example_branch_day_of_week_operator.py took 0.294 seconds
[2023-06-13T02:44:22.035+0000] {processor.py:157} INFO - Started process (PID=1399) to work on /home/airflow/.local/lib/python3.7/site-packages/airflow/example_dags/example_branch_day_of_week_operator.py
[2023-06-13T02:44:22.038+0000] {processor.py:826} INFO - Processing file /home/airflow/.local/lib/python3.7/site-packages/airflow/example_dags/example_branch_day_of_week_operator.py for tasks to queue
[2023-06-13T02:44:22.043+0000] {logging_mixin.py:149} INFO - [2023-06-13T02:44:22.042+0000] {dagbag.py:541} INFO - Filling up the DagBag from /home/airflow/.local/lib/python3.7/site-packages/airflow/example_dags/example_branch_day_of_week_operator.py
[2023-06-13T02:44:22.070+0000] {processor.py:836} INFO - DAG(s) dict_keys(['example_weekday_branch_operator']) retrieved from /home/airflow/.local/lib/python3.7/site-packages/airflow/example_dags/example_branch_day_of_week_operator.py
[2023-06-13T02:44:22.169+0000] {logging_mixin.py:149} INFO - [2023-06-13T02:44:22.168+0000] {dag.py:2726} INFO - Sync 1 DAGs
[2023-06-13T02:44:22.310+0000] {logging_mixin.py:149} INFO - [2023-06-13T02:44:22.309+0000] {dag.py:3490} INFO - Setting next_dagrun for example_weekday_branch_operator to 2023-06-12T00:00:00+00:00, run_after=2023-06-13T00:00:00+00:00
[2023-06-13T02:44:22.391+0000] {processor.py:179} INFO - Processing /home/airflow/.local/lib/python3.7/site-packages/airflow/example_dags/example_branch_day_of_week_operator.py took 0.365 seconds
