[2023-06-13T01:50:00.230+0000] {processor.py:157} INFO - Started process (PID=54) to work on /home/airflow/.local/lib/python3.7/site-packages/airflow/example_dags/example_latest_only.py
[2023-06-13T01:50:00.232+0000] {processor.py:826} INFO - Processing file /home/airflow/.local/lib/python3.7/site-packages/airflow/example_dags/example_latest_only.py for tasks to queue
[2023-06-13T01:50:00.235+0000] {logging_mixin.py:149} INFO - [2023-06-13T01:50:00.234+0000] {dagbag.py:541} INFO - Filling up the DagBag from /home/airflow/.local/lib/python3.7/site-packages/airflow/example_dags/example_latest_only.py
[2023-06-13T01:50:00.247+0000] {processor.py:836} INFO - DAG(s) dict_keys(['latest_only']) retrieved from /home/airflow/.local/lib/python3.7/site-packages/airflow/example_dags/example_latest_only.py
[2023-06-13T01:50:00.271+0000] {logging_mixin.py:149} INFO - [2023-06-13T01:50:00.271+0000] {dag.py:2726} INFO - Sync 1 DAGs
[2023-06-13T01:50:00.321+0000] {logging_mixin.py:149} INFO - [2023-06-13T01:50:00.321+0000] {dag.py:3490} INFO - Setting next_dagrun for latest_only to 2023-06-12T21:50:00.321303+00:00, run_after=2023-06-13T01:50:00.321303+00:00
[2023-06-13T01:50:00.365+0000] {processor.py:179} INFO - Processing /home/airflow/.local/lib/python3.7/site-packages/airflow/example_dags/example_latest_only.py took 0.140 seconds
[2023-06-13T01:50:30.615+0000] {processor.py:157} INFO - Started process (PID=114) to work on /home/airflow/.local/lib/python3.7/site-packages/airflow/example_dags/example_latest_only.py
[2023-06-13T01:50:30.617+0000] {processor.py:826} INFO - Processing file /home/airflow/.local/lib/python3.7/site-packages/airflow/example_dags/example_latest_only.py for tasks to queue
[2023-06-13T01:50:30.619+0000] {logging_mixin.py:149} INFO - [2023-06-13T01:50:30.619+0000] {dagbag.py:541} INFO - Filling up the DagBag from /home/airflow/.local/lib/python3.7/site-packages/airflow/example_dags/example_latest_only.py
[2023-06-13T01:50:30.626+0000] {processor.py:836} INFO - DAG(s) dict_keys(['latest_only']) retrieved from /home/airflow/.local/lib/python3.7/site-packages/airflow/example_dags/example_latest_only.py
[2023-06-13T01:50:30.663+0000] {logging_mixin.py:149} INFO - [2023-06-13T01:50:30.663+0000] {dag.py:2726} INFO - Sync 1 DAGs
[2023-06-13T01:50:30.710+0000] {logging_mixin.py:149} INFO - [2023-06-13T01:50:30.710+0000] {dag.py:3490} INFO - Setting next_dagrun for latest_only to 2023-06-12T21:50:30.709890+00:00, run_after=2023-06-13T01:50:30.709890+00:00
[2023-06-13T01:50:30.753+0000] {processor.py:179} INFO - Processing /home/airflow/.local/lib/python3.7/site-packages/airflow/example_dags/example_latest_only.py took 0.142 seconds
[2023-06-13T01:51:01.990+0000] {processor.py:157} INFO - Started process (PID=174) to work on /home/airflow/.local/lib/python3.7/site-packages/airflow/example_dags/example_latest_only.py
[2023-06-13T01:51:01.991+0000] {processor.py:826} INFO - Processing file /home/airflow/.local/lib/python3.7/site-packages/airflow/example_dags/example_latest_only.py for tasks to queue
[2023-06-13T01:51:01.993+0000] {logging_mixin.py:149} INFO - [2023-06-13T01:51:01.993+0000] {dagbag.py:541} INFO - Filling up the DagBag from /home/airflow/.local/lib/python3.7/site-packages/airflow/example_dags/example_latest_only.py
[2023-06-13T01:51:02.001+0000] {processor.py:836} INFO - DAG(s) dict_keys(['latest_only']) retrieved from /home/airflow/.local/lib/python3.7/site-packages/airflow/example_dags/example_latest_only.py
[2023-06-13T01:51:02.051+0000] {logging_mixin.py:149} INFO - [2023-06-13T01:51:02.051+0000] {dag.py:2726} INFO - Sync 1 DAGs
[2023-06-13T01:51:02.102+0000] {logging_mixin.py:149} INFO - [2023-06-13T01:51:02.101+0000] {dag.py:3490} INFO - Setting next_dagrun for latest_only to 2023-06-12T21:51:02.101584+00:00, run_after=2023-06-13T01:51:02.101584+00:00
[2023-06-13T01:51:02.150+0000] {processor.py:179} INFO - Processing /home/airflow/.local/lib/python3.7/site-packages/airflow/example_dags/example_latest_only.py took 0.167 seconds
[2023-06-13T01:51:32.675+0000] {processor.py:157} INFO - Started process (PID=234) to work on /home/airflow/.local/lib/python3.7/site-packages/airflow/example_dags/example_latest_only.py
[2023-06-13T01:51:32.676+0000] {processor.py:826} INFO - Processing file /home/airflow/.local/lib/python3.7/site-packages/airflow/example_dags/example_latest_only.py for tasks to queue
[2023-06-13T01:51:32.678+0000] {logging_mixin.py:149} INFO - [2023-06-13T01:51:32.678+0000] {dagbag.py:541} INFO - Filling up the DagBag from /home/airflow/.local/lib/python3.7/site-packages/airflow/example_dags/example_latest_only.py
[2023-06-13T01:51:32.686+0000] {processor.py:836} INFO - DAG(s) dict_keys(['latest_only']) retrieved from /home/airflow/.local/lib/python3.7/site-packages/airflow/example_dags/example_latest_only.py
[2023-06-13T01:51:32.718+0000] {logging_mixin.py:149} INFO - [2023-06-13T01:51:32.718+0000] {dag.py:2726} INFO - Sync 1 DAGs
[2023-06-13T01:51:32.763+0000] {logging_mixin.py:149} INFO - [2023-06-13T01:51:32.763+0000] {dag.py:3490} INFO - Setting next_dagrun for latest_only to 2023-06-12T21:51:32.762915+00:00, run_after=2023-06-13T01:51:32.762915+00:00
[2023-06-13T01:51:32.797+0000] {processor.py:179} INFO - Processing /home/airflow/.local/lib/python3.7/site-packages/airflow/example_dags/example_latest_only.py took 0.126 seconds
[2023-06-13T01:53:53.119+0000] {processor.py:157} INFO - Started process (PID=61) to work on /home/airflow/.local/lib/python3.7/site-packages/airflow/example_dags/example_latest_only.py
[2023-06-13T01:53:53.122+0000] {processor.py:826} INFO - Processing file /home/airflow/.local/lib/python3.7/site-packages/airflow/example_dags/example_latest_only.py for tasks to queue
[2023-06-13T01:53:53.129+0000] {logging_mixin.py:149} INFO - [2023-06-13T01:53:53.128+0000] {dagbag.py:541} INFO - Filling up the DagBag from /home/airflow/.local/lib/python3.7/site-packages/airflow/example_dags/example_latest_only.py
[2023-06-13T01:53:53.149+0000] {processor.py:836} INFO - DAG(s) dict_keys(['latest_only']) retrieved from /home/airflow/.local/lib/python3.7/site-packages/airflow/example_dags/example_latest_only.py
[2023-06-13T01:53:53.249+0000] {logging_mixin.py:149} INFO - [2023-06-13T01:53:53.249+0000] {dag.py:2726} INFO - Sync 1 DAGs
[2023-06-13T01:53:53.350+0000] {logging_mixin.py:149} INFO - [2023-06-13T01:53:53.350+0000] {dag.py:3490} INFO - Setting next_dagrun for latest_only to 2023-06-12T21:53:53.348863+00:00, run_after=2023-06-13T01:53:53.348863+00:00
[2023-06-13T01:53:53.431+0000] {processor.py:179} INFO - Processing /home/airflow/.local/lib/python3.7/site-packages/airflow/example_dags/example_latest_only.py took 0.320 seconds
[2023-06-13T01:54:24.222+0000] {processor.py:157} INFO - Started process (PID=122) to work on /home/airflow/.local/lib/python3.7/site-packages/airflow/example_dags/example_latest_only.py
[2023-06-13T01:54:24.224+0000] {processor.py:826} INFO - Processing file /home/airflow/.local/lib/python3.7/site-packages/airflow/example_dags/example_latest_only.py for tasks to queue
[2023-06-13T01:54:24.226+0000] {logging_mixin.py:149} INFO - [2023-06-13T01:54:24.226+0000] {dagbag.py:541} INFO - Filling up the DagBag from /home/airflow/.local/lib/python3.7/site-packages/airflow/example_dags/example_latest_only.py
[2023-06-13T01:54:24.234+0000] {processor.py:836} INFO - DAG(s) dict_keys(['latest_only']) retrieved from /home/airflow/.local/lib/python3.7/site-packages/airflow/example_dags/example_latest_only.py
[2023-06-13T01:54:24.285+0000] {logging_mixin.py:149} INFO - [2023-06-13T01:54:24.284+0000] {dag.py:2726} INFO - Sync 1 DAGs
[2023-06-13T01:54:24.362+0000] {logging_mixin.py:149} INFO - [2023-06-13T01:54:24.361+0000] {dag.py:3490} INFO - Setting next_dagrun for latest_only to 2023-06-12T21:54:24.361374+00:00, run_after=2023-06-13T01:54:24.361374+00:00
[2023-06-13T01:54:24.411+0000] {processor.py:179} INFO - Processing /home/airflow/.local/lib/python3.7/site-packages/airflow/example_dags/example_latest_only.py took 0.194 seconds
[2023-06-13T01:54:55.283+0000] {processor.py:157} INFO - Started process (PID=182) to work on /home/airflow/.local/lib/python3.7/site-packages/airflow/example_dags/example_latest_only.py
[2023-06-13T01:54:55.285+0000] {processor.py:826} INFO - Processing file /home/airflow/.local/lib/python3.7/site-packages/airflow/example_dags/example_latest_only.py for tasks to queue
[2023-06-13T01:54:55.288+0000] {logging_mixin.py:149} INFO - [2023-06-13T01:54:55.287+0000] {dagbag.py:541} INFO - Filling up the DagBag from /home/airflow/.local/lib/python3.7/site-packages/airflow/example_dags/example_latest_only.py
[2023-06-13T01:54:55.295+0000] {processor.py:836} INFO - DAG(s) dict_keys(['latest_only']) retrieved from /home/airflow/.local/lib/python3.7/site-packages/airflow/example_dags/example_latest_only.py
[2023-06-13T01:54:55.333+0000] {logging_mixin.py:149} INFO - [2023-06-13T01:54:55.333+0000] {dag.py:2726} INFO - Sync 1 DAGs
[2023-06-13T01:54:55.382+0000] {logging_mixin.py:149} INFO - [2023-06-13T01:54:55.382+0000] {dag.py:3490} INFO - Setting next_dagrun for latest_only to 2023-06-12T21:54:55.381836+00:00, run_after=2023-06-13T01:54:55.381836+00:00
[2023-06-13T01:54:55.420+0000] {processor.py:179} INFO - Processing /home/airflow/.local/lib/python3.7/site-packages/airflow/example_dags/example_latest_only.py took 0.141 seconds
[2023-06-13T01:55:25.487+0000] {processor.py:157} INFO - Started process (PID=243) to work on /home/airflow/.local/lib/python3.7/site-packages/airflow/example_dags/example_latest_only.py
[2023-06-13T01:55:25.489+0000] {processor.py:826} INFO - Processing file /home/airflow/.local/lib/python3.7/site-packages/airflow/example_dags/example_latest_only.py for tasks to queue
[2023-06-13T01:55:25.490+0000] {logging_mixin.py:149} INFO - [2023-06-13T01:55:25.490+0000] {dagbag.py:541} INFO - Filling up the DagBag from /home/airflow/.local/lib/python3.7/site-packages/airflow/example_dags/example_latest_only.py
[2023-06-13T01:55:25.500+0000] {processor.py:836} INFO - DAG(s) dict_keys(['latest_only']) retrieved from /home/airflow/.local/lib/python3.7/site-packages/airflow/example_dags/example_latest_only.py
[2023-06-13T01:55:25.539+0000] {logging_mixin.py:149} INFO - [2023-06-13T01:55:25.539+0000] {dag.py:2726} INFO - Sync 1 DAGs
[2023-06-13T01:55:25.580+0000] {logging_mixin.py:149} INFO - [2023-06-13T01:55:25.580+0000] {dag.py:3490} INFO - Setting next_dagrun for latest_only to 2023-06-12T21:55:25.579847+00:00, run_after=2023-06-13T01:55:25.579847+00:00
[2023-06-13T01:55:25.612+0000] {processor.py:179} INFO - Processing /home/airflow/.local/lib/python3.7/site-packages/airflow/example_dags/example_latest_only.py took 0.128 seconds
[2023-06-13T01:55:55.943+0000] {processor.py:157} INFO - Started process (PID=303) to work on /home/airflow/.local/lib/python3.7/site-packages/airflow/example_dags/example_latest_only.py
[2023-06-13T01:55:55.944+0000] {processor.py:826} INFO - Processing file /home/airflow/.local/lib/python3.7/site-packages/airflow/example_dags/example_latest_only.py for tasks to queue
[2023-06-13T01:55:55.945+0000] {logging_mixin.py:149} INFO - [2023-06-13T01:55:55.945+0000] {dagbag.py:541} INFO - Filling up the DagBag from /home/airflow/.local/lib/python3.7/site-packages/airflow/example_dags/example_latest_only.py
[2023-06-13T01:55:55.951+0000] {processor.py:836} INFO - DAG(s) dict_keys(['latest_only']) retrieved from /home/airflow/.local/lib/python3.7/site-packages/airflow/example_dags/example_latest_only.py
[2023-06-13T01:55:55.985+0000] {logging_mixin.py:149} INFO - [2023-06-13T01:55:55.984+0000] {dag.py:2726} INFO - Sync 1 DAGs
[2023-06-13T01:55:56.025+0000] {logging_mixin.py:149} INFO - [2023-06-13T01:55:56.025+0000] {dag.py:3490} INFO - Setting next_dagrun for latest_only to 2023-06-12T21:55:56.025070+00:00, run_after=2023-06-13T01:55:56.025070+00:00
[2023-06-13T01:55:56.060+0000] {processor.py:179} INFO - Processing /home/airflow/.local/lib/python3.7/site-packages/airflow/example_dags/example_latest_only.py took 0.121 seconds
[2023-06-13T01:56:26.273+0000] {processor.py:157} INFO - Started process (PID=363) to work on /home/airflow/.local/lib/python3.7/site-packages/airflow/example_dags/example_latest_only.py
[2023-06-13T01:56:26.275+0000] {processor.py:826} INFO - Processing file /home/airflow/.local/lib/python3.7/site-packages/airflow/example_dags/example_latest_only.py for tasks to queue
[2023-06-13T01:56:26.277+0000] {logging_mixin.py:149} INFO - [2023-06-13T01:56:26.276+0000] {dagbag.py:541} INFO - Filling up the DagBag from /home/airflow/.local/lib/python3.7/site-packages/airflow/example_dags/example_latest_only.py
[2023-06-13T01:56:26.285+0000] {processor.py:836} INFO - DAG(s) dict_keys(['latest_only']) retrieved from /home/airflow/.local/lib/python3.7/site-packages/airflow/example_dags/example_latest_only.py
[2023-06-13T01:56:26.321+0000] {logging_mixin.py:149} INFO - [2023-06-13T01:56:26.320+0000] {dag.py:2726} INFO - Sync 1 DAGs
[2023-06-13T01:56:26.364+0000] {logging_mixin.py:149} INFO - [2023-06-13T01:56:26.363+0000] {dag.py:3490} INFO - Setting next_dagrun for latest_only to 2023-06-12T21:56:26.363617+00:00, run_after=2023-06-13T01:56:26.363617+00:00
[2023-06-13T01:56:26.399+0000] {processor.py:179} INFO - Processing /home/airflow/.local/lib/python3.7/site-packages/airflow/example_dags/example_latest_only.py took 0.129 seconds
[2023-06-13T01:56:56.805+0000] {processor.py:157} INFO - Started process (PID=424) to work on /home/airflow/.local/lib/python3.7/site-packages/airflow/example_dags/example_latest_only.py
[2023-06-13T01:56:56.806+0000] {processor.py:826} INFO - Processing file /home/airflow/.local/lib/python3.7/site-packages/airflow/example_dags/example_latest_only.py for tasks to queue
[2023-06-13T01:56:56.807+0000] {logging_mixin.py:149} INFO - [2023-06-13T01:56:56.807+0000] {dagbag.py:541} INFO - Filling up the DagBag from /home/airflow/.local/lib/python3.7/site-packages/airflow/example_dags/example_latest_only.py
[2023-06-13T01:56:56.813+0000] {processor.py:836} INFO - DAG(s) dict_keys(['latest_only']) retrieved from /home/airflow/.local/lib/python3.7/site-packages/airflow/example_dags/example_latest_only.py
[2023-06-13T01:56:56.850+0000] {logging_mixin.py:149} INFO - [2023-06-13T01:56:56.849+0000] {dag.py:2726} INFO - Sync 1 DAGs
[2023-06-13T01:56:56.896+0000] {logging_mixin.py:149} INFO - [2023-06-13T01:56:56.896+0000] {dag.py:3490} INFO - Setting next_dagrun for latest_only to 2023-06-12T21:56:56.895776+00:00, run_after=2023-06-13T01:56:56.895776+00:00
[2023-06-13T01:56:56.935+0000] {processor.py:179} INFO - Processing /home/airflow/.local/lib/python3.7/site-packages/airflow/example_dags/example_latest_only.py took 0.133 seconds
[2023-06-13T01:57:27.797+0000] {processor.py:157} INFO - Started process (PID=484) to work on /home/airflow/.local/lib/python3.7/site-packages/airflow/example_dags/example_latest_only.py
[2023-06-13T01:57:27.799+0000] {processor.py:826} INFO - Processing file /home/airflow/.local/lib/python3.7/site-packages/airflow/example_dags/example_latest_only.py for tasks to queue
[2023-06-13T01:57:27.801+0000] {logging_mixin.py:149} INFO - [2023-06-13T01:57:27.800+0000] {dagbag.py:541} INFO - Filling up the DagBag from /home/airflow/.local/lib/python3.7/site-packages/airflow/example_dags/example_latest_only.py
[2023-06-13T01:57:27.807+0000] {processor.py:836} INFO - DAG(s) dict_keys(['latest_only']) retrieved from /home/airflow/.local/lib/python3.7/site-packages/airflow/example_dags/example_latest_only.py
[2023-06-13T01:57:27.849+0000] {logging_mixin.py:149} INFO - [2023-06-13T01:57:27.849+0000] {dag.py:2726} INFO - Sync 1 DAGs
[2023-06-13T01:57:27.901+0000] {logging_mixin.py:149} INFO - [2023-06-13T01:57:27.901+0000] {dag.py:3490} INFO - Setting next_dagrun for latest_only to 2023-06-12T21:57:27.901263+00:00, run_after=2023-06-13T01:57:27.901263+00:00
[2023-06-13T01:57:27.942+0000] {processor.py:179} INFO - Processing /home/airflow/.local/lib/python3.7/site-packages/airflow/example_dags/example_latest_only.py took 0.148 seconds
[2023-06-13T01:57:58.500+0000] {processor.py:157} INFO - Started process (PID=544) to work on /home/airflow/.local/lib/python3.7/site-packages/airflow/example_dags/example_latest_only.py
[2023-06-13T01:57:58.501+0000] {processor.py:826} INFO - Processing file /home/airflow/.local/lib/python3.7/site-packages/airflow/example_dags/example_latest_only.py for tasks to queue
[2023-06-13T01:57:58.503+0000] {logging_mixin.py:149} INFO - [2023-06-13T01:57:58.503+0000] {dagbag.py:541} INFO - Filling up the DagBag from /home/airflow/.local/lib/python3.7/site-packages/airflow/example_dags/example_latest_only.py
[2023-06-13T01:57:58.510+0000] {processor.py:836} INFO - DAG(s) dict_keys(['latest_only']) retrieved from /home/airflow/.local/lib/python3.7/site-packages/airflow/example_dags/example_latest_only.py
[2023-06-13T01:57:58.533+0000] {logging_mixin.py:149} INFO - [2023-06-13T01:57:58.532+0000] {dag.py:2726} INFO - Sync 1 DAGs
[2023-06-13T01:57:58.579+0000] {logging_mixin.py:149} INFO - [2023-06-13T01:57:58.579+0000] {dag.py:3490} INFO - Setting next_dagrun for latest_only to 2023-06-12T21:57:58.579361+00:00, run_after=2023-06-13T01:57:58.579361+00:00
[2023-06-13T01:57:58.623+0000] {processor.py:179} INFO - Processing /home/airflow/.local/lib/python3.7/site-packages/airflow/example_dags/example_latest_only.py took 0.126 seconds
[2023-06-13T01:58:28.677+0000] {processor.py:157} INFO - Started process (PID=604) to work on /home/airflow/.local/lib/python3.7/site-packages/airflow/example_dags/example_latest_only.py
[2023-06-13T01:58:28.679+0000] {processor.py:826} INFO - Processing file /home/airflow/.local/lib/python3.7/site-packages/airflow/example_dags/example_latest_only.py for tasks to queue
[2023-06-13T01:58:28.680+0000] {logging_mixin.py:149} INFO - [2023-06-13T01:58:28.680+0000] {dagbag.py:541} INFO - Filling up the DagBag from /home/airflow/.local/lib/python3.7/site-packages/airflow/example_dags/example_latest_only.py
[2023-06-13T01:58:28.687+0000] {processor.py:836} INFO - DAG(s) dict_keys(['latest_only']) retrieved from /home/airflow/.local/lib/python3.7/site-packages/airflow/example_dags/example_latest_only.py
[2023-06-13T01:58:28.726+0000] {logging_mixin.py:149} INFO - [2023-06-13T01:58:28.726+0000] {dag.py:2726} INFO - Sync 1 DAGs
[2023-06-13T01:58:28.769+0000] {logging_mixin.py:149} INFO - [2023-06-13T01:58:28.769+0000] {dag.py:3490} INFO - Setting next_dagrun for latest_only to 2023-06-12T21:58:28.769081+00:00, run_after=2023-06-13T01:58:28.769081+00:00
[2023-06-13T01:58:28.818+0000] {processor.py:179} INFO - Processing /home/airflow/.local/lib/python3.7/site-packages/airflow/example_dags/example_latest_only.py took 0.144 seconds
[2023-06-13T01:58:58.920+0000] {processor.py:157} INFO - Started process (PID=664) to work on /home/airflow/.local/lib/python3.7/site-packages/airflow/example_dags/example_latest_only.py
[2023-06-13T01:58:58.921+0000] {processor.py:826} INFO - Processing file /home/airflow/.local/lib/python3.7/site-packages/airflow/example_dags/example_latest_only.py for tasks to queue
[2023-06-13T01:58:58.923+0000] {logging_mixin.py:149} INFO - [2023-06-13T01:58:58.922+0000] {dagbag.py:541} INFO - Filling up the DagBag from /home/airflow/.local/lib/python3.7/site-packages/airflow/example_dags/example_latest_only.py
[2023-06-13T01:58:58.932+0000] {processor.py:836} INFO - DAG(s) dict_keys(['latest_only']) retrieved from /home/airflow/.local/lib/python3.7/site-packages/airflow/example_dags/example_latest_only.py
[2023-06-13T01:58:58.972+0000] {logging_mixin.py:149} INFO - [2023-06-13T01:58:58.971+0000] {dag.py:2726} INFO - Sync 1 DAGs
[2023-06-13T01:58:59.011+0000] {logging_mixin.py:149} INFO - [2023-06-13T01:58:59.011+0000] {dag.py:3490} INFO - Setting next_dagrun for latest_only to 2023-06-12T21:58:59.010985+00:00, run_after=2023-06-13T01:58:59.010985+00:00
[2023-06-13T01:58:59.047+0000] {processor.py:179} INFO - Processing /home/airflow/.local/lib/python3.7/site-packages/airflow/example_dags/example_latest_only.py took 0.133 seconds
[2023-06-13T01:59:29.481+0000] {processor.py:157} INFO - Started process (PID=724) to work on /home/airflow/.local/lib/python3.7/site-packages/airflow/example_dags/example_latest_only.py
[2023-06-13T01:59:29.482+0000] {processor.py:826} INFO - Processing file /home/airflow/.local/lib/python3.7/site-packages/airflow/example_dags/example_latest_only.py for tasks to queue
[2023-06-13T01:59:29.484+0000] {logging_mixin.py:149} INFO - [2023-06-13T01:59:29.483+0000] {dagbag.py:541} INFO - Filling up the DagBag from /home/airflow/.local/lib/python3.7/site-packages/airflow/example_dags/example_latest_only.py
[2023-06-13T01:59:29.490+0000] {processor.py:836} INFO - DAG(s) dict_keys(['latest_only']) retrieved from /home/airflow/.local/lib/python3.7/site-packages/airflow/example_dags/example_latest_only.py
[2023-06-13T01:59:29.527+0000] {logging_mixin.py:149} INFO - [2023-06-13T01:59:29.527+0000] {dag.py:2726} INFO - Sync 1 DAGs
[2023-06-13T01:59:29.565+0000] {logging_mixin.py:149} INFO - [2023-06-13T01:59:29.565+0000] {dag.py:3490} INFO - Setting next_dagrun for latest_only to 2023-06-12T21:59:29.565149+00:00, run_after=2023-06-13T01:59:29.565149+00:00
[2023-06-13T01:59:29.597+0000] {processor.py:179} INFO - Processing /home/airflow/.local/lib/python3.7/site-packages/airflow/example_dags/example_latest_only.py took 0.119 seconds
[2023-06-13T02:01:02.017+0000] {processor.py:157} INFO - Started process (PID=61) to work on /home/airflow/.local/lib/python3.7/site-packages/airflow/example_dags/example_latest_only.py
[2023-06-13T02:01:02.022+0000] {processor.py:826} INFO - Processing file /home/airflow/.local/lib/python3.7/site-packages/airflow/example_dags/example_latest_only.py for tasks to queue
[2023-06-13T02:01:02.027+0000] {logging_mixin.py:149} INFO - [2023-06-13T02:01:02.026+0000] {dagbag.py:541} INFO - Filling up the DagBag from /home/airflow/.local/lib/python3.7/site-packages/airflow/example_dags/example_latest_only.py
[2023-06-13T02:01:02.060+0000] {processor.py:836} INFO - DAG(s) dict_keys(['latest_only']) retrieved from /home/airflow/.local/lib/python3.7/site-packages/airflow/example_dags/example_latest_only.py
[2023-06-13T02:01:02.191+0000] {logging_mixin.py:149} INFO - [2023-06-13T02:01:02.191+0000] {dag.py:2726} INFO - Sync 1 DAGs
[2023-06-13T02:01:02.312+0000] {logging_mixin.py:149} INFO - [2023-06-13T02:01:02.311+0000] {dag.py:3490} INFO - Setting next_dagrun for latest_only to 2023-06-12T22:01:02.311215+00:00, run_after=2023-06-13T02:01:02.311215+00:00
[2023-06-13T02:01:02.403+0000] {processor.py:179} INFO - Processing /home/airflow/.local/lib/python3.7/site-packages/airflow/example_dags/example_latest_only.py took 0.396 seconds
[2023-06-13T02:01:33.535+0000] {processor.py:157} INFO - Started process (PID=120) to work on /home/airflow/.local/lib/python3.7/site-packages/airflow/example_dags/example_latest_only.py
[2023-06-13T02:01:33.537+0000] {processor.py:826} INFO - Processing file /home/airflow/.local/lib/python3.7/site-packages/airflow/example_dags/example_latest_only.py for tasks to queue
[2023-06-13T02:01:33.540+0000] {logging_mixin.py:149} INFO - [2023-06-13T02:01:33.539+0000] {dagbag.py:541} INFO - Filling up the DagBag from /home/airflow/.local/lib/python3.7/site-packages/airflow/example_dags/example_latest_only.py
[2023-06-13T02:01:33.551+0000] {processor.py:836} INFO - DAG(s) dict_keys(['latest_only']) retrieved from /home/airflow/.local/lib/python3.7/site-packages/airflow/example_dags/example_latest_only.py
[2023-06-13T02:01:33.642+0000] {logging_mixin.py:149} INFO - [2023-06-13T02:01:33.642+0000] {dag.py:2726} INFO - Sync 1 DAGs
[2023-06-13T02:01:33.796+0000] {logging_mixin.py:149} INFO - [2023-06-13T02:01:33.795+0000] {dag.py:3490} INFO - Setting next_dagrun for latest_only to 2023-06-12T22:01:33.794798+00:00, run_after=2023-06-13T02:01:33.794798+00:00
[2023-06-13T02:01:33.908+0000] {processor.py:179} INFO - Processing /home/airflow/.local/lib/python3.7/site-packages/airflow/example_dags/example_latest_only.py took 0.379 seconds
[2023-06-13T02:02:05.733+0000] {processor.py:157} INFO - Started process (PID=180) to work on /home/airflow/.local/lib/python3.7/site-packages/airflow/example_dags/example_latest_only.py
[2023-06-13T02:02:05.748+0000] {processor.py:826} INFO - Processing file /home/airflow/.local/lib/python3.7/site-packages/airflow/example_dags/example_latest_only.py for tasks to queue
[2023-06-13T02:02:05.756+0000] {logging_mixin.py:149} INFO - [2023-06-13T02:02:05.755+0000] {dagbag.py:541} INFO - Filling up the DagBag from /home/airflow/.local/lib/python3.7/site-packages/airflow/example_dags/example_latest_only.py
[2023-06-13T02:02:05.779+0000] {processor.py:836} INFO - DAG(s) dict_keys(['latest_only']) retrieved from /home/airflow/.local/lib/python3.7/site-packages/airflow/example_dags/example_latest_only.py
[2023-06-13T02:02:05.998+0000] {logging_mixin.py:149} INFO - [2023-06-13T02:02:05.997+0000] {dag.py:2726} INFO - Sync 1 DAGs
[2023-06-13T02:02:06.213+0000] {logging_mixin.py:149} INFO - [2023-06-13T02:02:06.212+0000] {dag.py:3490} INFO - Setting next_dagrun for latest_only to 2023-06-12T22:02:06.210809+00:00, run_after=2023-06-13T02:02:06.210809+00:00
[2023-06-13T02:02:06.370+0000] {processor.py:179} INFO - Processing /home/airflow/.local/lib/python3.7/site-packages/airflow/example_dags/example_latest_only.py took 0.661 seconds
[2023-06-13T02:32:26.379+0000] {processor.py:157} INFO - Started process (PID=66) to work on /home/airflow/.local/lib/python3.7/site-packages/airflow/example_dags/example_latest_only.py
[2023-06-13T02:32:26.383+0000] {processor.py:826} INFO - Processing file /home/airflow/.local/lib/python3.7/site-packages/airflow/example_dags/example_latest_only.py for tasks to queue
[2023-06-13T02:32:26.385+0000] {logging_mixin.py:149} INFO - [2023-06-13T02:32:26.385+0000] {dagbag.py:541} INFO - Filling up the DagBag from /home/airflow/.local/lib/python3.7/site-packages/airflow/example_dags/example_latest_only.py
[2023-06-13T02:32:26.408+0000] {processor.py:836} INFO - DAG(s) dict_keys(['latest_only']) retrieved from /home/airflow/.local/lib/python3.7/site-packages/airflow/example_dags/example_latest_only.py
[2023-06-13T02:32:26.512+0000] {logging_mixin.py:149} INFO - [2023-06-13T02:32:26.511+0000] {dag.py:2726} INFO - Sync 1 DAGs
[2023-06-13T02:32:26.627+0000] {logging_mixin.py:149} INFO - [2023-06-13T02:32:26.626+0000] {dag.py:3490} INFO - Setting next_dagrun for latest_only to 2023-06-12T22:32:26.626026+00:00, run_after=2023-06-13T02:32:26.626026+00:00
[2023-06-13T02:32:26.727+0000] {processor.py:179} INFO - Processing /home/airflow/.local/lib/python3.7/site-packages/airflow/example_dags/example_latest_only.py took 0.357 seconds
[2023-06-13T02:32:56.886+0000] {processor.py:157} INFO - Started process (PID=125) to work on /home/airflow/.local/lib/python3.7/site-packages/airflow/example_dags/example_latest_only.py
[2023-06-13T02:32:56.888+0000] {processor.py:826} INFO - Processing file /home/airflow/.local/lib/python3.7/site-packages/airflow/example_dags/example_latest_only.py for tasks to queue
[2023-06-13T02:32:56.889+0000] {logging_mixin.py:149} INFO - [2023-06-13T02:32:56.889+0000] {dagbag.py:541} INFO - Filling up the DagBag from /home/airflow/.local/lib/python3.7/site-packages/airflow/example_dags/example_latest_only.py
[2023-06-13T02:32:56.900+0000] {processor.py:836} INFO - DAG(s) dict_keys(['latest_only']) retrieved from /home/airflow/.local/lib/python3.7/site-packages/airflow/example_dags/example_latest_only.py
[2023-06-13T02:32:56.944+0000] {logging_mixin.py:149} INFO - [2023-06-13T02:32:56.944+0000] {dag.py:2726} INFO - Sync 1 DAGs
[2023-06-13T02:32:57.015+0000] {logging_mixin.py:149} INFO - [2023-06-13T02:32:57.015+0000] {dag.py:3490} INFO - Setting next_dagrun for latest_only to 2023-06-12T22:32:57.014749+00:00, run_after=2023-06-13T02:32:57.014749+00:00
[2023-06-13T02:32:57.071+0000] {processor.py:179} INFO - Processing /home/airflow/.local/lib/python3.7/site-packages/airflow/example_dags/example_latest_only.py took 0.191 seconds
[2023-06-13T02:33:44.882+0000] {processor.py:157} INFO - Started process (PID=191) to work on /home/airflow/.local/lib/python3.7/site-packages/airflow/example_dags/example_latest_only.py
[2023-06-13T02:33:44.934+0000] {processor.py:826} INFO - Processing file /home/airflow/.local/lib/python3.7/site-packages/airflow/example_dags/example_latest_only.py for tasks to queue
[2023-06-13T02:33:44.971+0000] {logging_mixin.py:149} INFO - [2023-06-13T02:33:44.970+0000] {dagbag.py:541} INFO - Filling up the DagBag from /home/airflow/.local/lib/python3.7/site-packages/airflow/example_dags/example_latest_only.py
[2023-06-13T02:33:45.137+0000] {processor.py:836} INFO - DAG(s) dict_keys(['latest_only']) retrieved from /home/airflow/.local/lib/python3.7/site-packages/airflow/example_dags/example_latest_only.py
[2023-06-13T02:33:45.622+0000] {logging_mixin.py:149} INFO - [2023-06-13T02:33:45.621+0000] {dag.py:2726} INFO - Sync 1 DAGs
[2023-06-13T02:33:47.057+0000] {logging_mixin.py:149} INFO - [2023-06-13T02:33:47.056+0000] {dag.py:3490} INFO - Setting next_dagrun for latest_only to 2023-06-12T22:33:47.055270+00:00, run_after=2023-06-13T02:33:47.055270+00:00
[2023-06-13T02:33:47.280+0000] {processor.py:179} INFO - Processing /home/airflow/.local/lib/python3.7/site-packages/airflow/example_dags/example_latest_only.py took 2.414 seconds
[2023-06-13T02:34:29.025+0000] {processor.py:157} INFO - Started process (PID=251) to work on /home/airflow/.local/lib/python3.7/site-packages/airflow/example_dags/example_latest_only.py
[2023-06-13T02:34:29.028+0000] {processor.py:826} INFO - Processing file /home/airflow/.local/lib/python3.7/site-packages/airflow/example_dags/example_latest_only.py for tasks to queue
[2023-06-13T02:34:29.032+0000] {logging_mixin.py:149} INFO - [2023-06-13T02:34:29.031+0000] {dagbag.py:541} INFO - Filling up the DagBag from /home/airflow/.local/lib/python3.7/site-packages/airflow/example_dags/example_latest_only.py
[2023-06-13T02:34:29.047+0000] {processor.py:836} INFO - DAG(s) dict_keys(['latest_only']) retrieved from /home/airflow/.local/lib/python3.7/site-packages/airflow/example_dags/example_latest_only.py
[2023-06-13T02:34:29.141+0000] {logging_mixin.py:149} INFO - [2023-06-13T02:34:29.141+0000] {dag.py:2726} INFO - Sync 1 DAGs
[2023-06-13T02:34:29.310+0000] {logging_mixin.py:149} INFO - [2023-06-13T02:34:29.299+0000] {dag.py:3490} INFO - Setting next_dagrun for latest_only to 2023-06-12T22:34:29.298295+00:00, run_after=2023-06-13T02:34:29.298295+00:00
[2023-06-13T02:34:29.486+0000] {processor.py:179} INFO - Processing /home/airflow/.local/lib/python3.7/site-packages/airflow/example_dags/example_latest_only.py took 0.469 seconds
[2023-06-13T02:35:01.887+0000] {processor.py:157} INFO - Started process (PID=318) to work on /home/airflow/.local/lib/python3.7/site-packages/airflow/example_dags/example_latest_only.py
[2023-06-13T02:35:01.891+0000] {processor.py:826} INFO - Processing file /home/airflow/.local/lib/python3.7/site-packages/airflow/example_dags/example_latest_only.py for tasks to queue
[2023-06-13T02:35:01.895+0000] {logging_mixin.py:149} INFO - [2023-06-13T02:35:01.894+0000] {dagbag.py:541} INFO - Filling up the DagBag from /home/airflow/.local/lib/python3.7/site-packages/airflow/example_dags/example_latest_only.py
[2023-06-13T02:35:01.914+0000] {processor.py:836} INFO - DAG(s) dict_keys(['latest_only']) retrieved from /home/airflow/.local/lib/python3.7/site-packages/airflow/example_dags/example_latest_only.py
[2023-06-13T02:35:01.997+0000] {logging_mixin.py:149} INFO - [2023-06-13T02:35:01.996+0000] {dag.py:2726} INFO - Sync 1 DAGs
[2023-06-13T02:35:02.159+0000] {logging_mixin.py:149} INFO - [2023-06-13T02:35:02.158+0000] {dag.py:3490} INFO - Setting next_dagrun for latest_only to 2023-06-12T22:35:02.157421+00:00, run_after=2023-06-13T02:35:02.157421+00:00
[2023-06-13T02:35:02.277+0000] {processor.py:179} INFO - Processing /home/airflow/.local/lib/python3.7/site-packages/airflow/example_dags/example_latest_only.py took 0.400 seconds
[2023-06-13T02:35:33.002+0000] {processor.py:157} INFO - Started process (PID=379) to work on /home/airflow/.local/lib/python3.7/site-packages/airflow/example_dags/example_latest_only.py
[2023-06-13T02:35:33.006+0000] {processor.py:826} INFO - Processing file /home/airflow/.local/lib/python3.7/site-packages/airflow/example_dags/example_latest_only.py for tasks to queue
[2023-06-13T02:35:33.011+0000] {logging_mixin.py:149} INFO - [2023-06-13T02:35:33.010+0000] {dagbag.py:541} INFO - Filling up the DagBag from /home/airflow/.local/lib/python3.7/site-packages/airflow/example_dags/example_latest_only.py
[2023-06-13T02:35:33.029+0000] {processor.py:836} INFO - DAG(s) dict_keys(['latest_only']) retrieved from /home/airflow/.local/lib/python3.7/site-packages/airflow/example_dags/example_latest_only.py
[2023-06-13T02:35:33.208+0000] {logging_mixin.py:149} INFO - [2023-06-13T02:35:33.207+0000] {dag.py:2726} INFO - Sync 1 DAGs
[2023-06-13T02:35:33.501+0000] {logging_mixin.py:149} INFO - [2023-06-13T02:35:33.499+0000] {dag.py:3490} INFO - Setting next_dagrun for latest_only to 2023-06-12T22:35:33.497517+00:00, run_after=2023-06-13T02:35:33.497517+00:00
[2023-06-13T02:35:33.733+0000] {processor.py:179} INFO - Processing /home/airflow/.local/lib/python3.7/site-packages/airflow/example_dags/example_latest_only.py took 0.755 seconds
[2023-06-13T02:36:06.077+0000] {processor.py:157} INFO - Started process (PID=438) to work on /home/airflow/.local/lib/python3.7/site-packages/airflow/example_dags/example_latest_only.py
[2023-06-13T02:36:06.082+0000] {processor.py:826} INFO - Processing file /home/airflow/.local/lib/python3.7/site-packages/airflow/example_dags/example_latest_only.py for tasks to queue
[2023-06-13T02:36:06.088+0000] {logging_mixin.py:149} INFO - [2023-06-13T02:36:06.087+0000] {dagbag.py:541} INFO - Filling up the DagBag from /home/airflow/.local/lib/python3.7/site-packages/airflow/example_dags/example_latest_only.py
[2023-06-13T02:36:06.120+0000] {processor.py:836} INFO - DAG(s) dict_keys(['latest_only']) retrieved from /home/airflow/.local/lib/python3.7/site-packages/airflow/example_dags/example_latest_only.py
[2023-06-13T02:36:06.222+0000] {logging_mixin.py:149} INFO - [2023-06-13T02:36:06.221+0000] {dag.py:2726} INFO - Sync 1 DAGs
[2023-06-13T02:36:06.391+0000] {logging_mixin.py:149} INFO - [2023-06-13T02:36:06.390+0000] {dag.py:3490} INFO - Setting next_dagrun for latest_only to 2023-06-12T22:36:06.389964+00:00, run_after=2023-06-13T02:36:06.389964+00:00
[2023-06-13T02:36:06.510+0000] {processor.py:179} INFO - Processing /home/airflow/.local/lib/python3.7/site-packages/airflow/example_dags/example_latest_only.py took 0.444 seconds
[2023-06-13T02:36:37.211+0000] {processor.py:157} INFO - Started process (PID=501) to work on /home/airflow/.local/lib/python3.7/site-packages/airflow/example_dags/example_latest_only.py
[2023-06-13T02:36:37.213+0000] {processor.py:826} INFO - Processing file /home/airflow/.local/lib/python3.7/site-packages/airflow/example_dags/example_latest_only.py for tasks to queue
[2023-06-13T02:36:37.218+0000] {logging_mixin.py:149} INFO - [2023-06-13T02:36:37.217+0000] {dagbag.py:541} INFO - Filling up the DagBag from /home/airflow/.local/lib/python3.7/site-packages/airflow/example_dags/example_latest_only.py
[2023-06-13T02:36:37.248+0000] {processor.py:836} INFO - DAG(s) dict_keys(['latest_only']) retrieved from /home/airflow/.local/lib/python3.7/site-packages/airflow/example_dags/example_latest_only.py
[2023-06-13T02:36:37.378+0000] {logging_mixin.py:149} INFO - [2023-06-13T02:36:37.377+0000] {dag.py:2726} INFO - Sync 1 DAGs
[2023-06-13T02:36:37.487+0000] {logging_mixin.py:149} INFO - [2023-06-13T02:36:37.486+0000] {dag.py:3490} INFO - Setting next_dagrun for latest_only to 2023-06-12T22:36:37.485743+00:00, run_after=2023-06-13T02:36:37.485743+00:00
[2023-06-13T02:36:37.590+0000] {processor.py:179} INFO - Processing /home/airflow/.local/lib/python3.7/site-packages/airflow/example_dags/example_latest_only.py took 0.385 seconds
[2023-06-13T02:37:08.470+0000] {processor.py:157} INFO - Started process (PID=561) to work on /home/airflow/.local/lib/python3.7/site-packages/airflow/example_dags/example_latest_only.py
[2023-06-13T02:37:08.473+0000] {processor.py:826} INFO - Processing file /home/airflow/.local/lib/python3.7/site-packages/airflow/example_dags/example_latest_only.py for tasks to queue
[2023-06-13T02:37:08.477+0000] {logging_mixin.py:149} INFO - [2023-06-13T02:37:08.476+0000] {dagbag.py:541} INFO - Filling up the DagBag from /home/airflow/.local/lib/python3.7/site-packages/airflow/example_dags/example_latest_only.py
[2023-06-13T02:37:08.499+0000] {processor.py:836} INFO - DAG(s) dict_keys(['latest_only']) retrieved from /home/airflow/.local/lib/python3.7/site-packages/airflow/example_dags/example_latest_only.py
[2023-06-13T02:37:08.611+0000] {logging_mixin.py:149} INFO - [2023-06-13T02:37:08.610+0000] {dag.py:2726} INFO - Sync 1 DAGs
[2023-06-13T02:37:08.747+0000] {logging_mixin.py:149} INFO - [2023-06-13T02:37:08.746+0000] {dag.py:3490} INFO - Setting next_dagrun for latest_only to 2023-06-12T22:37:08.745019+00:00, run_after=2023-06-13T02:37:08.745019+00:00
[2023-06-13T02:37:08.886+0000] {processor.py:179} INFO - Processing /home/airflow/.local/lib/python3.7/site-packages/airflow/example_dags/example_latest_only.py took 0.427 seconds
[2023-06-13T02:37:39.198+0000] {processor.py:157} INFO - Started process (PID=621) to work on /home/airflow/.local/lib/python3.7/site-packages/airflow/example_dags/example_latest_only.py
[2023-06-13T02:37:39.201+0000] {processor.py:826} INFO - Processing file /home/airflow/.local/lib/python3.7/site-packages/airflow/example_dags/example_latest_only.py for tasks to queue
[2023-06-13T02:37:39.204+0000] {logging_mixin.py:149} INFO - [2023-06-13T02:37:39.204+0000] {dagbag.py:541} INFO - Filling up the DagBag from /home/airflow/.local/lib/python3.7/site-packages/airflow/example_dags/example_latest_only.py
[2023-06-13T02:37:39.220+0000] {processor.py:836} INFO - DAG(s) dict_keys(['latest_only']) retrieved from /home/airflow/.local/lib/python3.7/site-packages/airflow/example_dags/example_latest_only.py
[2023-06-13T02:37:39.292+0000] {logging_mixin.py:149} INFO - [2023-06-13T02:37:39.291+0000] {dag.py:2726} INFO - Sync 1 DAGs
[2023-06-13T02:37:39.363+0000] {logging_mixin.py:149} INFO - [2023-06-13T02:37:39.363+0000] {dag.py:3490} INFO - Setting next_dagrun for latest_only to 2023-06-12T22:37:39.362082+00:00, run_after=2023-06-13T02:37:39.362082+00:00
[2023-06-13T02:37:39.425+0000] {processor.py:179} INFO - Processing /home/airflow/.local/lib/python3.7/site-packages/airflow/example_dags/example_latest_only.py took 0.234 seconds
[2023-06-13T02:38:09.719+0000] {processor.py:157} INFO - Started process (PID=682) to work on /home/airflow/.local/lib/python3.7/site-packages/airflow/example_dags/example_latest_only.py
[2023-06-13T02:38:09.723+0000] {processor.py:826} INFO - Processing file /home/airflow/.local/lib/python3.7/site-packages/airflow/example_dags/example_latest_only.py for tasks to queue
[2023-06-13T02:38:09.726+0000] {logging_mixin.py:149} INFO - [2023-06-13T02:38:09.725+0000] {dagbag.py:541} INFO - Filling up the DagBag from /home/airflow/.local/lib/python3.7/site-packages/airflow/example_dags/example_latest_only.py
[2023-06-13T02:38:09.739+0000] {processor.py:836} INFO - DAG(s) dict_keys(['latest_only']) retrieved from /home/airflow/.local/lib/python3.7/site-packages/airflow/example_dags/example_latest_only.py
[2023-06-13T02:38:09.808+0000] {logging_mixin.py:149} INFO - [2023-06-13T02:38:09.807+0000] {dag.py:2726} INFO - Sync 1 DAGs
[2023-06-13T02:38:09.918+0000] {logging_mixin.py:149} INFO - [2023-06-13T02:38:09.917+0000] {dag.py:3490} INFO - Setting next_dagrun for latest_only to 2023-06-12T22:38:09.917367+00:00, run_after=2023-06-13T02:38:09.917367+00:00
[2023-06-13T02:38:10.007+0000] {processor.py:179} INFO - Processing /home/airflow/.local/lib/python3.7/site-packages/airflow/example_dags/example_latest_only.py took 0.294 seconds
[2023-06-13T02:38:40.310+0000] {processor.py:157} INFO - Started process (PID=742) to work on /home/airflow/.local/lib/python3.7/site-packages/airflow/example_dags/example_latest_only.py
[2023-06-13T02:38:40.313+0000] {processor.py:826} INFO - Processing file /home/airflow/.local/lib/python3.7/site-packages/airflow/example_dags/example_latest_only.py for tasks to queue
[2023-06-13T02:38:40.316+0000] {logging_mixin.py:149} INFO - [2023-06-13T02:38:40.316+0000] {dagbag.py:541} INFO - Filling up the DagBag from /home/airflow/.local/lib/python3.7/site-packages/airflow/example_dags/example_latest_only.py
[2023-06-13T02:38:40.331+0000] {processor.py:836} INFO - DAG(s) dict_keys(['latest_only']) retrieved from /home/airflow/.local/lib/python3.7/site-packages/airflow/example_dags/example_latest_only.py
[2023-06-13T02:38:40.392+0000] {logging_mixin.py:149} INFO - [2023-06-13T02:38:40.392+0000] {dag.py:2726} INFO - Sync 1 DAGs
[2023-06-13T02:38:40.458+0000] {logging_mixin.py:149} INFO - [2023-06-13T02:38:40.457+0000] {dag.py:3490} INFO - Setting next_dagrun for latest_only to 2023-06-12T22:38:40.457444+00:00, run_after=2023-06-13T02:38:40.457444+00:00
[2023-06-13T02:38:40.522+0000] {processor.py:179} INFO - Processing /home/airflow/.local/lib/python3.7/site-packages/airflow/example_dags/example_latest_only.py took 0.219 seconds
[2023-06-13T02:39:11.962+0000] {processor.py:157} INFO - Started process (PID=801) to work on /home/airflow/.local/lib/python3.7/site-packages/airflow/example_dags/example_latest_only.py
[2023-06-13T02:39:11.967+0000] {processor.py:826} INFO - Processing file /home/airflow/.local/lib/python3.7/site-packages/airflow/example_dags/example_latest_only.py for tasks to queue
[2023-06-13T02:39:11.972+0000] {logging_mixin.py:149} INFO - [2023-06-13T02:39:11.971+0000] {dagbag.py:541} INFO - Filling up the DagBag from /home/airflow/.local/lib/python3.7/site-packages/airflow/example_dags/example_latest_only.py
[2023-06-13T02:39:11.992+0000] {processor.py:836} INFO - DAG(s) dict_keys(['latest_only']) retrieved from /home/airflow/.local/lib/python3.7/site-packages/airflow/example_dags/example_latest_only.py
[2023-06-13T02:39:12.104+0000] {logging_mixin.py:149} INFO - [2023-06-13T02:39:12.103+0000] {dag.py:2726} INFO - Sync 1 DAGs
[2023-06-13T02:39:12.229+0000] {logging_mixin.py:149} INFO - [2023-06-13T02:39:12.228+0000] {dag.py:3490} INFO - Setting next_dagrun for latest_only to 2023-06-12T22:39:12.227662+00:00, run_after=2023-06-13T02:39:12.227662+00:00
[2023-06-13T02:39:12.330+0000] {processor.py:179} INFO - Processing /home/airflow/.local/lib/python3.7/site-packages/airflow/example_dags/example_latest_only.py took 0.380 seconds
[2023-06-13T02:39:43.251+0000] {processor.py:157} INFO - Started process (PID=862) to work on /home/airflow/.local/lib/python3.7/site-packages/airflow/example_dags/example_latest_only.py
[2023-06-13T02:39:43.253+0000] {processor.py:826} INFO - Processing file /home/airflow/.local/lib/python3.7/site-packages/airflow/example_dags/example_latest_only.py for tasks to queue
[2023-06-13T02:39:43.257+0000] {logging_mixin.py:149} INFO - [2023-06-13T02:39:43.257+0000] {dagbag.py:541} INFO - Filling up the DagBag from /home/airflow/.local/lib/python3.7/site-packages/airflow/example_dags/example_latest_only.py
[2023-06-13T02:39:43.275+0000] {processor.py:836} INFO - DAG(s) dict_keys(['latest_only']) retrieved from /home/airflow/.local/lib/python3.7/site-packages/airflow/example_dags/example_latest_only.py
[2023-06-13T02:39:43.389+0000] {logging_mixin.py:149} INFO - [2023-06-13T02:39:43.388+0000] {dag.py:2726} INFO - Sync 1 DAGs
[2023-06-13T02:39:43.532+0000] {logging_mixin.py:149} INFO - [2023-06-13T02:39:43.531+0000] {dag.py:3490} INFO - Setting next_dagrun for latest_only to 2023-06-12T22:39:43.530484+00:00, run_after=2023-06-13T02:39:43.530484+00:00
[2023-06-13T02:39:43.637+0000] {processor.py:179} INFO - Processing /home/airflow/.local/lib/python3.7/site-packages/airflow/example_dags/example_latest_only.py took 0.397 seconds
[2023-06-13T02:40:14.396+0000] {processor.py:157} INFO - Started process (PID=922) to work on /home/airflow/.local/lib/python3.7/site-packages/airflow/example_dags/example_latest_only.py
[2023-06-13T02:40:14.400+0000] {processor.py:826} INFO - Processing file /home/airflow/.local/lib/python3.7/site-packages/airflow/example_dags/example_latest_only.py for tasks to queue
[2023-06-13T02:40:14.404+0000] {logging_mixin.py:149} INFO - [2023-06-13T02:40:14.403+0000] {dagbag.py:541} INFO - Filling up the DagBag from /home/airflow/.local/lib/python3.7/site-packages/airflow/example_dags/example_latest_only.py
[2023-06-13T02:40:14.419+0000] {processor.py:836} INFO - DAG(s) dict_keys(['latest_only']) retrieved from /home/airflow/.local/lib/python3.7/site-packages/airflow/example_dags/example_latest_only.py
[2023-06-13T02:40:14.517+0000] {logging_mixin.py:149} INFO - [2023-06-13T02:40:14.516+0000] {dag.py:2726} INFO - Sync 1 DAGs
[2023-06-13T02:40:14.614+0000] {logging_mixin.py:149} INFO - [2023-06-13T02:40:14.613+0000] {dag.py:3490} INFO - Setting next_dagrun for latest_only to 2023-06-12T22:40:14.612013+00:00, run_after=2023-06-13T02:40:14.612013+00:00
[2023-06-13T02:40:14.699+0000] {processor.py:179} INFO - Processing /home/airflow/.local/lib/python3.7/site-packages/airflow/example_dags/example_latest_only.py took 0.311 seconds
[2023-06-13T02:40:46.307+0000] {processor.py:157} INFO - Started process (PID=982) to work on /home/airflow/.local/lib/python3.7/site-packages/airflow/example_dags/example_latest_only.py
[2023-06-13T02:40:46.310+0000] {processor.py:826} INFO - Processing file /home/airflow/.local/lib/python3.7/site-packages/airflow/example_dags/example_latest_only.py for tasks to queue
[2023-06-13T02:40:46.313+0000] {logging_mixin.py:149} INFO - [2023-06-13T02:40:46.312+0000] {dagbag.py:541} INFO - Filling up the DagBag from /home/airflow/.local/lib/python3.7/site-packages/airflow/example_dags/example_latest_only.py
[2023-06-13T02:40:46.327+0000] {processor.py:836} INFO - DAG(s) dict_keys(['latest_only']) retrieved from /home/airflow/.local/lib/python3.7/site-packages/airflow/example_dags/example_latest_only.py
[2023-06-13T02:40:46.411+0000] {logging_mixin.py:149} INFO - [2023-06-13T02:40:46.410+0000] {dag.py:2726} INFO - Sync 1 DAGs
[2023-06-13T02:40:46.506+0000] {logging_mixin.py:149} INFO - [2023-06-13T02:40:46.506+0000] {dag.py:3490} INFO - Setting next_dagrun for latest_only to 2023-06-12T22:40:46.505699+00:00, run_after=2023-06-13T02:40:46.505699+00:00
[2023-06-13T02:40:46.586+0000] {processor.py:179} INFO - Processing /home/airflow/.local/lib/python3.7/site-packages/airflow/example_dags/example_latest_only.py took 0.286 seconds
[2023-06-13T02:41:17.720+0000] {processor.py:157} INFO - Started process (PID=1042) to work on /home/airflow/.local/lib/python3.7/site-packages/airflow/example_dags/example_latest_only.py
[2023-06-13T02:41:17.724+0000] {processor.py:826} INFO - Processing file /home/airflow/.local/lib/python3.7/site-packages/airflow/example_dags/example_latest_only.py for tasks to queue
[2023-06-13T02:41:17.731+0000] {logging_mixin.py:149} INFO - [2023-06-13T02:41:17.730+0000] {dagbag.py:541} INFO - Filling up the DagBag from /home/airflow/.local/lib/python3.7/site-packages/airflow/example_dags/example_latest_only.py
[2023-06-13T02:41:17.748+0000] {processor.py:836} INFO - DAG(s) dict_keys(['latest_only']) retrieved from /home/airflow/.local/lib/python3.7/site-packages/airflow/example_dags/example_latest_only.py
[2023-06-13T02:41:17.850+0000] {logging_mixin.py:149} INFO - [2023-06-13T02:41:17.849+0000] {dag.py:2726} INFO - Sync 1 DAGs
[2023-06-13T02:41:17.971+0000] {logging_mixin.py:149} INFO - [2023-06-13T02:41:17.971+0000] {dag.py:3490} INFO - Setting next_dagrun for latest_only to 2023-06-12T22:41:17.970372+00:00, run_after=2023-06-13T02:41:17.970372+00:00
[2023-06-13T02:41:18.079+0000] {processor.py:179} INFO - Processing /home/airflow/.local/lib/python3.7/site-packages/airflow/example_dags/example_latest_only.py took 0.365 seconds
[2023-06-13T02:41:48.733+0000] {processor.py:157} INFO - Started process (PID=1103) to work on /home/airflow/.local/lib/python3.7/site-packages/airflow/example_dags/example_latest_only.py
[2023-06-13T02:41:48.737+0000] {processor.py:826} INFO - Processing file /home/airflow/.local/lib/python3.7/site-packages/airflow/example_dags/example_latest_only.py for tasks to queue
[2023-06-13T02:41:48.743+0000] {logging_mixin.py:149} INFO - [2023-06-13T02:41:48.742+0000] {dagbag.py:541} INFO - Filling up the DagBag from /home/airflow/.local/lib/python3.7/site-packages/airflow/example_dags/example_latest_only.py
[2023-06-13T02:41:48.765+0000] {processor.py:836} INFO - DAG(s) dict_keys(['latest_only']) retrieved from /home/airflow/.local/lib/python3.7/site-packages/airflow/example_dags/example_latest_only.py
[2023-06-13T02:41:48.872+0000] {logging_mixin.py:149} INFO - [2023-06-13T02:41:48.872+0000] {dag.py:2726} INFO - Sync 1 DAGs
[2023-06-13T02:41:48.976+0000] {logging_mixin.py:149} INFO - [2023-06-13T02:41:48.975+0000] {dag.py:3490} INFO - Setting next_dagrun for latest_only to 2023-06-12T22:41:48.975367+00:00, run_after=2023-06-13T02:41:48.975367+00:00
[2023-06-13T02:41:49.061+0000] {processor.py:179} INFO - Processing /home/airflow/.local/lib/python3.7/site-packages/airflow/example_dags/example_latest_only.py took 0.339 seconds
[2023-06-13T02:42:20.189+0000] {processor.py:157} INFO - Started process (PID=1163) to work on /home/airflow/.local/lib/python3.7/site-packages/airflow/example_dags/example_latest_only.py
[2023-06-13T02:42:20.193+0000] {processor.py:826} INFO - Processing file /home/airflow/.local/lib/python3.7/site-packages/airflow/example_dags/example_latest_only.py for tasks to queue
[2023-06-13T02:42:20.196+0000] {logging_mixin.py:149} INFO - [2023-06-13T02:42:20.195+0000] {dagbag.py:541} INFO - Filling up the DagBag from /home/airflow/.local/lib/python3.7/site-packages/airflow/example_dags/example_latest_only.py
[2023-06-13T02:42:20.212+0000] {processor.py:836} INFO - DAG(s) dict_keys(['latest_only']) retrieved from /home/airflow/.local/lib/python3.7/site-packages/airflow/example_dags/example_latest_only.py
[2023-06-13T02:42:20.293+0000] {logging_mixin.py:149} INFO - [2023-06-13T02:42:20.292+0000] {dag.py:2726} INFO - Sync 1 DAGs
[2023-06-13T02:42:20.402+0000] {logging_mixin.py:149} INFO - [2023-06-13T02:42:20.402+0000] {dag.py:3490} INFO - Setting next_dagrun for latest_only to 2023-06-12T22:42:20.401724+00:00, run_after=2023-06-13T02:42:20.401724+00:00
[2023-06-13T02:42:20.531+0000] {processor.py:179} INFO - Processing /home/airflow/.local/lib/python3.7/site-packages/airflow/example_dags/example_latest_only.py took 0.349 seconds
[2023-06-13T02:42:51.222+0000] {processor.py:157} INFO - Started process (PID=1223) to work on /home/airflow/.local/lib/python3.7/site-packages/airflow/example_dags/example_latest_only.py
[2023-06-13T02:42:51.225+0000] {processor.py:826} INFO - Processing file /home/airflow/.local/lib/python3.7/site-packages/airflow/example_dags/example_latest_only.py for tasks to queue
[2023-06-13T02:42:51.228+0000] {logging_mixin.py:149} INFO - [2023-06-13T02:42:51.227+0000] {dagbag.py:541} INFO - Filling up the DagBag from /home/airflow/.local/lib/python3.7/site-packages/airflow/example_dags/example_latest_only.py
[2023-06-13T02:42:51.245+0000] {processor.py:836} INFO - DAG(s) dict_keys(['latest_only']) retrieved from /home/airflow/.local/lib/python3.7/site-packages/airflow/example_dags/example_latest_only.py
[2023-06-13T02:42:51.332+0000] {logging_mixin.py:149} INFO - [2023-06-13T02:42:51.331+0000] {dag.py:2726} INFO - Sync 1 DAGs
[2023-06-13T02:42:51.495+0000] {logging_mixin.py:149} INFO - [2023-06-13T02:42:51.494+0000] {dag.py:3490} INFO - Setting next_dagrun for latest_only to 2023-06-12T22:42:51.493021+00:00, run_after=2023-06-13T02:42:51.493021+00:00
[2023-06-13T02:42:51.680+0000] {processor.py:179} INFO - Processing /home/airflow/.local/lib/python3.7/site-packages/airflow/example_dags/example_latest_only.py took 0.464 seconds
[2023-06-13T02:43:21.952+0000] {processor.py:157} INFO - Started process (PID=1282) to work on /home/airflow/.local/lib/python3.7/site-packages/airflow/example_dags/example_latest_only.py
[2023-06-13T02:43:21.956+0000] {processor.py:826} INFO - Processing file /home/airflow/.local/lib/python3.7/site-packages/airflow/example_dags/example_latest_only.py for tasks to queue
[2023-06-13T02:43:21.960+0000] {logging_mixin.py:149} INFO - [2023-06-13T02:43:21.959+0000] {dagbag.py:541} INFO - Filling up the DagBag from /home/airflow/.local/lib/python3.7/site-packages/airflow/example_dags/example_latest_only.py
[2023-06-13T02:43:21.976+0000] {processor.py:836} INFO - DAG(s) dict_keys(['latest_only']) retrieved from /home/airflow/.local/lib/python3.7/site-packages/airflow/example_dags/example_latest_only.py
[2023-06-13T02:43:22.054+0000] {logging_mixin.py:149} INFO - [2023-06-13T02:43:22.053+0000] {dag.py:2726} INFO - Sync 1 DAGs
[2023-06-13T02:43:22.140+0000] {logging_mixin.py:149} INFO - [2023-06-13T02:43:22.140+0000] {dag.py:3490} INFO - Setting next_dagrun for latest_only to 2023-06-12T22:43:22.139782+00:00, run_after=2023-06-13T02:43:22.139782+00:00
[2023-06-13T02:43:22.196+0000] {processor.py:179} INFO - Processing /home/airflow/.local/lib/python3.7/site-packages/airflow/example_dags/example_latest_only.py took 0.253 seconds
[2023-06-13T02:43:52.750+0000] {processor.py:157} INFO - Started process (PID=1342) to work on /home/airflow/.local/lib/python3.7/site-packages/airflow/example_dags/example_latest_only.py
[2023-06-13T02:43:52.753+0000] {processor.py:826} INFO - Processing file /home/airflow/.local/lib/python3.7/site-packages/airflow/example_dags/example_latest_only.py for tasks to queue
[2023-06-13T02:43:52.756+0000] {logging_mixin.py:149} INFO - [2023-06-13T02:43:52.755+0000] {dagbag.py:541} INFO - Filling up the DagBag from /home/airflow/.local/lib/python3.7/site-packages/airflow/example_dags/example_latest_only.py
[2023-06-13T02:43:52.771+0000] {processor.py:836} INFO - DAG(s) dict_keys(['latest_only']) retrieved from /home/airflow/.local/lib/python3.7/site-packages/airflow/example_dags/example_latest_only.py
[2023-06-13T02:43:52.839+0000] {logging_mixin.py:149} INFO - [2023-06-13T02:43:52.839+0000] {dag.py:2726} INFO - Sync 1 DAGs
[2023-06-13T02:43:52.904+0000] {logging_mixin.py:149} INFO - [2023-06-13T02:43:52.904+0000] {dag.py:3490} INFO - Setting next_dagrun for latest_only to 2023-06-12T22:43:52.903889+00:00, run_after=2023-06-13T02:43:52.903889+00:00
[2023-06-13T02:43:52.965+0000] {processor.py:179} INFO - Processing /home/airflow/.local/lib/python3.7/site-packages/airflow/example_dags/example_latest_only.py took 0.221 seconds
[2023-06-13T02:44:23.416+0000] {processor.py:157} INFO - Started process (PID=1401) to work on /home/airflow/.local/lib/python3.7/site-packages/airflow/example_dags/example_latest_only.py
[2023-06-13T02:44:23.421+0000] {processor.py:826} INFO - Processing file /home/airflow/.local/lib/python3.7/site-packages/airflow/example_dags/example_latest_only.py for tasks to queue
[2023-06-13T02:44:23.426+0000] {logging_mixin.py:149} INFO - [2023-06-13T02:44:23.425+0000] {dagbag.py:541} INFO - Filling up the DagBag from /home/airflow/.local/lib/python3.7/site-packages/airflow/example_dags/example_latest_only.py
[2023-06-13T02:44:23.464+0000] {processor.py:836} INFO - DAG(s) dict_keys(['latest_only']) retrieved from /home/airflow/.local/lib/python3.7/site-packages/airflow/example_dags/example_latest_only.py
[2023-06-13T02:44:23.544+0000] {logging_mixin.py:149} INFO - [2023-06-13T02:44:23.543+0000] {dag.py:2726} INFO - Sync 1 DAGs
[2023-06-13T02:44:23.664+0000] {logging_mixin.py:149} INFO - [2023-06-13T02:44:23.663+0000] {dag.py:3490} INFO - Setting next_dagrun for latest_only to 2023-06-12T22:44:23.662752+00:00, run_after=2023-06-13T02:44:23.662752+00:00
[2023-06-13T02:44:23.767+0000] {processor.py:179} INFO - Processing /home/airflow/.local/lib/python3.7/site-packages/airflow/example_dags/example_latest_only.py took 0.362 seconds
