[2023-06-13T01:49:57.481+0000] {processor.py:157} INFO - Started process (PID=39) to work on /home/airflow/.local/lib/python3.7/site-packages/airflow/example_dags/example_dag_decorator.py
[2023-06-13T01:49:57.483+0000] {processor.py:826} INFO - Processing file /home/airflow/.local/lib/python3.7/site-packages/airflow/example_dags/example_dag_decorator.py for tasks to queue
[2023-06-13T01:49:57.485+0000] {logging_mixin.py:149} INFO - [2023-06-13T01:49:57.484+0000] {dagbag.py:541} INFO - Filling up the DagBag from /home/airflow/.local/lib/python3.7/site-packages/airflow/example_dags/example_dag_decorator.py
[2023-06-13T01:49:57.497+0000] {logging_mixin.py:149} INFO - [2023-06-13T01:49:57.497+0000] {taskmixin.py:211} WARNING - Dependency <Task(_PythonDecoratedOperator): prepare_email>, send_email already registered for DAG: example_dag_decorator
[2023-06-13T01:49:57.498+0000] {logging_mixin.py:149} INFO - [2023-06-13T01:49:57.498+0000] {taskmixin.py:211} WARNING - Dependency <Task(EmailOperator): send_email>, prepare_email already registered for DAG: example_dag_decorator
[2023-06-13T01:49:57.515+0000] {processor.py:836} INFO - DAG(s) dict_keys(['example_dag_decorator']) retrieved from /home/airflow/.local/lib/python3.7/site-packages/airflow/example_dags/example_dag_decorator.py
[2023-06-13T01:49:57.537+0000] {logging_mixin.py:149} INFO - [2023-06-13T01:49:57.537+0000] {dag.py:2726} INFO - Sync 1 DAGs
[2023-06-13T01:49:57.589+0000] {logging_mixin.py:149} INFO - [2023-06-13T01:49:57.589+0000] {dag.py:3490} INFO - Setting next_dagrun for example_dag_decorator to None, run_after=None
[2023-06-13T01:49:57.639+0000] {processor.py:179} INFO - Processing /home/airflow/.local/lib/python3.7/site-packages/airflow/example_dags/example_dag_decorator.py took 0.163 seconds
[2023-06-13T01:50:27.691+0000] {processor.py:157} INFO - Started process (PID=98) to work on /home/airflow/.local/lib/python3.7/site-packages/airflow/example_dags/example_dag_decorator.py
[2023-06-13T01:50:27.692+0000] {processor.py:826} INFO - Processing file /home/airflow/.local/lib/python3.7/site-packages/airflow/example_dags/example_dag_decorator.py for tasks to queue
[2023-06-13T01:50:27.694+0000] {logging_mixin.py:149} INFO - [2023-06-13T01:50:27.693+0000] {dagbag.py:541} INFO - Filling up the DagBag from /home/airflow/.local/lib/python3.7/site-packages/airflow/example_dags/example_dag_decorator.py
[2023-06-13T01:50:27.703+0000] {logging_mixin.py:149} INFO - [2023-06-13T01:50:27.702+0000] {taskmixin.py:211} WARNING - Dependency <Task(_PythonDecoratedOperator): prepare_email>, send_email already registered for DAG: example_dag_decorator
[2023-06-13T01:50:27.704+0000] {logging_mixin.py:149} INFO - [2023-06-13T01:50:27.704+0000] {taskmixin.py:211} WARNING - Dependency <Task(EmailOperator): send_email>, prepare_email already registered for DAG: example_dag_decorator
[2023-06-13T01:50:27.716+0000] {processor.py:836} INFO - DAG(s) dict_keys(['example_dag_decorator']) retrieved from /home/airflow/.local/lib/python3.7/site-packages/airflow/example_dags/example_dag_decorator.py
[2023-06-13T01:50:27.813+0000] {logging_mixin.py:149} INFO - [2023-06-13T01:50:27.813+0000] {dag.py:2726} INFO - Sync 1 DAGs
[2023-06-13T01:50:27.848+0000] {logging_mixin.py:149} INFO - [2023-06-13T01:50:27.848+0000] {dag.py:3490} INFO - Setting next_dagrun for example_dag_decorator to None, run_after=None
[2023-06-13T01:50:27.880+0000] {processor.py:179} INFO - Processing /home/airflow/.local/lib/python3.7/site-packages/airflow/example_dags/example_dag_decorator.py took 0.193 seconds
[2023-06-13T01:50:58.054+0000] {processor.py:157} INFO - Started process (PID=158) to work on /home/airflow/.local/lib/python3.7/site-packages/airflow/example_dags/example_dag_decorator.py
[2023-06-13T01:50:58.055+0000] {processor.py:826} INFO - Processing file /home/airflow/.local/lib/python3.7/site-packages/airflow/example_dags/example_dag_decorator.py for tasks to queue
[2023-06-13T01:50:58.057+0000] {logging_mixin.py:149} INFO - [2023-06-13T01:50:58.057+0000] {dagbag.py:541} INFO - Filling up the DagBag from /home/airflow/.local/lib/python3.7/site-packages/airflow/example_dags/example_dag_decorator.py
[2023-06-13T01:50:58.065+0000] {logging_mixin.py:149} INFO - [2023-06-13T01:50:58.065+0000] {taskmixin.py:211} WARNING - Dependency <Task(_PythonDecoratedOperator): prepare_email>, send_email already registered for DAG: example_dag_decorator
[2023-06-13T01:50:58.066+0000] {logging_mixin.py:149} INFO - [2023-06-13T01:50:58.066+0000] {taskmixin.py:211} WARNING - Dependency <Task(EmailOperator): send_email>, prepare_email already registered for DAG: example_dag_decorator
[2023-06-13T01:50:58.076+0000] {processor.py:836} INFO - DAG(s) dict_keys(['example_dag_decorator']) retrieved from /home/airflow/.local/lib/python3.7/site-packages/airflow/example_dags/example_dag_decorator.py
[2023-06-13T01:50:58.193+0000] {logging_mixin.py:149} INFO - [2023-06-13T01:50:58.193+0000] {dag.py:2726} INFO - Sync 1 DAGs
[2023-06-13T01:50:58.249+0000] {logging_mixin.py:149} INFO - [2023-06-13T01:50:58.248+0000] {dag.py:3490} INFO - Setting next_dagrun for example_dag_decorator to None, run_after=None
[2023-06-13T01:50:58.289+0000] {processor.py:179} INFO - Processing /home/airflow/.local/lib/python3.7/site-packages/airflow/example_dags/example_dag_decorator.py took 0.241 seconds
[2023-06-13T01:51:28.859+0000] {processor.py:157} INFO - Started process (PID=218) to work on /home/airflow/.local/lib/python3.7/site-packages/airflow/example_dags/example_dag_decorator.py
[2023-06-13T01:51:28.860+0000] {processor.py:826} INFO - Processing file /home/airflow/.local/lib/python3.7/site-packages/airflow/example_dags/example_dag_decorator.py for tasks to queue
[2023-06-13T01:51:28.862+0000] {logging_mixin.py:149} INFO - [2023-06-13T01:51:28.862+0000] {dagbag.py:541} INFO - Filling up the DagBag from /home/airflow/.local/lib/python3.7/site-packages/airflow/example_dags/example_dag_decorator.py
[2023-06-13T01:51:28.871+0000] {logging_mixin.py:149} INFO - [2023-06-13T01:51:28.870+0000] {taskmixin.py:211} WARNING - Dependency <Task(_PythonDecoratedOperator): prepare_email>, send_email already registered for DAG: example_dag_decorator
[2023-06-13T01:51:28.872+0000] {logging_mixin.py:149} INFO - [2023-06-13T01:51:28.871+0000] {taskmixin.py:211} WARNING - Dependency <Task(EmailOperator): send_email>, prepare_email already registered for DAG: example_dag_decorator
[2023-06-13T01:51:28.882+0000] {processor.py:836} INFO - DAG(s) dict_keys(['example_dag_decorator']) retrieved from /home/airflow/.local/lib/python3.7/site-packages/airflow/example_dags/example_dag_decorator.py
[2023-06-13T01:51:29.032+0000] {logging_mixin.py:149} INFO - [2023-06-13T01:51:29.031+0000] {dag.py:2726} INFO - Sync 1 DAGs
[2023-06-13T01:51:29.071+0000] {logging_mixin.py:149} INFO - [2023-06-13T01:51:29.070+0000] {dag.py:3490} INFO - Setting next_dagrun for example_dag_decorator to None, run_after=None
[2023-06-13T01:51:29.106+0000] {processor.py:179} INFO - Processing /home/airflow/.local/lib/python3.7/site-packages/airflow/example_dags/example_dag_decorator.py took 0.251 seconds
[2023-06-13T01:53:47.625+0000] {processor.py:157} INFO - Started process (PID=39) to work on /home/airflow/.local/lib/python3.7/site-packages/airflow/example_dags/example_dag_decorator.py
[2023-06-13T01:53:47.630+0000] {processor.py:826} INFO - Processing file /home/airflow/.local/lib/python3.7/site-packages/airflow/example_dags/example_dag_decorator.py for tasks to queue
[2023-06-13T01:53:47.634+0000] {logging_mixin.py:149} INFO - [2023-06-13T01:53:47.633+0000] {dagbag.py:541} INFO - Filling up the DagBag from /home/airflow/.local/lib/python3.7/site-packages/airflow/example_dags/example_dag_decorator.py
[2023-06-13T01:53:47.652+0000] {logging_mixin.py:149} INFO - [2023-06-13T01:53:47.652+0000] {taskmixin.py:211} WARNING - Dependency <Task(_PythonDecoratedOperator): prepare_email>, send_email already registered for DAG: example_dag_decorator
[2023-06-13T01:53:47.654+0000] {logging_mixin.py:149} INFO - [2023-06-13T01:53:47.653+0000] {taskmixin.py:211} WARNING - Dependency <Task(EmailOperator): send_email>, prepare_email already registered for DAG: example_dag_decorator
[2023-06-13T01:53:47.688+0000] {processor.py:836} INFO - DAG(s) dict_keys(['example_dag_decorator']) retrieved from /home/airflow/.local/lib/python3.7/site-packages/airflow/example_dags/example_dag_decorator.py
[2023-06-13T01:53:47.996+0000] {logging_mixin.py:149} INFO - [2023-06-13T01:53:47.996+0000] {dag.py:2726} INFO - Sync 1 DAGs
[2023-06-13T01:53:48.117+0000] {logging_mixin.py:149} INFO - [2023-06-13T01:53:48.117+0000] {dag.py:3490} INFO - Setting next_dagrun for example_dag_decorator to None, run_after=None
[2023-06-13T01:53:48.208+0000] {processor.py:179} INFO - Processing /home/airflow/.local/lib/python3.7/site-packages/airflow/example_dags/example_dag_decorator.py took 0.599 seconds
[2023-06-13T01:54:18.923+0000] {processor.py:157} INFO - Started process (PID=98) to work on /home/airflow/.local/lib/python3.7/site-packages/airflow/example_dags/example_dag_decorator.py
[2023-06-13T01:54:18.925+0000] {processor.py:826} INFO - Processing file /home/airflow/.local/lib/python3.7/site-packages/airflow/example_dags/example_dag_decorator.py for tasks to queue
[2023-06-13T01:54:18.927+0000] {logging_mixin.py:149} INFO - [2023-06-13T01:54:18.926+0000] {dagbag.py:541} INFO - Filling up the DagBag from /home/airflow/.local/lib/python3.7/site-packages/airflow/example_dags/example_dag_decorator.py
[2023-06-13T01:54:18.941+0000] {logging_mixin.py:149} INFO - [2023-06-13T01:54:18.941+0000] {taskmixin.py:211} WARNING - Dependency <Task(_PythonDecoratedOperator): prepare_email>, send_email already registered for DAG: example_dag_decorator
[2023-06-13T01:54:18.943+0000] {logging_mixin.py:149} INFO - [2023-06-13T01:54:18.942+0000] {taskmixin.py:211} WARNING - Dependency <Task(EmailOperator): send_email>, prepare_email already registered for DAG: example_dag_decorator
[2023-06-13T01:54:18.959+0000] {processor.py:836} INFO - DAG(s) dict_keys(['example_dag_decorator']) retrieved from /home/airflow/.local/lib/python3.7/site-packages/airflow/example_dags/example_dag_decorator.py
[2023-06-13T01:54:19.120+0000] {logging_mixin.py:149} INFO - [2023-06-13T01:54:19.120+0000] {dag.py:2726} INFO - Sync 1 DAGs
[2023-06-13T01:54:19.176+0000] {logging_mixin.py:149} INFO - [2023-06-13T01:54:19.175+0000] {dag.py:3490} INFO - Setting next_dagrun for example_dag_decorator to None, run_after=None
[2023-06-13T01:54:19.224+0000] {processor.py:179} INFO - Processing /home/airflow/.local/lib/python3.7/site-packages/airflow/example_dags/example_dag_decorator.py took 0.305 seconds
[2023-06-13T01:54:49.376+0000] {processor.py:157} INFO - Started process (PID=160) to work on /home/airflow/.local/lib/python3.7/site-packages/airflow/example_dags/example_dag_decorator.py
[2023-06-13T01:54:49.377+0000] {processor.py:826} INFO - Processing file /home/airflow/.local/lib/python3.7/site-packages/airflow/example_dags/example_dag_decorator.py for tasks to queue
[2023-06-13T01:54:49.379+0000] {logging_mixin.py:149} INFO - [2023-06-13T01:54:49.378+0000] {dagbag.py:541} INFO - Filling up the DagBag from /home/airflow/.local/lib/python3.7/site-packages/airflow/example_dags/example_dag_decorator.py
[2023-06-13T01:54:49.386+0000] {logging_mixin.py:149} INFO - [2023-06-13T01:54:49.386+0000] {taskmixin.py:211} WARNING - Dependency <Task(_PythonDecoratedOperator): prepare_email>, send_email already registered for DAG: example_dag_decorator
[2023-06-13T01:54:49.387+0000] {logging_mixin.py:149} INFO - [2023-06-13T01:54:49.386+0000] {taskmixin.py:211} WARNING - Dependency <Task(EmailOperator): send_email>, prepare_email already registered for DAG: example_dag_decorator
[2023-06-13T01:54:49.396+0000] {processor.py:836} INFO - DAG(s) dict_keys(['example_dag_decorator']) retrieved from /home/airflow/.local/lib/python3.7/site-packages/airflow/example_dags/example_dag_decorator.py
[2023-06-13T01:54:49.488+0000] {logging_mixin.py:149} INFO - [2023-06-13T01:54:49.488+0000] {dag.py:2726} INFO - Sync 1 DAGs
[2023-06-13T01:54:49.527+0000] {logging_mixin.py:149} INFO - [2023-06-13T01:54:49.527+0000] {dag.py:3490} INFO - Setting next_dagrun for example_dag_decorator to None, run_after=None
[2023-06-13T01:54:49.563+0000] {processor.py:179} INFO - Processing /home/airflow/.local/lib/python3.7/site-packages/airflow/example_dags/example_dag_decorator.py took 0.190 seconds
[2023-06-13T01:55:19.616+0000] {processor.py:157} INFO - Started process (PID=219) to work on /home/airflow/.local/lib/python3.7/site-packages/airflow/example_dags/example_dag_decorator.py
[2023-06-13T01:55:19.617+0000] {processor.py:826} INFO - Processing file /home/airflow/.local/lib/python3.7/site-packages/airflow/example_dags/example_dag_decorator.py for tasks to queue
[2023-06-13T01:55:19.619+0000] {logging_mixin.py:149} INFO - [2023-06-13T01:55:19.618+0000] {dagbag.py:541} INFO - Filling up the DagBag from /home/airflow/.local/lib/python3.7/site-packages/airflow/example_dags/example_dag_decorator.py
[2023-06-13T01:55:19.628+0000] {logging_mixin.py:149} INFO - [2023-06-13T01:55:19.628+0000] {taskmixin.py:211} WARNING - Dependency <Task(_PythonDecoratedOperator): prepare_email>, send_email already registered for DAG: example_dag_decorator
[2023-06-13T01:55:19.629+0000] {logging_mixin.py:149} INFO - [2023-06-13T01:55:19.629+0000] {taskmixin.py:211} WARNING - Dependency <Task(EmailOperator): send_email>, prepare_email already registered for DAG: example_dag_decorator
[2023-06-13T01:55:19.639+0000] {processor.py:836} INFO - DAG(s) dict_keys(['example_dag_decorator']) retrieved from /home/airflow/.local/lib/python3.7/site-packages/airflow/example_dags/example_dag_decorator.py
[2023-06-13T01:55:19.750+0000] {logging_mixin.py:149} INFO - [2023-06-13T01:55:19.749+0000] {dag.py:2726} INFO - Sync 1 DAGs
[2023-06-13T01:55:19.789+0000] {logging_mixin.py:149} INFO - [2023-06-13T01:55:19.789+0000] {dag.py:3490} INFO - Setting next_dagrun for example_dag_decorator to None, run_after=None
[2023-06-13T01:55:19.822+0000] {processor.py:179} INFO - Processing /home/airflow/.local/lib/python3.7/site-packages/airflow/example_dags/example_dag_decorator.py took 0.210 seconds
[2023-06-13T01:55:50.412+0000] {processor.py:157} INFO - Started process (PID=280) to work on /home/airflow/.local/lib/python3.7/site-packages/airflow/example_dags/example_dag_decorator.py
[2023-06-13T01:55:50.414+0000] {processor.py:826} INFO - Processing file /home/airflow/.local/lib/python3.7/site-packages/airflow/example_dags/example_dag_decorator.py for tasks to queue
[2023-06-13T01:55:50.415+0000] {logging_mixin.py:149} INFO - [2023-06-13T01:55:50.415+0000] {dagbag.py:541} INFO - Filling up the DagBag from /home/airflow/.local/lib/python3.7/site-packages/airflow/example_dags/example_dag_decorator.py
[2023-06-13T01:55:50.423+0000] {logging_mixin.py:149} INFO - [2023-06-13T01:55:50.423+0000] {taskmixin.py:211} WARNING - Dependency <Task(_PythonDecoratedOperator): prepare_email>, send_email already registered for DAG: example_dag_decorator
[2023-06-13T01:55:50.424+0000] {logging_mixin.py:149} INFO - [2023-06-13T01:55:50.424+0000] {taskmixin.py:211} WARNING - Dependency <Task(EmailOperator): send_email>, prepare_email already registered for DAG: example_dag_decorator
[2023-06-13T01:55:50.437+0000] {processor.py:836} INFO - DAG(s) dict_keys(['example_dag_decorator']) retrieved from /home/airflow/.local/lib/python3.7/site-packages/airflow/example_dags/example_dag_decorator.py
[2023-06-13T01:55:50.551+0000] {logging_mixin.py:149} INFO - [2023-06-13T01:55:50.551+0000] {dag.py:2726} INFO - Sync 1 DAGs
[2023-06-13T01:55:50.594+0000] {logging_mixin.py:149} INFO - [2023-06-13T01:55:50.593+0000] {dag.py:3490} INFO - Setting next_dagrun for example_dag_decorator to None, run_after=None
[2023-06-13T01:55:50.637+0000] {processor.py:179} INFO - Processing /home/airflow/.local/lib/python3.7/site-packages/airflow/example_dags/example_dag_decorator.py took 0.229 seconds
[2023-06-13T01:56:20.735+0000] {processor.py:157} INFO - Started process (PID=340) to work on /home/airflow/.local/lib/python3.7/site-packages/airflow/example_dags/example_dag_decorator.py
[2023-06-13T01:56:20.737+0000] {processor.py:826} INFO - Processing file /home/airflow/.local/lib/python3.7/site-packages/airflow/example_dags/example_dag_decorator.py for tasks to queue
[2023-06-13T01:56:20.738+0000] {logging_mixin.py:149} INFO - [2023-06-13T01:56:20.738+0000] {dagbag.py:541} INFO - Filling up the DagBag from /home/airflow/.local/lib/python3.7/site-packages/airflow/example_dags/example_dag_decorator.py
[2023-06-13T01:56:20.745+0000] {logging_mixin.py:149} INFO - [2023-06-13T01:56:20.745+0000] {taskmixin.py:211} WARNING - Dependency <Task(_PythonDecoratedOperator): prepare_email>, send_email already registered for DAG: example_dag_decorator
[2023-06-13T01:56:20.746+0000] {logging_mixin.py:149} INFO - [2023-06-13T01:56:20.746+0000] {taskmixin.py:211} WARNING - Dependency <Task(EmailOperator): send_email>, prepare_email already registered for DAG: example_dag_decorator
[2023-06-13T01:56:20.756+0000] {processor.py:836} INFO - DAG(s) dict_keys(['example_dag_decorator']) retrieved from /home/airflow/.local/lib/python3.7/site-packages/airflow/example_dags/example_dag_decorator.py
[2023-06-13T01:56:20.857+0000] {logging_mixin.py:149} INFO - [2023-06-13T01:56:20.857+0000] {dag.py:2726} INFO - Sync 1 DAGs
[2023-06-13T01:56:20.904+0000] {logging_mixin.py:149} INFO - [2023-06-13T01:56:20.903+0000] {dag.py:3490} INFO - Setting next_dagrun for example_dag_decorator to None, run_after=None
[2023-06-13T01:56:20.947+0000] {processor.py:179} INFO - Processing /home/airflow/.local/lib/python3.7/site-packages/airflow/example_dags/example_dag_decorator.py took 0.215 seconds
[2023-06-13T01:56:51.243+0000] {processor.py:157} INFO - Started process (PID=400) to work on /home/airflow/.local/lib/python3.7/site-packages/airflow/example_dags/example_dag_decorator.py
[2023-06-13T01:56:51.245+0000] {processor.py:826} INFO - Processing file /home/airflow/.local/lib/python3.7/site-packages/airflow/example_dags/example_dag_decorator.py for tasks to queue
[2023-06-13T01:56:51.246+0000] {logging_mixin.py:149} INFO - [2023-06-13T01:56:51.246+0000] {dagbag.py:541} INFO - Filling up the DagBag from /home/airflow/.local/lib/python3.7/site-packages/airflow/example_dags/example_dag_decorator.py
[2023-06-13T01:56:51.254+0000] {logging_mixin.py:149} INFO - [2023-06-13T01:56:51.254+0000] {taskmixin.py:211} WARNING - Dependency <Task(_PythonDecoratedOperator): prepare_email>, send_email already registered for DAG: example_dag_decorator
[2023-06-13T01:56:51.255+0000] {logging_mixin.py:149} INFO - [2023-06-13T01:56:51.255+0000] {taskmixin.py:211} WARNING - Dependency <Task(EmailOperator): send_email>, prepare_email already registered for DAG: example_dag_decorator
[2023-06-13T01:56:51.265+0000] {processor.py:836} INFO - DAG(s) dict_keys(['example_dag_decorator']) retrieved from /home/airflow/.local/lib/python3.7/site-packages/airflow/example_dags/example_dag_decorator.py
[2023-06-13T01:56:51.367+0000] {logging_mixin.py:149} INFO - [2023-06-13T01:56:51.366+0000] {dag.py:2726} INFO - Sync 1 DAGs
[2023-06-13T01:56:51.401+0000] {logging_mixin.py:149} INFO - [2023-06-13T01:56:51.401+0000] {dag.py:3490} INFO - Setting next_dagrun for example_dag_decorator to None, run_after=None
[2023-06-13T01:56:51.437+0000] {processor.py:179} INFO - Processing /home/airflow/.local/lib/python3.7/site-packages/airflow/example_dags/example_dag_decorator.py took 0.197 seconds
[2023-06-13T01:57:21.907+0000] {processor.py:157} INFO - Started process (PID=461) to work on /home/airflow/.local/lib/python3.7/site-packages/airflow/example_dags/example_dag_decorator.py
[2023-06-13T01:57:21.909+0000] {processor.py:826} INFO - Processing file /home/airflow/.local/lib/python3.7/site-packages/airflow/example_dags/example_dag_decorator.py for tasks to queue
[2023-06-13T01:57:21.911+0000] {logging_mixin.py:149} INFO - [2023-06-13T01:57:21.910+0000] {dagbag.py:541} INFO - Filling up the DagBag from /home/airflow/.local/lib/python3.7/site-packages/airflow/example_dags/example_dag_decorator.py
[2023-06-13T01:57:21.926+0000] {logging_mixin.py:149} INFO - [2023-06-13T01:57:21.926+0000] {taskmixin.py:211} WARNING - Dependency <Task(_PythonDecoratedOperator): prepare_email>, send_email already registered for DAG: example_dag_decorator
[2023-06-13T01:57:21.927+0000] {logging_mixin.py:149} INFO - [2023-06-13T01:57:21.927+0000] {taskmixin.py:211} WARNING - Dependency <Task(EmailOperator): send_email>, prepare_email already registered for DAG: example_dag_decorator
[2023-06-13T01:57:21.945+0000] {processor.py:836} INFO - DAG(s) dict_keys(['example_dag_decorator']) retrieved from /home/airflow/.local/lib/python3.7/site-packages/airflow/example_dags/example_dag_decorator.py
[2023-06-13T01:57:22.091+0000] {logging_mixin.py:149} INFO - [2023-06-13T01:57:22.090+0000] {dag.py:2726} INFO - Sync 1 DAGs
[2023-06-13T01:57:22.156+0000] {logging_mixin.py:149} INFO - [2023-06-13T01:57:22.156+0000] {dag.py:3490} INFO - Setting next_dagrun for example_dag_decorator to None, run_after=None
[2023-06-13T01:57:22.194+0000] {processor.py:179} INFO - Processing /home/airflow/.local/lib/python3.7/site-packages/airflow/example_dags/example_dag_decorator.py took 0.294 seconds
[2023-06-13T01:57:52.272+0000] {processor.py:157} INFO - Started process (PID=521) to work on /home/airflow/.local/lib/python3.7/site-packages/airflow/example_dags/example_dag_decorator.py
[2023-06-13T01:57:52.274+0000] {processor.py:826} INFO - Processing file /home/airflow/.local/lib/python3.7/site-packages/airflow/example_dags/example_dag_decorator.py for tasks to queue
[2023-06-13T01:57:52.277+0000] {logging_mixin.py:149} INFO - [2023-06-13T01:57:52.276+0000] {dagbag.py:541} INFO - Filling up the DagBag from /home/airflow/.local/lib/python3.7/site-packages/airflow/example_dags/example_dag_decorator.py
[2023-06-13T01:57:52.293+0000] {logging_mixin.py:149} INFO - [2023-06-13T01:57:52.292+0000] {taskmixin.py:211} WARNING - Dependency <Task(_PythonDecoratedOperator): prepare_email>, send_email already registered for DAG: example_dag_decorator
[2023-06-13T01:57:52.294+0000] {logging_mixin.py:149} INFO - [2023-06-13T01:57:52.294+0000] {taskmixin.py:211} WARNING - Dependency <Task(EmailOperator): send_email>, prepare_email already registered for DAG: example_dag_decorator
[2023-06-13T01:57:52.313+0000] {processor.py:836} INFO - DAG(s) dict_keys(['example_dag_decorator']) retrieved from /home/airflow/.local/lib/python3.7/site-packages/airflow/example_dags/example_dag_decorator.py
[2023-06-13T01:57:52.484+0000] {logging_mixin.py:149} INFO - [2023-06-13T01:57:52.483+0000] {dag.py:2726} INFO - Sync 1 DAGs
[2023-06-13T01:57:52.530+0000] {logging_mixin.py:149} INFO - [2023-06-13T01:57:52.529+0000] {dag.py:3490} INFO - Setting next_dagrun for example_dag_decorator to None, run_after=None
[2023-06-13T01:57:52.614+0000] {processor.py:179} INFO - Processing /home/airflow/.local/lib/python3.7/site-packages/airflow/example_dags/example_dag_decorator.py took 0.348 seconds
[2023-06-13T01:58:22.995+0000] {processor.py:157} INFO - Started process (PID=588) to work on /home/airflow/.local/lib/python3.7/site-packages/airflow/example_dags/example_dag_decorator.py
[2023-06-13T01:58:22.996+0000] {processor.py:826} INFO - Processing file /home/airflow/.local/lib/python3.7/site-packages/airflow/example_dags/example_dag_decorator.py for tasks to queue
[2023-06-13T01:58:22.998+0000] {logging_mixin.py:149} INFO - [2023-06-13T01:58:22.998+0000] {dagbag.py:541} INFO - Filling up the DagBag from /home/airflow/.local/lib/python3.7/site-packages/airflow/example_dags/example_dag_decorator.py
[2023-06-13T01:58:23.007+0000] {logging_mixin.py:149} INFO - [2023-06-13T01:58:23.007+0000] {taskmixin.py:211} WARNING - Dependency <Task(_PythonDecoratedOperator): prepare_email>, send_email already registered for DAG: example_dag_decorator
[2023-06-13T01:58:23.008+0000] {logging_mixin.py:149} INFO - [2023-06-13T01:58:23.008+0000] {taskmixin.py:211} WARNING - Dependency <Task(EmailOperator): send_email>, prepare_email already registered for DAG: example_dag_decorator
[2023-06-13T01:58:23.018+0000] {processor.py:836} INFO - DAG(s) dict_keys(['example_dag_decorator']) retrieved from /home/airflow/.local/lib/python3.7/site-packages/airflow/example_dags/example_dag_decorator.py
[2023-06-13T01:58:23.038+0000] {logging_mixin.py:149} INFO - [2023-06-13T01:58:23.037+0000] {dag.py:2726} INFO - Sync 1 DAGs
[2023-06-13T01:58:23.075+0000] {logging_mixin.py:149} INFO - [2023-06-13T01:58:23.075+0000] {dag.py:3490} INFO - Setting next_dagrun for example_dag_decorator to None, run_after=None
[2023-06-13T01:58:23.111+0000] {processor.py:179} INFO - Processing /home/airflow/.local/lib/python3.7/site-packages/airflow/example_dags/example_dag_decorator.py took 0.119 seconds
[2023-06-13T01:58:53.187+0000] {processor.py:157} INFO - Started process (PID=648) to work on /home/airflow/.local/lib/python3.7/site-packages/airflow/example_dags/example_dag_decorator.py
[2023-06-13T01:58:53.189+0000] {processor.py:826} INFO - Processing file /home/airflow/.local/lib/python3.7/site-packages/airflow/example_dags/example_dag_decorator.py for tasks to queue
[2023-06-13T01:58:53.190+0000] {logging_mixin.py:149} INFO - [2023-06-13T01:58:53.190+0000] {dagbag.py:541} INFO - Filling up the DagBag from /home/airflow/.local/lib/python3.7/site-packages/airflow/example_dags/example_dag_decorator.py
[2023-06-13T01:58:53.197+0000] {logging_mixin.py:149} INFO - [2023-06-13T01:58:53.197+0000] {taskmixin.py:211} WARNING - Dependency <Task(_PythonDecoratedOperator): prepare_email>, send_email already registered for DAG: example_dag_decorator
[2023-06-13T01:58:53.198+0000] {logging_mixin.py:149} INFO - [2023-06-13T01:58:53.198+0000] {taskmixin.py:211} WARNING - Dependency <Task(EmailOperator): send_email>, prepare_email already registered for DAG: example_dag_decorator
[2023-06-13T01:58:53.209+0000] {processor.py:836} INFO - DAG(s) dict_keys(['example_dag_decorator']) retrieved from /home/airflow/.local/lib/python3.7/site-packages/airflow/example_dags/example_dag_decorator.py
[2023-06-13T01:58:53.310+0000] {logging_mixin.py:149} INFO - [2023-06-13T01:58:53.310+0000] {dag.py:2726} INFO - Sync 1 DAGs
[2023-06-13T01:58:53.346+0000] {logging_mixin.py:149} INFO - [2023-06-13T01:58:53.346+0000] {dag.py:3490} INFO - Setting next_dagrun for example_dag_decorator to None, run_after=None
[2023-06-13T01:58:53.382+0000] {processor.py:179} INFO - Processing /home/airflow/.local/lib/python3.7/site-packages/airflow/example_dags/example_dag_decorator.py took 0.199 seconds
[2023-06-13T01:59:23.924+0000] {processor.py:157} INFO - Started process (PID=708) to work on /home/airflow/.local/lib/python3.7/site-packages/airflow/example_dags/example_dag_decorator.py
[2023-06-13T01:59:23.926+0000] {processor.py:826} INFO - Processing file /home/airflow/.local/lib/python3.7/site-packages/airflow/example_dags/example_dag_decorator.py for tasks to queue
[2023-06-13T01:59:23.927+0000] {logging_mixin.py:149} INFO - [2023-06-13T01:59:23.927+0000] {dagbag.py:541} INFO - Filling up the DagBag from /home/airflow/.local/lib/python3.7/site-packages/airflow/example_dags/example_dag_decorator.py
[2023-06-13T01:59:23.935+0000] {logging_mixin.py:149} INFO - [2023-06-13T01:59:23.935+0000] {taskmixin.py:211} WARNING - Dependency <Task(_PythonDecoratedOperator): prepare_email>, send_email already registered for DAG: example_dag_decorator
[2023-06-13T01:59:23.936+0000] {logging_mixin.py:149} INFO - [2023-06-13T01:59:23.936+0000] {taskmixin.py:211} WARNING - Dependency <Task(EmailOperator): send_email>, prepare_email already registered for DAG: example_dag_decorator
[2023-06-13T01:59:23.945+0000] {processor.py:836} INFO - DAG(s) dict_keys(['example_dag_decorator']) retrieved from /home/airflow/.local/lib/python3.7/site-packages/airflow/example_dags/example_dag_decorator.py
[2023-06-13T01:59:24.040+0000] {logging_mixin.py:149} INFO - [2023-06-13T01:59:24.040+0000] {dag.py:2726} INFO - Sync 1 DAGs
[2023-06-13T01:59:24.079+0000] {logging_mixin.py:149} INFO - [2023-06-13T01:59:24.079+0000] {dag.py:3490} INFO - Setting next_dagrun for example_dag_decorator to None, run_after=None
[2023-06-13T01:59:24.132+0000] {processor.py:179} INFO - Processing /home/airflow/.local/lib/python3.7/site-packages/airflow/example_dags/example_dag_decorator.py took 0.211 seconds
[2023-06-13T02:00:58.061+0000] {processor.py:157} INFO - Started process (PID=39) to work on /home/airflow/.local/lib/python3.7/site-packages/airflow/example_dags/example_dag_decorator.py
[2023-06-13T02:00:58.063+0000] {processor.py:826} INFO - Processing file /home/airflow/.local/lib/python3.7/site-packages/airflow/example_dags/example_dag_decorator.py for tasks to queue
[2023-06-13T02:00:58.066+0000] {logging_mixin.py:149} INFO - [2023-06-13T02:00:58.065+0000] {dagbag.py:541} INFO - Filling up the DagBag from /home/airflow/.local/lib/python3.7/site-packages/airflow/example_dags/example_dag_decorator.py
[2023-06-13T02:00:58.087+0000] {logging_mixin.py:149} INFO - [2023-06-13T02:00:58.087+0000] {taskmixin.py:211} WARNING - Dependency <Task(_PythonDecoratedOperator): prepare_email>, send_email already registered for DAG: example_dag_decorator
[2023-06-13T02:00:58.089+0000] {logging_mixin.py:149} INFO - [2023-06-13T02:00:58.088+0000] {taskmixin.py:211} WARNING - Dependency <Task(EmailOperator): send_email>, prepare_email already registered for DAG: example_dag_decorator
[2023-06-13T02:00:58.107+0000] {processor.py:836} INFO - DAG(s) dict_keys(['example_dag_decorator']) retrieved from /home/airflow/.local/lib/python3.7/site-packages/airflow/example_dags/example_dag_decorator.py
[2023-06-13T02:00:58.333+0000] {logging_mixin.py:149} INFO - [2023-06-13T02:00:58.332+0000] {dag.py:2726} INFO - Sync 1 DAGs
[2023-06-13T02:00:58.402+0000] {logging_mixin.py:149} INFO - [2023-06-13T02:00:58.401+0000] {dag.py:3490} INFO - Setting next_dagrun for example_dag_decorator to None, run_after=None
[2023-06-13T02:00:58.460+0000] {processor.py:179} INFO - Processing /home/airflow/.local/lib/python3.7/site-packages/airflow/example_dags/example_dag_decorator.py took 0.409 seconds
[2023-06-13T02:01:28.781+0000] {processor.py:157} INFO - Started process (PID=98) to work on /home/airflow/.local/lib/python3.7/site-packages/airflow/example_dags/example_dag_decorator.py
[2023-06-13T02:01:28.783+0000] {processor.py:826} INFO - Processing file /home/airflow/.local/lib/python3.7/site-packages/airflow/example_dags/example_dag_decorator.py for tasks to queue
[2023-06-13T02:01:28.785+0000] {logging_mixin.py:149} INFO - [2023-06-13T02:01:28.785+0000] {dagbag.py:541} INFO - Filling up the DagBag from /home/airflow/.local/lib/python3.7/site-packages/airflow/example_dags/example_dag_decorator.py
[2023-06-13T02:01:28.802+0000] {logging_mixin.py:149} INFO - [2023-06-13T02:01:28.801+0000] {taskmixin.py:211} WARNING - Dependency <Task(_PythonDecoratedOperator): prepare_email>, send_email already registered for DAG: example_dag_decorator
[2023-06-13T02:01:28.803+0000] {logging_mixin.py:149} INFO - [2023-06-13T02:01:28.803+0000] {taskmixin.py:211} WARNING - Dependency <Task(EmailOperator): send_email>, prepare_email already registered for DAG: example_dag_decorator
[2023-06-13T02:01:28.828+0000] {processor.py:836} INFO - DAG(s) dict_keys(['example_dag_decorator']) retrieved from /home/airflow/.local/lib/python3.7/site-packages/airflow/example_dags/example_dag_decorator.py
[2023-06-13T02:01:29.572+0000] {logging_mixin.py:149} INFO - [2023-06-13T02:01:29.571+0000] {dag.py:2726} INFO - Sync 1 DAGs
[2023-06-13T02:01:29.836+0000] {logging_mixin.py:149} INFO - [2023-06-13T02:01:29.836+0000] {dag.py:3490} INFO - Setting next_dagrun for example_dag_decorator to None, run_after=None
[2023-06-13T02:01:29.959+0000] {processor.py:179} INFO - Processing /home/airflow/.local/lib/python3.7/site-packages/airflow/example_dags/example_dag_decorator.py took 1.184 seconds
[2023-06-13T02:02:00.504+0000] {processor.py:157} INFO - Started process (PID=157) to work on /home/airflow/.local/lib/python3.7/site-packages/airflow/example_dags/example_dag_decorator.py
[2023-06-13T02:02:00.506+0000] {processor.py:826} INFO - Processing file /home/airflow/.local/lib/python3.7/site-packages/airflow/example_dags/example_dag_decorator.py for tasks to queue
[2023-06-13T02:02:00.508+0000] {logging_mixin.py:149} INFO - [2023-06-13T02:02:00.508+0000] {dagbag.py:541} INFO - Filling up the DagBag from /home/airflow/.local/lib/python3.7/site-packages/airflow/example_dags/example_dag_decorator.py
[2023-06-13T02:02:00.560+0000] {logging_mixin.py:149} INFO - [2023-06-13T02:02:00.560+0000] {taskmixin.py:211} WARNING - Dependency <Task(_PythonDecoratedOperator): prepare_email>, send_email already registered for DAG: example_dag_decorator
[2023-06-13T02:02:00.562+0000] {logging_mixin.py:149} INFO - [2023-06-13T02:02:00.561+0000] {taskmixin.py:211} WARNING - Dependency <Task(EmailOperator): send_email>, prepare_email already registered for DAG: example_dag_decorator
[2023-06-13T02:02:00.649+0000] {processor.py:836} INFO - DAG(s) dict_keys(['example_dag_decorator']) retrieved from /home/airflow/.local/lib/python3.7/site-packages/airflow/example_dags/example_dag_decorator.py
[2023-06-13T02:02:01.156+0000] {logging_mixin.py:149} INFO - [2023-06-13T02:02:01.156+0000] {dag.py:2726} INFO - Sync 1 DAGs
[2023-06-13T02:02:01.270+0000] {logging_mixin.py:149} INFO - [2023-06-13T02:02:01.270+0000] {dag.py:3490} INFO - Setting next_dagrun for example_dag_decorator to None, run_after=None
[2023-06-13T02:02:01.348+0000] {processor.py:179} INFO - Processing /home/airflow/.local/lib/python3.7/site-packages/airflow/example_dags/example_dag_decorator.py took 0.890 seconds
[2023-06-13T02:32:18.949+0000] {processor.py:157} INFO - Started process (PID=51) to work on /home/airflow/.local/lib/python3.7/site-packages/airflow/example_dags/example_dag_decorator.py
[2023-06-13T02:32:18.959+0000] {processor.py:826} INFO - Processing file /home/airflow/.local/lib/python3.7/site-packages/airflow/example_dags/example_dag_decorator.py for tasks to queue
[2023-06-13T02:32:18.965+0000] {logging_mixin.py:149} INFO - [2023-06-13T02:32:18.963+0000] {dagbag.py:541} INFO - Filling up the DagBag from /home/airflow/.local/lib/python3.7/site-packages/airflow/example_dags/example_dag_decorator.py
[2023-06-13T02:32:18.990+0000] {logging_mixin.py:149} INFO - [2023-06-13T02:32:18.989+0000] {taskmixin.py:211} WARNING - Dependency <Task(_PythonDecoratedOperator): prepare_email>, send_email already registered for DAG: example_dag_decorator
[2023-06-13T02:32:18.992+0000] {logging_mixin.py:149} INFO - [2023-06-13T02:32:18.992+0000] {taskmixin.py:211} WARNING - Dependency <Task(EmailOperator): send_email>, prepare_email already registered for DAG: example_dag_decorator
[2023-06-13T02:32:19.035+0000] {processor.py:836} INFO - DAG(s) dict_keys(['example_dag_decorator']) retrieved from /home/airflow/.local/lib/python3.7/site-packages/airflow/example_dags/example_dag_decorator.py
[2023-06-13T02:32:19.505+0000] {logging_mixin.py:149} INFO - [2023-06-13T02:32:19.504+0000] {dag.py:2726} INFO - Sync 1 DAGs
[2023-06-13T02:32:19.730+0000] {logging_mixin.py:149} INFO - [2023-06-13T02:32:19.729+0000] {dag.py:3490} INFO - Setting next_dagrun for example_dag_decorator to None, run_after=None
[2023-06-13T02:32:19.876+0000] {processor.py:179} INFO - Processing /home/airflow/.local/lib/python3.7/site-packages/airflow/example_dags/example_dag_decorator.py took 0.955 seconds
[2023-06-13T02:32:50.297+0000] {processor.py:157} INFO - Started process (PID=109) to work on /home/airflow/.local/lib/python3.7/site-packages/airflow/example_dags/example_dag_decorator.py
[2023-06-13T02:32:50.300+0000] {processor.py:826} INFO - Processing file /home/airflow/.local/lib/python3.7/site-packages/airflow/example_dags/example_dag_decorator.py for tasks to queue
[2023-06-13T02:32:50.313+0000] {logging_mixin.py:149} INFO - [2023-06-13T02:32:50.313+0000] {dagbag.py:541} INFO - Filling up the DagBag from /home/airflow/.local/lib/python3.7/site-packages/airflow/example_dags/example_dag_decorator.py
[2023-06-13T02:32:50.349+0000] {logging_mixin.py:149} INFO - [2023-06-13T02:32:50.349+0000] {taskmixin.py:211} WARNING - Dependency <Task(_PythonDecoratedOperator): prepare_email>, send_email already registered for DAG: example_dag_decorator
[2023-06-13T02:32:50.361+0000] {logging_mixin.py:149} INFO - [2023-06-13T02:32:50.361+0000] {taskmixin.py:211} WARNING - Dependency <Task(EmailOperator): send_email>, prepare_email already registered for DAG: example_dag_decorator
[2023-06-13T02:32:50.390+0000] {processor.py:836} INFO - DAG(s) dict_keys(['example_dag_decorator']) retrieved from /home/airflow/.local/lib/python3.7/site-packages/airflow/example_dags/example_dag_decorator.py
[2023-06-13T02:32:50.855+0000] {logging_mixin.py:149} INFO - [2023-06-13T02:32:50.854+0000] {dag.py:2726} INFO - Sync 1 DAGs
[2023-06-13T02:32:51.048+0000] {logging_mixin.py:149} INFO - [2023-06-13T02:32:51.048+0000] {dag.py:3490} INFO - Setting next_dagrun for example_dag_decorator to None, run_after=None
[2023-06-13T02:32:51.195+0000] {processor.py:179} INFO - Processing /home/airflow/.local/lib/python3.7/site-packages/airflow/example_dags/example_dag_decorator.py took 0.908 seconds
[2023-06-13T02:33:23.260+0000] {processor.py:157} INFO - Started process (PID=169) to work on /home/airflow/.local/lib/python3.7/site-packages/airflow/example_dags/example_dag_decorator.py
[2023-06-13T02:33:23.284+0000] {processor.py:826} INFO - Processing file /home/airflow/.local/lib/python3.7/site-packages/airflow/example_dags/example_dag_decorator.py for tasks to queue
[2023-06-13T02:33:23.306+0000] {logging_mixin.py:149} INFO - [2023-06-13T02:33:23.304+0000] {dagbag.py:541} INFO - Filling up the DagBag from /home/airflow/.local/lib/python3.7/site-packages/airflow/example_dags/example_dag_decorator.py
[2023-06-13T02:33:23.379+0000] {logging_mixin.py:149} INFO - [2023-06-13T02:33:23.377+0000] {taskmixin.py:211} WARNING - Dependency <Task(_PythonDecoratedOperator): prepare_email>, send_email already registered for DAG: example_dag_decorator
[2023-06-13T02:33:23.390+0000] {logging_mixin.py:149} INFO - [2023-06-13T02:33:23.389+0000] {taskmixin.py:211} WARNING - Dependency <Task(EmailOperator): send_email>, prepare_email already registered for DAG: example_dag_decorator
[2023-06-13T02:33:23.466+0000] {processor.py:836} INFO - DAG(s) dict_keys(['example_dag_decorator']) retrieved from /home/airflow/.local/lib/python3.7/site-packages/airflow/example_dags/example_dag_decorator.py
[2023-06-13T02:33:24.453+0000] {logging_mixin.py:149} INFO - [2023-06-13T02:33:24.452+0000] {dag.py:2726} INFO - Sync 1 DAGs
[2023-06-13T02:33:26.396+0000] {logging_mixin.py:149} INFO - [2023-06-13T02:33:26.356+0000] {dag.py:3490} INFO - Setting next_dagrun for example_dag_decorator to None, run_after=None
[2023-06-13T02:33:26.707+0000] {processor.py:179} INFO - Processing /home/airflow/.local/lib/python3.7/site-packages/airflow/example_dags/example_dag_decorator.py took 3.474 seconds
[2023-06-13T02:34:22.772+0000] {processor.py:157} INFO - Started process (PID=236) to work on /home/airflow/.local/lib/python3.7/site-packages/airflow/example_dags/example_dag_decorator.py
[2023-06-13T02:34:22.775+0000] {processor.py:826} INFO - Processing file /home/airflow/.local/lib/python3.7/site-packages/airflow/example_dags/example_dag_decorator.py for tasks to queue
[2023-06-13T02:34:22.780+0000] {logging_mixin.py:149} INFO - [2023-06-13T02:34:22.779+0000] {dagbag.py:541} INFO - Filling up the DagBag from /home/airflow/.local/lib/python3.7/site-packages/airflow/example_dags/example_dag_decorator.py
[2023-06-13T02:34:22.837+0000] {logging_mixin.py:149} INFO - [2023-06-13T02:34:22.836+0000] {taskmixin.py:211} WARNING - Dependency <Task(_PythonDecoratedOperator): prepare_email>, send_email already registered for DAG: example_dag_decorator
[2023-06-13T02:34:22.843+0000] {logging_mixin.py:149} INFO - [2023-06-13T02:34:22.841+0000] {taskmixin.py:211} WARNING - Dependency <Task(EmailOperator): send_email>, prepare_email already registered for DAG: example_dag_decorator
[2023-06-13T02:34:23.491+0000] {processor.py:836} INFO - DAG(s) dict_keys(['example_dag_decorator']) retrieved from /home/airflow/.local/lib/python3.7/site-packages/airflow/example_dags/example_dag_decorator.py
[2023-06-13T02:34:23.971+0000] {logging_mixin.py:149} INFO - [2023-06-13T02:34:23.970+0000] {dag.py:2726} INFO - Sync 1 DAGs
[2023-06-13T02:34:24.235+0000] {logging_mixin.py:149} INFO - [2023-06-13T02:34:24.234+0000] {dag.py:3490} INFO - Setting next_dagrun for example_dag_decorator to None, run_after=None
[2023-06-13T02:34:24.420+0000] {processor.py:179} INFO - Processing /home/airflow/.local/lib/python3.7/site-packages/airflow/example_dags/example_dag_decorator.py took 1.671 seconds
[2023-06-13T02:34:54.595+0000] {processor.py:157} INFO - Started process (PID=296) to work on /home/airflow/.local/lib/python3.7/site-packages/airflow/example_dags/example_dag_decorator.py
[2023-06-13T02:34:54.597+0000] {processor.py:826} INFO - Processing file /home/airflow/.local/lib/python3.7/site-packages/airflow/example_dags/example_dag_decorator.py for tasks to queue
[2023-06-13T02:34:54.602+0000] {logging_mixin.py:149} INFO - [2023-06-13T02:34:54.602+0000] {dagbag.py:541} INFO - Filling up the DagBag from /home/airflow/.local/lib/python3.7/site-packages/airflow/example_dags/example_dag_decorator.py
[2023-06-13T02:34:54.618+0000] {logging_mixin.py:149} INFO - [2023-06-13T02:34:54.618+0000] {taskmixin.py:211} WARNING - Dependency <Task(_PythonDecoratedOperator): prepare_email>, send_email already registered for DAG: example_dag_decorator
[2023-06-13T02:34:54.620+0000] {logging_mixin.py:149} INFO - [2023-06-13T02:34:54.619+0000] {taskmixin.py:211} WARNING - Dependency <Task(EmailOperator): send_email>, prepare_email already registered for DAG: example_dag_decorator
[2023-06-13T02:34:54.639+0000] {processor.py:836} INFO - DAG(s) dict_keys(['example_dag_decorator']) retrieved from /home/airflow/.local/lib/python3.7/site-packages/airflow/example_dags/example_dag_decorator.py
[2023-06-13T02:34:54.891+0000] {logging_mixin.py:149} INFO - [2023-06-13T02:34:54.890+0000] {dag.py:2726} INFO - Sync 1 DAGs
[2023-06-13T02:34:54.982+0000] {logging_mixin.py:149} INFO - [2023-06-13T02:34:54.981+0000] {dag.py:3490} INFO - Setting next_dagrun for example_dag_decorator to None, run_after=None
[2023-06-13T02:34:55.088+0000] {processor.py:179} INFO - Processing /home/airflow/.local/lib/python3.7/site-packages/airflow/example_dags/example_dag_decorator.py took 0.501 seconds
[2023-06-13T02:35:25.214+0000] {processor.py:157} INFO - Started process (PID=356) to work on /home/airflow/.local/lib/python3.7/site-packages/airflow/example_dags/example_dag_decorator.py
[2023-06-13T02:35:25.218+0000] {processor.py:826} INFO - Processing file /home/airflow/.local/lib/python3.7/site-packages/airflow/example_dags/example_dag_decorator.py for tasks to queue
[2023-06-13T02:35:25.223+0000] {logging_mixin.py:149} INFO - [2023-06-13T02:35:25.222+0000] {dagbag.py:541} INFO - Filling up the DagBag from /home/airflow/.local/lib/python3.7/site-packages/airflow/example_dags/example_dag_decorator.py
[2023-06-13T02:35:25.248+0000] {logging_mixin.py:149} INFO - [2023-06-13T02:35:25.247+0000] {taskmixin.py:211} WARNING - Dependency <Task(_PythonDecoratedOperator): prepare_email>, send_email already registered for DAG: example_dag_decorator
[2023-06-13T02:35:25.251+0000] {logging_mixin.py:149} INFO - [2023-06-13T02:35:25.250+0000] {taskmixin.py:211} WARNING - Dependency <Task(EmailOperator): send_email>, prepare_email already registered for DAG: example_dag_decorator
[2023-06-13T02:35:25.280+0000] {processor.py:836} INFO - DAG(s) dict_keys(['example_dag_decorator']) retrieved from /home/airflow/.local/lib/python3.7/site-packages/airflow/example_dags/example_dag_decorator.py
[2023-06-13T02:35:25.661+0000] {logging_mixin.py:149} INFO - [2023-06-13T02:35:25.660+0000] {dag.py:2726} INFO - Sync 1 DAGs
[2023-06-13T02:35:25.796+0000] {logging_mixin.py:149} INFO - [2023-06-13T02:35:25.795+0000] {dag.py:3490} INFO - Setting next_dagrun for example_dag_decorator to None, run_after=None
[2023-06-13T02:35:25.936+0000] {processor.py:179} INFO - Processing /home/airflow/.local/lib/python3.7/site-packages/airflow/example_dags/example_dag_decorator.py took 0.731 seconds
[2023-06-13T02:35:56.369+0000] {processor.py:157} INFO - Started process (PID=417) to work on /home/airflow/.local/lib/python3.7/site-packages/airflow/example_dags/example_dag_decorator.py
[2023-06-13T02:35:56.384+0000] {processor.py:826} INFO - Processing file /home/airflow/.local/lib/python3.7/site-packages/airflow/example_dags/example_dag_decorator.py for tasks to queue
[2023-06-13T02:35:56.399+0000] {logging_mixin.py:149} INFO - [2023-06-13T02:35:56.390+0000] {dagbag.py:541} INFO - Filling up the DagBag from /home/airflow/.local/lib/python3.7/site-packages/airflow/example_dags/example_dag_decorator.py
[2023-06-13T02:35:56.446+0000] {logging_mixin.py:149} INFO - [2023-06-13T02:35:56.445+0000] {taskmixin.py:211} WARNING - Dependency <Task(_PythonDecoratedOperator): prepare_email>, send_email already registered for DAG: example_dag_decorator
[2023-06-13T02:35:56.456+0000] {logging_mixin.py:149} INFO - [2023-06-13T02:35:56.454+0000] {taskmixin.py:211} WARNING - Dependency <Task(EmailOperator): send_email>, prepare_email already registered for DAG: example_dag_decorator
[2023-06-13T02:35:56.506+0000] {processor.py:836} INFO - DAG(s) dict_keys(['example_dag_decorator']) retrieved from /home/airflow/.local/lib/python3.7/site-packages/airflow/example_dags/example_dag_decorator.py
[2023-06-13T02:35:57.090+0000] {logging_mixin.py:149} INFO - [2023-06-13T02:35:57.089+0000] {dag.py:2726} INFO - Sync 1 DAGs
[2023-06-13T02:35:57.273+0000] {logging_mixin.py:149} INFO - [2023-06-13T02:35:57.272+0000] {dag.py:3490} INFO - Setting next_dagrun for example_dag_decorator to None, run_after=None
[2023-06-13T02:35:57.487+0000] {processor.py:179} INFO - Processing /home/airflow/.local/lib/python3.7/site-packages/airflow/example_dags/example_dag_decorator.py took 1.146 seconds
[2023-06-13T02:36:27.972+0000] {processor.py:157} INFO - Started process (PID=482) to work on /home/airflow/.local/lib/python3.7/site-packages/airflow/example_dags/example_dag_decorator.py
[2023-06-13T02:36:27.978+0000] {processor.py:826} INFO - Processing file /home/airflow/.local/lib/python3.7/site-packages/airflow/example_dags/example_dag_decorator.py for tasks to queue
[2023-06-13T02:36:27.985+0000] {logging_mixin.py:149} INFO - [2023-06-13T02:36:27.983+0000] {dagbag.py:541} INFO - Filling up the DagBag from /home/airflow/.local/lib/python3.7/site-packages/airflow/example_dags/example_dag_decorator.py
[2023-06-13T02:36:28.007+0000] {logging_mixin.py:149} INFO - [2023-06-13T02:36:28.006+0000] {taskmixin.py:211} WARNING - Dependency <Task(_PythonDecoratedOperator): prepare_email>, send_email already registered for DAG: example_dag_decorator
[2023-06-13T02:36:28.010+0000] {logging_mixin.py:149} INFO - [2023-06-13T02:36:28.009+0000] {taskmixin.py:211} WARNING - Dependency <Task(EmailOperator): send_email>, prepare_email already registered for DAG: example_dag_decorator
[2023-06-13T02:36:28.039+0000] {processor.py:836} INFO - DAG(s) dict_keys(['example_dag_decorator']) retrieved from /home/airflow/.local/lib/python3.7/site-packages/airflow/example_dags/example_dag_decorator.py
[2023-06-13T02:36:28.347+0000] {logging_mixin.py:149} INFO - [2023-06-13T02:36:28.346+0000] {dag.py:2726} INFO - Sync 1 DAGs
[2023-06-13T02:36:28.454+0000] {logging_mixin.py:149} INFO - [2023-06-13T02:36:28.454+0000] {dag.py:3490} INFO - Setting next_dagrun for example_dag_decorator to None, run_after=None
[2023-06-13T02:36:28.550+0000] {processor.py:179} INFO - Processing /home/airflow/.local/lib/python3.7/site-packages/airflow/example_dags/example_dag_decorator.py took 0.588 seconds
[2023-06-13T02:36:58.696+0000] {processor.py:157} INFO - Started process (PID=542) to work on /home/airflow/.local/lib/python3.7/site-packages/airflow/example_dags/example_dag_decorator.py
[2023-06-13T02:36:58.699+0000] {processor.py:826} INFO - Processing file /home/airflow/.local/lib/python3.7/site-packages/airflow/example_dags/example_dag_decorator.py for tasks to queue
[2023-06-13T02:36:58.702+0000] {logging_mixin.py:149} INFO - [2023-06-13T02:36:58.701+0000] {dagbag.py:541} INFO - Filling up the DagBag from /home/airflow/.local/lib/python3.7/site-packages/airflow/example_dags/example_dag_decorator.py
[2023-06-13T02:36:58.718+0000] {logging_mixin.py:149} INFO - [2023-06-13T02:36:58.717+0000] {taskmixin.py:211} WARNING - Dependency <Task(_PythonDecoratedOperator): prepare_email>, send_email already registered for DAG: example_dag_decorator
[2023-06-13T02:36:58.720+0000] {logging_mixin.py:149} INFO - [2023-06-13T02:36:58.719+0000] {taskmixin.py:211} WARNING - Dependency <Task(EmailOperator): send_email>, prepare_email already registered for DAG: example_dag_decorator
[2023-06-13T02:36:58.741+0000] {processor.py:836} INFO - DAG(s) dict_keys(['example_dag_decorator']) retrieved from /home/airflow/.local/lib/python3.7/site-packages/airflow/example_dags/example_dag_decorator.py
[2023-06-13T02:36:58.913+0000] {logging_mixin.py:149} INFO - [2023-06-13T02:36:58.913+0000] {dag.py:2726} INFO - Sync 1 DAGs
[2023-06-13T02:36:58.972+0000] {logging_mixin.py:149} INFO - [2023-06-13T02:36:58.971+0000] {dag.py:3490} INFO - Setting next_dagrun for example_dag_decorator to None, run_after=None
[2023-06-13T02:36:59.052+0000] {processor.py:179} INFO - Processing /home/airflow/.local/lib/python3.7/site-packages/airflow/example_dags/example_dag_decorator.py took 0.366 seconds
[2023-06-13T02:37:29.299+0000] {processor.py:157} INFO - Started process (PID=601) to work on /home/airflow/.local/lib/python3.7/site-packages/airflow/example_dags/example_dag_decorator.py
[2023-06-13T02:37:29.302+0000] {processor.py:826} INFO - Processing file /home/airflow/.local/lib/python3.7/site-packages/airflow/example_dags/example_dag_decorator.py for tasks to queue
[2023-06-13T02:37:29.305+0000] {logging_mixin.py:149} INFO - [2023-06-13T02:37:29.304+0000] {dagbag.py:541} INFO - Filling up the DagBag from /home/airflow/.local/lib/python3.7/site-packages/airflow/example_dags/example_dag_decorator.py
[2023-06-13T02:37:29.321+0000] {logging_mixin.py:149} INFO - [2023-06-13T02:37:29.320+0000] {taskmixin.py:211} WARNING - Dependency <Task(_PythonDecoratedOperator): prepare_email>, send_email already registered for DAG: example_dag_decorator
[2023-06-13T02:37:29.322+0000] {logging_mixin.py:149} INFO - [2023-06-13T02:37:29.322+0000] {taskmixin.py:211} WARNING - Dependency <Task(EmailOperator): send_email>, prepare_email already registered for DAG: example_dag_decorator
[2023-06-13T02:37:29.344+0000] {processor.py:836} INFO - DAG(s) dict_keys(['example_dag_decorator']) retrieved from /home/airflow/.local/lib/python3.7/site-packages/airflow/example_dags/example_dag_decorator.py
[2023-06-13T02:37:29.596+0000] {logging_mixin.py:149} INFO - [2023-06-13T02:37:29.595+0000] {dag.py:2726} INFO - Sync 1 DAGs
[2023-06-13T02:37:29.676+0000] {logging_mixin.py:149} INFO - [2023-06-13T02:37:29.675+0000] {dag.py:3490} INFO - Setting next_dagrun for example_dag_decorator to None, run_after=None
[2023-06-13T02:37:29.750+0000] {processor.py:179} INFO - Processing /home/airflow/.local/lib/python3.7/site-packages/airflow/example_dags/example_dag_decorator.py took 0.460 seconds
[2023-06-13T02:37:59.899+0000] {processor.py:157} INFO - Started process (PID=654) to work on /home/airflow/.local/lib/python3.7/site-packages/airflow/example_dags/example_dag_decorator.py
[2023-06-13T02:37:59.901+0000] {processor.py:826} INFO - Processing file /home/airflow/.local/lib/python3.7/site-packages/airflow/example_dags/example_dag_decorator.py for tasks to queue
[2023-06-13T02:37:59.904+0000] {logging_mixin.py:149} INFO - [2023-06-13T02:37:59.904+0000] {dagbag.py:541} INFO - Filling up the DagBag from /home/airflow/.local/lib/python3.7/site-packages/airflow/example_dags/example_dag_decorator.py
[2023-06-13T02:37:59.921+0000] {logging_mixin.py:149} INFO - [2023-06-13T02:37:59.921+0000] {taskmixin.py:211} WARNING - Dependency <Task(_PythonDecoratedOperator): prepare_email>, send_email already registered for DAG: example_dag_decorator
[2023-06-13T02:37:59.923+0000] {logging_mixin.py:149} INFO - [2023-06-13T02:37:59.922+0000] {taskmixin.py:211} WARNING - Dependency <Task(EmailOperator): send_email>, prepare_email already registered for DAG: example_dag_decorator
[2023-06-13T02:37:59.940+0000] {processor.py:836} INFO - DAG(s) dict_keys(['example_dag_decorator']) retrieved from /home/airflow/.local/lib/python3.7/site-packages/airflow/example_dags/example_dag_decorator.py
[2023-06-13T02:38:00.135+0000] {logging_mixin.py:149} INFO - [2023-06-13T02:38:00.134+0000] {dag.py:2726} INFO - Sync 1 DAGs
[2023-06-13T02:38:00.241+0000] {logging_mixin.py:149} INFO - [2023-06-13T02:38:00.240+0000] {dag.py:3490} INFO - Setting next_dagrun for example_dag_decorator to None, run_after=None
[2023-06-13T02:38:00.301+0000] {processor.py:179} INFO - Processing /home/airflow/.local/lib/python3.7/site-packages/airflow/example_dags/example_dag_decorator.py took 0.410 seconds
[2023-06-13T02:38:30.907+0000] {processor.py:157} INFO - Started process (PID=714) to work on /home/airflow/.local/lib/python3.7/site-packages/airflow/example_dags/example_dag_decorator.py
[2023-06-13T02:38:30.912+0000] {processor.py:826} INFO - Processing file /home/airflow/.local/lib/python3.7/site-packages/airflow/example_dags/example_dag_decorator.py for tasks to queue
[2023-06-13T02:38:30.917+0000] {logging_mixin.py:149} INFO - [2023-06-13T02:38:30.917+0000] {dagbag.py:541} INFO - Filling up the DagBag from /home/airflow/.local/lib/python3.7/site-packages/airflow/example_dags/example_dag_decorator.py
[2023-06-13T02:38:30.952+0000] {logging_mixin.py:149} INFO - [2023-06-13T02:38:30.951+0000] {taskmixin.py:211} WARNING - Dependency <Task(_PythonDecoratedOperator): prepare_email>, send_email already registered for DAG: example_dag_decorator
[2023-06-13T02:38:30.954+0000] {logging_mixin.py:149} INFO - [2023-06-13T02:38:30.953+0000] {taskmixin.py:211} WARNING - Dependency <Task(EmailOperator): send_email>, prepare_email already registered for DAG: example_dag_decorator
[2023-06-13T02:38:30.987+0000] {processor.py:836} INFO - DAG(s) dict_keys(['example_dag_decorator']) retrieved from /home/airflow/.local/lib/python3.7/site-packages/airflow/example_dags/example_dag_decorator.py
[2023-06-13T02:38:31.382+0000] {logging_mixin.py:149} INFO - [2023-06-13T02:38:31.381+0000] {dag.py:2726} INFO - Sync 1 DAGs
[2023-06-13T02:38:31.512+0000] {logging_mixin.py:149} INFO - [2023-06-13T02:38:31.511+0000] {dag.py:3490} INFO - Setting next_dagrun for example_dag_decorator to None, run_after=None
[2023-06-13T02:38:31.696+0000] {processor.py:179} INFO - Processing /home/airflow/.local/lib/python3.7/site-packages/airflow/example_dags/example_dag_decorator.py took 0.800 seconds
[2023-06-13T02:39:02.271+0000] {processor.py:157} INFO - Started process (PID=774) to work on /home/airflow/.local/lib/python3.7/site-packages/airflow/example_dags/example_dag_decorator.py
[2023-06-13T02:39:02.274+0000] {processor.py:826} INFO - Processing file /home/airflow/.local/lib/python3.7/site-packages/airflow/example_dags/example_dag_decorator.py for tasks to queue
[2023-06-13T02:39:02.277+0000] {logging_mixin.py:149} INFO - [2023-06-13T02:39:02.276+0000] {dagbag.py:541} INFO - Filling up the DagBag from /home/airflow/.local/lib/python3.7/site-packages/airflow/example_dags/example_dag_decorator.py
[2023-06-13T02:39:02.297+0000] {logging_mixin.py:149} INFO - [2023-06-13T02:39:02.297+0000] {taskmixin.py:211} WARNING - Dependency <Task(_PythonDecoratedOperator): prepare_email>, send_email already registered for DAG: example_dag_decorator
[2023-06-13T02:39:02.299+0000] {logging_mixin.py:149} INFO - [2023-06-13T02:39:02.299+0000] {taskmixin.py:211} WARNING - Dependency <Task(EmailOperator): send_email>, prepare_email already registered for DAG: example_dag_decorator
[2023-06-13T02:39:02.329+0000] {processor.py:836} INFO - DAG(s) dict_keys(['example_dag_decorator']) retrieved from /home/airflow/.local/lib/python3.7/site-packages/airflow/example_dags/example_dag_decorator.py
[2023-06-13T02:39:02.615+0000] {logging_mixin.py:149} INFO - [2023-06-13T02:39:02.615+0000] {dag.py:2726} INFO - Sync 1 DAGs
[2023-06-13T02:39:02.715+0000] {logging_mixin.py:149} INFO - [2023-06-13T02:39:02.714+0000] {dag.py:3490} INFO - Setting next_dagrun for example_dag_decorator to None, run_after=None
[2023-06-13T02:39:02.809+0000] {processor.py:179} INFO - Processing /home/airflow/.local/lib/python3.7/site-packages/airflow/example_dags/example_dag_decorator.py took 0.545 seconds
[2023-06-13T02:39:33.302+0000] {processor.py:157} INFO - Started process (PID=834) to work on /home/airflow/.local/lib/python3.7/site-packages/airflow/example_dags/example_dag_decorator.py
[2023-06-13T02:39:33.307+0000] {processor.py:826} INFO - Processing file /home/airflow/.local/lib/python3.7/site-packages/airflow/example_dags/example_dag_decorator.py for tasks to queue
[2023-06-13T02:39:33.312+0000] {logging_mixin.py:149} INFO - [2023-06-13T02:39:33.311+0000] {dagbag.py:541} INFO - Filling up the DagBag from /home/airflow/.local/lib/python3.7/site-packages/airflow/example_dags/example_dag_decorator.py
[2023-06-13T02:39:33.343+0000] {logging_mixin.py:149} INFO - [2023-06-13T02:39:33.342+0000] {taskmixin.py:211} WARNING - Dependency <Task(_PythonDecoratedOperator): prepare_email>, send_email already registered for DAG: example_dag_decorator
[2023-06-13T02:39:33.347+0000] {logging_mixin.py:149} INFO - [2023-06-13T02:39:33.346+0000] {taskmixin.py:211} WARNING - Dependency <Task(EmailOperator): send_email>, prepare_email already registered for DAG: example_dag_decorator
[2023-06-13T02:39:33.383+0000] {processor.py:836} INFO - DAG(s) dict_keys(['example_dag_decorator']) retrieved from /home/airflow/.local/lib/python3.7/site-packages/airflow/example_dags/example_dag_decorator.py
[2023-06-13T02:39:33.690+0000] {logging_mixin.py:149} INFO - [2023-06-13T02:39:33.690+0000] {dag.py:2726} INFO - Sync 1 DAGs
[2023-06-13T02:39:33.876+0000] {logging_mixin.py:149} INFO - [2023-06-13T02:39:33.876+0000] {dag.py:3490} INFO - Setting next_dagrun for example_dag_decorator to None, run_after=None
[2023-06-13T02:39:33.988+0000] {processor.py:179} INFO - Processing /home/airflow/.local/lib/python3.7/site-packages/airflow/example_dags/example_dag_decorator.py took 0.701 seconds
[2023-06-13T02:40:04.435+0000] {processor.py:157} INFO - Started process (PID=895) to work on /home/airflow/.local/lib/python3.7/site-packages/airflow/example_dags/example_dag_decorator.py
[2023-06-13T02:40:04.439+0000] {processor.py:826} INFO - Processing file /home/airflow/.local/lib/python3.7/site-packages/airflow/example_dags/example_dag_decorator.py for tasks to queue
[2023-06-13T02:40:04.442+0000] {logging_mixin.py:149} INFO - [2023-06-13T02:40:04.441+0000] {dagbag.py:541} INFO - Filling up the DagBag from /home/airflow/.local/lib/python3.7/site-packages/airflow/example_dags/example_dag_decorator.py
[2023-06-13T02:40:04.463+0000] {logging_mixin.py:149} INFO - [2023-06-13T02:40:04.462+0000] {taskmixin.py:211} WARNING - Dependency <Task(_PythonDecoratedOperator): prepare_email>, send_email already registered for DAG: example_dag_decorator
[2023-06-13T02:40:04.466+0000] {logging_mixin.py:149} INFO - [2023-06-13T02:40:04.465+0000] {taskmixin.py:211} WARNING - Dependency <Task(EmailOperator): send_email>, prepare_email already registered for DAG: example_dag_decorator
[2023-06-13T02:40:04.495+0000] {processor.py:836} INFO - DAG(s) dict_keys(['example_dag_decorator']) retrieved from /home/airflow/.local/lib/python3.7/site-packages/airflow/example_dags/example_dag_decorator.py
[2023-06-13T02:40:04.827+0000] {logging_mixin.py:149} INFO - [2023-06-13T02:40:04.826+0000] {dag.py:2726} INFO - Sync 1 DAGs
[2023-06-13T02:40:04.947+0000] {logging_mixin.py:149} INFO - [2023-06-13T02:40:04.946+0000] {dag.py:3490} INFO - Setting next_dagrun for example_dag_decorator to None, run_after=None
[2023-06-13T02:40:05.063+0000] {processor.py:179} INFO - Processing /home/airflow/.local/lib/python3.7/site-packages/airflow/example_dags/example_dag_decorator.py took 0.637 seconds
[2023-06-13T02:40:35.214+0000] {processor.py:157} INFO - Started process (PID=955) to work on /home/airflow/.local/lib/python3.7/site-packages/airflow/example_dags/example_dag_decorator.py
[2023-06-13T02:40:35.217+0000] {processor.py:826} INFO - Processing file /home/airflow/.local/lib/python3.7/site-packages/airflow/example_dags/example_dag_decorator.py for tasks to queue
[2023-06-13T02:40:35.221+0000] {logging_mixin.py:149} INFO - [2023-06-13T02:40:35.221+0000] {dagbag.py:541} INFO - Filling up the DagBag from /home/airflow/.local/lib/python3.7/site-packages/airflow/example_dags/example_dag_decorator.py
[2023-06-13T02:40:35.252+0000] {logging_mixin.py:149} INFO - [2023-06-13T02:40:35.251+0000] {taskmixin.py:211} WARNING - Dependency <Task(_PythonDecoratedOperator): prepare_email>, send_email already registered for DAG: example_dag_decorator
[2023-06-13T02:40:35.254+0000] {logging_mixin.py:149} INFO - [2023-06-13T02:40:35.253+0000] {taskmixin.py:211} WARNING - Dependency <Task(EmailOperator): send_email>, prepare_email already registered for DAG: example_dag_decorator
[2023-06-13T02:40:35.283+0000] {processor.py:836} INFO - DAG(s) dict_keys(['example_dag_decorator']) retrieved from /home/airflow/.local/lib/python3.7/site-packages/airflow/example_dags/example_dag_decorator.py
[2023-06-13T02:40:35.613+0000] {logging_mixin.py:149} INFO - [2023-06-13T02:40:35.612+0000] {dag.py:2726} INFO - Sync 1 DAGs
[2023-06-13T02:40:35.721+0000] {logging_mixin.py:149} INFO - [2023-06-13T02:40:35.721+0000] {dag.py:3490} INFO - Setting next_dagrun for example_dag_decorator to None, run_after=None
[2023-06-13T02:40:35.823+0000] {processor.py:179} INFO - Processing /home/airflow/.local/lib/python3.7/site-packages/airflow/example_dags/example_dag_decorator.py took 0.620 seconds
[2023-06-13T02:41:06.447+0000] {processor.py:157} INFO - Started process (PID=1014) to work on /home/airflow/.local/lib/python3.7/site-packages/airflow/example_dags/example_dag_decorator.py
[2023-06-13T02:41:06.453+0000] {processor.py:826} INFO - Processing file /home/airflow/.local/lib/python3.7/site-packages/airflow/example_dags/example_dag_decorator.py for tasks to queue
[2023-06-13T02:41:06.462+0000] {logging_mixin.py:149} INFO - [2023-06-13T02:41:06.462+0000] {dagbag.py:541} INFO - Filling up the DagBag from /home/airflow/.local/lib/python3.7/site-packages/airflow/example_dags/example_dag_decorator.py
[2023-06-13T02:41:06.489+0000] {logging_mixin.py:149} INFO - [2023-06-13T02:41:06.488+0000] {taskmixin.py:211} WARNING - Dependency <Task(_PythonDecoratedOperator): prepare_email>, send_email already registered for DAG: example_dag_decorator
[2023-06-13T02:41:06.493+0000] {logging_mixin.py:149} INFO - [2023-06-13T02:41:06.492+0000] {taskmixin.py:211} WARNING - Dependency <Task(EmailOperator): send_email>, prepare_email already registered for DAG: example_dag_decorator
[2023-06-13T02:41:06.540+0000] {processor.py:836} INFO - DAG(s) dict_keys(['example_dag_decorator']) retrieved from /home/airflow/.local/lib/python3.7/site-packages/airflow/example_dags/example_dag_decorator.py
[2023-06-13T02:41:06.884+0000] {logging_mixin.py:149} INFO - [2023-06-13T02:41:06.883+0000] {dag.py:2726} INFO - Sync 1 DAGs
[2023-06-13T02:41:07.060+0000] {logging_mixin.py:149} INFO - [2023-06-13T02:41:07.059+0000] {dag.py:3490} INFO - Setting next_dagrun for example_dag_decorator to None, run_after=None
[2023-06-13T02:41:07.192+0000] {processor.py:179} INFO - Processing /home/airflow/.local/lib/python3.7/site-packages/airflow/example_dags/example_dag_decorator.py took 0.758 seconds
[2023-06-13T02:41:37.280+0000] {processor.py:157} INFO - Started process (PID=1076) to work on /home/airflow/.local/lib/python3.7/site-packages/airflow/example_dags/example_dag_decorator.py
[2023-06-13T02:41:37.283+0000] {processor.py:826} INFO - Processing file /home/airflow/.local/lib/python3.7/site-packages/airflow/example_dags/example_dag_decorator.py for tasks to queue
[2023-06-13T02:41:37.285+0000] {logging_mixin.py:149} INFO - [2023-06-13T02:41:37.285+0000] {dagbag.py:541} INFO - Filling up the DagBag from /home/airflow/.local/lib/python3.7/site-packages/airflow/example_dags/example_dag_decorator.py
[2023-06-13T02:41:37.302+0000] {logging_mixin.py:149} INFO - [2023-06-13T02:41:37.301+0000] {taskmixin.py:211} WARNING - Dependency <Task(_PythonDecoratedOperator): prepare_email>, send_email already registered for DAG: example_dag_decorator
[2023-06-13T02:41:37.304+0000] {logging_mixin.py:149} INFO - [2023-06-13T02:41:37.304+0000] {taskmixin.py:211} WARNING - Dependency <Task(EmailOperator): send_email>, prepare_email already registered for DAG: example_dag_decorator
[2023-06-13T02:41:37.322+0000] {processor.py:836} INFO - DAG(s) dict_keys(['example_dag_decorator']) retrieved from /home/airflow/.local/lib/python3.7/site-packages/airflow/example_dags/example_dag_decorator.py
[2023-06-13T02:41:37.513+0000] {logging_mixin.py:149} INFO - [2023-06-13T02:41:37.513+0000] {dag.py:2726} INFO - Sync 1 DAGs
[2023-06-13T02:41:37.581+0000] {logging_mixin.py:149} INFO - [2023-06-13T02:41:37.581+0000] {dag.py:3490} INFO - Setting next_dagrun for example_dag_decorator to None, run_after=None
[2023-06-13T02:41:37.653+0000] {processor.py:179} INFO - Processing /home/airflow/.local/lib/python3.7/site-packages/airflow/example_dags/example_dag_decorator.py took 0.380 seconds
[2023-06-13T02:42:07.743+0000] {processor.py:157} INFO - Started process (PID=1135) to work on /home/airflow/.local/lib/python3.7/site-packages/airflow/example_dags/example_dag_decorator.py
[2023-06-13T02:42:07.745+0000] {processor.py:826} INFO - Processing file /home/airflow/.local/lib/python3.7/site-packages/airflow/example_dags/example_dag_decorator.py for tasks to queue
[2023-06-13T02:42:07.748+0000] {logging_mixin.py:149} INFO - [2023-06-13T02:42:07.747+0000] {dagbag.py:541} INFO - Filling up the DagBag from /home/airflow/.local/lib/python3.7/site-packages/airflow/example_dags/example_dag_decorator.py
[2023-06-13T02:42:07.761+0000] {logging_mixin.py:149} INFO - [2023-06-13T02:42:07.761+0000] {taskmixin.py:211} WARNING - Dependency <Task(_PythonDecoratedOperator): prepare_email>, send_email already registered for DAG: example_dag_decorator
[2023-06-13T02:42:07.763+0000] {logging_mixin.py:149} INFO - [2023-06-13T02:42:07.763+0000] {taskmixin.py:211} WARNING - Dependency <Task(EmailOperator): send_email>, prepare_email already registered for DAG: example_dag_decorator
[2023-06-13T02:42:07.781+0000] {processor.py:836} INFO - DAG(s) dict_keys(['example_dag_decorator']) retrieved from /home/airflow/.local/lib/python3.7/site-packages/airflow/example_dags/example_dag_decorator.py
[2023-06-13T02:42:07.989+0000] {logging_mixin.py:149} INFO - [2023-06-13T02:42:07.989+0000] {dag.py:2726} INFO - Sync 1 DAGs
[2023-06-13T02:42:08.055+0000] {logging_mixin.py:149} INFO - [2023-06-13T02:42:08.054+0000] {dag.py:3490} INFO - Setting next_dagrun for example_dag_decorator to None, run_after=None
[2023-06-13T02:42:08.147+0000] {processor.py:179} INFO - Processing /home/airflow/.local/lib/python3.7/site-packages/airflow/example_dags/example_dag_decorator.py took 0.411 seconds
[2023-06-13T02:42:38.944+0000] {processor.py:157} INFO - Started process (PID=1195) to work on /home/airflow/.local/lib/python3.7/site-packages/airflow/example_dags/example_dag_decorator.py
[2023-06-13T02:42:38.947+0000] {processor.py:826} INFO - Processing file /home/airflow/.local/lib/python3.7/site-packages/airflow/example_dags/example_dag_decorator.py for tasks to queue
[2023-06-13T02:42:38.950+0000] {logging_mixin.py:149} INFO - [2023-06-13T02:42:38.950+0000] {dagbag.py:541} INFO - Filling up the DagBag from /home/airflow/.local/lib/python3.7/site-packages/airflow/example_dags/example_dag_decorator.py
[2023-06-13T02:42:38.973+0000] {logging_mixin.py:149} INFO - [2023-06-13T02:42:38.972+0000] {taskmixin.py:211} WARNING - Dependency <Task(_PythonDecoratedOperator): prepare_email>, send_email already registered for DAG: example_dag_decorator
[2023-06-13T02:42:38.974+0000] {logging_mixin.py:149} INFO - [2023-06-13T02:42:38.974+0000] {taskmixin.py:211} WARNING - Dependency <Task(EmailOperator): send_email>, prepare_email already registered for DAG: example_dag_decorator
[2023-06-13T02:42:38.994+0000] {processor.py:836} INFO - DAG(s) dict_keys(['example_dag_decorator']) retrieved from /home/airflow/.local/lib/python3.7/site-packages/airflow/example_dags/example_dag_decorator.py
[2023-06-13T02:42:39.262+0000] {logging_mixin.py:149} INFO - [2023-06-13T02:42:39.261+0000] {dag.py:2726} INFO - Sync 1 DAGs
[2023-06-13T02:42:39.376+0000] {logging_mixin.py:149} INFO - [2023-06-13T02:42:39.375+0000] {dag.py:3490} INFO - Setting next_dagrun for example_dag_decorator to None, run_after=None
[2023-06-13T02:42:39.491+0000] {processor.py:179} INFO - Processing /home/airflow/.local/lib/python3.7/site-packages/airflow/example_dags/example_dag_decorator.py took 0.557 seconds
[2023-06-13T02:43:09.576+0000] {processor.py:157} INFO - Started process (PID=1256) to work on /home/airflow/.local/lib/python3.7/site-packages/airflow/example_dags/example_dag_decorator.py
[2023-06-13T02:43:09.579+0000] {processor.py:826} INFO - Processing file /home/airflow/.local/lib/python3.7/site-packages/airflow/example_dags/example_dag_decorator.py for tasks to queue
[2023-06-13T02:43:09.583+0000] {logging_mixin.py:149} INFO - [2023-06-13T02:43:09.582+0000] {dagbag.py:541} INFO - Filling up the DagBag from /home/airflow/.local/lib/python3.7/site-packages/airflow/example_dags/example_dag_decorator.py
[2023-06-13T02:43:09.602+0000] {logging_mixin.py:149} INFO - [2023-06-13T02:43:09.602+0000] {taskmixin.py:211} WARNING - Dependency <Task(_PythonDecoratedOperator): prepare_email>, send_email already registered for DAG: example_dag_decorator
[2023-06-13T02:43:09.603+0000] {logging_mixin.py:149} INFO - [2023-06-13T02:43:09.603+0000] {taskmixin.py:211} WARNING - Dependency <Task(EmailOperator): send_email>, prepare_email already registered for DAG: example_dag_decorator
[2023-06-13T02:43:09.623+0000] {processor.py:836} INFO - DAG(s) dict_keys(['example_dag_decorator']) retrieved from /home/airflow/.local/lib/python3.7/site-packages/airflow/example_dags/example_dag_decorator.py
[2023-06-13T02:43:09.876+0000] {logging_mixin.py:149} INFO - [2023-06-13T02:43:09.876+0000] {dag.py:2726} INFO - Sync 1 DAGs
[2023-06-13T02:43:09.949+0000] {logging_mixin.py:149} INFO - [2023-06-13T02:43:09.949+0000] {dag.py:3490} INFO - Setting next_dagrun for example_dag_decorator to None, run_after=None
[2023-06-13T02:43:10.019+0000] {processor.py:179} INFO - Processing /home/airflow/.local/lib/python3.7/site-packages/airflow/example_dags/example_dag_decorator.py took 0.450 seconds
[2023-06-13T02:43:40.872+0000] {processor.py:157} INFO - Started process (PID=1315) to work on /home/airflow/.local/lib/python3.7/site-packages/airflow/example_dags/example_dag_decorator.py
[2023-06-13T02:43:40.875+0000] {processor.py:826} INFO - Processing file /home/airflow/.local/lib/python3.7/site-packages/airflow/example_dags/example_dag_decorator.py for tasks to queue
[2023-06-13T02:43:40.881+0000] {logging_mixin.py:149} INFO - [2023-06-13T02:43:40.880+0000] {dagbag.py:541} INFO - Filling up the DagBag from /home/airflow/.local/lib/python3.7/site-packages/airflow/example_dags/example_dag_decorator.py
[2023-06-13T02:43:40.905+0000] {logging_mixin.py:149} INFO - [2023-06-13T02:43:40.904+0000] {taskmixin.py:211} WARNING - Dependency <Task(_PythonDecoratedOperator): prepare_email>, send_email already registered for DAG: example_dag_decorator
[2023-06-13T02:43:40.908+0000] {logging_mixin.py:149} INFO - [2023-06-13T02:43:40.907+0000] {taskmixin.py:211} WARNING - Dependency <Task(EmailOperator): send_email>, prepare_email already registered for DAG: example_dag_decorator
[2023-06-13T02:43:40.937+0000] {processor.py:836} INFO - DAG(s) dict_keys(['example_dag_decorator']) retrieved from /home/airflow/.local/lib/python3.7/site-packages/airflow/example_dags/example_dag_decorator.py
[2023-06-13T02:43:41.252+0000] {logging_mixin.py:149} INFO - [2023-06-13T02:43:41.251+0000] {dag.py:2726} INFO - Sync 1 DAGs
[2023-06-13T02:43:41.362+0000] {logging_mixin.py:149} INFO - [2023-06-13T02:43:41.361+0000] {dag.py:3490} INFO - Setting next_dagrun for example_dag_decorator to None, run_after=None
[2023-06-13T02:43:41.530+0000] {processor.py:179} INFO - Processing /home/airflow/.local/lib/python3.7/site-packages/airflow/example_dags/example_dag_decorator.py took 0.670 seconds
[2023-06-13T02:44:11.695+0000] {processor.py:157} INFO - Started process (PID=1375) to work on /home/airflow/.local/lib/python3.7/site-packages/airflow/example_dags/example_dag_decorator.py
[2023-06-13T02:44:11.698+0000] {processor.py:826} INFO - Processing file /home/airflow/.local/lib/python3.7/site-packages/airflow/example_dags/example_dag_decorator.py for tasks to queue
[2023-06-13T02:44:11.702+0000] {logging_mixin.py:149} INFO - [2023-06-13T02:44:11.701+0000] {dagbag.py:541} INFO - Filling up the DagBag from /home/airflow/.local/lib/python3.7/site-packages/airflow/example_dags/example_dag_decorator.py
[2023-06-13T02:44:11.726+0000] {logging_mixin.py:149} INFO - [2023-06-13T02:44:11.725+0000] {taskmixin.py:211} WARNING - Dependency <Task(_PythonDecoratedOperator): prepare_email>, send_email already registered for DAG: example_dag_decorator
[2023-06-13T02:44:11.728+0000] {logging_mixin.py:149} INFO - [2023-06-13T02:44:11.727+0000] {taskmixin.py:211} WARNING - Dependency <Task(EmailOperator): send_email>, prepare_email already registered for DAG: example_dag_decorator
[2023-06-13T02:44:11.755+0000] {processor.py:836} INFO - DAG(s) dict_keys(['example_dag_decorator']) retrieved from /home/airflow/.local/lib/python3.7/site-packages/airflow/example_dags/example_dag_decorator.py
[2023-06-13T02:44:12.011+0000] {logging_mixin.py:149} INFO - [2023-06-13T02:44:12.010+0000] {dag.py:2726} INFO - Sync 1 DAGs
[2023-06-13T02:44:12.125+0000] {logging_mixin.py:149} INFO - [2023-06-13T02:44:12.125+0000] {dag.py:3490} INFO - Setting next_dagrun for example_dag_decorator to None, run_after=None
[2023-06-13T02:44:12.209+0000] {processor.py:179} INFO - Processing /home/airflow/.local/lib/python3.7/site-packages/airflow/example_dags/example_dag_decorator.py took 0.521 seconds
