[2023-06-13T01:49:56.687+0000] {processor.py:157} INFO - Started process (PID=34) to work on /home/airflow/.local/lib/python3.7/site-packages/airflow/example_dags/example_xcom.py
[2023-06-13T01:49:56.688+0000] {processor.py:826} INFO - Processing file /home/airflow/.local/lib/python3.7/site-packages/airflow/example_dags/example_xcom.py for tasks to queue
[2023-06-13T01:49:56.690+0000] {logging_mixin.py:149} INFO - [2023-06-13T01:49:56.690+0000] {dagbag.py:541} INFO - Filling up the DagBag from /home/airflow/.local/lib/python3.7/site-packages/airflow/example_dags/example_xcom.py
[2023-06-13T01:49:56.705+0000] {processor.py:836} INFO - DAG(s) dict_keys(['example_xcom']) retrieved from /home/airflow/.local/lib/python3.7/site-packages/airflow/example_dags/example_xcom.py
[2023-06-13T01:49:56.725+0000] {logging_mixin.py:149} INFO - [2023-06-13T01:49:56.724+0000] {dag.py:2726} INFO - Sync 1 DAGs
[2023-06-13T01:49:56.781+0000] {logging_mixin.py:149} INFO - [2023-06-13T01:49:56.780+0000] {dag.py:3490} INFO - Setting next_dagrun for example_xcom to 2021-01-01T00:00:00+00:00, run_after=2021-01-01T00:00:00+00:00
[2023-06-13T01:49:56.826+0000] {processor.py:179} INFO - Processing /home/airflow/.local/lib/python3.7/site-packages/airflow/example_dags/example_xcom.py took 0.144 seconds
[2023-06-13T01:50:27.342+0000] {processor.py:157} INFO - Started process (PID=94) to work on /home/airflow/.local/lib/python3.7/site-packages/airflow/example_dags/example_xcom.py
[2023-06-13T01:50:27.344+0000] {processor.py:826} INFO - Processing file /home/airflow/.local/lib/python3.7/site-packages/airflow/example_dags/example_xcom.py for tasks to queue
[2023-06-13T01:50:27.345+0000] {logging_mixin.py:149} INFO - [2023-06-13T01:50:27.345+0000] {dagbag.py:541} INFO - Filling up the DagBag from /home/airflow/.local/lib/python3.7/site-packages/airflow/example_dags/example_xcom.py
[2023-06-13T01:50:27.356+0000] {processor.py:836} INFO - DAG(s) dict_keys(['example_xcom']) retrieved from /home/airflow/.local/lib/python3.7/site-packages/airflow/example_dags/example_xcom.py
[2023-06-13T01:50:27.405+0000] {logging_mixin.py:149} INFO - [2023-06-13T01:50:27.404+0000] {dag.py:2726} INFO - Sync 1 DAGs
[2023-06-13T01:50:27.451+0000] {logging_mixin.py:149} INFO - [2023-06-13T01:50:27.450+0000] {dag.py:3490} INFO - Setting next_dagrun for example_xcom to 2021-01-01T00:00:00+00:00, run_after=2021-01-01T00:00:00+00:00
[2023-06-13T01:50:27.488+0000] {processor.py:179} INFO - Processing /home/airflow/.local/lib/python3.7/site-packages/airflow/example_dags/example_xcom.py took 0.151 seconds
[2023-06-13T01:50:57.682+0000] {processor.py:157} INFO - Started process (PID=154) to work on /home/airflow/.local/lib/python3.7/site-packages/airflow/example_dags/example_xcom.py
[2023-06-13T01:50:57.683+0000] {processor.py:826} INFO - Processing file /home/airflow/.local/lib/python3.7/site-packages/airflow/example_dags/example_xcom.py for tasks to queue
[2023-06-13T01:50:57.685+0000] {logging_mixin.py:149} INFO - [2023-06-13T01:50:57.684+0000] {dagbag.py:541} INFO - Filling up the DagBag from /home/airflow/.local/lib/python3.7/site-packages/airflow/example_dags/example_xcom.py
[2023-06-13T01:50:57.694+0000] {processor.py:836} INFO - DAG(s) dict_keys(['example_xcom']) retrieved from /home/airflow/.local/lib/python3.7/site-packages/airflow/example_dags/example_xcom.py
[2023-06-13T01:50:57.730+0000] {logging_mixin.py:149} INFO - [2023-06-13T01:50:57.730+0000] {dag.py:2726} INFO - Sync 1 DAGs
[2023-06-13T01:50:57.776+0000] {logging_mixin.py:149} INFO - [2023-06-13T01:50:57.776+0000] {dag.py:3490} INFO - Setting next_dagrun for example_xcom to 2021-01-01T00:00:00+00:00, run_after=2021-01-01T00:00:00+00:00
[2023-06-13T01:50:57.815+0000] {processor.py:179} INFO - Processing /home/airflow/.local/lib/python3.7/site-packages/airflow/example_dags/example_xcom.py took 0.136 seconds
[2023-06-13T01:51:28.407+0000] {processor.py:157} INFO - Started process (PID=214) to work on /home/airflow/.local/lib/python3.7/site-packages/airflow/example_dags/example_xcom.py
[2023-06-13T01:51:28.409+0000] {processor.py:826} INFO - Processing file /home/airflow/.local/lib/python3.7/site-packages/airflow/example_dags/example_xcom.py for tasks to queue
[2023-06-13T01:51:28.411+0000] {logging_mixin.py:149} INFO - [2023-06-13T01:51:28.411+0000] {dagbag.py:541} INFO - Filling up the DagBag from /home/airflow/.local/lib/python3.7/site-packages/airflow/example_dags/example_xcom.py
[2023-06-13T01:51:28.423+0000] {processor.py:836} INFO - DAG(s) dict_keys(['example_xcom']) retrieved from /home/airflow/.local/lib/python3.7/site-packages/airflow/example_dags/example_xcom.py
[2023-06-13T01:51:28.470+0000] {logging_mixin.py:149} INFO - [2023-06-13T01:51:28.470+0000] {dag.py:2726} INFO - Sync 1 DAGs
[2023-06-13T01:51:28.520+0000] {logging_mixin.py:149} INFO - [2023-06-13T01:51:28.519+0000] {dag.py:3490} INFO - Setting next_dagrun for example_xcom to 2021-01-01T00:00:00+00:00, run_after=2021-01-01T00:00:00+00:00
[2023-06-13T01:51:28.554+0000] {processor.py:179} INFO - Processing /home/airflow/.local/lib/python3.7/site-packages/airflow/example_dags/example_xcom.py took 0.151 seconds
[2023-06-13T01:53:45.793+0000] {processor.py:157} INFO - Started process (PID=34) to work on /home/airflow/.local/lib/python3.7/site-packages/airflow/example_dags/example_xcom.py
[2023-06-13T01:53:45.796+0000] {processor.py:826} INFO - Processing file /home/airflow/.local/lib/python3.7/site-packages/airflow/example_dags/example_xcom.py for tasks to queue
[2023-06-13T01:53:45.799+0000] {logging_mixin.py:149} INFO - [2023-06-13T01:53:45.798+0000] {dagbag.py:541} INFO - Filling up the DagBag from /home/airflow/.local/lib/python3.7/site-packages/airflow/example_dags/example_xcom.py
[2023-06-13T01:53:45.826+0000] {processor.py:836} INFO - DAG(s) dict_keys(['example_xcom']) retrieved from /home/airflow/.local/lib/python3.7/site-packages/airflow/example_dags/example_xcom.py
[2023-06-13T01:53:45.923+0000] {logging_mixin.py:149} INFO - [2023-06-13T01:53:45.923+0000] {dag.py:2726} INFO - Sync 1 DAGs
[2023-06-13T01:53:46.033+0000] {logging_mixin.py:149} INFO - [2023-06-13T01:53:46.032+0000] {dag.py:3490} INFO - Setting next_dagrun for example_xcom to 2021-01-01T00:00:00+00:00, run_after=2021-01-01T00:00:00+00:00
[2023-06-13T01:53:46.121+0000] {processor.py:179} INFO - Processing /home/airflow/.local/lib/python3.7/site-packages/airflow/example_dags/example_xcom.py took 0.334 seconds
[2023-06-13T01:54:16.480+0000] {processor.py:157} INFO - Started process (PID=94) to work on /home/airflow/.local/lib/python3.7/site-packages/airflow/example_dags/example_xcom.py
[2023-06-13T01:54:16.482+0000] {processor.py:826} INFO - Processing file /home/airflow/.local/lib/python3.7/site-packages/airflow/example_dags/example_xcom.py for tasks to queue
[2023-06-13T01:54:16.483+0000] {logging_mixin.py:149} INFO - [2023-06-13T01:54:16.483+0000] {dagbag.py:541} INFO - Filling up the DagBag from /home/airflow/.local/lib/python3.7/site-packages/airflow/example_dags/example_xcom.py
[2023-06-13T01:54:16.495+0000] {processor.py:836} INFO - DAG(s) dict_keys(['example_xcom']) retrieved from /home/airflow/.local/lib/python3.7/site-packages/airflow/example_dags/example_xcom.py
[2023-06-13T01:54:16.529+0000] {logging_mixin.py:149} INFO - [2023-06-13T01:54:16.529+0000] {dag.py:2726} INFO - Sync 1 DAGs
[2023-06-13T01:54:16.573+0000] {logging_mixin.py:149} INFO - [2023-06-13T01:54:16.572+0000] {dag.py:3490} INFO - Setting next_dagrun for example_xcom to 2021-01-01T00:00:00+00:00, run_after=2021-01-01T00:00:00+00:00
[2023-06-13T01:54:16.611+0000] {processor.py:179} INFO - Processing /home/airflow/.local/lib/python3.7/site-packages/airflow/example_dags/example_xcom.py took 0.136 seconds
[2023-06-13T01:54:47.000+0000] {processor.py:157} INFO - Started process (PID=155) to work on /home/airflow/.local/lib/python3.7/site-packages/airflow/example_dags/example_xcom.py
[2023-06-13T01:54:47.001+0000] {processor.py:826} INFO - Processing file /home/airflow/.local/lib/python3.7/site-packages/airflow/example_dags/example_xcom.py for tasks to queue
[2023-06-13T01:54:47.003+0000] {logging_mixin.py:149} INFO - [2023-06-13T01:54:47.002+0000] {dagbag.py:541} INFO - Filling up the DagBag from /home/airflow/.local/lib/python3.7/site-packages/airflow/example_dags/example_xcom.py
[2023-06-13T01:54:47.011+0000] {processor.py:836} INFO - DAG(s) dict_keys(['example_xcom']) retrieved from /home/airflow/.local/lib/python3.7/site-packages/airflow/example_dags/example_xcom.py
[2023-06-13T01:54:47.046+0000] {logging_mixin.py:149} INFO - [2023-06-13T01:54:47.046+0000] {dag.py:2726} INFO - Sync 1 DAGs
[2023-06-13T01:54:47.091+0000] {logging_mixin.py:149} INFO - [2023-06-13T01:54:47.091+0000] {dag.py:3490} INFO - Setting next_dagrun for example_xcom to 2021-01-01T00:00:00+00:00, run_after=2021-01-01T00:00:00+00:00
[2023-06-13T01:54:47.126+0000] {processor.py:179} INFO - Processing /home/airflow/.local/lib/python3.7/site-packages/airflow/example_dags/example_xcom.py took 0.130 seconds
[2023-06-13T01:55:17.338+0000] {processor.py:157} INFO - Started process (PID=215) to work on /home/airflow/.local/lib/python3.7/site-packages/airflow/example_dags/example_xcom.py
[2023-06-13T01:55:17.340+0000] {processor.py:826} INFO - Processing file /home/airflow/.local/lib/python3.7/site-packages/airflow/example_dags/example_xcom.py for tasks to queue
[2023-06-13T01:55:17.342+0000] {logging_mixin.py:149} INFO - [2023-06-13T01:55:17.342+0000] {dagbag.py:541} INFO - Filling up the DagBag from /home/airflow/.local/lib/python3.7/site-packages/airflow/example_dags/example_xcom.py
[2023-06-13T01:55:17.352+0000] {processor.py:836} INFO - DAG(s) dict_keys(['example_xcom']) retrieved from /home/airflow/.local/lib/python3.7/site-packages/airflow/example_dags/example_xcom.py
[2023-06-13T01:55:17.395+0000] {logging_mixin.py:149} INFO - [2023-06-13T01:55:17.394+0000] {dag.py:2726} INFO - Sync 1 DAGs
[2023-06-13T01:55:17.438+0000] {logging_mixin.py:149} INFO - [2023-06-13T01:55:17.438+0000] {dag.py:3490} INFO - Setting next_dagrun for example_xcom to 2021-01-01T00:00:00+00:00, run_after=2021-01-01T00:00:00+00:00
[2023-06-13T01:55:17.477+0000] {processor.py:179} INFO - Processing /home/airflow/.local/lib/python3.7/site-packages/airflow/example_dags/example_xcom.py took 0.143 seconds
[2023-06-13T01:55:47.839+0000] {processor.py:157} INFO - Started process (PID=276) to work on /home/airflow/.local/lib/python3.7/site-packages/airflow/example_dags/example_xcom.py
[2023-06-13T01:55:47.843+0000] {processor.py:826} INFO - Processing file /home/airflow/.local/lib/python3.7/site-packages/airflow/example_dags/example_xcom.py for tasks to queue
[2023-06-13T01:55:47.848+0000] {logging_mixin.py:149} INFO - [2023-06-13T01:55:47.847+0000] {dagbag.py:541} INFO - Filling up the DagBag from /home/airflow/.local/lib/python3.7/site-packages/airflow/example_dags/example_xcom.py
[2023-06-13T01:55:47.875+0000] {processor.py:836} INFO - DAG(s) dict_keys(['example_xcom']) retrieved from /home/airflow/.local/lib/python3.7/site-packages/airflow/example_dags/example_xcom.py
[2023-06-13T01:55:47.940+0000] {logging_mixin.py:149} INFO - [2023-06-13T01:55:47.939+0000] {dag.py:2726} INFO - Sync 1 DAGs
[2023-06-13T01:55:48.010+0000] {logging_mixin.py:149} INFO - [2023-06-13T01:55:48.009+0000] {dag.py:3490} INFO - Setting next_dagrun for example_xcom to 2021-01-01T00:00:00+00:00, run_after=2021-01-01T00:00:00+00:00
[2023-06-13T01:55:48.057+0000] {processor.py:179} INFO - Processing /home/airflow/.local/lib/python3.7/site-packages/airflow/example_dags/example_xcom.py took 0.225 seconds
[2023-06-13T01:56:18.363+0000] {processor.py:157} INFO - Started process (PID=336) to work on /home/airflow/.local/lib/python3.7/site-packages/airflow/example_dags/example_xcom.py
[2023-06-13T01:56:18.365+0000] {processor.py:826} INFO - Processing file /home/airflow/.local/lib/python3.7/site-packages/airflow/example_dags/example_xcom.py for tasks to queue
[2023-06-13T01:56:18.367+0000] {logging_mixin.py:149} INFO - [2023-06-13T01:56:18.367+0000] {dagbag.py:541} INFO - Filling up the DagBag from /home/airflow/.local/lib/python3.7/site-packages/airflow/example_dags/example_xcom.py
[2023-06-13T01:56:18.377+0000] {processor.py:836} INFO - DAG(s) dict_keys(['example_xcom']) retrieved from /home/airflow/.local/lib/python3.7/site-packages/airflow/example_dags/example_xcom.py
[2023-06-13T01:56:18.421+0000] {logging_mixin.py:149} INFO - [2023-06-13T01:56:18.421+0000] {dag.py:2726} INFO - Sync 1 DAGs
[2023-06-13T01:56:18.469+0000] {logging_mixin.py:149} INFO - [2023-06-13T01:56:18.469+0000] {dag.py:3490} INFO - Setting next_dagrun for example_xcom to 2021-01-01T00:00:00+00:00, run_after=2021-01-01T00:00:00+00:00
[2023-06-13T01:56:18.507+0000] {processor.py:179} INFO - Processing /home/airflow/.local/lib/python3.7/site-packages/airflow/example_dags/example_xcom.py took 0.148 seconds
[2023-06-13T01:56:48.867+0000] {processor.py:157} INFO - Started process (PID=396) to work on /home/airflow/.local/lib/python3.7/site-packages/airflow/example_dags/example_xcom.py
[2023-06-13T01:56:48.869+0000] {processor.py:826} INFO - Processing file /home/airflow/.local/lib/python3.7/site-packages/airflow/example_dags/example_xcom.py for tasks to queue
[2023-06-13T01:56:48.870+0000] {logging_mixin.py:149} INFO - [2023-06-13T01:56:48.870+0000] {dagbag.py:541} INFO - Filling up the DagBag from /home/airflow/.local/lib/python3.7/site-packages/airflow/example_dags/example_xcom.py
[2023-06-13T01:56:48.882+0000] {processor.py:836} INFO - DAG(s) dict_keys(['example_xcom']) retrieved from /home/airflow/.local/lib/python3.7/site-packages/airflow/example_dags/example_xcom.py
[2023-06-13T01:56:48.923+0000] {logging_mixin.py:149} INFO - [2023-06-13T01:56:48.923+0000] {dag.py:2726} INFO - Sync 1 DAGs
[2023-06-13T01:56:48.968+0000] {logging_mixin.py:149} INFO - [2023-06-13T01:56:48.967+0000] {dag.py:3490} INFO - Setting next_dagrun for example_xcom to 2021-01-01T00:00:00+00:00, run_after=2021-01-01T00:00:00+00:00
[2023-06-13T01:56:49.015+0000] {processor.py:179} INFO - Processing /home/airflow/.local/lib/python3.7/site-packages/airflow/example_dags/example_xcom.py took 0.159 seconds
[2023-06-13T01:57:19.509+0000] {processor.py:157} INFO - Started process (PID=457) to work on /home/airflow/.local/lib/python3.7/site-packages/airflow/example_dags/example_xcom.py
[2023-06-13T01:57:19.510+0000] {processor.py:826} INFO - Processing file /home/airflow/.local/lib/python3.7/site-packages/airflow/example_dags/example_xcom.py for tasks to queue
[2023-06-13T01:57:19.512+0000] {logging_mixin.py:149} INFO - [2023-06-13T01:57:19.511+0000] {dagbag.py:541} INFO - Filling up the DagBag from /home/airflow/.local/lib/python3.7/site-packages/airflow/example_dags/example_xcom.py
[2023-06-13T01:57:19.521+0000] {processor.py:836} INFO - DAG(s) dict_keys(['example_xcom']) retrieved from /home/airflow/.local/lib/python3.7/site-packages/airflow/example_dags/example_xcom.py
[2023-06-13T01:57:19.560+0000] {logging_mixin.py:149} INFO - [2023-06-13T01:57:19.560+0000] {dag.py:2726} INFO - Sync 1 DAGs
[2023-06-13T01:57:19.609+0000] {logging_mixin.py:149} INFO - [2023-06-13T01:57:19.608+0000] {dag.py:3490} INFO - Setting next_dagrun for example_xcom to 2021-01-01T00:00:00+00:00, run_after=2021-01-01T00:00:00+00:00
[2023-06-13T01:57:19.647+0000] {processor.py:179} INFO - Processing /home/airflow/.local/lib/python3.7/site-packages/airflow/example_dags/example_xcom.py took 0.143 seconds
[2023-06-13T01:57:49.820+0000] {processor.py:157} INFO - Started process (PID=517) to work on /home/airflow/.local/lib/python3.7/site-packages/airflow/example_dags/example_xcom.py
[2023-06-13T01:57:49.822+0000] {processor.py:826} INFO - Processing file /home/airflow/.local/lib/python3.7/site-packages/airflow/example_dags/example_xcom.py for tasks to queue
[2023-06-13T01:57:49.823+0000] {logging_mixin.py:149} INFO - [2023-06-13T01:57:49.823+0000] {dagbag.py:541} INFO - Filling up the DagBag from /home/airflow/.local/lib/python3.7/site-packages/airflow/example_dags/example_xcom.py
[2023-06-13T01:57:49.835+0000] {processor.py:836} INFO - DAG(s) dict_keys(['example_xcom']) retrieved from /home/airflow/.local/lib/python3.7/site-packages/airflow/example_dags/example_xcom.py
[2023-06-13T01:57:49.875+0000] {logging_mixin.py:149} INFO - [2023-06-13T01:57:49.875+0000] {dag.py:2726} INFO - Sync 1 DAGs
[2023-06-13T01:57:49.928+0000] {logging_mixin.py:149} INFO - [2023-06-13T01:57:49.927+0000] {dag.py:3490} INFO - Setting next_dagrun for example_xcom to 2021-01-01T00:00:00+00:00, run_after=2021-01-01T00:00:00+00:00
[2023-06-13T01:57:49.988+0000] {processor.py:179} INFO - Processing /home/airflow/.local/lib/python3.7/site-packages/airflow/example_dags/example_xcom.py took 0.173 seconds
[2023-06-13T01:58:20.666+0000] {processor.py:157} INFO - Started process (PID=577) to work on /home/airflow/.local/lib/python3.7/site-packages/airflow/example_dags/example_xcom.py
[2023-06-13T01:58:20.667+0000] {processor.py:826} INFO - Processing file /home/airflow/.local/lib/python3.7/site-packages/airflow/example_dags/example_xcom.py for tasks to queue
[2023-06-13T01:58:20.669+0000] {logging_mixin.py:149} INFO - [2023-06-13T01:58:20.668+0000] {dagbag.py:541} INFO - Filling up the DagBag from /home/airflow/.local/lib/python3.7/site-packages/airflow/example_dags/example_xcom.py
[2023-06-13T01:58:20.677+0000] {processor.py:836} INFO - DAG(s) dict_keys(['example_xcom']) retrieved from /home/airflow/.local/lib/python3.7/site-packages/airflow/example_dags/example_xcom.py
[2023-06-13T01:58:20.694+0000] {logging_mixin.py:149} INFO - [2023-06-13T01:58:20.694+0000] {dag.py:2726} INFO - Sync 1 DAGs
[2023-06-13T01:58:20.733+0000] {logging_mixin.py:149} INFO - [2023-06-13T01:58:20.733+0000] {dag.py:3490} INFO - Setting next_dagrun for example_xcom to 2021-01-01T00:00:00+00:00, run_after=2021-01-01T00:00:00+00:00
[2023-06-13T01:58:20.768+0000] {processor.py:179} INFO - Processing /home/airflow/.local/lib/python3.7/site-packages/airflow/example_dags/example_xcom.py took 0.106 seconds
[2023-06-13T01:58:50.946+0000] {processor.py:157} INFO - Started process (PID=637) to work on /home/airflow/.local/lib/python3.7/site-packages/airflow/example_dags/example_xcom.py
[2023-06-13T01:58:50.947+0000] {processor.py:826} INFO - Processing file /home/airflow/.local/lib/python3.7/site-packages/airflow/example_dags/example_xcom.py for tasks to queue
[2023-06-13T01:58:50.949+0000] {logging_mixin.py:149} INFO - [2023-06-13T01:58:50.949+0000] {dagbag.py:541} INFO - Filling up the DagBag from /home/airflow/.local/lib/python3.7/site-packages/airflow/example_dags/example_xcom.py
[2023-06-13T01:58:50.959+0000] {processor.py:836} INFO - DAG(s) dict_keys(['example_xcom']) retrieved from /home/airflow/.local/lib/python3.7/site-packages/airflow/example_dags/example_xcom.py
[2023-06-13T01:58:50.992+0000] {logging_mixin.py:149} INFO - [2023-06-13T01:58:50.992+0000] {dag.py:2726} INFO - Sync 1 DAGs
[2023-06-13T01:58:51.032+0000] {logging_mixin.py:149} INFO - [2023-06-13T01:58:51.032+0000] {dag.py:3490} INFO - Setting next_dagrun for example_xcom to 2021-01-01T00:00:00+00:00, run_after=2021-01-01T00:00:00+00:00
[2023-06-13T01:58:51.065+0000] {processor.py:179} INFO - Processing /home/airflow/.local/lib/python3.7/site-packages/airflow/example_dags/example_xcom.py took 0.123 seconds
[2023-06-13T01:59:21.677+0000] {processor.py:157} INFO - Started process (PID=697) to work on /home/airflow/.local/lib/python3.7/site-packages/airflow/example_dags/example_xcom.py
[2023-06-13T01:59:21.679+0000] {processor.py:826} INFO - Processing file /home/airflow/.local/lib/python3.7/site-packages/airflow/example_dags/example_xcom.py for tasks to queue
[2023-06-13T01:59:21.680+0000] {logging_mixin.py:149} INFO - [2023-06-13T01:59:21.680+0000] {dagbag.py:541} INFO - Filling up the DagBag from /home/airflow/.local/lib/python3.7/site-packages/airflow/example_dags/example_xcom.py
[2023-06-13T01:59:21.690+0000] {processor.py:836} INFO - DAG(s) dict_keys(['example_xcom']) retrieved from /home/airflow/.local/lib/python3.7/site-packages/airflow/example_dags/example_xcom.py
[2023-06-13T01:59:21.732+0000] {logging_mixin.py:149} INFO - [2023-06-13T01:59:21.732+0000] {dag.py:2726} INFO - Sync 1 DAGs
[2023-06-13T01:59:21.777+0000] {logging_mixin.py:149} INFO - [2023-06-13T01:59:21.777+0000] {dag.py:3490} INFO - Setting next_dagrun for example_xcom to 2021-01-01T00:00:00+00:00, run_after=2021-01-01T00:00:00+00:00
[2023-06-13T01:59:21.818+0000] {processor.py:179} INFO - Processing /home/airflow/.local/lib/python3.7/site-packages/airflow/example_dags/example_xcom.py took 0.145 seconds
[2023-06-13T02:00:56.651+0000] {processor.py:157} INFO - Started process (PID=34) to work on /home/airflow/.local/lib/python3.7/site-packages/airflow/example_dags/example_xcom.py
[2023-06-13T02:00:56.653+0000] {processor.py:826} INFO - Processing file /home/airflow/.local/lib/python3.7/site-packages/airflow/example_dags/example_xcom.py for tasks to queue
[2023-06-13T02:00:56.654+0000] {logging_mixin.py:149} INFO - [2023-06-13T02:00:56.654+0000] {dagbag.py:541} INFO - Filling up the DagBag from /home/airflow/.local/lib/python3.7/site-packages/airflow/example_dags/example_xcom.py
[2023-06-13T02:00:56.696+0000] {processor.py:836} INFO - DAG(s) dict_keys(['example_xcom']) retrieved from /home/airflow/.local/lib/python3.7/site-packages/airflow/example_dags/example_xcom.py
[2023-06-13T02:00:56.789+0000] {logging_mixin.py:149} INFO - [2023-06-13T02:00:56.788+0000] {dag.py:2726} INFO - Sync 1 DAGs
[2023-06-13T02:00:56.888+0000] {logging_mixin.py:149} INFO - [2023-06-13T02:00:56.888+0000] {dag.py:3490} INFO - Setting next_dagrun for example_xcom to 2021-01-01T00:00:00+00:00, run_after=2021-01-01T00:00:00+00:00
[2023-06-13T02:00:56.963+0000] {processor.py:179} INFO - Processing /home/airflow/.local/lib/python3.7/site-packages/airflow/example_dags/example_xcom.py took 0.317 seconds
[2023-06-13T02:01:27.189+0000] {processor.py:157} INFO - Started process (PID=94) to work on /home/airflow/.local/lib/python3.7/site-packages/airflow/example_dags/example_xcom.py
[2023-06-13T02:01:27.191+0000] {processor.py:826} INFO - Processing file /home/airflow/.local/lib/python3.7/site-packages/airflow/example_dags/example_xcom.py for tasks to queue
[2023-06-13T02:01:27.194+0000] {logging_mixin.py:149} INFO - [2023-06-13T02:01:27.193+0000] {dagbag.py:541} INFO - Filling up the DagBag from /home/airflow/.local/lib/python3.7/site-packages/airflow/example_dags/example_xcom.py
[2023-06-13T02:01:27.214+0000] {processor.py:836} INFO - DAG(s) dict_keys(['example_xcom']) retrieved from /home/airflow/.local/lib/python3.7/site-packages/airflow/example_dags/example_xcom.py
[2023-06-13T02:01:27.278+0000] {logging_mixin.py:149} INFO - [2023-06-13T02:01:27.277+0000] {dag.py:2726} INFO - Sync 1 DAGs
[2023-06-13T02:01:27.346+0000] {logging_mixin.py:149} INFO - [2023-06-13T02:01:27.346+0000] {dag.py:3490} INFO - Setting next_dagrun for example_xcom to 2021-01-01T00:00:00+00:00, run_after=2021-01-01T00:00:00+00:00
[2023-06-13T02:01:27.400+0000] {processor.py:179} INFO - Processing /home/airflow/.local/lib/python3.7/site-packages/airflow/example_dags/example_xcom.py took 0.217 seconds
[2023-06-13T02:01:58.514+0000] {processor.py:157} INFO - Started process (PID=153) to work on /home/airflow/.local/lib/python3.7/site-packages/airflow/example_dags/example_xcom.py
[2023-06-13T02:01:58.524+0000] {processor.py:826} INFO - Processing file /home/airflow/.local/lib/python3.7/site-packages/airflow/example_dags/example_xcom.py for tasks to queue
[2023-06-13T02:01:58.527+0000] {logging_mixin.py:149} INFO - [2023-06-13T02:01:58.526+0000] {dagbag.py:541} INFO - Filling up the DagBag from /home/airflow/.local/lib/python3.7/site-packages/airflow/example_dags/example_xcom.py
[2023-06-13T02:01:58.548+0000] {processor.py:836} INFO - DAG(s) dict_keys(['example_xcom']) retrieved from /home/airflow/.local/lib/python3.7/site-packages/airflow/example_dags/example_xcom.py
[2023-06-13T02:01:58.633+0000] {logging_mixin.py:149} INFO - [2023-06-13T02:01:58.633+0000] {dag.py:2726} INFO - Sync 1 DAGs
[2023-06-13T02:01:58.770+0000] {logging_mixin.py:149} INFO - [2023-06-13T02:01:58.769+0000] {dag.py:3490} INFO - Setting next_dagrun for example_xcom to 2021-01-01T00:00:00+00:00, run_after=2021-01-01T00:00:00+00:00
[2023-06-13T02:01:58.865+0000] {processor.py:179} INFO - Processing /home/airflow/.local/lib/python3.7/site-packages/airflow/example_dags/example_xcom.py took 0.374 seconds
[2023-06-13T02:32:16.092+0000] {processor.py:157} INFO - Started process (PID=46) to work on /home/airflow/.local/lib/python3.7/site-packages/airflow/example_dags/example_xcom.py
[2023-06-13T02:32:16.096+0000] {processor.py:826} INFO - Processing file /home/airflow/.local/lib/python3.7/site-packages/airflow/example_dags/example_xcom.py for tasks to queue
[2023-06-13T02:32:16.100+0000] {logging_mixin.py:149} INFO - [2023-06-13T02:32:16.099+0000] {dagbag.py:541} INFO - Filling up the DagBag from /home/airflow/.local/lib/python3.7/site-packages/airflow/example_dags/example_xcom.py
[2023-06-13T02:32:16.151+0000] {processor.py:836} INFO - DAG(s) dict_keys(['example_xcom']) retrieved from /home/airflow/.local/lib/python3.7/site-packages/airflow/example_dags/example_xcom.py
[2023-06-13T02:32:16.351+0000] {logging_mixin.py:149} INFO - [2023-06-13T02:32:16.350+0000] {dag.py:2726} INFO - Sync 1 DAGs
[2023-06-13T02:32:16.499+0000] {logging_mixin.py:149} INFO - [2023-06-13T02:32:16.498+0000] {dag.py:3490} INFO - Setting next_dagrun for example_xcom to 2021-01-01T00:00:00+00:00, run_after=2021-01-01T00:00:00+00:00
[2023-06-13T02:32:16.605+0000] {processor.py:179} INFO - Processing /home/airflow/.local/lib/python3.7/site-packages/airflow/example_dags/example_xcom.py took 0.529 seconds
[2023-06-13T02:32:47.845+0000] {processor.py:157} INFO - Started process (PID=105) to work on /home/airflow/.local/lib/python3.7/site-packages/airflow/example_dags/example_xcom.py
[2023-06-13T02:32:47.850+0000] {processor.py:826} INFO - Processing file /home/airflow/.local/lib/python3.7/site-packages/airflow/example_dags/example_xcom.py for tasks to queue
[2023-06-13T02:32:47.872+0000] {logging_mixin.py:149} INFO - [2023-06-13T02:32:47.871+0000] {dagbag.py:541} INFO - Filling up the DagBag from /home/airflow/.local/lib/python3.7/site-packages/airflow/example_dags/example_xcom.py
[2023-06-13T02:32:47.908+0000] {processor.py:836} INFO - DAG(s) dict_keys(['example_xcom']) retrieved from /home/airflow/.local/lib/python3.7/site-packages/airflow/example_dags/example_xcom.py
[2023-06-13T02:32:48.046+0000] {logging_mixin.py:149} INFO - [2023-06-13T02:32:48.046+0000] {dag.py:2726} INFO - Sync 1 DAGs
[2023-06-13T02:32:48.179+0000] {logging_mixin.py:149} INFO - [2023-06-13T02:32:48.179+0000] {dag.py:3490} INFO - Setting next_dagrun for example_xcom to 2021-01-01T00:00:00+00:00, run_after=2021-01-01T00:00:00+00:00
[2023-06-13T02:32:48.311+0000] {processor.py:179} INFO - Processing /home/airflow/.local/lib/python3.7/site-packages/airflow/example_dags/example_xcom.py took 0.475 seconds
[2023-06-13T02:33:20.430+0000] {processor.py:157} INFO - Started process (PID=165) to work on /home/airflow/.local/lib/python3.7/site-packages/airflow/example_dags/example_xcom.py
[2023-06-13T02:33:20.441+0000] {processor.py:826} INFO - Processing file /home/airflow/.local/lib/python3.7/site-packages/airflow/example_dags/example_xcom.py for tasks to queue
[2023-06-13T02:33:20.446+0000] {logging_mixin.py:149} INFO - [2023-06-13T02:33:20.445+0000] {dagbag.py:541} INFO - Filling up the DagBag from /home/airflow/.local/lib/python3.7/site-packages/airflow/example_dags/example_xcom.py
[2023-06-13T02:33:20.536+0000] {processor.py:836} INFO - DAG(s) dict_keys(['example_xcom']) retrieved from /home/airflow/.local/lib/python3.7/site-packages/airflow/example_dags/example_xcom.py
[2023-06-13T02:33:20.877+0000] {logging_mixin.py:149} INFO - [2023-06-13T02:33:20.864+0000] {dag.py:2726} INFO - Sync 1 DAGs
[2023-06-13T02:33:21.128+0000] {logging_mixin.py:149} INFO - [2023-06-13T02:33:21.127+0000] {dag.py:3490} INFO - Setting next_dagrun for example_xcom to 2021-01-01T00:00:00+00:00, run_after=2021-01-01T00:00:00+00:00
[2023-06-13T02:33:21.331+0000] {processor.py:179} INFO - Processing /home/airflow/.local/lib/python3.7/site-packages/airflow/example_dags/example_xcom.py took 0.942 seconds
[2023-06-13T02:34:17.784+0000] {processor.py:157} INFO - Started process (PID=231) to work on /home/airflow/.local/lib/python3.7/site-packages/airflow/example_dags/example_xcom.py
[2023-06-13T02:34:17.803+0000] {processor.py:826} INFO - Processing file /home/airflow/.local/lib/python3.7/site-packages/airflow/example_dags/example_xcom.py for tasks to queue
[2023-06-13T02:34:17.808+0000] {logging_mixin.py:149} INFO - [2023-06-13T02:34:17.807+0000] {dagbag.py:541} INFO - Filling up the DagBag from /home/airflow/.local/lib/python3.7/site-packages/airflow/example_dags/example_xcom.py
[2023-06-13T02:34:17.960+0000] {processor.py:836} INFO - DAG(s) dict_keys(['example_xcom']) retrieved from /home/airflow/.local/lib/python3.7/site-packages/airflow/example_dags/example_xcom.py
[2023-06-13T02:34:19.439+0000] {logging_mixin.py:149} INFO - [2023-06-13T02:34:19.437+0000] {dag.py:2726} INFO - Sync 1 DAGs
[2023-06-13T02:34:19.679+0000] {logging_mixin.py:149} INFO - [2023-06-13T02:34:19.678+0000] {dag.py:3490} INFO - Setting next_dagrun for example_xcom to 2021-01-01T00:00:00+00:00, run_after=2021-01-01T00:00:00+00:00
[2023-06-13T02:34:19.888+0000] {processor.py:179} INFO - Processing /home/airflow/.local/lib/python3.7/site-packages/airflow/example_dags/example_xcom.py took 2.188 seconds
[2023-06-13T02:34:50.129+0000] {processor.py:157} INFO - Started process (PID=291) to work on /home/airflow/.local/lib/python3.7/site-packages/airflow/example_dags/example_xcom.py
[2023-06-13T02:34:50.133+0000] {processor.py:826} INFO - Processing file /home/airflow/.local/lib/python3.7/site-packages/airflow/example_dags/example_xcom.py for tasks to queue
[2023-06-13T02:34:50.137+0000] {logging_mixin.py:149} INFO - [2023-06-13T02:34:50.136+0000] {dagbag.py:541} INFO - Filling up the DagBag from /home/airflow/.local/lib/python3.7/site-packages/airflow/example_dags/example_xcom.py
[2023-06-13T02:34:50.157+0000] {processor.py:836} INFO - DAG(s) dict_keys(['example_xcom']) retrieved from /home/airflow/.local/lib/python3.7/site-packages/airflow/example_dags/example_xcom.py
[2023-06-13T02:34:50.269+0000] {logging_mixin.py:149} INFO - [2023-06-13T02:34:50.269+0000] {dag.py:2726} INFO - Sync 1 DAGs
[2023-06-13T02:34:50.340+0000] {logging_mixin.py:149} INFO - [2023-06-13T02:34:50.340+0000] {dag.py:3490} INFO - Setting next_dagrun for example_xcom to 2021-01-01T00:00:00+00:00, run_after=2021-01-01T00:00:00+00:00
[2023-06-13T02:34:50.415+0000] {processor.py:179} INFO - Processing /home/airflow/.local/lib/python3.7/site-packages/airflow/example_dags/example_xcom.py took 0.300 seconds
[2023-06-13T02:35:20.970+0000] {processor.py:157} INFO - Started process (PID=351) to work on /home/airflow/.local/lib/python3.7/site-packages/airflow/example_dags/example_xcom.py
[2023-06-13T02:35:20.979+0000] {processor.py:826} INFO - Processing file /home/airflow/.local/lib/python3.7/site-packages/airflow/example_dags/example_xcom.py for tasks to queue
[2023-06-13T02:35:20.987+0000] {logging_mixin.py:149} INFO - [2023-06-13T02:35:20.985+0000] {dagbag.py:541} INFO - Filling up the DagBag from /home/airflow/.local/lib/python3.7/site-packages/airflow/example_dags/example_xcom.py
[2023-06-13T02:35:21.082+0000] {processor.py:836} INFO - DAG(s) dict_keys(['example_xcom']) retrieved from /home/airflow/.local/lib/python3.7/site-packages/airflow/example_dags/example_xcom.py
[2023-06-13T02:35:21.411+0000] {logging_mixin.py:149} INFO - [2023-06-13T02:35:21.410+0000] {dag.py:2726} INFO - Sync 1 DAGs
[2023-06-13T02:35:21.697+0000] {logging_mixin.py:149} INFO - [2023-06-13T02:35:21.696+0000] {dag.py:3490} INFO - Setting next_dagrun for example_xcom to 2021-01-01T00:00:00+00:00, run_after=2021-01-01T00:00:00+00:00
[2023-06-13T02:35:21.852+0000] {processor.py:179} INFO - Processing /home/airflow/.local/lib/python3.7/site-packages/airflow/example_dags/example_xcom.py took 0.919 seconds
[2023-06-13T02:35:52.651+0000] {processor.py:157} INFO - Started process (PID=412) to work on /home/airflow/.local/lib/python3.7/site-packages/airflow/example_dags/example_xcom.py
[2023-06-13T02:35:52.660+0000] {processor.py:826} INFO - Processing file /home/airflow/.local/lib/python3.7/site-packages/airflow/example_dags/example_xcom.py for tasks to queue
[2023-06-13T02:35:52.667+0000] {logging_mixin.py:149} INFO - [2023-06-13T02:35:52.667+0000] {dagbag.py:541} INFO - Filling up the DagBag from /home/airflow/.local/lib/python3.7/site-packages/airflow/example_dags/example_xcom.py
[2023-06-13T02:35:52.719+0000] {processor.py:836} INFO - DAG(s) dict_keys(['example_xcom']) retrieved from /home/airflow/.local/lib/python3.7/site-packages/airflow/example_dags/example_xcom.py
[2023-06-13T02:35:53.017+0000] {logging_mixin.py:149} INFO - [2023-06-13T02:35:53.015+0000] {dag.py:2726} INFO - Sync 1 DAGs
[2023-06-13T02:35:53.306+0000] {logging_mixin.py:149} INFO - [2023-06-13T02:35:53.302+0000] {dag.py:3490} INFO - Setting next_dagrun for example_xcom to 2021-01-01T00:00:00+00:00, run_after=2021-01-01T00:00:00+00:00
[2023-06-13T02:35:53.453+0000] {processor.py:179} INFO - Processing /home/airflow/.local/lib/python3.7/site-packages/airflow/example_dags/example_xcom.py took 0.822 seconds
[2023-06-13T02:36:24.135+0000] {processor.py:157} INFO - Started process (PID=477) to work on /home/airflow/.local/lib/python3.7/site-packages/airflow/example_dags/example_xcom.py
[2023-06-13T02:36:24.140+0000] {processor.py:826} INFO - Processing file /home/airflow/.local/lib/python3.7/site-packages/airflow/example_dags/example_xcom.py for tasks to queue
[2023-06-13T02:36:24.146+0000] {logging_mixin.py:149} INFO - [2023-06-13T02:36:24.145+0000] {dagbag.py:541} INFO - Filling up the DagBag from /home/airflow/.local/lib/python3.7/site-packages/airflow/example_dags/example_xcom.py
[2023-06-13T02:36:24.243+0000] {processor.py:836} INFO - DAG(s) dict_keys(['example_xcom']) retrieved from /home/airflow/.local/lib/python3.7/site-packages/airflow/example_dags/example_xcom.py
[2023-06-13T02:36:24.482+0000] {logging_mixin.py:149} INFO - [2023-06-13T02:36:24.481+0000] {dag.py:2726} INFO - Sync 1 DAGs
[2023-06-13T02:36:24.865+0000] {logging_mixin.py:149} INFO - [2023-06-13T02:36:24.864+0000] {dag.py:3490} INFO - Setting next_dagrun for example_xcom to 2021-01-01T00:00:00+00:00, run_after=2021-01-01T00:00:00+00:00
[2023-06-13T02:36:25.071+0000] {processor.py:179} INFO - Processing /home/airflow/.local/lib/python3.7/site-packages/airflow/example_dags/example_xcom.py took 0.949 seconds
[2023-06-13T02:36:55.452+0000] {processor.py:157} INFO - Started process (PID=529) to work on /home/airflow/.local/lib/python3.7/site-packages/airflow/example_dags/example_xcom.py
[2023-06-13T02:36:55.455+0000] {processor.py:826} INFO - Processing file /home/airflow/.local/lib/python3.7/site-packages/airflow/example_dags/example_xcom.py for tasks to queue
[2023-06-13T02:36:55.457+0000] {logging_mixin.py:149} INFO - [2023-06-13T02:36:55.457+0000] {dagbag.py:541} INFO - Filling up the DagBag from /home/airflow/.local/lib/python3.7/site-packages/airflow/example_dags/example_xcom.py
[2023-06-13T02:36:55.474+0000] {processor.py:836} INFO - DAG(s) dict_keys(['example_xcom']) retrieved from /home/airflow/.local/lib/python3.7/site-packages/airflow/example_dags/example_xcom.py
[2023-06-13T02:36:55.543+0000] {logging_mixin.py:149} INFO - [2023-06-13T02:36:55.543+0000] {dag.py:2726} INFO - Sync 1 DAGs
[2023-06-13T02:36:55.613+0000] {logging_mixin.py:149} INFO - [2023-06-13T02:36:55.613+0000] {dag.py:3490} INFO - Setting next_dagrun for example_xcom to 2021-01-01T00:00:00+00:00, run_after=2021-01-01T00:00:00+00:00
[2023-06-13T02:36:55.702+0000] {processor.py:179} INFO - Processing /home/airflow/.local/lib/python3.7/site-packages/airflow/example_dags/example_xcom.py took 0.256 seconds
[2023-06-13T02:37:26.044+0000] {processor.py:157} INFO - Started process (PID=589) to work on /home/airflow/.local/lib/python3.7/site-packages/airflow/example_dags/example_xcom.py
[2023-06-13T02:37:26.049+0000] {processor.py:826} INFO - Processing file /home/airflow/.local/lib/python3.7/site-packages/airflow/example_dags/example_xcom.py for tasks to queue
[2023-06-13T02:37:26.052+0000] {logging_mixin.py:149} INFO - [2023-06-13T02:37:26.052+0000] {dagbag.py:541} INFO - Filling up the DagBag from /home/airflow/.local/lib/python3.7/site-packages/airflow/example_dags/example_xcom.py
[2023-06-13T02:37:26.075+0000] {processor.py:836} INFO - DAG(s) dict_keys(['example_xcom']) retrieved from /home/airflow/.local/lib/python3.7/site-packages/airflow/example_dags/example_xcom.py
[2023-06-13T02:37:26.150+0000] {logging_mixin.py:149} INFO - [2023-06-13T02:37:26.150+0000] {dag.py:2726} INFO - Sync 1 DAGs
[2023-06-13T02:37:26.257+0000] {logging_mixin.py:149} INFO - [2023-06-13T02:37:26.256+0000] {dag.py:3490} INFO - Setting next_dagrun for example_xcom to 2021-01-01T00:00:00+00:00, run_after=2021-01-01T00:00:00+00:00
[2023-06-13T02:37:26.325+0000] {processor.py:179} INFO - Processing /home/airflow/.local/lib/python3.7/site-packages/airflow/example_dags/example_xcom.py took 0.298 seconds
[2023-06-13T02:37:56.733+0000] {processor.py:157} INFO - Started process (PID=650) to work on /home/airflow/.local/lib/python3.7/site-packages/airflow/example_dags/example_xcom.py
[2023-06-13T02:37:56.741+0000] {processor.py:826} INFO - Processing file /home/airflow/.local/lib/python3.7/site-packages/airflow/example_dags/example_xcom.py for tasks to queue
[2023-06-13T02:37:56.746+0000] {logging_mixin.py:149} INFO - [2023-06-13T02:37:56.744+0000] {dagbag.py:541} INFO - Filling up the DagBag from /home/airflow/.local/lib/python3.7/site-packages/airflow/example_dags/example_xcom.py
[2023-06-13T02:37:56.798+0000] {processor.py:836} INFO - DAG(s) dict_keys(['example_xcom']) retrieved from /home/airflow/.local/lib/python3.7/site-packages/airflow/example_dags/example_xcom.py
[2023-06-13T02:37:56.920+0000] {logging_mixin.py:149} INFO - [2023-06-13T02:37:56.919+0000] {dag.py:2726} INFO - Sync 1 DAGs
[2023-06-13T02:37:57.040+0000] {logging_mixin.py:149} INFO - [2023-06-13T02:37:57.039+0000] {dag.py:3490} INFO - Setting next_dagrun for example_xcom to 2021-01-01T00:00:00+00:00, run_after=2021-01-01T00:00:00+00:00
[2023-06-13T02:37:57.102+0000] {processor.py:179} INFO - Processing /home/airflow/.local/lib/python3.7/site-packages/airflow/example_dags/example_xcom.py took 0.384 seconds
[2023-06-13T02:38:29.305+0000] {processor.py:157} INFO - Started process (PID=710) to work on /home/airflow/.local/lib/python3.7/site-packages/airflow/example_dags/example_xcom.py
[2023-06-13T02:38:29.311+0000] {processor.py:826} INFO - Processing file /home/airflow/.local/lib/python3.7/site-packages/airflow/example_dags/example_xcom.py for tasks to queue
[2023-06-13T02:38:29.315+0000] {logging_mixin.py:149} INFO - [2023-06-13T02:38:29.314+0000] {dagbag.py:541} INFO - Filling up the DagBag from /home/airflow/.local/lib/python3.7/site-packages/airflow/example_dags/example_xcom.py
[2023-06-13T02:38:29.350+0000] {processor.py:836} INFO - DAG(s) dict_keys(['example_xcom']) retrieved from /home/airflow/.local/lib/python3.7/site-packages/airflow/example_dags/example_xcom.py
[2023-06-13T02:38:29.447+0000] {logging_mixin.py:149} INFO - [2023-06-13T02:38:29.447+0000] {dag.py:2726} INFO - Sync 1 DAGs
[2023-06-13T02:38:29.609+0000] {logging_mixin.py:149} INFO - [2023-06-13T02:38:29.609+0000] {dag.py:3490} INFO - Setting next_dagrun for example_xcom to 2021-01-01T00:00:00+00:00, run_after=2021-01-01T00:00:00+00:00
[2023-06-13T02:38:29.793+0000] {processor.py:179} INFO - Processing /home/airflow/.local/lib/python3.7/site-packages/airflow/example_dags/example_xcom.py took 0.503 seconds
[2023-06-13T02:38:59.932+0000] {processor.py:157} INFO - Started process (PID=770) to work on /home/airflow/.local/lib/python3.7/site-packages/airflow/example_dags/example_xcom.py
[2023-06-13T02:38:59.935+0000] {processor.py:826} INFO - Processing file /home/airflow/.local/lib/python3.7/site-packages/airflow/example_dags/example_xcom.py for tasks to queue
[2023-06-13T02:38:59.938+0000] {logging_mixin.py:149} INFO - [2023-06-13T02:38:59.937+0000] {dagbag.py:541} INFO - Filling up the DagBag from /home/airflow/.local/lib/python3.7/site-packages/airflow/example_dags/example_xcom.py
[2023-06-13T02:38:59.955+0000] {processor.py:836} INFO - DAG(s) dict_keys(['example_xcom']) retrieved from /home/airflow/.local/lib/python3.7/site-packages/airflow/example_dags/example_xcom.py
[2023-06-13T02:39:00.027+0000] {logging_mixin.py:149} INFO - [2023-06-13T02:39:00.026+0000] {dag.py:2726} INFO - Sync 1 DAGs
[2023-06-13T02:39:00.090+0000] {logging_mixin.py:149} INFO - [2023-06-13T02:39:00.089+0000] {dag.py:3490} INFO - Setting next_dagrun for example_xcom to 2021-01-01T00:00:00+00:00, run_after=2021-01-01T00:00:00+00:00
[2023-06-13T02:39:00.156+0000] {processor.py:179} INFO - Processing /home/airflow/.local/lib/python3.7/site-packages/airflow/example_dags/example_xcom.py took 0.231 seconds
[2023-06-13T02:39:30.815+0000] {processor.py:157} INFO - Started process (PID=830) to work on /home/airflow/.local/lib/python3.7/site-packages/airflow/example_dags/example_xcom.py
[2023-06-13T02:39:30.819+0000] {processor.py:826} INFO - Processing file /home/airflow/.local/lib/python3.7/site-packages/airflow/example_dags/example_xcom.py for tasks to queue
[2023-06-13T02:39:30.823+0000] {logging_mixin.py:149} INFO - [2023-06-13T02:39:30.822+0000] {dagbag.py:541} INFO - Filling up the DagBag from /home/airflow/.local/lib/python3.7/site-packages/airflow/example_dags/example_xcom.py
[2023-06-13T02:39:30.860+0000] {processor.py:836} INFO - DAG(s) dict_keys(['example_xcom']) retrieved from /home/airflow/.local/lib/python3.7/site-packages/airflow/example_dags/example_xcom.py
[2023-06-13T02:39:30.965+0000] {logging_mixin.py:149} INFO - [2023-06-13T02:39:30.964+0000] {dag.py:2726} INFO - Sync 1 DAGs
[2023-06-13T02:39:31.163+0000] {logging_mixin.py:149} INFO - [2023-06-13T02:39:31.163+0000] {dag.py:3490} INFO - Setting next_dagrun for example_xcom to 2021-01-01T00:00:00+00:00, run_after=2021-01-01T00:00:00+00:00
[2023-06-13T02:39:31.283+0000] {processor.py:179} INFO - Processing /home/airflow/.local/lib/python3.7/site-packages/airflow/example_dags/example_xcom.py took 0.477 seconds
[2023-06-13T02:40:02.213+0000] {processor.py:157} INFO - Started process (PID=890) to work on /home/airflow/.local/lib/python3.7/site-packages/airflow/example_dags/example_xcom.py
[2023-06-13T02:40:02.216+0000] {processor.py:826} INFO - Processing file /home/airflow/.local/lib/python3.7/site-packages/airflow/example_dags/example_xcom.py for tasks to queue
[2023-06-13T02:40:02.220+0000] {logging_mixin.py:149} INFO - [2023-06-13T02:40:02.219+0000] {dagbag.py:541} INFO - Filling up the DagBag from /home/airflow/.local/lib/python3.7/site-packages/airflow/example_dags/example_xcom.py
[2023-06-13T02:40:02.239+0000] {processor.py:836} INFO - DAG(s) dict_keys(['example_xcom']) retrieved from /home/airflow/.local/lib/python3.7/site-packages/airflow/example_dags/example_xcom.py
[2023-06-13T02:40:02.324+0000] {logging_mixin.py:149} INFO - [2023-06-13T02:40:02.324+0000] {dag.py:2726} INFO - Sync 1 DAGs
[2023-06-13T02:40:02.402+0000] {logging_mixin.py:149} INFO - [2023-06-13T02:40:02.401+0000] {dag.py:3490} INFO - Setting next_dagrun for example_xcom to 2021-01-01T00:00:00+00:00, run_after=2021-01-01T00:00:00+00:00
[2023-06-13T02:40:02.483+0000] {processor.py:179} INFO - Processing /home/airflow/.local/lib/python3.7/site-packages/airflow/example_dags/example_xcom.py took 0.279 seconds
[2023-06-13T02:40:34.204+0000] {processor.py:157} INFO - Started process (PID=950) to work on /home/airflow/.local/lib/python3.7/site-packages/airflow/example_dags/example_xcom.py
[2023-06-13T02:40:34.208+0000] {processor.py:826} INFO - Processing file /home/airflow/.local/lib/python3.7/site-packages/airflow/example_dags/example_xcom.py for tasks to queue
[2023-06-13T02:40:34.214+0000] {logging_mixin.py:149} INFO - [2023-06-13T02:40:34.213+0000] {dagbag.py:541} INFO - Filling up the DagBag from /home/airflow/.local/lib/python3.7/site-packages/airflow/example_dags/example_xcom.py
[2023-06-13T02:40:34.251+0000] {processor.py:836} INFO - DAG(s) dict_keys(['example_xcom']) retrieved from /home/airflow/.local/lib/python3.7/site-packages/airflow/example_dags/example_xcom.py
[2023-06-13T02:40:34.359+0000] {logging_mixin.py:149} INFO - [2023-06-13T02:40:34.358+0000] {dag.py:2726} INFO - Sync 1 DAGs
[2023-06-13T02:40:34.480+0000] {logging_mixin.py:149} INFO - [2023-06-13T02:40:34.479+0000] {dag.py:3490} INFO - Setting next_dagrun for example_xcom to 2021-01-01T00:00:00+00:00, run_after=2021-01-01T00:00:00+00:00
[2023-06-13T02:40:34.572+0000] {processor.py:179} INFO - Processing /home/airflow/.local/lib/python3.7/site-packages/airflow/example_dags/example_xcom.py took 0.381 seconds
[2023-06-13T02:41:05.373+0000] {processor.py:157} INFO - Started process (PID=1011) to work on /home/airflow/.local/lib/python3.7/site-packages/airflow/example_dags/example_xcom.py
[2023-06-13T02:41:05.378+0000] {processor.py:826} INFO - Processing file /home/airflow/.local/lib/python3.7/site-packages/airflow/example_dags/example_xcom.py for tasks to queue
[2023-06-13T02:41:05.383+0000] {logging_mixin.py:149} INFO - [2023-06-13T02:41:05.382+0000] {dagbag.py:541} INFO - Filling up the DagBag from /home/airflow/.local/lib/python3.7/site-packages/airflow/example_dags/example_xcom.py
[2023-06-13T02:41:05.419+0000] {processor.py:836} INFO - DAG(s) dict_keys(['example_xcom']) retrieved from /home/airflow/.local/lib/python3.7/site-packages/airflow/example_dags/example_xcom.py
[2023-06-13T02:41:05.517+0000] {logging_mixin.py:149} INFO - [2023-06-13T02:41:05.516+0000] {dag.py:2726} INFO - Sync 1 DAGs
[2023-06-13T02:41:05.646+0000] {logging_mixin.py:149} INFO - [2023-06-13T02:41:05.645+0000] {dag.py:3490} INFO - Setting next_dagrun for example_xcom to 2021-01-01T00:00:00+00:00, run_after=2021-01-01T00:00:00+00:00
[2023-06-13T02:41:05.751+0000] {processor.py:179} INFO - Processing /home/airflow/.local/lib/python3.7/site-packages/airflow/example_dags/example_xcom.py took 0.398 seconds
[2023-06-13T02:41:35.881+0000] {processor.py:157} INFO - Started process (PID=1072) to work on /home/airflow/.local/lib/python3.7/site-packages/airflow/example_dags/example_xcom.py
[2023-06-13T02:41:35.884+0000] {processor.py:826} INFO - Processing file /home/airflow/.local/lib/python3.7/site-packages/airflow/example_dags/example_xcom.py for tasks to queue
[2023-06-13T02:41:35.887+0000] {logging_mixin.py:149} INFO - [2023-06-13T02:41:35.887+0000] {dagbag.py:541} INFO - Filling up the DagBag from /home/airflow/.local/lib/python3.7/site-packages/airflow/example_dags/example_xcom.py
[2023-06-13T02:41:35.904+0000] {processor.py:836} INFO - DAG(s) dict_keys(['example_xcom']) retrieved from /home/airflow/.local/lib/python3.7/site-packages/airflow/example_dags/example_xcom.py
[2023-06-13T02:41:35.973+0000] {logging_mixin.py:149} INFO - [2023-06-13T02:41:35.972+0000] {dag.py:2726} INFO - Sync 1 DAGs
[2023-06-13T02:41:36.059+0000] {logging_mixin.py:149} INFO - [2023-06-13T02:41:36.058+0000] {dag.py:3490} INFO - Setting next_dagrun for example_xcom to 2021-01-01T00:00:00+00:00, run_after=2021-01-01T00:00:00+00:00
[2023-06-13T02:41:36.123+0000] {processor.py:179} INFO - Processing /home/airflow/.local/lib/python3.7/site-packages/airflow/example_dags/example_xcom.py took 0.248 seconds
[2023-06-13T02:42:06.700+0000] {processor.py:157} INFO - Started process (PID=1132) to work on /home/airflow/.local/lib/python3.7/site-packages/airflow/example_dags/example_xcom.py
[2023-06-13T02:42:06.703+0000] {processor.py:826} INFO - Processing file /home/airflow/.local/lib/python3.7/site-packages/airflow/example_dags/example_xcom.py for tasks to queue
[2023-06-13T02:42:06.706+0000] {logging_mixin.py:149} INFO - [2023-06-13T02:42:06.706+0000] {dagbag.py:541} INFO - Filling up the DagBag from /home/airflow/.local/lib/python3.7/site-packages/airflow/example_dags/example_xcom.py
[2023-06-13T02:42:06.722+0000] {processor.py:836} INFO - DAG(s) dict_keys(['example_xcom']) retrieved from /home/airflow/.local/lib/python3.7/site-packages/airflow/example_dags/example_xcom.py
[2023-06-13T02:42:06.785+0000] {logging_mixin.py:149} INFO - [2023-06-13T02:42:06.784+0000] {dag.py:2726} INFO - Sync 1 DAGs
[2023-06-13T02:42:06.871+0000] {logging_mixin.py:149} INFO - [2023-06-13T02:42:06.871+0000] {dag.py:3490} INFO - Setting next_dagrun for example_xcom to 2021-01-01T00:00:00+00:00, run_after=2021-01-01T00:00:00+00:00
[2023-06-13T02:42:06.931+0000] {processor.py:179} INFO - Processing /home/airflow/.local/lib/python3.7/site-packages/airflow/example_dags/example_xcom.py took 0.237 seconds
[2023-06-13T02:42:38.038+0000] {processor.py:157} INFO - Started process (PID=1192) to work on /home/airflow/.local/lib/python3.7/site-packages/airflow/example_dags/example_xcom.py
[2023-06-13T02:42:38.042+0000] {processor.py:826} INFO - Processing file /home/airflow/.local/lib/python3.7/site-packages/airflow/example_dags/example_xcom.py for tasks to queue
[2023-06-13T02:42:38.044+0000] {logging_mixin.py:149} INFO - [2023-06-13T02:42:38.044+0000] {dagbag.py:541} INFO - Filling up the DagBag from /home/airflow/.local/lib/python3.7/site-packages/airflow/example_dags/example_xcom.py
[2023-06-13T02:42:38.072+0000] {processor.py:836} INFO - DAG(s) dict_keys(['example_xcom']) retrieved from /home/airflow/.local/lib/python3.7/site-packages/airflow/example_dags/example_xcom.py
[2023-06-13T02:42:38.188+0000] {logging_mixin.py:149} INFO - [2023-06-13T02:42:38.187+0000] {dag.py:2726} INFO - Sync 1 DAGs
[2023-06-13T02:42:38.308+0000] {logging_mixin.py:149} INFO - [2023-06-13T02:42:38.306+0000] {dag.py:3490} INFO - Setting next_dagrun for example_xcom to 2021-01-01T00:00:00+00:00, run_after=2021-01-01T00:00:00+00:00
[2023-06-13T02:42:38.403+0000] {processor.py:179} INFO - Processing /home/airflow/.local/lib/python3.7/site-packages/airflow/example_dags/example_xcom.py took 0.373 seconds
[2023-06-13T02:43:08.698+0000] {processor.py:157} INFO - Started process (PID=1252) to work on /home/airflow/.local/lib/python3.7/site-packages/airflow/example_dags/example_xcom.py
[2023-06-13T02:43:08.712+0000] {processor.py:826} INFO - Processing file /home/airflow/.local/lib/python3.7/site-packages/airflow/example_dags/example_xcom.py for tasks to queue
[2023-06-13T02:43:08.730+0000] {logging_mixin.py:149} INFO - [2023-06-13T02:43:08.729+0000] {dagbag.py:541} INFO - Filling up the DagBag from /home/airflow/.local/lib/python3.7/site-packages/airflow/example_dags/example_xcom.py
[2023-06-13T02:43:08.780+0000] {processor.py:836} INFO - DAG(s) dict_keys(['example_xcom']) retrieved from /home/airflow/.local/lib/python3.7/site-packages/airflow/example_dags/example_xcom.py
[2023-06-13T02:43:08.866+0000] {logging_mixin.py:149} INFO - [2023-06-13T02:43:08.866+0000] {dag.py:2726} INFO - Sync 1 DAGs
[2023-06-13T02:43:08.987+0000] {logging_mixin.py:149} INFO - [2023-06-13T02:43:08.986+0000] {dag.py:3490} INFO - Setting next_dagrun for example_xcom to 2021-01-01T00:00:00+00:00, run_after=2021-01-01T00:00:00+00:00
[2023-06-13T02:43:09.101+0000] {processor.py:179} INFO - Processing /home/airflow/.local/lib/python3.7/site-packages/airflow/example_dags/example_xcom.py took 0.439 seconds
[2023-06-13T02:43:39.813+0000] {processor.py:157} INFO - Started process (PID=1312) to work on /home/airflow/.local/lib/python3.7/site-packages/airflow/example_dags/example_xcom.py
[2023-06-13T02:43:39.819+0000] {processor.py:826} INFO - Processing file /home/airflow/.local/lib/python3.7/site-packages/airflow/example_dags/example_xcom.py for tasks to queue
[2023-06-13T02:43:39.825+0000] {logging_mixin.py:149} INFO - [2023-06-13T02:43:39.824+0000] {dagbag.py:541} INFO - Filling up the DagBag from /home/airflow/.local/lib/python3.7/site-packages/airflow/example_dags/example_xcom.py
[2023-06-13T02:43:39.859+0000] {processor.py:836} INFO - DAG(s) dict_keys(['example_xcom']) retrieved from /home/airflow/.local/lib/python3.7/site-packages/airflow/example_dags/example_xcom.py
[2023-06-13T02:43:39.998+0000] {logging_mixin.py:149} INFO - [2023-06-13T02:43:39.997+0000] {dag.py:2726} INFO - Sync 1 DAGs
[2023-06-13T02:43:40.137+0000] {logging_mixin.py:149} INFO - [2023-06-13T02:43:40.137+0000] {dag.py:3490} INFO - Setting next_dagrun for example_xcom to 2021-01-01T00:00:00+00:00, run_after=2021-01-01T00:00:00+00:00
[2023-06-13T02:43:40.230+0000] {processor.py:179} INFO - Processing /home/airflow/.local/lib/python3.7/site-packages/airflow/example_dags/example_xcom.py took 0.430 seconds
[2023-06-13T02:44:10.650+0000] {processor.py:157} INFO - Started process (PID=1371) to work on /home/airflow/.local/lib/python3.7/site-packages/airflow/example_dags/example_xcom.py
[2023-06-13T02:44:10.653+0000] {processor.py:826} INFO - Processing file /home/airflow/.local/lib/python3.7/site-packages/airflow/example_dags/example_xcom.py for tasks to queue
[2023-06-13T02:44:10.656+0000] {logging_mixin.py:149} INFO - [2023-06-13T02:44:10.656+0000] {dagbag.py:541} INFO - Filling up the DagBag from /home/airflow/.local/lib/python3.7/site-packages/airflow/example_dags/example_xcom.py
[2023-06-13T02:44:10.675+0000] {processor.py:836} INFO - DAG(s) dict_keys(['example_xcom']) retrieved from /home/airflow/.local/lib/python3.7/site-packages/airflow/example_dags/example_xcom.py
[2023-06-13T02:44:10.759+0000] {logging_mixin.py:149} INFO - [2023-06-13T02:44:10.758+0000] {dag.py:2726} INFO - Sync 1 DAGs
[2023-06-13T02:44:10.863+0000] {logging_mixin.py:149} INFO - [2023-06-13T02:44:10.862+0000] {dag.py:3490} INFO - Setting next_dagrun for example_xcom to 2021-01-01T00:00:00+00:00, run_after=2021-01-01T00:00:00+00:00
[2023-06-13T02:44:10.959+0000] {processor.py:179} INFO - Processing /home/airflow/.local/lib/python3.7/site-packages/airflow/example_dags/example_xcom.py took 0.316 seconds
[2023-06-13T02:44:42.615+0000] {processor.py:157} INFO - Started process (PID=1432) to work on /home/airflow/.local/lib/python3.7/site-packages/airflow/example_dags/example_xcom.py
[2023-06-13T02:44:42.620+0000] {processor.py:826} INFO - Processing file /home/airflow/.local/lib/python3.7/site-packages/airflow/example_dags/example_xcom.py for tasks to queue
[2023-06-13T02:44:42.626+0000] {logging_mixin.py:149} INFO - [2023-06-13T02:44:42.625+0000] {dagbag.py:541} INFO - Filling up the DagBag from /home/airflow/.local/lib/python3.7/site-packages/airflow/example_dags/example_xcom.py
[2023-06-13T02:44:42.730+0000] {processor.py:836} INFO - DAG(s) dict_keys(['example_xcom']) retrieved from /home/airflow/.local/lib/python3.7/site-packages/airflow/example_dags/example_xcom.py
[2023-06-13T02:44:42.898+0000] {logging_mixin.py:149} INFO - [2023-06-13T02:44:42.897+0000] {dag.py:2726} INFO - Sync 1 DAGs
