[2023-06-13T01:49:59.314+0000] {processor.py:157} INFO - Started process (PID=47) to work on /home/airflow/.local/lib/python3.7/site-packages/airflow/example_dags/example_sensor_decorator.py
[2023-06-13T01:49:59.315+0000] {processor.py:826} INFO - Processing file /home/airflow/.local/lib/python3.7/site-packages/airflow/example_dags/example_sensor_decorator.py for tasks to queue
[2023-06-13T01:49:59.317+0000] {logging_mixin.py:149} INFO - [2023-06-13T01:49:59.317+0000] {dagbag.py:541} INFO - Filling up the DagBag from /home/airflow/.local/lib/python3.7/site-packages/airflow/example_dags/example_sensor_decorator.py
[2023-06-13T01:49:59.329+0000] {processor.py:836} INFO - DAG(s) dict_keys(['example_sensor_decorator']) retrieved from /home/airflow/.local/lib/python3.7/site-packages/airflow/example_dags/example_sensor_decorator.py
[2023-06-13T01:49:59.350+0000] {logging_mixin.py:149} INFO - [2023-06-13T01:49:59.350+0000] {dag.py:2726} INFO - Sync 1 DAGs
[2023-06-13T01:49:59.403+0000] {logging_mixin.py:149} INFO - [2023-06-13T01:49:59.403+0000] {dag.py:3490} INFO - Setting next_dagrun for example_sensor_decorator to None, run_after=None
[2023-06-13T01:49:59.444+0000] {processor.py:179} INFO - Processing /home/airflow/.local/lib/python3.7/site-packages/airflow/example_dags/example_sensor_decorator.py took 0.134 seconds
[2023-06-13T01:50:30.103+0000] {processor.py:157} INFO - Started process (PID=107) to work on /home/airflow/.local/lib/python3.7/site-packages/airflow/example_dags/example_sensor_decorator.py
[2023-06-13T01:50:30.105+0000] {processor.py:826} INFO - Processing file /home/airflow/.local/lib/python3.7/site-packages/airflow/example_dags/example_sensor_decorator.py for tasks to queue
[2023-06-13T01:50:30.107+0000] {logging_mixin.py:149} INFO - [2023-06-13T01:50:30.106+0000] {dagbag.py:541} INFO - Filling up the DagBag from /home/airflow/.local/lib/python3.7/site-packages/airflow/example_dags/example_sensor_decorator.py
[2023-06-13T01:50:30.119+0000] {processor.py:836} INFO - DAG(s) dict_keys(['example_sensor_decorator']) retrieved from /home/airflow/.local/lib/python3.7/site-packages/airflow/example_dags/example_sensor_decorator.py
[2023-06-13T01:50:30.158+0000] {logging_mixin.py:149} INFO - [2023-06-13T01:50:30.158+0000] {dag.py:2726} INFO - Sync 1 DAGs
[2023-06-13T01:50:30.200+0000] {logging_mixin.py:149} INFO - [2023-06-13T01:50:30.200+0000] {dag.py:3490} INFO - Setting next_dagrun for example_sensor_decorator to None, run_after=None
[2023-06-13T01:50:30.234+0000] {processor.py:179} INFO - Processing /home/airflow/.local/lib/python3.7/site-packages/airflow/example_dags/example_sensor_decorator.py took 0.137 seconds
[2023-06-13T01:51:01.382+0000] {processor.py:157} INFO - Started process (PID=167) to work on /home/airflow/.local/lib/python3.7/site-packages/airflow/example_dags/example_sensor_decorator.py
[2023-06-13T01:51:01.383+0000] {processor.py:826} INFO - Processing file /home/airflow/.local/lib/python3.7/site-packages/airflow/example_dags/example_sensor_decorator.py for tasks to queue
[2023-06-13T01:51:01.384+0000] {logging_mixin.py:149} INFO - [2023-06-13T01:51:01.384+0000] {dagbag.py:541} INFO - Filling up the DagBag from /home/airflow/.local/lib/python3.7/site-packages/airflow/example_dags/example_sensor_decorator.py
[2023-06-13T01:51:01.391+0000] {processor.py:836} INFO - DAG(s) dict_keys(['example_sensor_decorator']) retrieved from /home/airflow/.local/lib/python3.7/site-packages/airflow/example_dags/example_sensor_decorator.py
[2023-06-13T01:51:01.429+0000] {logging_mixin.py:149} INFO - [2023-06-13T01:51:01.429+0000] {dag.py:2726} INFO - Sync 1 DAGs
[2023-06-13T01:51:01.487+0000] {logging_mixin.py:149} INFO - [2023-06-13T01:51:01.486+0000] {dag.py:3490} INFO - Setting next_dagrun for example_sensor_decorator to None, run_after=None
[2023-06-13T01:51:01.526+0000] {processor.py:179} INFO - Processing /home/airflow/.local/lib/python3.7/site-packages/airflow/example_dags/example_sensor_decorator.py took 0.148 seconds
[2023-06-13T01:51:31.931+0000] {processor.py:157} INFO - Started process (PID=227) to work on /home/airflow/.local/lib/python3.7/site-packages/airflow/example_dags/example_sensor_decorator.py
[2023-06-13T01:51:31.933+0000] {processor.py:826} INFO - Processing file /home/airflow/.local/lib/python3.7/site-packages/airflow/example_dags/example_sensor_decorator.py for tasks to queue
[2023-06-13T01:51:31.935+0000] {logging_mixin.py:149} INFO - [2023-06-13T01:51:31.934+0000] {dagbag.py:541} INFO - Filling up the DagBag from /home/airflow/.local/lib/python3.7/site-packages/airflow/example_dags/example_sensor_decorator.py
[2023-06-13T01:51:31.943+0000] {processor.py:836} INFO - DAG(s) dict_keys(['example_sensor_decorator']) retrieved from /home/airflow/.local/lib/python3.7/site-packages/airflow/example_dags/example_sensor_decorator.py
[2023-06-13T01:51:31.979+0000] {logging_mixin.py:149} INFO - [2023-06-13T01:51:31.979+0000] {dag.py:2726} INFO - Sync 1 DAGs
[2023-06-13T01:51:32.026+0000] {logging_mixin.py:149} INFO - [2023-06-13T01:51:32.026+0000] {dag.py:3490} INFO - Setting next_dagrun for example_sensor_decorator to None, run_after=None
[2023-06-13T01:51:32.070+0000] {processor.py:179} INFO - Processing /home/airflow/.local/lib/python3.7/site-packages/airflow/example_dags/example_sensor_decorator.py took 0.143 seconds
[2023-06-13T01:53:51.304+0000] {processor.py:157} INFO - Started process (PID=53) to work on /home/airflow/.local/lib/python3.7/site-packages/airflow/example_dags/example_sensor_decorator.py
[2023-06-13T01:53:51.307+0000] {processor.py:826} INFO - Processing file /home/airflow/.local/lib/python3.7/site-packages/airflow/example_dags/example_sensor_decorator.py for tasks to queue
[2023-06-13T01:53:51.312+0000] {logging_mixin.py:149} INFO - [2023-06-13T01:53:51.312+0000] {dagbag.py:541} INFO - Filling up the DagBag from /home/airflow/.local/lib/python3.7/site-packages/airflow/example_dags/example_sensor_decorator.py
[2023-06-13T01:53:51.342+0000] {processor.py:836} INFO - DAG(s) dict_keys(['example_sensor_decorator']) retrieved from /home/airflow/.local/lib/python3.7/site-packages/airflow/example_dags/example_sensor_decorator.py
[2023-06-13T01:53:51.600+0000] {logging_mixin.py:149} INFO - [2023-06-13T01:53:51.600+0000] {dag.py:2726} INFO - Sync 1 DAGs
[2023-06-13T01:53:51.768+0000] {logging_mixin.py:149} INFO - [2023-06-13T01:53:51.768+0000] {dag.py:3490} INFO - Setting next_dagrun for example_sensor_decorator to None, run_after=None
[2023-06-13T01:53:51.899+0000] {processor.py:179} INFO - Processing /home/airflow/.local/lib/python3.7/site-packages/airflow/example_dags/example_sensor_decorator.py took 0.604 seconds
[2023-06-13T01:54:22.137+0000] {processor.py:157} INFO - Started process (PID=115) to work on /home/airflow/.local/lib/python3.7/site-packages/airflow/example_dags/example_sensor_decorator.py
[2023-06-13T01:54:22.139+0000] {processor.py:826} INFO - Processing file /home/airflow/.local/lib/python3.7/site-packages/airflow/example_dags/example_sensor_decorator.py for tasks to queue
[2023-06-13T01:54:22.141+0000] {logging_mixin.py:149} INFO - [2023-06-13T01:54:22.141+0000] {dagbag.py:541} INFO - Filling up the DagBag from /home/airflow/.local/lib/python3.7/site-packages/airflow/example_dags/example_sensor_decorator.py
[2023-06-13T01:54:22.151+0000] {processor.py:836} INFO - DAG(s) dict_keys(['example_sensor_decorator']) retrieved from /home/airflow/.local/lib/python3.7/site-packages/airflow/example_dags/example_sensor_decorator.py
[2023-06-13T01:54:22.205+0000] {logging_mixin.py:149} INFO - [2023-06-13T01:54:22.204+0000] {dag.py:2726} INFO - Sync 1 DAGs
[2023-06-13T01:54:22.268+0000] {logging_mixin.py:149} INFO - [2023-06-13T01:54:22.267+0000] {dag.py:3490} INFO - Setting next_dagrun for example_sensor_decorator to None, run_after=None
[2023-06-13T01:54:22.321+0000] {processor.py:179} INFO - Processing /home/airflow/.local/lib/python3.7/site-packages/airflow/example_dags/example_sensor_decorator.py took 0.189 seconds
[2023-06-13T01:54:52.582+0000] {processor.py:157} INFO - Started process (PID=175) to work on /home/airflow/.local/lib/python3.7/site-packages/airflow/example_dags/example_sensor_decorator.py
[2023-06-13T01:54:52.584+0000] {processor.py:826} INFO - Processing file /home/airflow/.local/lib/python3.7/site-packages/airflow/example_dags/example_sensor_decorator.py for tasks to queue
[2023-06-13T01:54:52.585+0000] {logging_mixin.py:149} INFO - [2023-06-13T01:54:52.585+0000] {dagbag.py:541} INFO - Filling up the DagBag from /home/airflow/.local/lib/python3.7/site-packages/airflow/example_dags/example_sensor_decorator.py
[2023-06-13T01:54:52.590+0000] {processor.py:836} INFO - DAG(s) dict_keys(['example_sensor_decorator']) retrieved from /home/airflow/.local/lib/python3.7/site-packages/airflow/example_dags/example_sensor_decorator.py
[2023-06-13T01:54:52.621+0000] {logging_mixin.py:149} INFO - [2023-06-13T01:54:52.620+0000] {dag.py:2726} INFO - Sync 1 DAGs
[2023-06-13T01:54:52.662+0000] {logging_mixin.py:149} INFO - [2023-06-13T01:54:52.662+0000] {dag.py:3490} INFO - Setting next_dagrun for example_sensor_decorator to None, run_after=None
[2023-06-13T01:54:52.696+0000] {processor.py:179} INFO - Processing /home/airflow/.local/lib/python3.7/site-packages/airflow/example_dags/example_sensor_decorator.py took 0.117 seconds
[2023-06-13T01:55:22.873+0000] {processor.py:157} INFO - Started process (PID=236) to work on /home/airflow/.local/lib/python3.7/site-packages/airflow/example_dags/example_sensor_decorator.py
[2023-06-13T01:55:22.875+0000] {processor.py:826} INFO - Processing file /home/airflow/.local/lib/python3.7/site-packages/airflow/example_dags/example_sensor_decorator.py for tasks to queue
[2023-06-13T01:55:22.877+0000] {logging_mixin.py:149} INFO - [2023-06-13T01:55:22.877+0000] {dagbag.py:541} INFO - Filling up the DagBag from /home/airflow/.local/lib/python3.7/site-packages/airflow/example_dags/example_sensor_decorator.py
[2023-06-13T01:55:22.885+0000] {processor.py:836} INFO - DAG(s) dict_keys(['example_sensor_decorator']) retrieved from /home/airflow/.local/lib/python3.7/site-packages/airflow/example_dags/example_sensor_decorator.py
[2023-06-13T01:55:22.932+0000] {logging_mixin.py:149} INFO - [2023-06-13T01:55:22.932+0000] {dag.py:2726} INFO - Sync 1 DAGs
[2023-06-13T01:55:22.981+0000] {logging_mixin.py:149} INFO - [2023-06-13T01:55:22.980+0000] {dag.py:3490} INFO - Setting next_dagrun for example_sensor_decorator to None, run_after=None
[2023-06-13T01:55:23.015+0000] {processor.py:179} INFO - Processing /home/airflow/.local/lib/python3.7/site-packages/airflow/example_dags/example_sensor_decorator.py took 0.146 seconds
[2023-06-13T01:55:53.444+0000] {processor.py:157} INFO - Started process (PID=296) to work on /home/airflow/.local/lib/python3.7/site-packages/airflow/example_dags/example_sensor_decorator.py
[2023-06-13T01:55:53.446+0000] {processor.py:826} INFO - Processing file /home/airflow/.local/lib/python3.7/site-packages/airflow/example_dags/example_sensor_decorator.py for tasks to queue
[2023-06-13T01:55:53.448+0000] {logging_mixin.py:149} INFO - [2023-06-13T01:55:53.448+0000] {dagbag.py:541} INFO - Filling up the DagBag from /home/airflow/.local/lib/python3.7/site-packages/airflow/example_dags/example_sensor_decorator.py
[2023-06-13T01:55:53.455+0000] {processor.py:836} INFO - DAG(s) dict_keys(['example_sensor_decorator']) retrieved from /home/airflow/.local/lib/python3.7/site-packages/airflow/example_dags/example_sensor_decorator.py
[2023-06-13T01:55:53.495+0000] {logging_mixin.py:149} INFO - [2023-06-13T01:55:53.495+0000] {dag.py:2726} INFO - Sync 1 DAGs
[2023-06-13T01:55:53.540+0000] {logging_mixin.py:149} INFO - [2023-06-13T01:55:53.540+0000] {dag.py:3490} INFO - Setting next_dagrun for example_sensor_decorator to None, run_after=None
[2023-06-13T01:55:53.583+0000] {processor.py:179} INFO - Processing /home/airflow/.local/lib/python3.7/site-packages/airflow/example_dags/example_sensor_decorator.py took 0.144 seconds
[2023-06-13T01:56:23.773+0000] {processor.py:157} INFO - Started process (PID=356) to work on /home/airflow/.local/lib/python3.7/site-packages/airflow/example_dags/example_sensor_decorator.py
[2023-06-13T01:56:23.775+0000] {processor.py:826} INFO - Processing file /home/airflow/.local/lib/python3.7/site-packages/airflow/example_dags/example_sensor_decorator.py for tasks to queue
[2023-06-13T01:56:23.776+0000] {logging_mixin.py:149} INFO - [2023-06-13T01:56:23.776+0000] {dagbag.py:541} INFO - Filling up the DagBag from /home/airflow/.local/lib/python3.7/site-packages/airflow/example_dags/example_sensor_decorator.py
[2023-06-13T01:56:23.783+0000] {processor.py:836} INFO - DAG(s) dict_keys(['example_sensor_decorator']) retrieved from /home/airflow/.local/lib/python3.7/site-packages/airflow/example_dags/example_sensor_decorator.py
[2023-06-13T01:56:23.819+0000] {logging_mixin.py:149} INFO - [2023-06-13T01:56:23.819+0000] {dag.py:2726} INFO - Sync 1 DAGs
[2023-06-13T01:56:23.857+0000] {logging_mixin.py:149} INFO - [2023-06-13T01:56:23.857+0000] {dag.py:3490} INFO - Setting next_dagrun for example_sensor_decorator to None, run_after=None
[2023-06-13T01:56:23.891+0000] {processor.py:179} INFO - Processing /home/airflow/.local/lib/python3.7/site-packages/airflow/example_dags/example_sensor_decorator.py took 0.121 seconds
[2023-06-13T01:56:54.077+0000] {processor.py:157} INFO - Started process (PID=417) to work on /home/airflow/.local/lib/python3.7/site-packages/airflow/example_dags/example_sensor_decorator.py
[2023-06-13T01:56:54.079+0000] {processor.py:826} INFO - Processing file /home/airflow/.local/lib/python3.7/site-packages/airflow/example_dags/example_sensor_decorator.py for tasks to queue
[2023-06-13T01:56:54.081+0000] {logging_mixin.py:149} INFO - [2023-06-13T01:56:54.080+0000] {dagbag.py:541} INFO - Filling up the DagBag from /home/airflow/.local/lib/python3.7/site-packages/airflow/example_dags/example_sensor_decorator.py
[2023-06-13T01:56:54.090+0000] {processor.py:836} INFO - DAG(s) dict_keys(['example_sensor_decorator']) retrieved from /home/airflow/.local/lib/python3.7/site-packages/airflow/example_dags/example_sensor_decorator.py
[2023-06-13T01:56:54.139+0000] {logging_mixin.py:149} INFO - [2023-06-13T01:56:54.139+0000] {dag.py:2726} INFO - Sync 1 DAGs
[2023-06-13T01:56:54.190+0000] {logging_mixin.py:149} INFO - [2023-06-13T01:56:54.190+0000] {dag.py:3490} INFO - Setting next_dagrun for example_sensor_decorator to None, run_after=None
[2023-06-13T01:56:54.228+0000] {processor.py:179} INFO - Processing /home/airflow/.local/lib/python3.7/site-packages/airflow/example_dags/example_sensor_decorator.py took 0.157 seconds
[2023-06-13T01:57:25.280+0000] {processor.py:157} INFO - Started process (PID=477) to work on /home/airflow/.local/lib/python3.7/site-packages/airflow/example_dags/example_sensor_decorator.py
[2023-06-13T01:57:25.282+0000] {processor.py:826} INFO - Processing file /home/airflow/.local/lib/python3.7/site-packages/airflow/example_dags/example_sensor_decorator.py for tasks to queue
[2023-06-13T01:57:25.283+0000] {logging_mixin.py:149} INFO - [2023-06-13T01:57:25.283+0000] {dagbag.py:541} INFO - Filling up the DagBag from /home/airflow/.local/lib/python3.7/site-packages/airflow/example_dags/example_sensor_decorator.py
[2023-06-13T01:57:25.290+0000] {processor.py:836} INFO - DAG(s) dict_keys(['example_sensor_decorator']) retrieved from /home/airflow/.local/lib/python3.7/site-packages/airflow/example_dags/example_sensor_decorator.py
[2023-06-13T01:57:25.324+0000] {logging_mixin.py:149} INFO - [2023-06-13T01:57:25.324+0000] {dag.py:2726} INFO - Sync 1 DAGs
[2023-06-13T01:57:25.365+0000] {logging_mixin.py:149} INFO - [2023-06-13T01:57:25.364+0000] {dag.py:3490} INFO - Setting next_dagrun for example_sensor_decorator to None, run_after=None
[2023-06-13T01:57:25.400+0000] {processor.py:179} INFO - Processing /home/airflow/.local/lib/python3.7/site-packages/airflow/example_dags/example_sensor_decorator.py took 0.123 seconds
[2023-06-13T01:57:55.815+0000] {processor.py:157} INFO - Started process (PID=537) to work on /home/airflow/.local/lib/python3.7/site-packages/airflow/example_dags/example_sensor_decorator.py
[2023-06-13T01:57:55.816+0000] {processor.py:826} INFO - Processing file /home/airflow/.local/lib/python3.7/site-packages/airflow/example_dags/example_sensor_decorator.py for tasks to queue
[2023-06-13T01:57:55.818+0000] {logging_mixin.py:149} INFO - [2023-06-13T01:57:55.818+0000] {dagbag.py:541} INFO - Filling up the DagBag from /home/airflow/.local/lib/python3.7/site-packages/airflow/example_dags/example_sensor_decorator.py
[2023-06-13T01:57:55.826+0000] {processor.py:836} INFO - DAG(s) dict_keys(['example_sensor_decorator']) retrieved from /home/airflow/.local/lib/python3.7/site-packages/airflow/example_dags/example_sensor_decorator.py
[2023-06-13T01:57:55.864+0000] {logging_mixin.py:149} INFO - [2023-06-13T01:57:55.864+0000] {dag.py:2726} INFO - Sync 1 DAGs
[2023-06-13T01:57:55.911+0000] {logging_mixin.py:149} INFO - [2023-06-13T01:57:55.910+0000] {dag.py:3490} INFO - Setting next_dagrun for example_sensor_decorator to None, run_after=None
[2023-06-13T01:57:55.962+0000] {processor.py:179} INFO - Processing /home/airflow/.local/lib/python3.7/site-packages/airflow/example_dags/example_sensor_decorator.py took 0.152 seconds
[2023-06-13T01:58:26.891+0000] {processor.py:157} INFO - Started process (PID=597) to work on /home/airflow/.local/lib/python3.7/site-packages/airflow/example_dags/example_sensor_decorator.py
[2023-06-13T01:58:26.892+0000] {processor.py:826} INFO - Processing file /home/airflow/.local/lib/python3.7/site-packages/airflow/example_dags/example_sensor_decorator.py for tasks to queue
[2023-06-13T01:58:26.894+0000] {logging_mixin.py:149} INFO - [2023-06-13T01:58:26.894+0000] {dagbag.py:541} INFO - Filling up the DagBag from /home/airflow/.local/lib/python3.7/site-packages/airflow/example_dags/example_sensor_decorator.py
[2023-06-13T01:58:26.901+0000] {processor.py:836} INFO - DAG(s) dict_keys(['example_sensor_decorator']) retrieved from /home/airflow/.local/lib/python3.7/site-packages/airflow/example_dags/example_sensor_decorator.py
[2023-06-13T01:58:26.938+0000] {logging_mixin.py:149} INFO - [2023-06-13T01:58:26.938+0000] {dag.py:2726} INFO - Sync 1 DAGs
[2023-06-13T01:58:26.979+0000] {logging_mixin.py:149} INFO - [2023-06-13T01:58:26.979+0000] {dag.py:3490} INFO - Setting next_dagrun for example_sensor_decorator to None, run_after=None
[2023-06-13T01:58:27.021+0000] {processor.py:179} INFO - Processing /home/airflow/.local/lib/python3.7/site-packages/airflow/example_dags/example_sensor_decorator.py took 0.139 seconds
[2023-06-13T01:58:57.284+0000] {processor.py:157} INFO - Started process (PID=657) to work on /home/airflow/.local/lib/python3.7/site-packages/airflow/example_dags/example_sensor_decorator.py
[2023-06-13T01:58:57.287+0000] {processor.py:826} INFO - Processing file /home/airflow/.local/lib/python3.7/site-packages/airflow/example_dags/example_sensor_decorator.py for tasks to queue
[2023-06-13T01:58:57.288+0000] {logging_mixin.py:149} INFO - [2023-06-13T01:58:57.288+0000] {dagbag.py:541} INFO - Filling up the DagBag from /home/airflow/.local/lib/python3.7/site-packages/airflow/example_dags/example_sensor_decorator.py
[2023-06-13T01:58:57.296+0000] {processor.py:836} INFO - DAG(s) dict_keys(['example_sensor_decorator']) retrieved from /home/airflow/.local/lib/python3.7/site-packages/airflow/example_dags/example_sensor_decorator.py
[2023-06-13T01:58:57.332+0000] {logging_mixin.py:149} INFO - [2023-06-13T01:58:57.332+0000] {dag.py:2726} INFO - Sync 1 DAGs
[2023-06-13T01:58:57.372+0000] {logging_mixin.py:149} INFO - [2023-06-13T01:58:57.372+0000] {dag.py:3490} INFO - Setting next_dagrun for example_sensor_decorator to None, run_after=None
[2023-06-13T01:58:57.411+0000] {processor.py:179} INFO - Processing /home/airflow/.local/lib/python3.7/site-packages/airflow/example_dags/example_sensor_decorator.py took 0.131 seconds
[2023-06-13T01:59:27.556+0000] {processor.py:157} INFO - Started process (PID=716) to work on /home/airflow/.local/lib/python3.7/site-packages/airflow/example_dags/example_sensor_decorator.py
[2023-06-13T01:59:27.557+0000] {processor.py:826} INFO - Processing file /home/airflow/.local/lib/python3.7/site-packages/airflow/example_dags/example_sensor_decorator.py for tasks to queue
[2023-06-13T01:59:27.559+0000] {logging_mixin.py:149} INFO - [2023-06-13T01:59:27.559+0000] {dagbag.py:541} INFO - Filling up the DagBag from /home/airflow/.local/lib/python3.7/site-packages/airflow/example_dags/example_sensor_decorator.py
[2023-06-13T01:59:27.565+0000] {processor.py:836} INFO - DAG(s) dict_keys(['example_sensor_decorator']) retrieved from /home/airflow/.local/lib/python3.7/site-packages/airflow/example_dags/example_sensor_decorator.py
[2023-06-13T01:59:27.600+0000] {logging_mixin.py:149} INFO - [2023-06-13T01:59:27.600+0000] {dag.py:2726} INFO - Sync 1 DAGs
[2023-06-13T01:59:27.649+0000] {logging_mixin.py:149} INFO - [2023-06-13T01:59:27.648+0000] {dag.py:3490} INFO - Setting next_dagrun for example_sensor_decorator to None, run_after=None
[2023-06-13T01:59:27.686+0000] {processor.py:179} INFO - Processing /home/airflow/.local/lib/python3.7/site-packages/airflow/example_dags/example_sensor_decorator.py took 0.134 seconds
[2023-06-13T02:01:00.406+0000] {processor.py:157} INFO - Started process (PID=47) to work on /home/airflow/.local/lib/python3.7/site-packages/airflow/example_dags/example_sensor_decorator.py
[2023-06-13T02:01:00.411+0000] {processor.py:826} INFO - Processing file /home/airflow/.local/lib/python3.7/site-packages/airflow/example_dags/example_sensor_decorator.py for tasks to queue
[2023-06-13T02:01:00.414+0000] {logging_mixin.py:149} INFO - [2023-06-13T02:01:00.413+0000] {dagbag.py:541} INFO - Filling up the DagBag from /home/airflow/.local/lib/python3.7/site-packages/airflow/example_dags/example_sensor_decorator.py
[2023-06-13T02:01:00.438+0000] {processor.py:836} INFO - DAG(s) dict_keys(['example_sensor_decorator']) retrieved from /home/airflow/.local/lib/python3.7/site-packages/airflow/example_dags/example_sensor_decorator.py
[2023-06-13T02:01:00.521+0000] {logging_mixin.py:149} INFO - [2023-06-13T02:01:00.520+0000] {dag.py:2726} INFO - Sync 1 DAGs
[2023-06-13T02:01:00.609+0000] {logging_mixin.py:149} INFO - [2023-06-13T02:01:00.609+0000] {dag.py:3490} INFO - Setting next_dagrun for example_sensor_decorator to None, run_after=None
[2023-06-13T02:01:00.681+0000] {processor.py:179} INFO - Processing /home/airflow/.local/lib/python3.7/site-packages/airflow/example_dags/example_sensor_decorator.py took 0.287 seconds
[2023-06-13T02:01:32.071+0000] {processor.py:157} INFO - Started process (PID=113) to work on /home/airflow/.local/lib/python3.7/site-packages/airflow/example_dags/example_sensor_decorator.py
[2023-06-13T02:01:32.077+0000] {processor.py:826} INFO - Processing file /home/airflow/.local/lib/python3.7/site-packages/airflow/example_dags/example_sensor_decorator.py for tasks to queue
[2023-06-13T02:01:32.081+0000] {logging_mixin.py:149} INFO - [2023-06-13T02:01:32.081+0000] {dagbag.py:541} INFO - Filling up the DagBag from /home/airflow/.local/lib/python3.7/site-packages/airflow/example_dags/example_sensor_decorator.py
[2023-06-13T02:01:32.146+0000] {processor.py:836} INFO - DAG(s) dict_keys(['example_sensor_decorator']) retrieved from /home/airflow/.local/lib/python3.7/site-packages/airflow/example_dags/example_sensor_decorator.py
[2023-06-13T02:01:32.220+0000] {logging_mixin.py:149} INFO - [2023-06-13T02:01:32.220+0000] {dag.py:2726} INFO - Sync 1 DAGs
[2023-06-13T02:01:32.313+0000] {logging_mixin.py:149} INFO - [2023-06-13T02:01:32.312+0000] {dag.py:3490} INFO - Setting next_dagrun for example_sensor_decorator to None, run_after=None
[2023-06-13T02:01:32.375+0000] {processor.py:179} INFO - Processing /home/airflow/.local/lib/python3.7/site-packages/airflow/example_dags/example_sensor_decorator.py took 0.335 seconds
[2023-06-13T02:02:03.708+0000] {processor.py:157} INFO - Started process (PID=173) to work on /home/airflow/.local/lib/python3.7/site-packages/airflow/example_dags/example_sensor_decorator.py
[2023-06-13T02:02:03.712+0000] {processor.py:826} INFO - Processing file /home/airflow/.local/lib/python3.7/site-packages/airflow/example_dags/example_sensor_decorator.py for tasks to queue
[2023-06-13T02:02:03.714+0000] {logging_mixin.py:149} INFO - [2023-06-13T02:02:03.714+0000] {dagbag.py:541} INFO - Filling up the DagBag from /home/airflow/.local/lib/python3.7/site-packages/airflow/example_dags/example_sensor_decorator.py
[2023-06-13T02:02:03.726+0000] {processor.py:836} INFO - DAG(s) dict_keys(['example_sensor_decorator']) retrieved from /home/airflow/.local/lib/python3.7/site-packages/airflow/example_dags/example_sensor_decorator.py
[2023-06-13T02:02:03.793+0000] {logging_mixin.py:149} INFO - [2023-06-13T02:02:03.793+0000] {dag.py:2726} INFO - Sync 1 DAGs
[2023-06-13T02:02:03.967+0000] {logging_mixin.py:149} INFO - [2023-06-13T02:02:03.967+0000] {dag.py:3490} INFO - Setting next_dagrun for example_sensor_decorator to None, run_after=None
[2023-06-13T02:02:04.042+0000] {processor.py:179} INFO - Processing /home/airflow/.local/lib/python3.7/site-packages/airflow/example_dags/example_sensor_decorator.py took 0.344 seconds
[2023-06-13T02:32:23.962+0000] {processor.py:157} INFO - Started process (PID=59) to work on /home/airflow/.local/lib/python3.7/site-packages/airflow/example_dags/example_sensor_decorator.py
[2023-06-13T02:32:23.967+0000] {processor.py:826} INFO - Processing file /home/airflow/.local/lib/python3.7/site-packages/airflow/example_dags/example_sensor_decorator.py for tasks to queue
[2023-06-13T02:32:23.972+0000] {logging_mixin.py:149} INFO - [2023-06-13T02:32:23.971+0000] {dagbag.py:541} INFO - Filling up the DagBag from /home/airflow/.local/lib/python3.7/site-packages/airflow/example_dags/example_sensor_decorator.py
[2023-06-13T02:32:24.016+0000] {processor.py:836} INFO - DAG(s) dict_keys(['example_sensor_decorator']) retrieved from /home/airflow/.local/lib/python3.7/site-packages/airflow/example_dags/example_sensor_decorator.py
[2023-06-13T02:32:24.215+0000] {logging_mixin.py:149} INFO - [2023-06-13T02:32:24.214+0000] {dag.py:2726} INFO - Sync 1 DAGs
[2023-06-13T02:32:24.392+0000] {logging_mixin.py:149} INFO - [2023-06-13T02:32:24.391+0000] {dag.py:3490} INFO - Setting next_dagrun for example_sensor_decorator to None, run_after=None
[2023-06-13T02:32:24.497+0000] {processor.py:179} INFO - Processing /home/airflow/.local/lib/python3.7/site-packages/airflow/example_dags/example_sensor_decorator.py took 0.552 seconds
[2023-06-13T02:32:55.300+0000] {processor.py:157} INFO - Started process (PID=118) to work on /home/airflow/.local/lib/python3.7/site-packages/airflow/example_dags/example_sensor_decorator.py
[2023-06-13T02:32:55.303+0000] {processor.py:826} INFO - Processing file /home/airflow/.local/lib/python3.7/site-packages/airflow/example_dags/example_sensor_decorator.py for tasks to queue
[2023-06-13T02:32:55.307+0000] {logging_mixin.py:149} INFO - [2023-06-13T02:32:55.307+0000] {dagbag.py:541} INFO - Filling up the DagBag from /home/airflow/.local/lib/python3.7/site-packages/airflow/example_dags/example_sensor_decorator.py
[2023-06-13T02:32:55.333+0000] {processor.py:836} INFO - DAG(s) dict_keys(['example_sensor_decorator']) retrieved from /home/airflow/.local/lib/python3.7/site-packages/airflow/example_dags/example_sensor_decorator.py
[2023-06-13T02:32:55.467+0000] {logging_mixin.py:149} INFO - [2023-06-13T02:32:55.467+0000] {dag.py:2726} INFO - Sync 1 DAGs
[2023-06-13T02:32:55.599+0000] {logging_mixin.py:149} INFO - [2023-06-13T02:32:55.599+0000] {dag.py:3490} INFO - Setting next_dagrun for example_sensor_decorator to None, run_after=None
[2023-06-13T02:32:55.691+0000] {processor.py:179} INFO - Processing /home/airflow/.local/lib/python3.7/site-packages/airflow/example_dags/example_sensor_decorator.py took 0.397 seconds
[2023-06-13T02:33:38.033+0000] {processor.py:157} INFO - Started process (PID=184) to work on /home/airflow/.local/lib/python3.7/site-packages/airflow/example_dags/example_sensor_decorator.py
[2023-06-13T02:33:38.047+0000] {processor.py:826} INFO - Processing file /home/airflow/.local/lib/python3.7/site-packages/airflow/example_dags/example_sensor_decorator.py for tasks to queue
[2023-06-13T02:33:38.076+0000] {logging_mixin.py:149} INFO - [2023-06-13T02:33:38.075+0000] {dagbag.py:541} INFO - Filling up the DagBag from /home/airflow/.local/lib/python3.7/site-packages/airflow/example_dags/example_sensor_decorator.py
[2023-06-13T02:33:38.128+0000] {processor.py:836} INFO - DAG(s) dict_keys(['example_sensor_decorator']) retrieved from /home/airflow/.local/lib/python3.7/site-packages/airflow/example_dags/example_sensor_decorator.py
[2023-06-13T02:33:38.403+0000] {logging_mixin.py:149} INFO - [2023-06-13T02:33:38.400+0000] {dag.py:2726} INFO - Sync 1 DAGs
[2023-06-13T02:33:39.298+0000] {logging_mixin.py:149} INFO - [2023-06-13T02:33:39.297+0000] {dag.py:3490} INFO - Setting next_dagrun for example_sensor_decorator to None, run_after=None
[2023-06-13T02:33:39.488+0000] {processor.py:179} INFO - Processing /home/airflow/.local/lib/python3.7/site-packages/airflow/example_dags/example_sensor_decorator.py took 1.510 seconds
[2023-06-13T02:34:27.415+0000] {processor.py:157} INFO - Started process (PID=244) to work on /home/airflow/.local/lib/python3.7/site-packages/airflow/example_dags/example_sensor_decorator.py
[2023-06-13T02:34:27.419+0000] {processor.py:826} INFO - Processing file /home/airflow/.local/lib/python3.7/site-packages/airflow/example_dags/example_sensor_decorator.py for tasks to queue
[2023-06-13T02:34:27.423+0000] {logging_mixin.py:149} INFO - [2023-06-13T02:34:27.422+0000] {dagbag.py:541} INFO - Filling up the DagBag from /home/airflow/.local/lib/python3.7/site-packages/airflow/example_dags/example_sensor_decorator.py
[2023-06-13T02:34:27.438+0000] {processor.py:836} INFO - DAG(s) dict_keys(['example_sensor_decorator']) retrieved from /home/airflow/.local/lib/python3.7/site-packages/airflow/example_dags/example_sensor_decorator.py
[2023-06-13T02:34:27.534+0000] {logging_mixin.py:149} INFO - [2023-06-13T02:34:27.533+0000] {dag.py:2726} INFO - Sync 1 DAGs
[2023-06-13T02:34:27.643+0000] {logging_mixin.py:149} INFO - [2023-06-13T02:34:27.643+0000] {dag.py:3490} INFO - Setting next_dagrun for example_sensor_decorator to None, run_after=None
[2023-06-13T02:34:27.733+0000] {processor.py:179} INFO - Processing /home/airflow/.local/lib/python3.7/site-packages/airflow/example_dags/example_sensor_decorator.py took 0.327 seconds
[2023-06-13T02:34:59.076+0000] {processor.py:157} INFO - Started process (PID=304) to work on /home/airflow/.local/lib/python3.7/site-packages/airflow/example_dags/example_sensor_decorator.py
[2023-06-13T02:34:59.088+0000] {processor.py:826} INFO - Processing file /home/airflow/.local/lib/python3.7/site-packages/airflow/example_dags/example_sensor_decorator.py for tasks to queue
[2023-06-13T02:34:59.106+0000] {logging_mixin.py:149} INFO - [2023-06-13T02:34:59.105+0000] {dagbag.py:541} INFO - Filling up the DagBag from /home/airflow/.local/lib/python3.7/site-packages/airflow/example_dags/example_sensor_decorator.py
[2023-06-13T02:34:59.191+0000] {processor.py:836} INFO - DAG(s) dict_keys(['example_sensor_decorator']) retrieved from /home/airflow/.local/lib/python3.7/site-packages/airflow/example_dags/example_sensor_decorator.py
[2023-06-13T02:34:59.382+0000] {logging_mixin.py:149} INFO - [2023-06-13T02:34:59.381+0000] {dag.py:2726} INFO - Sync 1 DAGs
[2023-06-13T02:34:59.542+0000] {logging_mixin.py:149} INFO - [2023-06-13T02:34:59.541+0000] {dag.py:3490} INFO - Setting next_dagrun for example_sensor_decorator to None, run_after=None
[2023-06-13T02:34:59.719+0000] {processor.py:179} INFO - Processing /home/airflow/.local/lib/python3.7/site-packages/airflow/example_dags/example_sensor_decorator.py took 0.681 seconds
[2023-06-13T02:35:30.435+0000] {processor.py:157} INFO - Started process (PID=364) to work on /home/airflow/.local/lib/python3.7/site-packages/airflow/example_dags/example_sensor_decorator.py
[2023-06-13T02:35:30.457+0000] {processor.py:826} INFO - Processing file /home/airflow/.local/lib/python3.7/site-packages/airflow/example_dags/example_sensor_decorator.py for tasks to queue
[2023-06-13T02:35:30.461+0000] {logging_mixin.py:149} INFO - [2023-06-13T02:35:30.460+0000] {dagbag.py:541} INFO - Filling up the DagBag from /home/airflow/.local/lib/python3.7/site-packages/airflow/example_dags/example_sensor_decorator.py
[2023-06-13T02:35:30.513+0000] {processor.py:836} INFO - DAG(s) dict_keys(['example_sensor_decorator']) retrieved from /home/airflow/.local/lib/python3.7/site-packages/airflow/example_dags/example_sensor_decorator.py
[2023-06-13T02:35:30.685+0000] {logging_mixin.py:149} INFO - [2023-06-13T02:35:30.685+0000] {dag.py:2726} INFO - Sync 1 DAGs
[2023-06-13T02:35:30.885+0000] {logging_mixin.py:149} INFO - [2023-06-13T02:35:30.881+0000] {dag.py:3490} INFO - Setting next_dagrun for example_sensor_decorator to None, run_after=None
[2023-06-13T02:35:31.051+0000] {processor.py:179} INFO - Processing /home/airflow/.local/lib/python3.7/site-packages/airflow/example_dags/example_sensor_decorator.py took 0.641 seconds
[2023-06-13T02:36:01.903+0000] {processor.py:157} INFO - Started process (PID=431) to work on /home/airflow/.local/lib/python3.7/site-packages/airflow/example_dags/example_sensor_decorator.py
[2023-06-13T02:36:01.908+0000] {processor.py:826} INFO - Processing file /home/airflow/.local/lib/python3.7/site-packages/airflow/example_dags/example_sensor_decorator.py for tasks to queue
[2023-06-13T02:36:01.913+0000] {logging_mixin.py:149} INFO - [2023-06-13T02:36:01.911+0000] {dagbag.py:541} INFO - Filling up the DagBag from /home/airflow/.local/lib/python3.7/site-packages/airflow/example_dags/example_sensor_decorator.py
[2023-06-13T02:36:01.953+0000] {processor.py:836} INFO - DAG(s) dict_keys(['example_sensor_decorator']) retrieved from /home/airflow/.local/lib/python3.7/site-packages/airflow/example_dags/example_sensor_decorator.py
[2023-06-13T02:36:02.157+0000] {logging_mixin.py:149} INFO - [2023-06-13T02:36:02.156+0000] {dag.py:2726} INFO - Sync 1 DAGs
[2023-06-13T02:36:02.409+0000] {logging_mixin.py:149} INFO - [2023-06-13T02:36:02.408+0000] {dag.py:3490} INFO - Setting next_dagrun for example_sensor_decorator to None, run_after=None
[2023-06-13T02:36:02.764+0000] {processor.py:179} INFO - Processing /home/airflow/.local/lib/python3.7/site-packages/airflow/example_dags/example_sensor_decorator.py took 0.877 seconds
[2023-06-13T02:36:32.972+0000] {processor.py:157} INFO - Started process (PID=493) to work on /home/airflow/.local/lib/python3.7/site-packages/airflow/example_dags/example_sensor_decorator.py
[2023-06-13T02:36:32.975+0000] {processor.py:826} INFO - Processing file /home/airflow/.local/lib/python3.7/site-packages/airflow/example_dags/example_sensor_decorator.py for tasks to queue
[2023-06-13T02:36:32.978+0000] {logging_mixin.py:149} INFO - [2023-06-13T02:36:32.978+0000] {dagbag.py:541} INFO - Filling up the DagBag from /home/airflow/.local/lib/python3.7/site-packages/airflow/example_dags/example_sensor_decorator.py
[2023-06-13T02:36:32.992+0000] {processor.py:836} INFO - DAG(s) dict_keys(['example_sensor_decorator']) retrieved from /home/airflow/.local/lib/python3.7/site-packages/airflow/example_dags/example_sensor_decorator.py
[2023-06-13T02:36:33.081+0000] {logging_mixin.py:149} INFO - [2023-06-13T02:36:33.080+0000] {dag.py:2726} INFO - Sync 1 DAGs
[2023-06-13T02:36:33.211+0000] {logging_mixin.py:149} INFO - [2023-06-13T02:36:33.210+0000] {dag.py:3490} INFO - Setting next_dagrun for example_sensor_decorator to None, run_after=None
[2023-06-13T02:36:33.327+0000] {processor.py:179} INFO - Processing /home/airflow/.local/lib/python3.7/site-packages/airflow/example_dags/example_sensor_decorator.py took 0.362 seconds
[2023-06-13T02:37:03.597+0000] {processor.py:157} INFO - Started process (PID=553) to work on /home/airflow/.local/lib/python3.7/site-packages/airflow/example_dags/example_sensor_decorator.py
[2023-06-13T02:37:03.600+0000] {processor.py:826} INFO - Processing file /home/airflow/.local/lib/python3.7/site-packages/airflow/example_dags/example_sensor_decorator.py for tasks to queue
[2023-06-13T02:37:03.603+0000] {logging_mixin.py:149} INFO - [2023-06-13T02:37:03.602+0000] {dagbag.py:541} INFO - Filling up the DagBag from /home/airflow/.local/lib/python3.7/site-packages/airflow/example_dags/example_sensor_decorator.py
[2023-06-13T02:37:03.619+0000] {processor.py:836} INFO - DAG(s) dict_keys(['example_sensor_decorator']) retrieved from /home/airflow/.local/lib/python3.7/site-packages/airflow/example_dags/example_sensor_decorator.py
[2023-06-13T02:37:03.694+0000] {logging_mixin.py:149} INFO - [2023-06-13T02:37:03.691+0000] {dag.py:2726} INFO - Sync 1 DAGs
[2023-06-13T02:37:03.773+0000] {logging_mixin.py:149} INFO - [2023-06-13T02:37:03.772+0000] {dag.py:3490} INFO - Setting next_dagrun for example_sensor_decorator to None, run_after=None
[2023-06-13T02:37:03.868+0000] {processor.py:179} INFO - Processing /home/airflow/.local/lib/python3.7/site-packages/airflow/example_dags/example_sensor_decorator.py took 0.278 seconds
[2023-06-13T02:37:35.165+0000] {processor.py:157} INFO - Started process (PID=613) to work on /home/airflow/.local/lib/python3.7/site-packages/airflow/example_dags/example_sensor_decorator.py
[2023-06-13T02:37:35.169+0000] {processor.py:826} INFO - Processing file /home/airflow/.local/lib/python3.7/site-packages/airflow/example_dags/example_sensor_decorator.py for tasks to queue
[2023-06-13T02:37:35.171+0000] {logging_mixin.py:149} INFO - [2023-06-13T02:37:35.171+0000] {dagbag.py:541} INFO - Filling up the DagBag from /home/airflow/.local/lib/python3.7/site-packages/airflow/example_dags/example_sensor_decorator.py
[2023-06-13T02:37:35.186+0000] {processor.py:836} INFO - DAG(s) dict_keys(['example_sensor_decorator']) retrieved from /home/airflow/.local/lib/python3.7/site-packages/airflow/example_dags/example_sensor_decorator.py
[2023-06-13T02:37:35.247+0000] {logging_mixin.py:149} INFO - [2023-06-13T02:37:35.246+0000] {dag.py:2726} INFO - Sync 1 DAGs
[2023-06-13T02:37:35.315+0000] {logging_mixin.py:149} INFO - [2023-06-13T02:37:35.315+0000] {dag.py:3490} INFO - Setting next_dagrun for example_sensor_decorator to None, run_after=None
[2023-06-13T02:37:35.386+0000] {processor.py:179} INFO - Processing /home/airflow/.local/lib/python3.7/site-packages/airflow/example_dags/example_sensor_decorator.py took 0.228 seconds
[2023-06-13T02:38:06.629+0000] {processor.py:157} INFO - Started process (PID=674) to work on /home/airflow/.local/lib/python3.7/site-packages/airflow/example_dags/example_sensor_decorator.py
[2023-06-13T02:38:06.633+0000] {processor.py:826} INFO - Processing file /home/airflow/.local/lib/python3.7/site-packages/airflow/example_dags/example_sensor_decorator.py for tasks to queue
[2023-06-13T02:38:06.636+0000] {logging_mixin.py:149} INFO - [2023-06-13T02:38:06.636+0000] {dagbag.py:541} INFO - Filling up the DagBag from /home/airflow/.local/lib/python3.7/site-packages/airflow/example_dags/example_sensor_decorator.py
[2023-06-13T02:38:06.657+0000] {processor.py:836} INFO - DAG(s) dict_keys(['example_sensor_decorator']) retrieved from /home/airflow/.local/lib/python3.7/site-packages/airflow/example_dags/example_sensor_decorator.py
[2023-06-13T02:38:06.730+0000] {logging_mixin.py:149} INFO - [2023-06-13T02:38:06.729+0000] {dag.py:2726} INFO - Sync 1 DAGs
[2023-06-13T02:38:06.939+0000] {logging_mixin.py:149} INFO - [2023-06-13T02:38:06.938+0000] {dag.py:3490} INFO - Setting next_dagrun for example_sensor_decorator to None, run_after=None
[2023-06-13T02:38:07.077+0000] {processor.py:179} INFO - Processing /home/airflow/.local/lib/python3.7/site-packages/airflow/example_dags/example_sensor_decorator.py took 0.459 seconds
[2023-06-13T02:38:37.695+0000] {processor.py:157} INFO - Started process (PID=734) to work on /home/airflow/.local/lib/python3.7/site-packages/airflow/example_dags/example_sensor_decorator.py
[2023-06-13T02:38:37.698+0000] {processor.py:826} INFO - Processing file /home/airflow/.local/lib/python3.7/site-packages/airflow/example_dags/example_sensor_decorator.py for tasks to queue
[2023-06-13T02:38:37.700+0000] {logging_mixin.py:149} INFO - [2023-06-13T02:38:37.700+0000] {dagbag.py:541} INFO - Filling up the DagBag from /home/airflow/.local/lib/python3.7/site-packages/airflow/example_dags/example_sensor_decorator.py
[2023-06-13T02:38:37.712+0000] {processor.py:836} INFO - DAG(s) dict_keys(['example_sensor_decorator']) retrieved from /home/airflow/.local/lib/python3.7/site-packages/airflow/example_dags/example_sensor_decorator.py
[2023-06-13T02:38:37.770+0000] {logging_mixin.py:149} INFO - [2023-06-13T02:38:37.770+0000] {dag.py:2726} INFO - Sync 1 DAGs
[2023-06-13T02:38:37.839+0000] {logging_mixin.py:149} INFO - [2023-06-13T02:38:37.839+0000] {dag.py:3490} INFO - Setting next_dagrun for example_sensor_decorator to None, run_after=None
[2023-06-13T02:38:37.903+0000] {processor.py:179} INFO - Processing /home/airflow/.local/lib/python3.7/site-packages/airflow/example_dags/example_sensor_decorator.py took 0.214 seconds
[2023-06-13T02:39:09.843+0000] {processor.py:157} INFO - Started process (PID=795) to work on /home/airflow/.local/lib/python3.7/site-packages/airflow/example_dags/example_sensor_decorator.py
[2023-06-13T02:39:09.847+0000] {processor.py:826} INFO - Processing file /home/airflow/.local/lib/python3.7/site-packages/airflow/example_dags/example_sensor_decorator.py for tasks to queue
[2023-06-13T02:39:09.850+0000] {logging_mixin.py:149} INFO - [2023-06-13T02:39:09.850+0000] {dagbag.py:541} INFO - Filling up the DagBag from /home/airflow/.local/lib/python3.7/site-packages/airflow/example_dags/example_sensor_decorator.py
[2023-06-13T02:39:09.869+0000] {processor.py:836} INFO - DAG(s) dict_keys(['example_sensor_decorator']) retrieved from /home/airflow/.local/lib/python3.7/site-packages/airflow/example_dags/example_sensor_decorator.py
[2023-06-13T02:39:09.969+0000] {logging_mixin.py:149} INFO - [2023-06-13T02:39:09.969+0000] {dag.py:2726} INFO - Sync 1 DAGs
[2023-06-13T02:39:10.090+0000] {logging_mixin.py:149} INFO - [2023-06-13T02:39:10.089+0000] {dag.py:3490} INFO - Setting next_dagrun for example_sensor_decorator to None, run_after=None
[2023-06-13T02:39:10.213+0000] {processor.py:179} INFO - Processing /home/airflow/.local/lib/python3.7/site-packages/airflow/example_dags/example_sensor_decorator.py took 0.378 seconds
[2023-06-13T02:39:40.911+0000] {processor.py:157} INFO - Started process (PID=854) to work on /home/airflow/.local/lib/python3.7/site-packages/airflow/example_dags/example_sensor_decorator.py
[2023-06-13T02:39:40.915+0000] {processor.py:826} INFO - Processing file /home/airflow/.local/lib/python3.7/site-packages/airflow/example_dags/example_sensor_decorator.py for tasks to queue
[2023-06-13T02:39:40.919+0000] {logging_mixin.py:149} INFO - [2023-06-13T02:39:40.918+0000] {dagbag.py:541} INFO - Filling up the DagBag from /home/airflow/.local/lib/python3.7/site-packages/airflow/example_dags/example_sensor_decorator.py
[2023-06-13T02:39:40.937+0000] {processor.py:836} INFO - DAG(s) dict_keys(['example_sensor_decorator']) retrieved from /home/airflow/.local/lib/python3.7/site-packages/airflow/example_dags/example_sensor_decorator.py
[2023-06-13T02:39:41.030+0000] {logging_mixin.py:149} INFO - [2023-06-13T02:39:41.029+0000] {dag.py:2726} INFO - Sync 1 DAGs
[2023-06-13T02:39:41.118+0000] {logging_mixin.py:149} INFO - [2023-06-13T02:39:41.117+0000] {dag.py:3490} INFO - Setting next_dagrun for example_sensor_decorator to None, run_after=None
[2023-06-13T02:39:41.235+0000] {processor.py:179} INFO - Processing /home/airflow/.local/lib/python3.7/site-packages/airflow/example_dags/example_sensor_decorator.py took 0.333 seconds
[2023-06-13T02:40:11.467+0000] {processor.py:157} INFO - Started process (PID=913) to work on /home/airflow/.local/lib/python3.7/site-packages/airflow/example_dags/example_sensor_decorator.py
[2023-06-13T02:40:11.470+0000] {processor.py:826} INFO - Processing file /home/airflow/.local/lib/python3.7/site-packages/airflow/example_dags/example_sensor_decorator.py for tasks to queue
[2023-06-13T02:40:11.472+0000] {logging_mixin.py:149} INFO - [2023-06-13T02:40:11.472+0000] {dagbag.py:541} INFO - Filling up the DagBag from /home/airflow/.local/lib/python3.7/site-packages/airflow/example_dags/example_sensor_decorator.py
[2023-06-13T02:40:11.489+0000] {processor.py:836} INFO - DAG(s) dict_keys(['example_sensor_decorator']) retrieved from /home/airflow/.local/lib/python3.7/site-packages/airflow/example_dags/example_sensor_decorator.py
[2023-06-13T02:40:11.561+0000] {logging_mixin.py:149} INFO - [2023-06-13T02:40:11.560+0000] {dag.py:2726} INFO - Sync 1 DAGs
[2023-06-13T02:40:11.647+0000] {logging_mixin.py:149} INFO - [2023-06-13T02:40:11.646+0000] {dag.py:3490} INFO - Setting next_dagrun for example_sensor_decorator to None, run_after=None
[2023-06-13T02:40:11.756+0000] {processor.py:179} INFO - Processing /home/airflow/.local/lib/python3.7/site-packages/airflow/example_dags/example_sensor_decorator.py took 0.298 seconds
[2023-06-13T02:40:42.384+0000] {processor.py:157} INFO - Started process (PID=973) to work on /home/airflow/.local/lib/python3.7/site-packages/airflow/example_dags/example_sensor_decorator.py
[2023-06-13T02:40:42.387+0000] {processor.py:826} INFO - Processing file /home/airflow/.local/lib/python3.7/site-packages/airflow/example_dags/example_sensor_decorator.py for tasks to queue
[2023-06-13T02:40:42.390+0000] {logging_mixin.py:149} INFO - [2023-06-13T02:40:42.390+0000] {dagbag.py:541} INFO - Filling up the DagBag from /home/airflow/.local/lib/python3.7/site-packages/airflow/example_dags/example_sensor_decorator.py
[2023-06-13T02:40:42.412+0000] {processor.py:836} INFO - DAG(s) dict_keys(['example_sensor_decorator']) retrieved from /home/airflow/.local/lib/python3.7/site-packages/airflow/example_dags/example_sensor_decorator.py
[2023-06-13T02:40:42.497+0000] {logging_mixin.py:149} INFO - [2023-06-13T02:40:42.496+0000] {dag.py:2726} INFO - Sync 1 DAGs
[2023-06-13T02:40:42.585+0000] {logging_mixin.py:149} INFO - [2023-06-13T02:40:42.585+0000] {dag.py:3490} INFO - Setting next_dagrun for example_sensor_decorator to None, run_after=None
[2023-06-13T02:40:42.662+0000] {processor.py:179} INFO - Processing /home/airflow/.local/lib/python3.7/site-packages/airflow/example_dags/example_sensor_decorator.py took 0.288 seconds
[2023-06-13T02:41:13.354+0000] {processor.py:157} INFO - Started process (PID=1033) to work on /home/airflow/.local/lib/python3.7/site-packages/airflow/example_dags/example_sensor_decorator.py
[2023-06-13T02:41:13.361+0000] {processor.py:826} INFO - Processing file /home/airflow/.local/lib/python3.7/site-packages/airflow/example_dags/example_sensor_decorator.py for tasks to queue
[2023-06-13T02:41:13.366+0000] {logging_mixin.py:149} INFO - [2023-06-13T02:41:13.365+0000] {dagbag.py:541} INFO - Filling up the DagBag from /home/airflow/.local/lib/python3.7/site-packages/airflow/example_dags/example_sensor_decorator.py
[2023-06-13T02:41:13.391+0000] {processor.py:836} INFO - DAG(s) dict_keys(['example_sensor_decorator']) retrieved from /home/airflow/.local/lib/python3.7/site-packages/airflow/example_dags/example_sensor_decorator.py
[2023-06-13T02:41:13.521+0000] {logging_mixin.py:149} INFO - [2023-06-13T02:41:13.520+0000] {dag.py:2726} INFO - Sync 1 DAGs
[2023-06-13T02:41:13.714+0000] {logging_mixin.py:149} INFO - [2023-06-13T02:41:13.702+0000] {dag.py:3490} INFO - Setting next_dagrun for example_sensor_decorator to None, run_after=None
[2023-06-13T02:41:13.902+0000] {processor.py:179} INFO - Processing /home/airflow/.local/lib/python3.7/site-packages/airflow/example_dags/example_sensor_decorator.py took 0.556 seconds
[2023-06-13T02:41:44.240+0000] {processor.py:157} INFO - Started process (PID=1093) to work on /home/airflow/.local/lib/python3.7/site-packages/airflow/example_dags/example_sensor_decorator.py
[2023-06-13T02:41:44.243+0000] {processor.py:826} INFO - Processing file /home/airflow/.local/lib/python3.7/site-packages/airflow/example_dags/example_sensor_decorator.py for tasks to queue
[2023-06-13T02:41:44.247+0000] {logging_mixin.py:149} INFO - [2023-06-13T02:41:44.246+0000] {dagbag.py:541} INFO - Filling up the DagBag from /home/airflow/.local/lib/python3.7/site-packages/airflow/example_dags/example_sensor_decorator.py
[2023-06-13T02:41:44.262+0000] {processor.py:836} INFO - DAG(s) dict_keys(['example_sensor_decorator']) retrieved from /home/airflow/.local/lib/python3.7/site-packages/airflow/example_dags/example_sensor_decorator.py
[2023-06-13T02:41:44.345+0000] {logging_mixin.py:149} INFO - [2023-06-13T02:41:44.344+0000] {dag.py:2726} INFO - Sync 1 DAGs
[2023-06-13T02:41:44.505+0000] {logging_mixin.py:149} INFO - [2023-06-13T02:41:44.505+0000] {dag.py:3490} INFO - Setting next_dagrun for example_sensor_decorator to None, run_after=None
[2023-06-13T02:41:44.620+0000] {processor.py:179} INFO - Processing /home/airflow/.local/lib/python3.7/site-packages/airflow/example_dags/example_sensor_decorator.py took 0.388 seconds
[2023-06-13T02:42:15.123+0000] {processor.py:157} INFO - Started process (PID=1153) to work on /home/airflow/.local/lib/python3.7/site-packages/airflow/example_dags/example_sensor_decorator.py
[2023-06-13T02:42:15.126+0000] {processor.py:826} INFO - Processing file /home/airflow/.local/lib/python3.7/site-packages/airflow/example_dags/example_sensor_decorator.py for tasks to queue
[2023-06-13T02:42:15.129+0000] {logging_mixin.py:149} INFO - [2023-06-13T02:42:15.129+0000] {dagbag.py:541} INFO - Filling up the DagBag from /home/airflow/.local/lib/python3.7/site-packages/airflow/example_dags/example_sensor_decorator.py
[2023-06-13T02:42:15.142+0000] {processor.py:836} INFO - DAG(s) dict_keys(['example_sensor_decorator']) retrieved from /home/airflow/.local/lib/python3.7/site-packages/airflow/example_dags/example_sensor_decorator.py
[2023-06-13T02:42:15.227+0000] {logging_mixin.py:149} INFO - [2023-06-13T02:42:15.227+0000] {dag.py:2726} INFO - Sync 1 DAGs
[2023-06-13T02:42:15.312+0000] {logging_mixin.py:149} INFO - [2023-06-13T02:42:15.312+0000] {dag.py:3490} INFO - Setting next_dagrun for example_sensor_decorator to None, run_after=None
[2023-06-13T02:42:15.400+0000] {processor.py:179} INFO - Processing /home/airflow/.local/lib/python3.7/site-packages/airflow/example_dags/example_sensor_decorator.py took 0.284 seconds
[2023-06-13T02:42:45.875+0000] {processor.py:157} INFO - Started process (PID=1204) to work on /home/airflow/.local/lib/python3.7/site-packages/airflow/example_dags/example_sensor_decorator.py
[2023-06-13T02:42:45.878+0000] {processor.py:826} INFO - Processing file /home/airflow/.local/lib/python3.7/site-packages/airflow/example_dags/example_sensor_decorator.py for tasks to queue
[2023-06-13T02:42:45.881+0000] {logging_mixin.py:149} INFO - [2023-06-13T02:42:45.880+0000] {dagbag.py:541} INFO - Filling up the DagBag from /home/airflow/.local/lib/python3.7/site-packages/airflow/example_dags/example_sensor_decorator.py
[2023-06-13T02:42:45.897+0000] {processor.py:836} INFO - DAG(s) dict_keys(['example_sensor_decorator']) retrieved from /home/airflow/.local/lib/python3.7/site-packages/airflow/example_dags/example_sensor_decorator.py
[2023-06-13T02:42:45.959+0000] {logging_mixin.py:149} INFO - [2023-06-13T02:42:45.958+0000] {dag.py:2726} INFO - Sync 1 DAGs
[2023-06-13T02:42:46.046+0000] {logging_mixin.py:149} INFO - [2023-06-13T02:42:46.045+0000] {dag.py:3490} INFO - Setting next_dagrun for example_sensor_decorator to None, run_after=None
[2023-06-13T02:42:46.124+0000] {processor.py:179} INFO - Processing /home/airflow/.local/lib/python3.7/site-packages/airflow/example_dags/example_sensor_decorator.py took 0.256 seconds
[2023-06-13T02:43:16.316+0000] {processor.py:157} INFO - Started process (PID=1264) to work on /home/airflow/.local/lib/python3.7/site-packages/airflow/example_dags/example_sensor_decorator.py
[2023-06-13T02:43:16.320+0000] {processor.py:826} INFO - Processing file /home/airflow/.local/lib/python3.7/site-packages/airflow/example_dags/example_sensor_decorator.py for tasks to queue
[2023-06-13T02:43:16.325+0000] {logging_mixin.py:149} INFO - [2023-06-13T02:43:16.324+0000] {dagbag.py:541} INFO - Filling up the DagBag from /home/airflow/.local/lib/python3.7/site-packages/airflow/example_dags/example_sensor_decorator.py
[2023-06-13T02:43:16.344+0000] {processor.py:836} INFO - DAG(s) dict_keys(['example_sensor_decorator']) retrieved from /home/airflow/.local/lib/python3.7/site-packages/airflow/example_dags/example_sensor_decorator.py
[2023-06-13T02:43:16.464+0000] {logging_mixin.py:149} INFO - [2023-06-13T02:43:16.463+0000] {dag.py:2726} INFO - Sync 1 DAGs
[2023-06-13T02:43:16.564+0000] {logging_mixin.py:149} INFO - [2023-06-13T02:43:16.563+0000] {dag.py:3490} INFO - Setting next_dagrun for example_sensor_decorator to None, run_after=None
[2023-06-13T02:43:16.649+0000] {processor.py:179} INFO - Processing /home/airflow/.local/lib/python3.7/site-packages/airflow/example_dags/example_sensor_decorator.py took 0.358 seconds
[2023-06-13T02:43:47.219+0000] {processor.py:157} INFO - Started process (PID=1325) to work on /home/airflow/.local/lib/python3.7/site-packages/airflow/example_dags/example_sensor_decorator.py
[2023-06-13T02:43:47.223+0000] {processor.py:826} INFO - Processing file /home/airflow/.local/lib/python3.7/site-packages/airflow/example_dags/example_sensor_decorator.py for tasks to queue
[2023-06-13T02:43:47.228+0000] {logging_mixin.py:149} INFO - [2023-06-13T02:43:47.227+0000] {dagbag.py:541} INFO - Filling up the DagBag from /home/airflow/.local/lib/python3.7/site-packages/airflow/example_dags/example_sensor_decorator.py
[2023-06-13T02:43:47.251+0000] {processor.py:836} INFO - DAG(s) dict_keys(['example_sensor_decorator']) retrieved from /home/airflow/.local/lib/python3.7/site-packages/airflow/example_dags/example_sensor_decorator.py
[2023-06-13T02:43:47.345+0000] {logging_mixin.py:149} INFO - [2023-06-13T02:43:47.344+0000] {dag.py:2726} INFO - Sync 1 DAGs
[2023-06-13T02:43:47.449+0000] {logging_mixin.py:149} INFO - [2023-06-13T02:43:47.448+0000] {dag.py:3490} INFO - Setting next_dagrun for example_sensor_decorator to None, run_after=None
[2023-06-13T02:43:47.525+0000] {processor.py:179} INFO - Processing /home/airflow/.local/lib/python3.7/site-packages/airflow/example_dags/example_sensor_decorator.py took 0.320 seconds
[2023-06-13T02:44:18.406+0000] {processor.py:157} INFO - Started process (PID=1384) to work on /home/airflow/.local/lib/python3.7/site-packages/airflow/example_dags/example_sensor_decorator.py
[2023-06-13T02:44:18.412+0000] {processor.py:826} INFO - Processing file /home/airflow/.local/lib/python3.7/site-packages/airflow/example_dags/example_sensor_decorator.py for tasks to queue
[2023-06-13T02:44:18.416+0000] {logging_mixin.py:149} INFO - [2023-06-13T02:44:18.415+0000] {dagbag.py:541} INFO - Filling up the DagBag from /home/airflow/.local/lib/python3.7/site-packages/airflow/example_dags/example_sensor_decorator.py
[2023-06-13T02:44:18.435+0000] {processor.py:836} INFO - DAG(s) dict_keys(['example_sensor_decorator']) retrieved from /home/airflow/.local/lib/python3.7/site-packages/airflow/example_dags/example_sensor_decorator.py
[2023-06-13T02:44:18.508+0000] {logging_mixin.py:149} INFO - [2023-06-13T02:44:18.508+0000] {dag.py:2726} INFO - Sync 1 DAGs
[2023-06-13T02:44:18.597+0000] {logging_mixin.py:149} INFO - [2023-06-13T02:44:18.596+0000] {dag.py:3490} INFO - Setting next_dagrun for example_sensor_decorator to None, run_after=None
[2023-06-13T02:44:18.671+0000] {processor.py:179} INFO - Processing /home/airflow/.local/lib/python3.7/site-packages/airflow/example_dags/example_sensor_decorator.py took 0.278 seconds
