[2023-06-13T01:50:00.853+0000] {processor.py:157} INFO - Started process (PID=60) to work on /home/airflow/.local/lib/python3.7/site-packages/airflow/example_dags/example_bash_operator.py
[2023-06-13T01:50:00.855+0000] {processor.py:826} INFO - Processing file /home/airflow/.local/lib/python3.7/site-packages/airflow/example_dags/example_bash_operator.py for tasks to queue
[2023-06-13T01:50:00.859+0000] {logging_mixin.py:149} INFO - [2023-06-13T01:50:00.858+0000] {dagbag.py:541} INFO - Filling up the DagBag from /home/airflow/.local/lib/python3.7/site-packages/airflow/example_dags/example_bash_operator.py
[2023-06-13T01:50:00.904+0000] {processor.py:836} INFO - DAG(s) dict_keys(['example_bash_operator']) retrieved from /home/airflow/.local/lib/python3.7/site-packages/airflow/example_dags/example_bash_operator.py
[2023-06-13T01:50:00.935+0000] {logging_mixin.py:149} INFO - [2023-06-13T01:50:00.935+0000] {dag.py:2726} INFO - Sync 1 DAGs
[2023-06-13T01:50:01.009+0000] {logging_mixin.py:149} INFO - [2023-06-13T01:50:01.009+0000] {dag.py:3490} INFO - Setting next_dagrun for example_bash_operator to 2023-06-12T00:00:00+00:00, run_after=2023-06-13T00:00:00+00:00
[2023-06-13T01:50:01.066+0000] {processor.py:179} INFO - Processing /home/airflow/.local/lib/python3.7/site-packages/airflow/example_dags/example_bash_operator.py took 0.221 seconds
[2023-06-13T01:50:31.212+0000] {processor.py:157} INFO - Started process (PID=120) to work on /home/airflow/.local/lib/python3.7/site-packages/airflow/example_dags/example_bash_operator.py
[2023-06-13T01:50:31.213+0000] {processor.py:826} INFO - Processing file /home/airflow/.local/lib/python3.7/site-packages/airflow/example_dags/example_bash_operator.py for tasks to queue
[2023-06-13T01:50:31.215+0000] {logging_mixin.py:149} INFO - [2023-06-13T01:50:31.215+0000] {dagbag.py:541} INFO - Filling up the DagBag from /home/airflow/.local/lib/python3.7/site-packages/airflow/example_dags/example_bash_operator.py
[2023-06-13T01:50:31.232+0000] {processor.py:836} INFO - DAG(s) dict_keys(['example_bash_operator']) retrieved from /home/airflow/.local/lib/python3.7/site-packages/airflow/example_dags/example_bash_operator.py
[2023-06-13T01:50:31.286+0000] {logging_mixin.py:149} INFO - [2023-06-13T01:50:31.286+0000] {dag.py:2726} INFO - Sync 1 DAGs
[2023-06-13T01:50:31.339+0000] {logging_mixin.py:149} INFO - [2023-06-13T01:50:31.339+0000] {dag.py:3490} INFO - Setting next_dagrun for example_bash_operator to 2023-06-12T00:00:00+00:00, run_after=2023-06-13T00:00:00+00:00
[2023-06-13T01:50:31.370+0000] {processor.py:179} INFO - Processing /home/airflow/.local/lib/python3.7/site-packages/airflow/example_dags/example_bash_operator.py took 0.161 seconds
[2023-06-13T01:51:02.585+0000] {processor.py:157} INFO - Started process (PID=180) to work on /home/airflow/.local/lib/python3.7/site-packages/airflow/example_dags/example_bash_operator.py
[2023-06-13T01:51:02.587+0000] {processor.py:826} INFO - Processing file /home/airflow/.local/lib/python3.7/site-packages/airflow/example_dags/example_bash_operator.py for tasks to queue
[2023-06-13T01:51:02.589+0000] {logging_mixin.py:149} INFO - [2023-06-13T01:51:02.588+0000] {dagbag.py:541} INFO - Filling up the DagBag from /home/airflow/.local/lib/python3.7/site-packages/airflow/example_dags/example_bash_operator.py
[2023-06-13T01:51:02.614+0000] {processor.py:836} INFO - DAG(s) dict_keys(['example_bash_operator']) retrieved from /home/airflow/.local/lib/python3.7/site-packages/airflow/example_dags/example_bash_operator.py
[2023-06-13T01:51:02.686+0000] {logging_mixin.py:149} INFO - [2023-06-13T01:51:02.685+0000] {dag.py:2726} INFO - Sync 1 DAGs
[2023-06-13T01:51:02.761+0000] {logging_mixin.py:149} INFO - [2023-06-13T01:51:02.761+0000] {dag.py:3490} INFO - Setting next_dagrun for example_bash_operator to 2023-06-12T00:00:00+00:00, run_after=2023-06-13T00:00:00+00:00
[2023-06-13T01:51:02.810+0000] {processor.py:179} INFO - Processing /home/airflow/.local/lib/python3.7/site-packages/airflow/example_dags/example_bash_operator.py took 0.228 seconds
[2023-06-13T01:51:33.155+0000] {processor.py:157} INFO - Started process (PID=240) to work on /home/airflow/.local/lib/python3.7/site-packages/airflow/example_dags/example_bash_operator.py
[2023-06-13T01:51:33.157+0000] {processor.py:826} INFO - Processing file /home/airflow/.local/lib/python3.7/site-packages/airflow/example_dags/example_bash_operator.py for tasks to queue
[2023-06-13T01:51:33.158+0000] {logging_mixin.py:149} INFO - [2023-06-13T01:51:33.158+0000] {dagbag.py:541} INFO - Filling up the DagBag from /home/airflow/.local/lib/python3.7/site-packages/airflow/example_dags/example_bash_operator.py
[2023-06-13T01:51:33.176+0000] {processor.py:836} INFO - DAG(s) dict_keys(['example_bash_operator']) retrieved from /home/airflow/.local/lib/python3.7/site-packages/airflow/example_dags/example_bash_operator.py
[2023-06-13T01:51:33.244+0000] {logging_mixin.py:149} INFO - [2023-06-13T01:51:33.243+0000] {dag.py:2726} INFO - Sync 1 DAGs
[2023-06-13T01:51:33.289+0000] {logging_mixin.py:149} INFO - [2023-06-13T01:51:33.289+0000] {dag.py:3490} INFO - Setting next_dagrun for example_bash_operator to 2023-06-12T00:00:00+00:00, run_after=2023-06-13T00:00:00+00:00
[2023-06-13T01:51:33.329+0000] {processor.py:179} INFO - Processing /home/airflow/.local/lib/python3.7/site-packages/airflow/example_dags/example_bash_operator.py took 0.177 seconds
[2023-06-13T01:53:54.708+0000] {processor.py:157} INFO - Started process (PID=67) to work on /home/airflow/.local/lib/python3.7/site-packages/airflow/example_dags/example_bash_operator.py
[2023-06-13T01:53:54.711+0000] {processor.py:826} INFO - Processing file /home/airflow/.local/lib/python3.7/site-packages/airflow/example_dags/example_bash_operator.py for tasks to queue
[2023-06-13T01:53:54.714+0000] {logging_mixin.py:149} INFO - [2023-06-13T01:53:54.713+0000] {dagbag.py:541} INFO - Filling up the DagBag from /home/airflow/.local/lib/python3.7/site-packages/airflow/example_dags/example_bash_operator.py
[2023-06-13T01:53:54.761+0000] {processor.py:836} INFO - DAG(s) dict_keys(['example_bash_operator']) retrieved from /home/airflow/.local/lib/python3.7/site-packages/airflow/example_dags/example_bash_operator.py
[2023-06-13T01:53:54.908+0000] {logging_mixin.py:149} INFO - [2023-06-13T01:53:54.908+0000] {dag.py:2726} INFO - Sync 1 DAGs
[2023-06-13T01:53:55.001+0000] {logging_mixin.py:149} INFO - [2023-06-13T01:53:55.001+0000] {dag.py:3490} INFO - Setting next_dagrun for example_bash_operator to 2023-06-12T00:00:00+00:00, run_after=2023-06-13T00:00:00+00:00
[2023-06-13T01:53:55.063+0000] {processor.py:179} INFO - Processing /home/airflow/.local/lib/python3.7/site-packages/airflow/example_dags/example_bash_operator.py took 0.362 seconds
[2023-06-13T01:54:25.134+0000] {processor.py:157} INFO - Started process (PID=128) to work on /home/airflow/.local/lib/python3.7/site-packages/airflow/example_dags/example_bash_operator.py
[2023-06-13T01:54:25.136+0000] {processor.py:826} INFO - Processing file /home/airflow/.local/lib/python3.7/site-packages/airflow/example_dags/example_bash_operator.py for tasks to queue
[2023-06-13T01:54:25.138+0000] {logging_mixin.py:149} INFO - [2023-06-13T01:54:25.137+0000] {dagbag.py:541} INFO - Filling up the DagBag from /home/airflow/.local/lib/python3.7/site-packages/airflow/example_dags/example_bash_operator.py
[2023-06-13T01:54:25.156+0000] {processor.py:836} INFO - DAG(s) dict_keys(['example_bash_operator']) retrieved from /home/airflow/.local/lib/python3.7/site-packages/airflow/example_dags/example_bash_operator.py
[2023-06-13T01:54:25.216+0000] {logging_mixin.py:149} INFO - [2023-06-13T01:54:25.215+0000] {dag.py:2726} INFO - Sync 1 DAGs
[2023-06-13T01:54:25.260+0000] {logging_mixin.py:149} INFO - [2023-06-13T01:54:25.260+0000] {dag.py:3490} INFO - Setting next_dagrun for example_bash_operator to 2023-06-12T00:00:00+00:00, run_after=2023-06-13T00:00:00+00:00
[2023-06-13T01:54:25.294+0000] {processor.py:179} INFO - Processing /home/airflow/.local/lib/python3.7/site-packages/airflow/example_dags/example_bash_operator.py took 0.165 seconds
[2023-06-13T01:54:55.836+0000] {processor.py:157} INFO - Started process (PID=188) to work on /home/airflow/.local/lib/python3.7/site-packages/airflow/example_dags/example_bash_operator.py
[2023-06-13T01:54:55.837+0000] {processor.py:826} INFO - Processing file /home/airflow/.local/lib/python3.7/site-packages/airflow/example_dags/example_bash_operator.py for tasks to queue
[2023-06-13T01:54:55.839+0000] {logging_mixin.py:149} INFO - [2023-06-13T01:54:55.838+0000] {dagbag.py:541} INFO - Filling up the DagBag from /home/airflow/.local/lib/python3.7/site-packages/airflow/example_dags/example_bash_operator.py
[2023-06-13T01:54:55.858+0000] {processor.py:836} INFO - DAG(s) dict_keys(['example_bash_operator']) retrieved from /home/airflow/.local/lib/python3.7/site-packages/airflow/example_dags/example_bash_operator.py
[2023-06-13T01:54:55.923+0000] {logging_mixin.py:149} INFO - [2023-06-13T01:54:55.923+0000] {dag.py:2726} INFO - Sync 1 DAGs
[2023-06-13T01:54:55.967+0000] {logging_mixin.py:149} INFO - [2023-06-13T01:54:55.967+0000] {dag.py:3490} INFO - Setting next_dagrun for example_bash_operator to 2023-06-12T00:00:00+00:00, run_after=2023-06-13T00:00:00+00:00
[2023-06-13T01:54:56.004+0000] {processor.py:179} INFO - Processing /home/airflow/.local/lib/python3.7/site-packages/airflow/example_dags/example_bash_operator.py took 0.172 seconds
[2023-06-13T01:55:26.048+0000] {processor.py:157} INFO - Started process (PID=249) to work on /home/airflow/.local/lib/python3.7/site-packages/airflow/example_dags/example_bash_operator.py
[2023-06-13T01:55:26.050+0000] {processor.py:826} INFO - Processing file /home/airflow/.local/lib/python3.7/site-packages/airflow/example_dags/example_bash_operator.py for tasks to queue
[2023-06-13T01:55:26.052+0000] {logging_mixin.py:149} INFO - [2023-06-13T01:55:26.051+0000] {dagbag.py:541} INFO - Filling up the DagBag from /home/airflow/.local/lib/python3.7/site-packages/airflow/example_dags/example_bash_operator.py
[2023-06-13T01:55:26.071+0000] {processor.py:836} INFO - DAG(s) dict_keys(['example_bash_operator']) retrieved from /home/airflow/.local/lib/python3.7/site-packages/airflow/example_dags/example_bash_operator.py
[2023-06-13T01:55:26.131+0000] {logging_mixin.py:149} INFO - [2023-06-13T01:55:26.131+0000] {dag.py:2726} INFO - Sync 1 DAGs
[2023-06-13T01:55:26.179+0000] {logging_mixin.py:149} INFO - [2023-06-13T01:55:26.179+0000] {dag.py:3490} INFO - Setting next_dagrun for example_bash_operator to 2023-06-12T00:00:00+00:00, run_after=2023-06-13T00:00:00+00:00
[2023-06-13T01:55:26.215+0000] {processor.py:179} INFO - Processing /home/airflow/.local/lib/python3.7/site-packages/airflow/example_dags/example_bash_operator.py took 0.170 seconds
[2023-06-13T01:55:56.459+0000] {processor.py:157} INFO - Started process (PID=309) to work on /home/airflow/.local/lib/python3.7/site-packages/airflow/example_dags/example_bash_operator.py
[2023-06-13T01:55:56.461+0000] {processor.py:826} INFO - Processing file /home/airflow/.local/lib/python3.7/site-packages/airflow/example_dags/example_bash_operator.py for tasks to queue
[2023-06-13T01:55:56.462+0000] {logging_mixin.py:149} INFO - [2023-06-13T01:55:56.462+0000] {dagbag.py:541} INFO - Filling up the DagBag from /home/airflow/.local/lib/python3.7/site-packages/airflow/example_dags/example_bash_operator.py
[2023-06-13T01:55:56.480+0000] {processor.py:836} INFO - DAG(s) dict_keys(['example_bash_operator']) retrieved from /home/airflow/.local/lib/python3.7/site-packages/airflow/example_dags/example_bash_operator.py
[2023-06-13T01:55:56.536+0000] {logging_mixin.py:149} INFO - [2023-06-13T01:55:56.535+0000] {dag.py:2726} INFO - Sync 1 DAGs
[2023-06-13T01:55:56.580+0000] {logging_mixin.py:149} INFO - [2023-06-13T01:55:56.579+0000] {dag.py:3490} INFO - Setting next_dagrun for example_bash_operator to 2023-06-12T00:00:00+00:00, run_after=2023-06-13T00:00:00+00:00
[2023-06-13T01:55:56.616+0000] {processor.py:179} INFO - Processing /home/airflow/.local/lib/python3.7/site-packages/airflow/example_dags/example_bash_operator.py took 0.161 seconds
[2023-06-13T01:56:26.940+0000] {processor.py:157} INFO - Started process (PID=369) to work on /home/airflow/.local/lib/python3.7/site-packages/airflow/example_dags/example_bash_operator.py
[2023-06-13T01:56:26.942+0000] {processor.py:826} INFO - Processing file /home/airflow/.local/lib/python3.7/site-packages/airflow/example_dags/example_bash_operator.py for tasks to queue
[2023-06-13T01:56:26.944+0000] {logging_mixin.py:149} INFO - [2023-06-13T01:56:26.943+0000] {dagbag.py:541} INFO - Filling up the DagBag from /home/airflow/.local/lib/python3.7/site-packages/airflow/example_dags/example_bash_operator.py
[2023-06-13T01:56:26.966+0000] {processor.py:836} INFO - DAG(s) dict_keys(['example_bash_operator']) retrieved from /home/airflow/.local/lib/python3.7/site-packages/airflow/example_dags/example_bash_operator.py
[2023-06-13T01:56:27.022+0000] {logging_mixin.py:149} INFO - [2023-06-13T01:56:27.021+0000] {dag.py:2726} INFO - Sync 1 DAGs
[2023-06-13T01:56:27.068+0000] {logging_mixin.py:149} INFO - [2023-06-13T01:56:27.068+0000] {dag.py:3490} INFO - Setting next_dagrun for example_bash_operator to 2023-06-12T00:00:00+00:00, run_after=2023-06-13T00:00:00+00:00
[2023-06-13T01:56:27.103+0000] {processor.py:179} INFO - Processing /home/airflow/.local/lib/python3.7/site-packages/airflow/example_dags/example_bash_operator.py took 0.168 seconds
[2023-06-13T01:56:57.337+0000] {processor.py:157} INFO - Started process (PID=430) to work on /home/airflow/.local/lib/python3.7/site-packages/airflow/example_dags/example_bash_operator.py
[2023-06-13T01:56:57.339+0000] {processor.py:826} INFO - Processing file /home/airflow/.local/lib/python3.7/site-packages/airflow/example_dags/example_bash_operator.py for tasks to queue
[2023-06-13T01:56:57.341+0000] {logging_mixin.py:149} INFO - [2023-06-13T01:56:57.340+0000] {dagbag.py:541} INFO - Filling up the DagBag from /home/airflow/.local/lib/python3.7/site-packages/airflow/example_dags/example_bash_operator.py
[2023-06-13T01:56:57.363+0000] {processor.py:836} INFO - DAG(s) dict_keys(['example_bash_operator']) retrieved from /home/airflow/.local/lib/python3.7/site-packages/airflow/example_dags/example_bash_operator.py
[2023-06-13T01:56:57.415+0000] {logging_mixin.py:149} INFO - [2023-06-13T01:56:57.415+0000] {dag.py:2726} INFO - Sync 1 DAGs
[2023-06-13T01:56:57.462+0000] {logging_mixin.py:149} INFO - [2023-06-13T01:56:57.462+0000] {dag.py:3490} INFO - Setting next_dagrun for example_bash_operator to 2023-06-12T00:00:00+00:00, run_after=2023-06-13T00:00:00+00:00
[2023-06-13T01:56:57.493+0000] {processor.py:179} INFO - Processing /home/airflow/.local/lib/python3.7/site-packages/airflow/example_dags/example_bash_operator.py took 0.162 seconds
[2023-06-13T01:57:28.356+0000] {processor.py:157} INFO - Started process (PID=490) to work on /home/airflow/.local/lib/python3.7/site-packages/airflow/example_dags/example_bash_operator.py
[2023-06-13T01:57:28.358+0000] {processor.py:826} INFO - Processing file /home/airflow/.local/lib/python3.7/site-packages/airflow/example_dags/example_bash_operator.py for tasks to queue
[2023-06-13T01:57:28.360+0000] {logging_mixin.py:149} INFO - [2023-06-13T01:57:28.359+0000] {dagbag.py:541} INFO - Filling up the DagBag from /home/airflow/.local/lib/python3.7/site-packages/airflow/example_dags/example_bash_operator.py
[2023-06-13T01:57:28.383+0000] {processor.py:836} INFO - DAG(s) dict_keys(['example_bash_operator']) retrieved from /home/airflow/.local/lib/python3.7/site-packages/airflow/example_dags/example_bash_operator.py
[2023-06-13T01:57:28.471+0000] {logging_mixin.py:149} INFO - [2023-06-13T01:57:28.470+0000] {dag.py:2726} INFO - Sync 1 DAGs
[2023-06-13T01:57:28.525+0000] {logging_mixin.py:149} INFO - [2023-06-13T01:57:28.525+0000] {dag.py:3490} INFO - Setting next_dagrun for example_bash_operator to 2023-06-12T00:00:00+00:00, run_after=2023-06-13T00:00:00+00:00
[2023-06-13T01:57:28.567+0000] {processor.py:179} INFO - Processing /home/airflow/.local/lib/python3.7/site-packages/airflow/example_dags/example_bash_operator.py took 0.218 seconds
[2023-06-13T01:57:58.994+0000] {processor.py:157} INFO - Started process (PID=550) to work on /home/airflow/.local/lib/python3.7/site-packages/airflow/example_dags/example_bash_operator.py
[2023-06-13T01:57:58.995+0000] {processor.py:826} INFO - Processing file /home/airflow/.local/lib/python3.7/site-packages/airflow/example_dags/example_bash_operator.py for tasks to queue
[2023-06-13T01:57:58.996+0000] {logging_mixin.py:149} INFO - [2023-06-13T01:57:58.996+0000] {dagbag.py:541} INFO - Filling up the DagBag from /home/airflow/.local/lib/python3.7/site-packages/airflow/example_dags/example_bash_operator.py
[2023-06-13T01:57:59.017+0000] {processor.py:836} INFO - DAG(s) dict_keys(['example_bash_operator']) retrieved from /home/airflow/.local/lib/python3.7/site-packages/airflow/example_dags/example_bash_operator.py
[2023-06-13T01:57:59.036+0000] {logging_mixin.py:149} INFO - [2023-06-13T01:57:59.036+0000] {dag.py:2726} INFO - Sync 1 DAGs
[2023-06-13T01:57:59.090+0000] {logging_mixin.py:149} INFO - [2023-06-13T01:57:59.089+0000] {dag.py:3490} INFO - Setting next_dagrun for example_bash_operator to 2023-06-12T00:00:00+00:00, run_after=2023-06-13T00:00:00+00:00
[2023-06-13T01:57:59.129+0000] {processor.py:179} INFO - Processing /home/airflow/.local/lib/python3.7/site-packages/airflow/example_dags/example_bash_operator.py took 0.138 seconds
[2023-06-13T01:58:29.379+0000] {processor.py:157} INFO - Started process (PID=610) to work on /home/airflow/.local/lib/python3.7/site-packages/airflow/example_dags/example_bash_operator.py
[2023-06-13T01:58:29.381+0000] {processor.py:826} INFO - Processing file /home/airflow/.local/lib/python3.7/site-packages/airflow/example_dags/example_bash_operator.py for tasks to queue
[2023-06-13T01:58:29.382+0000] {logging_mixin.py:149} INFO - [2023-06-13T01:58:29.382+0000] {dagbag.py:541} INFO - Filling up the DagBag from /home/airflow/.local/lib/python3.7/site-packages/airflow/example_dags/example_bash_operator.py
[2023-06-13T01:58:29.410+0000] {processor.py:836} INFO - DAG(s) dict_keys(['example_bash_operator']) retrieved from /home/airflow/.local/lib/python3.7/site-packages/airflow/example_dags/example_bash_operator.py
[2023-06-13T01:58:29.475+0000] {logging_mixin.py:149} INFO - [2023-06-13T01:58:29.474+0000] {dag.py:2726} INFO - Sync 1 DAGs
[2023-06-13T01:58:29.528+0000] {logging_mixin.py:149} INFO - [2023-06-13T01:58:29.527+0000] {dag.py:3490} INFO - Setting next_dagrun for example_bash_operator to 2023-06-12T00:00:00+00:00, run_after=2023-06-13T00:00:00+00:00
[2023-06-13T01:58:29.567+0000] {processor.py:179} INFO - Processing /home/airflow/.local/lib/python3.7/site-packages/airflow/example_dags/example_bash_operator.py took 0.192 seconds
[2023-06-13T01:58:59.762+0000] {processor.py:157} INFO - Started process (PID=670) to work on /home/airflow/.local/lib/python3.7/site-packages/airflow/example_dags/example_bash_operator.py
[2023-06-13T01:58:59.763+0000] {processor.py:826} INFO - Processing file /home/airflow/.local/lib/python3.7/site-packages/airflow/example_dags/example_bash_operator.py for tasks to queue
[2023-06-13T01:58:59.765+0000] {logging_mixin.py:149} INFO - [2023-06-13T01:58:59.765+0000] {dagbag.py:541} INFO - Filling up the DagBag from /home/airflow/.local/lib/python3.7/site-packages/airflow/example_dags/example_bash_operator.py
[2023-06-13T01:58:59.782+0000] {processor.py:836} INFO - DAG(s) dict_keys(['example_bash_operator']) retrieved from /home/airflow/.local/lib/python3.7/site-packages/airflow/example_dags/example_bash_operator.py
[2023-06-13T01:58:59.847+0000] {logging_mixin.py:149} INFO - [2023-06-13T01:58:59.846+0000] {dag.py:2726} INFO - Sync 1 DAGs
[2023-06-13T01:58:59.896+0000] {logging_mixin.py:149} INFO - [2023-06-13T01:58:59.896+0000] {dag.py:3490} INFO - Setting next_dagrun for example_bash_operator to 2023-06-12T00:00:00+00:00, run_after=2023-06-13T00:00:00+00:00
[2023-06-13T01:58:59.950+0000] {processor.py:179} INFO - Processing /home/airflow/.local/lib/python3.7/site-packages/airflow/example_dags/example_bash_operator.py took 0.191 seconds
[2023-06-13T01:59:30.131+0000] {processor.py:157} INFO - Started process (PID=730) to work on /home/airflow/.local/lib/python3.7/site-packages/airflow/example_dags/example_bash_operator.py
[2023-06-13T01:59:30.133+0000] {processor.py:826} INFO - Processing file /home/airflow/.local/lib/python3.7/site-packages/airflow/example_dags/example_bash_operator.py for tasks to queue
[2023-06-13T01:59:30.134+0000] {logging_mixin.py:149} INFO - [2023-06-13T01:59:30.134+0000] {dagbag.py:541} INFO - Filling up the DagBag from /home/airflow/.local/lib/python3.7/site-packages/airflow/example_dags/example_bash_operator.py
[2023-06-13T01:59:30.151+0000] {processor.py:836} INFO - DAG(s) dict_keys(['example_bash_operator']) retrieved from /home/airflow/.local/lib/python3.7/site-packages/airflow/example_dags/example_bash_operator.py
[2023-06-13T01:59:30.209+0000] {logging_mixin.py:149} INFO - [2023-06-13T01:59:30.209+0000] {dag.py:2726} INFO - Sync 1 DAGs
[2023-06-13T01:59:30.249+0000] {logging_mixin.py:149} INFO - [2023-06-13T01:59:30.249+0000] {dag.py:3490} INFO - Setting next_dagrun for example_bash_operator to 2023-06-12T00:00:00+00:00, run_after=2023-06-13T00:00:00+00:00
[2023-06-13T01:59:30.284+0000] {processor.py:179} INFO - Processing /home/airflow/.local/lib/python3.7/site-packages/airflow/example_dags/example_bash_operator.py took 0.156 seconds
[2023-06-13T02:01:03.331+0000] {processor.py:157} INFO - Started process (PID=67) to work on /home/airflow/.local/lib/python3.7/site-packages/airflow/example_dags/example_bash_operator.py
[2023-06-13T02:01:03.333+0000] {processor.py:826} INFO - Processing file /home/airflow/.local/lib/python3.7/site-packages/airflow/example_dags/example_bash_operator.py for tasks to queue
[2023-06-13T02:01:03.336+0000] {logging_mixin.py:149} INFO - [2023-06-13T02:01:03.335+0000] {dagbag.py:541} INFO - Filling up the DagBag from /home/airflow/.local/lib/python3.7/site-packages/airflow/example_dags/example_bash_operator.py
[2023-06-13T02:01:03.397+0000] {processor.py:836} INFO - DAG(s) dict_keys(['example_bash_operator']) retrieved from /home/airflow/.local/lib/python3.7/site-packages/airflow/example_dags/example_bash_operator.py
[2023-06-13T02:01:03.611+0000] {logging_mixin.py:149} INFO - [2023-06-13T02:01:03.610+0000] {dag.py:2726} INFO - Sync 1 DAGs
[2023-06-13T02:01:03.734+0000] {logging_mixin.py:149} INFO - [2023-06-13T02:01:03.734+0000] {dag.py:3490} INFO - Setting next_dagrun for example_bash_operator to 2023-06-12T00:00:00+00:00, run_after=2023-06-13T00:00:00+00:00
[2023-06-13T02:01:03.818+0000] {processor.py:179} INFO - Processing /home/airflow/.local/lib/python3.7/site-packages/airflow/example_dags/example_bash_operator.py took 0.494 seconds
[2023-06-13T02:01:34.615+0000] {processor.py:157} INFO - Started process (PID=126) to work on /home/airflow/.local/lib/python3.7/site-packages/airflow/example_dags/example_bash_operator.py
[2023-06-13T02:01:34.617+0000] {processor.py:826} INFO - Processing file /home/airflow/.local/lib/python3.7/site-packages/airflow/example_dags/example_bash_operator.py for tasks to queue
[2023-06-13T02:01:34.619+0000] {logging_mixin.py:149} INFO - [2023-06-13T02:01:34.619+0000] {dagbag.py:541} INFO - Filling up the DagBag from /home/airflow/.local/lib/python3.7/site-packages/airflow/example_dags/example_bash_operator.py
[2023-06-13T02:01:34.654+0000] {processor.py:836} INFO - DAG(s) dict_keys(['example_bash_operator']) retrieved from /home/airflow/.local/lib/python3.7/site-packages/airflow/example_dags/example_bash_operator.py
[2023-06-13T02:01:34.774+0000] {logging_mixin.py:149} INFO - [2023-06-13T02:01:34.774+0000] {dag.py:2726} INFO - Sync 1 DAGs
[2023-06-13T02:01:34.857+0000] {logging_mixin.py:149} INFO - [2023-06-13T02:01:34.857+0000] {dag.py:3490} INFO - Setting next_dagrun for example_bash_operator to 2023-06-12T00:00:00+00:00, run_after=2023-06-13T00:00:00+00:00
[2023-06-13T02:01:34.925+0000] {processor.py:179} INFO - Processing /home/airflow/.local/lib/python3.7/site-packages/airflow/example_dags/example_bash_operator.py took 0.318 seconds
[2023-06-13T02:02:08.921+0000] {processor.py:157} INFO - Started process (PID=186) to work on /home/airflow/.local/lib/python3.7/site-packages/airflow/example_dags/example_bash_operator.py
[2023-06-13T02:02:08.935+0000] {processor.py:826} INFO - Processing file /home/airflow/.local/lib/python3.7/site-packages/airflow/example_dags/example_bash_operator.py for tasks to queue
[2023-06-13T02:02:08.938+0000] {logging_mixin.py:149} INFO - [2023-06-13T02:02:08.937+0000] {dagbag.py:541} INFO - Filling up the DagBag from /home/airflow/.local/lib/python3.7/site-packages/airflow/example_dags/example_bash_operator.py
[2023-06-13T02:02:09.053+0000] {processor.py:836} INFO - DAG(s) dict_keys(['example_bash_operator']) retrieved from /home/airflow/.local/lib/python3.7/site-packages/airflow/example_dags/example_bash_operator.py
[2023-06-13T02:02:09.364+0000] {logging_mixin.py:149} INFO - [2023-06-13T02:02:09.360+0000] {dag.py:2726} INFO - Sync 1 DAGs
[2023-06-13T02:02:09.638+0000] {logging_mixin.py:149} INFO - [2023-06-13T02:02:09.638+0000] {dag.py:3490} INFO - Setting next_dagrun for example_bash_operator to 2023-06-12T00:00:00+00:00, run_after=2023-06-13T00:00:00+00:00
[2023-06-13T02:02:09.799+0000] {processor.py:179} INFO - Processing /home/airflow/.local/lib/python3.7/site-packages/airflow/example_dags/example_bash_operator.py took 0.896 seconds
[2023-06-13T02:32:28.665+0000] {processor.py:157} INFO - Started process (PID=78) to work on /home/airflow/.local/lib/python3.7/site-packages/airflow/example_dags/example_bash_operator.py
[2023-06-13T02:32:28.669+0000] {processor.py:826} INFO - Processing file /home/airflow/.local/lib/python3.7/site-packages/airflow/example_dags/example_bash_operator.py for tasks to queue
[2023-06-13T02:32:28.673+0000] {logging_mixin.py:149} INFO - [2023-06-13T02:32:28.673+0000] {dagbag.py:541} INFO - Filling up the DagBag from /home/airflow/.local/lib/python3.7/site-packages/airflow/example_dags/example_bash_operator.py
[2023-06-13T02:32:28.732+0000] {processor.py:836} INFO - DAG(s) dict_keys(['example_bash_operator']) retrieved from /home/airflow/.local/lib/python3.7/site-packages/airflow/example_dags/example_bash_operator.py
[2023-06-13T02:32:28.935+0000] {logging_mixin.py:149} INFO - [2023-06-13T02:32:28.934+0000] {dag.py:2726} INFO - Sync 1 DAGs
[2023-06-13T02:32:29.264+0000] {logging_mixin.py:149} INFO - [2023-06-13T02:32:29.263+0000] {dag.py:3490} INFO - Setting next_dagrun for example_bash_operator to 2023-06-12T00:00:00+00:00, run_after=2023-06-13T00:00:00+00:00
[2023-06-13T02:32:29.610+0000] {processor.py:179} INFO - Processing /home/airflow/.local/lib/python3.7/site-packages/airflow/example_dags/example_bash_operator.py took 0.958 seconds
[2023-06-13T02:33:00.074+0000] {processor.py:157} INFO - Started process (PID=138) to work on /home/airflow/.local/lib/python3.7/site-packages/airflow/example_dags/example_bash_operator.py
[2023-06-13T02:33:00.077+0000] {processor.py:826} INFO - Processing file /home/airflow/.local/lib/python3.7/site-packages/airflow/example_dags/example_bash_operator.py for tasks to queue
[2023-06-13T02:33:00.079+0000] {logging_mixin.py:149} INFO - [2023-06-13T02:33:00.078+0000] {dagbag.py:541} INFO - Filling up the DagBag from /home/airflow/.local/lib/python3.7/site-packages/airflow/example_dags/example_bash_operator.py
[2023-06-13T02:33:00.115+0000] {processor.py:836} INFO - DAG(s) dict_keys(['example_bash_operator']) retrieved from /home/airflow/.local/lib/python3.7/site-packages/airflow/example_dags/example_bash_operator.py
[2023-06-13T02:33:00.209+0000] {logging_mixin.py:149} INFO - [2023-06-13T02:33:00.208+0000] {dag.py:2726} INFO - Sync 1 DAGs
[2023-06-13T02:33:00.306+0000] {logging_mixin.py:149} INFO - [2023-06-13T02:33:00.305+0000] {dag.py:3490} INFO - Setting next_dagrun for example_bash_operator to 2023-06-12T00:00:00+00:00, run_after=2023-06-13T00:00:00+00:00
[2023-06-13T02:33:00.356+0000] {processor.py:179} INFO - Processing /home/airflow/.local/lib/python3.7/site-packages/airflow/example_dags/example_bash_operator.py took 0.293 seconds
[2023-06-13T02:33:50.652+0000] {processor.py:157} INFO - Started process (PID=197) to work on /home/airflow/.local/lib/python3.7/site-packages/airflow/example_dags/example_bash_operator.py
[2023-06-13T02:33:50.658+0000] {processor.py:826} INFO - Processing file /home/airflow/.local/lib/python3.7/site-packages/airflow/example_dags/example_bash_operator.py for tasks to queue
[2023-06-13T02:33:50.662+0000] {logging_mixin.py:149} INFO - [2023-06-13T02:33:50.661+0000] {dagbag.py:541} INFO - Filling up the DagBag from /home/airflow/.local/lib/python3.7/site-packages/airflow/example_dags/example_bash_operator.py
[2023-06-13T02:33:50.728+0000] {processor.py:836} INFO - DAG(s) dict_keys(['example_bash_operator']) retrieved from /home/airflow/.local/lib/python3.7/site-packages/airflow/example_dags/example_bash_operator.py
[2023-06-13T02:33:51.489+0000] {logging_mixin.py:149} INFO - [2023-06-13T02:33:51.488+0000] {dag.py:2726} INFO - Sync 1 DAGs
[2023-06-13T02:33:51.833+0000] {logging_mixin.py:149} INFO - [2023-06-13T02:33:51.832+0000] {dag.py:3490} INFO - Setting next_dagrun for example_bash_operator to 2023-06-12T00:00:00+00:00, run_after=2023-06-13T00:00:00+00:00
[2023-06-13T02:33:52.099+0000] {processor.py:179} INFO - Processing /home/airflow/.local/lib/python3.7/site-packages/airflow/example_dags/example_bash_operator.py took 1.454 seconds
[2023-06-13T02:34:30.576+0000] {processor.py:157} INFO - Started process (PID=264) to work on /home/airflow/.local/lib/python3.7/site-packages/airflow/example_dags/example_bash_operator.py
[2023-06-13T02:34:30.582+0000] {processor.py:826} INFO - Processing file /home/airflow/.local/lib/python3.7/site-packages/airflow/example_dags/example_bash_operator.py for tasks to queue
[2023-06-13T02:34:30.590+0000] {logging_mixin.py:149} INFO - [2023-06-13T02:34:30.589+0000] {dagbag.py:541} INFO - Filling up the DagBag from /home/airflow/.local/lib/python3.7/site-packages/airflow/example_dags/example_bash_operator.py
[2023-06-13T02:34:30.682+0000] {processor.py:836} INFO - DAG(s) dict_keys(['example_bash_operator']) retrieved from /home/airflow/.local/lib/python3.7/site-packages/airflow/example_dags/example_bash_operator.py
[2023-06-13T02:34:30.833+0000] {logging_mixin.py:149} INFO - [2023-06-13T02:34:30.832+0000] {dag.py:2726} INFO - Sync 1 DAGs
[2023-06-13T02:34:30.927+0000] {logging_mixin.py:149} INFO - [2023-06-13T02:34:30.927+0000] {dag.py:3490} INFO - Setting next_dagrun for example_bash_operator to 2023-06-12T00:00:00+00:00, run_after=2023-06-13T00:00:00+00:00
[2023-06-13T02:34:31.011+0000] {processor.py:179} INFO - Processing /home/airflow/.local/lib/python3.7/site-packages/airflow/example_dags/example_bash_operator.py took 0.452 seconds
[2023-06-13T02:35:03.336+0000] {processor.py:157} INFO - Started process (PID=324) to work on /home/airflow/.local/lib/python3.7/site-packages/airflow/example_dags/example_bash_operator.py
[2023-06-13T02:35:03.340+0000] {processor.py:826} INFO - Processing file /home/airflow/.local/lib/python3.7/site-packages/airflow/example_dags/example_bash_operator.py for tasks to queue
[2023-06-13T02:35:03.343+0000] {logging_mixin.py:149} INFO - [2023-06-13T02:35:03.343+0000] {dagbag.py:541} INFO - Filling up the DagBag from /home/airflow/.local/lib/python3.7/site-packages/airflow/example_dags/example_bash_operator.py
[2023-06-13T02:35:03.398+0000] {processor.py:836} INFO - DAG(s) dict_keys(['example_bash_operator']) retrieved from /home/airflow/.local/lib/python3.7/site-packages/airflow/example_dags/example_bash_operator.py
[2023-06-13T02:35:03.604+0000] {logging_mixin.py:149} INFO - [2023-06-13T02:35:03.603+0000] {dag.py:2726} INFO - Sync 1 DAGs
[2023-06-13T02:35:03.735+0000] {logging_mixin.py:149} INFO - [2023-06-13T02:35:03.735+0000] {dag.py:3490} INFO - Setting next_dagrun for example_bash_operator to 2023-06-12T00:00:00+00:00, run_after=2023-06-13T00:00:00+00:00
[2023-06-13T02:35:03.824+0000] {processor.py:179} INFO - Processing /home/airflow/.local/lib/python3.7/site-packages/airflow/example_dags/example_bash_operator.py took 0.500 seconds
[2023-06-13T02:35:35.441+0000] {processor.py:157} INFO - Started process (PID=385) to work on /home/airflow/.local/lib/python3.7/site-packages/airflow/example_dags/example_bash_operator.py
[2023-06-13T02:35:35.445+0000] {processor.py:826} INFO - Processing file /home/airflow/.local/lib/python3.7/site-packages/airflow/example_dags/example_bash_operator.py for tasks to queue
[2023-06-13T02:35:35.455+0000] {logging_mixin.py:149} INFO - [2023-06-13T02:35:35.453+0000] {dagbag.py:541} INFO - Filling up the DagBag from /home/airflow/.local/lib/python3.7/site-packages/airflow/example_dags/example_bash_operator.py
[2023-06-13T02:35:35.525+0000] {processor.py:836} INFO - DAG(s) dict_keys(['example_bash_operator']) retrieved from /home/airflow/.local/lib/python3.7/site-packages/airflow/example_dags/example_bash_operator.py
[2023-06-13T02:35:35.687+0000] {logging_mixin.py:149} INFO - [2023-06-13T02:35:35.687+0000] {dag.py:2726} INFO - Sync 1 DAGs
[2023-06-13T02:35:35.777+0000] {logging_mixin.py:149} INFO - [2023-06-13T02:35:35.777+0000] {dag.py:3490} INFO - Setting next_dagrun for example_bash_operator to 2023-06-12T00:00:00+00:00, run_after=2023-06-13T00:00:00+00:00
[2023-06-13T02:35:35.858+0000] {processor.py:179} INFO - Processing /home/airflow/.local/lib/python3.7/site-packages/airflow/example_dags/example_bash_operator.py took 0.435 seconds
[2023-06-13T02:36:07.759+0000] {processor.py:157} INFO - Started process (PID=444) to work on /home/airflow/.local/lib/python3.7/site-packages/airflow/example_dags/example_bash_operator.py
[2023-06-13T02:36:07.763+0000] {processor.py:826} INFO - Processing file /home/airflow/.local/lib/python3.7/site-packages/airflow/example_dags/example_bash_operator.py for tasks to queue
[2023-06-13T02:36:07.768+0000] {logging_mixin.py:149} INFO - [2023-06-13T02:36:07.767+0000] {dagbag.py:541} INFO - Filling up the DagBag from /home/airflow/.local/lib/python3.7/site-packages/airflow/example_dags/example_bash_operator.py
[2023-06-13T02:36:07.838+0000] {processor.py:836} INFO - DAG(s) dict_keys(['example_bash_operator']) retrieved from /home/airflow/.local/lib/python3.7/site-packages/airflow/example_dags/example_bash_operator.py
[2023-06-13T02:36:07.995+0000] {logging_mixin.py:149} INFO - [2023-06-13T02:36:07.994+0000] {dag.py:2726} INFO - Sync 1 DAGs
[2023-06-13T02:36:08.177+0000] {logging_mixin.py:149} INFO - [2023-06-13T02:36:08.176+0000] {dag.py:3490} INFO - Setting next_dagrun for example_bash_operator to 2023-06-12T00:00:00+00:00, run_after=2023-06-13T00:00:00+00:00
[2023-06-13T02:36:08.325+0000] {processor.py:179} INFO - Processing /home/airflow/.local/lib/python3.7/site-packages/airflow/example_dags/example_bash_operator.py took 0.578 seconds
[2023-06-13T02:36:38.727+0000] {processor.py:157} INFO - Started process (PID=507) to work on /home/airflow/.local/lib/python3.7/site-packages/airflow/example_dags/example_bash_operator.py
[2023-06-13T02:36:38.729+0000] {processor.py:826} INFO - Processing file /home/airflow/.local/lib/python3.7/site-packages/airflow/example_dags/example_bash_operator.py for tasks to queue
[2023-06-13T02:36:38.732+0000] {logging_mixin.py:149} INFO - [2023-06-13T02:36:38.731+0000] {dagbag.py:541} INFO - Filling up the DagBag from /home/airflow/.local/lib/python3.7/site-packages/airflow/example_dags/example_bash_operator.py
[2023-06-13T02:36:38.765+0000] {processor.py:836} INFO - DAG(s) dict_keys(['example_bash_operator']) retrieved from /home/airflow/.local/lib/python3.7/site-packages/airflow/example_dags/example_bash_operator.py
[2023-06-13T02:36:38.861+0000] {logging_mixin.py:149} INFO - [2023-06-13T02:36:38.860+0000] {dag.py:2726} INFO - Sync 1 DAGs
[2023-06-13T02:36:38.933+0000] {logging_mixin.py:149} INFO - [2023-06-13T02:36:38.933+0000] {dag.py:3490} INFO - Setting next_dagrun for example_bash_operator to 2023-06-12T00:00:00+00:00, run_after=2023-06-13T00:00:00+00:00
[2023-06-13T02:36:38.997+0000] {processor.py:179} INFO - Processing /home/airflow/.local/lib/python3.7/site-packages/airflow/example_dags/example_bash_operator.py took 0.275 seconds
[2023-06-13T02:37:10.045+0000] {processor.py:157} INFO - Started process (PID=567) to work on /home/airflow/.local/lib/python3.7/site-packages/airflow/example_dags/example_bash_operator.py
[2023-06-13T02:37:10.050+0000] {processor.py:826} INFO - Processing file /home/airflow/.local/lib/python3.7/site-packages/airflow/example_dags/example_bash_operator.py for tasks to queue
[2023-06-13T02:37:10.055+0000] {logging_mixin.py:149} INFO - [2023-06-13T02:37:10.055+0000] {dagbag.py:541} INFO - Filling up the DagBag from /home/airflow/.local/lib/python3.7/site-packages/airflow/example_dags/example_bash_operator.py
[2023-06-13T02:37:10.117+0000] {processor.py:836} INFO - DAG(s) dict_keys(['example_bash_operator']) retrieved from /home/airflow/.local/lib/python3.7/site-packages/airflow/example_dags/example_bash_operator.py
[2023-06-13T02:37:10.270+0000] {logging_mixin.py:149} INFO - [2023-06-13T02:37:10.269+0000] {dag.py:2726} INFO - Sync 1 DAGs
[2023-06-13T02:37:10.378+0000] {logging_mixin.py:149} INFO - [2023-06-13T02:37:10.378+0000] {dag.py:3490} INFO - Setting next_dagrun for example_bash_operator to 2023-06-12T00:00:00+00:00, run_after=2023-06-13T00:00:00+00:00
[2023-06-13T02:37:10.474+0000] {processor.py:179} INFO - Processing /home/airflow/.local/lib/python3.7/site-packages/airflow/example_dags/example_bash_operator.py took 0.443 seconds
[2023-06-13T02:37:41.609+0000] {processor.py:157} INFO - Started process (PID=627) to work on /home/airflow/.local/lib/python3.7/site-packages/airflow/example_dags/example_bash_operator.py
[2023-06-13T02:37:41.613+0000] {processor.py:826} INFO - Processing file /home/airflow/.local/lib/python3.7/site-packages/airflow/example_dags/example_bash_operator.py for tasks to queue
[2023-06-13T02:37:41.617+0000] {logging_mixin.py:149} INFO - [2023-06-13T02:37:41.616+0000] {dagbag.py:541} INFO - Filling up the DagBag from /home/airflow/.local/lib/python3.7/site-packages/airflow/example_dags/example_bash_operator.py
[2023-06-13T02:37:41.661+0000] {processor.py:836} INFO - DAG(s) dict_keys(['example_bash_operator']) retrieved from /home/airflow/.local/lib/python3.7/site-packages/airflow/example_dags/example_bash_operator.py
[2023-06-13T02:37:41.782+0000] {logging_mixin.py:149} INFO - [2023-06-13T02:37:41.782+0000] {dag.py:2726} INFO - Sync 1 DAGs
[2023-06-13T02:37:41.847+0000] {logging_mixin.py:149} INFO - [2023-06-13T02:37:41.846+0000] {dag.py:3490} INFO - Setting next_dagrun for example_bash_operator to 2023-06-12T00:00:00+00:00, run_after=2023-06-13T00:00:00+00:00
[2023-06-13T02:37:41.909+0000] {processor.py:179} INFO - Processing /home/airflow/.local/lib/python3.7/site-packages/airflow/example_dags/example_bash_operator.py took 0.315 seconds
[2023-06-13T02:38:12.415+0000] {processor.py:157} INFO - Started process (PID=688) to work on /home/airflow/.local/lib/python3.7/site-packages/airflow/example_dags/example_bash_operator.py
[2023-06-13T02:38:12.418+0000] {processor.py:826} INFO - Processing file /home/airflow/.local/lib/python3.7/site-packages/airflow/example_dags/example_bash_operator.py for tasks to queue
[2023-06-13T02:38:12.422+0000] {logging_mixin.py:149} INFO - [2023-06-13T02:38:12.421+0000] {dagbag.py:541} INFO - Filling up the DagBag from /home/airflow/.local/lib/python3.7/site-packages/airflow/example_dags/example_bash_operator.py
[2023-06-13T02:38:12.468+0000] {processor.py:836} INFO - DAG(s) dict_keys(['example_bash_operator']) retrieved from /home/airflow/.local/lib/python3.7/site-packages/airflow/example_dags/example_bash_operator.py
[2023-06-13T02:38:12.578+0000] {logging_mixin.py:149} INFO - [2023-06-13T02:38:12.577+0000] {dag.py:2726} INFO - Sync 1 DAGs
[2023-06-13T02:38:12.655+0000] {logging_mixin.py:149} INFO - [2023-06-13T02:38:12.654+0000] {dag.py:3490} INFO - Setting next_dagrun for example_bash_operator to 2023-06-12T00:00:00+00:00, run_after=2023-06-13T00:00:00+00:00
[2023-06-13T02:38:12.723+0000] {processor.py:179} INFO - Processing /home/airflow/.local/lib/python3.7/site-packages/airflow/example_dags/example_bash_operator.py took 0.315 seconds
[2023-06-13T02:38:43.326+0000] {processor.py:157} INFO - Started process (PID=748) to work on /home/airflow/.local/lib/python3.7/site-packages/airflow/example_dags/example_bash_operator.py
[2023-06-13T02:38:43.329+0000] {processor.py:826} INFO - Processing file /home/airflow/.local/lib/python3.7/site-packages/airflow/example_dags/example_bash_operator.py for tasks to queue
[2023-06-13T02:38:43.333+0000] {logging_mixin.py:149} INFO - [2023-06-13T02:38:43.332+0000] {dagbag.py:541} INFO - Filling up the DagBag from /home/airflow/.local/lib/python3.7/site-packages/airflow/example_dags/example_bash_operator.py
[2023-06-13T02:38:43.381+0000] {processor.py:836} INFO - DAG(s) dict_keys(['example_bash_operator']) retrieved from /home/airflow/.local/lib/python3.7/site-packages/airflow/example_dags/example_bash_operator.py
[2023-06-13T02:38:43.526+0000] {logging_mixin.py:149} INFO - [2023-06-13T02:38:43.526+0000] {dag.py:2726} INFO - Sync 1 DAGs
[2023-06-13T02:38:43.629+0000] {logging_mixin.py:149} INFO - [2023-06-13T02:38:43.629+0000] {dag.py:3490} INFO - Setting next_dagrun for example_bash_operator to 2023-06-12T00:00:00+00:00, run_after=2023-06-13T00:00:00+00:00
[2023-06-13T02:38:43.709+0000] {processor.py:179} INFO - Processing /home/airflow/.local/lib/python3.7/site-packages/airflow/example_dags/example_bash_operator.py took 0.391 seconds
[2023-06-13T02:39:15.131+0000] {processor.py:157} INFO - Started process (PID=808) to work on /home/airflow/.local/lib/python3.7/site-packages/airflow/example_dags/example_bash_operator.py
[2023-06-13T02:39:15.135+0000] {processor.py:826} INFO - Processing file /home/airflow/.local/lib/python3.7/site-packages/airflow/example_dags/example_bash_operator.py for tasks to queue
[2023-06-13T02:39:15.138+0000] {logging_mixin.py:149} INFO - [2023-06-13T02:39:15.138+0000] {dagbag.py:541} INFO - Filling up the DagBag from /home/airflow/.local/lib/python3.7/site-packages/airflow/example_dags/example_bash_operator.py
[2023-06-13T02:39:15.200+0000] {processor.py:836} INFO - DAG(s) dict_keys(['example_bash_operator']) retrieved from /home/airflow/.local/lib/python3.7/site-packages/airflow/example_dags/example_bash_operator.py
[2023-06-13T02:39:15.394+0000] {logging_mixin.py:149} INFO - [2023-06-13T02:39:15.393+0000] {dag.py:2726} INFO - Sync 1 DAGs
[2023-06-13T02:39:15.585+0000] {logging_mixin.py:149} INFO - [2023-06-13T02:39:15.584+0000] {dag.py:3490} INFO - Setting next_dagrun for example_bash_operator to 2023-06-12T00:00:00+00:00, run_after=2023-06-13T00:00:00+00:00
[2023-06-13T02:39:15.696+0000] {processor.py:179} INFO - Processing /home/airflow/.local/lib/python3.7/site-packages/airflow/example_dags/example_bash_operator.py took 0.574 seconds
[2023-06-13T02:39:46.367+0000] {processor.py:157} INFO - Started process (PID=868) to work on /home/airflow/.local/lib/python3.7/site-packages/airflow/example_dags/example_bash_operator.py
[2023-06-13T02:39:46.371+0000] {processor.py:826} INFO - Processing file /home/airflow/.local/lib/python3.7/site-packages/airflow/example_dags/example_bash_operator.py for tasks to queue
[2023-06-13T02:39:46.376+0000] {logging_mixin.py:149} INFO - [2023-06-13T02:39:46.375+0000] {dagbag.py:541} INFO - Filling up the DagBag from /home/airflow/.local/lib/python3.7/site-packages/airflow/example_dags/example_bash_operator.py
[2023-06-13T02:39:46.441+0000] {processor.py:836} INFO - DAG(s) dict_keys(['example_bash_operator']) retrieved from /home/airflow/.local/lib/python3.7/site-packages/airflow/example_dags/example_bash_operator.py
[2023-06-13T02:39:46.635+0000] {logging_mixin.py:149} INFO - [2023-06-13T02:39:46.634+0000] {dag.py:2726} INFO - Sync 1 DAGs
[2023-06-13T02:39:46.819+0000] {logging_mixin.py:149} INFO - [2023-06-13T02:39:46.818+0000] {dag.py:3490} INFO - Setting next_dagrun for example_bash_operator to 2023-06-12T00:00:00+00:00, run_after=2023-06-13T00:00:00+00:00
[2023-06-13T02:39:46.938+0000] {processor.py:179} INFO - Processing /home/airflow/.local/lib/python3.7/site-packages/airflow/example_dags/example_bash_operator.py took 0.583 seconds
[2023-06-13T02:40:17.471+0000] {processor.py:157} INFO - Started process (PID=928) to work on /home/airflow/.local/lib/python3.7/site-packages/airflow/example_dags/example_bash_operator.py
[2023-06-13T02:40:17.476+0000] {processor.py:826} INFO - Processing file /home/airflow/.local/lib/python3.7/site-packages/airflow/example_dags/example_bash_operator.py for tasks to queue
[2023-06-13T02:40:17.485+0000] {logging_mixin.py:149} INFO - [2023-06-13T02:40:17.483+0000] {dagbag.py:541} INFO - Filling up the DagBag from /home/airflow/.local/lib/python3.7/site-packages/airflow/example_dags/example_bash_operator.py
[2023-06-13T02:40:17.550+0000] {processor.py:836} INFO - DAG(s) dict_keys(['example_bash_operator']) retrieved from /home/airflow/.local/lib/python3.7/site-packages/airflow/example_dags/example_bash_operator.py
[2023-06-13T02:40:17.706+0000] {logging_mixin.py:149} INFO - [2023-06-13T02:40:17.705+0000] {dag.py:2726} INFO - Sync 1 DAGs
[2023-06-13T02:40:17.821+0000] {logging_mixin.py:149} INFO - [2023-06-13T02:40:17.821+0000] {dag.py:3490} INFO - Setting next_dagrun for example_bash_operator to 2023-06-12T00:00:00+00:00, run_after=2023-06-13T00:00:00+00:00
[2023-06-13T02:40:17.904+0000] {processor.py:179} INFO - Processing /home/airflow/.local/lib/python3.7/site-packages/airflow/example_dags/example_bash_operator.py took 0.442 seconds
[2023-06-13T02:40:48.554+0000] {processor.py:157} INFO - Started process (PID=988) to work on /home/airflow/.local/lib/python3.7/site-packages/airflow/example_dags/example_bash_operator.py
[2023-06-13T02:40:48.558+0000] {processor.py:826} INFO - Processing file /home/airflow/.local/lib/python3.7/site-packages/airflow/example_dags/example_bash_operator.py for tasks to queue
[2023-06-13T02:40:48.562+0000] {logging_mixin.py:149} INFO - [2023-06-13T02:40:48.561+0000] {dagbag.py:541} INFO - Filling up the DagBag from /home/airflow/.local/lib/python3.7/site-packages/airflow/example_dags/example_bash_operator.py
[2023-06-13T02:40:48.606+0000] {processor.py:836} INFO - DAG(s) dict_keys(['example_bash_operator']) retrieved from /home/airflow/.local/lib/python3.7/site-packages/airflow/example_dags/example_bash_operator.py
[2023-06-13T02:40:48.765+0000] {logging_mixin.py:149} INFO - [2023-06-13T02:40:48.764+0000] {dag.py:2726} INFO - Sync 1 DAGs
[2023-06-13T02:40:48.872+0000] {logging_mixin.py:149} INFO - [2023-06-13T02:40:48.872+0000] {dag.py:3490} INFO - Setting next_dagrun for example_bash_operator to 2023-06-12T00:00:00+00:00, run_after=2023-06-13T00:00:00+00:00
[2023-06-13T02:40:48.944+0000] {processor.py:179} INFO - Processing /home/airflow/.local/lib/python3.7/site-packages/airflow/example_dags/example_bash_operator.py took 0.402 seconds
[2023-06-13T02:41:19.266+0000] {processor.py:157} INFO - Started process (PID=1048) to work on /home/airflow/.local/lib/python3.7/site-packages/airflow/example_dags/example_bash_operator.py
[2023-06-13T02:41:19.269+0000] {processor.py:826} INFO - Processing file /home/airflow/.local/lib/python3.7/site-packages/airflow/example_dags/example_bash_operator.py for tasks to queue
[2023-06-13T02:41:19.273+0000] {logging_mixin.py:149} INFO - [2023-06-13T02:41:19.272+0000] {dagbag.py:541} INFO - Filling up the DagBag from /home/airflow/.local/lib/python3.7/site-packages/airflow/example_dags/example_bash_operator.py
[2023-06-13T02:41:19.340+0000] {processor.py:836} INFO - DAG(s) dict_keys(['example_bash_operator']) retrieved from /home/airflow/.local/lib/python3.7/site-packages/airflow/example_dags/example_bash_operator.py
[2023-06-13T02:41:19.529+0000] {logging_mixin.py:149} INFO - [2023-06-13T02:41:19.528+0000] {dag.py:2726} INFO - Sync 1 DAGs
[2023-06-13T02:41:19.672+0000] {logging_mixin.py:149} INFO - [2023-06-13T02:41:19.671+0000] {dag.py:3490} INFO - Setting next_dagrun for example_bash_operator to 2023-06-12T00:00:00+00:00, run_after=2023-06-13T00:00:00+00:00
[2023-06-13T02:41:19.772+0000] {processor.py:179} INFO - Processing /home/airflow/.local/lib/python3.7/site-packages/airflow/example_dags/example_bash_operator.py took 0.523 seconds
[2023-06-13T02:41:50.131+0000] {processor.py:157} INFO - Started process (PID=1109) to work on /home/airflow/.local/lib/python3.7/site-packages/airflow/example_dags/example_bash_operator.py
[2023-06-13T02:41:50.133+0000] {processor.py:826} INFO - Processing file /home/airflow/.local/lib/python3.7/site-packages/airflow/example_dags/example_bash_operator.py for tasks to queue
[2023-06-13T02:41:50.136+0000] {logging_mixin.py:149} INFO - [2023-06-13T02:41:50.136+0000] {dagbag.py:541} INFO - Filling up the DagBag from /home/airflow/.local/lib/python3.7/site-packages/airflow/example_dags/example_bash_operator.py
[2023-06-13T02:41:50.199+0000] {processor.py:836} INFO - DAG(s) dict_keys(['example_bash_operator']) retrieved from /home/airflow/.local/lib/python3.7/site-packages/airflow/example_dags/example_bash_operator.py
[2023-06-13T02:41:50.475+0000] {logging_mixin.py:149} INFO - [2023-06-13T02:41:50.474+0000] {dag.py:2726} INFO - Sync 1 DAGs
[2023-06-13T02:41:50.601+0000] {logging_mixin.py:149} INFO - [2023-06-13T02:41:50.600+0000] {dag.py:3490} INFO - Setting next_dagrun for example_bash_operator to 2023-06-12T00:00:00+00:00, run_after=2023-06-13T00:00:00+00:00
[2023-06-13T02:41:50.701+0000] {processor.py:179} INFO - Processing /home/airflow/.local/lib/python3.7/site-packages/airflow/example_dags/example_bash_operator.py took 0.578 seconds
[2023-06-13T02:42:21.653+0000] {processor.py:157} INFO - Started process (PID=1169) to work on /home/airflow/.local/lib/python3.7/site-packages/airflow/example_dags/example_bash_operator.py
[2023-06-13T02:42:21.656+0000] {processor.py:826} INFO - Processing file /home/airflow/.local/lib/python3.7/site-packages/airflow/example_dags/example_bash_operator.py for tasks to queue
[2023-06-13T02:42:21.661+0000] {logging_mixin.py:149} INFO - [2023-06-13T02:42:21.660+0000] {dagbag.py:541} INFO - Filling up the DagBag from /home/airflow/.local/lib/python3.7/site-packages/airflow/example_dags/example_bash_operator.py
[2023-06-13T02:42:21.700+0000] {processor.py:836} INFO - DAG(s) dict_keys(['example_bash_operator']) retrieved from /home/airflow/.local/lib/python3.7/site-packages/airflow/example_dags/example_bash_operator.py
[2023-06-13T02:42:21.843+0000] {logging_mixin.py:149} INFO - [2023-06-13T02:42:21.842+0000] {dag.py:2726} INFO - Sync 1 DAGs
[2023-06-13T02:42:21.976+0000] {logging_mixin.py:149} INFO - [2023-06-13T02:42:21.975+0000] {dag.py:3490} INFO - Setting next_dagrun for example_bash_operator to 2023-06-12T00:00:00+00:00, run_after=2023-06-13T00:00:00+00:00
[2023-06-13T02:42:22.066+0000] {processor.py:179} INFO - Processing /home/airflow/.local/lib/python3.7/site-packages/airflow/example_dags/example_bash_operator.py took 0.420 seconds
[2023-06-13T02:42:54.659+0000] {processor.py:157} INFO - Started process (PID=1236) to work on /home/airflow/.local/lib/python3.7/site-packages/airflow/example_dags/example_bash_operator.py
[2023-06-13T02:42:54.666+0000] {processor.py:826} INFO - Processing file /home/airflow/.local/lib/python3.7/site-packages/airflow/example_dags/example_bash_operator.py for tasks to queue
[2023-06-13T02:42:54.674+0000] {logging_mixin.py:149} INFO - [2023-06-13T02:42:54.674+0000] {dagbag.py:541} INFO - Filling up the DagBag from /home/airflow/.local/lib/python3.7/site-packages/airflow/example_dags/example_bash_operator.py
[2023-06-13T02:42:54.801+0000] {processor.py:836} INFO - DAG(s) dict_keys(['example_bash_operator']) retrieved from /home/airflow/.local/lib/python3.7/site-packages/airflow/example_dags/example_bash_operator.py
[2023-06-13T02:42:54.988+0000] {logging_mixin.py:149} INFO - [2023-06-13T02:42:54.987+0000] {dag.py:2726} INFO - Sync 1 DAGs
[2023-06-13T02:42:55.180+0000] {logging_mixin.py:149} INFO - [2023-06-13T02:42:55.179+0000] {dag.py:3490} INFO - Setting next_dagrun for example_bash_operator to 2023-06-12T00:00:00+00:00, run_after=2023-06-13T00:00:00+00:00
[2023-06-13T02:42:55.329+0000] {processor.py:179} INFO - Processing /home/airflow/.local/lib/python3.7/site-packages/airflow/example_dags/example_bash_operator.py took 0.686 seconds
[2023-06-13T02:43:25.874+0000] {processor.py:157} INFO - Started process (PID=1296) to work on /home/airflow/.local/lib/python3.7/site-packages/airflow/example_dags/example_bash_operator.py
[2023-06-13T02:43:25.877+0000] {processor.py:826} INFO - Processing file /home/airflow/.local/lib/python3.7/site-packages/airflow/example_dags/example_bash_operator.py for tasks to queue
[2023-06-13T02:43:25.883+0000] {logging_mixin.py:149} INFO - [2023-06-13T02:43:25.881+0000] {dagbag.py:541} INFO - Filling up the DagBag from /home/airflow/.local/lib/python3.7/site-packages/airflow/example_dags/example_bash_operator.py
[2023-06-13T02:43:25.932+0000] {processor.py:836} INFO - DAG(s) dict_keys(['example_bash_operator']) retrieved from /home/airflow/.local/lib/python3.7/site-packages/airflow/example_dags/example_bash_operator.py
[2023-06-13T02:43:26.036+0000] {logging_mixin.py:149} INFO - [2023-06-13T02:43:26.035+0000] {dag.py:2726} INFO - Sync 1 DAGs
[2023-06-13T02:43:26.140+0000] {logging_mixin.py:149} INFO - [2023-06-13T02:43:26.139+0000] {dag.py:3490} INFO - Setting next_dagrun for example_bash_operator to 2023-06-12T00:00:00+00:00, run_after=2023-06-13T00:00:00+00:00
[2023-06-13T02:43:26.249+0000] {processor.py:179} INFO - Processing /home/airflow/.local/lib/python3.7/site-packages/airflow/example_dags/example_bash_operator.py took 0.383 seconds
[2023-06-13T02:43:56.940+0000] {processor.py:157} INFO - Started process (PID=1356) to work on /home/airflow/.local/lib/python3.7/site-packages/airflow/example_dags/example_bash_operator.py
[2023-06-13T02:43:56.942+0000] {processor.py:826} INFO - Processing file /home/airflow/.local/lib/python3.7/site-packages/airflow/example_dags/example_bash_operator.py for tasks to queue
[2023-06-13T02:43:56.944+0000] {logging_mixin.py:149} INFO - [2023-06-13T02:43:56.944+0000] {dagbag.py:541} INFO - Filling up the DagBag from /home/airflow/.local/lib/python3.7/site-packages/airflow/example_dags/example_bash_operator.py
[2023-06-13T02:43:56.975+0000] {processor.py:836} INFO - DAG(s) dict_keys(['example_bash_operator']) retrieved from /home/airflow/.local/lib/python3.7/site-packages/airflow/example_dags/example_bash_operator.py
[2023-06-13T02:43:57.081+0000] {logging_mixin.py:149} INFO - [2023-06-13T02:43:57.081+0000] {dag.py:2726} INFO - Sync 1 DAGs
[2023-06-13T02:43:57.217+0000] {logging_mixin.py:149} INFO - [2023-06-13T02:43:57.216+0000] {dag.py:3490} INFO - Setting next_dagrun for example_bash_operator to 2023-06-12T00:00:00+00:00, run_after=2023-06-13T00:00:00+00:00
[2023-06-13T02:43:57.362+0000] {processor.py:179} INFO - Processing /home/airflow/.local/lib/python3.7/site-packages/airflow/example_dags/example_bash_operator.py took 0.428 seconds
[2023-06-13T02:44:27.644+0000] {processor.py:157} INFO - Started process (PID=1417) to work on /home/airflow/.local/lib/python3.7/site-packages/airflow/example_dags/example_bash_operator.py
[2023-06-13T02:44:27.647+0000] {processor.py:826} INFO - Processing file /home/airflow/.local/lib/python3.7/site-packages/airflow/example_dags/example_bash_operator.py for tasks to queue
[2023-06-13T02:44:27.652+0000] {logging_mixin.py:149} INFO - [2023-06-13T02:44:27.651+0000] {dagbag.py:541} INFO - Filling up the DagBag from /home/airflow/.local/lib/python3.7/site-packages/airflow/example_dags/example_bash_operator.py
[2023-06-13T02:44:27.715+0000] {processor.py:836} INFO - DAG(s) dict_keys(['example_bash_operator']) retrieved from /home/airflow/.local/lib/python3.7/site-packages/airflow/example_dags/example_bash_operator.py
[2023-06-13T02:44:27.885+0000] {logging_mixin.py:149} INFO - [2023-06-13T02:44:27.884+0000] {dag.py:2726} INFO - Sync 1 DAGs
[2023-06-13T02:44:28.030+0000] {logging_mixin.py:149} INFO - [2023-06-13T02:44:28.029+0000] {dag.py:3490} INFO - Setting next_dagrun for example_bash_operator to 2023-06-12T00:00:00+00:00, run_after=2023-06-13T00:00:00+00:00
[2023-06-13T02:44:28.098+0000] {processor.py:179} INFO - Processing /home/airflow/.local/lib/python3.7/site-packages/airflow/example_dags/example_bash_operator.py took 0.462 seconds
