[2023-06-13T01:49:56.633+0000] {processor.py:157} INFO - Started process (PID=33) to work on /home/airflow/.local/lib/python3.7/site-packages/airflow/example_dags/example_short_circuit_operator.py
[2023-06-13T01:49:56.635+0000] {processor.py:826} INFO - Processing file /home/airflow/.local/lib/python3.7/site-packages/airflow/example_dags/example_short_circuit_operator.py for tasks to queue
[2023-06-13T01:49:56.637+0000] {logging_mixin.py:149} INFO - [2023-06-13T01:49:56.637+0000] {dagbag.py:541} INFO - Filling up the DagBag from /home/airflow/.local/lib/python3.7/site-packages/airflow/example_dags/example_short_circuit_operator.py
[2023-06-13T01:49:56.661+0000] {processor.py:836} INFO - DAG(s) dict_keys(['example_short_circuit_operator']) retrieved from /home/airflow/.local/lib/python3.7/site-packages/airflow/example_dags/example_short_circuit_operator.py
[2023-06-13T01:49:56.685+0000] {logging_mixin.py:149} INFO - [2023-06-13T01:49:56.684+0000] {dag.py:2726} INFO - Sync 1 DAGs
[2023-06-13T01:49:56.743+0000] {logging_mixin.py:149} INFO - [2023-06-13T01:49:56.743+0000] {dag.py:3490} INFO - Setting next_dagrun for example_short_circuit_operator to 2023-06-12T01:49:56.742625+00:00, run_after=2023-06-13T01:49:56.742625+00:00
[2023-06-13T01:49:56.788+0000] {processor.py:179} INFO - Processing /home/airflow/.local/lib/python3.7/site-packages/airflow/example_dags/example_short_circuit_operator.py took 0.158 seconds
[2023-06-13T01:50:27.228+0000] {processor.py:157} INFO - Started process (PID=93) to work on /home/airflow/.local/lib/python3.7/site-packages/airflow/example_dags/example_short_circuit_operator.py
[2023-06-13T01:50:27.230+0000] {processor.py:826} INFO - Processing file /home/airflow/.local/lib/python3.7/site-packages/airflow/example_dags/example_short_circuit_operator.py for tasks to queue
[2023-06-13T01:50:27.231+0000] {logging_mixin.py:149} INFO - [2023-06-13T01:50:27.231+0000] {dagbag.py:541} INFO - Filling up the DagBag from /home/airflow/.local/lib/python3.7/site-packages/airflow/example_dags/example_short_circuit_operator.py
[2023-06-13T01:50:27.246+0000] {processor.py:836} INFO - DAG(s) dict_keys(['example_short_circuit_operator']) retrieved from /home/airflow/.local/lib/python3.7/site-packages/airflow/example_dags/example_short_circuit_operator.py
[2023-06-13T01:50:27.298+0000] {logging_mixin.py:149} INFO - [2023-06-13T01:50:27.297+0000] {dag.py:2726} INFO - Sync 1 DAGs
[2023-06-13T01:50:27.354+0000] {logging_mixin.py:149} INFO - [2023-06-13T01:50:27.353+0000] {dag.py:3490} INFO - Setting next_dagrun for example_short_circuit_operator to 2023-06-12T01:50:27.353612+00:00, run_after=2023-06-13T01:50:27.353612+00:00
[2023-06-13T01:50:27.402+0000] {processor.py:179} INFO - Processing /home/airflow/.local/lib/python3.7/site-packages/airflow/example_dags/example_short_circuit_operator.py took 0.177 seconds
[2023-06-13T01:50:57.502+0000] {processor.py:157} INFO - Started process (PID=153) to work on /home/airflow/.local/lib/python3.7/site-packages/airflow/example_dags/example_short_circuit_operator.py
[2023-06-13T01:50:57.504+0000] {processor.py:826} INFO - Processing file /home/airflow/.local/lib/python3.7/site-packages/airflow/example_dags/example_short_circuit_operator.py for tasks to queue
[2023-06-13T01:50:57.506+0000] {logging_mixin.py:149} INFO - [2023-06-13T01:50:57.506+0000] {dagbag.py:541} INFO - Filling up the DagBag from /home/airflow/.local/lib/python3.7/site-packages/airflow/example_dags/example_short_circuit_operator.py
[2023-06-13T01:50:57.517+0000] {processor.py:836} INFO - DAG(s) dict_keys(['example_short_circuit_operator']) retrieved from /home/airflow/.local/lib/python3.7/site-packages/airflow/example_dags/example_short_circuit_operator.py
[2023-06-13T01:50:57.562+0000] {logging_mixin.py:149} INFO - [2023-06-13T01:50:57.562+0000] {dag.py:2726} INFO - Sync 1 DAGs
[2023-06-13T01:50:57.608+0000] {logging_mixin.py:149} INFO - [2023-06-13T01:50:57.608+0000] {dag.py:3490} INFO - Setting next_dagrun for example_short_circuit_operator to 2023-06-12T01:50:57.607924+00:00, run_after=2023-06-13T01:50:57.607924+00:00
[2023-06-13T01:50:57.646+0000] {processor.py:179} INFO - Processing /home/airflow/.local/lib/python3.7/site-packages/airflow/example_dags/example_short_circuit_operator.py took 0.149 seconds
[2023-06-13T01:51:28.313+0000] {processor.py:157} INFO - Started process (PID=213) to work on /home/airflow/.local/lib/python3.7/site-packages/airflow/example_dags/example_short_circuit_operator.py
[2023-06-13T01:51:28.315+0000] {processor.py:826} INFO - Processing file /home/airflow/.local/lib/python3.7/site-packages/airflow/example_dags/example_short_circuit_operator.py for tasks to queue
[2023-06-13T01:51:28.316+0000] {logging_mixin.py:149} INFO - [2023-06-13T01:51:28.316+0000] {dagbag.py:541} INFO - Filling up the DagBag from /home/airflow/.local/lib/python3.7/site-packages/airflow/example_dags/example_short_circuit_operator.py
[2023-06-13T01:51:28.326+0000] {processor.py:836} INFO - DAG(s) dict_keys(['example_short_circuit_operator']) retrieved from /home/airflow/.local/lib/python3.7/site-packages/airflow/example_dags/example_short_circuit_operator.py
[2023-06-13T01:51:28.361+0000] {logging_mixin.py:149} INFO - [2023-06-13T01:51:28.361+0000] {dag.py:2726} INFO - Sync 1 DAGs
[2023-06-13T01:51:28.404+0000] {logging_mixin.py:149} INFO - [2023-06-13T01:51:28.403+0000] {dag.py:3490} INFO - Setting next_dagrun for example_short_circuit_operator to 2023-06-12T01:51:28.403111+00:00, run_after=2023-06-13T01:51:28.403111+00:00
[2023-06-13T01:51:28.449+0000] {processor.py:179} INFO - Processing /home/airflow/.local/lib/python3.7/site-packages/airflow/example_dags/example_short_circuit_operator.py took 0.140 seconds
[2023-06-13T01:53:45.553+0000] {processor.py:157} INFO - Started process (PID=33) to work on /home/airflow/.local/lib/python3.7/site-packages/airflow/example_dags/example_short_circuit_operator.py
[2023-06-13T01:53:45.556+0000] {processor.py:826} INFO - Processing file /home/airflow/.local/lib/python3.7/site-packages/airflow/example_dags/example_short_circuit_operator.py for tasks to queue
[2023-06-13T01:53:45.558+0000] {logging_mixin.py:149} INFO - [2023-06-13T01:53:45.557+0000] {dagbag.py:541} INFO - Filling up the DagBag from /home/airflow/.local/lib/python3.7/site-packages/airflow/example_dags/example_short_circuit_operator.py
[2023-06-13T01:53:45.592+0000] {processor.py:836} INFO - DAG(s) dict_keys(['example_short_circuit_operator']) retrieved from /home/airflow/.local/lib/python3.7/site-packages/airflow/example_dags/example_short_circuit_operator.py
[2023-06-13T01:53:45.697+0000] {logging_mixin.py:149} INFO - [2023-06-13T01:53:45.697+0000] {dag.py:2726} INFO - Sync 1 DAGs
[2023-06-13T01:53:45.790+0000] {logging_mixin.py:149} INFO - [2023-06-13T01:53:45.790+0000] {dag.py:3490} INFO - Setting next_dagrun for example_short_circuit_operator to 2023-06-12T01:53:45.789663+00:00, run_after=2023-06-13T01:53:45.789663+00:00
[2023-06-13T01:53:45.857+0000] {processor.py:179} INFO - Processing /home/airflow/.local/lib/python3.7/site-packages/airflow/example_dags/example_short_circuit_operator.py took 0.309 seconds
[2023-06-13T01:54:16.320+0000] {processor.py:157} INFO - Started process (PID=93) to work on /home/airflow/.local/lib/python3.7/site-packages/airflow/example_dags/example_short_circuit_operator.py
[2023-06-13T01:54:16.322+0000] {processor.py:826} INFO - Processing file /home/airflow/.local/lib/python3.7/site-packages/airflow/example_dags/example_short_circuit_operator.py for tasks to queue
[2023-06-13T01:54:16.323+0000] {logging_mixin.py:149} INFO - [2023-06-13T01:54:16.323+0000] {dagbag.py:541} INFO - Filling up the DagBag from /home/airflow/.local/lib/python3.7/site-packages/airflow/example_dags/example_short_circuit_operator.py
[2023-06-13T01:54:16.338+0000] {processor.py:836} INFO - DAG(s) dict_keys(['example_short_circuit_operator']) retrieved from /home/airflow/.local/lib/python3.7/site-packages/airflow/example_dags/example_short_circuit_operator.py
[2023-06-13T01:54:16.383+0000] {logging_mixin.py:149} INFO - [2023-06-13T01:54:16.383+0000] {dag.py:2726} INFO - Sync 1 DAGs
[2023-06-13T01:54:16.429+0000] {logging_mixin.py:149} INFO - [2023-06-13T01:54:16.429+0000] {dag.py:3490} INFO - Setting next_dagrun for example_short_circuit_operator to 2023-06-12T01:54:16.428798+00:00, run_after=2023-06-13T01:54:16.428798+00:00
[2023-06-13T01:54:16.471+0000] {processor.py:179} INFO - Processing /home/airflow/.local/lib/python3.7/site-packages/airflow/example_dags/example_short_circuit_operator.py took 0.155 seconds
[2023-06-13T01:54:46.912+0000] {processor.py:157} INFO - Started process (PID=154) to work on /home/airflow/.local/lib/python3.7/site-packages/airflow/example_dags/example_short_circuit_operator.py
[2023-06-13T01:54:46.914+0000] {processor.py:826} INFO - Processing file /home/airflow/.local/lib/python3.7/site-packages/airflow/example_dags/example_short_circuit_operator.py for tasks to queue
[2023-06-13T01:54:46.915+0000] {logging_mixin.py:149} INFO - [2023-06-13T01:54:46.915+0000] {dagbag.py:541} INFO - Filling up the DagBag from /home/airflow/.local/lib/python3.7/site-packages/airflow/example_dags/example_short_circuit_operator.py
[2023-06-13T01:54:46.925+0000] {processor.py:836} INFO - DAG(s) dict_keys(['example_short_circuit_operator']) retrieved from /home/airflow/.local/lib/python3.7/site-packages/airflow/example_dags/example_short_circuit_operator.py
[2023-06-13T01:54:46.965+0000] {logging_mixin.py:149} INFO - [2023-06-13T01:54:46.965+0000] {dag.py:2726} INFO - Sync 1 DAGs
[2023-06-13T01:54:47.009+0000] {logging_mixin.py:149} INFO - [2023-06-13T01:54:47.008+0000] {dag.py:3490} INFO - Setting next_dagrun for example_short_circuit_operator to 2023-06-12T01:54:47.008493+00:00, run_after=2023-06-13T01:54:47.008493+00:00
[2023-06-13T01:54:47.043+0000] {processor.py:179} INFO - Processing /home/airflow/.local/lib/python3.7/site-packages/airflow/example_dags/example_short_circuit_operator.py took 0.134 seconds
[2023-06-13T01:55:17.257+0000] {processor.py:157} INFO - Started process (PID=214) to work on /home/airflow/.local/lib/python3.7/site-packages/airflow/example_dags/example_short_circuit_operator.py
[2023-06-13T01:55:17.258+0000] {processor.py:826} INFO - Processing file /home/airflow/.local/lib/python3.7/site-packages/airflow/example_dags/example_short_circuit_operator.py for tasks to queue
[2023-06-13T01:55:17.260+0000] {logging_mixin.py:149} INFO - [2023-06-13T01:55:17.260+0000] {dagbag.py:541} INFO - Filling up the DagBag from /home/airflow/.local/lib/python3.7/site-packages/airflow/example_dags/example_short_circuit_operator.py
[2023-06-13T01:55:17.272+0000] {processor.py:836} INFO - DAG(s) dict_keys(['example_short_circuit_operator']) retrieved from /home/airflow/.local/lib/python3.7/site-packages/airflow/example_dags/example_short_circuit_operator.py
[2023-06-13T01:55:17.314+0000] {logging_mixin.py:149} INFO - [2023-06-13T01:55:17.314+0000] {dag.py:2726} INFO - Sync 1 DAGs
[2023-06-13T01:55:17.366+0000] {logging_mixin.py:149} INFO - [2023-06-13T01:55:17.366+0000] {dag.py:3490} INFO - Setting next_dagrun for example_short_circuit_operator to 2023-06-12T01:55:17.365829+00:00, run_after=2023-06-13T01:55:17.365829+00:00
[2023-06-13T01:55:17.405+0000] {processor.py:179} INFO - Processing /home/airflow/.local/lib/python3.7/site-packages/airflow/example_dags/example_short_circuit_operator.py took 0.153 seconds
[2023-06-13T01:55:47.667+0000] {processor.py:157} INFO - Started process (PID=275) to work on /home/airflow/.local/lib/python3.7/site-packages/airflow/example_dags/example_short_circuit_operator.py
[2023-06-13T01:55:47.669+0000] {processor.py:826} INFO - Processing file /home/airflow/.local/lib/python3.7/site-packages/airflow/example_dags/example_short_circuit_operator.py for tasks to queue
[2023-06-13T01:55:47.671+0000] {logging_mixin.py:149} INFO - [2023-06-13T01:55:47.671+0000] {dagbag.py:541} INFO - Filling up the DagBag from /home/airflow/.local/lib/python3.7/site-packages/airflow/example_dags/example_short_circuit_operator.py
[2023-06-13T01:55:47.693+0000] {processor.py:836} INFO - DAG(s) dict_keys(['example_short_circuit_operator']) retrieved from /home/airflow/.local/lib/python3.7/site-packages/airflow/example_dags/example_short_circuit_operator.py
[2023-06-13T01:55:47.764+0000] {logging_mixin.py:149} INFO - [2023-06-13T01:55:47.763+0000] {dag.py:2726} INFO - Sync 1 DAGs
[2023-06-13T01:55:47.842+0000] {logging_mixin.py:149} INFO - [2023-06-13T01:55:47.836+0000] {dag.py:3490} INFO - Setting next_dagrun for example_short_circuit_operator to 2023-06-12T01:55:47.836294+00:00, run_after=2023-06-13T01:55:47.836294+00:00
[2023-06-13T01:55:47.914+0000] {processor.py:179} INFO - Processing /home/airflow/.local/lib/python3.7/site-packages/airflow/example_dags/example_short_circuit_operator.py took 0.252 seconds
[2023-06-13T01:56:18.269+0000] {processor.py:157} INFO - Started process (PID=335) to work on /home/airflow/.local/lib/python3.7/site-packages/airflow/example_dags/example_short_circuit_operator.py
[2023-06-13T01:56:18.270+0000] {processor.py:826} INFO - Processing file /home/airflow/.local/lib/python3.7/site-packages/airflow/example_dags/example_short_circuit_operator.py for tasks to queue
[2023-06-13T01:56:18.272+0000] {logging_mixin.py:149} INFO - [2023-06-13T01:56:18.272+0000] {dagbag.py:541} INFO - Filling up the DagBag from /home/airflow/.local/lib/python3.7/site-packages/airflow/example_dags/example_short_circuit_operator.py
[2023-06-13T01:56:18.285+0000] {processor.py:836} INFO - DAG(s) dict_keys(['example_short_circuit_operator']) retrieved from /home/airflow/.local/lib/python3.7/site-packages/airflow/example_dags/example_short_circuit_operator.py
[2023-06-13T01:56:18.329+0000] {logging_mixin.py:149} INFO - [2023-06-13T01:56:18.329+0000] {dag.py:2726} INFO - Sync 1 DAGs
[2023-06-13T01:56:18.372+0000] {logging_mixin.py:149} INFO - [2023-06-13T01:56:18.372+0000] {dag.py:3490} INFO - Setting next_dagrun for example_short_circuit_operator to 2023-06-12T01:56:18.372331+00:00, run_after=2023-06-13T01:56:18.372331+00:00
[2023-06-13T01:56:18.414+0000] {processor.py:179} INFO - Processing /home/airflow/.local/lib/python3.7/site-packages/airflow/example_dags/example_short_circuit_operator.py took 0.149 seconds
[2023-06-13T01:56:48.710+0000] {processor.py:157} INFO - Started process (PID=395) to work on /home/airflow/.local/lib/python3.7/site-packages/airflow/example_dags/example_short_circuit_operator.py
[2023-06-13T01:56:48.712+0000] {processor.py:826} INFO - Processing file /home/airflow/.local/lib/python3.7/site-packages/airflow/example_dags/example_short_circuit_operator.py for tasks to queue
[2023-06-13T01:56:48.713+0000] {logging_mixin.py:149} INFO - [2023-06-13T01:56:48.713+0000] {dagbag.py:541} INFO - Filling up the DagBag from /home/airflow/.local/lib/python3.7/site-packages/airflow/example_dags/example_short_circuit_operator.py
[2023-06-13T01:56:48.726+0000] {processor.py:836} INFO - DAG(s) dict_keys(['example_short_circuit_operator']) retrieved from /home/airflow/.local/lib/python3.7/site-packages/airflow/example_dags/example_short_circuit_operator.py
[2023-06-13T01:56:48.771+0000] {logging_mixin.py:149} INFO - [2023-06-13T01:56:48.771+0000] {dag.py:2726} INFO - Sync 1 DAGs
[2023-06-13T01:56:48.826+0000] {logging_mixin.py:149} INFO - [2023-06-13T01:56:48.826+0000] {dag.py:3490} INFO - Setting next_dagrun for example_short_circuit_operator to 2023-06-12T01:56:48.826091+00:00, run_after=2023-06-13T01:56:48.826091+00:00
[2023-06-13T01:56:48.875+0000] {processor.py:179} INFO - Processing /home/airflow/.local/lib/python3.7/site-packages/airflow/example_dags/example_short_circuit_operator.py took 0.169 seconds
[2023-06-13T01:57:19.284+0000] {processor.py:157} INFO - Started process (PID=456) to work on /home/airflow/.local/lib/python3.7/site-packages/airflow/example_dags/example_short_circuit_operator.py
[2023-06-13T01:57:19.286+0000] {processor.py:826} INFO - Processing file /home/airflow/.local/lib/python3.7/site-packages/airflow/example_dags/example_short_circuit_operator.py for tasks to queue
[2023-06-13T01:57:19.287+0000] {logging_mixin.py:149} INFO - [2023-06-13T01:57:19.287+0000] {dagbag.py:541} INFO - Filling up the DagBag from /home/airflow/.local/lib/python3.7/site-packages/airflow/example_dags/example_short_circuit_operator.py
[2023-06-13T01:57:19.298+0000] {processor.py:836} INFO - DAG(s) dict_keys(['example_short_circuit_operator']) retrieved from /home/airflow/.local/lib/python3.7/site-packages/airflow/example_dags/example_short_circuit_operator.py
[2023-06-13T01:57:19.355+0000] {logging_mixin.py:149} INFO - [2023-06-13T01:57:19.354+0000] {dag.py:2726} INFO - Sync 1 DAGs
[2023-06-13T01:57:19.414+0000] {logging_mixin.py:149} INFO - [2023-06-13T01:57:19.414+0000] {dag.py:3490} INFO - Setting next_dagrun for example_short_circuit_operator to 2023-06-12T01:57:19.413684+00:00, run_after=2023-06-13T01:57:19.413684+00:00
[2023-06-13T01:57:19.462+0000] {processor.py:179} INFO - Processing /home/airflow/.local/lib/python3.7/site-packages/airflow/example_dags/example_short_circuit_operator.py took 0.182 seconds
[2023-06-13T01:57:49.637+0000] {processor.py:157} INFO - Started process (PID=516) to work on /home/airflow/.local/lib/python3.7/site-packages/airflow/example_dags/example_short_circuit_operator.py
[2023-06-13T01:57:49.638+0000] {processor.py:826} INFO - Processing file /home/airflow/.local/lib/python3.7/site-packages/airflow/example_dags/example_short_circuit_operator.py for tasks to queue
[2023-06-13T01:57:49.640+0000] {logging_mixin.py:149} INFO - [2023-06-13T01:57:49.639+0000] {dagbag.py:541} INFO - Filling up the DagBag from /home/airflow/.local/lib/python3.7/site-packages/airflow/example_dags/example_short_circuit_operator.py
[2023-06-13T01:57:49.652+0000] {processor.py:836} INFO - DAG(s) dict_keys(['example_short_circuit_operator']) retrieved from /home/airflow/.local/lib/python3.7/site-packages/airflow/example_dags/example_short_circuit_operator.py
[2023-06-13T01:57:49.696+0000] {logging_mixin.py:149} INFO - [2023-06-13T01:57:49.696+0000] {dag.py:2726} INFO - Sync 1 DAGs
[2023-06-13T01:57:49.739+0000] {logging_mixin.py:149} INFO - [2023-06-13T01:57:49.739+0000] {dag.py:3490} INFO - Setting next_dagrun for example_short_circuit_operator to 2023-06-12T01:57:49.739091+00:00, run_after=2023-06-13T01:57:49.739091+00:00
[2023-06-13T01:57:49.783+0000] {processor.py:179} INFO - Processing /home/airflow/.local/lib/python3.7/site-packages/airflow/example_dags/example_short_circuit_operator.py took 0.151 seconds
[2023-06-13T01:58:20.621+0000] {processor.py:157} INFO - Started process (PID=576) to work on /home/airflow/.local/lib/python3.7/site-packages/airflow/example_dags/example_short_circuit_operator.py
[2023-06-13T01:58:20.622+0000] {processor.py:826} INFO - Processing file /home/airflow/.local/lib/python3.7/site-packages/airflow/example_dags/example_short_circuit_operator.py for tasks to queue
[2023-06-13T01:58:20.623+0000] {logging_mixin.py:149} INFO - [2023-06-13T01:58:20.623+0000] {dagbag.py:541} INFO - Filling up the DagBag from /home/airflow/.local/lib/python3.7/site-packages/airflow/example_dags/example_short_circuit_operator.py
[2023-06-13T01:58:20.633+0000] {processor.py:836} INFO - DAG(s) dict_keys(['example_short_circuit_operator']) retrieved from /home/airflow/.local/lib/python3.7/site-packages/airflow/example_dags/example_short_circuit_operator.py
[2023-06-13T01:58:20.653+0000] {logging_mixin.py:149} INFO - [2023-06-13T01:58:20.652+0000] {dag.py:2726} INFO - Sync 1 DAGs
[2023-06-13T01:58:20.694+0000] {logging_mixin.py:149} INFO - [2023-06-13T01:58:20.693+0000] {dag.py:3490} INFO - Setting next_dagrun for example_short_circuit_operator to 2023-06-12T01:58:20.693529+00:00, run_after=2023-06-13T01:58:20.693529+00:00
[2023-06-13T01:58:20.727+0000] {processor.py:179} INFO - Processing /home/airflow/.local/lib/python3.7/site-packages/airflow/example_dags/example_short_circuit_operator.py took 0.110 seconds
[2023-06-13T01:58:50.848+0000] {processor.py:157} INFO - Started process (PID=636) to work on /home/airflow/.local/lib/python3.7/site-packages/airflow/example_dags/example_short_circuit_operator.py
[2023-06-13T01:58:50.849+0000] {processor.py:826} INFO - Processing file /home/airflow/.local/lib/python3.7/site-packages/airflow/example_dags/example_short_circuit_operator.py for tasks to queue
[2023-06-13T01:58:50.851+0000] {logging_mixin.py:149} INFO - [2023-06-13T01:58:50.850+0000] {dagbag.py:541} INFO - Filling up the DagBag from /home/airflow/.local/lib/python3.7/site-packages/airflow/example_dags/example_short_circuit_operator.py
[2023-06-13T01:58:50.860+0000] {processor.py:836} INFO - DAG(s) dict_keys(['example_short_circuit_operator']) retrieved from /home/airflow/.local/lib/python3.7/site-packages/airflow/example_dags/example_short_circuit_operator.py
[2023-06-13T01:58:50.900+0000] {logging_mixin.py:149} INFO - [2023-06-13T01:58:50.899+0000] {dag.py:2726} INFO - Sync 1 DAGs
[2023-06-13T01:58:50.948+0000] {logging_mixin.py:149} INFO - [2023-06-13T01:58:50.948+0000] {dag.py:3490} INFO - Setting next_dagrun for example_short_circuit_operator to 2023-06-12T01:58:50.947613+00:00, run_after=2023-06-13T01:58:50.947613+00:00
[2023-06-13T01:58:50.983+0000] {processor.py:179} INFO - Processing /home/airflow/.local/lib/python3.7/site-packages/airflow/example_dags/example_short_circuit_operator.py took 0.139 seconds
[2023-06-13T01:59:21.544+0000] {processor.py:157} INFO - Started process (PID=696) to work on /home/airflow/.local/lib/python3.7/site-packages/airflow/example_dags/example_short_circuit_operator.py
[2023-06-13T01:59:21.545+0000] {processor.py:826} INFO - Processing file /home/airflow/.local/lib/python3.7/site-packages/airflow/example_dags/example_short_circuit_operator.py for tasks to queue
[2023-06-13T01:59:21.547+0000] {logging_mixin.py:149} INFO - [2023-06-13T01:59:21.547+0000] {dagbag.py:541} INFO - Filling up the DagBag from /home/airflow/.local/lib/python3.7/site-packages/airflow/example_dags/example_short_circuit_operator.py
[2023-06-13T01:59:21.560+0000] {processor.py:836} INFO - DAG(s) dict_keys(['example_short_circuit_operator']) retrieved from /home/airflow/.local/lib/python3.7/site-packages/airflow/example_dags/example_short_circuit_operator.py
[2023-06-13T01:59:21.604+0000] {logging_mixin.py:149} INFO - [2023-06-13T01:59:21.604+0000] {dag.py:2726} INFO - Sync 1 DAGs
[2023-06-13T01:59:21.664+0000] {logging_mixin.py:149} INFO - [2023-06-13T01:59:21.664+0000] {dag.py:3490} INFO - Setting next_dagrun for example_short_circuit_operator to 2023-06-12T01:59:21.663523+00:00, run_after=2023-06-13T01:59:21.663523+00:00
[2023-06-13T01:59:21.702+0000] {processor.py:179} INFO - Processing /home/airflow/.local/lib/python3.7/site-packages/airflow/example_dags/example_short_circuit_operator.py took 0.162 seconds
[2023-06-13T02:00:56.510+0000] {processor.py:157} INFO - Started process (PID=33) to work on /home/airflow/.local/lib/python3.7/site-packages/airflow/example_dags/example_short_circuit_operator.py
[2023-06-13T02:00:56.513+0000] {processor.py:826} INFO - Processing file /home/airflow/.local/lib/python3.7/site-packages/airflow/example_dags/example_short_circuit_operator.py for tasks to queue
[2023-06-13T02:00:56.516+0000] {logging_mixin.py:149} INFO - [2023-06-13T02:00:56.515+0000] {dagbag.py:541} INFO - Filling up the DagBag from /home/airflow/.local/lib/python3.7/site-packages/airflow/example_dags/example_short_circuit_operator.py
[2023-06-13T02:00:56.547+0000] {processor.py:836} INFO - DAG(s) dict_keys(['example_short_circuit_operator']) retrieved from /home/airflow/.local/lib/python3.7/site-packages/airflow/example_dags/example_short_circuit_operator.py
[2023-06-13T02:00:56.652+0000] {logging_mixin.py:149} INFO - [2023-06-13T02:00:56.651+0000] {dag.py:2726} INFO - Sync 1 DAGs
[2023-06-13T02:00:56.763+0000] {logging_mixin.py:149} INFO - [2023-06-13T02:00:56.763+0000] {dag.py:3490} INFO - Setting next_dagrun for example_short_circuit_operator to 2023-06-12T02:00:56.762729+00:00, run_after=2023-06-13T02:00:56.762729+00:00
[2023-06-13T02:00:56.834+0000] {processor.py:179} INFO - Processing /home/airflow/.local/lib/python3.7/site-packages/airflow/example_dags/example_short_circuit_operator.py took 0.332 seconds
[2023-06-13T02:01:27.195+0000] {processor.py:157} INFO - Started process (PID=93) to work on /home/airflow/.local/lib/python3.7/site-packages/airflow/example_dags/example_short_circuit_operator.py
[2023-06-13T02:01:27.197+0000] {processor.py:826} INFO - Processing file /home/airflow/.local/lib/python3.7/site-packages/airflow/example_dags/example_short_circuit_operator.py for tasks to queue
[2023-06-13T02:01:27.200+0000] {logging_mixin.py:149} INFO - [2023-06-13T02:01:27.199+0000] {dagbag.py:541} INFO - Filling up the DagBag from /home/airflow/.local/lib/python3.7/site-packages/airflow/example_dags/example_short_circuit_operator.py
[2023-06-13T02:01:27.218+0000] {processor.py:836} INFO - DAG(s) dict_keys(['example_short_circuit_operator']) retrieved from /home/airflow/.local/lib/python3.7/site-packages/airflow/example_dags/example_short_circuit_operator.py
[2023-06-13T02:01:27.285+0000] {logging_mixin.py:149} INFO - [2023-06-13T02:01:27.285+0000] {dag.py:2726} INFO - Sync 1 DAGs
[2023-06-13T02:01:27.353+0000] {logging_mixin.py:149} INFO - [2023-06-13T02:01:27.352+0000] {dag.py:3490} INFO - Setting next_dagrun for example_short_circuit_operator to 2023-06-12T02:01:27.352343+00:00, run_after=2023-06-13T02:01:27.352343+00:00
[2023-06-13T02:01:27.405+0000] {processor.py:179} INFO - Processing /home/airflow/.local/lib/python3.7/site-packages/airflow/example_dags/example_short_circuit_operator.py took 0.223 seconds
[2023-06-13T02:01:58.001+0000] {processor.py:157} INFO - Started process (PID=152) to work on /home/airflow/.local/lib/python3.7/site-packages/airflow/example_dags/example_short_circuit_operator.py
[2023-06-13T02:01:58.003+0000] {processor.py:826} INFO - Processing file /home/airflow/.local/lib/python3.7/site-packages/airflow/example_dags/example_short_circuit_operator.py for tasks to queue
[2023-06-13T02:01:58.006+0000] {logging_mixin.py:149} INFO - [2023-06-13T02:01:58.006+0000] {dagbag.py:541} INFO - Filling up the DagBag from /home/airflow/.local/lib/python3.7/site-packages/airflow/example_dags/example_short_circuit_operator.py
[2023-06-13T02:01:58.050+0000] {processor.py:836} INFO - DAG(s) dict_keys(['example_short_circuit_operator']) retrieved from /home/airflow/.local/lib/python3.7/site-packages/airflow/example_dags/example_short_circuit_operator.py
[2023-06-13T02:01:58.263+0000] {logging_mixin.py:149} INFO - [2023-06-13T02:01:58.262+0000] {dag.py:2726} INFO - Sync 1 DAGs
[2023-06-13T02:01:58.436+0000] {logging_mixin.py:149} INFO - [2023-06-13T02:01:58.435+0000] {dag.py:3490} INFO - Setting next_dagrun for example_short_circuit_operator to 2023-06-12T02:01:58.432937+00:00, run_after=2023-06-13T02:01:58.432937+00:00
[2023-06-13T02:01:58.523+0000] {processor.py:179} INFO - Processing /home/airflow/.local/lib/python3.7/site-packages/airflow/example_dags/example_short_circuit_operator.py took 0.534 seconds
[2023-06-13T02:32:15.691+0000] {processor.py:157} INFO - Started process (PID=45) to work on /home/airflow/.local/lib/python3.7/site-packages/airflow/example_dags/example_short_circuit_operator.py
[2023-06-13T02:32:15.697+0000] {processor.py:826} INFO - Processing file /home/airflow/.local/lib/python3.7/site-packages/airflow/example_dags/example_short_circuit_operator.py for tasks to queue
[2023-06-13T02:32:15.701+0000] {logging_mixin.py:149} INFO - [2023-06-13T02:32:15.700+0000] {dagbag.py:541} INFO - Filling up the DagBag from /home/airflow/.local/lib/python3.7/site-packages/airflow/example_dags/example_short_circuit_operator.py
[2023-06-13T02:32:15.757+0000] {processor.py:836} INFO - DAG(s) dict_keys(['example_short_circuit_operator']) retrieved from /home/airflow/.local/lib/python3.7/site-packages/airflow/example_dags/example_short_circuit_operator.py
[2023-06-13T02:32:15.985+0000] {logging_mixin.py:149} INFO - [2023-06-13T02:32:15.985+0000] {dag.py:2726} INFO - Sync 1 DAGs
[2023-06-13T02:32:16.153+0000] {logging_mixin.py:149} INFO - [2023-06-13T02:32:16.152+0000] {dag.py:3490} INFO - Setting next_dagrun for example_short_circuit_operator to 2023-06-12T02:32:16.151086+00:00, run_after=2023-06-13T02:32:16.151086+00:00
[2023-06-13T02:32:16.341+0000] {processor.py:179} INFO - Processing /home/airflow/.local/lib/python3.7/site-packages/airflow/example_dags/example_short_circuit_operator.py took 0.660 seconds
[2023-06-13T02:32:47.348+0000] {processor.py:157} INFO - Started process (PID=104) to work on /home/airflow/.local/lib/python3.7/site-packages/airflow/example_dags/example_short_circuit_operator.py
[2023-06-13T02:32:47.353+0000] {processor.py:826} INFO - Processing file /home/airflow/.local/lib/python3.7/site-packages/airflow/example_dags/example_short_circuit_operator.py for tasks to queue
[2023-06-13T02:32:47.355+0000] {logging_mixin.py:149} INFO - [2023-06-13T02:32:47.354+0000] {dagbag.py:541} INFO - Filling up the DagBag from /home/airflow/.local/lib/python3.7/site-packages/airflow/example_dags/example_short_circuit_operator.py
[2023-06-13T02:32:47.391+0000] {processor.py:836} INFO - DAG(s) dict_keys(['example_short_circuit_operator']) retrieved from /home/airflow/.local/lib/python3.7/site-packages/airflow/example_dags/example_short_circuit_operator.py
[2023-06-13T02:32:47.535+0000] {logging_mixin.py:149} INFO - [2023-06-13T02:32:47.534+0000] {dag.py:2726} INFO - Sync 1 DAGs
[2023-06-13T02:32:47.656+0000] {logging_mixin.py:149} INFO - [2023-06-13T02:32:47.655+0000] {dag.py:3490} INFO - Setting next_dagrun for example_short_circuit_operator to 2023-06-12T02:32:47.655253+00:00, run_after=2023-06-13T02:32:47.655253+00:00
[2023-06-13T02:32:47.779+0000] {processor.py:179} INFO - Processing /home/airflow/.local/lib/python3.7/site-packages/airflow/example_dags/example_short_circuit_operator.py took 0.455 seconds
[2023-06-13T02:33:19.795+0000] {processor.py:157} INFO - Started process (PID=164) to work on /home/airflow/.local/lib/python3.7/site-packages/airflow/example_dags/example_short_circuit_operator.py
[2023-06-13T02:33:19.804+0000] {processor.py:826} INFO - Processing file /home/airflow/.local/lib/python3.7/site-packages/airflow/example_dags/example_short_circuit_operator.py for tasks to queue
[2023-06-13T02:33:19.814+0000] {logging_mixin.py:149} INFO - [2023-06-13T02:33:19.813+0000] {dagbag.py:541} INFO - Filling up the DagBag from /home/airflow/.local/lib/python3.7/site-packages/airflow/example_dags/example_short_circuit_operator.py
[2023-06-13T02:33:19.872+0000] {processor.py:836} INFO - DAG(s) dict_keys(['example_short_circuit_operator']) retrieved from /home/airflow/.local/lib/python3.7/site-packages/airflow/example_dags/example_short_circuit_operator.py
[2023-06-13T02:33:20.114+0000] {logging_mixin.py:149} INFO - [2023-06-13T02:33:20.114+0000] {dag.py:2726} INFO - Sync 1 DAGs
[2023-06-13T02:33:20.379+0000] {logging_mixin.py:149} INFO - [2023-06-13T02:33:20.374+0000] {dag.py:3490} INFO - Setting next_dagrun for example_short_circuit_operator to 2023-06-12T02:33:20.372927+00:00, run_after=2023-06-13T02:33:20.372927+00:00
[2023-06-13T02:33:20.749+0000] {processor.py:179} INFO - Processing /home/airflow/.local/lib/python3.7/site-packages/airflow/example_dags/example_short_circuit_operator.py took 0.995 seconds
[2023-06-13T02:34:15.760+0000] {processor.py:157} INFO - Started process (PID=230) to work on /home/airflow/.local/lib/python3.7/site-packages/airflow/example_dags/example_short_circuit_operator.py
[2023-06-13T02:34:15.797+0000] {processor.py:826} INFO - Processing file /home/airflow/.local/lib/python3.7/site-packages/airflow/example_dags/example_short_circuit_operator.py for tasks to queue
[2023-06-13T02:34:15.803+0000] {logging_mixin.py:149} INFO - [2023-06-13T02:34:15.801+0000] {dagbag.py:541} INFO - Filling up the DagBag from /home/airflow/.local/lib/python3.7/site-packages/airflow/example_dags/example_short_circuit_operator.py
[2023-06-13T02:34:15.972+0000] {processor.py:836} INFO - DAG(s) dict_keys(['example_short_circuit_operator']) retrieved from /home/airflow/.local/lib/python3.7/site-packages/airflow/example_dags/example_short_circuit_operator.py
[2023-06-13T02:34:17.777+0000] {logging_mixin.py:149} INFO - [2023-06-13T02:34:17.772+0000] {dag.py:2726} INFO - Sync 1 DAGs
[2023-06-13T02:34:18.180+0000] {logging_mixin.py:149} INFO - [2023-06-13T02:34:18.179+0000] {dag.py:3490} INFO - Setting next_dagrun for example_short_circuit_operator to 2023-06-12T02:34:18.178531+00:00, run_after=2023-06-13T02:34:18.178531+00:00
[2023-06-13T02:34:18.457+0000] {processor.py:179} INFO - Processing /home/airflow/.local/lib/python3.7/site-packages/airflow/example_dags/example_short_circuit_operator.py took 2.752 seconds
[2023-06-13T02:34:48.675+0000] {processor.py:157} INFO - Started process (PID=290) to work on /home/airflow/.local/lib/python3.7/site-packages/airflow/example_dags/example_short_circuit_operator.py
[2023-06-13T02:34:48.679+0000] {processor.py:826} INFO - Processing file /home/airflow/.local/lib/python3.7/site-packages/airflow/example_dags/example_short_circuit_operator.py for tasks to queue
[2023-06-13T02:34:48.685+0000] {logging_mixin.py:149} INFO - [2023-06-13T02:34:48.683+0000] {dagbag.py:541} INFO - Filling up the DagBag from /home/airflow/.local/lib/python3.7/site-packages/airflow/example_dags/example_short_circuit_operator.py
[2023-06-13T02:34:48.713+0000] {processor.py:836} INFO - DAG(s) dict_keys(['example_short_circuit_operator']) retrieved from /home/airflow/.local/lib/python3.7/site-packages/airflow/example_dags/example_short_circuit_operator.py
[2023-06-13T02:34:48.802+0000] {logging_mixin.py:149} INFO - [2023-06-13T02:34:48.802+0000] {dag.py:2726} INFO - Sync 1 DAGs
[2023-06-13T02:34:48.888+0000] {logging_mixin.py:149} INFO - [2023-06-13T02:34:48.887+0000] {dag.py:3490} INFO - Setting next_dagrun for example_short_circuit_operator to 2023-06-12T02:34:48.886839+00:00, run_after=2023-06-13T02:34:48.886839+00:00
[2023-06-13T02:34:48.971+0000] {processor.py:179} INFO - Processing /home/airflow/.local/lib/python3.7/site-packages/airflow/example_dags/example_short_circuit_operator.py took 0.307 seconds
[2023-06-13T02:35:20.568+0000] {processor.py:157} INFO - Started process (PID=350) to work on /home/airflow/.local/lib/python3.7/site-packages/airflow/example_dags/example_short_circuit_operator.py
[2023-06-13T02:35:20.576+0000] {processor.py:826} INFO - Processing file /home/airflow/.local/lib/python3.7/site-packages/airflow/example_dags/example_short_circuit_operator.py for tasks to queue
[2023-06-13T02:35:20.586+0000] {logging_mixin.py:149} INFO - [2023-06-13T02:35:20.585+0000] {dagbag.py:541} INFO - Filling up the DagBag from /home/airflow/.local/lib/python3.7/site-packages/airflow/example_dags/example_short_circuit_operator.py
[2023-06-13T02:35:20.672+0000] {processor.py:836} INFO - DAG(s) dict_keys(['example_short_circuit_operator']) retrieved from /home/airflow/.local/lib/python3.7/site-packages/airflow/example_dags/example_short_circuit_operator.py
[2023-06-13T02:35:21.047+0000] {logging_mixin.py:149} INFO - [2023-06-13T02:35:21.020+0000] {dag.py:2726} INFO - Sync 1 DAGs
[2023-06-13T02:35:21.375+0000] {logging_mixin.py:149} INFO - [2023-06-13T02:35:21.375+0000] {dag.py:3490} INFO - Setting next_dagrun for example_short_circuit_operator to 2023-06-12T02:35:21.374152+00:00, run_after=2023-06-13T02:35:21.374152+00:00
[2023-06-13T02:35:21.559+0000] {processor.py:179} INFO - Processing /home/airflow/.local/lib/python3.7/site-packages/airflow/example_dags/example_short_circuit_operator.py took 1.012 seconds
[2023-06-13T02:35:52.102+0000] {processor.py:157} INFO - Started process (PID=411) to work on /home/airflow/.local/lib/python3.7/site-packages/airflow/example_dags/example_short_circuit_operator.py
[2023-06-13T02:35:52.108+0000] {processor.py:826} INFO - Processing file /home/airflow/.local/lib/python3.7/site-packages/airflow/example_dags/example_short_circuit_operator.py for tasks to queue
[2023-06-13T02:35:52.113+0000] {logging_mixin.py:149} INFO - [2023-06-13T02:35:52.112+0000] {dagbag.py:541} INFO - Filling up the DagBag from /home/airflow/.local/lib/python3.7/site-packages/airflow/example_dags/example_short_circuit_operator.py
[2023-06-13T02:35:52.192+0000] {processor.py:836} INFO - DAG(s) dict_keys(['example_short_circuit_operator']) retrieved from /home/airflow/.local/lib/python3.7/site-packages/airflow/example_dags/example_short_circuit_operator.py
[2023-06-13T02:35:52.441+0000] {logging_mixin.py:149} INFO - [2023-06-13T02:35:52.440+0000] {dag.py:2726} INFO - Sync 1 DAGs
[2023-06-13T02:35:52.708+0000] {logging_mixin.py:149} INFO - [2023-06-13T02:35:52.707+0000] {dag.py:3490} INFO - Setting next_dagrun for example_short_circuit_operator to 2023-06-12T02:35:52.705118+00:00, run_after=2023-06-13T02:35:52.705118+00:00
[2023-06-13T02:35:52.894+0000] {processor.py:179} INFO - Processing /home/airflow/.local/lib/python3.7/site-packages/airflow/example_dags/example_short_circuit_operator.py took 0.808 seconds
[2023-06-13T02:36:23.357+0000] {processor.py:157} INFO - Started process (PID=468) to work on /home/airflow/.local/lib/python3.7/site-packages/airflow/example_dags/example_short_circuit_operator.py
[2023-06-13T02:36:23.361+0000] {processor.py:826} INFO - Processing file /home/airflow/.local/lib/python3.7/site-packages/airflow/example_dags/example_short_circuit_operator.py for tasks to queue
[2023-06-13T02:36:23.365+0000] {logging_mixin.py:149} INFO - [2023-06-13T02:36:23.365+0000] {dagbag.py:541} INFO - Filling up the DagBag from /home/airflow/.local/lib/python3.7/site-packages/airflow/example_dags/example_short_circuit_operator.py
[2023-06-13T02:36:23.427+0000] {processor.py:836} INFO - DAG(s) dict_keys(['example_short_circuit_operator']) retrieved from /home/airflow/.local/lib/python3.7/site-packages/airflow/example_dags/example_short_circuit_operator.py
[2023-06-13T02:36:23.647+0000] {logging_mixin.py:149} INFO - [2023-06-13T02:36:23.646+0000] {dag.py:2726} INFO - Sync 1 DAGs
[2023-06-13T02:36:23.877+0000] {logging_mixin.py:149} INFO - [2023-06-13T02:36:23.876+0000] {dag.py:3490} INFO - Setting next_dagrun for example_short_circuit_operator to 2023-06-12T02:36:23.875435+00:00, run_after=2023-06-13T02:36:23.875435+00:00
[2023-06-13T02:36:24.016+0000] {processor.py:179} INFO - Processing /home/airflow/.local/lib/python3.7/site-packages/airflow/example_dags/example_short_circuit_operator.py took 0.679 seconds
[2023-06-13T02:36:54.411+0000] {processor.py:157} INFO - Started process (PID=528) to work on /home/airflow/.local/lib/python3.7/site-packages/airflow/example_dags/example_short_circuit_operator.py
[2023-06-13T02:36:54.414+0000] {processor.py:826} INFO - Processing file /home/airflow/.local/lib/python3.7/site-packages/airflow/example_dags/example_short_circuit_operator.py for tasks to queue
[2023-06-13T02:36:54.417+0000] {logging_mixin.py:149} INFO - [2023-06-13T02:36:54.416+0000] {dagbag.py:541} INFO - Filling up the DagBag from /home/airflow/.local/lib/python3.7/site-packages/airflow/example_dags/example_short_circuit_operator.py
[2023-06-13T02:36:54.434+0000] {processor.py:836} INFO - DAG(s) dict_keys(['example_short_circuit_operator']) retrieved from /home/airflow/.local/lib/python3.7/site-packages/airflow/example_dags/example_short_circuit_operator.py
[2023-06-13T02:36:54.539+0000] {logging_mixin.py:149} INFO - [2023-06-13T02:36:54.538+0000] {dag.py:2726} INFO - Sync 1 DAGs
[2023-06-13T02:36:54.674+0000] {logging_mixin.py:149} INFO - [2023-06-13T02:36:54.673+0000] {dag.py:3490} INFO - Setting next_dagrun for example_short_circuit_operator to 2023-06-12T02:36:54.672622+00:00, run_after=2023-06-13T02:36:54.672622+00:00
[2023-06-13T02:36:54.749+0000] {processor.py:179} INFO - Processing /home/airflow/.local/lib/python3.7/site-packages/airflow/example_dags/example_short_circuit_operator.py took 0.344 seconds
[2023-06-13T02:37:25.424+0000] {processor.py:157} INFO - Started process (PID=588) to work on /home/airflow/.local/lib/python3.7/site-packages/airflow/example_dags/example_short_circuit_operator.py
[2023-06-13T02:37:25.429+0000] {processor.py:826} INFO - Processing file /home/airflow/.local/lib/python3.7/site-packages/airflow/example_dags/example_short_circuit_operator.py for tasks to queue
[2023-06-13T02:37:25.434+0000] {logging_mixin.py:149} INFO - [2023-06-13T02:37:25.433+0000] {dagbag.py:541} INFO - Filling up the DagBag from /home/airflow/.local/lib/python3.7/site-packages/airflow/example_dags/example_short_circuit_operator.py
[2023-06-13T02:37:25.471+0000] {processor.py:836} INFO - DAG(s) dict_keys(['example_short_circuit_operator']) retrieved from /home/airflow/.local/lib/python3.7/site-packages/airflow/example_dags/example_short_circuit_operator.py
[2023-06-13T02:37:25.590+0000] {logging_mixin.py:149} INFO - [2023-06-13T02:37:25.589+0000] {dag.py:2726} INFO - Sync 1 DAGs
[2023-06-13T02:37:25.769+0000] {logging_mixin.py:149} INFO - [2023-06-13T02:37:25.769+0000] {dag.py:3490} INFO - Setting next_dagrun for example_short_circuit_operator to 2023-06-12T02:37:25.768858+00:00, run_after=2023-06-13T02:37:25.768858+00:00
[2023-06-13T02:37:25.875+0000] {processor.py:179} INFO - Processing /home/airflow/.local/lib/python3.7/site-packages/airflow/example_dags/example_short_circuit_operator.py took 0.468 seconds
[2023-06-13T02:37:56.732+0000] {processor.py:157} INFO - Started process (PID=649) to work on /home/airflow/.local/lib/python3.7/site-packages/airflow/example_dags/example_short_circuit_operator.py
[2023-06-13T02:37:56.741+0000] {processor.py:826} INFO - Processing file /home/airflow/.local/lib/python3.7/site-packages/airflow/example_dags/example_short_circuit_operator.py for tasks to queue
[2023-06-13T02:37:56.751+0000] {logging_mixin.py:149} INFO - [2023-06-13T02:37:56.750+0000] {dagbag.py:541} INFO - Filling up the DagBag from /home/airflow/.local/lib/python3.7/site-packages/airflow/example_dags/example_short_circuit_operator.py
[2023-06-13T02:37:56.799+0000] {processor.py:836} INFO - DAG(s) dict_keys(['example_short_circuit_operator']) retrieved from /home/airflow/.local/lib/python3.7/site-packages/airflow/example_dags/example_short_circuit_operator.py
[2023-06-13T02:37:56.933+0000] {logging_mixin.py:149} INFO - [2023-06-13T02:37:56.933+0000] {dag.py:2726} INFO - Sync 1 DAGs
[2023-06-13T02:37:57.053+0000] {logging_mixin.py:149} INFO - [2023-06-13T02:37:57.053+0000] {dag.py:3490} INFO - Setting next_dagrun for example_short_circuit_operator to 2023-06-12T02:37:57.052528+00:00, run_after=2023-06-13T02:37:57.052528+00:00
[2023-06-13T02:37:57.117+0000] {processor.py:179} INFO - Processing /home/airflow/.local/lib/python3.7/site-packages/airflow/example_dags/example_short_circuit_operator.py took 0.399 seconds
[2023-06-13T02:38:28.041+0000] {processor.py:157} INFO - Started process (PID=709) to work on /home/airflow/.local/lib/python3.7/site-packages/airflow/example_dags/example_short_circuit_operator.py
[2023-06-13T02:38:28.057+0000] {processor.py:826} INFO - Processing file /home/airflow/.local/lib/python3.7/site-packages/airflow/example_dags/example_short_circuit_operator.py for tasks to queue
[2023-06-13T02:38:28.063+0000] {logging_mixin.py:149} INFO - [2023-06-13T02:38:28.062+0000] {dagbag.py:541} INFO - Filling up the DagBag from /home/airflow/.local/lib/python3.7/site-packages/airflow/example_dags/example_short_circuit_operator.py
[2023-06-13T02:38:28.133+0000] {processor.py:836} INFO - DAG(s) dict_keys(['example_short_circuit_operator']) retrieved from /home/airflow/.local/lib/python3.7/site-packages/airflow/example_dags/example_short_circuit_operator.py
[2023-06-13T02:38:28.418+0000] {logging_mixin.py:149} INFO - [2023-06-13T02:38:28.407+0000] {dag.py:2726} INFO - Sync 1 DAGs
[2023-06-13T02:38:28.747+0000] {logging_mixin.py:149} INFO - [2023-06-13T02:38:28.744+0000] {dag.py:3490} INFO - Setting next_dagrun for example_short_circuit_operator to 2023-06-12T02:38:28.739518+00:00, run_after=2023-06-13T02:38:28.739518+00:00
[2023-06-13T02:38:28.970+0000] {processor.py:179} INFO - Processing /home/airflow/.local/lib/python3.7/site-packages/airflow/example_dags/example_short_circuit_operator.py took 0.933 seconds
[2023-06-13T02:38:59.462+0000] {processor.py:157} INFO - Started process (PID=769) to work on /home/airflow/.local/lib/python3.7/site-packages/airflow/example_dags/example_short_circuit_operator.py
[2023-06-13T02:38:59.465+0000] {processor.py:826} INFO - Processing file /home/airflow/.local/lib/python3.7/site-packages/airflow/example_dags/example_short_circuit_operator.py for tasks to queue
[2023-06-13T02:38:59.468+0000] {logging_mixin.py:149} INFO - [2023-06-13T02:38:59.468+0000] {dagbag.py:541} INFO - Filling up the DagBag from /home/airflow/.local/lib/python3.7/site-packages/airflow/example_dags/example_short_circuit_operator.py
[2023-06-13T02:38:59.492+0000] {processor.py:836} INFO - DAG(s) dict_keys(['example_short_circuit_operator']) retrieved from /home/airflow/.local/lib/python3.7/site-packages/airflow/example_dags/example_short_circuit_operator.py
[2023-06-13T02:38:59.559+0000] {logging_mixin.py:149} INFO - [2023-06-13T02:38:59.559+0000] {dag.py:2726} INFO - Sync 1 DAGs
[2023-06-13T02:38:59.625+0000] {logging_mixin.py:149} INFO - [2023-06-13T02:38:59.624+0000] {dag.py:3490} INFO - Setting next_dagrun for example_short_circuit_operator to 2023-06-12T02:38:59.624276+00:00, run_after=2023-06-13T02:38:59.624276+00:00
[2023-06-13T02:38:59.686+0000] {processor.py:179} INFO - Processing /home/airflow/.local/lib/python3.7/site-packages/airflow/example_dags/example_short_circuit_operator.py took 0.232 seconds
[2023-06-13T02:39:30.213+0000] {processor.py:157} INFO - Started process (PID=829) to work on /home/airflow/.local/lib/python3.7/site-packages/airflow/example_dags/example_short_circuit_operator.py
[2023-06-13T02:39:30.220+0000] {processor.py:826} INFO - Processing file /home/airflow/.local/lib/python3.7/site-packages/airflow/example_dags/example_short_circuit_operator.py for tasks to queue
[2023-06-13T02:39:30.225+0000] {logging_mixin.py:149} INFO - [2023-06-13T02:39:30.223+0000] {dagbag.py:541} INFO - Filling up the DagBag from /home/airflow/.local/lib/python3.7/site-packages/airflow/example_dags/example_short_circuit_operator.py
[2023-06-13T02:39:30.271+0000] {processor.py:836} INFO - DAG(s) dict_keys(['example_short_circuit_operator']) retrieved from /home/airflow/.local/lib/python3.7/site-packages/airflow/example_dags/example_short_circuit_operator.py
[2023-06-13T02:39:30.441+0000] {logging_mixin.py:149} INFO - [2023-06-13T02:39:30.440+0000] {dag.py:2726} INFO - Sync 1 DAGs
[2023-06-13T02:39:30.620+0000] {logging_mixin.py:149} INFO - [2023-06-13T02:39:30.619+0000] {dag.py:3490} INFO - Setting next_dagrun for example_short_circuit_operator to 2023-06-12T02:39:30.618702+00:00, run_after=2023-06-13T02:39:30.618702+00:00
[2023-06-13T02:39:30.720+0000] {processor.py:179} INFO - Processing /home/airflow/.local/lib/python3.7/site-packages/airflow/example_dags/example_short_circuit_operator.py took 0.526 seconds
[2023-06-13T02:40:01.155+0000] {processor.py:157} INFO - Started process (PID=889) to work on /home/airflow/.local/lib/python3.7/site-packages/airflow/example_dags/example_short_circuit_operator.py
[2023-06-13T02:40:01.158+0000] {processor.py:826} INFO - Processing file /home/airflow/.local/lib/python3.7/site-packages/airflow/example_dags/example_short_circuit_operator.py for tasks to queue
[2023-06-13T02:40:01.163+0000] {logging_mixin.py:149} INFO - [2023-06-13T02:40:01.162+0000] {dagbag.py:541} INFO - Filling up the DagBag from /home/airflow/.local/lib/python3.7/site-packages/airflow/example_dags/example_short_circuit_operator.py
[2023-06-13T02:40:01.190+0000] {processor.py:836} INFO - DAG(s) dict_keys(['example_short_circuit_operator']) retrieved from /home/airflow/.local/lib/python3.7/site-packages/airflow/example_dags/example_short_circuit_operator.py
[2023-06-13T02:40:01.321+0000] {logging_mixin.py:149} INFO - [2023-06-13T02:40:01.320+0000] {dag.py:2726} INFO - Sync 1 DAGs
[2023-06-13T02:40:01.535+0000] {logging_mixin.py:149} INFO - [2023-06-13T02:40:01.534+0000] {dag.py:3490} INFO - Setting next_dagrun for example_short_circuit_operator to 2023-06-12T02:40:01.533971+00:00, run_after=2023-06-13T02:40:01.533971+00:00
[2023-06-13T02:40:01.672+0000] {processor.py:179} INFO - Processing /home/airflow/.local/lib/python3.7/site-packages/airflow/example_dags/example_short_circuit_operator.py took 0.528 seconds
[2023-06-13T02:40:32.150+0000] {processor.py:157} INFO - Started process (PID=948) to work on /home/airflow/.local/lib/python3.7/site-packages/airflow/example_dags/example_short_circuit_operator.py
[2023-06-13T02:40:32.155+0000] {processor.py:826} INFO - Processing file /home/airflow/.local/lib/python3.7/site-packages/airflow/example_dags/example_short_circuit_operator.py for tasks to queue
[2023-06-13T02:40:32.172+0000] {logging_mixin.py:149} INFO - [2023-06-13T02:40:32.171+0000] {dagbag.py:541} INFO - Filling up the DagBag from /home/airflow/.local/lib/python3.7/site-packages/airflow/example_dags/example_short_circuit_operator.py
[2023-06-13T02:40:32.234+0000] {processor.py:836} INFO - DAG(s) dict_keys(['example_short_circuit_operator']) retrieved from /home/airflow/.local/lib/python3.7/site-packages/airflow/example_dags/example_short_circuit_operator.py
[2023-06-13T02:40:32.540+0000] {logging_mixin.py:149} INFO - [2023-06-13T02:40:32.539+0000] {dag.py:2726} INFO - Sync 1 DAGs
[2023-06-13T02:40:32.933+0000] {logging_mixin.py:149} INFO - [2023-06-13T02:40:32.932+0000] {dag.py:3490} INFO - Setting next_dagrun for example_short_circuit_operator to 2023-06-12T02:40:32.928902+00:00, run_after=2023-06-13T02:40:32.928902+00:00
[2023-06-13T02:40:33.101+0000] {processor.py:179} INFO - Processing /home/airflow/.local/lib/python3.7/site-packages/airflow/example_dags/example_short_circuit_operator.py took 0.959 seconds
[2023-06-13T02:41:03.985+0000] {processor.py:157} INFO - Started process (PID=1008) to work on /home/airflow/.local/lib/python3.7/site-packages/airflow/example_dags/example_short_circuit_operator.py
[2023-06-13T02:41:03.992+0000] {processor.py:826} INFO - Processing file /home/airflow/.local/lib/python3.7/site-packages/airflow/example_dags/example_short_circuit_operator.py for tasks to queue
[2023-06-13T02:41:04.000+0000] {logging_mixin.py:149} INFO - [2023-06-13T02:41:03.998+0000] {dagbag.py:541} INFO - Filling up the DagBag from /home/airflow/.local/lib/python3.7/site-packages/airflow/example_dags/example_short_circuit_operator.py
[2023-06-13T02:41:04.046+0000] {processor.py:836} INFO - DAG(s) dict_keys(['example_short_circuit_operator']) retrieved from /home/airflow/.local/lib/python3.7/site-packages/airflow/example_dags/example_short_circuit_operator.py
[2023-06-13T02:41:04.172+0000] {logging_mixin.py:149} INFO - [2023-06-13T02:41:04.171+0000] {dag.py:2726} INFO - Sync 1 DAGs
[2023-06-13T02:41:04.388+0000] {logging_mixin.py:149} INFO - [2023-06-13T02:41:04.387+0000] {dag.py:3490} INFO - Setting next_dagrun for example_short_circuit_operator to 2023-06-12T02:41:04.386152+00:00, run_after=2023-06-13T02:41:04.386152+00:00
[2023-06-13T02:41:04.540+0000] {processor.py:179} INFO - Processing /home/airflow/.local/lib/python3.7/site-packages/airflow/example_dags/example_short_circuit_operator.py took 0.582 seconds
[2023-06-13T02:41:35.045+0000] {processor.py:157} INFO - Started process (PID=1069) to work on /home/airflow/.local/lib/python3.7/site-packages/airflow/example_dags/example_short_circuit_operator.py
[2023-06-13T02:41:35.049+0000] {processor.py:826} INFO - Processing file /home/airflow/.local/lib/python3.7/site-packages/airflow/example_dags/example_short_circuit_operator.py for tasks to queue
[2023-06-13T02:41:35.052+0000] {logging_mixin.py:149} INFO - [2023-06-13T02:41:35.051+0000] {dagbag.py:541} INFO - Filling up the DagBag from /home/airflow/.local/lib/python3.7/site-packages/airflow/example_dags/example_short_circuit_operator.py
[2023-06-13T02:41:35.080+0000] {processor.py:836} INFO - DAG(s) dict_keys(['example_short_circuit_operator']) retrieved from /home/airflow/.local/lib/python3.7/site-packages/airflow/example_dags/example_short_circuit_operator.py
[2023-06-13T02:41:35.190+0000] {logging_mixin.py:149} INFO - [2023-06-13T02:41:35.189+0000] {dag.py:2726} INFO - Sync 1 DAGs
[2023-06-13T02:41:35.278+0000] {logging_mixin.py:149} INFO - [2023-06-13T02:41:35.277+0000] {dag.py:3490} INFO - Setting next_dagrun for example_short_circuit_operator to 2023-06-12T02:41:35.276847+00:00, run_after=2023-06-13T02:41:35.276847+00:00
[2023-06-13T02:41:35.387+0000] {processor.py:179} INFO - Processing /home/airflow/.local/lib/python3.7/site-packages/airflow/example_dags/example_short_circuit_operator.py took 0.350 seconds
[2023-06-13T02:42:05.870+0000] {processor.py:157} INFO - Started process (PID=1129) to work on /home/airflow/.local/lib/python3.7/site-packages/airflow/example_dags/example_short_circuit_operator.py
[2023-06-13T02:42:05.874+0000] {processor.py:826} INFO - Processing file /home/airflow/.local/lib/python3.7/site-packages/airflow/example_dags/example_short_circuit_operator.py for tasks to queue
[2023-06-13T02:42:05.878+0000] {logging_mixin.py:149} INFO - [2023-06-13T02:42:05.877+0000] {dagbag.py:541} INFO - Filling up the DagBag from /home/airflow/.local/lib/python3.7/site-packages/airflow/example_dags/example_short_circuit_operator.py
[2023-06-13T02:42:05.917+0000] {processor.py:836} INFO - DAG(s) dict_keys(['example_short_circuit_operator']) retrieved from /home/airflow/.local/lib/python3.7/site-packages/airflow/example_dags/example_short_circuit_operator.py
[2023-06-13T02:42:06.004+0000] {logging_mixin.py:149} INFO - [2023-06-13T02:42:06.003+0000] {dag.py:2726} INFO - Sync 1 DAGs
[2023-06-13T02:42:06.110+0000] {logging_mixin.py:149} INFO - [2023-06-13T02:42:06.109+0000] {dag.py:3490} INFO - Setting next_dagrun for example_short_circuit_operator to 2023-06-12T02:42:06.107793+00:00, run_after=2023-06-13T02:42:06.107793+00:00
[2023-06-13T02:42:06.187+0000] {processor.py:179} INFO - Processing /home/airflow/.local/lib/python3.7/site-packages/airflow/example_dags/example_short_circuit_operator.py took 0.326 seconds
[2023-06-13T02:42:36.823+0000] {processor.py:157} INFO - Started process (PID=1190) to work on /home/airflow/.local/lib/python3.7/site-packages/airflow/example_dags/example_short_circuit_operator.py
[2023-06-13T02:42:36.832+0000] {processor.py:826} INFO - Processing file /home/airflow/.local/lib/python3.7/site-packages/airflow/example_dags/example_short_circuit_operator.py for tasks to queue
[2023-06-13T02:42:36.844+0000] {logging_mixin.py:149} INFO - [2023-06-13T02:42:36.843+0000] {dagbag.py:541} INFO - Filling up the DagBag from /home/airflow/.local/lib/python3.7/site-packages/airflow/example_dags/example_short_circuit_operator.py
[2023-06-13T02:42:36.908+0000] {processor.py:836} INFO - DAG(s) dict_keys(['example_short_circuit_operator']) retrieved from /home/airflow/.local/lib/python3.7/site-packages/airflow/example_dags/example_short_circuit_operator.py
[2023-06-13T02:42:37.100+0000] {logging_mixin.py:149} INFO - [2023-06-13T02:42:37.099+0000] {dag.py:2726} INFO - Sync 1 DAGs
[2023-06-13T02:42:37.301+0000] {logging_mixin.py:149} INFO - [2023-06-13T02:42:37.301+0000] {dag.py:3490} INFO - Setting next_dagrun for example_short_circuit_operator to 2023-06-12T02:42:37.300351+00:00, run_after=2023-06-13T02:42:37.300351+00:00
[2023-06-13T02:42:37.420+0000] {processor.py:179} INFO - Processing /home/airflow/.local/lib/python3.7/site-packages/airflow/example_dags/example_short_circuit_operator.py took 0.616 seconds
[2023-06-13T02:43:07.637+0000] {processor.py:157} INFO - Started process (PID=1249) to work on /home/airflow/.local/lib/python3.7/site-packages/airflow/example_dags/example_short_circuit_operator.py
[2023-06-13T02:43:07.640+0000] {processor.py:826} INFO - Processing file /home/airflow/.local/lib/python3.7/site-packages/airflow/example_dags/example_short_circuit_operator.py for tasks to queue
[2023-06-13T02:43:07.643+0000] {logging_mixin.py:149} INFO - [2023-06-13T02:43:07.642+0000] {dagbag.py:541} INFO - Filling up the DagBag from /home/airflow/.local/lib/python3.7/site-packages/airflow/example_dags/example_short_circuit_operator.py
[2023-06-13T02:43:07.661+0000] {processor.py:836} INFO - DAG(s) dict_keys(['example_short_circuit_operator']) retrieved from /home/airflow/.local/lib/python3.7/site-packages/airflow/example_dags/example_short_circuit_operator.py
[2023-06-13T02:43:07.755+0000] {logging_mixin.py:149} INFO - [2023-06-13T02:43:07.755+0000] {dag.py:2726} INFO - Sync 1 DAGs
[2023-06-13T02:43:07.932+0000] {logging_mixin.py:149} INFO - [2023-06-13T02:43:07.931+0000] {dag.py:3490} INFO - Setting next_dagrun for example_short_circuit_operator to 2023-06-12T02:43:07.930674+00:00, run_after=2023-06-13T02:43:07.930674+00:00
[2023-06-13T02:43:08.062+0000] {processor.py:179} INFO - Processing /home/airflow/.local/lib/python3.7/site-packages/airflow/example_dags/example_short_circuit_operator.py took 0.430 seconds
[2023-06-13T02:43:38.795+0000] {processor.py:157} INFO - Started process (PID=1309) to work on /home/airflow/.local/lib/python3.7/site-packages/airflow/example_dags/example_short_circuit_operator.py
[2023-06-13T02:43:38.810+0000] {processor.py:826} INFO - Processing file /home/airflow/.local/lib/python3.7/site-packages/airflow/example_dags/example_short_circuit_operator.py for tasks to queue
[2023-06-13T02:43:38.820+0000] {logging_mixin.py:149} INFO - [2023-06-13T02:43:38.818+0000] {dagbag.py:541} INFO - Filling up the DagBag from /home/airflow/.local/lib/python3.7/site-packages/airflow/example_dags/example_short_circuit_operator.py
[2023-06-13T02:43:38.877+0000] {processor.py:836} INFO - DAG(s) dict_keys(['example_short_circuit_operator']) retrieved from /home/airflow/.local/lib/python3.7/site-packages/airflow/example_dags/example_short_circuit_operator.py
[2023-06-13T02:43:39.157+0000] {logging_mixin.py:149} INFO - [2023-06-13T02:43:39.154+0000] {dag.py:2726} INFO - Sync 1 DAGs
[2023-06-13T02:43:39.306+0000] {logging_mixin.py:149} INFO - [2023-06-13T02:43:39.305+0000] {dag.py:3490} INFO - Setting next_dagrun for example_short_circuit_operator to 2023-06-12T02:43:39.305049+00:00, run_after=2023-06-13T02:43:39.305049+00:00
[2023-06-13T02:43:39.630+0000] {processor.py:179} INFO - Processing /home/airflow/.local/lib/python3.7/site-packages/airflow/example_dags/example_short_circuit_operator.py took 0.852 seconds
[2023-06-13T02:44:10.209+0000] {processor.py:157} INFO - Started process (PID=1369) to work on /home/airflow/.local/lib/python3.7/site-packages/airflow/example_dags/example_short_circuit_operator.py
[2023-06-13T02:44:10.211+0000] {processor.py:826} INFO - Processing file /home/airflow/.local/lib/python3.7/site-packages/airflow/example_dags/example_short_circuit_operator.py for tasks to queue
[2023-06-13T02:44:10.214+0000] {logging_mixin.py:149} INFO - [2023-06-13T02:44:10.214+0000] {dagbag.py:541} INFO - Filling up the DagBag from /home/airflow/.local/lib/python3.7/site-packages/airflow/example_dags/example_short_circuit_operator.py
[2023-06-13T02:44:10.239+0000] {processor.py:836} INFO - DAG(s) dict_keys(['example_short_circuit_operator']) retrieved from /home/airflow/.local/lib/python3.7/site-packages/airflow/example_dags/example_short_circuit_operator.py
[2023-06-13T02:44:10.325+0000] {logging_mixin.py:149} INFO - [2023-06-13T02:44:10.325+0000] {dag.py:2726} INFO - Sync 1 DAGs
[2023-06-13T02:44:10.461+0000] {logging_mixin.py:149} INFO - [2023-06-13T02:44:10.461+0000] {dag.py:3490} INFO - Setting next_dagrun for example_short_circuit_operator to 2023-06-12T02:44:10.460721+00:00, run_after=2023-06-13T02:44:10.460721+00:00
[2023-06-13T02:44:10.558+0000] {processor.py:179} INFO - Processing /home/airflow/.local/lib/python3.7/site-packages/airflow/example_dags/example_short_circuit_operator.py took 0.356 seconds
[2023-06-13T02:44:41.033+0000] {processor.py:157} INFO - Started process (PID=1430) to work on /home/airflow/.local/lib/python3.7/site-packages/airflow/example_dags/example_short_circuit_operator.py
[2023-06-13T02:44:41.037+0000] {processor.py:826} INFO - Processing file /home/airflow/.local/lib/python3.7/site-packages/airflow/example_dags/example_short_circuit_operator.py for tasks to queue
[2023-06-13T02:44:41.052+0000] {logging_mixin.py:149} INFO - [2023-06-13T02:44:41.051+0000] {dagbag.py:541} INFO - Filling up the DagBag from /home/airflow/.local/lib/python3.7/site-packages/airflow/example_dags/example_short_circuit_operator.py
[2023-06-13T02:44:41.175+0000] {processor.py:836} INFO - DAG(s) dict_keys(['example_short_circuit_operator']) retrieved from /home/airflow/.local/lib/python3.7/site-packages/airflow/example_dags/example_short_circuit_operator.py
[2023-06-13T02:44:41.482+0000] {logging_mixin.py:149} INFO - [2023-06-13T02:44:41.481+0000] {dag.py:2726} INFO - Sync 1 DAGs
[2023-06-13T02:44:41.754+0000] {logging_mixin.py:149} INFO - [2023-06-13T02:44:41.753+0000] {dag.py:3490} INFO - Setting next_dagrun for example_short_circuit_operator to 2023-06-12T02:44:41.752101+00:00, run_after=2023-06-13T02:44:41.752101+00:00
[2023-06-13T02:44:42.170+0000] {processor.py:179} INFO - Processing /home/airflow/.local/lib/python3.7/site-packages/airflow/example_dags/example_short_circuit_operator.py took 1.190 seconds
