[2023-06-13T01:50:01.402+0000] {processor.py:157} INFO - Started process (PID=64) to work on /home/airflow/.local/lib/python3.7/site-packages/airflow/example_dags/example_local_kubernetes_executor.py
[2023-06-13T01:50:01.403+0000] {processor.py:826} INFO - Processing file /home/airflow/.local/lib/python3.7/site-packages/airflow/example_dags/example_local_kubernetes_executor.py for tasks to queue
[2023-06-13T01:50:01.405+0000] {logging_mixin.py:149} INFO - [2023-06-13T01:50:01.405+0000] {dagbag.py:541} INFO - Filling up the DagBag from /home/airflow/.local/lib/python3.7/site-packages/airflow/example_dags/example_local_kubernetes_executor.py
[2023-06-13T01:50:01.993+0000] {processor.py:836} INFO - DAG(s) dict_keys(['example_local_kubernetes_executor']) retrieved from /home/airflow/.local/lib/python3.7/site-packages/airflow/example_dags/example_local_kubernetes_executor.py
[2023-06-13T01:50:02.016+0000] {logging_mixin.py:149} INFO - [2023-06-13T01:50:02.015+0000] {dag.py:2726} INFO - Sync 1 DAGs
[2023-06-13T01:50:02.076+0000] {logging_mixin.py:149} INFO - [2023-06-13T01:50:02.076+0000] {dag.py:3490} INFO - Setting next_dagrun for example_local_kubernetes_executor to None, run_after=None
[2023-06-13T01:50:02.131+0000] {processor.py:179} INFO - Processing /home/airflow/.local/lib/python3.7/site-packages/airflow/example_dags/example_local_kubernetes_executor.py took 0.733 seconds
[2023-06-13T01:50:32.244+0000] {processor.py:157} INFO - Started process (PID=126) to work on /home/airflow/.local/lib/python3.7/site-packages/airflow/example_dags/example_local_kubernetes_executor.py
[2023-06-13T01:50:32.246+0000] {processor.py:826} INFO - Processing file /home/airflow/.local/lib/python3.7/site-packages/airflow/example_dags/example_local_kubernetes_executor.py for tasks to queue
[2023-06-13T01:50:32.248+0000] {logging_mixin.py:149} INFO - [2023-06-13T01:50:32.248+0000] {dagbag.py:541} INFO - Filling up the DagBag from /home/airflow/.local/lib/python3.7/site-packages/airflow/example_dags/example_local_kubernetes_executor.py
[2023-06-13T01:50:32.556+0000] {processor.py:836} INFO - DAG(s) dict_keys(['example_local_kubernetes_executor']) retrieved from /home/airflow/.local/lib/python3.7/site-packages/airflow/example_dags/example_local_kubernetes_executor.py
[2023-06-13T01:50:32.617+0000] {logging_mixin.py:149} INFO - [2023-06-13T01:50:32.617+0000] {dag.py:2726} INFO - Sync 1 DAGs
[2023-06-13T01:50:32.667+0000] {logging_mixin.py:149} INFO - [2023-06-13T01:50:32.667+0000] {dag.py:3490} INFO - Setting next_dagrun for example_local_kubernetes_executor to None, run_after=None
[2023-06-13T01:50:32.705+0000] {processor.py:179} INFO - Processing /home/airflow/.local/lib/python3.7/site-packages/airflow/example_dags/example_local_kubernetes_executor.py took 0.464 seconds
[2023-06-13T01:51:03.053+0000] {processor.py:157} INFO - Started process (PID=184) to work on /home/airflow/.local/lib/python3.7/site-packages/airflow/example_dags/example_local_kubernetes_executor.py
[2023-06-13T01:51:03.054+0000] {processor.py:826} INFO - Processing file /home/airflow/.local/lib/python3.7/site-packages/airflow/example_dags/example_local_kubernetes_executor.py for tasks to queue
[2023-06-13T01:51:03.057+0000] {logging_mixin.py:149} INFO - [2023-06-13T01:51:03.056+0000] {dagbag.py:541} INFO - Filling up the DagBag from /home/airflow/.local/lib/python3.7/site-packages/airflow/example_dags/example_local_kubernetes_executor.py
[2023-06-13T01:51:03.449+0000] {processor.py:836} INFO - DAG(s) dict_keys(['example_local_kubernetes_executor']) retrieved from /home/airflow/.local/lib/python3.7/site-packages/airflow/example_dags/example_local_kubernetes_executor.py
[2023-06-13T01:51:03.512+0000] {logging_mixin.py:149} INFO - [2023-06-13T01:51:03.511+0000] {dag.py:2726} INFO - Sync 1 DAGs
[2023-06-13T01:51:03.579+0000] {logging_mixin.py:149} INFO - [2023-06-13T01:51:03.579+0000] {dag.py:3490} INFO - Setting next_dagrun for example_local_kubernetes_executor to None, run_after=None
[2023-06-13T01:51:03.620+0000] {processor.py:179} INFO - Processing /home/airflow/.local/lib/python3.7/site-packages/airflow/example_dags/example_local_kubernetes_executor.py took 0.573 seconds
[2023-06-13T01:51:33.713+0000] {processor.py:157} INFO - Started process (PID=246) to work on /home/airflow/.local/lib/python3.7/site-packages/airflow/example_dags/example_local_kubernetes_executor.py
[2023-06-13T01:51:33.714+0000] {processor.py:826} INFO - Processing file /home/airflow/.local/lib/python3.7/site-packages/airflow/example_dags/example_local_kubernetes_executor.py for tasks to queue
[2023-06-13T01:51:33.716+0000] {logging_mixin.py:149} INFO - [2023-06-13T01:51:33.716+0000] {dagbag.py:541} INFO - Filling up the DagBag from /home/airflow/.local/lib/python3.7/site-packages/airflow/example_dags/example_local_kubernetes_executor.py
[2023-06-13T01:51:33.978+0000] {processor.py:836} INFO - DAG(s) dict_keys(['example_local_kubernetes_executor']) retrieved from /home/airflow/.local/lib/python3.7/site-packages/airflow/example_dags/example_local_kubernetes_executor.py
[2023-06-13T01:51:34.033+0000] {logging_mixin.py:149} INFO - [2023-06-13T01:51:34.033+0000] {dag.py:2726} INFO - Sync 1 DAGs
[2023-06-13T01:51:34.080+0000] {logging_mixin.py:149} INFO - [2023-06-13T01:51:34.080+0000] {dag.py:3490} INFO - Setting next_dagrun for example_local_kubernetes_executor to None, run_after=None
[2023-06-13T01:51:34.116+0000] {processor.py:179} INFO - Processing /home/airflow/.local/lib/python3.7/site-packages/airflow/example_dags/example_local_kubernetes_executor.py took 0.407 seconds
[2023-06-13T01:53:55.614+0000] {processor.py:157} INFO - Started process (PID=71) to work on /home/airflow/.local/lib/python3.7/site-packages/airflow/example_dags/example_local_kubernetes_executor.py
[2023-06-13T01:53:55.617+0000] {processor.py:826} INFO - Processing file /home/airflow/.local/lib/python3.7/site-packages/airflow/example_dags/example_local_kubernetes_executor.py for tasks to queue
[2023-06-13T01:53:55.619+0000] {logging_mixin.py:149} INFO - [2023-06-13T01:53:55.619+0000] {dagbag.py:541} INFO - Filling up the DagBag from /home/airflow/.local/lib/python3.7/site-packages/airflow/example_dags/example_local_kubernetes_executor.py
[2023-06-13T01:53:56.589+0000] {processor.py:836} INFO - DAG(s) dict_keys(['example_local_kubernetes_executor']) retrieved from /home/airflow/.local/lib/python3.7/site-packages/airflow/example_dags/example_local_kubernetes_executor.py
[2023-06-13T01:53:56.747+0000] {logging_mixin.py:149} INFO - [2023-06-13T01:53:56.747+0000] {dag.py:2726} INFO - Sync 1 DAGs
[2023-06-13T01:53:56.856+0000] {logging_mixin.py:149} INFO - [2023-06-13T01:53:56.855+0000] {dag.py:3490} INFO - Setting next_dagrun for example_local_kubernetes_executor to None, run_after=None
[2023-06-13T01:53:56.986+0000] {processor.py:179} INFO - Processing /home/airflow/.local/lib/python3.7/site-packages/airflow/example_dags/example_local_kubernetes_executor.py took 1.380 seconds
[2023-06-13T01:54:27.537+0000] {processor.py:157} INFO - Started process (PID=133) to work on /home/airflow/.local/lib/python3.7/site-packages/airflow/example_dags/example_local_kubernetes_executor.py
[2023-06-13T01:54:27.539+0000] {processor.py:826} INFO - Processing file /home/airflow/.local/lib/python3.7/site-packages/airflow/example_dags/example_local_kubernetes_executor.py for tasks to queue
[2023-06-13T01:54:27.540+0000] {logging_mixin.py:149} INFO - [2023-06-13T01:54:27.540+0000] {dagbag.py:541} INFO - Filling up the DagBag from /home/airflow/.local/lib/python3.7/site-packages/airflow/example_dags/example_local_kubernetes_executor.py
[2023-06-13T01:54:27.904+0000] {processor.py:836} INFO - DAG(s) dict_keys(['example_local_kubernetes_executor']) retrieved from /home/airflow/.local/lib/python3.7/site-packages/airflow/example_dags/example_local_kubernetes_executor.py
[2023-06-13T01:54:27.969+0000] {logging_mixin.py:149} INFO - [2023-06-13T01:54:27.969+0000] {dag.py:2726} INFO - Sync 1 DAGs
[2023-06-13T01:54:28.015+0000] {logging_mixin.py:149} INFO - [2023-06-13T01:54:28.015+0000] {dag.py:3490} INFO - Setting next_dagrun for example_local_kubernetes_executor to None, run_after=None
[2023-06-13T01:54:28.051+0000] {processor.py:179} INFO - Processing /home/airflow/.local/lib/python3.7/site-packages/airflow/example_dags/example_local_kubernetes_executor.py took 0.518 seconds
[2023-06-13T01:54:58.321+0000] {processor.py:157} INFO - Started process (PID=193) to work on /home/airflow/.local/lib/python3.7/site-packages/airflow/example_dags/example_local_kubernetes_executor.py
[2023-06-13T01:54:58.322+0000] {processor.py:826} INFO - Processing file /home/airflow/.local/lib/python3.7/site-packages/airflow/example_dags/example_local_kubernetes_executor.py for tasks to queue
[2023-06-13T01:54:58.324+0000] {logging_mixin.py:149} INFO - [2023-06-13T01:54:58.324+0000] {dagbag.py:541} INFO - Filling up the DagBag from /home/airflow/.local/lib/python3.7/site-packages/airflow/example_dags/example_local_kubernetes_executor.py
[2023-06-13T01:54:58.701+0000] {processor.py:836} INFO - DAG(s) dict_keys(['example_local_kubernetes_executor']) retrieved from /home/airflow/.local/lib/python3.7/site-packages/airflow/example_dags/example_local_kubernetes_executor.py
[2023-06-13T01:54:58.756+0000] {logging_mixin.py:149} INFO - [2023-06-13T01:54:58.756+0000] {dag.py:2726} INFO - Sync 1 DAGs
[2023-06-13T01:54:58.802+0000] {logging_mixin.py:149} INFO - [2023-06-13T01:54:58.801+0000] {dag.py:3490} INFO - Setting next_dagrun for example_local_kubernetes_executor to None, run_after=None
[2023-06-13T01:54:58.847+0000] {processor.py:179} INFO - Processing /home/airflow/.local/lib/python3.7/site-packages/airflow/example_dags/example_local_kubernetes_executor.py took 0.530 seconds
[2023-06-13T01:55:29.260+0000] {processor.py:157} INFO - Started process (PID=256) to work on /home/airflow/.local/lib/python3.7/site-packages/airflow/example_dags/example_local_kubernetes_executor.py
[2023-06-13T01:55:29.261+0000] {processor.py:826} INFO - Processing file /home/airflow/.local/lib/python3.7/site-packages/airflow/example_dags/example_local_kubernetes_executor.py for tasks to queue
[2023-06-13T01:55:29.263+0000] {logging_mixin.py:149} INFO - [2023-06-13T01:55:29.263+0000] {dagbag.py:541} INFO - Filling up the DagBag from /home/airflow/.local/lib/python3.7/site-packages/airflow/example_dags/example_local_kubernetes_executor.py
[2023-06-13T01:55:30.006+0000] {processor.py:836} INFO - DAG(s) dict_keys(['example_local_kubernetes_executor']) retrieved from /home/airflow/.local/lib/python3.7/site-packages/airflow/example_dags/example_local_kubernetes_executor.py
[2023-06-13T01:55:30.099+0000] {logging_mixin.py:149} INFO - [2023-06-13T01:55:30.099+0000] {dag.py:2726} INFO - Sync 1 DAGs
[2023-06-13T01:55:30.161+0000] {logging_mixin.py:149} INFO - [2023-06-13T01:55:30.161+0000] {dag.py:3490} INFO - Setting next_dagrun for example_local_kubernetes_executor to None, run_after=None
[2023-06-13T01:55:30.220+0000] {processor.py:179} INFO - Processing /home/airflow/.local/lib/python3.7/site-packages/airflow/example_dags/example_local_kubernetes_executor.py took 0.969 seconds
[2023-06-13T01:56:00.324+0000] {processor.py:157} INFO - Started process (PID=318) to work on /home/airflow/.local/lib/python3.7/site-packages/airflow/example_dags/example_local_kubernetes_executor.py
[2023-06-13T01:56:00.326+0000] {processor.py:826} INFO - Processing file /home/airflow/.local/lib/python3.7/site-packages/airflow/example_dags/example_local_kubernetes_executor.py for tasks to queue
[2023-06-13T01:56:00.328+0000] {logging_mixin.py:149} INFO - [2023-06-13T01:56:00.327+0000] {dagbag.py:541} INFO - Filling up the DagBag from /home/airflow/.local/lib/python3.7/site-packages/airflow/example_dags/example_local_kubernetes_executor.py
[2023-06-13T01:56:00.723+0000] {processor.py:836} INFO - DAG(s) dict_keys(['example_local_kubernetes_executor']) retrieved from /home/airflow/.local/lib/python3.7/site-packages/airflow/example_dags/example_local_kubernetes_executor.py
[2023-06-13T01:56:00.778+0000] {logging_mixin.py:149} INFO - [2023-06-13T01:56:00.777+0000] {dag.py:2726} INFO - Sync 1 DAGs
[2023-06-13T01:56:00.820+0000] {logging_mixin.py:149} INFO - [2023-06-13T01:56:00.820+0000] {dag.py:3490} INFO - Setting next_dagrun for example_local_kubernetes_executor to None, run_after=None
[2023-06-13T01:56:00.862+0000] {processor.py:179} INFO - Processing /home/airflow/.local/lib/python3.7/site-packages/airflow/example_dags/example_local_kubernetes_executor.py took 0.543 seconds
[2023-06-13T01:56:30.902+0000] {processor.py:157} INFO - Started process (PID=381) to work on /home/airflow/.local/lib/python3.7/site-packages/airflow/example_dags/example_local_kubernetes_executor.py
[2023-06-13T01:56:30.904+0000] {processor.py:826} INFO - Processing file /home/airflow/.local/lib/python3.7/site-packages/airflow/example_dags/example_local_kubernetes_executor.py for tasks to queue
[2023-06-13T01:56:30.906+0000] {logging_mixin.py:149} INFO - [2023-06-13T01:56:30.906+0000] {dagbag.py:541} INFO - Filling up the DagBag from /home/airflow/.local/lib/python3.7/site-packages/airflow/example_dags/example_local_kubernetes_executor.py
[2023-06-13T01:56:31.229+0000] {processor.py:836} INFO - DAG(s) dict_keys(['example_local_kubernetes_executor']) retrieved from /home/airflow/.local/lib/python3.7/site-packages/airflow/example_dags/example_local_kubernetes_executor.py
[2023-06-13T01:56:31.281+0000] {logging_mixin.py:149} INFO - [2023-06-13T01:56:31.281+0000] {dag.py:2726} INFO - Sync 1 DAGs
[2023-06-13T01:56:31.321+0000] {logging_mixin.py:149} INFO - [2023-06-13T01:56:31.321+0000] {dag.py:3490} INFO - Setting next_dagrun for example_local_kubernetes_executor to None, run_after=None
[2023-06-13T01:56:31.358+0000] {processor.py:179} INFO - Processing /home/airflow/.local/lib/python3.7/site-packages/airflow/example_dags/example_local_kubernetes_executor.py took 0.462 seconds
[2023-06-13T01:57:01.478+0000] {processor.py:157} INFO - Started process (PID=444) to work on /home/airflow/.local/lib/python3.7/site-packages/airflow/example_dags/example_local_kubernetes_executor.py
[2023-06-13T01:57:01.479+0000] {processor.py:826} INFO - Processing file /home/airflow/.local/lib/python3.7/site-packages/airflow/example_dags/example_local_kubernetes_executor.py for tasks to queue
[2023-06-13T01:57:01.481+0000] {logging_mixin.py:149} INFO - [2023-06-13T01:57:01.481+0000] {dagbag.py:541} INFO - Filling up the DagBag from /home/airflow/.local/lib/python3.7/site-packages/airflow/example_dags/example_local_kubernetes_executor.py
[2023-06-13T01:57:01.749+0000] {processor.py:836} INFO - DAG(s) dict_keys(['example_local_kubernetes_executor']) retrieved from /home/airflow/.local/lib/python3.7/site-packages/airflow/example_dags/example_local_kubernetes_executor.py
[2023-06-13T01:57:01.804+0000] {logging_mixin.py:149} INFO - [2023-06-13T01:57:01.804+0000] {dag.py:2726} INFO - Sync 1 DAGs
[2023-06-13T01:57:01.846+0000] {logging_mixin.py:149} INFO - [2023-06-13T01:57:01.845+0000] {dag.py:3490} INFO - Setting next_dagrun for example_local_kubernetes_executor to None, run_after=None
[2023-06-13T01:57:01.887+0000] {processor.py:179} INFO - Processing /home/airflow/.local/lib/python3.7/site-packages/airflow/example_dags/example_local_kubernetes_executor.py took 0.412 seconds
[2023-06-13T01:57:32.773+0000] {processor.py:157} INFO - Started process (PID=504) to work on /home/airflow/.local/lib/python3.7/site-packages/airflow/example_dags/example_local_kubernetes_executor.py
[2023-06-13T01:57:32.775+0000] {processor.py:826} INFO - Processing file /home/airflow/.local/lib/python3.7/site-packages/airflow/example_dags/example_local_kubernetes_executor.py for tasks to queue
[2023-06-13T01:57:32.778+0000] {logging_mixin.py:149} INFO - [2023-06-13T01:57:32.777+0000] {dagbag.py:541} INFO - Filling up the DagBag from /home/airflow/.local/lib/python3.7/site-packages/airflow/example_dags/example_local_kubernetes_executor.py
[2023-06-13T01:57:33.056+0000] {processor.py:836} INFO - DAG(s) dict_keys(['example_local_kubernetes_executor']) retrieved from /home/airflow/.local/lib/python3.7/site-packages/airflow/example_dags/example_local_kubernetes_executor.py
[2023-06-13T01:57:33.110+0000] {logging_mixin.py:149} INFO - [2023-06-13T01:57:33.110+0000] {dag.py:2726} INFO - Sync 1 DAGs
[2023-06-13T01:57:33.151+0000] {logging_mixin.py:149} INFO - [2023-06-13T01:57:33.151+0000] {dag.py:3490} INFO - Setting next_dagrun for example_local_kubernetes_executor to None, run_after=None
[2023-06-13T01:57:33.185+0000] {processor.py:179} INFO - Processing /home/airflow/.local/lib/python3.7/site-packages/airflow/example_dags/example_local_kubernetes_executor.py took 0.416 seconds
[2023-06-13T01:58:03.258+0000] {processor.py:157} INFO - Started process (PID=564) to work on /home/airflow/.local/lib/python3.7/site-packages/airflow/example_dags/example_local_kubernetes_executor.py
[2023-06-13T01:58:03.260+0000] {processor.py:826} INFO - Processing file /home/airflow/.local/lib/python3.7/site-packages/airflow/example_dags/example_local_kubernetes_executor.py for tasks to queue
[2023-06-13T01:58:03.261+0000] {logging_mixin.py:149} INFO - [2023-06-13T01:58:03.261+0000] {dagbag.py:541} INFO - Filling up the DagBag from /home/airflow/.local/lib/python3.7/site-packages/airflow/example_dags/example_local_kubernetes_executor.py
[2023-06-13T01:58:03.534+0000] {processor.py:836} INFO - DAG(s) dict_keys(['example_local_kubernetes_executor']) retrieved from /home/airflow/.local/lib/python3.7/site-packages/airflow/example_dags/example_local_kubernetes_executor.py
[2023-06-13T01:58:03.573+0000] {logging_mixin.py:149} INFO - [2023-06-13T01:58:03.572+0000] {dag.py:2726} INFO - Sync 1 DAGs
[2023-06-13T01:58:03.642+0000] {logging_mixin.py:149} INFO - [2023-06-13T01:58:03.642+0000] {dag.py:3490} INFO - Setting next_dagrun for example_local_kubernetes_executor to None, run_after=None
[2023-06-13T01:58:03.690+0000] {processor.py:179} INFO - Processing /home/airflow/.local/lib/python3.7/site-packages/airflow/example_dags/example_local_kubernetes_executor.py took 0.435 seconds
[2023-06-13T01:58:33.865+0000] {processor.py:157} INFO - Started process (PID=624) to work on /home/airflow/.local/lib/python3.7/site-packages/airflow/example_dags/example_local_kubernetes_executor.py
[2023-06-13T01:58:33.866+0000] {processor.py:826} INFO - Processing file /home/airflow/.local/lib/python3.7/site-packages/airflow/example_dags/example_local_kubernetes_executor.py for tasks to queue
[2023-06-13T01:58:33.868+0000] {logging_mixin.py:149} INFO - [2023-06-13T01:58:33.868+0000] {dagbag.py:541} INFO - Filling up the DagBag from /home/airflow/.local/lib/python3.7/site-packages/airflow/example_dags/example_local_kubernetes_executor.py
[2023-06-13T01:58:34.148+0000] {processor.py:836} INFO - DAG(s) dict_keys(['example_local_kubernetes_executor']) retrieved from /home/airflow/.local/lib/python3.7/site-packages/airflow/example_dags/example_local_kubernetes_executor.py
[2023-06-13T01:58:34.191+0000] {logging_mixin.py:149} INFO - [2023-06-13T01:58:34.191+0000] {dag.py:2726} INFO - Sync 1 DAGs
[2023-06-13T01:58:34.226+0000] {logging_mixin.py:149} INFO - [2023-06-13T01:58:34.226+0000] {dag.py:3490} INFO - Setting next_dagrun for example_local_kubernetes_executor to None, run_after=None
[2023-06-13T01:58:34.256+0000] {processor.py:179} INFO - Processing /home/airflow/.local/lib/python3.7/site-packages/airflow/example_dags/example_local_kubernetes_executor.py took 0.395 seconds
[2023-06-13T01:59:05.140+0000] {processor.py:157} INFO - Started process (PID=684) to work on /home/airflow/.local/lib/python3.7/site-packages/airflow/example_dags/example_local_kubernetes_executor.py
[2023-06-13T01:59:05.142+0000] {processor.py:826} INFO - Processing file /home/airflow/.local/lib/python3.7/site-packages/airflow/example_dags/example_local_kubernetes_executor.py for tasks to queue
[2023-06-13T01:59:05.143+0000] {logging_mixin.py:149} INFO - [2023-06-13T01:59:05.143+0000] {dagbag.py:541} INFO - Filling up the DagBag from /home/airflow/.local/lib/python3.7/site-packages/airflow/example_dags/example_local_kubernetes_executor.py
[2023-06-13T01:59:05.444+0000] {processor.py:836} INFO - DAG(s) dict_keys(['example_local_kubernetes_executor']) retrieved from /home/airflow/.local/lib/python3.7/site-packages/airflow/example_dags/example_local_kubernetes_executor.py
[2023-06-13T01:59:05.505+0000] {logging_mixin.py:149} INFO - [2023-06-13T01:59:05.504+0000] {dag.py:2726} INFO - Sync 1 DAGs
[2023-06-13T01:59:05.547+0000] {logging_mixin.py:149} INFO - [2023-06-13T01:59:05.547+0000] {dag.py:3490} INFO - Setting next_dagrun for example_local_kubernetes_executor to None, run_after=None
[2023-06-13T01:59:05.588+0000] {processor.py:179} INFO - Processing /home/airflow/.local/lib/python3.7/site-packages/airflow/example_dags/example_local_kubernetes_executor.py took 0.452 seconds
[2023-06-13T01:59:36.370+0000] {processor.py:157} INFO - Started process (PID=744) to work on /home/airflow/.local/lib/python3.7/site-packages/airflow/example_dags/example_local_kubernetes_executor.py
[2023-06-13T01:59:36.371+0000] {processor.py:826} INFO - Processing file /home/airflow/.local/lib/python3.7/site-packages/airflow/example_dags/example_local_kubernetes_executor.py for tasks to queue
[2023-06-13T01:59:36.373+0000] {logging_mixin.py:149} INFO - [2023-06-13T01:59:36.373+0000] {dagbag.py:541} INFO - Filling up the DagBag from /home/airflow/.local/lib/python3.7/site-packages/airflow/example_dags/example_local_kubernetes_executor.py
[2023-06-13T01:59:36.626+0000] {processor.py:836} INFO - DAG(s) dict_keys(['example_local_kubernetes_executor']) retrieved from /home/airflow/.local/lib/python3.7/site-packages/airflow/example_dags/example_local_kubernetes_executor.py
[2023-06-13T01:59:36.674+0000] {logging_mixin.py:149} INFO - [2023-06-13T01:59:36.674+0000] {dag.py:2726} INFO - Sync 1 DAGs
[2023-06-13T01:59:36.715+0000] {logging_mixin.py:149} INFO - [2023-06-13T01:59:36.715+0000] {dag.py:3490} INFO - Setting next_dagrun for example_local_kubernetes_executor to None, run_after=None
[2023-06-13T01:59:36.754+0000] {processor.py:179} INFO - Processing /home/airflow/.local/lib/python3.7/site-packages/airflow/example_dags/example_local_kubernetes_executor.py took 0.388 seconds
[2023-06-13T02:01:04.350+0000] {processor.py:157} INFO - Started process (PID=71) to work on /home/airflow/.local/lib/python3.7/site-packages/airflow/example_dags/example_local_kubernetes_executor.py
[2023-06-13T02:01:04.353+0000] {processor.py:826} INFO - Processing file /home/airflow/.local/lib/python3.7/site-packages/airflow/example_dags/example_local_kubernetes_executor.py for tasks to queue
[2023-06-13T02:01:04.366+0000] {logging_mixin.py:149} INFO - [2023-06-13T02:01:04.365+0000] {dagbag.py:541} INFO - Filling up the DagBag from /home/airflow/.local/lib/python3.7/site-packages/airflow/example_dags/example_local_kubernetes_executor.py
[2023-06-13T02:01:05.492+0000] {processor.py:836} INFO - DAG(s) dict_keys(['example_local_kubernetes_executor']) retrieved from /home/airflow/.local/lib/python3.7/site-packages/airflow/example_dags/example_local_kubernetes_executor.py
[2023-06-13T02:01:05.647+0000] {logging_mixin.py:149} INFO - [2023-06-13T02:01:05.647+0000] {dag.py:2726} INFO - Sync 1 DAGs
[2023-06-13T02:01:05.764+0000] {logging_mixin.py:149} INFO - [2023-06-13T02:01:05.763+0000] {dag.py:3490} INFO - Setting next_dagrun for example_local_kubernetes_executor to None, run_after=None
[2023-06-13T02:01:05.832+0000] {processor.py:179} INFO - Processing /home/airflow/.local/lib/python3.7/site-packages/airflow/example_dags/example_local_kubernetes_executor.py took 1.494 seconds
[2023-06-13T02:01:36.335+0000] {processor.py:157} INFO - Started process (PID=131) to work on /home/airflow/.local/lib/python3.7/site-packages/airflow/example_dags/example_local_kubernetes_executor.py
[2023-06-13T02:01:36.337+0000] {processor.py:826} INFO - Processing file /home/airflow/.local/lib/python3.7/site-packages/airflow/example_dags/example_local_kubernetes_executor.py for tasks to queue
[2023-06-13T02:01:36.340+0000] {logging_mixin.py:149} INFO - [2023-06-13T02:01:36.339+0000] {dagbag.py:541} INFO - Filling up the DagBag from /home/airflow/.local/lib/python3.7/site-packages/airflow/example_dags/example_local_kubernetes_executor.py
[2023-06-13T02:01:37.116+0000] {processor.py:836} INFO - DAG(s) dict_keys(['example_local_kubernetes_executor']) retrieved from /home/airflow/.local/lib/python3.7/site-packages/airflow/example_dags/example_local_kubernetes_executor.py
[2023-06-13T02:01:37.373+0000] {logging_mixin.py:149} INFO - [2023-06-13T02:01:37.372+0000] {dag.py:2726} INFO - Sync 1 DAGs
[2023-06-13T02:01:37.504+0000] {logging_mixin.py:149} INFO - [2023-06-13T02:01:37.503+0000] {dag.py:3490} INFO - Setting next_dagrun for example_local_kubernetes_executor to None, run_after=None
[2023-06-13T02:01:37.615+0000] {processor.py:179} INFO - Processing /home/airflow/.local/lib/python3.7/site-packages/airflow/example_dags/example_local_kubernetes_executor.py took 1.287 seconds
[2023-06-13T02:02:10.832+0000] {processor.py:157} INFO - Started process (PID=191) to work on /home/airflow/.local/lib/python3.7/site-packages/airflow/example_dags/example_local_kubernetes_executor.py
[2023-06-13T02:02:10.845+0000] {processor.py:826} INFO - Processing file /home/airflow/.local/lib/python3.7/site-packages/airflow/example_dags/example_local_kubernetes_executor.py for tasks to queue
[2023-06-13T02:02:10.850+0000] {logging_mixin.py:149} INFO - [2023-06-13T02:02:10.849+0000] {dagbag.py:541} INFO - Filling up the DagBag from /home/airflow/.local/lib/python3.7/site-packages/airflow/example_dags/example_local_kubernetes_executor.py
[2023-06-13T02:32:30.437+0000] {processor.py:157} INFO - Started process (PID=82) to work on /home/airflow/.local/lib/python3.7/site-packages/airflow/example_dags/example_local_kubernetes_executor.py
[2023-06-13T02:32:30.440+0000] {processor.py:826} INFO - Processing file /home/airflow/.local/lib/python3.7/site-packages/airflow/example_dags/example_local_kubernetes_executor.py for tasks to queue
[2023-06-13T02:32:30.443+0000] {logging_mixin.py:149} INFO - [2023-06-13T02:32:30.443+0000] {dagbag.py:541} INFO - Filling up the DagBag from /home/airflow/.local/lib/python3.7/site-packages/airflow/example_dags/example_local_kubernetes_executor.py
[2023-06-13T02:32:32.026+0000] {processor.py:836} INFO - DAG(s) dict_keys(['example_local_kubernetes_executor']) retrieved from /home/airflow/.local/lib/python3.7/site-packages/airflow/example_dags/example_local_kubernetes_executor.py
[2023-06-13T02:32:32.223+0000] {logging_mixin.py:149} INFO - [2023-06-13T02:32:32.222+0000] {dag.py:2726} INFO - Sync 1 DAGs
[2023-06-13T02:32:32.353+0000] {logging_mixin.py:149} INFO - [2023-06-13T02:32:32.352+0000] {dag.py:3490} INFO - Setting next_dagrun for example_local_kubernetes_executor to None, run_after=None
[2023-06-13T02:32:32.445+0000] {processor.py:179} INFO - Processing /home/airflow/.local/lib/python3.7/site-packages/airflow/example_dags/example_local_kubernetes_executor.py took 2.017 seconds
[2023-06-13T02:33:03.077+0000] {processor.py:157} INFO - Started process (PID=144) to work on /home/airflow/.local/lib/python3.7/site-packages/airflow/example_dags/example_local_kubernetes_executor.py
[2023-06-13T02:33:03.082+0000] {processor.py:826} INFO - Processing file /home/airflow/.local/lib/python3.7/site-packages/airflow/example_dags/example_local_kubernetes_executor.py for tasks to queue
[2023-06-13T02:33:03.086+0000] {logging_mixin.py:149} INFO - [2023-06-13T02:33:03.085+0000] {dagbag.py:541} INFO - Filling up the DagBag from /home/airflow/.local/lib/python3.7/site-packages/airflow/example_dags/example_local_kubernetes_executor.py
[2023-06-13T02:33:04.787+0000] {processor.py:836} INFO - DAG(s) dict_keys(['example_local_kubernetes_executor']) retrieved from /home/airflow/.local/lib/python3.7/site-packages/airflow/example_dags/example_local_kubernetes_executor.py
[2023-06-13T02:33:04.929+0000] {logging_mixin.py:149} INFO - [2023-06-13T02:33:04.929+0000] {dag.py:2726} INFO - Sync 1 DAGs
[2023-06-13T02:33:05.020+0000] {logging_mixin.py:149} INFO - [2023-06-13T02:33:05.020+0000] {dag.py:3490} INFO - Setting next_dagrun for example_local_kubernetes_executor to None, run_after=None
[2023-06-13T02:33:05.121+0000] {processor.py:179} INFO - Processing /home/airflow/.local/lib/python3.7/site-packages/airflow/example_dags/example_local_kubernetes_executor.py took 2.053 seconds
[2023-06-13T02:33:54.901+0000] {processor.py:157} INFO - Started process (PID=201) to work on /home/airflow/.local/lib/python3.7/site-packages/airflow/example_dags/example_local_kubernetes_executor.py
[2023-06-13T02:33:54.910+0000] {processor.py:826} INFO - Processing file /home/airflow/.local/lib/python3.7/site-packages/airflow/example_dags/example_local_kubernetes_executor.py for tasks to queue
[2023-06-13T02:33:54.920+0000] {logging_mixin.py:149} INFO - [2023-06-13T02:33:54.919+0000] {dagbag.py:541} INFO - Filling up the DagBag from /home/airflow/.local/lib/python3.7/site-packages/airflow/example_dags/example_local_kubernetes_executor.py
[2023-06-13T02:34:00.416+0000] {processor.py:836} INFO - DAG(s) dict_keys(['example_local_kubernetes_executor']) retrieved from /home/airflow/.local/lib/python3.7/site-packages/airflow/example_dags/example_local_kubernetes_executor.py
[2023-06-13T02:34:01.201+0000] {logging_mixin.py:149} INFO - [2023-06-13T02:34:01.189+0000] {dag.py:2726} INFO - Sync 1 DAGs
[2023-06-13T02:34:01.975+0000] {logging_mixin.py:149} INFO - [2023-06-13T02:34:01.975+0000] {dag.py:3490} INFO - Setting next_dagrun for example_local_kubernetes_executor to None, run_after=None
[2023-06-13T02:34:02.343+0000] {processor.py:179} INFO - Processing /home/airflow/.local/lib/python3.7/site-packages/airflow/example_dags/example_local_kubernetes_executor.py took 7.458 seconds
[2023-06-13T02:34:32.796+0000] {processor.py:157} INFO - Started process (PID=269) to work on /home/airflow/.local/lib/python3.7/site-packages/airflow/example_dags/example_local_kubernetes_executor.py
[2023-06-13T02:34:32.799+0000] {processor.py:826} INFO - Processing file /home/airflow/.local/lib/python3.7/site-packages/airflow/example_dags/example_local_kubernetes_executor.py for tasks to queue
[2023-06-13T02:34:32.802+0000] {logging_mixin.py:149} INFO - [2023-06-13T02:34:32.802+0000] {dagbag.py:541} INFO - Filling up the DagBag from /home/airflow/.local/lib/python3.7/site-packages/airflow/example_dags/example_local_kubernetes_executor.py
[2023-06-13T02:34:33.243+0000] {processor.py:836} INFO - DAG(s) dict_keys(['example_local_kubernetes_executor']) retrieved from /home/airflow/.local/lib/python3.7/site-packages/airflow/example_dags/example_local_kubernetes_executor.py
[2023-06-13T02:34:33.316+0000] {logging_mixin.py:149} INFO - [2023-06-13T02:34:33.316+0000] {dag.py:2726} INFO - Sync 1 DAGs
[2023-06-13T02:34:33.379+0000] {logging_mixin.py:149} INFO - [2023-06-13T02:34:33.378+0000] {dag.py:3490} INFO - Setting next_dagrun for example_local_kubernetes_executor to None, run_after=None
[2023-06-13T02:34:33.433+0000] {processor.py:179} INFO - Processing /home/airflow/.local/lib/python3.7/site-packages/airflow/example_dags/example_local_kubernetes_executor.py took 0.645 seconds
[2023-06-13T02:35:04.804+0000] {processor.py:157} INFO - Started process (PID=329) to work on /home/airflow/.local/lib/python3.7/site-packages/airflow/example_dags/example_local_kubernetes_executor.py
[2023-06-13T02:35:04.810+0000] {processor.py:826} INFO - Processing file /home/airflow/.local/lib/python3.7/site-packages/airflow/example_dags/example_local_kubernetes_executor.py for tasks to queue
[2023-06-13T02:35:04.818+0000] {logging_mixin.py:149} INFO - [2023-06-13T02:35:04.817+0000] {dagbag.py:541} INFO - Filling up the DagBag from /home/airflow/.local/lib/python3.7/site-packages/airflow/example_dags/example_local_kubernetes_executor.py
[2023-06-13T02:35:05.953+0000] {processor.py:836} INFO - DAG(s) dict_keys(['example_local_kubernetes_executor']) retrieved from /home/airflow/.local/lib/python3.7/site-packages/airflow/example_dags/example_local_kubernetes_executor.py
[2023-06-13T02:35:06.114+0000] {logging_mixin.py:149} INFO - [2023-06-13T02:35:06.113+0000] {dag.py:2726} INFO - Sync 1 DAGs
[2023-06-13T02:35:06.334+0000] {logging_mixin.py:149} INFO - [2023-06-13T02:35:06.332+0000] {dag.py:3490} INFO - Setting next_dagrun for example_local_kubernetes_executor to None, run_after=None
[2023-06-13T02:35:06.512+0000] {processor.py:179} INFO - Processing /home/airflow/.local/lib/python3.7/site-packages/airflow/example_dags/example_local_kubernetes_executor.py took 1.730 seconds
[2023-06-13T02:35:36.768+0000] {processor.py:157} INFO - Started process (PID=391) to work on /home/airflow/.local/lib/python3.7/site-packages/airflow/example_dags/example_local_kubernetes_executor.py
[2023-06-13T02:35:36.771+0000] {processor.py:826} INFO - Processing file /home/airflow/.local/lib/python3.7/site-packages/airflow/example_dags/example_local_kubernetes_executor.py for tasks to queue
[2023-06-13T02:35:36.774+0000] {logging_mixin.py:149} INFO - [2023-06-13T02:35:36.773+0000] {dagbag.py:541} INFO - Filling up the DagBag from /home/airflow/.local/lib/python3.7/site-packages/airflow/example_dags/example_local_kubernetes_executor.py
[2023-06-13T02:35:37.417+0000] {processor.py:836} INFO - DAG(s) dict_keys(['example_local_kubernetes_executor']) retrieved from /home/airflow/.local/lib/python3.7/site-packages/airflow/example_dags/example_local_kubernetes_executor.py
[2023-06-13T02:35:37.508+0000] {logging_mixin.py:149} INFO - [2023-06-13T02:35:37.507+0000] {dag.py:2726} INFO - Sync 1 DAGs
[2023-06-13T02:35:37.581+0000] {logging_mixin.py:149} INFO - [2023-06-13T02:35:37.580+0000] {dag.py:3490} INFO - Setting next_dagrun for example_local_kubernetes_executor to None, run_after=None
[2023-06-13T02:35:37.646+0000] {processor.py:179} INFO - Processing /home/airflow/.local/lib/python3.7/site-packages/airflow/example_dags/example_local_kubernetes_executor.py took 0.885 seconds
[2023-06-13T02:36:08.954+0000] {processor.py:157} INFO - Started process (PID=448) to work on /home/airflow/.local/lib/python3.7/site-packages/airflow/example_dags/example_local_kubernetes_executor.py
[2023-06-13T02:36:08.959+0000] {processor.py:826} INFO - Processing file /home/airflow/.local/lib/python3.7/site-packages/airflow/example_dags/example_local_kubernetes_executor.py for tasks to queue
[2023-06-13T02:36:08.963+0000] {logging_mixin.py:149} INFO - [2023-06-13T02:36:08.962+0000] {dagbag.py:541} INFO - Filling up the DagBag from /home/airflow/.local/lib/python3.7/site-packages/airflow/example_dags/example_local_kubernetes_executor.py
[2023-06-13T02:35:58.158+0000] {processor.py:836} INFO - DAG(s) dict_keys(['example_local_kubernetes_executor']) retrieved from /home/airflow/.local/lib/python3.7/site-packages/airflow/example_dags/example_local_kubernetes_executor.py
[2023-06-13T02:35:58.301+0000] {logging_mixin.py:149} INFO - [2023-06-13T02:35:58.300+0000] {dag.py:2726} INFO - Sync 1 DAGs
[2023-06-13T02:35:58.443+0000] {logging_mixin.py:149} INFO - [2023-06-13T02:35:58.440+0000] {dag.py:3490} INFO - Setting next_dagrun for example_local_kubernetes_executor to None, run_after=None
[2023-06-13T02:35:58.527+0000] {processor.py:179} INFO - Processing /home/airflow/.local/lib/python3.7/site-packages/airflow/example_dags/example_local_kubernetes_executor.py took 1.332 seconds
[2023-06-13T02:36:28.685+0000] {processor.py:157} INFO - Started process (PID=483) to work on /home/airflow/.local/lib/python3.7/site-packages/airflow/example_dags/example_local_kubernetes_executor.py
[2023-06-13T02:36:28.688+0000] {processor.py:826} INFO - Processing file /home/airflow/.local/lib/python3.7/site-packages/airflow/example_dags/example_local_kubernetes_executor.py for tasks to queue
[2023-06-13T02:36:28.692+0000] {logging_mixin.py:149} INFO - [2023-06-13T02:36:28.691+0000] {dagbag.py:541} INFO - Filling up the DagBag from /home/airflow/.local/lib/python3.7/site-packages/airflow/example_dags/example_local_kubernetes_executor.py
[2023-06-13T02:36:29.940+0000] {processor.py:836} INFO - DAG(s) dict_keys(['example_local_kubernetes_executor']) retrieved from /home/airflow/.local/lib/python3.7/site-packages/airflow/example_dags/example_local_kubernetes_executor.py
[2023-06-13T02:36:30.071+0000] {logging_mixin.py:149} INFO - [2023-06-13T02:36:30.071+0000] {dag.py:2726} INFO - Sync 1 DAGs
[2023-06-13T02:36:30.229+0000] {logging_mixin.py:149} INFO - [2023-06-13T02:36:30.228+0000] {dag.py:3490} INFO - Setting next_dagrun for example_local_kubernetes_executor to None, run_after=None
[2023-06-13T02:36:30.362+0000] {processor.py:179} INFO - Processing /home/airflow/.local/lib/python3.7/site-packages/airflow/example_dags/example_local_kubernetes_executor.py took 1.689 seconds
[2023-06-13T02:37:01.133+0000] {processor.py:157} INFO - Started process (PID=546) to work on /home/airflow/.local/lib/python3.7/site-packages/airflow/example_dags/example_local_kubernetes_executor.py
[2023-06-13T02:37:01.136+0000] {processor.py:826} INFO - Processing file /home/airflow/.local/lib/python3.7/site-packages/airflow/example_dags/example_local_kubernetes_executor.py for tasks to queue
[2023-06-13T02:37:01.139+0000] {logging_mixin.py:149} INFO - [2023-06-13T02:37:01.139+0000] {dagbag.py:541} INFO - Filling up the DagBag from /home/airflow/.local/lib/python3.7/site-packages/airflow/example_dags/example_local_kubernetes_executor.py
[2023-06-13T02:37:01.630+0000] {processor.py:836} INFO - DAG(s) dict_keys(['example_local_kubernetes_executor']) retrieved from /home/airflow/.local/lib/python3.7/site-packages/airflow/example_dags/example_local_kubernetes_executor.py
[2023-06-13T02:37:01.711+0000] {logging_mixin.py:149} INFO - [2023-06-13T02:37:01.711+0000] {dag.py:2726} INFO - Sync 1 DAGs
[2023-06-13T02:37:01.768+0000] {logging_mixin.py:149} INFO - [2023-06-13T02:37:01.768+0000] {dag.py:3490} INFO - Setting next_dagrun for example_local_kubernetes_executor to None, run_after=None
[2023-06-13T02:37:01.825+0000] {processor.py:179} INFO - Processing /home/airflow/.local/lib/python3.7/site-packages/airflow/example_dags/example_local_kubernetes_executor.py took 0.704 seconds
[2023-06-13T02:37:32.059+0000] {processor.py:157} INFO - Started process (PID=606) to work on /home/airflow/.local/lib/python3.7/site-packages/airflow/example_dags/example_local_kubernetes_executor.py
[2023-06-13T02:37:32.063+0000] {processor.py:826} INFO - Processing file /home/airflow/.local/lib/python3.7/site-packages/airflow/example_dags/example_local_kubernetes_executor.py for tasks to queue
[2023-06-13T02:37:32.067+0000] {logging_mixin.py:149} INFO - [2023-06-13T02:37:32.066+0000] {dagbag.py:541} INFO - Filling up the DagBag from /home/airflow/.local/lib/python3.7/site-packages/airflow/example_dags/example_local_kubernetes_executor.py
[2023-06-13T02:37:32.766+0000] {processor.py:836} INFO - DAG(s) dict_keys(['example_local_kubernetes_executor']) retrieved from /home/airflow/.local/lib/python3.7/site-packages/airflow/example_dags/example_local_kubernetes_executor.py
[2023-06-13T02:37:32.900+0000] {logging_mixin.py:149} INFO - [2023-06-13T02:37:32.898+0000] {dag.py:2726} INFO - Sync 1 DAGs
[2023-06-13T02:37:33.102+0000] {logging_mixin.py:149} INFO - [2023-06-13T02:37:33.102+0000] {dag.py:3490} INFO - Setting next_dagrun for example_local_kubernetes_executor to None, run_after=None
[2023-06-13T02:37:33.196+0000] {processor.py:179} INFO - Processing /home/airflow/.local/lib/python3.7/site-packages/airflow/example_dags/example_local_kubernetes_executor.py took 1.146 seconds
[2023-06-13T02:38:03.770+0000] {processor.py:157} INFO - Started process (PID=667) to work on /home/airflow/.local/lib/python3.7/site-packages/airflow/example_dags/example_local_kubernetes_executor.py
[2023-06-13T02:38:03.773+0000] {processor.py:826} INFO - Processing file /home/airflow/.local/lib/python3.7/site-packages/airflow/example_dags/example_local_kubernetes_executor.py for tasks to queue
[2023-06-13T02:38:03.776+0000] {logging_mixin.py:149} INFO - [2023-06-13T02:38:03.775+0000] {dagbag.py:541} INFO - Filling up the DagBag from /home/airflow/.local/lib/python3.7/site-packages/airflow/example_dags/example_local_kubernetes_executor.py
[2023-06-13T02:38:04.216+0000] {processor.py:836} INFO - DAG(s) dict_keys(['example_local_kubernetes_executor']) retrieved from /home/airflow/.local/lib/python3.7/site-packages/airflow/example_dags/example_local_kubernetes_executor.py
[2023-06-13T02:38:04.304+0000] {logging_mixin.py:149} INFO - [2023-06-13T02:38:04.304+0000] {dag.py:2726} INFO - Sync 1 DAGs
[2023-06-13T02:38:04.366+0000] {logging_mixin.py:149} INFO - [2023-06-13T02:38:04.365+0000] {dag.py:3490} INFO - Setting next_dagrun for example_local_kubernetes_executor to None, run_after=None
[2023-06-13T02:38:04.441+0000] {processor.py:179} INFO - Processing /home/airflow/.local/lib/python3.7/site-packages/airflow/example_dags/example_local_kubernetes_executor.py took 0.679 seconds
[2023-06-13T02:38:34.981+0000] {processor.py:157} INFO - Started process (PID=727) to work on /home/airflow/.local/lib/python3.7/site-packages/airflow/example_dags/example_local_kubernetes_executor.py
[2023-06-13T02:38:34.984+0000] {processor.py:826} INFO - Processing file /home/airflow/.local/lib/python3.7/site-packages/airflow/example_dags/example_local_kubernetes_executor.py for tasks to queue
[2023-06-13T02:38:34.987+0000] {logging_mixin.py:149} INFO - [2023-06-13T02:38:34.987+0000] {dagbag.py:541} INFO - Filling up the DagBag from /home/airflow/.local/lib/python3.7/site-packages/airflow/example_dags/example_local_kubernetes_executor.py
[2023-06-13T02:38:35.461+0000] {processor.py:836} INFO - DAG(s) dict_keys(['example_local_kubernetes_executor']) retrieved from /home/airflow/.local/lib/python3.7/site-packages/airflow/example_dags/example_local_kubernetes_executor.py
[2023-06-13T02:38:35.545+0000] {logging_mixin.py:149} INFO - [2023-06-13T02:38:35.545+0000] {dag.py:2726} INFO - Sync 1 DAGs
[2023-06-13T02:38:35.611+0000] {logging_mixin.py:149} INFO - [2023-06-13T02:38:35.611+0000] {dag.py:3490} INFO - Setting next_dagrun for example_local_kubernetes_executor to None, run_after=None
[2023-06-13T02:38:35.674+0000] {processor.py:179} INFO - Processing /home/airflow/.local/lib/python3.7/site-packages/airflow/example_dags/example_local_kubernetes_executor.py took 0.699 seconds
[2023-06-13T02:39:06.394+0000] {processor.py:157} INFO - Started process (PID=788) to work on /home/airflow/.local/lib/python3.7/site-packages/airflow/example_dags/example_local_kubernetes_executor.py
[2023-06-13T02:39:06.399+0000] {processor.py:826} INFO - Processing file /home/airflow/.local/lib/python3.7/site-packages/airflow/example_dags/example_local_kubernetes_executor.py for tasks to queue
[2023-06-13T02:39:06.408+0000] {logging_mixin.py:149} INFO - [2023-06-13T02:39:06.407+0000] {dagbag.py:541} INFO - Filling up the DagBag from /home/airflow/.local/lib/python3.7/site-packages/airflow/example_dags/example_local_kubernetes_executor.py
[2023-06-13T02:39:07.469+0000] {processor.py:836} INFO - DAG(s) dict_keys(['example_local_kubernetes_executor']) retrieved from /home/airflow/.local/lib/python3.7/site-packages/airflow/example_dags/example_local_kubernetes_executor.py
[2023-06-13T02:39:07.603+0000] {logging_mixin.py:149} INFO - [2023-06-13T02:39:07.602+0000] {dag.py:2726} INFO - Sync 1 DAGs
[2023-06-13T02:39:07.743+0000] {logging_mixin.py:149} INFO - [2023-06-13T02:39:07.742+0000] {dag.py:3490} INFO - Setting next_dagrun for example_local_kubernetes_executor to None, run_after=None
[2023-06-13T02:39:07.863+0000] {processor.py:179} INFO - Processing /home/airflow/.local/lib/python3.7/site-packages/airflow/example_dags/example_local_kubernetes_executor.py took 1.488 seconds
[2023-06-13T02:39:38.276+0000] {processor.py:157} INFO - Started process (PID=849) to work on /home/airflow/.local/lib/python3.7/site-packages/airflow/example_dags/example_local_kubernetes_executor.py
[2023-06-13T02:39:38.280+0000] {processor.py:826} INFO - Processing file /home/airflow/.local/lib/python3.7/site-packages/airflow/example_dags/example_local_kubernetes_executor.py for tasks to queue
[2023-06-13T02:39:38.285+0000] {logging_mixin.py:149} INFO - [2023-06-13T02:39:38.284+0000] {dagbag.py:541} INFO - Filling up the DagBag from /home/airflow/.local/lib/python3.7/site-packages/airflow/example_dags/example_local_kubernetes_executor.py
[2023-06-13T02:39:38.972+0000] {processor.py:836} INFO - DAG(s) dict_keys(['example_local_kubernetes_executor']) retrieved from /home/airflow/.local/lib/python3.7/site-packages/airflow/example_dags/example_local_kubernetes_executor.py
[2023-06-13T02:39:39.109+0000] {logging_mixin.py:149} INFO - [2023-06-13T02:39:39.108+0000] {dag.py:2726} INFO - Sync 1 DAGs
[2023-06-13T02:39:39.223+0000] {logging_mixin.py:149} INFO - [2023-06-13T02:39:39.223+0000] {dag.py:3490} INFO - Setting next_dagrun for example_local_kubernetes_executor to None, run_after=None
[2023-06-13T02:39:39.297+0000] {processor.py:179} INFO - Processing /home/airflow/.local/lib/python3.7/site-packages/airflow/example_dags/example_local_kubernetes_executor.py took 1.028 seconds
[2023-06-13T02:40:09.854+0000] {processor.py:157} INFO - Started process (PID=911) to work on /home/airflow/.local/lib/python3.7/site-packages/airflow/example_dags/example_local_kubernetes_executor.py
[2023-06-13T02:40:09.856+0000] {processor.py:826} INFO - Processing file /home/airflow/.local/lib/python3.7/site-packages/airflow/example_dags/example_local_kubernetes_executor.py for tasks to queue
[2023-06-13T02:40:09.861+0000] {logging_mixin.py:149} INFO - [2023-06-13T02:40:09.860+0000] {dagbag.py:541} INFO - Filling up the DagBag from /home/airflow/.local/lib/python3.7/site-packages/airflow/example_dags/example_local_kubernetes_executor.py
[2023-06-13T02:40:10.495+0000] {processor.py:836} INFO - DAG(s) dict_keys(['example_local_kubernetes_executor']) retrieved from /home/airflow/.local/lib/python3.7/site-packages/airflow/example_dags/example_local_kubernetes_executor.py
[2023-06-13T02:40:10.607+0000] {logging_mixin.py:149} INFO - [2023-06-13T02:40:10.606+0000] {dag.py:2726} INFO - Sync 1 DAGs
[2023-06-13T02:40:10.688+0000] {logging_mixin.py:149} INFO - [2023-06-13T02:40:10.688+0000] {dag.py:3490} INFO - Setting next_dagrun for example_local_kubernetes_executor to None, run_after=None
[2023-06-13T02:40:10.768+0000] {processor.py:179} INFO - Processing /home/airflow/.local/lib/python3.7/site-packages/airflow/example_dags/example_local_kubernetes_executor.py took 0.925 seconds
[2023-06-13T02:40:41.121+0000] {processor.py:157} INFO - Started process (PID=971) to work on /home/airflow/.local/lib/python3.7/site-packages/airflow/example_dags/example_local_kubernetes_executor.py
[2023-06-13T02:40:41.125+0000] {processor.py:826} INFO - Processing file /home/airflow/.local/lib/python3.7/site-packages/airflow/example_dags/example_local_kubernetes_executor.py for tasks to queue
[2023-06-13T02:40:41.129+0000] {logging_mixin.py:149} INFO - [2023-06-13T02:40:41.127+0000] {dagbag.py:541} INFO - Filling up the DagBag from /home/airflow/.local/lib/python3.7/site-packages/airflow/example_dags/example_local_kubernetes_executor.py
[2023-06-13T02:40:41.926+0000] {processor.py:836} INFO - DAG(s) dict_keys(['example_local_kubernetes_executor']) retrieved from /home/airflow/.local/lib/python3.7/site-packages/airflow/example_dags/example_local_kubernetes_executor.py
[2023-06-13T02:40:42.054+0000] {logging_mixin.py:149} INFO - [2023-06-13T02:40:42.053+0000] {dag.py:2726} INFO - Sync 1 DAGs
[2023-06-13T02:40:42.169+0000] {logging_mixin.py:149} INFO - [2023-06-13T02:40:42.169+0000] {dag.py:3490} INFO - Setting next_dagrun for example_local_kubernetes_executor to None, run_after=None
[2023-06-13T02:40:42.265+0000] {processor.py:179} INFO - Processing /home/airflow/.local/lib/python3.7/site-packages/airflow/example_dags/example_local_kubernetes_executor.py took 1.155 seconds
[2023-06-13T02:41:13.066+0000] {processor.py:157} INFO - Started process (PID=1032) to work on /home/airflow/.local/lib/python3.7/site-packages/airflow/example_dags/example_local_kubernetes_executor.py
[2023-06-13T02:41:13.069+0000] {processor.py:826} INFO - Processing file /home/airflow/.local/lib/python3.7/site-packages/airflow/example_dags/example_local_kubernetes_executor.py for tasks to queue
[2023-06-13T02:41:13.072+0000] {logging_mixin.py:149} INFO - [2023-06-13T02:41:13.072+0000] {dagbag.py:541} INFO - Filling up the DagBag from /home/airflow/.local/lib/python3.7/site-packages/airflow/example_dags/example_local_kubernetes_executor.py
[2023-06-13T02:41:14.688+0000] {processor.py:836} INFO - DAG(s) dict_keys(['example_local_kubernetes_executor']) retrieved from /home/airflow/.local/lib/python3.7/site-packages/airflow/example_dags/example_local_kubernetes_executor.py
[2023-06-13T02:41:14.851+0000] {logging_mixin.py:149} INFO - [2023-06-13T02:41:14.851+0000] {dag.py:2726} INFO - Sync 1 DAGs
[2023-06-13T02:41:15.007+0000] {logging_mixin.py:149} INFO - [2023-06-13T02:41:15.007+0000] {dag.py:3490} INFO - Setting next_dagrun for example_local_kubernetes_executor to None, run_after=None
[2023-06-13T02:41:15.114+0000] {processor.py:179} INFO - Processing /home/airflow/.local/lib/python3.7/site-packages/airflow/example_dags/example_local_kubernetes_executor.py took 2.062 seconds
[2023-06-13T02:41:46.123+0000] {processor.py:157} INFO - Started process (PID=1097) to work on /home/airflow/.local/lib/python3.7/site-packages/airflow/example_dags/example_local_kubernetes_executor.py
[2023-06-13T02:41:46.127+0000] {processor.py:826} INFO - Processing file /home/airflow/.local/lib/python3.7/site-packages/airflow/example_dags/example_local_kubernetes_executor.py for tasks to queue
[2023-06-13T02:41:46.130+0000] {logging_mixin.py:149} INFO - [2023-06-13T02:41:46.129+0000] {dagbag.py:541} INFO - Filling up the DagBag from /home/airflow/.local/lib/python3.7/site-packages/airflow/example_dags/example_local_kubernetes_executor.py
[2023-06-13T02:41:46.937+0000] {processor.py:836} INFO - DAG(s) dict_keys(['example_local_kubernetes_executor']) retrieved from /home/airflow/.local/lib/python3.7/site-packages/airflow/example_dags/example_local_kubernetes_executor.py
[2023-06-13T02:41:47.055+0000] {logging_mixin.py:149} INFO - [2023-06-13T02:41:47.054+0000] {dag.py:2726} INFO - Sync 1 DAGs
[2023-06-13T02:41:47.155+0000] {logging_mixin.py:149} INFO - [2023-06-13T02:41:47.154+0000] {dag.py:3490} INFO - Setting next_dagrun for example_local_kubernetes_executor to None, run_after=None
[2023-06-13T02:41:47.268+0000] {processor.py:179} INFO - Processing /home/airflow/.local/lib/python3.7/site-packages/airflow/example_dags/example_local_kubernetes_executor.py took 1.152 seconds
[2023-06-13T02:42:18.068+0000] {processor.py:157} INFO - Started process (PID=1159) to work on /home/airflow/.local/lib/python3.7/site-packages/airflow/example_dags/example_local_kubernetes_executor.py
[2023-06-13T02:42:18.071+0000] {processor.py:826} INFO - Processing file /home/airflow/.local/lib/python3.7/site-packages/airflow/example_dags/example_local_kubernetes_executor.py for tasks to queue
[2023-06-13T02:42:18.075+0000] {logging_mixin.py:149} INFO - [2023-06-13T02:42:18.074+0000] {dagbag.py:541} INFO - Filling up the DagBag from /home/airflow/.local/lib/python3.7/site-packages/airflow/example_dags/example_local_kubernetes_executor.py
[2023-06-13T02:42:18.649+0000] {processor.py:836} INFO - DAG(s) dict_keys(['example_local_kubernetes_executor']) retrieved from /home/airflow/.local/lib/python3.7/site-packages/airflow/example_dags/example_local_kubernetes_executor.py
[2023-06-13T02:42:18.768+0000] {logging_mixin.py:149} INFO - [2023-06-13T02:42:18.767+0000] {dag.py:2726} INFO - Sync 1 DAGs
[2023-06-13T02:42:18.856+0000] {logging_mixin.py:149} INFO - [2023-06-13T02:42:18.855+0000] {dag.py:3490} INFO - Setting next_dagrun for example_local_kubernetes_executor to None, run_after=None
[2023-06-13T02:42:18.928+0000] {processor.py:179} INFO - Processing /home/airflow/.local/lib/python3.7/site-packages/airflow/example_dags/example_local_kubernetes_executor.py took 0.876 seconds
[2023-06-13T02:42:49.461+0000] {processor.py:157} INFO - Started process (PID=1220) to work on /home/airflow/.local/lib/python3.7/site-packages/airflow/example_dags/example_local_kubernetes_executor.py
[2023-06-13T02:42:49.463+0000] {processor.py:826} INFO - Processing file /home/airflow/.local/lib/python3.7/site-packages/airflow/example_dags/example_local_kubernetes_executor.py for tasks to queue
[2023-06-13T02:42:49.468+0000] {logging_mixin.py:149} INFO - [2023-06-13T02:42:49.467+0000] {dagbag.py:541} INFO - Filling up the DagBag from /home/airflow/.local/lib/python3.7/site-packages/airflow/example_dags/example_local_kubernetes_executor.py
[2023-06-13T02:42:50.359+0000] {processor.py:836} INFO - DAG(s) dict_keys(['example_local_kubernetes_executor']) retrieved from /home/airflow/.local/lib/python3.7/site-packages/airflow/example_dags/example_local_kubernetes_executor.py
[2023-06-13T02:42:50.465+0000] {logging_mixin.py:149} INFO - [2023-06-13T02:42:50.465+0000] {dag.py:2726} INFO - Sync 1 DAGs
[2023-06-13T02:42:50.551+0000] {logging_mixin.py:149} INFO - [2023-06-13T02:42:50.551+0000] {dag.py:3490} INFO - Setting next_dagrun for example_local_kubernetes_executor to None, run_after=None
[2023-06-13T02:42:50.652+0000] {processor.py:179} INFO - Processing /home/airflow/.local/lib/python3.7/site-packages/airflow/example_dags/example_local_kubernetes_executor.py took 1.199 seconds
[2023-06-13T02:43:20.880+0000] {processor.py:157} INFO - Started process (PID=1280) to work on /home/airflow/.local/lib/python3.7/site-packages/airflow/example_dags/example_local_kubernetes_executor.py
[2023-06-13T02:43:20.883+0000] {processor.py:826} INFO - Processing file /home/airflow/.local/lib/python3.7/site-packages/airflow/example_dags/example_local_kubernetes_executor.py for tasks to queue
[2023-06-13T02:43:20.886+0000] {logging_mixin.py:149} INFO - [2023-06-13T02:43:20.886+0000] {dagbag.py:541} INFO - Filling up the DagBag from /home/airflow/.local/lib/python3.7/site-packages/airflow/example_dags/example_local_kubernetes_executor.py
[2023-06-13T02:43:21.364+0000] {processor.py:836} INFO - DAG(s) dict_keys(['example_local_kubernetes_executor']) retrieved from /home/airflow/.local/lib/python3.7/site-packages/airflow/example_dags/example_local_kubernetes_executor.py
[2023-06-13T02:43:21.477+0000] {logging_mixin.py:149} INFO - [2023-06-13T02:43:21.476+0000] {dag.py:2726} INFO - Sync 1 DAGs
[2023-06-13T02:43:21.541+0000] {logging_mixin.py:149} INFO - [2023-06-13T02:43:21.541+0000] {dag.py:3490} INFO - Setting next_dagrun for example_local_kubernetes_executor to None, run_after=None
[2023-06-13T02:43:21.616+0000] {processor.py:179} INFO - Processing /home/airflow/.local/lib/python3.7/site-packages/airflow/example_dags/example_local_kubernetes_executor.py took 0.743 seconds
[2023-06-13T02:43:51.805+0000] {processor.py:157} INFO - Started process (PID=1340) to work on /home/airflow/.local/lib/python3.7/site-packages/airflow/example_dags/example_local_kubernetes_executor.py
[2023-06-13T02:43:51.809+0000] {processor.py:826} INFO - Processing file /home/airflow/.local/lib/python3.7/site-packages/airflow/example_dags/example_local_kubernetes_executor.py for tasks to queue
[2023-06-13T02:43:51.812+0000] {logging_mixin.py:149} INFO - [2023-06-13T02:43:51.812+0000] {dagbag.py:541} INFO - Filling up the DagBag from /home/airflow/.local/lib/python3.7/site-packages/airflow/example_dags/example_local_kubernetes_executor.py
[2023-06-13T02:43:52.424+0000] {processor.py:836} INFO - DAG(s) dict_keys(['example_local_kubernetes_executor']) retrieved from /home/airflow/.local/lib/python3.7/site-packages/airflow/example_dags/example_local_kubernetes_executor.py
[2023-06-13T02:43:52.530+0000] {logging_mixin.py:149} INFO - [2023-06-13T02:43:52.530+0000] {dag.py:2726} INFO - Sync 1 DAGs
[2023-06-13T02:43:52.591+0000] {logging_mixin.py:149} INFO - [2023-06-13T02:43:52.591+0000] {dag.py:3490} INFO - Setting next_dagrun for example_local_kubernetes_executor to None, run_after=None
[2023-06-13T02:43:52.657+0000] {processor.py:179} INFO - Processing /home/airflow/.local/lib/python3.7/site-packages/airflow/example_dags/example_local_kubernetes_executor.py took 0.860 seconds
[2023-06-13T02:44:23.864+0000] {processor.py:157} INFO - Started process (PID=1402) to work on /home/airflow/.local/lib/python3.7/site-packages/airflow/example_dags/example_local_kubernetes_executor.py
[2023-06-13T02:44:23.868+0000] {processor.py:826} INFO - Processing file /home/airflow/.local/lib/python3.7/site-packages/airflow/example_dags/example_local_kubernetes_executor.py for tasks to queue
[2023-06-13T02:44:23.872+0000] {logging_mixin.py:149} INFO - [2023-06-13T02:44:23.871+0000] {dagbag.py:541} INFO - Filling up the DagBag from /home/airflow/.local/lib/python3.7/site-packages/airflow/example_dags/example_local_kubernetes_executor.py
[2023-06-13T02:44:24.599+0000] {processor.py:836} INFO - DAG(s) dict_keys(['example_local_kubernetes_executor']) retrieved from /home/airflow/.local/lib/python3.7/site-packages/airflow/example_dags/example_local_kubernetes_executor.py
[2023-06-13T02:44:24.686+0000] {logging_mixin.py:149} INFO - [2023-06-13T02:44:24.685+0000] {dag.py:2726} INFO - Sync 1 DAGs
[2023-06-13T02:44:24.768+0000] {logging_mixin.py:149} INFO - [2023-06-13T02:44:24.767+0000] {dag.py:3490} INFO - Setting next_dagrun for example_local_kubernetes_executor to None, run_after=None
[2023-06-13T02:44:24.862+0000] {processor.py:179} INFO - Processing /home/airflow/.local/lib/python3.7/site-packages/airflow/example_dags/example_local_kubernetes_executor.py took 1.006 seconds
