[2023-06-13T01:50:01.241+0000] {processor.py:157} INFO - Started process (PID=63) to work on /home/airflow/.local/lib/python3.7/site-packages/airflow/example_dags/example_branch_python_dop_operator_3.py
[2023-06-13T01:50:01.243+0000] {processor.py:826} INFO - Processing file /home/airflow/.local/lib/python3.7/site-packages/airflow/example_dags/example_branch_python_dop_operator_3.py for tasks to queue
[2023-06-13T01:50:01.246+0000] {logging_mixin.py:149} INFO - [2023-06-13T01:50:01.245+0000] {dagbag.py:541} INFO - Filling up the DagBag from /home/airflow/.local/lib/python3.7/site-packages/airflow/example_dags/example_branch_python_dop_operator_3.py
[2023-06-13T01:50:01.279+0000] {processor.py:836} INFO - DAG(s) dict_keys(['example_branch_dop_operator_v3']) retrieved from /home/airflow/.local/lib/python3.7/site-packages/airflow/example_dags/example_branch_python_dop_operator_3.py
[2023-06-13T01:50:01.309+0000] {logging_mixin.py:149} INFO - [2023-06-13T01:50:01.309+0000] {dag.py:2726} INFO - Sync 1 DAGs
[2023-06-13T01:50:01.382+0000] {logging_mixin.py:149} INFO - [2023-06-13T01:50:01.382+0000] {dag.py:3490} INFO - Setting next_dagrun for example_branch_dop_operator_v3 to 2023-06-13T01:49:00+00:00, run_after=2023-06-13T01:50:00+00:00
[2023-06-13T01:50:01.426+0000] {processor.py:179} INFO - Processing /home/airflow/.local/lib/python3.7/site-packages/airflow/example_dags/example_branch_python_dop_operator_3.py took 0.192 seconds
[2023-06-13T01:50:31.604+0000] {processor.py:157} INFO - Started process (PID=123) to work on /home/airflow/.local/lib/python3.7/site-packages/airflow/example_dags/example_branch_python_dop_operator_3.py
[2023-06-13T01:50:31.606+0000] {processor.py:826} INFO - Processing file /home/airflow/.local/lib/python3.7/site-packages/airflow/example_dags/example_branch_python_dop_operator_3.py for tasks to queue
[2023-06-13T01:50:31.608+0000] {logging_mixin.py:149} INFO - [2023-06-13T01:50:31.608+0000] {dagbag.py:541} INFO - Filling up the DagBag from /home/airflow/.local/lib/python3.7/site-packages/airflow/example_dags/example_branch_python_dop_operator_3.py
[2023-06-13T01:50:31.632+0000] {processor.py:836} INFO - DAG(s) dict_keys(['example_branch_dop_operator_v3']) retrieved from /home/airflow/.local/lib/python3.7/site-packages/airflow/example_dags/example_branch_python_dop_operator_3.py
[2023-06-13T01:50:31.677+0000] {logging_mixin.py:149} INFO - [2023-06-13T01:50:31.677+0000] {dag.py:2726} INFO - Sync 1 DAGs
[2023-06-13T01:50:31.752+0000] {logging_mixin.py:149} INFO - [2023-06-13T01:50:31.752+0000] {dag.py:3490} INFO - Setting next_dagrun for example_branch_dop_operator_v3 to 2023-06-13T01:49:00+00:00, run_after=2023-06-13T01:50:00+00:00
[2023-06-13T01:50:31.792+0000] {processor.py:179} INFO - Processing /home/airflow/.local/lib/python3.7/site-packages/airflow/example_dags/example_branch_python_dop_operator_3.py took 0.196 seconds
[2023-06-13T01:51:02.951+0000] {processor.py:157} INFO - Started process (PID=183) to work on /home/airflow/.local/lib/python3.7/site-packages/airflow/example_dags/example_branch_python_dop_operator_3.py
[2023-06-13T01:51:02.953+0000] {processor.py:826} INFO - Processing file /home/airflow/.local/lib/python3.7/site-packages/airflow/example_dags/example_branch_python_dop_operator_3.py for tasks to queue
[2023-06-13T01:51:02.955+0000] {logging_mixin.py:149} INFO - [2023-06-13T01:51:02.955+0000] {dagbag.py:541} INFO - Filling up the DagBag from /home/airflow/.local/lib/python3.7/site-packages/airflow/example_dags/example_branch_python_dop_operator_3.py
[2023-06-13T01:51:02.965+0000] {processor.py:836} INFO - DAG(s) dict_keys(['example_branch_dop_operator_v3']) retrieved from /home/airflow/.local/lib/python3.7/site-packages/airflow/example_dags/example_branch_python_dop_operator_3.py
[2023-06-13T01:51:03.007+0000] {logging_mixin.py:149} INFO - [2023-06-13T01:51:03.007+0000] {dag.py:2726} INFO - Sync 1 DAGs
[2023-06-13T01:51:03.110+0000] {logging_mixin.py:149} INFO - [2023-06-13T01:51:03.109+0000] {dag.py:3490} INFO - Setting next_dagrun for example_branch_dop_operator_v3 to 2023-06-13T01:50:00+00:00, run_after=2023-06-13T01:51:00+00:00
[2023-06-13T01:51:03.164+0000] {processor.py:179} INFO - Processing /home/airflow/.local/lib/python3.7/site-packages/airflow/example_dags/example_branch_python_dop_operator_3.py took 0.216 seconds
[2023-06-13T01:51:33.459+0000] {processor.py:157} INFO - Started process (PID=243) to work on /home/airflow/.local/lib/python3.7/site-packages/airflow/example_dags/example_branch_python_dop_operator_3.py
[2023-06-13T01:51:33.461+0000] {processor.py:826} INFO - Processing file /home/airflow/.local/lib/python3.7/site-packages/airflow/example_dags/example_branch_python_dop_operator_3.py for tasks to queue
[2023-06-13T01:51:33.463+0000] {logging_mixin.py:149} INFO - [2023-06-13T01:51:33.462+0000] {dagbag.py:541} INFO - Filling up the DagBag from /home/airflow/.local/lib/python3.7/site-packages/airflow/example_dags/example_branch_python_dop_operator_3.py
[2023-06-13T01:51:33.473+0000] {processor.py:836} INFO - DAG(s) dict_keys(['example_branch_dop_operator_v3']) retrieved from /home/airflow/.local/lib/python3.7/site-packages/airflow/example_dags/example_branch_python_dop_operator_3.py
[2023-06-13T01:51:33.517+0000] {logging_mixin.py:149} INFO - [2023-06-13T01:51:33.516+0000] {dag.py:2726} INFO - Sync 1 DAGs
[2023-06-13T01:51:33.568+0000] {logging_mixin.py:149} INFO - [2023-06-13T01:51:33.568+0000] {dag.py:3490} INFO - Setting next_dagrun for example_branch_dop_operator_v3 to 2023-06-13T01:50:00+00:00, run_after=2023-06-13T01:51:00+00:00
[2023-06-13T01:51:33.610+0000] {processor.py:179} INFO - Processing /home/airflow/.local/lib/python3.7/site-packages/airflow/example_dags/example_branch_python_dop_operator_3.py took 0.155 seconds
[2023-06-13T01:53:55.347+0000] {processor.py:157} INFO - Started process (PID=70) to work on /home/airflow/.local/lib/python3.7/site-packages/airflow/example_dags/example_branch_python_dop_operator_3.py
[2023-06-13T01:53:55.350+0000] {processor.py:826} INFO - Processing file /home/airflow/.local/lib/python3.7/site-packages/airflow/example_dags/example_branch_python_dop_operator_3.py for tasks to queue
[2023-06-13T01:53:55.357+0000] {logging_mixin.py:149} INFO - [2023-06-13T01:53:55.356+0000] {dagbag.py:541} INFO - Filling up the DagBag from /home/airflow/.local/lib/python3.7/site-packages/airflow/example_dags/example_branch_python_dop_operator_3.py
[2023-06-13T01:53:55.391+0000] {processor.py:836} INFO - DAG(s) dict_keys(['example_branch_dop_operator_v3']) retrieved from /home/airflow/.local/lib/python3.7/site-packages/airflow/example_dags/example_branch_python_dop_operator_3.py
[2023-06-13T01:53:55.505+0000] {logging_mixin.py:149} INFO - [2023-06-13T01:53:55.505+0000] {dag.py:2726} INFO - Sync 1 DAGs
[2023-06-13T01:53:55.625+0000] {logging_mixin.py:149} INFO - [2023-06-13T01:53:55.625+0000] {dag.py:3490} INFO - Setting next_dagrun for example_branch_dop_operator_v3 to 2023-06-13T01:52:00+00:00, run_after=2023-06-13T01:53:00+00:00
[2023-06-13T01:53:55.693+0000] {processor.py:179} INFO - Processing /home/airflow/.local/lib/python3.7/site-packages/airflow/example_dags/example_branch_python_dop_operator_3.py took 0.353 seconds
[2023-06-13T01:54:26.350+0000] {processor.py:157} INFO - Started process (PID=131) to work on /home/airflow/.local/lib/python3.7/site-packages/airflow/example_dags/example_branch_python_dop_operator_3.py
[2023-06-13T01:54:26.351+0000] {processor.py:826} INFO - Processing file /home/airflow/.local/lib/python3.7/site-packages/airflow/example_dags/example_branch_python_dop_operator_3.py for tasks to queue
[2023-06-13T01:54:26.353+0000] {logging_mixin.py:149} INFO - [2023-06-13T01:54:26.353+0000] {dagbag.py:541} INFO - Filling up the DagBag from /home/airflow/.local/lib/python3.7/site-packages/airflow/example_dags/example_branch_python_dop_operator_3.py
[2023-06-13T01:54:26.363+0000] {processor.py:836} INFO - DAG(s) dict_keys(['example_branch_dop_operator_v3']) retrieved from /home/airflow/.local/lib/python3.7/site-packages/airflow/example_dags/example_branch_python_dop_operator_3.py
[2023-06-13T01:54:26.399+0000] {logging_mixin.py:149} INFO - [2023-06-13T01:54:26.399+0000] {dag.py:2726} INFO - Sync 1 DAGs
[2023-06-13T01:54:26.451+0000] {logging_mixin.py:149} INFO - [2023-06-13T01:54:26.451+0000] {dag.py:3490} INFO - Setting next_dagrun for example_branch_dop_operator_v3 to 2023-06-13T01:53:00+00:00, run_after=2023-06-13T01:54:00+00:00
[2023-06-13T01:54:26.486+0000] {processor.py:179} INFO - Processing /home/airflow/.local/lib/python3.7/site-packages/airflow/example_dags/example_branch_python_dop_operator_3.py took 0.141 seconds
[2023-06-13T01:54:57.071+0000] {processor.py:157} INFO - Started process (PID=191) to work on /home/airflow/.local/lib/python3.7/site-packages/airflow/example_dags/example_branch_python_dop_operator_3.py
[2023-06-13T01:54:57.073+0000] {processor.py:826} INFO - Processing file /home/airflow/.local/lib/python3.7/site-packages/airflow/example_dags/example_branch_python_dop_operator_3.py for tasks to queue
[2023-06-13T01:54:57.076+0000] {logging_mixin.py:149} INFO - [2023-06-13T01:54:57.076+0000] {dagbag.py:541} INFO - Filling up the DagBag from /home/airflow/.local/lib/python3.7/site-packages/airflow/example_dags/example_branch_python_dop_operator_3.py
[2023-06-13T01:54:57.096+0000] {processor.py:836} INFO - DAG(s) dict_keys(['example_branch_dop_operator_v3']) retrieved from /home/airflow/.local/lib/python3.7/site-packages/airflow/example_dags/example_branch_python_dop_operator_3.py
[2023-06-13T01:54:57.139+0000] {logging_mixin.py:149} INFO - [2023-06-13T01:54:57.139+0000] {dag.py:2726} INFO - Sync 1 DAGs
[2023-06-13T01:54:57.201+0000] {logging_mixin.py:149} INFO - [2023-06-13T01:54:57.201+0000] {dag.py:3490} INFO - Setting next_dagrun for example_branch_dop_operator_v3 to 2023-06-13T01:53:00+00:00, run_after=2023-06-13T01:54:00+00:00
[2023-06-13T01:54:57.243+0000] {processor.py:179} INFO - Processing /home/airflow/.local/lib/python3.7/site-packages/airflow/example_dags/example_branch_python_dop_operator_3.py took 0.178 seconds
[2023-06-13T01:55:27.341+0000] {processor.py:157} INFO - Started process (PID=252) to work on /home/airflow/.local/lib/python3.7/site-packages/airflow/example_dags/example_branch_python_dop_operator_3.py
[2023-06-13T01:55:27.343+0000] {processor.py:826} INFO - Processing file /home/airflow/.local/lib/python3.7/site-packages/airflow/example_dags/example_branch_python_dop_operator_3.py for tasks to queue
[2023-06-13T01:55:27.345+0000] {logging_mixin.py:149} INFO - [2023-06-13T01:55:27.345+0000] {dagbag.py:541} INFO - Filling up the DagBag from /home/airflow/.local/lib/python3.7/site-packages/airflow/example_dags/example_branch_python_dop_operator_3.py
[2023-06-13T01:55:27.364+0000] {processor.py:836} INFO - DAG(s) dict_keys(['example_branch_dop_operator_v3']) retrieved from /home/airflow/.local/lib/python3.7/site-packages/airflow/example_dags/example_branch_python_dop_operator_3.py
[2023-06-13T01:55:27.413+0000] {logging_mixin.py:149} INFO - [2023-06-13T01:55:27.412+0000] {dag.py:2726} INFO - Sync 1 DAGs
[2023-06-13T01:55:27.487+0000] {logging_mixin.py:149} INFO - [2023-06-13T01:55:27.487+0000] {dag.py:3490} INFO - Setting next_dagrun for example_branch_dop_operator_v3 to 2023-06-13T01:54:00+00:00, run_after=2023-06-13T01:55:00+00:00
[2023-06-13T01:55:27.532+0000] {processor.py:179} INFO - Processing /home/airflow/.local/lib/python3.7/site-packages/airflow/example_dags/example_branch_python_dop_operator_3.py took 0.197 seconds
[2023-06-13T01:55:57.666+0000] {processor.py:157} INFO - Started process (PID=312) to work on /home/airflow/.local/lib/python3.7/site-packages/airflow/example_dags/example_branch_python_dop_operator_3.py
[2023-06-13T01:55:57.668+0000] {processor.py:826} INFO - Processing file /home/airflow/.local/lib/python3.7/site-packages/airflow/example_dags/example_branch_python_dop_operator_3.py for tasks to queue
[2023-06-13T01:55:57.669+0000] {logging_mixin.py:149} INFO - [2023-06-13T01:55:57.669+0000] {dagbag.py:541} INFO - Filling up the DagBag from /home/airflow/.local/lib/python3.7/site-packages/airflow/example_dags/example_branch_python_dop_operator_3.py
[2023-06-13T01:55:57.679+0000] {processor.py:836} INFO - DAG(s) dict_keys(['example_branch_dop_operator_v3']) retrieved from /home/airflow/.local/lib/python3.7/site-packages/airflow/example_dags/example_branch_python_dop_operator_3.py
[2023-06-13T01:55:57.713+0000] {logging_mixin.py:149} INFO - [2023-06-13T01:55:57.713+0000] {dag.py:2726} INFO - Sync 1 DAGs
[2023-06-13T01:55:57.758+0000] {logging_mixin.py:149} INFO - [2023-06-13T01:55:57.758+0000] {dag.py:3490} INFO - Setting next_dagrun for example_branch_dop_operator_v3 to 2023-06-13T01:54:00+00:00, run_after=2023-06-13T01:55:00+00:00
[2023-06-13T01:55:57.800+0000] {processor.py:179} INFO - Processing /home/airflow/.local/lib/python3.7/site-packages/airflow/example_dags/example_branch_python_dop_operator_3.py took 0.138 seconds
[2023-06-13T01:56:28.145+0000] {processor.py:157} INFO - Started process (PID=372) to work on /home/airflow/.local/lib/python3.7/site-packages/airflow/example_dags/example_branch_python_dop_operator_3.py
[2023-06-13T01:56:28.146+0000] {processor.py:826} INFO - Processing file /home/airflow/.local/lib/python3.7/site-packages/airflow/example_dags/example_branch_python_dop_operator_3.py for tasks to queue
[2023-06-13T01:56:28.148+0000] {logging_mixin.py:149} INFO - [2023-06-13T01:56:28.147+0000] {dagbag.py:541} INFO - Filling up the DagBag from /home/airflow/.local/lib/python3.7/site-packages/airflow/example_dags/example_branch_python_dop_operator_3.py
[2023-06-13T01:56:28.159+0000] {processor.py:836} INFO - DAG(s) dict_keys(['example_branch_dop_operator_v3']) retrieved from /home/airflow/.local/lib/python3.7/site-packages/airflow/example_dags/example_branch_python_dop_operator_3.py
[2023-06-13T01:56:28.199+0000] {logging_mixin.py:149} INFO - [2023-06-13T01:56:28.199+0000] {dag.py:2726} INFO - Sync 1 DAGs
[2023-06-13T01:56:28.246+0000] {logging_mixin.py:149} INFO - [2023-06-13T01:56:28.245+0000] {dag.py:3490} INFO - Setting next_dagrun for example_branch_dop_operator_v3 to 2023-06-13T01:55:00+00:00, run_after=2023-06-13T01:56:00+00:00
[2023-06-13T01:56:28.278+0000] {processor.py:179} INFO - Processing /home/airflow/.local/lib/python3.7/site-packages/airflow/example_dags/example_branch_python_dop_operator_3.py took 0.138 seconds
[2023-06-13T01:56:58.567+0000] {processor.py:157} INFO - Started process (PID=433) to work on /home/airflow/.local/lib/python3.7/site-packages/airflow/example_dags/example_branch_python_dop_operator_3.py
[2023-06-13T01:56:58.569+0000] {processor.py:826} INFO - Processing file /home/airflow/.local/lib/python3.7/site-packages/airflow/example_dags/example_branch_python_dop_operator_3.py for tasks to queue
[2023-06-13T01:56:58.570+0000] {logging_mixin.py:149} INFO - [2023-06-13T01:56:58.570+0000] {dagbag.py:541} INFO - Filling up the DagBag from /home/airflow/.local/lib/python3.7/site-packages/airflow/example_dags/example_branch_python_dop_operator_3.py
[2023-06-13T01:56:58.581+0000] {processor.py:836} INFO - DAG(s) dict_keys(['example_branch_dop_operator_v3']) retrieved from /home/airflow/.local/lib/python3.7/site-packages/airflow/example_dags/example_branch_python_dop_operator_3.py
[2023-06-13T01:56:58.613+0000] {logging_mixin.py:149} INFO - [2023-06-13T01:56:58.613+0000] {dag.py:2726} INFO - Sync 1 DAGs
[2023-06-13T01:56:58.665+0000] {logging_mixin.py:149} INFO - [2023-06-13T01:56:58.665+0000] {dag.py:3490} INFO - Setting next_dagrun for example_branch_dop_operator_v3 to 2023-06-13T01:55:00+00:00, run_after=2023-06-13T01:56:00+00:00
[2023-06-13T01:56:58.701+0000] {processor.py:179} INFO - Processing /home/airflow/.local/lib/python3.7/site-packages/airflow/example_dags/example_branch_python_dop_operator_3.py took 0.139 seconds
[2023-06-13T01:57:28.865+0000] {processor.py:157} INFO - Started process (PID=493) to work on /home/airflow/.local/lib/python3.7/site-packages/airflow/example_dags/example_branch_python_dop_operator_3.py
[2023-06-13T01:57:28.867+0000] {processor.py:826} INFO - Processing file /home/airflow/.local/lib/python3.7/site-packages/airflow/example_dags/example_branch_python_dop_operator_3.py for tasks to queue
[2023-06-13T01:57:28.869+0000] {logging_mixin.py:149} INFO - [2023-06-13T01:57:28.869+0000] {dagbag.py:541} INFO - Filling up the DagBag from /home/airflow/.local/lib/python3.7/site-packages/airflow/example_dags/example_branch_python_dop_operator_3.py
[2023-06-13T01:57:28.890+0000] {processor.py:836} INFO - DAG(s) dict_keys(['example_branch_dop_operator_v3']) retrieved from /home/airflow/.local/lib/python3.7/site-packages/airflow/example_dags/example_branch_python_dop_operator_3.py
[2023-06-13T01:57:28.937+0000] {logging_mixin.py:149} INFO - [2023-06-13T01:57:28.937+0000] {dag.py:2726} INFO - Sync 1 DAGs
[2023-06-13T01:57:29.011+0000] {logging_mixin.py:149} INFO - [2023-06-13T01:57:29.011+0000] {dag.py:3490} INFO - Setting next_dagrun for example_branch_dop_operator_v3 to 2023-06-13T01:56:00+00:00, run_after=2023-06-13T01:57:00+00:00
[2023-06-13T01:57:29.069+0000] {processor.py:179} INFO - Processing /home/airflow/.local/lib/python3.7/site-packages/airflow/example_dags/example_branch_python_dop_operator_3.py took 0.210 seconds
[2023-06-13T01:57:59.201+0000] {processor.py:157} INFO - Started process (PID=553) to work on /home/airflow/.local/lib/python3.7/site-packages/airflow/example_dags/example_branch_python_dop_operator_3.py
[2023-06-13T01:57:59.202+0000] {processor.py:826} INFO - Processing file /home/airflow/.local/lib/python3.7/site-packages/airflow/example_dags/example_branch_python_dop_operator_3.py for tasks to queue
[2023-06-13T01:57:59.204+0000] {logging_mixin.py:149} INFO - [2023-06-13T01:57:59.204+0000] {dagbag.py:541} INFO - Filling up the DagBag from /home/airflow/.local/lib/python3.7/site-packages/airflow/example_dags/example_branch_python_dop_operator_3.py
[2023-06-13T01:57:59.216+0000] {processor.py:836} INFO - DAG(s) dict_keys(['example_branch_dop_operator_v3']) retrieved from /home/airflow/.local/lib/python3.7/site-packages/airflow/example_dags/example_branch_python_dop_operator_3.py
[2023-06-13T01:57:59.239+0000] {logging_mixin.py:149} INFO - [2023-06-13T01:57:59.238+0000] {dag.py:2726} INFO - Sync 1 DAGs
[2023-06-13T01:57:59.305+0000] {logging_mixin.py:149} INFO - [2023-06-13T01:57:59.305+0000] {dag.py:3490} INFO - Setting next_dagrun for example_branch_dop_operator_v3 to 2023-06-13T01:56:00+00:00, run_after=2023-06-13T01:57:00+00:00
[2023-06-13T01:57:59.349+0000] {processor.py:179} INFO - Processing /home/airflow/.local/lib/python3.7/site-packages/airflow/example_dags/example_branch_python_dop_operator_3.py took 0.152 seconds
[2023-06-13T01:58:29.716+0000] {processor.py:157} INFO - Started process (PID=613) to work on /home/airflow/.local/lib/python3.7/site-packages/airflow/example_dags/example_branch_python_dop_operator_3.py
[2023-06-13T01:58:29.717+0000] {processor.py:826} INFO - Processing file /home/airflow/.local/lib/python3.7/site-packages/airflow/example_dags/example_branch_python_dop_operator_3.py for tasks to queue
[2023-06-13T01:58:29.720+0000] {logging_mixin.py:149} INFO - [2023-06-13T01:58:29.719+0000] {dagbag.py:541} INFO - Filling up the DagBag from /home/airflow/.local/lib/python3.7/site-packages/airflow/example_dags/example_branch_python_dop_operator_3.py
[2023-06-13T01:58:29.730+0000] {processor.py:836} INFO - DAG(s) dict_keys(['example_branch_dop_operator_v3']) retrieved from /home/airflow/.local/lib/python3.7/site-packages/airflow/example_dags/example_branch_python_dop_operator_3.py
[2023-06-13T01:58:29.767+0000] {logging_mixin.py:149} INFO - [2023-06-13T01:58:29.767+0000] {dag.py:2726} INFO - Sync 1 DAGs
[2023-06-13T01:58:29.822+0000] {logging_mixin.py:149} INFO - [2023-06-13T01:58:29.821+0000] {dag.py:3490} INFO - Setting next_dagrun for example_branch_dop_operator_v3 to 2023-06-13T01:57:00+00:00, run_after=2023-06-13T01:58:00+00:00
[2023-06-13T01:58:29.859+0000] {processor.py:179} INFO - Processing /home/airflow/.local/lib/python3.7/site-packages/airflow/example_dags/example_branch_python_dop_operator_3.py took 0.147 seconds
[2023-06-13T01:59:00.201+0000] {processor.py:157} INFO - Started process (PID=673) to work on /home/airflow/.local/lib/python3.7/site-packages/airflow/example_dags/example_branch_python_dop_operator_3.py
[2023-06-13T01:59:00.202+0000] {processor.py:826} INFO - Processing file /home/airflow/.local/lib/python3.7/site-packages/airflow/example_dags/example_branch_python_dop_operator_3.py for tasks to queue
[2023-06-13T01:59:00.204+0000] {logging_mixin.py:149} INFO - [2023-06-13T01:59:00.204+0000] {dagbag.py:541} INFO - Filling up the DagBag from /home/airflow/.local/lib/python3.7/site-packages/airflow/example_dags/example_branch_python_dop_operator_3.py
[2023-06-13T01:59:00.215+0000] {processor.py:836} INFO - DAG(s) dict_keys(['example_branch_dop_operator_v3']) retrieved from /home/airflow/.local/lib/python3.7/site-packages/airflow/example_dags/example_branch_python_dop_operator_3.py
[2023-06-13T01:59:00.251+0000] {logging_mixin.py:149} INFO - [2023-06-13T01:59:00.250+0000] {dag.py:2726} INFO - Sync 1 DAGs
[2023-06-13T01:59:00.300+0000] {logging_mixin.py:149} INFO - [2023-06-13T01:59:00.300+0000] {dag.py:3490} INFO - Setting next_dagrun for example_branch_dop_operator_v3 to 2023-06-13T01:58:00+00:00, run_after=2023-06-13T01:59:00+00:00
[2023-06-13T01:59:00.334+0000] {processor.py:179} INFO - Processing /home/airflow/.local/lib/python3.7/site-packages/airflow/example_dags/example_branch_python_dop_operator_3.py took 0.137 seconds
[2023-06-13T01:59:30.501+0000] {processor.py:157} INFO - Started process (PID=733) to work on /home/airflow/.local/lib/python3.7/site-packages/airflow/example_dags/example_branch_python_dop_operator_3.py
[2023-06-13T01:59:30.503+0000] {processor.py:826} INFO - Processing file /home/airflow/.local/lib/python3.7/site-packages/airflow/example_dags/example_branch_python_dop_operator_3.py for tasks to queue
[2023-06-13T01:59:30.504+0000] {logging_mixin.py:149} INFO - [2023-06-13T01:59:30.504+0000] {dagbag.py:541} INFO - Filling up the DagBag from /home/airflow/.local/lib/python3.7/site-packages/airflow/example_dags/example_branch_python_dop_operator_3.py
[2023-06-13T01:59:30.514+0000] {processor.py:836} INFO - DAG(s) dict_keys(['example_branch_dop_operator_v3']) retrieved from /home/airflow/.local/lib/python3.7/site-packages/airflow/example_dags/example_branch_python_dop_operator_3.py
[2023-06-13T01:59:30.550+0000] {logging_mixin.py:149} INFO - [2023-06-13T01:59:30.549+0000] {dag.py:2726} INFO - Sync 1 DAGs
[2023-06-13T01:59:30.594+0000] {logging_mixin.py:149} INFO - [2023-06-13T01:59:30.593+0000] {dag.py:3490} INFO - Setting next_dagrun for example_branch_dop_operator_v3 to 2023-06-13T01:58:00+00:00, run_after=2023-06-13T01:59:00+00:00
[2023-06-13T01:59:30.624+0000] {processor.py:179} INFO - Processing /home/airflow/.local/lib/python3.7/site-packages/airflow/example_dags/example_branch_python_dop_operator_3.py took 0.127 seconds
[2023-06-13T02:01:04.164+0000] {processor.py:157} INFO - Started process (PID=70) to work on /home/airflow/.local/lib/python3.7/site-packages/airflow/example_dags/example_branch_python_dop_operator_3.py
[2023-06-13T02:01:04.166+0000] {processor.py:826} INFO - Processing file /home/airflow/.local/lib/python3.7/site-packages/airflow/example_dags/example_branch_python_dop_operator_3.py for tasks to queue
[2023-06-13T02:01:04.168+0000] {logging_mixin.py:149} INFO - [2023-06-13T02:01:04.168+0000] {dagbag.py:541} INFO - Filling up the DagBag from /home/airflow/.local/lib/python3.7/site-packages/airflow/example_dags/example_branch_python_dop_operator_3.py
[2023-06-13T02:01:04.198+0000] {processor.py:836} INFO - DAG(s) dict_keys(['example_branch_dop_operator_v3']) retrieved from /home/airflow/.local/lib/python3.7/site-packages/airflow/example_dags/example_branch_python_dop_operator_3.py
[2023-06-13T02:01:04.295+0000] {logging_mixin.py:149} INFO - [2023-06-13T02:01:04.295+0000] {dag.py:2726} INFO - Sync 1 DAGs
[2023-06-13T02:01:04.421+0000] {logging_mixin.py:149} INFO - [2023-06-13T02:01:04.420+0000] {dag.py:3490} INFO - Setting next_dagrun for example_branch_dop_operator_v3 to 2023-06-13T02:00:00+00:00, run_after=2023-06-13T02:01:00+00:00
[2023-06-13T02:01:04.500+0000] {processor.py:179} INFO - Processing /home/airflow/.local/lib/python3.7/site-packages/airflow/example_dags/example_branch_python_dop_operator_3.py took 0.344 seconds
[2023-06-13T02:01:35.010+0000] {processor.py:157} INFO - Started process (PID=129) to work on /home/airflow/.local/lib/python3.7/site-packages/airflow/example_dags/example_branch_python_dop_operator_3.py
[2023-06-13T02:01:35.012+0000] {processor.py:826} INFO - Processing file /home/airflow/.local/lib/python3.7/site-packages/airflow/example_dags/example_branch_python_dop_operator_3.py for tasks to queue
[2023-06-13T02:01:35.016+0000] {logging_mixin.py:149} INFO - [2023-06-13T02:01:35.016+0000] {dagbag.py:541} INFO - Filling up the DagBag from /home/airflow/.local/lib/python3.7/site-packages/airflow/example_dags/example_branch_python_dop_operator_3.py
[2023-06-13T02:01:35.039+0000] {processor.py:836} INFO - DAG(s) dict_keys(['example_branch_dop_operator_v3']) retrieved from /home/airflow/.local/lib/python3.7/site-packages/airflow/example_dags/example_branch_python_dop_operator_3.py
[2023-06-13T02:01:35.106+0000] {logging_mixin.py:149} INFO - [2023-06-13T02:01:35.105+0000] {dag.py:2726} INFO - Sync 1 DAGs
[2023-06-13T02:01:35.198+0000] {logging_mixin.py:149} INFO - [2023-06-13T02:01:35.197+0000] {dag.py:3490} INFO - Setting next_dagrun for example_branch_dop_operator_v3 to 2023-06-13T02:00:00+00:00, run_after=2023-06-13T02:01:00+00:00
[2023-06-13T02:01:35.259+0000] {processor.py:179} INFO - Processing /home/airflow/.local/lib/python3.7/site-packages/airflow/example_dags/example_branch_python_dop_operator_3.py took 0.255 seconds
[2023-06-13T02:02:09.963+0000] {processor.py:157} INFO - Started process (PID=189) to work on /home/airflow/.local/lib/python3.7/site-packages/airflow/example_dags/example_branch_python_dop_operator_3.py
[2023-06-13T02:02:09.966+0000] {processor.py:826} INFO - Processing file /home/airflow/.local/lib/python3.7/site-packages/airflow/example_dags/example_branch_python_dop_operator_3.py for tasks to queue
[2023-06-13T02:02:09.969+0000] {logging_mixin.py:149} INFO - [2023-06-13T02:02:09.969+0000] {dagbag.py:541} INFO - Filling up the DagBag from /home/airflow/.local/lib/python3.7/site-packages/airflow/example_dags/example_branch_python_dop_operator_3.py
[2023-06-13T02:02:10.022+0000] {processor.py:836} INFO - DAG(s) dict_keys(['example_branch_dop_operator_v3']) retrieved from /home/airflow/.local/lib/python3.7/site-packages/airflow/example_dags/example_branch_python_dop_operator_3.py
[2023-06-13T02:02:10.170+0000] {logging_mixin.py:149} INFO - [2023-06-13T02:02:10.168+0000] {dag.py:2726} INFO - Sync 1 DAGs
[2023-06-13T02:02:10.389+0000] {logging_mixin.py:149} INFO - [2023-06-13T02:02:10.388+0000] {dag.py:3490} INFO - Setting next_dagrun for example_branch_dop_operator_v3 to 2023-06-13T02:01:00+00:00, run_after=2023-06-13T02:02:00+00:00
[2023-06-13T02:02:10.518+0000] {processor.py:179} INFO - Processing /home/airflow/.local/lib/python3.7/site-packages/airflow/example_dags/example_branch_python_dop_operator_3.py took 0.572 seconds
[2023-06-13T02:32:30.024+0000] {processor.py:157} INFO - Started process (PID=81) to work on /home/airflow/.local/lib/python3.7/site-packages/airflow/example_dags/example_branch_python_dop_operator_3.py
[2023-06-13T02:32:30.029+0000] {processor.py:826} INFO - Processing file /home/airflow/.local/lib/python3.7/site-packages/airflow/example_dags/example_branch_python_dop_operator_3.py for tasks to queue
[2023-06-13T02:32:30.033+0000] {logging_mixin.py:149} INFO - [2023-06-13T02:32:30.032+0000] {dagbag.py:541} INFO - Filling up the DagBag from /home/airflow/.local/lib/python3.7/site-packages/airflow/example_dags/example_branch_python_dop_operator_3.py
[2023-06-13T02:32:30.088+0000] {processor.py:836} INFO - DAG(s) dict_keys(['example_branch_dop_operator_v3']) retrieved from /home/airflow/.local/lib/python3.7/site-packages/airflow/example_dags/example_branch_python_dop_operator_3.py
[2023-06-13T02:32:30.194+0000] {logging_mixin.py:149} INFO - [2023-06-13T02:32:30.193+0000] {dag.py:2726} INFO - Sync 1 DAGs
[2023-06-13T02:32:30.306+0000] {logging_mixin.py:149} INFO - [2023-06-13T02:32:30.306+0000] {dag.py:3490} INFO - Setting next_dagrun for example_branch_dop_operator_v3 to 2023-06-13T02:31:00+00:00, run_after=2023-06-13T02:32:00+00:00
[2023-06-13T02:32:30.391+0000] {processor.py:179} INFO - Processing /home/airflow/.local/lib/python3.7/site-packages/airflow/example_dags/example_branch_python_dop_operator_3.py took 0.380 seconds
[2023-06-13T02:33:00.665+0000] {processor.py:157} INFO - Started process (PID=141) to work on /home/airflow/.local/lib/python3.7/site-packages/airflow/example_dags/example_branch_python_dop_operator_3.py
[2023-06-13T02:33:00.666+0000] {processor.py:826} INFO - Processing file /home/airflow/.local/lib/python3.7/site-packages/airflow/example_dags/example_branch_python_dop_operator_3.py for tasks to queue
[2023-06-13T02:33:00.668+0000] {logging_mixin.py:149} INFO - [2023-06-13T02:33:00.668+0000] {dagbag.py:541} INFO - Filling up the DagBag from /home/airflow/.local/lib/python3.7/site-packages/airflow/example_dags/example_branch_python_dop_operator_3.py
[2023-06-13T02:33:00.683+0000] {processor.py:836} INFO - DAG(s) dict_keys(['example_branch_dop_operator_v3']) retrieved from /home/airflow/.local/lib/python3.7/site-packages/airflow/example_dags/example_branch_python_dop_operator_3.py
[2023-06-13T02:33:00.730+0000] {logging_mixin.py:149} INFO - [2023-06-13T02:33:00.729+0000] {dag.py:2726} INFO - Sync 1 DAGs
[2023-06-13T02:33:00.798+0000] {logging_mixin.py:149} INFO - [2023-06-13T02:33:00.798+0000] {dag.py:3490} INFO - Setting next_dagrun for example_branch_dop_operator_v3 to 2023-06-13T02:32:00+00:00, run_after=2023-06-13T02:33:00+00:00
[2023-06-13T02:33:00.838+0000] {processor.py:179} INFO - Processing /home/airflow/.local/lib/python3.7/site-packages/airflow/example_dags/example_branch_python_dop_operator_3.py took 0.178 seconds
[2023-06-13T02:33:54.191+0000] {processor.py:157} INFO - Started process (PID=200) to work on /home/airflow/.local/lib/python3.7/site-packages/airflow/example_dags/example_branch_python_dop_operator_3.py
[2023-06-13T02:33:54.209+0000] {processor.py:826} INFO - Processing file /home/airflow/.local/lib/python3.7/site-packages/airflow/example_dags/example_branch_python_dop_operator_3.py for tasks to queue
[2023-06-13T02:33:54.213+0000] {logging_mixin.py:149} INFO - [2023-06-13T02:33:54.212+0000] {dagbag.py:541} INFO - Filling up the DagBag from /home/airflow/.local/lib/python3.7/site-packages/airflow/example_dags/example_branch_python_dop_operator_3.py
[2023-06-13T02:33:54.306+0000] {processor.py:836} INFO - DAG(s) dict_keys(['example_branch_dop_operator_v3']) retrieved from /home/airflow/.local/lib/python3.7/site-packages/airflow/example_dags/example_branch_python_dop_operator_3.py
[2023-06-13T02:33:54.577+0000] {logging_mixin.py:149} INFO - [2023-06-13T02:33:54.577+0000] {dag.py:2726} INFO - Sync 1 DAGs
[2023-06-13T02:33:55.810+0000] {logging_mixin.py:149} INFO - [2023-06-13T02:33:55.809+0000] {dag.py:3490} INFO - Setting next_dagrun for example_branch_dop_operator_v3 to 2023-06-13T02:32:00+00:00, run_after=2023-06-13T02:33:00+00:00
[2023-06-13T02:33:56.021+0000] {processor.py:179} INFO - Processing /home/airflow/.local/lib/python3.7/site-packages/airflow/example_dags/example_branch_python_dop_operator_3.py took 1.852 seconds
[2023-06-13T02:34:31.289+0000] {processor.py:157} INFO - Started process (PID=267) to work on /home/airflow/.local/lib/python3.7/site-packages/airflow/example_dags/example_branch_python_dop_operator_3.py
[2023-06-13T02:34:31.292+0000] {processor.py:826} INFO - Processing file /home/airflow/.local/lib/python3.7/site-packages/airflow/example_dags/example_branch_python_dop_operator_3.py for tasks to queue
[2023-06-13T02:34:31.296+0000] {logging_mixin.py:149} INFO - [2023-06-13T02:34:31.295+0000] {dagbag.py:541} INFO - Filling up the DagBag from /home/airflow/.local/lib/python3.7/site-packages/airflow/example_dags/example_branch_python_dop_operator_3.py
[2023-06-13T02:34:31.314+0000] {processor.py:836} INFO - DAG(s) dict_keys(['example_branch_dop_operator_v3']) retrieved from /home/airflow/.local/lib/python3.7/site-packages/airflow/example_dags/example_branch_python_dop_operator_3.py
[2023-06-13T02:34:31.397+0000] {logging_mixin.py:149} INFO - [2023-06-13T02:34:31.396+0000] {dag.py:2726} INFO - Sync 1 DAGs
[2023-06-13T02:34:31.568+0000] {logging_mixin.py:149} INFO - [2023-06-13T02:34:31.566+0000] {dag.py:3490} INFO - Setting next_dagrun for example_branch_dop_operator_v3 to 2023-06-13T02:33:00+00:00, run_after=2023-06-13T02:34:00+00:00
[2023-06-13T02:34:31.688+0000] {processor.py:179} INFO - Processing /home/airflow/.local/lib/python3.7/site-packages/airflow/example_dags/example_branch_python_dop_operator_3.py took 0.404 seconds
[2023-06-13T02:35:04.114+0000] {processor.py:157} INFO - Started process (PID=327) to work on /home/airflow/.local/lib/python3.7/site-packages/airflow/example_dags/example_branch_python_dop_operator_3.py
[2023-06-13T02:35:04.121+0000] {processor.py:826} INFO - Processing file /home/airflow/.local/lib/python3.7/site-packages/airflow/example_dags/example_branch_python_dop_operator_3.py for tasks to queue
[2023-06-13T02:35:04.138+0000] {logging_mixin.py:149} INFO - [2023-06-13T02:35:04.137+0000] {dagbag.py:541} INFO - Filling up the DagBag from /home/airflow/.local/lib/python3.7/site-packages/airflow/example_dags/example_branch_python_dop_operator_3.py
[2023-06-13T02:35:04.196+0000] {processor.py:836} INFO - DAG(s) dict_keys(['example_branch_dop_operator_v3']) retrieved from /home/airflow/.local/lib/python3.7/site-packages/airflow/example_dags/example_branch_python_dop_operator_3.py
[2023-06-13T02:35:04.334+0000] {logging_mixin.py:149} INFO - [2023-06-13T02:35:04.333+0000] {dag.py:2726} INFO - Sync 1 DAGs
[2023-06-13T02:35:04.500+0000] {logging_mixin.py:149} INFO - [2023-06-13T02:35:04.500+0000] {dag.py:3490} INFO - Setting next_dagrun for example_branch_dop_operator_v3 to 2023-06-13T02:34:00+00:00, run_after=2023-06-13T02:35:00+00:00
[2023-06-13T02:35:04.639+0000] {processor.py:179} INFO - Processing /home/airflow/.local/lib/python3.7/site-packages/airflow/example_dags/example_branch_python_dop_operator_3.py took 0.540 seconds
[2023-06-13T02:35:36.035+0000] {processor.py:157} INFO - Started process (PID=388) to work on /home/airflow/.local/lib/python3.7/site-packages/airflow/example_dags/example_branch_python_dop_operator_3.py
[2023-06-13T02:35:36.040+0000] {processor.py:826} INFO - Processing file /home/airflow/.local/lib/python3.7/site-packages/airflow/example_dags/example_branch_python_dop_operator_3.py for tasks to queue
[2023-06-13T02:35:36.045+0000] {logging_mixin.py:149} INFO - [2023-06-13T02:35:36.044+0000] {dagbag.py:541} INFO - Filling up the DagBag from /home/airflow/.local/lib/python3.7/site-packages/airflow/example_dags/example_branch_python_dop_operator_3.py
[2023-06-13T02:35:36.088+0000] {processor.py:836} INFO - DAG(s) dict_keys(['example_branch_dop_operator_v3']) retrieved from /home/airflow/.local/lib/python3.7/site-packages/airflow/example_dags/example_branch_python_dop_operator_3.py
[2023-06-13T02:35:36.178+0000] {logging_mixin.py:149} INFO - [2023-06-13T02:35:36.178+0000] {dag.py:2726} INFO - Sync 1 DAGs
[2023-06-13T02:35:36.283+0000] {logging_mixin.py:149} INFO - [2023-06-13T02:35:36.283+0000] {dag.py:3490} INFO - Setting next_dagrun for example_branch_dop_operator_v3 to 2023-06-13T02:34:00+00:00, run_after=2023-06-13T02:35:00+00:00
[2023-06-13T02:35:36.371+0000] {processor.py:179} INFO - Processing /home/airflow/.local/lib/python3.7/site-packages/airflow/example_dags/example_branch_python_dop_operator_3.py took 0.348 seconds
[2023-06-13T02:36:08.802+0000] {processor.py:157} INFO - Started process (PID=447) to work on /home/airflow/.local/lib/python3.7/site-packages/airflow/example_dags/example_branch_python_dop_operator_3.py
[2023-06-13T02:36:08.806+0000] {processor.py:826} INFO - Processing file /home/airflow/.local/lib/python3.7/site-packages/airflow/example_dags/example_branch_python_dop_operator_3.py for tasks to queue
[2023-06-13T02:36:08.811+0000] {logging_mixin.py:149} INFO - [2023-06-13T02:36:08.810+0000] {dagbag.py:541} INFO - Filling up the DagBag from /home/airflow/.local/lib/python3.7/site-packages/airflow/example_dags/example_branch_python_dop_operator_3.py
[2023-06-13T02:36:08.847+0000] {processor.py:836} INFO - DAG(s) dict_keys(['example_branch_dop_operator_v3']) retrieved from /home/airflow/.local/lib/python3.7/site-packages/airflow/example_dags/example_branch_python_dop_operator_3.py
[2023-06-13T02:36:08.959+0000] {logging_mixin.py:149} INFO - [2023-06-13T02:36:08.959+0000] {dag.py:2726} INFO - Sync 1 DAGs
[2023-06-13T02:36:09.082+0000] {logging_mixin.py:149} INFO - [2023-06-13T02:36:09.082+0000] {dag.py:3490} INFO - Setting next_dagrun for example_branch_dop_operator_v3 to 2023-06-13T02:35:00+00:00, run_after=2023-06-13T02:36:00+00:00
[2023-06-13T02:36:09.182+0000] {processor.py:179} INFO - Processing /home/airflow/.local/lib/python3.7/site-packages/airflow/example_dags/example_branch_python_dop_operator_3.py took 0.389 seconds
[2023-06-13T02:36:39.416+0000] {processor.py:157} INFO - Started process (PID=510) to work on /home/airflow/.local/lib/python3.7/site-packages/airflow/example_dags/example_branch_python_dop_operator_3.py
[2023-06-13T02:36:39.419+0000] {processor.py:826} INFO - Processing file /home/airflow/.local/lib/python3.7/site-packages/airflow/example_dags/example_branch_python_dop_operator_3.py for tasks to queue
[2023-06-13T02:36:39.421+0000] {logging_mixin.py:149} INFO - [2023-06-13T02:36:39.421+0000] {dagbag.py:541} INFO - Filling up the DagBag from /home/airflow/.local/lib/python3.7/site-packages/airflow/example_dags/example_branch_python_dop_operator_3.py
[2023-06-13T02:36:39.442+0000] {processor.py:836} INFO - DAG(s) dict_keys(['example_branch_dop_operator_v3']) retrieved from /home/airflow/.local/lib/python3.7/site-packages/airflow/example_dags/example_branch_python_dop_operator_3.py
[2023-06-13T02:36:39.500+0000] {logging_mixin.py:149} INFO - [2023-06-13T02:36:39.500+0000] {dag.py:2726} INFO - Sync 1 DAGs
[2023-06-13T02:36:39.584+0000] {logging_mixin.py:149} INFO - [2023-06-13T02:36:39.583+0000] {dag.py:3490} INFO - Setting next_dagrun for example_branch_dop_operator_v3 to 2023-06-13T02:35:00+00:00, run_after=2023-06-13T02:36:00+00:00
[2023-06-13T02:36:39.678+0000] {processor.py:179} INFO - Processing /home/airflow/.local/lib/python3.7/site-packages/airflow/example_dags/example_branch_python_dop_operator_3.py took 0.272 seconds
[2023-06-13T02:37:11.055+0000] {processor.py:157} INFO - Started process (PID=570) to work on /home/airflow/.local/lib/python3.7/site-packages/airflow/example_dags/example_branch_python_dop_operator_3.py
[2023-06-13T02:37:11.061+0000] {processor.py:826} INFO - Processing file /home/airflow/.local/lib/python3.7/site-packages/airflow/example_dags/example_branch_python_dop_operator_3.py for tasks to queue
[2023-06-13T02:37:11.066+0000] {logging_mixin.py:149} INFO - [2023-06-13T02:37:11.065+0000] {dagbag.py:541} INFO - Filling up the DagBag from /home/airflow/.local/lib/python3.7/site-packages/airflow/example_dags/example_branch_python_dop_operator_3.py
[2023-06-13T02:37:11.097+0000] {processor.py:836} INFO - DAG(s) dict_keys(['example_branch_dop_operator_v3']) retrieved from /home/airflow/.local/lib/python3.7/site-packages/airflow/example_dags/example_branch_python_dop_operator_3.py
[2023-06-13T02:37:11.202+0000] {logging_mixin.py:149} INFO - [2023-06-13T02:37:11.201+0000] {dag.py:2726} INFO - Sync 1 DAGs
[2023-06-13T02:37:11.332+0000] {logging_mixin.py:149} INFO - [2023-06-13T02:37:11.331+0000] {dag.py:3490} INFO - Setting next_dagrun for example_branch_dop_operator_v3 to 2023-06-13T02:36:00+00:00, run_after=2023-06-13T02:37:00+00:00
[2023-06-13T02:37:11.423+0000] {processor.py:179} INFO - Processing /home/airflow/.local/lib/python3.7/site-packages/airflow/example_dags/example_branch_python_dop_operator_3.py took 0.382 seconds
[2023-06-13T02:37:42.409+0000] {processor.py:157} INFO - Started process (PID=630) to work on /home/airflow/.local/lib/python3.7/site-packages/airflow/example_dags/example_branch_python_dop_operator_3.py
[2023-06-13T02:37:42.416+0000] {processor.py:826} INFO - Processing file /home/airflow/.local/lib/python3.7/site-packages/airflow/example_dags/example_branch_python_dop_operator_3.py for tasks to queue
[2023-06-13T02:37:42.420+0000] {logging_mixin.py:149} INFO - [2023-06-13T02:37:42.420+0000] {dagbag.py:541} INFO - Filling up the DagBag from /home/airflow/.local/lib/python3.7/site-packages/airflow/example_dags/example_branch_python_dop_operator_3.py
[2023-06-13T02:37:42.449+0000] {processor.py:836} INFO - DAG(s) dict_keys(['example_branch_dop_operator_v3']) retrieved from /home/airflow/.local/lib/python3.7/site-packages/airflow/example_dags/example_branch_python_dop_operator_3.py
[2023-06-13T02:37:42.554+0000] {logging_mixin.py:149} INFO - [2023-06-13T02:37:42.554+0000] {dag.py:2726} INFO - Sync 1 DAGs
[2023-06-13T02:37:42.695+0000] {logging_mixin.py:149} INFO - [2023-06-13T02:37:42.694+0000] {dag.py:3490} INFO - Setting next_dagrun for example_branch_dop_operator_v3 to 2023-06-13T02:36:00+00:00, run_after=2023-06-13T02:37:00+00:00
[2023-06-13T02:37:42.800+0000] {processor.py:179} INFO - Processing /home/airflow/.local/lib/python3.7/site-packages/airflow/example_dags/example_branch_python_dop_operator_3.py took 0.400 seconds
[2023-06-13T02:38:13.110+0000] {processor.py:157} INFO - Started process (PID=691) to work on /home/airflow/.local/lib/python3.7/site-packages/airflow/example_dags/example_branch_python_dop_operator_3.py
[2023-06-13T02:38:13.113+0000] {processor.py:826} INFO - Processing file /home/airflow/.local/lib/python3.7/site-packages/airflow/example_dags/example_branch_python_dop_operator_3.py for tasks to queue
[2023-06-13T02:38:13.115+0000] {logging_mixin.py:149} INFO - [2023-06-13T02:38:13.115+0000] {dagbag.py:541} INFO - Filling up the DagBag from /home/airflow/.local/lib/python3.7/site-packages/airflow/example_dags/example_branch_python_dop_operator_3.py
[2023-06-13T02:38:13.132+0000] {processor.py:836} INFO - DAG(s) dict_keys(['example_branch_dop_operator_v3']) retrieved from /home/airflow/.local/lib/python3.7/site-packages/airflow/example_dags/example_branch_python_dop_operator_3.py
[2023-06-13T02:38:13.189+0000] {logging_mixin.py:149} INFO - [2023-06-13T02:38:13.188+0000] {dag.py:2726} INFO - Sync 1 DAGs
[2023-06-13T02:38:13.265+0000] {logging_mixin.py:149} INFO - [2023-06-13T02:38:13.265+0000] {dag.py:3490} INFO - Setting next_dagrun for example_branch_dop_operator_v3 to 2023-06-13T02:37:00+00:00, run_after=2023-06-13T02:38:00+00:00
[2023-06-13T02:38:13.328+0000] {processor.py:179} INFO - Processing /home/airflow/.local/lib/python3.7/site-packages/airflow/example_dags/example_branch_python_dop_operator_3.py took 0.224 seconds
[2023-06-13T02:38:44.088+0000] {processor.py:157} INFO - Started process (PID=751) to work on /home/airflow/.local/lib/python3.7/site-packages/airflow/example_dags/example_branch_python_dop_operator_3.py
[2023-06-13T02:38:44.091+0000] {processor.py:826} INFO - Processing file /home/airflow/.local/lib/python3.7/site-packages/airflow/example_dags/example_branch_python_dop_operator_3.py for tasks to queue
[2023-06-13T02:38:44.094+0000] {logging_mixin.py:149} INFO - [2023-06-13T02:38:44.093+0000] {dagbag.py:541} INFO - Filling up the DagBag from /home/airflow/.local/lib/python3.7/site-packages/airflow/example_dags/example_branch_python_dop_operator_3.py
[2023-06-13T02:38:44.123+0000] {processor.py:836} INFO - DAG(s) dict_keys(['example_branch_dop_operator_v3']) retrieved from /home/airflow/.local/lib/python3.7/site-packages/airflow/example_dags/example_branch_python_dop_operator_3.py
[2023-06-13T02:38:44.201+0000] {logging_mixin.py:149} INFO - [2023-06-13T02:38:44.200+0000] {dag.py:2726} INFO - Sync 1 DAGs
[2023-06-13T02:38:44.294+0000] {logging_mixin.py:149} INFO - [2023-06-13T02:38:44.294+0000] {dag.py:3490} INFO - Setting next_dagrun for example_branch_dop_operator_v3 to 2023-06-13T02:37:00+00:00, run_after=2023-06-13T02:38:00+00:00
[2023-06-13T02:38:44.357+0000] {processor.py:179} INFO - Processing /home/airflow/.local/lib/python3.7/site-packages/airflow/example_dags/example_branch_python_dop_operator_3.py took 0.277 seconds
[2023-06-13T02:39:16.387+0000] {processor.py:157} INFO - Started process (PID=811) to work on /home/airflow/.local/lib/python3.7/site-packages/airflow/example_dags/example_branch_python_dop_operator_3.py
[2023-06-13T02:39:16.396+0000] {processor.py:826} INFO - Processing file /home/airflow/.local/lib/python3.7/site-packages/airflow/example_dags/example_branch_python_dop_operator_3.py for tasks to queue
[2023-06-13T02:39:16.400+0000] {logging_mixin.py:149} INFO - [2023-06-13T02:39:16.399+0000] {dagbag.py:541} INFO - Filling up the DagBag from /home/airflow/.local/lib/python3.7/site-packages/airflow/example_dags/example_branch_python_dop_operator_3.py
[2023-06-13T02:39:16.438+0000] {processor.py:836} INFO - DAG(s) dict_keys(['example_branch_dop_operator_v3']) retrieved from /home/airflow/.local/lib/python3.7/site-packages/airflow/example_dags/example_branch_python_dop_operator_3.py
[2023-06-13T02:39:16.556+0000] {logging_mixin.py:149} INFO - [2023-06-13T02:39:16.555+0000] {dag.py:2726} INFO - Sync 1 DAGs
[2023-06-13T02:39:16.760+0000] {logging_mixin.py:149} INFO - [2023-06-13T02:39:16.760+0000] {dag.py:3490} INFO - Setting next_dagrun for example_branch_dop_operator_v3 to 2023-06-13T02:38:00+00:00, run_after=2023-06-13T02:39:00+00:00
[2023-06-13T02:39:16.840+0000] {processor.py:179} INFO - Processing /home/airflow/.local/lib/python3.7/site-packages/airflow/example_dags/example_branch_python_dop_operator_3.py took 0.466 seconds
[2023-06-13T02:39:47.622+0000] {processor.py:157} INFO - Started process (PID=871) to work on /home/airflow/.local/lib/python3.7/site-packages/airflow/example_dags/example_branch_python_dop_operator_3.py
[2023-06-13T02:39:47.630+0000] {processor.py:826} INFO - Processing file /home/airflow/.local/lib/python3.7/site-packages/airflow/example_dags/example_branch_python_dop_operator_3.py for tasks to queue
[2023-06-13T02:39:47.635+0000] {logging_mixin.py:149} INFO - [2023-06-13T02:39:47.634+0000] {dagbag.py:541} INFO - Filling up the DagBag from /home/airflow/.local/lib/python3.7/site-packages/airflow/example_dags/example_branch_python_dop_operator_3.py
[2023-06-13T02:39:47.670+0000] {processor.py:836} INFO - DAG(s) dict_keys(['example_branch_dop_operator_v3']) retrieved from /home/airflow/.local/lib/python3.7/site-packages/airflow/example_dags/example_branch_python_dop_operator_3.py
[2023-06-13T02:39:47.822+0000] {logging_mixin.py:149} INFO - [2023-06-13T02:39:47.821+0000] {dag.py:2726} INFO - Sync 1 DAGs
[2023-06-13T02:39:47.994+0000] {logging_mixin.py:149} INFO - [2023-06-13T02:39:47.992+0000] {dag.py:3490} INFO - Setting next_dagrun for example_branch_dop_operator_v3 to 2023-06-13T02:38:00+00:00, run_after=2023-06-13T02:39:00+00:00
[2023-06-13T02:39:48.112+0000] {processor.py:179} INFO - Processing /home/airflow/.local/lib/python3.7/site-packages/airflow/example_dags/example_branch_python_dop_operator_3.py took 0.504 seconds
[2023-06-13T02:40:18.366+0000] {processor.py:157} INFO - Started process (PID=931) to work on /home/airflow/.local/lib/python3.7/site-packages/airflow/example_dags/example_branch_python_dop_operator_3.py
[2023-06-13T02:40:18.369+0000] {processor.py:826} INFO - Processing file /home/airflow/.local/lib/python3.7/site-packages/airflow/example_dags/example_branch_python_dop_operator_3.py for tasks to queue
[2023-06-13T02:40:18.372+0000] {logging_mixin.py:149} INFO - [2023-06-13T02:40:18.371+0000] {dagbag.py:541} INFO - Filling up the DagBag from /home/airflow/.local/lib/python3.7/site-packages/airflow/example_dags/example_branch_python_dop_operator_3.py
[2023-06-13T02:40:18.400+0000] {processor.py:836} INFO - DAG(s) dict_keys(['example_branch_dop_operator_v3']) retrieved from /home/airflow/.local/lib/python3.7/site-packages/airflow/example_dags/example_branch_python_dop_operator_3.py
[2023-06-13T02:40:18.489+0000] {logging_mixin.py:149} INFO - [2023-06-13T02:40:18.488+0000] {dag.py:2726} INFO - Sync 1 DAGs
[2023-06-13T02:40:18.598+0000] {logging_mixin.py:149} INFO - [2023-06-13T02:40:18.597+0000] {dag.py:3490} INFO - Setting next_dagrun for example_branch_dop_operator_v3 to 2023-06-13T02:39:00+00:00, run_after=2023-06-13T02:40:00+00:00
[2023-06-13T02:40:18.687+0000] {processor.py:179} INFO - Processing /home/airflow/.local/lib/python3.7/site-packages/airflow/example_dags/example_branch_python_dop_operator_3.py took 0.333 seconds
[2023-06-13T02:40:49.451+0000] {processor.py:157} INFO - Started process (PID=991) to work on /home/airflow/.local/lib/python3.7/site-packages/airflow/example_dags/example_branch_python_dop_operator_3.py
[2023-06-13T02:40:49.453+0000] {processor.py:826} INFO - Processing file /home/airflow/.local/lib/python3.7/site-packages/airflow/example_dags/example_branch_python_dop_operator_3.py for tasks to queue
[2023-06-13T02:40:49.459+0000] {logging_mixin.py:149} INFO - [2023-06-13T02:40:49.456+0000] {dagbag.py:541} INFO - Filling up the DagBag from /home/airflow/.local/lib/python3.7/site-packages/airflow/example_dags/example_branch_python_dop_operator_3.py
[2023-06-13T02:40:49.483+0000] {processor.py:836} INFO - DAG(s) dict_keys(['example_branch_dop_operator_v3']) retrieved from /home/airflow/.local/lib/python3.7/site-packages/airflow/example_dags/example_branch_python_dop_operator_3.py
[2023-06-13T02:40:49.561+0000] {logging_mixin.py:149} INFO - [2023-06-13T02:40:49.561+0000] {dag.py:2726} INFO - Sync 1 DAGs
[2023-06-13T02:40:49.667+0000] {logging_mixin.py:149} INFO - [2023-06-13T02:40:49.667+0000] {dag.py:3490} INFO - Setting next_dagrun for example_branch_dop_operator_v3 to 2023-06-13T02:39:00+00:00, run_after=2023-06-13T02:40:00+00:00
[2023-06-13T02:40:49.749+0000] {processor.py:179} INFO - Processing /home/airflow/.local/lib/python3.7/site-packages/airflow/example_dags/example_branch_python_dop_operator_3.py took 0.305 seconds
[2023-06-13T02:41:20.434+0000] {processor.py:157} INFO - Started process (PID=1051) to work on /home/airflow/.local/lib/python3.7/site-packages/airflow/example_dags/example_branch_python_dop_operator_3.py
[2023-06-13T02:41:20.438+0000] {processor.py:826} INFO - Processing file /home/airflow/.local/lib/python3.7/site-packages/airflow/example_dags/example_branch_python_dop_operator_3.py for tasks to queue
[2023-06-13T02:41:20.443+0000] {logging_mixin.py:149} INFO - [2023-06-13T02:41:20.442+0000] {dagbag.py:541} INFO - Filling up the DagBag from /home/airflow/.local/lib/python3.7/site-packages/airflow/example_dags/example_branch_python_dop_operator_3.py
[2023-06-13T02:41:20.479+0000] {processor.py:836} INFO - DAG(s) dict_keys(['example_branch_dop_operator_v3']) retrieved from /home/airflow/.local/lib/python3.7/site-packages/airflow/example_dags/example_branch_python_dop_operator_3.py
[2023-06-13T02:41:20.633+0000] {logging_mixin.py:149} INFO - [2023-06-13T02:41:20.632+0000] {dag.py:2726} INFO - Sync 1 DAGs
[2023-06-13T02:41:20.753+0000] {logging_mixin.py:149} INFO - [2023-06-13T02:41:20.753+0000] {dag.py:3490} INFO - Setting next_dagrun for example_branch_dop_operator_v3 to 2023-06-13T02:40:00+00:00, run_after=2023-06-13T02:41:00+00:00
[2023-06-13T02:41:20.869+0000] {processor.py:179} INFO - Processing /home/airflow/.local/lib/python3.7/site-packages/airflow/example_dags/example_branch_python_dop_operator_3.py took 0.447 seconds
[2023-06-13T02:41:51.051+0000] {processor.py:157} INFO - Started process (PID=1112) to work on /home/airflow/.local/lib/python3.7/site-packages/airflow/example_dags/example_branch_python_dop_operator_3.py
[2023-06-13T02:41:51.057+0000] {processor.py:826} INFO - Processing file /home/airflow/.local/lib/python3.7/site-packages/airflow/example_dags/example_branch_python_dop_operator_3.py for tasks to queue
[2023-06-13T02:41:51.062+0000] {logging_mixin.py:149} INFO - [2023-06-13T02:41:51.061+0000] {dagbag.py:541} INFO - Filling up the DagBag from /home/airflow/.local/lib/python3.7/site-packages/airflow/example_dags/example_branch_python_dop_operator_3.py
[2023-06-13T02:41:51.105+0000] {processor.py:836} INFO - DAG(s) dict_keys(['example_branch_dop_operator_v3']) retrieved from /home/airflow/.local/lib/python3.7/site-packages/airflow/example_dags/example_branch_python_dop_operator_3.py
[2023-06-13T02:41:51.220+0000] {logging_mixin.py:149} INFO - [2023-06-13T02:41:51.219+0000] {dag.py:2726} INFO - Sync 1 DAGs
[2023-06-13T02:41:51.388+0000] {logging_mixin.py:149} INFO - [2023-06-13T02:41:51.387+0000] {dag.py:3490} INFO - Setting next_dagrun for example_branch_dop_operator_v3 to 2023-06-13T02:40:00+00:00, run_after=2023-06-13T02:41:00+00:00
[2023-06-13T02:41:51.482+0000] {processor.py:179} INFO - Processing /home/airflow/.local/lib/python3.7/site-packages/airflow/example_dags/example_branch_python_dop_operator_3.py took 0.447 seconds
[2023-06-13T02:42:22.309+0000] {processor.py:157} INFO - Started process (PID=1172) to work on /home/airflow/.local/lib/python3.7/site-packages/airflow/example_dags/example_branch_python_dop_operator_3.py
[2023-06-13T02:42:22.312+0000] {processor.py:826} INFO - Processing file /home/airflow/.local/lib/python3.7/site-packages/airflow/example_dags/example_branch_python_dop_operator_3.py for tasks to queue
[2023-06-13T02:42:22.314+0000] {logging_mixin.py:149} INFO - [2023-06-13T02:42:22.314+0000] {dagbag.py:541} INFO - Filling up the DagBag from /home/airflow/.local/lib/python3.7/site-packages/airflow/example_dags/example_branch_python_dop_operator_3.py
[2023-06-13T02:42:22.344+0000] {processor.py:836} INFO - DAG(s) dict_keys(['example_branch_dop_operator_v3']) retrieved from /home/airflow/.local/lib/python3.7/site-packages/airflow/example_dags/example_branch_python_dop_operator_3.py
[2023-06-13T02:42:22.452+0000] {logging_mixin.py:149} INFO - [2023-06-13T02:42:22.450+0000] {dag.py:2726} INFO - Sync 1 DAGs
[2023-06-13T02:42:22.575+0000] {logging_mixin.py:149} INFO - [2023-06-13T02:42:22.574+0000] {dag.py:3490} INFO - Setting next_dagrun for example_branch_dop_operator_v3 to 2023-06-13T02:41:00+00:00, run_after=2023-06-13T02:42:00+00:00
[2023-06-13T02:42:22.669+0000] {processor.py:179} INFO - Processing /home/airflow/.local/lib/python3.7/site-packages/airflow/example_dags/example_branch_python_dop_operator_3.py took 0.367 seconds
[2023-06-13T02:42:55.533+0000] {processor.py:157} INFO - Started process (PID=1239) to work on /home/airflow/.local/lib/python3.7/site-packages/airflow/example_dags/example_branch_python_dop_operator_3.py
[2023-06-13T02:42:55.539+0000] {processor.py:826} INFO - Processing file /home/airflow/.local/lib/python3.7/site-packages/airflow/example_dags/example_branch_python_dop_operator_3.py for tasks to queue
[2023-06-13T02:42:55.543+0000] {logging_mixin.py:149} INFO - [2023-06-13T02:42:55.542+0000] {dagbag.py:541} INFO - Filling up the DagBag from /home/airflow/.local/lib/python3.7/site-packages/airflow/example_dags/example_branch_python_dop_operator_3.py
[2023-06-13T02:42:55.582+0000] {processor.py:836} INFO - DAG(s) dict_keys(['example_branch_dop_operator_v3']) retrieved from /home/airflow/.local/lib/python3.7/site-packages/airflow/example_dags/example_branch_python_dop_operator_3.py
[2023-06-13T02:42:55.685+0000] {logging_mixin.py:149} INFO - [2023-06-13T02:42:55.684+0000] {dag.py:2726} INFO - Sync 1 DAGs
[2023-06-13T02:42:55.983+0000] {logging_mixin.py:149} INFO - [2023-06-13T02:42:55.982+0000] {dag.py:3490} INFO - Setting next_dagrun for example_branch_dop_operator_v3 to 2023-06-13T02:41:00+00:00, run_after=2023-06-13T02:42:00+00:00
[2023-06-13T02:42:56.160+0000] {processor.py:179} INFO - Processing /home/airflow/.local/lib/python3.7/site-packages/airflow/example_dags/example_branch_python_dop_operator_3.py took 0.646 seconds
[2023-06-13T02:43:26.883+0000] {processor.py:157} INFO - Started process (PID=1299) to work on /home/airflow/.local/lib/python3.7/site-packages/airflow/example_dags/example_branch_python_dop_operator_3.py
[2023-06-13T02:43:26.886+0000] {processor.py:826} INFO - Processing file /home/airflow/.local/lib/python3.7/site-packages/airflow/example_dags/example_branch_python_dop_operator_3.py for tasks to queue
[2023-06-13T02:43:26.888+0000] {logging_mixin.py:149} INFO - [2023-06-13T02:43:26.888+0000] {dagbag.py:541} INFO - Filling up the DagBag from /home/airflow/.local/lib/python3.7/site-packages/airflow/example_dags/example_branch_python_dop_operator_3.py
[2023-06-13T02:43:26.907+0000] {processor.py:836} INFO - DAG(s) dict_keys(['example_branch_dop_operator_v3']) retrieved from /home/airflow/.local/lib/python3.7/site-packages/airflow/example_dags/example_branch_python_dop_operator_3.py
[2023-06-13T02:43:26.970+0000] {logging_mixin.py:149} INFO - [2023-06-13T02:43:26.970+0000] {dag.py:2726} INFO - Sync 1 DAGs
[2023-06-13T02:43:27.048+0000] {logging_mixin.py:149} INFO - [2023-06-13T02:43:27.048+0000] {dag.py:3490} INFO - Setting next_dagrun for example_branch_dop_operator_v3 to 2023-06-13T02:42:00+00:00, run_after=2023-06-13T02:43:00+00:00
[2023-06-13T02:43:27.116+0000] {processor.py:179} INFO - Processing /home/airflow/.local/lib/python3.7/site-packages/airflow/example_dags/example_branch_python_dop_operator_3.py took 0.240 seconds
[2023-06-13T02:43:57.869+0000] {processor.py:157} INFO - Started process (PID=1359) to work on /home/airflow/.local/lib/python3.7/site-packages/airflow/example_dags/example_branch_python_dop_operator_3.py
[2023-06-13T02:43:57.873+0000] {processor.py:826} INFO - Processing file /home/airflow/.local/lib/python3.7/site-packages/airflow/example_dags/example_branch_python_dop_operator_3.py for tasks to queue
[2023-06-13T02:43:57.876+0000] {logging_mixin.py:149} INFO - [2023-06-13T02:43:57.875+0000] {dagbag.py:541} INFO - Filling up the DagBag from /home/airflow/.local/lib/python3.7/site-packages/airflow/example_dags/example_branch_python_dop_operator_3.py
[2023-06-13T02:43:57.897+0000] {processor.py:836} INFO - DAG(s) dict_keys(['example_branch_dop_operator_v3']) retrieved from /home/airflow/.local/lib/python3.7/site-packages/airflow/example_dags/example_branch_python_dop_operator_3.py
[2023-06-13T02:43:57.976+0000] {logging_mixin.py:149} INFO - [2023-06-13T02:43:57.975+0000] {dag.py:2726} INFO - Sync 1 DAGs
[2023-06-13T02:43:58.071+0000] {logging_mixin.py:149} INFO - [2023-06-13T02:43:58.071+0000] {dag.py:3490} INFO - Setting next_dagrun for example_branch_dop_operator_v3 to 2023-06-13T02:42:00+00:00, run_after=2023-06-13T02:43:00+00:00
[2023-06-13T02:43:58.136+0000] {processor.py:179} INFO - Processing /home/airflow/.local/lib/python3.7/site-packages/airflow/example_dags/example_branch_python_dop_operator_3.py took 0.274 seconds
[2023-06-13T02:44:28.782+0000] {processor.py:157} INFO - Started process (PID=1420) to work on /home/airflow/.local/lib/python3.7/site-packages/airflow/example_dags/example_branch_python_dop_operator_3.py
[2023-06-13T02:44:28.785+0000] {processor.py:826} INFO - Processing file /home/airflow/.local/lib/python3.7/site-packages/airflow/example_dags/example_branch_python_dop_operator_3.py for tasks to queue
[2023-06-13T02:44:28.790+0000] {logging_mixin.py:149} INFO - [2023-06-13T02:44:28.789+0000] {dagbag.py:541} INFO - Filling up the DagBag from /home/airflow/.local/lib/python3.7/site-packages/airflow/example_dags/example_branch_python_dop_operator_3.py
[2023-06-13T02:44:28.816+0000] {processor.py:836} INFO - DAG(s) dict_keys(['example_branch_dop_operator_v3']) retrieved from /home/airflow/.local/lib/python3.7/site-packages/airflow/example_dags/example_branch_python_dop_operator_3.py
[2023-06-13T02:44:28.912+0000] {logging_mixin.py:149} INFO - [2023-06-13T02:44:28.912+0000] {dag.py:2726} INFO - Sync 1 DAGs
[2023-06-13T02:44:29.033+0000] {logging_mixin.py:149} INFO - [2023-06-13T02:44:29.032+0000] {dag.py:3490} INFO - Setting next_dagrun for example_branch_dop_operator_v3 to 2023-06-13T02:43:00+00:00, run_after=2023-06-13T02:44:00+00:00
[2023-06-13T02:44:29.139+0000] {processor.py:179} INFO - Processing /home/airflow/.local/lib/python3.7/site-packages/airflow/example_dags/example_branch_python_dop_operator_3.py took 0.367 seconds
