[2023-06-13T01:50:01.997+0000] {processor.py:157} INFO - Started process (PID=67) to work on /home/airflow/.local/lib/python3.7/site-packages/airflow/example_dags/example_latest_only_with_trigger.py
[2023-06-13T01:50:01.999+0000] {processor.py:826} INFO - Processing file /home/airflow/.local/lib/python3.7/site-packages/airflow/example_dags/example_latest_only_with_trigger.py for tasks to queue
[2023-06-13T01:50:02.001+0000] {logging_mixin.py:149} INFO - [2023-06-13T01:50:02.001+0000] {dagbag.py:541} INFO - Filling up the DagBag from /home/airflow/.local/lib/python3.7/site-packages/airflow/example_dags/example_latest_only_with_trigger.py
[2023-06-13T01:50:02.020+0000] {processor.py:836} INFO - DAG(s) dict_keys(['latest_only_with_trigger']) retrieved from /home/airflow/.local/lib/python3.7/site-packages/airflow/example_dags/example_latest_only_with_trigger.py
[2023-06-13T01:50:02.047+0000] {logging_mixin.py:149} INFO - [2023-06-13T01:50:02.046+0000] {dag.py:2726} INFO - Sync 1 DAGs
[2023-06-13T01:50:02.106+0000] {logging_mixin.py:149} INFO - [2023-06-13T01:50:02.106+0000] {dag.py:3490} INFO - Setting next_dagrun for latest_only_with_trigger to 2023-06-12T21:50:02.105929+00:00, run_after=2023-06-13T01:50:02.105929+00:00
[2023-06-13T01:50:02.161+0000] {processor.py:179} INFO - Processing /home/airflow/.local/lib/python3.7/site-packages/airflow/example_dags/example_latest_only_with_trigger.py took 0.168 seconds
[2023-06-13T01:50:32.244+0000] {processor.py:157} INFO - Started process (PID=127) to work on /home/airflow/.local/lib/python3.7/site-packages/airflow/example_dags/example_latest_only_with_trigger.py
[2023-06-13T01:50:32.246+0000] {processor.py:826} INFO - Processing file /home/airflow/.local/lib/python3.7/site-packages/airflow/example_dags/example_latest_only_with_trigger.py for tasks to queue
[2023-06-13T01:50:32.248+0000] {logging_mixin.py:149} INFO - [2023-06-13T01:50:32.247+0000] {dagbag.py:541} INFO - Filling up the DagBag from /home/airflow/.local/lib/python3.7/site-packages/airflow/example_dags/example_latest_only_with_trigger.py
[2023-06-13T01:50:32.260+0000] {processor.py:836} INFO - DAG(s) dict_keys(['latest_only_with_trigger']) retrieved from /home/airflow/.local/lib/python3.7/site-packages/airflow/example_dags/example_latest_only_with_trigger.py
[2023-06-13T01:50:32.302+0000] {logging_mixin.py:149} INFO - [2023-06-13T01:50:32.301+0000] {dag.py:2726} INFO - Sync 1 DAGs
[2023-06-13T01:50:32.349+0000] {logging_mixin.py:149} INFO - [2023-06-13T01:50:32.349+0000] {dag.py:3490} INFO - Setting next_dagrun for latest_only_with_trigger to 2023-06-12T21:50:32.349188+00:00, run_after=2023-06-13T01:50:32.349188+00:00
[2023-06-13T01:50:32.389+0000] {processor.py:179} INFO - Processing /home/airflow/.local/lib/python3.7/site-packages/airflow/example_dags/example_latest_only_with_trigger.py took 0.148 seconds
[2023-06-13T01:51:03.577+0000] {processor.py:157} INFO - Started process (PID=187) to work on /home/airflow/.local/lib/python3.7/site-packages/airflow/example_dags/example_latest_only_with_trigger.py
[2023-06-13T01:51:03.579+0000] {processor.py:826} INFO - Processing file /home/airflow/.local/lib/python3.7/site-packages/airflow/example_dags/example_latest_only_with_trigger.py for tasks to queue
[2023-06-13T01:51:03.580+0000] {logging_mixin.py:149} INFO - [2023-06-13T01:51:03.580+0000] {dagbag.py:541} INFO - Filling up the DagBag from /home/airflow/.local/lib/python3.7/site-packages/airflow/example_dags/example_latest_only_with_trigger.py
[2023-06-13T01:51:03.589+0000] {processor.py:836} INFO - DAG(s) dict_keys(['latest_only_with_trigger']) retrieved from /home/airflow/.local/lib/python3.7/site-packages/airflow/example_dags/example_latest_only_with_trigger.py
[2023-06-13T01:51:03.630+0000] {logging_mixin.py:149} INFO - [2023-06-13T01:51:03.629+0000] {dag.py:2726} INFO - Sync 1 DAGs
[2023-06-13T01:51:03.684+0000] {logging_mixin.py:149} INFO - [2023-06-13T01:51:03.684+0000] {dag.py:3490} INFO - Setting next_dagrun for latest_only_with_trigger to 2023-06-12T21:51:03.684048+00:00, run_after=2023-06-13T01:51:03.684048+00:00
[2023-06-13T01:51:03.724+0000] {processor.py:179} INFO - Processing /home/airflow/.local/lib/python3.7/site-packages/airflow/example_dags/example_latest_only_with_trigger.py took 0.152 seconds
[2023-06-13T01:51:33.806+0000] {processor.py:157} INFO - Started process (PID=247) to work on /home/airflow/.local/lib/python3.7/site-packages/airflow/example_dags/example_latest_only_with_trigger.py
[2023-06-13T01:51:33.808+0000] {processor.py:826} INFO - Processing file /home/airflow/.local/lib/python3.7/site-packages/airflow/example_dags/example_latest_only_with_trigger.py for tasks to queue
[2023-06-13T01:51:33.809+0000] {logging_mixin.py:149} INFO - [2023-06-13T01:51:33.809+0000] {dagbag.py:541} INFO - Filling up the DagBag from /home/airflow/.local/lib/python3.7/site-packages/airflow/example_dags/example_latest_only_with_trigger.py
[2023-06-13T01:51:33.819+0000] {processor.py:836} INFO - DAG(s) dict_keys(['latest_only_with_trigger']) retrieved from /home/airflow/.local/lib/python3.7/site-packages/airflow/example_dags/example_latest_only_with_trigger.py
[2023-06-13T01:51:33.855+0000] {logging_mixin.py:149} INFO - [2023-06-13T01:51:33.855+0000] {dag.py:2726} INFO - Sync 1 DAGs
[2023-06-13T01:51:33.894+0000] {logging_mixin.py:149} INFO - [2023-06-13T01:51:33.893+0000] {dag.py:3490} INFO - Setting next_dagrun for latest_only_with_trigger to 2023-06-12T21:51:33.893691+00:00, run_after=2023-06-13T01:51:33.893691+00:00
[2023-06-13T01:51:33.929+0000] {processor.py:179} INFO - Processing /home/airflow/.local/lib/python3.7/site-packages/airflow/example_dags/example_latest_only_with_trigger.py took 0.126 seconds
[2023-06-13T01:53:56.706+0000] {processor.py:157} INFO - Started process (PID=74) to work on /home/airflow/.local/lib/python3.7/site-packages/airflow/example_dags/example_latest_only_with_trigger.py
[2023-06-13T01:53:56.708+0000] {processor.py:826} INFO - Processing file /home/airflow/.local/lib/python3.7/site-packages/airflow/example_dags/example_latest_only_with_trigger.py for tasks to queue
[2023-06-13T01:53:56.711+0000] {logging_mixin.py:149} INFO - [2023-06-13T01:53:56.711+0000] {dagbag.py:541} INFO - Filling up the DagBag from /home/airflow/.local/lib/python3.7/site-packages/airflow/example_dags/example_latest_only_with_trigger.py
[2023-06-13T01:53:56.742+0000] {processor.py:836} INFO - DAG(s) dict_keys(['latest_only_with_trigger']) retrieved from /home/airflow/.local/lib/python3.7/site-packages/airflow/example_dags/example_latest_only_with_trigger.py
[2023-06-13T01:53:56.850+0000] {logging_mixin.py:149} INFO - [2023-06-13T01:53:56.850+0000] {dag.py:2726} INFO - Sync 1 DAGs
[2023-06-13T01:53:56.957+0000] {logging_mixin.py:149} INFO - [2023-06-13T01:53:56.957+0000] {dag.py:3490} INFO - Setting next_dagrun for latest_only_with_trigger to 2023-06-12T21:53:56.956578+00:00, run_after=2023-06-13T01:53:56.956578+00:00
[2023-06-13T01:53:57.057+0000] {processor.py:179} INFO - Processing /home/airflow/.local/lib/python3.7/site-packages/airflow/example_dags/example_latest_only_with_trigger.py took 0.362 seconds
[2023-06-13T01:54:27.726+0000] {processor.py:157} INFO - Started process (PID=135) to work on /home/airflow/.local/lib/python3.7/site-packages/airflow/example_dags/example_latest_only_with_trigger.py
[2023-06-13T01:54:27.730+0000] {processor.py:826} INFO - Processing file /home/airflow/.local/lib/python3.7/site-packages/airflow/example_dags/example_latest_only_with_trigger.py for tasks to queue
[2023-06-13T01:54:27.732+0000] {logging_mixin.py:149} INFO - [2023-06-13T01:54:27.732+0000] {dagbag.py:541} INFO - Filling up the DagBag from /home/airflow/.local/lib/python3.7/site-packages/airflow/example_dags/example_latest_only_with_trigger.py
[2023-06-13T01:54:27.744+0000] {processor.py:836} INFO - DAG(s) dict_keys(['latest_only_with_trigger']) retrieved from /home/airflow/.local/lib/python3.7/site-packages/airflow/example_dags/example_latest_only_with_trigger.py
[2023-06-13T01:54:27.790+0000] {logging_mixin.py:149} INFO - [2023-06-13T01:54:27.790+0000] {dag.py:2726} INFO - Sync 1 DAGs
[2023-06-13T01:54:27.850+0000] {logging_mixin.py:149} INFO - [2023-06-13T01:54:27.850+0000] {dag.py:3490} INFO - Setting next_dagrun for latest_only_with_trigger to 2023-06-12T21:54:27.850176+00:00, run_after=2023-06-13T01:54:27.850176+00:00
[2023-06-13T01:54:27.900+0000] {processor.py:179} INFO - Processing /home/airflow/.local/lib/python3.7/site-packages/airflow/example_dags/example_latest_only_with_trigger.py took 0.179 seconds
[2023-06-13T01:54:58.516+0000] {processor.py:157} INFO - Started process (PID=195) to work on /home/airflow/.local/lib/python3.7/site-packages/airflow/example_dags/example_latest_only_with_trigger.py
[2023-06-13T01:54:58.517+0000] {processor.py:826} INFO - Processing file /home/airflow/.local/lib/python3.7/site-packages/airflow/example_dags/example_latest_only_with_trigger.py for tasks to queue
[2023-06-13T01:54:58.520+0000] {logging_mixin.py:149} INFO - [2023-06-13T01:54:58.519+0000] {dagbag.py:541} INFO - Filling up the DagBag from /home/airflow/.local/lib/python3.7/site-packages/airflow/example_dags/example_latest_only_with_trigger.py
[2023-06-13T01:54:58.533+0000] {processor.py:836} INFO - DAG(s) dict_keys(['latest_only_with_trigger']) retrieved from /home/airflow/.local/lib/python3.7/site-packages/airflow/example_dags/example_latest_only_with_trigger.py
[2023-06-13T01:54:58.589+0000] {logging_mixin.py:149} INFO - [2023-06-13T01:54:58.588+0000] {dag.py:2726} INFO - Sync 1 DAGs
[2023-06-13T01:54:58.646+0000] {logging_mixin.py:149} INFO - [2023-06-13T01:54:58.646+0000] {dag.py:3490} INFO - Setting next_dagrun for latest_only_with_trigger to 2023-06-12T21:54:58.646138+00:00, run_after=2023-06-13T01:54:58.646138+00:00
[2023-06-13T01:54:58.695+0000] {processor.py:179} INFO - Processing /home/airflow/.local/lib/python3.7/site-packages/airflow/example_dags/example_latest_only_with_trigger.py took 0.184 seconds
[2023-06-13T01:55:28.906+0000] {processor.py:157} INFO - Started process (PID=255) to work on /home/airflow/.local/lib/python3.7/site-packages/airflow/example_dags/example_latest_only_with_trigger.py
[2023-06-13T01:55:28.911+0000] {processor.py:826} INFO - Processing file /home/airflow/.local/lib/python3.7/site-packages/airflow/example_dags/example_latest_only_with_trigger.py for tasks to queue
[2023-06-13T01:55:28.913+0000] {logging_mixin.py:149} INFO - [2023-06-13T01:55:28.913+0000] {dagbag.py:541} INFO - Filling up the DagBag from /home/airflow/.local/lib/python3.7/site-packages/airflow/example_dags/example_latest_only_with_trigger.py
[2023-06-13T01:55:28.926+0000] {processor.py:836} INFO - DAG(s) dict_keys(['latest_only_with_trigger']) retrieved from /home/airflow/.local/lib/python3.7/site-packages/airflow/example_dags/example_latest_only_with_trigger.py
[2023-06-13T01:55:28.985+0000] {logging_mixin.py:149} INFO - [2023-06-13T01:55:28.985+0000] {dag.py:2726} INFO - Sync 1 DAGs
[2023-06-13T01:55:29.065+0000] {logging_mixin.py:149} INFO - [2023-06-13T01:55:29.064+0000] {dag.py:3490} INFO - Setting next_dagrun for latest_only_with_trigger to 2023-06-12T21:55:29.064120+00:00, run_after=2023-06-13T01:55:29.064120+00:00
[2023-06-13T01:55:29.168+0000] {processor.py:179} INFO - Processing /home/airflow/.local/lib/python3.7/site-packages/airflow/example_dags/example_latest_only_with_trigger.py took 0.268 seconds
[2023-06-13T01:55:59.907+0000] {processor.py:157} INFO - Started process (PID=315) to work on /home/airflow/.local/lib/python3.7/site-packages/airflow/example_dags/example_latest_only_with_trigger.py
[2023-06-13T01:55:59.909+0000] {processor.py:826} INFO - Processing file /home/airflow/.local/lib/python3.7/site-packages/airflow/example_dags/example_latest_only_with_trigger.py for tasks to queue
[2023-06-13T01:55:59.911+0000] {logging_mixin.py:149} INFO - [2023-06-13T01:55:59.911+0000] {dagbag.py:541} INFO - Filling up the DagBag from /home/airflow/.local/lib/python3.7/site-packages/airflow/example_dags/example_latest_only_with_trigger.py
[2023-06-13T01:55:59.920+0000] {processor.py:836} INFO - DAG(s) dict_keys(['latest_only_with_trigger']) retrieved from /home/airflow/.local/lib/python3.7/site-packages/airflow/example_dags/example_latest_only_with_trigger.py
[2023-06-13T01:55:59.961+0000] {logging_mixin.py:149} INFO - [2023-06-13T01:55:59.961+0000] {dag.py:2726} INFO - Sync 1 DAGs
[2023-06-13T01:56:00.004+0000] {logging_mixin.py:149} INFO - [2023-06-13T01:56:00.003+0000] {dag.py:3490} INFO - Setting next_dagrun for latest_only_with_trigger to 2023-06-12T21:56:00.003514+00:00, run_after=2023-06-13T01:56:00.003514+00:00
[2023-06-13T01:56:00.039+0000] {processor.py:179} INFO - Processing /home/airflow/.local/lib/python3.7/site-packages/airflow/example_dags/example_latest_only_with_trigger.py took 0.136 seconds
[2023-06-13T01:56:30.343+0000] {processor.py:157} INFO - Started process (PID=375) to work on /home/airflow/.local/lib/python3.7/site-packages/airflow/example_dags/example_latest_only_with_trigger.py
[2023-06-13T01:56:30.345+0000] {processor.py:826} INFO - Processing file /home/airflow/.local/lib/python3.7/site-packages/airflow/example_dags/example_latest_only_with_trigger.py for tasks to queue
[2023-06-13T01:56:30.346+0000] {logging_mixin.py:149} INFO - [2023-06-13T01:56:30.346+0000] {dagbag.py:541} INFO - Filling up the DagBag from /home/airflow/.local/lib/python3.7/site-packages/airflow/example_dags/example_latest_only_with_trigger.py
[2023-06-13T01:56:30.357+0000] {processor.py:836} INFO - DAG(s) dict_keys(['latest_only_with_trigger']) retrieved from /home/airflow/.local/lib/python3.7/site-packages/airflow/example_dags/example_latest_only_with_trigger.py
[2023-06-13T01:56:30.400+0000] {logging_mixin.py:149} INFO - [2023-06-13T01:56:30.399+0000] {dag.py:2726} INFO - Sync 1 DAGs
[2023-06-13T01:56:30.441+0000] {logging_mixin.py:149} INFO - [2023-06-13T01:56:30.440+0000] {dag.py:3490} INFO - Setting next_dagrun for latest_only_with_trigger to 2023-06-12T21:56:30.440399+00:00, run_after=2023-06-13T01:56:30.440399+00:00
[2023-06-13T01:56:30.478+0000] {processor.py:179} INFO - Processing /home/airflow/.local/lib/python3.7/site-packages/airflow/example_dags/example_latest_only_with_trigger.py took 0.139 seconds
[2023-06-13T01:57:00.758+0000] {processor.py:157} INFO - Started process (PID=436) to work on /home/airflow/.local/lib/python3.7/site-packages/airflow/example_dags/example_latest_only_with_trigger.py
[2023-06-13T01:57:00.760+0000] {processor.py:826} INFO - Processing file /home/airflow/.local/lib/python3.7/site-packages/airflow/example_dags/example_latest_only_with_trigger.py for tasks to queue
[2023-06-13T01:57:00.761+0000] {logging_mixin.py:149} INFO - [2023-06-13T01:57:00.761+0000] {dagbag.py:541} INFO - Filling up the DagBag from /home/airflow/.local/lib/python3.7/site-packages/airflow/example_dags/example_latest_only_with_trigger.py
[2023-06-13T01:57:00.768+0000] {processor.py:836} INFO - DAG(s) dict_keys(['latest_only_with_trigger']) retrieved from /home/airflow/.local/lib/python3.7/site-packages/airflow/example_dags/example_latest_only_with_trigger.py
[2023-06-13T01:57:00.801+0000] {logging_mixin.py:149} INFO - [2023-06-13T01:57:00.801+0000] {dag.py:2726} INFO - Sync 1 DAGs
[2023-06-13T01:57:00.844+0000] {logging_mixin.py:149} INFO - [2023-06-13T01:57:00.843+0000] {dag.py:3490} INFO - Setting next_dagrun for latest_only_with_trigger to 2023-06-12T21:57:00.843599+00:00, run_after=2023-06-13T01:57:00.843599+00:00
[2023-06-13T01:57:00.878+0000] {processor.py:179} INFO - Processing /home/airflow/.local/lib/python3.7/site-packages/airflow/example_dags/example_latest_only_with_trigger.py took 0.123 seconds
[2023-06-13T01:57:31.072+0000] {processor.py:157} INFO - Started process (PID=496) to work on /home/airflow/.local/lib/python3.7/site-packages/airflow/example_dags/example_latest_only_with_trigger.py
[2023-06-13T01:57:31.073+0000] {processor.py:826} INFO - Processing file /home/airflow/.local/lib/python3.7/site-packages/airflow/example_dags/example_latest_only_with_trigger.py for tasks to queue
[2023-06-13T01:57:31.075+0000] {logging_mixin.py:149} INFO - [2023-06-13T01:57:31.074+0000] {dagbag.py:541} INFO - Filling up the DagBag from /home/airflow/.local/lib/python3.7/site-packages/airflow/example_dags/example_latest_only_with_trigger.py
[2023-06-13T01:57:31.082+0000] {processor.py:836} INFO - DAG(s) dict_keys(['latest_only_with_trigger']) retrieved from /home/airflow/.local/lib/python3.7/site-packages/airflow/example_dags/example_latest_only_with_trigger.py
[2023-06-13T01:57:31.116+0000] {logging_mixin.py:149} INFO - [2023-06-13T01:57:31.115+0000] {dag.py:2726} INFO - Sync 1 DAGs
[2023-06-13T01:57:31.151+0000] {logging_mixin.py:149} INFO - [2023-06-13T01:57:31.151+0000] {dag.py:3490} INFO - Setting next_dagrun for latest_only_with_trigger to 2023-06-12T21:57:31.150869+00:00, run_after=2023-06-13T01:57:31.150869+00:00
[2023-06-13T01:57:31.185+0000] {processor.py:179} INFO - Processing /home/airflow/.local/lib/python3.7/site-packages/airflow/example_dags/example_latest_only_with_trigger.py took 0.116 seconds
[2023-06-13T01:58:01.586+0000] {processor.py:157} INFO - Started process (PID=556) to work on /home/airflow/.local/lib/python3.7/site-packages/airflow/example_dags/example_latest_only_with_trigger.py
[2023-06-13T01:58:01.588+0000] {processor.py:826} INFO - Processing file /home/airflow/.local/lib/python3.7/site-packages/airflow/example_dags/example_latest_only_with_trigger.py for tasks to queue
[2023-06-13T01:58:01.589+0000] {logging_mixin.py:149} INFO - [2023-06-13T01:58:01.589+0000] {dagbag.py:541} INFO - Filling up the DagBag from /home/airflow/.local/lib/python3.7/site-packages/airflow/example_dags/example_latest_only_with_trigger.py
[2023-06-13T01:58:01.598+0000] {processor.py:836} INFO - DAG(s) dict_keys(['latest_only_with_trigger']) retrieved from /home/airflow/.local/lib/python3.7/site-packages/airflow/example_dags/example_latest_only_with_trigger.py
[2023-06-13T01:58:01.617+0000] {logging_mixin.py:149} INFO - [2023-06-13T01:58:01.617+0000] {dag.py:2726} INFO - Sync 1 DAGs
[2023-06-13T01:58:01.662+0000] {logging_mixin.py:149} INFO - [2023-06-13T01:58:01.662+0000] {dag.py:3490} INFO - Setting next_dagrun for latest_only_with_trigger to 2023-06-12T21:58:01.662230+00:00, run_after=2023-06-13T01:58:01.662230+00:00
[2023-06-13T01:58:01.719+0000] {processor.py:179} INFO - Processing /home/airflow/.local/lib/python3.7/site-packages/airflow/example_dags/example_latest_only_with_trigger.py took 0.136 seconds
[2023-06-13T01:58:32.232+0000] {processor.py:157} INFO - Started process (PID=616) to work on /home/airflow/.local/lib/python3.7/site-packages/airflow/example_dags/example_latest_only_with_trigger.py
[2023-06-13T01:58:32.233+0000] {processor.py:826} INFO - Processing file /home/airflow/.local/lib/python3.7/site-packages/airflow/example_dags/example_latest_only_with_trigger.py for tasks to queue
[2023-06-13T01:58:32.235+0000] {logging_mixin.py:149} INFO - [2023-06-13T01:58:32.235+0000] {dagbag.py:541} INFO - Filling up the DagBag from /home/airflow/.local/lib/python3.7/site-packages/airflow/example_dags/example_latest_only_with_trigger.py
[2023-06-13T01:58:32.246+0000] {processor.py:836} INFO - DAG(s) dict_keys(['latest_only_with_trigger']) retrieved from /home/airflow/.local/lib/python3.7/site-packages/airflow/example_dags/example_latest_only_with_trigger.py
[2023-06-13T01:58:32.288+0000] {logging_mixin.py:149} INFO - [2023-06-13T01:58:32.287+0000] {dag.py:2726} INFO - Sync 1 DAGs
[2023-06-13T01:58:32.331+0000] {logging_mixin.py:149} INFO - [2023-06-13T01:58:32.330+0000] {dag.py:3490} INFO - Setting next_dagrun for latest_only_with_trigger to 2023-06-12T21:58:32.330610+00:00, run_after=2023-06-13T01:58:32.330610+00:00
[2023-06-13T01:58:32.371+0000] {processor.py:179} INFO - Processing /home/airflow/.local/lib/python3.7/site-packages/airflow/example_dags/example_latest_only_with_trigger.py took 0.144 seconds
[2023-06-13T01:59:02.433+0000] {processor.py:157} INFO - Started process (PID=676) to work on /home/airflow/.local/lib/python3.7/site-packages/airflow/example_dags/example_latest_only_with_trigger.py
[2023-06-13T01:59:02.435+0000] {processor.py:826} INFO - Processing file /home/airflow/.local/lib/python3.7/site-packages/airflow/example_dags/example_latest_only_with_trigger.py for tasks to queue
[2023-06-13T01:59:02.437+0000] {logging_mixin.py:149} INFO - [2023-06-13T01:59:02.437+0000] {dagbag.py:541} INFO - Filling up the DagBag from /home/airflow/.local/lib/python3.7/site-packages/airflow/example_dags/example_latest_only_with_trigger.py
[2023-06-13T01:59:02.448+0000] {processor.py:836} INFO - DAG(s) dict_keys(['latest_only_with_trigger']) retrieved from /home/airflow/.local/lib/python3.7/site-packages/airflow/example_dags/example_latest_only_with_trigger.py
[2023-06-13T01:59:02.487+0000] {logging_mixin.py:149} INFO - [2023-06-13T01:59:02.486+0000] {dag.py:2726} INFO - Sync 1 DAGs
[2023-06-13T01:59:02.538+0000] {logging_mixin.py:149} INFO - [2023-06-13T01:59:02.538+0000] {dag.py:3490} INFO - Setting next_dagrun for latest_only_with_trigger to 2023-06-12T21:59:02.537737+00:00, run_after=2023-06-13T01:59:02.537737+00:00
[2023-06-13T01:59:02.577+0000] {processor.py:179} INFO - Processing /home/airflow/.local/lib/python3.7/site-packages/airflow/example_dags/example_latest_only_with_trigger.py took 0.149 seconds
[2023-06-13T01:59:32.687+0000] {processor.py:157} INFO - Started process (PID=736) to work on /home/airflow/.local/lib/python3.7/site-packages/airflow/example_dags/example_latest_only_with_trigger.py
[2023-06-13T01:59:32.689+0000] {processor.py:826} INFO - Processing file /home/airflow/.local/lib/python3.7/site-packages/airflow/example_dags/example_latest_only_with_trigger.py for tasks to queue
[2023-06-13T01:59:32.691+0000] {logging_mixin.py:149} INFO - [2023-06-13T01:59:32.691+0000] {dagbag.py:541} INFO - Filling up the DagBag from /home/airflow/.local/lib/python3.7/site-packages/airflow/example_dags/example_latest_only_with_trigger.py
[2023-06-13T01:59:32.698+0000] {processor.py:836} INFO - DAG(s) dict_keys(['latest_only_with_trigger']) retrieved from /home/airflow/.local/lib/python3.7/site-packages/airflow/example_dags/example_latest_only_with_trigger.py
[2023-06-13T01:59:32.732+0000] {logging_mixin.py:149} INFO - [2023-06-13T01:59:32.732+0000] {dag.py:2726} INFO - Sync 1 DAGs
[2023-06-13T01:59:32.778+0000] {logging_mixin.py:149} INFO - [2023-06-13T01:59:32.778+0000] {dag.py:3490} INFO - Setting next_dagrun for latest_only_with_trigger to 2023-06-12T21:59:32.777701+00:00, run_after=2023-06-13T01:59:32.777701+00:00
[2023-06-13T01:59:32.816+0000] {processor.py:179} INFO - Processing /home/airflow/.local/lib/python3.7/site-packages/airflow/example_dags/example_latest_only_with_trigger.py took 0.133 seconds
[2023-06-13T02:01:05.745+0000] {processor.py:157} INFO - Started process (PID=74) to work on /home/airflow/.local/lib/python3.7/site-packages/airflow/example_dags/example_latest_only_with_trigger.py
[2023-06-13T02:01:05.748+0000] {processor.py:826} INFO - Processing file /home/airflow/.local/lib/python3.7/site-packages/airflow/example_dags/example_latest_only_with_trigger.py for tasks to queue
[2023-06-13T02:01:05.751+0000] {logging_mixin.py:149} INFO - [2023-06-13T02:01:05.750+0000] {dagbag.py:541} INFO - Filling up the DagBag from /home/airflow/.local/lib/python3.7/site-packages/airflow/example_dags/example_latest_only_with_trigger.py
[2023-06-13T02:01:05.780+0000] {processor.py:836} INFO - DAG(s) dict_keys(['latest_only_with_trigger']) retrieved from /home/airflow/.local/lib/python3.7/site-packages/airflow/example_dags/example_latest_only_with_trigger.py
[2023-06-13T02:01:05.883+0000] {logging_mixin.py:149} INFO - [2023-06-13T02:01:05.882+0000] {dag.py:2726} INFO - Sync 1 DAGs
[2023-06-13T02:01:05.986+0000] {logging_mixin.py:149} INFO - [2023-06-13T02:01:05.985+0000] {dag.py:3490} INFO - Setting next_dagrun for latest_only_with_trigger to 2023-06-12T22:01:05.983029+00:00, run_after=2023-06-13T02:01:05.983029+00:00
[2023-06-13T02:01:06.061+0000] {processor.py:179} INFO - Processing /home/airflow/.local/lib/python3.7/site-packages/airflow/example_dags/example_latest_only_with_trigger.py took 0.330 seconds
[2023-06-13T02:01:36.649+0000] {processor.py:157} INFO - Started process (PID=133) to work on /home/airflow/.local/lib/python3.7/site-packages/airflow/example_dags/example_latest_only_with_trigger.py
[2023-06-13T02:01:36.652+0000] {processor.py:826} INFO - Processing file /home/airflow/.local/lib/python3.7/site-packages/airflow/example_dags/example_latest_only_with_trigger.py for tasks to queue
[2023-06-13T02:01:36.655+0000] {logging_mixin.py:149} INFO - [2023-06-13T02:01:36.654+0000] {dagbag.py:541} INFO - Filling up the DagBag from /home/airflow/.local/lib/python3.7/site-packages/airflow/example_dags/example_latest_only_with_trigger.py
[2023-06-13T02:01:36.670+0000] {processor.py:836} INFO - DAG(s) dict_keys(['latest_only_with_trigger']) retrieved from /home/airflow/.local/lib/python3.7/site-packages/airflow/example_dags/example_latest_only_with_trigger.py
[2023-06-13T02:01:36.737+0000] {logging_mixin.py:149} INFO - [2023-06-13T02:01:36.737+0000] {dag.py:2726} INFO - Sync 1 DAGs
[2023-06-13T02:01:36.865+0000] {logging_mixin.py:149} INFO - [2023-06-13T02:01:36.865+0000] {dag.py:3490} INFO - Setting next_dagrun for latest_only_with_trigger to 2023-06-12T22:01:36.862908+00:00, run_after=2023-06-13T02:01:36.862908+00:00
[2023-06-13T02:01:36.967+0000] {processor.py:179} INFO - Processing /home/airflow/.local/lib/python3.7/site-packages/airflow/example_dags/example_latest_only_with_trigger.py took 0.325 seconds
[2023-06-13T02:02:12.537+0000] {processor.py:157} INFO - Started process (PID=193) to work on /home/airflow/.local/lib/python3.7/site-packages/airflow/example_dags/example_latest_only_with_trigger.py
[2023-06-13T02:02:12.552+0000] {processor.py:826} INFO - Processing file /home/airflow/.local/lib/python3.7/site-packages/airflow/example_dags/example_latest_only_with_trigger.py for tasks to queue
[2023-06-13T02:02:12.567+0000] {logging_mixin.py:149} INFO - [2023-06-13T02:02:12.566+0000] {dagbag.py:541} INFO - Filling up the DagBag from /home/airflow/.local/lib/python3.7/site-packages/airflow/example_dags/example_latest_only_with_trigger.py
[2023-06-13T02:02:12.609+0000] {processor.py:836} INFO - DAG(s) dict_keys(['latest_only_with_trigger']) retrieved from /home/airflow/.local/lib/python3.7/site-packages/airflow/example_dags/example_latest_only_with_trigger.py
[2023-06-13T02:32:31.556+0000] {processor.py:157} INFO - Started process (PID=85) to work on /home/airflow/.local/lib/python3.7/site-packages/airflow/example_dags/example_latest_only_with_trigger.py
[2023-06-13T02:32:31.562+0000] {processor.py:826} INFO - Processing file /home/airflow/.local/lib/python3.7/site-packages/airflow/example_dags/example_latest_only_with_trigger.py for tasks to queue
[2023-06-13T02:32:31.564+0000] {logging_mixin.py:149} INFO - [2023-06-13T02:32:31.564+0000] {dagbag.py:541} INFO - Filling up the DagBag from /home/airflow/.local/lib/python3.7/site-packages/airflow/example_dags/example_latest_only_with_trigger.py
[2023-06-13T02:32:31.593+0000] {processor.py:836} INFO - DAG(s) dict_keys(['latest_only_with_trigger']) retrieved from /home/airflow/.local/lib/python3.7/site-packages/airflow/example_dags/example_latest_only_with_trigger.py
[2023-06-13T02:32:31.772+0000] {logging_mixin.py:149} INFO - [2023-06-13T02:32:31.767+0000] {dag.py:2726} INFO - Sync 1 DAGs
[2023-06-13T02:32:31.992+0000] {logging_mixin.py:149} INFO - [2023-06-13T02:32:31.991+0000] {dag.py:3490} INFO - Setting next_dagrun for latest_only_with_trigger to 2023-06-12T22:32:31.990360+00:00, run_after=2023-06-13T02:32:31.990360+00:00
[2023-06-13T02:32:32.116+0000] {processor.py:179} INFO - Processing /home/airflow/.local/lib/python3.7/site-packages/airflow/example_dags/example_latest_only_with_trigger.py took 0.571 seconds
[2023-06-13T02:33:03.077+0000] {processor.py:157} INFO - Started process (PID=145) to work on /home/airflow/.local/lib/python3.7/site-packages/airflow/example_dags/example_latest_only_with_trigger.py
[2023-06-13T02:33:03.081+0000] {processor.py:826} INFO - Processing file /home/airflow/.local/lib/python3.7/site-packages/airflow/example_dags/example_latest_only_with_trigger.py for tasks to queue
[2023-06-13T02:33:03.085+0000] {logging_mixin.py:149} INFO - [2023-06-13T02:33:03.084+0000] {dagbag.py:541} INFO - Filling up the DagBag from /home/airflow/.local/lib/python3.7/site-packages/airflow/example_dags/example_latest_only_with_trigger.py
[2023-06-13T02:33:03.106+0000] {processor.py:836} INFO - DAG(s) dict_keys(['latest_only_with_trigger']) retrieved from /home/airflow/.local/lib/python3.7/site-packages/airflow/example_dags/example_latest_only_with_trigger.py
[2023-06-13T02:33:03.288+0000] {logging_mixin.py:149} INFO - [2023-06-13T02:33:03.287+0000] {dag.py:2726} INFO - Sync 1 DAGs
[2023-06-13T02:33:03.462+0000] {logging_mixin.py:149} INFO - [2023-06-13T02:33:03.461+0000] {dag.py:3490} INFO - Setting next_dagrun for latest_only_with_trigger to 2023-06-12T22:33:03.460116+00:00, run_after=2023-06-13T02:33:03.460116+00:00
[2023-06-13T02:33:03.539+0000] {processor.py:179} INFO - Processing /home/airflow/.local/lib/python3.7/site-packages/airflow/example_dags/example_latest_only_with_trigger.py took 0.471 seconds
[2023-06-13T02:34:03.099+0000] {processor.py:157} INFO - Started process (PID=211) to work on /home/airflow/.local/lib/python3.7/site-packages/airflow/example_dags/example_latest_only_with_trigger.py
[2023-06-13T02:34:03.116+0000] {processor.py:826} INFO - Processing file /home/airflow/.local/lib/python3.7/site-packages/airflow/example_dags/example_latest_only_with_trigger.py for tasks to queue
[2023-06-13T02:34:03.134+0000] {logging_mixin.py:149} INFO - [2023-06-13T02:34:03.133+0000] {dagbag.py:541} INFO - Filling up the DagBag from /home/airflow/.local/lib/python3.7/site-packages/airflow/example_dags/example_latest_only_with_trigger.py
[2023-06-13T02:34:03.301+0000] {processor.py:836} INFO - DAG(s) dict_keys(['latest_only_with_trigger']) retrieved from /home/airflow/.local/lib/python3.7/site-packages/airflow/example_dags/example_latest_only_with_trigger.py
[2023-06-13T02:34:03.983+0000] {logging_mixin.py:149} INFO - [2023-06-13T02:34:03.982+0000] {dag.py:2726} INFO - Sync 1 DAGs
[2023-06-13T02:34:06.278+0000] {logging_mixin.py:149} INFO - [2023-06-13T02:34:06.278+0000] {dag.py:3490} INFO - Setting next_dagrun for latest_only_with_trigger to 2023-06-12T22:34:06.268313+00:00, run_after=2023-06-13T02:34:06.268313+00:00
[2023-06-13T02:34:06.604+0000] {processor.py:179} INFO - Processing /home/airflow/.local/lib/python3.7/site-packages/airflow/example_dags/example_latest_only_with_trigger.py took 3.584 seconds
[2023-06-13T02:34:37.077+0000] {processor.py:157} INFO - Started process (PID=271) to work on /home/airflow/.local/lib/python3.7/site-packages/airflow/example_dags/example_latest_only_with_trigger.py
[2023-06-13T02:34:37.082+0000] {processor.py:826} INFO - Processing file /home/airflow/.local/lib/python3.7/site-packages/airflow/example_dags/example_latest_only_with_trigger.py for tasks to queue
[2023-06-13T02:34:37.088+0000] {logging_mixin.py:149} INFO - [2023-06-13T02:34:37.087+0000] {dagbag.py:541} INFO - Filling up the DagBag from /home/airflow/.local/lib/python3.7/site-packages/airflow/example_dags/example_latest_only_with_trigger.py
[2023-06-13T02:34:37.112+0000] {processor.py:836} INFO - DAG(s) dict_keys(['latest_only_with_trigger']) retrieved from /home/airflow/.local/lib/python3.7/site-packages/airflow/example_dags/example_latest_only_with_trigger.py
[2023-06-13T02:34:37.213+0000] {logging_mixin.py:149} INFO - [2023-06-13T02:34:37.211+0000] {dag.py:2726} INFO - Sync 1 DAGs
[2023-06-13T02:34:37.340+0000] {logging_mixin.py:149} INFO - [2023-06-13T02:34:37.340+0000] {dag.py:3490} INFO - Setting next_dagrun for latest_only_with_trigger to 2023-06-12T22:34:37.339460+00:00, run_after=2023-06-13T02:34:37.339460+00:00
[2023-06-13T02:34:37.412+0000] {processor.py:179} INFO - Processing /home/airflow/.local/lib/python3.7/site-packages/airflow/example_dags/example_latest_only_with_trigger.py took 0.346 seconds
[2023-06-13T02:35:07.671+0000] {processor.py:157} INFO - Started process (PID=331) to work on /home/airflow/.local/lib/python3.7/site-packages/airflow/example_dags/example_latest_only_with_trigger.py
[2023-06-13T02:35:07.674+0000] {processor.py:826} INFO - Processing file /home/airflow/.local/lib/python3.7/site-packages/airflow/example_dags/example_latest_only_with_trigger.py for tasks to queue
[2023-06-13T02:35:07.677+0000] {logging_mixin.py:149} INFO - [2023-06-13T02:35:07.676+0000] {dagbag.py:541} INFO - Filling up the DagBag from /home/airflow/.local/lib/python3.7/site-packages/airflow/example_dags/example_latest_only_with_trigger.py
[2023-06-13T02:35:07.698+0000] {processor.py:836} INFO - DAG(s) dict_keys(['latest_only_with_trigger']) retrieved from /home/airflow/.local/lib/python3.7/site-packages/airflow/example_dags/example_latest_only_with_trigger.py
[2023-06-13T02:35:07.805+0000] {logging_mixin.py:149} INFO - [2023-06-13T02:35:07.804+0000] {dag.py:2726} INFO - Sync 1 DAGs
[2023-06-13T02:35:07.991+0000] {logging_mixin.py:149} INFO - [2023-06-13T02:35:07.990+0000] {dag.py:3490} INFO - Setting next_dagrun for latest_only_with_trigger to 2023-06-12T22:35:07.989960+00:00, run_after=2023-06-13T02:35:07.989960+00:00
[2023-06-13T02:35:08.160+0000] {processor.py:179} INFO - Processing /home/airflow/.local/lib/python3.7/site-packages/airflow/example_dags/example_latest_only_with_trigger.py took 0.495 seconds
[2023-06-13T02:35:38.530+0000] {processor.py:157} INFO - Started process (PID=392) to work on /home/airflow/.local/lib/python3.7/site-packages/airflow/example_dags/example_latest_only_with_trigger.py
[2023-06-13T02:35:38.533+0000] {processor.py:826} INFO - Processing file /home/airflow/.local/lib/python3.7/site-packages/airflow/example_dags/example_latest_only_with_trigger.py for tasks to queue
[2023-06-13T02:35:38.536+0000] {logging_mixin.py:149} INFO - [2023-06-13T02:35:38.536+0000] {dagbag.py:541} INFO - Filling up the DagBag from /home/airflow/.local/lib/python3.7/site-packages/airflow/example_dags/example_latest_only_with_trigger.py
[2023-06-13T02:35:38.555+0000] {processor.py:836} INFO - DAG(s) dict_keys(['latest_only_with_trigger']) retrieved from /home/airflow/.local/lib/python3.7/site-packages/airflow/example_dags/example_latest_only_with_trigger.py
[2023-06-13T02:35:38.632+0000] {logging_mixin.py:149} INFO - [2023-06-13T02:35:38.632+0000] {dag.py:2726} INFO - Sync 1 DAGs
[2023-06-13T02:35:38.709+0000] {logging_mixin.py:149} INFO - [2023-06-13T02:35:38.709+0000] {dag.py:3490} INFO - Setting next_dagrun for latest_only_with_trigger to 2023-06-12T22:35:38.708727+00:00, run_after=2023-06-13T02:35:38.708727+00:00
[2023-06-13T02:35:38.772+0000] {processor.py:179} INFO - Processing /home/airflow/.local/lib/python3.7/site-packages/airflow/example_dags/example_latest_only_with_trigger.py took 0.252 seconds
[2023-06-13T02:36:09.695+0000] {processor.py:157} INFO - Started process (PID=451) to work on /home/airflow/.local/lib/python3.7/site-packages/airflow/example_dags/example_latest_only_with_trigger.py
[2023-06-13T02:36:09.701+0000] {processor.py:826} INFO - Processing file /home/airflow/.local/lib/python3.7/site-packages/airflow/example_dags/example_latest_only_with_trigger.py for tasks to queue
[2023-06-13T02:36:09.705+0000] {logging_mixin.py:149} INFO - [2023-06-13T02:36:09.705+0000] {dagbag.py:541} INFO - Filling up the DagBag from /home/airflow/.local/lib/python3.7/site-packages/airflow/example_dags/example_latest_only_with_trigger.py
[2023-06-13T02:36:09.731+0000] {processor.py:836} INFO - DAG(s) dict_keys(['latest_only_with_trigger']) retrieved from /home/airflow/.local/lib/python3.7/site-packages/airflow/example_dags/example_latest_only_with_trigger.py
[2023-06-13T02:36:09.823+0000] {logging_mixin.py:149} INFO - [2023-06-13T02:36:09.823+0000] {dag.py:2726} INFO - Sync 1 DAGs
[2023-06-13T02:36:09.902+0000] {logging_mixin.py:149} INFO - [2023-06-13T02:36:09.901+0000] {dag.py:3490} INFO - Setting next_dagrun for latest_only_with_trigger to 2023-06-12T22:36:09.901104+00:00, run_after=2023-06-13T02:36:09.901104+00:00
[2023-06-13T02:36:09.987+0000] {processor.py:179} INFO - Processing /home/airflow/.local/lib/python3.7/site-packages/airflow/example_dags/example_latest_only_with_trigger.py took 0.303 seconds
[2023-06-13T02:36:40.517+0000] {processor.py:157} INFO - Started process (PID=511) to work on /home/airflow/.local/lib/python3.7/site-packages/airflow/example_dags/example_latest_only_with_trigger.py
[2023-06-13T02:36:40.521+0000] {processor.py:826} INFO - Processing file /home/airflow/.local/lib/python3.7/site-packages/airflow/example_dags/example_latest_only_with_trigger.py for tasks to queue
[2023-06-13T02:36:40.525+0000] {logging_mixin.py:149} INFO - [2023-06-13T02:36:40.524+0000] {dagbag.py:541} INFO - Filling up the DagBag from /home/airflow/.local/lib/python3.7/site-packages/airflow/example_dags/example_latest_only_with_trigger.py
[2023-06-13T02:36:40.547+0000] {processor.py:836} INFO - DAG(s) dict_keys(['latest_only_with_trigger']) retrieved from /home/airflow/.local/lib/python3.7/site-packages/airflow/example_dags/example_latest_only_with_trigger.py
[2023-06-13T02:36:40.653+0000] {logging_mixin.py:149} INFO - [2023-06-13T02:36:40.652+0000] {dag.py:2726} INFO - Sync 1 DAGs
[2023-06-13T02:36:40.772+0000] {logging_mixin.py:149} INFO - [2023-06-13T02:36:40.771+0000] {dag.py:3490} INFO - Setting next_dagrun for latest_only_with_trigger to 2023-06-12T22:36:40.769899+00:00, run_after=2023-06-13T02:36:40.769899+00:00
[2023-06-13T02:36:40.867+0000] {processor.py:179} INFO - Processing /home/airflow/.local/lib/python3.7/site-packages/airflow/example_dags/example_latest_only_with_trigger.py took 0.359 seconds
[2023-06-13T02:37:11.132+0000] {processor.py:157} INFO - Started process (PID=571) to work on /home/airflow/.local/lib/python3.7/site-packages/airflow/example_dags/example_latest_only_with_trigger.py
[2023-06-13T02:37:11.135+0000] {processor.py:826} INFO - Processing file /home/airflow/.local/lib/python3.7/site-packages/airflow/example_dags/example_latest_only_with_trigger.py for tasks to queue
[2023-06-13T02:37:11.139+0000] {logging_mixin.py:149} INFO - [2023-06-13T02:37:11.138+0000] {dagbag.py:541} INFO - Filling up the DagBag from /home/airflow/.local/lib/python3.7/site-packages/airflow/example_dags/example_latest_only_with_trigger.py
[2023-06-13T02:37:11.160+0000] {processor.py:836} INFO - DAG(s) dict_keys(['latest_only_with_trigger']) retrieved from /home/airflow/.local/lib/python3.7/site-packages/airflow/example_dags/example_latest_only_with_trigger.py
[2023-06-13T02:37:11.257+0000] {logging_mixin.py:149} INFO - [2023-06-13T02:37:11.257+0000] {dag.py:2726} INFO - Sync 1 DAGs
[2023-06-13T02:37:11.363+0000] {logging_mixin.py:149} INFO - [2023-06-13T02:37:11.362+0000] {dag.py:3490} INFO - Setting next_dagrun for latest_only_with_trigger to 2023-06-12T22:37:11.356226+00:00, run_after=2023-06-13T02:37:11.356226+00:00
[2023-06-13T02:37:11.459+0000] {processor.py:179} INFO - Processing /home/airflow/.local/lib/python3.7/site-packages/airflow/example_dags/example_latest_only_with_trigger.py took 0.337 seconds
[2023-06-13T02:37:42.506+0000] {processor.py:157} INFO - Started process (PID=631) to work on /home/airflow/.local/lib/python3.7/site-packages/airflow/example_dags/example_latest_only_with_trigger.py
[2023-06-13T02:37:42.509+0000] {processor.py:826} INFO - Processing file /home/airflow/.local/lib/python3.7/site-packages/airflow/example_dags/example_latest_only_with_trigger.py for tasks to queue
[2023-06-13T02:37:42.512+0000] {logging_mixin.py:149} INFO - [2023-06-13T02:37:42.512+0000] {dagbag.py:541} INFO - Filling up the DagBag from /home/airflow/.local/lib/python3.7/site-packages/airflow/example_dags/example_latest_only_with_trigger.py
[2023-06-13T02:37:42.534+0000] {processor.py:836} INFO - DAG(s) dict_keys(['latest_only_with_trigger']) retrieved from /home/airflow/.local/lib/python3.7/site-packages/airflow/example_dags/example_latest_only_with_trigger.py
[2023-06-13T02:37:42.648+0000] {logging_mixin.py:149} INFO - [2023-06-13T02:37:42.648+0000] {dag.py:2726} INFO - Sync 1 DAGs
[2023-06-13T02:37:42.755+0000] {logging_mixin.py:149} INFO - [2023-06-13T02:37:42.754+0000] {dag.py:3490} INFO - Setting next_dagrun for latest_only_with_trigger to 2023-06-12T22:37:42.753047+00:00, run_after=2023-06-13T02:37:42.753047+00:00
[2023-06-13T02:37:42.855+0000] {processor.py:179} INFO - Processing /home/airflow/.local/lib/python3.7/site-packages/airflow/example_dags/example_latest_only_with_trigger.py took 0.364 seconds
[2023-06-13T02:38:13.110+0000] {processor.py:157} INFO - Started process (PID=692) to work on /home/airflow/.local/lib/python3.7/site-packages/airflow/example_dags/example_latest_only_with_trigger.py
[2023-06-13T02:38:13.113+0000] {processor.py:826} INFO - Processing file /home/airflow/.local/lib/python3.7/site-packages/airflow/example_dags/example_latest_only_with_trigger.py for tasks to queue
[2023-06-13T02:38:13.115+0000] {logging_mixin.py:149} INFO - [2023-06-13T02:38:13.115+0000] {dagbag.py:541} INFO - Filling up the DagBag from /home/airflow/.local/lib/python3.7/site-packages/airflow/example_dags/example_latest_only_with_trigger.py
[2023-06-13T02:38:13.128+0000] {processor.py:836} INFO - DAG(s) dict_keys(['latest_only_with_trigger']) retrieved from /home/airflow/.local/lib/python3.7/site-packages/airflow/example_dags/example_latest_only_with_trigger.py
[2023-06-13T02:38:13.192+0000] {logging_mixin.py:149} INFO - [2023-06-13T02:38:13.191+0000] {dag.py:2726} INFO - Sync 1 DAGs
[2023-06-13T02:38:13.261+0000] {logging_mixin.py:149} INFO - [2023-06-13T02:38:13.260+0000] {dag.py:3490} INFO - Setting next_dagrun for latest_only_with_trigger to 2023-06-12T22:38:13.260227+00:00, run_after=2023-06-13T02:38:13.260227+00:00
[2023-06-13T02:38:13.328+0000] {processor.py:179} INFO - Processing /home/airflow/.local/lib/python3.7/site-packages/airflow/example_dags/example_latest_only_with_trigger.py took 0.224 seconds
[2023-06-13T02:38:44.220+0000] {processor.py:157} INFO - Started process (PID=752) to work on /home/airflow/.local/lib/python3.7/site-packages/airflow/example_dags/example_latest_only_with_trigger.py
[2023-06-13T02:38:44.224+0000] {processor.py:826} INFO - Processing file /home/airflow/.local/lib/python3.7/site-packages/airflow/example_dags/example_latest_only_with_trigger.py for tasks to queue
[2023-06-13T02:38:44.227+0000] {logging_mixin.py:149} INFO - [2023-06-13T02:38:44.227+0000] {dagbag.py:541} INFO - Filling up the DagBag from /home/airflow/.local/lib/python3.7/site-packages/airflow/example_dags/example_latest_only_with_trigger.py
[2023-06-13T02:38:44.242+0000] {processor.py:836} INFO - DAG(s) dict_keys(['latest_only_with_trigger']) retrieved from /home/airflow/.local/lib/python3.7/site-packages/airflow/example_dags/example_latest_only_with_trigger.py
[2023-06-13T02:38:44.298+0000] {logging_mixin.py:149} INFO - [2023-06-13T02:38:44.297+0000] {dag.py:2726} INFO - Sync 1 DAGs
[2023-06-13T02:38:44.360+0000] {logging_mixin.py:149} INFO - [2023-06-13T02:38:44.359+0000] {dag.py:3490} INFO - Setting next_dagrun for latest_only_with_trigger to 2023-06-12T22:38:44.359305+00:00, run_after=2023-06-13T02:38:44.359305+00:00
[2023-06-13T02:38:44.424+0000] {processor.py:179} INFO - Processing /home/airflow/.local/lib/python3.7/site-packages/airflow/example_dags/example_latest_only_with_trigger.py took 0.212 seconds
[2023-06-13T02:39:16.388+0000] {processor.py:157} INFO - Started process (PID=812) to work on /home/airflow/.local/lib/python3.7/site-packages/airflow/example_dags/example_latest_only_with_trigger.py
[2023-06-13T02:39:16.398+0000] {processor.py:826} INFO - Processing file /home/airflow/.local/lib/python3.7/site-packages/airflow/example_dags/example_latest_only_with_trigger.py for tasks to queue
[2023-06-13T02:39:16.402+0000] {logging_mixin.py:149} INFO - [2023-06-13T02:39:16.401+0000] {dagbag.py:541} INFO - Filling up the DagBag from /home/airflow/.local/lib/python3.7/site-packages/airflow/example_dags/example_latest_only_with_trigger.py
[2023-06-13T02:39:16.432+0000] {processor.py:836} INFO - DAG(s) dict_keys(['latest_only_with_trigger']) retrieved from /home/airflow/.local/lib/python3.7/site-packages/airflow/example_dags/example_latest_only_with_trigger.py
[2023-06-13T02:39:16.542+0000] {logging_mixin.py:149} INFO - [2023-06-13T02:39:16.541+0000] {dag.py:2726} INFO - Sync 1 DAGs
[2023-06-13T02:39:16.720+0000] {logging_mixin.py:149} INFO - [2023-06-13T02:39:16.719+0000] {dag.py:3490} INFO - Setting next_dagrun for latest_only_with_trigger to 2023-06-12T22:39:16.719043+00:00, run_after=2023-06-13T02:39:16.719043+00:00
[2023-06-13T02:39:16.816+0000] {processor.py:179} INFO - Processing /home/airflow/.local/lib/python3.7/site-packages/airflow/example_dags/example_latest_only_with_trigger.py took 0.443 seconds
[2023-06-13T02:39:47.625+0000] {processor.py:157} INFO - Started process (PID=872) to work on /home/airflow/.local/lib/python3.7/site-packages/airflow/example_dags/example_latest_only_with_trigger.py
[2023-06-13T02:39:47.632+0000] {processor.py:826} INFO - Processing file /home/airflow/.local/lib/python3.7/site-packages/airflow/example_dags/example_latest_only_with_trigger.py for tasks to queue
[2023-06-13T02:39:47.635+0000] {logging_mixin.py:149} INFO - [2023-06-13T02:39:47.635+0000] {dagbag.py:541} INFO - Filling up the DagBag from /home/airflow/.local/lib/python3.7/site-packages/airflow/example_dags/example_latest_only_with_trigger.py
[2023-06-13T02:39:47.659+0000] {processor.py:836} INFO - DAG(s) dict_keys(['latest_only_with_trigger']) retrieved from /home/airflow/.local/lib/python3.7/site-packages/airflow/example_dags/example_latest_only_with_trigger.py
[2023-06-13T02:39:47.808+0000] {logging_mixin.py:149} INFO - [2023-06-13T02:39:47.807+0000] {dag.py:2726} INFO - Sync 1 DAGs
[2023-06-13T02:39:47.971+0000] {logging_mixin.py:149} INFO - [2023-06-13T02:39:47.971+0000] {dag.py:3490} INFO - Setting next_dagrun for latest_only_with_trigger to 2023-06-12T22:39:47.970403+00:00, run_after=2023-06-13T02:39:47.970403+00:00
[2023-06-13T02:39:48.096+0000] {processor.py:179} INFO - Processing /home/airflow/.local/lib/python3.7/site-packages/airflow/example_dags/example_latest_only_with_trigger.py took 0.486 seconds
[2023-06-13T02:40:18.362+0000] {processor.py:157} INFO - Started process (PID=932) to work on /home/airflow/.local/lib/python3.7/site-packages/airflow/example_dags/example_latest_only_with_trigger.py
[2023-06-13T02:40:18.365+0000] {processor.py:826} INFO - Processing file /home/airflow/.local/lib/python3.7/site-packages/airflow/example_dags/example_latest_only_with_trigger.py for tasks to queue
[2023-06-13T02:40:18.369+0000] {logging_mixin.py:149} INFO - [2023-06-13T02:40:18.368+0000] {dagbag.py:541} INFO - Filling up the DagBag from /home/airflow/.local/lib/python3.7/site-packages/airflow/example_dags/example_latest_only_with_trigger.py
[2023-06-13T02:40:18.389+0000] {processor.py:836} INFO - DAG(s) dict_keys(['latest_only_with_trigger']) retrieved from /home/airflow/.local/lib/python3.7/site-packages/airflow/example_dags/example_latest_only_with_trigger.py
[2023-06-13T02:40:18.488+0000] {logging_mixin.py:149} INFO - [2023-06-13T02:40:18.487+0000] {dag.py:2726} INFO - Sync 1 DAGs
[2023-06-13T02:40:18.569+0000] {logging_mixin.py:149} INFO - [2023-06-13T02:40:18.568+0000] {dag.py:3490} INFO - Setting next_dagrun for latest_only_with_trigger to 2023-06-12T22:40:18.568025+00:00, run_after=2023-06-13T02:40:18.568025+00:00
[2023-06-13T02:40:18.651+0000] {processor.py:179} INFO - Processing /home/airflow/.local/lib/python3.7/site-packages/airflow/example_dags/example_latest_only_with_trigger.py took 0.297 seconds
[2023-06-13T02:40:49.451+0000] {processor.py:157} INFO - Started process (PID=992) to work on /home/airflow/.local/lib/python3.7/site-packages/airflow/example_dags/example_latest_only_with_trigger.py
[2023-06-13T02:40:49.453+0000] {processor.py:826} INFO - Processing file /home/airflow/.local/lib/python3.7/site-packages/airflow/example_dags/example_latest_only_with_trigger.py for tasks to queue
[2023-06-13T02:40:49.459+0000] {logging_mixin.py:149} INFO - [2023-06-13T02:40:49.456+0000] {dagbag.py:541} INFO - Filling up the DagBag from /home/airflow/.local/lib/python3.7/site-packages/airflow/example_dags/example_latest_only_with_trigger.py
[2023-06-13T02:40:49.475+0000] {processor.py:836} INFO - DAG(s) dict_keys(['latest_only_with_trigger']) retrieved from /home/airflow/.local/lib/python3.7/site-packages/airflow/example_dags/example_latest_only_with_trigger.py
[2023-06-13T02:40:49.554+0000] {logging_mixin.py:149} INFO - [2023-06-13T02:40:49.553+0000] {dag.py:2726} INFO - Sync 1 DAGs
[2023-06-13T02:40:49.643+0000] {logging_mixin.py:149} INFO - [2023-06-13T02:40:49.642+0000] {dag.py:3490} INFO - Setting next_dagrun for latest_only_with_trigger to 2023-06-12T22:40:49.642199+00:00, run_after=2023-06-13T02:40:49.642199+00:00
[2023-06-13T02:40:49.719+0000] {processor.py:179} INFO - Processing /home/airflow/.local/lib/python3.7/site-packages/airflow/example_dags/example_latest_only_with_trigger.py took 0.275 seconds
[2023-06-13T02:41:20.437+0000] {processor.py:157} INFO - Started process (PID=1052) to work on /home/airflow/.local/lib/python3.7/site-packages/airflow/example_dags/example_latest_only_with_trigger.py
[2023-06-13T02:41:20.441+0000] {processor.py:826} INFO - Processing file /home/airflow/.local/lib/python3.7/site-packages/airflow/example_dags/example_latest_only_with_trigger.py for tasks to queue
[2023-06-13T02:41:20.447+0000] {logging_mixin.py:149} INFO - [2023-06-13T02:41:20.446+0000] {dagbag.py:541} INFO - Filling up the DagBag from /home/airflow/.local/lib/python3.7/site-packages/airflow/example_dags/example_latest_only_with_trigger.py
[2023-06-13T02:41:20.470+0000] {processor.py:836} INFO - DAG(s) dict_keys(['latest_only_with_trigger']) retrieved from /home/airflow/.local/lib/python3.7/site-packages/airflow/example_dags/example_latest_only_with_trigger.py
[2023-06-13T02:41:20.619+0000] {logging_mixin.py:149} INFO - [2023-06-13T02:41:20.618+0000] {dag.py:2726} INFO - Sync 1 DAGs
[2023-06-13T02:41:20.735+0000] {logging_mixin.py:149} INFO - [2023-06-13T02:41:20.734+0000] {dag.py:3490} INFO - Setting next_dagrun for latest_only_with_trigger to 2023-06-12T22:41:20.733996+00:00, run_after=2023-06-13T02:41:20.733996+00:00
[2023-06-13T02:41:20.851+0000] {processor.py:179} INFO - Processing /home/airflow/.local/lib/python3.7/site-packages/airflow/example_dags/example_latest_only_with_trigger.py took 0.426 seconds
[2023-06-13T02:41:51.452+0000] {processor.py:157} INFO - Started process (PID=1113) to work on /home/airflow/.local/lib/python3.7/site-packages/airflow/example_dags/example_latest_only_with_trigger.py
[2023-06-13T02:41:51.456+0000] {processor.py:826} INFO - Processing file /home/airflow/.local/lib/python3.7/site-packages/airflow/example_dags/example_latest_only_with_trigger.py for tasks to queue
[2023-06-13T02:41:51.461+0000] {logging_mixin.py:149} INFO - [2023-06-13T02:41:51.460+0000] {dagbag.py:541} INFO - Filling up the DagBag from /home/airflow/.local/lib/python3.7/site-packages/airflow/example_dags/example_latest_only_with_trigger.py
[2023-06-13T02:41:51.480+0000] {processor.py:836} INFO - DAG(s) dict_keys(['latest_only_with_trigger']) retrieved from /home/airflow/.local/lib/python3.7/site-packages/airflow/example_dags/example_latest_only_with_trigger.py
[2023-06-13T02:41:51.580+0000] {logging_mixin.py:149} INFO - [2023-06-13T02:41:51.579+0000] {dag.py:2726} INFO - Sync 1 DAGs
[2023-06-13T02:41:51.694+0000] {logging_mixin.py:149} INFO - [2023-06-13T02:41:51.693+0000] {dag.py:3490} INFO - Setting next_dagrun for latest_only_with_trigger to 2023-06-12T22:41:51.692892+00:00, run_after=2023-06-13T02:41:51.692892+00:00
[2023-06-13T02:41:51.782+0000] {processor.py:179} INFO - Processing /home/airflow/.local/lib/python3.7/site-packages/airflow/example_dags/example_latest_only_with_trigger.py took 0.338 seconds
[2023-06-13T02:42:22.570+0000] {processor.py:157} INFO - Started process (PID=1173) to work on /home/airflow/.local/lib/python3.7/site-packages/airflow/example_dags/example_latest_only_with_trigger.py
[2023-06-13T02:42:22.573+0000] {processor.py:826} INFO - Processing file /home/airflow/.local/lib/python3.7/site-packages/airflow/example_dags/example_latest_only_with_trigger.py for tasks to queue
[2023-06-13T02:42:22.576+0000] {logging_mixin.py:149} INFO - [2023-06-13T02:42:22.576+0000] {dagbag.py:541} INFO - Filling up the DagBag from /home/airflow/.local/lib/python3.7/site-packages/airflow/example_dags/example_latest_only_with_trigger.py
[2023-06-13T02:42:22.597+0000] {processor.py:836} INFO - DAG(s) dict_keys(['latest_only_with_trigger']) retrieved from /home/airflow/.local/lib/python3.7/site-packages/airflow/example_dags/example_latest_only_with_trigger.py
[2023-06-13T02:42:22.683+0000] {logging_mixin.py:149} INFO - [2023-06-13T02:42:22.682+0000] {dag.py:2726} INFO - Sync 1 DAGs
[2023-06-13T02:42:22.753+0000] {logging_mixin.py:149} INFO - [2023-06-13T02:42:22.752+0000] {dag.py:3490} INFO - Setting next_dagrun for latest_only_with_trigger to 2023-06-12T22:42:22.752129+00:00, run_after=2023-06-13T02:42:22.752129+00:00
[2023-06-13T02:42:22.815+0000] {processor.py:179} INFO - Processing /home/airflow/.local/lib/python3.7/site-packages/airflow/example_dags/example_latest_only_with_trigger.py took 0.256 seconds
[2023-06-13T02:42:56.292+0000] {processor.py:157} INFO - Started process (PID=1240) to work on /home/airflow/.local/lib/python3.7/site-packages/airflow/example_dags/example_latest_only_with_trigger.py
[2023-06-13T02:42:56.295+0000] {processor.py:826} INFO - Processing file /home/airflow/.local/lib/python3.7/site-packages/airflow/example_dags/example_latest_only_with_trigger.py for tasks to queue
[2023-06-13T02:42:56.298+0000] {logging_mixin.py:149} INFO - [2023-06-13T02:42:56.297+0000] {dagbag.py:541} INFO - Filling up the DagBag from /home/airflow/.local/lib/python3.7/site-packages/airflow/example_dags/example_latest_only_with_trigger.py
[2023-06-13T02:42:56.316+0000] {processor.py:836} INFO - DAG(s) dict_keys(['latest_only_with_trigger']) retrieved from /home/airflow/.local/lib/python3.7/site-packages/airflow/example_dags/example_latest_only_with_trigger.py
[2023-06-13T02:42:56.394+0000] {logging_mixin.py:149} INFO - [2023-06-13T02:42:56.394+0000] {dag.py:2726} INFO - Sync 1 DAGs
[2023-06-13T02:42:56.519+0000] {logging_mixin.py:149} INFO - [2023-06-13T02:42:56.518+0000] {dag.py:3490} INFO - Setting next_dagrun for latest_only_with_trigger to 2023-06-12T22:42:56.515507+00:00, run_after=2023-06-13T02:42:56.515507+00:00
[2023-06-13T02:42:56.636+0000] {processor.py:179} INFO - Processing /home/airflow/.local/lib/python3.7/site-packages/airflow/example_dags/example_latest_only_with_trigger.py took 0.351 seconds
[2023-06-13T02:43:27.207+0000] {processor.py:157} INFO - Started process (PID=1300) to work on /home/airflow/.local/lib/python3.7/site-packages/airflow/example_dags/example_latest_only_with_trigger.py
[2023-06-13T02:43:27.210+0000] {processor.py:826} INFO - Processing file /home/airflow/.local/lib/python3.7/site-packages/airflow/example_dags/example_latest_only_with_trigger.py for tasks to queue
[2023-06-13T02:43:27.213+0000] {logging_mixin.py:149} INFO - [2023-06-13T02:43:27.213+0000] {dagbag.py:541} INFO - Filling up the DagBag from /home/airflow/.local/lib/python3.7/site-packages/airflow/example_dags/example_latest_only_with_trigger.py
[2023-06-13T02:43:27.231+0000] {processor.py:836} INFO - DAG(s) dict_keys(['latest_only_with_trigger']) retrieved from /home/airflow/.local/lib/python3.7/site-packages/airflow/example_dags/example_latest_only_with_trigger.py
[2023-06-13T02:43:27.331+0000] {logging_mixin.py:149} INFO - [2023-06-13T02:43:27.330+0000] {dag.py:2726} INFO - Sync 1 DAGs
[2023-06-13T02:43:27.417+0000] {logging_mixin.py:149} INFO - [2023-06-13T02:43:27.416+0000] {dag.py:3490} INFO - Setting next_dagrun for latest_only_with_trigger to 2023-06-12T22:43:27.416249+00:00, run_after=2023-06-13T02:43:27.416249+00:00
[2023-06-13T02:43:27.500+0000] {processor.py:179} INFO - Processing /home/airflow/.local/lib/python3.7/site-packages/airflow/example_dags/example_latest_only_with_trigger.py took 0.300 seconds
[2023-06-13T02:43:58.244+0000] {processor.py:157} INFO - Started process (PID=1360) to work on /home/airflow/.local/lib/python3.7/site-packages/airflow/example_dags/example_latest_only_with_trigger.py
[2023-06-13T02:43:58.249+0000] {processor.py:826} INFO - Processing file /home/airflow/.local/lib/python3.7/site-packages/airflow/example_dags/example_latest_only_with_trigger.py for tasks to queue
[2023-06-13T02:43:58.252+0000] {logging_mixin.py:149} INFO - [2023-06-13T02:43:58.252+0000] {dagbag.py:541} INFO - Filling up the DagBag from /home/airflow/.local/lib/python3.7/site-packages/airflow/example_dags/example_latest_only_with_trigger.py
[2023-06-13T02:43:58.268+0000] {processor.py:836} INFO - DAG(s) dict_keys(['latest_only_with_trigger']) retrieved from /home/airflow/.local/lib/python3.7/site-packages/airflow/example_dags/example_latest_only_with_trigger.py
[2023-06-13T02:43:58.357+0000] {logging_mixin.py:149} INFO - [2023-06-13T02:43:58.357+0000] {dag.py:2726} INFO - Sync 1 DAGs
[2023-06-13T02:43:58.437+0000] {logging_mixin.py:149} INFO - [2023-06-13T02:43:58.437+0000] {dag.py:3490} INFO - Setting next_dagrun for latest_only_with_trigger to 2023-06-12T22:43:58.436088+00:00, run_after=2023-06-13T02:43:58.436088+00:00
[2023-06-13T02:43:58.504+0000] {processor.py:179} INFO - Processing /home/airflow/.local/lib/python3.7/site-packages/airflow/example_dags/example_latest_only_with_trigger.py took 0.270 seconds
[2023-06-13T02:44:29.188+0000] {processor.py:157} INFO - Started process (PID=1421) to work on /home/airflow/.local/lib/python3.7/site-packages/airflow/example_dags/example_latest_only_with_trigger.py
[2023-06-13T02:44:29.192+0000] {processor.py:826} INFO - Processing file /home/airflow/.local/lib/python3.7/site-packages/airflow/example_dags/example_latest_only_with_trigger.py for tasks to queue
[2023-06-13T02:44:29.195+0000] {logging_mixin.py:149} INFO - [2023-06-13T02:44:29.194+0000] {dagbag.py:541} INFO - Filling up the DagBag from /home/airflow/.local/lib/python3.7/site-packages/airflow/example_dags/example_latest_only_with_trigger.py
[2023-06-13T02:44:29.214+0000] {processor.py:836} INFO - DAG(s) dict_keys(['latest_only_with_trigger']) retrieved from /home/airflow/.local/lib/python3.7/site-packages/airflow/example_dags/example_latest_only_with_trigger.py
[2023-06-13T02:44:29.305+0000] {logging_mixin.py:149} INFO - [2023-06-13T02:44:29.304+0000] {dag.py:2726} INFO - Sync 1 DAGs
[2023-06-13T02:44:29.390+0000] {logging_mixin.py:149} INFO - [2023-06-13T02:44:29.389+0000] {dag.py:3490} INFO - Setting next_dagrun for latest_only_with_trigger to 2023-06-12T22:44:29.389037+00:00, run_after=2023-06-13T02:44:29.389037+00:00
[2023-06-13T02:44:29.470+0000] {processor.py:179} INFO - Processing /home/airflow/.local/lib/python3.7/site-packages/airflow/example_dags/example_latest_only_with_trigger.py took 0.297 seconds
