[2023-06-13T01:50:00.414+0000] {processor.py:157} INFO - Started process (PID=56) to work on /home/airflow/.local/lib/python3.7/site-packages/airflow/example_dags/example_sla_dag.py
[2023-06-13T01:50:00.415+0000] {processor.py:826} INFO - Processing file /home/airflow/.local/lib/python3.7/site-packages/airflow/example_dags/example_sla_dag.py for tasks to queue
[2023-06-13T01:50:00.417+0000] {logging_mixin.py:149} INFO - [2023-06-13T01:50:00.417+0000] {dagbag.py:541} INFO - Filling up the DagBag from /home/airflow/.local/lib/python3.7/site-packages/airflow/example_dags/example_sla_dag.py
[2023-06-13T01:50:00.438+0000] {processor.py:836} INFO - DAG(s) dict_keys(['example_sla_dag']) retrieved from /home/airflow/.local/lib/python3.7/site-packages/airflow/example_dags/example_sla_dag.py
[2023-06-13T01:50:00.460+0000] {logging_mixin.py:149} INFO - [2023-06-13T01:50:00.459+0000] {dag.py:2726} INFO - Sync 1 DAGs
[2023-06-13T01:50:00.519+0000] {logging_mixin.py:149} INFO - [2023-06-13T01:50:00.519+0000] {dag.py:3490} INFO - Setting next_dagrun for example_sla_dag to 2023-06-13T01:48:00+00:00, run_after=2023-06-13T01:50:00+00:00
[2023-06-13T01:50:00.567+0000] {processor.py:179} INFO - Processing /home/airflow/.local/lib/python3.7/site-packages/airflow/example_dags/example_sla_dag.py took 0.158 seconds
[2023-06-13T01:50:30.791+0000] {processor.py:157} INFO - Started process (PID=116) to work on /home/airflow/.local/lib/python3.7/site-packages/airflow/example_dags/example_sla_dag.py
[2023-06-13T01:50:30.793+0000] {processor.py:826} INFO - Processing file /home/airflow/.local/lib/python3.7/site-packages/airflow/example_dags/example_sla_dag.py for tasks to queue
[2023-06-13T01:50:30.795+0000] {logging_mixin.py:149} INFO - [2023-06-13T01:50:30.794+0000] {dagbag.py:541} INFO - Filling up the DagBag from /home/airflow/.local/lib/python3.7/site-packages/airflow/example_dags/example_sla_dag.py
[2023-06-13T01:50:30.806+0000] {processor.py:836} INFO - DAG(s) dict_keys(['example_sla_dag']) retrieved from /home/airflow/.local/lib/python3.7/site-packages/airflow/example_dags/example_sla_dag.py
[2023-06-13T01:50:30.843+0000] {logging_mixin.py:149} INFO - [2023-06-13T01:50:30.843+0000] {dag.py:2726} INFO - Sync 1 DAGs
[2023-06-13T01:50:30.892+0000] {logging_mixin.py:149} INFO - [2023-06-13T01:50:30.891+0000] {dag.py:3490} INFO - Setting next_dagrun for example_sla_dag to 2023-06-13T01:48:00+00:00, run_after=2023-06-13T01:50:00+00:00
[2023-06-13T01:50:30.931+0000] {processor.py:179} INFO - Processing /home/airflow/.local/lib/python3.7/site-packages/airflow/example_dags/example_sla_dag.py took 0.143 seconds
[2023-06-13T01:51:02.193+0000] {processor.py:157} INFO - Started process (PID=176) to work on /home/airflow/.local/lib/python3.7/site-packages/airflow/example_dags/example_sla_dag.py
[2023-06-13T01:51:02.195+0000] {processor.py:826} INFO - Processing file /home/airflow/.local/lib/python3.7/site-packages/airflow/example_dags/example_sla_dag.py for tasks to queue
[2023-06-13T01:51:02.197+0000] {logging_mixin.py:149} INFO - [2023-06-13T01:51:02.196+0000] {dagbag.py:541} INFO - Filling up the DagBag from /home/airflow/.local/lib/python3.7/site-packages/airflow/example_dags/example_sla_dag.py
[2023-06-13T01:51:02.208+0000] {processor.py:836} INFO - DAG(s) dict_keys(['example_sla_dag']) retrieved from /home/airflow/.local/lib/python3.7/site-packages/airflow/example_dags/example_sla_dag.py
[2023-06-13T01:51:02.249+0000] {logging_mixin.py:149} INFO - [2023-06-13T01:51:02.248+0000] {dag.py:2726} INFO - Sync 1 DAGs
[2023-06-13T01:51:02.303+0000] {logging_mixin.py:149} INFO - [2023-06-13T01:51:02.303+0000] {dag.py:3490} INFO - Setting next_dagrun for example_sla_dag to 2023-06-13T01:48:00+00:00, run_after=2023-06-13T01:50:00+00:00
[2023-06-13T01:51:02.344+0000] {processor.py:179} INFO - Processing /home/airflow/.local/lib/python3.7/site-packages/airflow/example_dags/example_sla_dag.py took 0.155 seconds
[2023-06-13T01:51:32.827+0000] {processor.py:157} INFO - Started process (PID=236) to work on /home/airflow/.local/lib/python3.7/site-packages/airflow/example_dags/example_sla_dag.py
[2023-06-13T01:51:32.828+0000] {processor.py:826} INFO - Processing file /home/airflow/.local/lib/python3.7/site-packages/airflow/example_dags/example_sla_dag.py for tasks to queue
[2023-06-13T01:51:32.830+0000] {logging_mixin.py:149} INFO - [2023-06-13T01:51:32.829+0000] {dagbag.py:541} INFO - Filling up the DagBag from /home/airflow/.local/lib/python3.7/site-packages/airflow/example_dags/example_sla_dag.py
[2023-06-13T01:51:32.839+0000] {processor.py:836} INFO - DAG(s) dict_keys(['example_sla_dag']) retrieved from /home/airflow/.local/lib/python3.7/site-packages/airflow/example_dags/example_sla_dag.py
[2023-06-13T01:51:32.868+0000] {logging_mixin.py:149} INFO - [2023-06-13T01:51:32.867+0000] {dag.py:2726} INFO - Sync 1 DAGs
[2023-06-13T01:51:32.911+0000] {logging_mixin.py:149} INFO - [2023-06-13T01:51:32.910+0000] {dag.py:3490} INFO - Setting next_dagrun for example_sla_dag to 2023-06-13T01:48:00+00:00, run_after=2023-06-13T01:50:00+00:00
[2023-06-13T01:51:32.943+0000] {processor.py:179} INFO - Processing /home/airflow/.local/lib/python3.7/site-packages/airflow/example_dags/example_sla_dag.py took 0.119 seconds
[2023-06-13T01:53:53.531+0000] {processor.py:157} INFO - Started process (PID=63) to work on /home/airflow/.local/lib/python3.7/site-packages/airflow/example_dags/example_sla_dag.py
[2023-06-13T01:53:53.535+0000] {processor.py:826} INFO - Processing file /home/airflow/.local/lib/python3.7/site-packages/airflow/example_dags/example_sla_dag.py for tasks to queue
[2023-06-13T01:53:53.537+0000] {logging_mixin.py:149} INFO - [2023-06-13T01:53:53.537+0000] {dagbag.py:541} INFO - Filling up the DagBag from /home/airflow/.local/lib/python3.7/site-packages/airflow/example_dags/example_sla_dag.py
[2023-06-13T01:53:53.570+0000] {processor.py:836} INFO - DAG(s) dict_keys(['example_sla_dag']) retrieved from /home/airflow/.local/lib/python3.7/site-packages/airflow/example_dags/example_sla_dag.py
[2023-06-13T01:53:53.690+0000] {logging_mixin.py:149} INFO - [2023-06-13T01:53:53.689+0000] {dag.py:2726} INFO - Sync 1 DAGs
[2023-06-13T01:53:53.804+0000] {logging_mixin.py:149} INFO - [2023-06-13T01:53:53.802+0000] {dag.py:3490} INFO - Setting next_dagrun for example_sla_dag to 2023-06-13T01:50:00+00:00, run_after=2023-06-13T01:52:00+00:00
[2023-06-13T01:53:53.882+0000] {processor.py:179} INFO - Processing /home/airflow/.local/lib/python3.7/site-packages/airflow/example_dags/example_sla_dag.py took 0.358 seconds
[2023-06-13T01:54:24.465+0000] {processor.py:157} INFO - Started process (PID=124) to work on /home/airflow/.local/lib/python3.7/site-packages/airflow/example_dags/example_sla_dag.py
[2023-06-13T01:54:24.467+0000] {processor.py:826} INFO - Processing file /home/airflow/.local/lib/python3.7/site-packages/airflow/example_dags/example_sla_dag.py for tasks to queue
[2023-06-13T01:54:24.468+0000] {logging_mixin.py:149} INFO - [2023-06-13T01:54:24.468+0000] {dagbag.py:541} INFO - Filling up the DagBag from /home/airflow/.local/lib/python3.7/site-packages/airflow/example_dags/example_sla_dag.py
[2023-06-13T01:54:24.482+0000] {processor.py:836} INFO - DAG(s) dict_keys(['example_sla_dag']) retrieved from /home/airflow/.local/lib/python3.7/site-packages/airflow/example_dags/example_sla_dag.py
[2023-06-13T01:54:24.536+0000] {logging_mixin.py:149} INFO - [2023-06-13T01:54:24.536+0000] {dag.py:2726} INFO - Sync 1 DAGs
[2023-06-13T01:54:24.615+0000] {logging_mixin.py:149} INFO - [2023-06-13T01:54:24.615+0000] {dag.py:3490} INFO - Setting next_dagrun for example_sla_dag to 2023-06-13T01:52:00+00:00, run_after=2023-06-13T01:54:00+00:00
[2023-06-13T01:54:24.674+0000] {processor.py:179} INFO - Processing /home/airflow/.local/lib/python3.7/site-packages/airflow/example_dags/example_sla_dag.py took 0.213 seconds
[2023-06-13T01:54:55.455+0000] {processor.py:157} INFO - Started process (PID=184) to work on /home/airflow/.local/lib/python3.7/site-packages/airflow/example_dags/example_sla_dag.py
[2023-06-13T01:54:55.456+0000] {processor.py:826} INFO - Processing file /home/airflow/.local/lib/python3.7/site-packages/airflow/example_dags/example_sla_dag.py for tasks to queue
[2023-06-13T01:54:55.458+0000] {logging_mixin.py:149} INFO - [2023-06-13T01:54:55.458+0000] {dagbag.py:541} INFO - Filling up the DagBag from /home/airflow/.local/lib/python3.7/site-packages/airflow/example_dags/example_sla_dag.py
[2023-06-13T01:54:55.470+0000] {processor.py:836} INFO - DAG(s) dict_keys(['example_sla_dag']) retrieved from /home/airflow/.local/lib/python3.7/site-packages/airflow/example_dags/example_sla_dag.py
[2023-06-13T01:54:55.506+0000] {logging_mixin.py:149} INFO - [2023-06-13T01:54:55.506+0000] {dag.py:2726} INFO - Sync 1 DAGs
[2023-06-13T01:54:55.552+0000] {logging_mixin.py:149} INFO - [2023-06-13T01:54:55.552+0000] {dag.py:3490} INFO - Setting next_dagrun for example_sla_dag to 2023-06-13T01:52:00+00:00, run_after=2023-06-13T01:54:00+00:00
[2023-06-13T01:54:55.603+0000] {processor.py:179} INFO - Processing /home/airflow/.local/lib/python3.7/site-packages/airflow/example_dags/example_sla_dag.py took 0.151 seconds
[2023-06-13T01:55:25.647+0000] {processor.py:157} INFO - Started process (PID=245) to work on /home/airflow/.local/lib/python3.7/site-packages/airflow/example_dags/example_sla_dag.py
[2023-06-13T01:55:25.649+0000] {processor.py:826} INFO - Processing file /home/airflow/.local/lib/python3.7/site-packages/airflow/example_dags/example_sla_dag.py for tasks to queue
[2023-06-13T01:55:25.650+0000] {logging_mixin.py:149} INFO - [2023-06-13T01:55:25.650+0000] {dagbag.py:541} INFO - Filling up the DagBag from /home/airflow/.local/lib/python3.7/site-packages/airflow/example_dags/example_sla_dag.py
[2023-06-13T01:55:25.661+0000] {processor.py:836} INFO - DAG(s) dict_keys(['example_sla_dag']) retrieved from /home/airflow/.local/lib/python3.7/site-packages/airflow/example_dags/example_sla_dag.py
[2023-06-13T01:55:25.695+0000] {logging_mixin.py:149} INFO - [2023-06-13T01:55:25.695+0000] {dag.py:2726} INFO - Sync 1 DAGs
[2023-06-13T01:55:25.746+0000] {logging_mixin.py:149} INFO - [2023-06-13T01:55:25.746+0000] {dag.py:3490} INFO - Setting next_dagrun for example_sla_dag to 2023-06-13T01:52:00+00:00, run_after=2023-06-13T01:54:00+00:00
[2023-06-13T01:55:25.783+0000] {processor.py:179} INFO - Processing /home/airflow/.local/lib/python3.7/site-packages/airflow/example_dags/example_sla_dag.py took 0.139 seconds
[2023-06-13T01:55:56.094+0000] {processor.py:157} INFO - Started process (PID=305) to work on /home/airflow/.local/lib/python3.7/site-packages/airflow/example_dags/example_sla_dag.py
[2023-06-13T01:55:56.095+0000] {processor.py:826} INFO - Processing file /home/airflow/.local/lib/python3.7/site-packages/airflow/example_dags/example_sla_dag.py for tasks to queue
[2023-06-13T01:55:56.097+0000] {logging_mixin.py:149} INFO - [2023-06-13T01:55:56.097+0000] {dagbag.py:541} INFO - Filling up the DagBag from /home/airflow/.local/lib/python3.7/site-packages/airflow/example_dags/example_sla_dag.py
[2023-06-13T01:55:56.108+0000] {processor.py:836} INFO - DAG(s) dict_keys(['example_sla_dag']) retrieved from /home/airflow/.local/lib/python3.7/site-packages/airflow/example_dags/example_sla_dag.py
[2023-06-13T01:55:56.140+0000] {logging_mixin.py:149} INFO - [2023-06-13T01:55:56.140+0000] {dag.py:2726} INFO - Sync 1 DAGs
[2023-06-13T01:55:56.185+0000] {logging_mixin.py:149} INFO - [2023-06-13T01:55:56.185+0000] {dag.py:3490} INFO - Setting next_dagrun for example_sla_dag to 2023-06-13T01:52:00+00:00, run_after=2023-06-13T01:54:00+00:00
[2023-06-13T01:55:56.215+0000] {processor.py:179} INFO - Processing /home/airflow/.local/lib/python3.7/site-packages/airflow/example_dags/example_sla_dag.py took 0.125 seconds
[2023-06-13T01:56:26.437+0000] {processor.py:157} INFO - Started process (PID=365) to work on /home/airflow/.local/lib/python3.7/site-packages/airflow/example_dags/example_sla_dag.py
[2023-06-13T01:56:26.438+0000] {processor.py:826} INFO - Processing file /home/airflow/.local/lib/python3.7/site-packages/airflow/example_dags/example_sla_dag.py for tasks to queue
[2023-06-13T01:56:26.439+0000] {logging_mixin.py:149} INFO - [2023-06-13T01:56:26.439+0000] {dagbag.py:541} INFO - Filling up the DagBag from /home/airflow/.local/lib/python3.7/site-packages/airflow/example_dags/example_sla_dag.py
[2023-06-13T01:56:26.450+0000] {processor.py:836} INFO - DAG(s) dict_keys(['example_sla_dag']) retrieved from /home/airflow/.local/lib/python3.7/site-packages/airflow/example_dags/example_sla_dag.py
[2023-06-13T01:56:26.483+0000] {logging_mixin.py:149} INFO - [2023-06-13T01:56:26.482+0000] {dag.py:2726} INFO - Sync 1 DAGs
[2023-06-13T01:56:26.525+0000] {logging_mixin.py:149} INFO - [2023-06-13T01:56:26.525+0000] {dag.py:3490} INFO - Setting next_dagrun for example_sla_dag to 2023-06-13T01:54:00+00:00, run_after=2023-06-13T01:56:00+00:00
[2023-06-13T01:56:26.557+0000] {processor.py:179} INFO - Processing /home/airflow/.local/lib/python3.7/site-packages/airflow/example_dags/example_sla_dag.py took 0.124 seconds
[2023-06-13T01:56:56.966+0000] {processor.py:157} INFO - Started process (PID=426) to work on /home/airflow/.local/lib/python3.7/site-packages/airflow/example_dags/example_sla_dag.py
[2023-06-13T01:56:56.967+0000] {processor.py:826} INFO - Processing file /home/airflow/.local/lib/python3.7/site-packages/airflow/example_dags/example_sla_dag.py for tasks to queue
[2023-06-13T01:56:56.969+0000] {logging_mixin.py:149} INFO - [2023-06-13T01:56:56.968+0000] {dagbag.py:541} INFO - Filling up the DagBag from /home/airflow/.local/lib/python3.7/site-packages/airflow/example_dags/example_sla_dag.py
[2023-06-13T01:56:56.979+0000] {processor.py:836} INFO - DAG(s) dict_keys(['example_sla_dag']) retrieved from /home/airflow/.local/lib/python3.7/site-packages/airflow/example_dags/example_sla_dag.py
[2023-06-13T01:56:57.015+0000] {logging_mixin.py:149} INFO - [2023-06-13T01:56:57.015+0000] {dag.py:2726} INFO - Sync 1 DAGs
[2023-06-13T01:56:57.060+0000] {logging_mixin.py:149} INFO - [2023-06-13T01:56:57.060+0000] {dag.py:3490} INFO - Setting next_dagrun for example_sla_dag to 2023-06-13T01:54:00+00:00, run_after=2023-06-13T01:56:00+00:00
[2023-06-13T01:56:57.098+0000] {processor.py:179} INFO - Processing /home/airflow/.local/lib/python3.7/site-packages/airflow/example_dags/example_sla_dag.py took 0.136 seconds
[2023-06-13T01:57:27.979+0000] {processor.py:157} INFO - Started process (PID=486) to work on /home/airflow/.local/lib/python3.7/site-packages/airflow/example_dags/example_sla_dag.py
[2023-06-13T01:57:27.980+0000] {processor.py:826} INFO - Processing file /home/airflow/.local/lib/python3.7/site-packages/airflow/example_dags/example_sla_dag.py for tasks to queue
[2023-06-13T01:57:27.981+0000] {logging_mixin.py:149} INFO - [2023-06-13T01:57:27.981+0000] {dagbag.py:541} INFO - Filling up the DagBag from /home/airflow/.local/lib/python3.7/site-packages/airflow/example_dags/example_sla_dag.py
[2023-06-13T01:57:27.993+0000] {processor.py:836} INFO - DAG(s) dict_keys(['example_sla_dag']) retrieved from /home/airflow/.local/lib/python3.7/site-packages/airflow/example_dags/example_sla_dag.py
[2023-06-13T01:57:28.030+0000] {logging_mixin.py:149} INFO - [2023-06-13T01:57:28.029+0000] {dag.py:2726} INFO - Sync 1 DAGs
[2023-06-13T01:57:28.082+0000] {logging_mixin.py:149} INFO - [2023-06-13T01:57:28.081+0000] {dag.py:3490} INFO - Setting next_dagrun for example_sla_dag to 2023-06-13T01:54:00+00:00, run_after=2023-06-13T01:56:00+00:00
[2023-06-13T01:57:28.121+0000] {processor.py:179} INFO - Processing /home/airflow/.local/lib/python3.7/site-packages/airflow/example_dags/example_sla_dag.py took 0.146 seconds
[2023-06-13T01:57:58.659+0000] {processor.py:157} INFO - Started process (PID=546) to work on /home/airflow/.local/lib/python3.7/site-packages/airflow/example_dags/example_sla_dag.py
[2023-06-13T01:57:58.661+0000] {processor.py:826} INFO - Processing file /home/airflow/.local/lib/python3.7/site-packages/airflow/example_dags/example_sla_dag.py for tasks to queue
[2023-06-13T01:57:58.663+0000] {logging_mixin.py:149} INFO - [2023-06-13T01:57:58.662+0000] {dagbag.py:541} INFO - Filling up the DagBag from /home/airflow/.local/lib/python3.7/site-packages/airflow/example_dags/example_sla_dag.py
[2023-06-13T01:57:58.674+0000] {processor.py:836} INFO - DAG(s) dict_keys(['example_sla_dag']) retrieved from /home/airflow/.local/lib/python3.7/site-packages/airflow/example_dags/example_sla_dag.py
[2023-06-13T01:57:58.695+0000] {logging_mixin.py:149} INFO - [2023-06-13T01:57:58.695+0000] {dag.py:2726} INFO - Sync 1 DAGs
[2023-06-13T01:57:58.741+0000] {logging_mixin.py:149} INFO - [2023-06-13T01:57:58.741+0000] {dag.py:3490} INFO - Setting next_dagrun for example_sla_dag to 2023-06-13T01:54:00+00:00, run_after=2023-06-13T01:56:00+00:00
[2023-06-13T01:57:58.778+0000] {processor.py:179} INFO - Processing /home/airflow/.local/lib/python3.7/site-packages/airflow/example_dags/example_sla_dag.py took 0.123 seconds
[2023-06-13T01:58:28.865+0000] {processor.py:157} INFO - Started process (PID=606) to work on /home/airflow/.local/lib/python3.7/site-packages/airflow/example_dags/example_sla_dag.py
[2023-06-13T01:58:28.867+0000] {processor.py:826} INFO - Processing file /home/airflow/.local/lib/python3.7/site-packages/airflow/example_dags/example_sla_dag.py for tasks to queue
[2023-06-13T01:58:28.869+0000] {logging_mixin.py:149} INFO - [2023-06-13T01:58:28.868+0000] {dagbag.py:541} INFO - Filling up the DagBag from /home/airflow/.local/lib/python3.7/site-packages/airflow/example_dags/example_sla_dag.py
[2023-06-13T01:58:28.884+0000] {processor.py:836} INFO - DAG(s) dict_keys(['example_sla_dag']) retrieved from /home/airflow/.local/lib/python3.7/site-packages/airflow/example_dags/example_sla_dag.py
[2023-06-13T01:58:28.929+0000] {logging_mixin.py:149} INFO - [2023-06-13T01:58:28.929+0000] {dag.py:2726} INFO - Sync 1 DAGs
[2023-06-13T01:58:28.984+0000] {logging_mixin.py:149} INFO - [2023-06-13T01:58:28.984+0000] {dag.py:3490} INFO - Setting next_dagrun for example_sla_dag to 2023-06-13T01:56:00+00:00, run_after=2023-06-13T01:58:00+00:00
[2023-06-13T01:58:29.029+0000] {processor.py:179} INFO - Processing /home/airflow/.local/lib/python3.7/site-packages/airflow/example_dags/example_sla_dag.py took 0.168 seconds
[2023-06-13T01:58:59.072+0000] {processor.py:157} INFO - Started process (PID=665) to work on /home/airflow/.local/lib/python3.7/site-packages/airflow/example_dags/example_sla_dag.py
[2023-06-13T01:58:59.073+0000] {processor.py:826} INFO - Processing file /home/airflow/.local/lib/python3.7/site-packages/airflow/example_dags/example_sla_dag.py for tasks to queue
[2023-06-13T01:58:59.074+0000] {logging_mixin.py:149} INFO - [2023-06-13T01:58:59.074+0000] {dagbag.py:541} INFO - Filling up the DagBag from /home/airflow/.local/lib/python3.7/site-packages/airflow/example_dags/example_sla_dag.py
[2023-06-13T01:58:59.086+0000] {processor.py:836} INFO - DAG(s) dict_keys(['example_sla_dag']) retrieved from /home/airflow/.local/lib/python3.7/site-packages/airflow/example_dags/example_sla_dag.py
[2023-06-13T01:58:59.116+0000] {logging_mixin.py:149} INFO - [2023-06-13T01:58:59.116+0000] {dag.py:2726} INFO - Sync 1 DAGs
[2023-06-13T01:58:59.162+0000] {logging_mixin.py:149} INFO - [2023-06-13T01:58:59.162+0000] {dag.py:3490} INFO - Setting next_dagrun for example_sla_dag to 2023-06-13T01:56:00+00:00, run_after=2023-06-13T01:58:00+00:00
[2023-06-13T01:58:59.191+0000] {processor.py:179} INFO - Processing /home/airflow/.local/lib/python3.7/site-packages/airflow/example_dags/example_sla_dag.py took 0.123 seconds
[2023-06-13T01:59:29.639+0000] {processor.py:157} INFO - Started process (PID=726) to work on /home/airflow/.local/lib/python3.7/site-packages/airflow/example_dags/example_sla_dag.py
[2023-06-13T01:59:29.640+0000] {processor.py:826} INFO - Processing file /home/airflow/.local/lib/python3.7/site-packages/airflow/example_dags/example_sla_dag.py for tasks to queue
[2023-06-13T01:59:29.641+0000] {logging_mixin.py:149} INFO - [2023-06-13T01:59:29.641+0000] {dagbag.py:541} INFO - Filling up the DagBag from /home/airflow/.local/lib/python3.7/site-packages/airflow/example_dags/example_sla_dag.py
[2023-06-13T01:59:29.653+0000] {processor.py:836} INFO - DAG(s) dict_keys(['example_sla_dag']) retrieved from /home/airflow/.local/lib/python3.7/site-packages/airflow/example_dags/example_sla_dag.py
[2023-06-13T01:59:29.686+0000] {logging_mixin.py:149} INFO - [2023-06-13T01:59:29.685+0000] {dag.py:2726} INFO - Sync 1 DAGs
[2023-06-13T01:59:29.725+0000] {logging_mixin.py:149} INFO - [2023-06-13T01:59:29.724+0000] {dag.py:3490} INFO - Setting next_dagrun for example_sla_dag to 2023-06-13T01:56:00+00:00, run_after=2023-06-13T01:58:00+00:00
[2023-06-13T01:59:29.757+0000] {processor.py:179} INFO - Processing /home/airflow/.local/lib/python3.7/site-packages/airflow/example_dags/example_sla_dag.py took 0.122 seconds
[2023-06-13T02:01:02.516+0000] {processor.py:157} INFO - Started process (PID=63) to work on /home/airflow/.local/lib/python3.7/site-packages/airflow/example_dags/example_sla_dag.py
[2023-06-13T02:01:02.521+0000] {processor.py:826} INFO - Processing file /home/airflow/.local/lib/python3.7/site-packages/airflow/example_dags/example_sla_dag.py for tasks to queue
[2023-06-13T02:01:02.524+0000] {logging_mixin.py:149} INFO - [2023-06-13T02:01:02.523+0000] {dagbag.py:541} INFO - Filling up the DagBag from /home/airflow/.local/lib/python3.7/site-packages/airflow/example_dags/example_sla_dag.py
[2023-06-13T02:01:02.563+0000] {processor.py:836} INFO - DAG(s) dict_keys(['example_sla_dag']) retrieved from /home/airflow/.local/lib/python3.7/site-packages/airflow/example_dags/example_sla_dag.py
[2023-06-13T02:01:02.668+0000] {logging_mixin.py:149} INFO - [2023-06-13T02:01:02.667+0000] {dag.py:2726} INFO - Sync 1 DAGs
[2023-06-13T02:01:02.782+0000] {logging_mixin.py:149} INFO - [2023-06-13T02:01:02.782+0000] {dag.py:3490} INFO - Setting next_dagrun for example_sla_dag to 2023-06-13T01:58:00+00:00, run_after=2023-06-13T02:00:00+00:00
[2023-06-13T02:01:02.861+0000] {processor.py:179} INFO - Processing /home/airflow/.local/lib/python3.7/site-packages/airflow/example_dags/example_sla_dag.py took 0.372 seconds
[2023-06-13T02:01:33.973+0000] {processor.py:157} INFO - Started process (PID=122) to work on /home/airflow/.local/lib/python3.7/site-packages/airflow/example_dags/example_sla_dag.py
[2023-06-13T02:01:33.976+0000] {processor.py:826} INFO - Processing file /home/airflow/.local/lib/python3.7/site-packages/airflow/example_dags/example_sla_dag.py for tasks to queue
[2023-06-13T02:01:33.979+0000] {logging_mixin.py:149} INFO - [2023-06-13T02:01:33.978+0000] {dagbag.py:541} INFO - Filling up the DagBag from /home/airflow/.local/lib/python3.7/site-packages/airflow/example_dags/example_sla_dag.py
[2023-06-13T02:01:34.005+0000] {processor.py:836} INFO - DAG(s) dict_keys(['example_sla_dag']) retrieved from /home/airflow/.local/lib/python3.7/site-packages/airflow/example_dags/example_sla_dag.py
[2023-06-13T02:01:34.078+0000] {logging_mixin.py:149} INFO - [2023-06-13T02:01:34.077+0000] {dag.py:2726} INFO - Sync 1 DAGs
[2023-06-13T02:01:34.177+0000] {logging_mixin.py:149} INFO - [2023-06-13T02:01:34.176+0000] {dag.py:3490} INFO - Setting next_dagrun for example_sla_dag to 2023-06-13T01:58:00+00:00, run_after=2023-06-13T02:00:00+00:00
[2023-06-13T02:01:34.229+0000] {processor.py:179} INFO - Processing /home/airflow/.local/lib/python3.7/site-packages/airflow/example_dags/example_sla_dag.py took 0.269 seconds
[2023-06-13T02:02:06.515+0000] {processor.py:157} INFO - Started process (PID=182) to work on /home/airflow/.local/lib/python3.7/site-packages/airflow/example_dags/example_sla_dag.py
[2023-06-13T02:02:06.519+0000] {processor.py:826} INFO - Processing file /home/airflow/.local/lib/python3.7/site-packages/airflow/example_dags/example_sla_dag.py for tasks to queue
[2023-06-13T02:02:06.523+0000] {logging_mixin.py:149} INFO - [2023-06-13T02:02:06.523+0000] {dagbag.py:541} INFO - Filling up the DagBag from /home/airflow/.local/lib/python3.7/site-packages/airflow/example_dags/example_sla_dag.py
[2023-06-13T02:02:06.623+0000] {processor.py:836} INFO - DAG(s) dict_keys(['example_sla_dag']) retrieved from /home/airflow/.local/lib/python3.7/site-packages/airflow/example_dags/example_sla_dag.py
[2023-06-13T02:02:06.822+0000] {logging_mixin.py:149} INFO - [2023-06-13T02:02:06.821+0000] {dag.py:2726} INFO - Sync 1 DAGs
[2023-06-13T02:02:07.221+0000] {logging_mixin.py:149} INFO - [2023-06-13T02:02:07.220+0000] {dag.py:3490} INFO - Setting next_dagrun for example_sla_dag to 2023-06-13T02:00:00+00:00, run_after=2023-06-13T02:02:00+00:00
[2023-06-13T02:02:07.428+0000] {processor.py:179} INFO - Processing /home/airflow/.local/lib/python3.7/site-packages/airflow/example_dags/example_sla_dag.py took 0.920 seconds
[2023-06-13T02:32:26.861+0000] {processor.py:157} INFO - Started process (PID=68) to work on /home/airflow/.local/lib/python3.7/site-packages/airflow/example_dags/example_sla_dag.py
[2023-06-13T02:32:26.866+0000] {processor.py:826} INFO - Processing file /home/airflow/.local/lib/python3.7/site-packages/airflow/example_dags/example_sla_dag.py for tasks to queue
[2023-06-13T02:32:26.870+0000] {logging_mixin.py:149} INFO - [2023-06-13T02:32:26.869+0000] {dagbag.py:541} INFO - Filling up the DagBag from /home/airflow/.local/lib/python3.7/site-packages/airflow/example_dags/example_sla_dag.py
[2023-06-13T02:32:26.918+0000] {processor.py:836} INFO - DAG(s) dict_keys(['example_sla_dag']) retrieved from /home/airflow/.local/lib/python3.7/site-packages/airflow/example_dags/example_sla_dag.py
[2023-06-13T02:32:27.036+0000] {logging_mixin.py:149} INFO - [2023-06-13T02:32:27.036+0000] {dag.py:2726} INFO - Sync 1 DAGs
[2023-06-13T02:32:27.316+0000] {logging_mixin.py:149} INFO - [2023-06-13T02:32:27.309+0000] {dag.py:3490} INFO - Setting next_dagrun for example_sla_dag to 2023-06-13T02:30:00+00:00, run_after=2023-06-13T02:32:00+00:00
[2023-06-13T02:32:27.482+0000] {processor.py:179} INFO - Processing /home/airflow/.local/lib/python3.7/site-packages/airflow/example_dags/example_sla_dag.py took 0.636 seconds
[2023-06-13T02:32:57.912+0000] {processor.py:157} INFO - Started process (PID=126) to work on /home/airflow/.local/lib/python3.7/site-packages/airflow/example_dags/example_sla_dag.py
[2023-06-13T02:32:57.914+0000] {processor.py:826} INFO - Processing file /home/airflow/.local/lib/python3.7/site-packages/airflow/example_dags/example_sla_dag.py for tasks to queue
[2023-06-13T02:32:57.916+0000] {logging_mixin.py:149} INFO - [2023-06-13T02:32:57.916+0000] {dagbag.py:541} INFO - Filling up the DagBag from /home/airflow/.local/lib/python3.7/site-packages/airflow/example_dags/example_sla_dag.py
[2023-06-13T02:32:57.932+0000] {processor.py:836} INFO - DAG(s) dict_keys(['example_sla_dag']) retrieved from /home/airflow/.local/lib/python3.7/site-packages/airflow/example_dags/example_sla_dag.py
[2023-06-13T02:32:57.991+0000] {logging_mixin.py:149} INFO - [2023-06-13T02:32:57.989+0000] {dag.py:2726} INFO - Sync 1 DAGs
[2023-06-13T02:32:58.137+0000] {logging_mixin.py:149} INFO - [2023-06-13T02:32:58.136+0000] {dag.py:3490} INFO - Setting next_dagrun for example_sla_dag to 2023-06-13T02:30:00+00:00, run_after=2023-06-13T02:32:00+00:00
[2023-06-13T02:32:58.208+0000] {processor.py:179} INFO - Processing /home/airflow/.local/lib/python3.7/site-packages/airflow/example_dags/example_sla_dag.py took 0.303 seconds
[2023-06-13T02:33:47.637+0000] {processor.py:157} INFO - Started process (PID=193) to work on /home/airflow/.local/lib/python3.7/site-packages/airflow/example_dags/example_sla_dag.py
[2023-06-13T02:33:47.644+0000] {processor.py:826} INFO - Processing file /home/airflow/.local/lib/python3.7/site-packages/airflow/example_dags/example_sla_dag.py for tasks to queue
[2023-06-13T02:33:47.649+0000] {logging_mixin.py:149} INFO - [2023-06-13T02:33:47.647+0000] {dagbag.py:541} INFO - Filling up the DagBag from /home/airflow/.local/lib/python3.7/site-packages/airflow/example_dags/example_sla_dag.py
[2023-06-13T02:33:47.703+0000] {processor.py:836} INFO - DAG(s) dict_keys(['example_sla_dag']) retrieved from /home/airflow/.local/lib/python3.7/site-packages/airflow/example_dags/example_sla_dag.py
[2023-06-13T02:33:47.879+0000] {logging_mixin.py:149} INFO - [2023-06-13T02:33:47.878+0000] {dag.py:2726} INFO - Sync 1 DAGs
[2023-06-13T02:33:48.963+0000] {logging_mixin.py:149} INFO - [2023-06-13T02:33:48.950+0000] {dag.py:3490} INFO - Setting next_dagrun for example_sla_dag to 2023-06-13T02:30:00+00:00, run_after=2023-06-13T02:32:00+00:00
[2023-06-13T02:33:49.203+0000] {processor.py:179} INFO - Processing /home/airflow/.local/lib/python3.7/site-packages/airflow/example_dags/example_sla_dag.py took 1.601 seconds
[2023-06-13T02:34:29.575+0000] {processor.py:157} INFO - Started process (PID=253) to work on /home/airflow/.local/lib/python3.7/site-packages/airflow/example_dags/example_sla_dag.py
[2023-06-13T02:34:29.578+0000] {processor.py:826} INFO - Processing file /home/airflow/.local/lib/python3.7/site-packages/airflow/example_dags/example_sla_dag.py for tasks to queue
[2023-06-13T02:34:29.582+0000] {logging_mixin.py:149} INFO - [2023-06-13T02:34:29.581+0000] {dagbag.py:541} INFO - Filling up the DagBag from /home/airflow/.local/lib/python3.7/site-packages/airflow/example_dags/example_sla_dag.py
[2023-06-13T02:34:29.612+0000] {processor.py:836} INFO - DAG(s) dict_keys(['example_sla_dag']) retrieved from /home/airflow/.local/lib/python3.7/site-packages/airflow/example_dags/example_sla_dag.py
[2023-06-13T02:34:29.694+0000] {logging_mixin.py:149} INFO - [2023-06-13T02:34:29.693+0000] {dag.py:2726} INFO - Sync 1 DAGs
[2023-06-13T02:34:29.799+0000] {logging_mixin.py:149} INFO - [2023-06-13T02:34:29.798+0000] {dag.py:3490} INFO - Setting next_dagrun for example_sla_dag to 2023-06-13T02:32:00+00:00, run_after=2023-06-13T02:34:00+00:00
[2023-06-13T02:34:29.891+0000] {processor.py:179} INFO - Processing /home/airflow/.local/lib/python3.7/site-packages/airflow/example_dags/example_sla_dag.py took 0.325 seconds
[2023-06-13T02:35:02.360+0000] {processor.py:157} INFO - Started process (PID=320) to work on /home/airflow/.local/lib/python3.7/site-packages/airflow/example_dags/example_sla_dag.py
[2023-06-13T02:35:02.364+0000] {processor.py:826} INFO - Processing file /home/airflow/.local/lib/python3.7/site-packages/airflow/example_dags/example_sla_dag.py for tasks to queue
[2023-06-13T02:35:02.368+0000] {logging_mixin.py:149} INFO - [2023-06-13T02:35:02.367+0000] {dagbag.py:541} INFO - Filling up the DagBag from /home/airflow/.local/lib/python3.7/site-packages/airflow/example_dags/example_sla_dag.py
[2023-06-13T02:35:02.395+0000] {processor.py:836} INFO - DAG(s) dict_keys(['example_sla_dag']) retrieved from /home/airflow/.local/lib/python3.7/site-packages/airflow/example_dags/example_sla_dag.py
[2023-06-13T02:35:02.475+0000] {logging_mixin.py:149} INFO - [2023-06-13T02:35:02.474+0000] {dag.py:2726} INFO - Sync 1 DAGs
[2023-06-13T02:35:02.592+0000] {logging_mixin.py:149} INFO - [2023-06-13T02:35:02.592+0000] {dag.py:3490} INFO - Setting next_dagrun for example_sla_dag to 2023-06-13T02:32:00+00:00, run_after=2023-06-13T02:34:00+00:00
[2023-06-13T02:35:02.697+0000] {processor.py:179} INFO - Processing /home/airflow/.local/lib/python3.7/site-packages/airflow/example_dags/example_sla_dag.py took 0.345 seconds
[2023-06-13T02:35:33.903+0000] {processor.py:157} INFO - Started process (PID=381) to work on /home/airflow/.local/lib/python3.7/site-packages/airflow/example_dags/example_sla_dag.py
[2023-06-13T02:35:33.907+0000] {processor.py:826} INFO - Processing file /home/airflow/.local/lib/python3.7/site-packages/airflow/example_dags/example_sla_dag.py for tasks to queue
[2023-06-13T02:35:33.916+0000] {logging_mixin.py:149} INFO - [2023-06-13T02:35:33.915+0000] {dagbag.py:541} INFO - Filling up the DagBag from /home/airflow/.local/lib/python3.7/site-packages/airflow/example_dags/example_sla_dag.py
[2023-06-13T02:35:33.981+0000] {processor.py:836} INFO - DAG(s) dict_keys(['example_sla_dag']) retrieved from /home/airflow/.local/lib/python3.7/site-packages/airflow/example_dags/example_sla_dag.py
[2023-06-13T02:35:34.173+0000] {logging_mixin.py:149} INFO - [2023-06-13T02:35:34.173+0000] {dag.py:2726} INFO - Sync 1 DAGs
[2023-06-13T02:35:34.460+0000] {logging_mixin.py:149} INFO - [2023-06-13T02:35:34.459+0000] {dag.py:3490} INFO - Setting next_dagrun for example_sla_dag to 2023-06-13T02:32:00+00:00, run_after=2023-06-13T02:34:00+00:00
[2023-06-13T02:35:34.559+0000] {processor.py:179} INFO - Processing /home/airflow/.local/lib/python3.7/site-packages/airflow/example_dags/example_sla_dag.py took 0.685 seconds
[2023-06-13T02:36:06.646+0000] {processor.py:157} INFO - Started process (PID=440) to work on /home/airflow/.local/lib/python3.7/site-packages/airflow/example_dags/example_sla_dag.py
[2023-06-13T02:36:06.650+0000] {processor.py:826} INFO - Processing file /home/airflow/.local/lib/python3.7/site-packages/airflow/example_dags/example_sla_dag.py for tasks to queue
[2023-06-13T02:36:06.654+0000] {logging_mixin.py:149} INFO - [2023-06-13T02:36:06.653+0000] {dagbag.py:541} INFO - Filling up the DagBag from /home/airflow/.local/lib/python3.7/site-packages/airflow/example_dags/example_sla_dag.py
[2023-06-13T02:36:06.688+0000] {processor.py:836} INFO - DAG(s) dict_keys(['example_sla_dag']) retrieved from /home/airflow/.local/lib/python3.7/site-packages/airflow/example_dags/example_sla_dag.py
[2023-06-13T02:36:06.845+0000] {logging_mixin.py:149} INFO - [2023-06-13T02:36:06.844+0000] {dag.py:2726} INFO - Sync 1 DAGs
[2023-06-13T02:36:07.046+0000] {logging_mixin.py:149} INFO - [2023-06-13T02:36:07.045+0000] {dag.py:3490} INFO - Setting next_dagrun for example_sla_dag to 2023-06-13T02:34:00+00:00, run_after=2023-06-13T02:36:00+00:00
[2023-06-13T02:36:07.160+0000] {processor.py:179} INFO - Processing /home/airflow/.local/lib/python3.7/site-packages/airflow/example_dags/example_sla_dag.py took 0.526 seconds
[2023-06-13T02:36:37.707+0000] {processor.py:157} INFO - Started process (PID=503) to work on /home/airflow/.local/lib/python3.7/site-packages/airflow/example_dags/example_sla_dag.py
[2023-06-13T02:36:37.711+0000] {processor.py:826} INFO - Processing file /home/airflow/.local/lib/python3.7/site-packages/airflow/example_dags/example_sla_dag.py for tasks to queue
[2023-06-13T02:36:37.715+0000] {logging_mixin.py:149} INFO - [2023-06-13T02:36:37.714+0000] {dagbag.py:541} INFO - Filling up the DagBag from /home/airflow/.local/lib/python3.7/site-packages/airflow/example_dags/example_sla_dag.py
[2023-06-13T02:36:37.744+0000] {processor.py:836} INFO - DAG(s) dict_keys(['example_sla_dag']) retrieved from /home/airflow/.local/lib/python3.7/site-packages/airflow/example_dags/example_sla_dag.py
[2023-06-13T02:36:37.826+0000] {logging_mixin.py:149} INFO - [2023-06-13T02:36:37.825+0000] {dag.py:2726} INFO - Sync 1 DAGs
[2023-06-13T02:36:37.938+0000] {logging_mixin.py:149} INFO - [2023-06-13T02:36:37.937+0000] {dag.py:3490} INFO - Setting next_dagrun for example_sla_dag to 2023-06-13T02:34:00+00:00, run_after=2023-06-13T02:36:00+00:00
[2023-06-13T02:36:38.006+0000] {processor.py:179} INFO - Processing /home/airflow/.local/lib/python3.7/site-packages/airflow/example_dags/example_sla_dag.py took 0.310 seconds
[2023-06-13T02:37:09.035+0000] {processor.py:157} INFO - Started process (PID=563) to work on /home/airflow/.local/lib/python3.7/site-packages/airflow/example_dags/example_sla_dag.py
[2023-06-13T02:37:09.039+0000] {processor.py:826} INFO - Processing file /home/airflow/.local/lib/python3.7/site-packages/airflow/example_dags/example_sla_dag.py for tasks to queue
[2023-06-13T02:37:09.042+0000] {logging_mixin.py:149} INFO - [2023-06-13T02:37:09.042+0000] {dagbag.py:541} INFO - Filling up the DagBag from /home/airflow/.local/lib/python3.7/site-packages/airflow/example_dags/example_sla_dag.py
[2023-06-13T02:37:09.078+0000] {processor.py:836} INFO - DAG(s) dict_keys(['example_sla_dag']) retrieved from /home/airflow/.local/lib/python3.7/site-packages/airflow/example_dags/example_sla_dag.py
[2023-06-13T02:37:09.166+0000] {logging_mixin.py:149} INFO - [2023-06-13T02:37:09.166+0000] {dag.py:2726} INFO - Sync 1 DAGs
[2023-06-13T02:37:09.277+0000] {logging_mixin.py:149} INFO - [2023-06-13T02:37:09.277+0000] {dag.py:3490} INFO - Setting next_dagrun for example_sla_dag to 2023-06-13T02:34:00+00:00, run_after=2023-06-13T02:36:00+00:00
[2023-06-13T02:37:09.380+0000] {processor.py:179} INFO - Processing /home/airflow/.local/lib/python3.7/site-packages/airflow/example_dags/example_sla_dag.py took 0.354 seconds
[2023-06-13T02:37:39.532+0000] {processor.py:157} INFO - Started process (PID=623) to work on /home/airflow/.local/lib/python3.7/site-packages/airflow/example_dags/example_sla_dag.py
[2023-06-13T02:37:39.536+0000] {processor.py:826} INFO - Processing file /home/airflow/.local/lib/python3.7/site-packages/airflow/example_dags/example_sla_dag.py for tasks to queue
[2023-06-13T02:37:39.540+0000] {logging_mixin.py:149} INFO - [2023-06-13T02:37:39.540+0000] {dagbag.py:541} INFO - Filling up the DagBag from /home/airflow/.local/lib/python3.7/site-packages/airflow/example_dags/example_sla_dag.py
[2023-06-13T02:37:39.565+0000] {processor.py:836} INFO - DAG(s) dict_keys(['example_sla_dag']) retrieved from /home/airflow/.local/lib/python3.7/site-packages/airflow/example_dags/example_sla_dag.py
[2023-06-13T02:37:39.637+0000] {logging_mixin.py:149} INFO - [2023-06-13T02:37:39.636+0000] {dag.py:2726} INFO - Sync 1 DAGs
[2023-06-13T02:37:39.741+0000] {logging_mixin.py:149} INFO - [2023-06-13T02:37:39.740+0000] {dag.py:3490} INFO - Setting next_dagrun for example_sla_dag to 2023-06-13T02:34:00+00:00, run_after=2023-06-13T02:36:00+00:00
[2023-06-13T02:37:39.801+0000] {processor.py:179} INFO - Processing /home/airflow/.local/lib/python3.7/site-packages/airflow/example_dags/example_sla_dag.py took 0.280 seconds
[2023-06-13T02:38:10.185+0000] {processor.py:157} INFO - Started process (PID=684) to work on /home/airflow/.local/lib/python3.7/site-packages/airflow/example_dags/example_sla_dag.py
[2023-06-13T02:38:10.188+0000] {processor.py:826} INFO - Processing file /home/airflow/.local/lib/python3.7/site-packages/airflow/example_dags/example_sla_dag.py for tasks to queue
[2023-06-13T02:38:10.192+0000] {logging_mixin.py:149} INFO - [2023-06-13T02:38:10.191+0000] {dagbag.py:541} INFO - Filling up the DagBag from /home/airflow/.local/lib/python3.7/site-packages/airflow/example_dags/example_sla_dag.py
[2023-06-13T02:38:10.225+0000] {processor.py:836} INFO - DAG(s) dict_keys(['example_sla_dag']) retrieved from /home/airflow/.local/lib/python3.7/site-packages/airflow/example_dags/example_sla_dag.py
[2023-06-13T02:38:10.373+0000] {logging_mixin.py:149} INFO - [2023-06-13T02:38:10.372+0000] {dag.py:2726} INFO - Sync 1 DAGs
[2023-06-13T02:38:10.492+0000] {logging_mixin.py:149} INFO - [2023-06-13T02:38:10.491+0000] {dag.py:3490} INFO - Setting next_dagrun for example_sla_dag to 2023-06-13T02:36:00+00:00, run_after=2023-06-13T02:38:00+00:00
[2023-06-13T02:38:10.585+0000] {processor.py:179} INFO - Processing /home/airflow/.local/lib/python3.7/site-packages/airflow/example_dags/example_sla_dag.py took 0.411 seconds
[2023-06-13T02:38:41.620+0000] {processor.py:157} INFO - Started process (PID=744) to work on /home/airflow/.local/lib/python3.7/site-packages/airflow/example_dags/example_sla_dag.py
[2023-06-13T02:38:41.623+0000] {processor.py:826} INFO - Processing file /home/airflow/.local/lib/python3.7/site-packages/airflow/example_dags/example_sla_dag.py for tasks to queue
[2023-06-13T02:38:41.625+0000] {logging_mixin.py:149} INFO - [2023-06-13T02:38:41.625+0000] {dagbag.py:541} INFO - Filling up the DagBag from /home/airflow/.local/lib/python3.7/site-packages/airflow/example_dags/example_sla_dag.py
[2023-06-13T02:38:41.642+0000] {processor.py:836} INFO - DAG(s) dict_keys(['example_sla_dag']) retrieved from /home/airflow/.local/lib/python3.7/site-packages/airflow/example_dags/example_sla_dag.py
[2023-06-13T02:38:41.711+0000] {logging_mixin.py:149} INFO - [2023-06-13T02:38:41.710+0000] {dag.py:2726} INFO - Sync 1 DAGs
[2023-06-13T02:38:41.792+0000] {logging_mixin.py:149} INFO - [2023-06-13T02:38:41.792+0000] {dag.py:3490} INFO - Setting next_dagrun for example_sla_dag to 2023-06-13T02:36:00+00:00, run_after=2023-06-13T02:38:00+00:00
[2023-06-13T02:38:41.851+0000] {processor.py:179} INFO - Processing /home/airflow/.local/lib/python3.7/site-packages/airflow/example_dags/example_sla_dag.py took 0.238 seconds
[2023-06-13T02:39:12.620+0000] {processor.py:157} INFO - Started process (PID=804) to work on /home/airflow/.local/lib/python3.7/site-packages/airflow/example_dags/example_sla_dag.py
[2023-06-13T02:39:12.624+0000] {processor.py:826} INFO - Processing file /home/airflow/.local/lib/python3.7/site-packages/airflow/example_dags/example_sla_dag.py for tasks to queue
[2023-06-13T02:39:12.631+0000] {logging_mixin.py:149} INFO - [2023-06-13T02:39:12.629+0000] {dagbag.py:541} INFO - Filling up the DagBag from /home/airflow/.local/lib/python3.7/site-packages/airflow/example_dags/example_sla_dag.py
[2023-06-13T02:39:12.681+0000] {processor.py:836} INFO - DAG(s) dict_keys(['example_sla_dag']) retrieved from /home/airflow/.local/lib/python3.7/site-packages/airflow/example_dags/example_sla_dag.py
[2023-06-13T02:39:12.799+0000] {logging_mixin.py:149} INFO - [2023-06-13T02:39:12.798+0000] {dag.py:2726} INFO - Sync 1 DAGs
[2023-06-13T02:39:12.951+0000] {logging_mixin.py:149} INFO - [2023-06-13T02:39:12.950+0000] {dag.py:3490} INFO - Setting next_dagrun for example_sla_dag to 2023-06-13T02:36:00+00:00, run_after=2023-06-13T02:38:00+00:00
[2023-06-13T02:39:13.057+0000] {processor.py:179} INFO - Processing /home/airflow/.local/lib/python3.7/site-packages/airflow/example_dags/example_sla_dag.py took 0.452 seconds
[2023-06-13T02:39:43.744+0000] {processor.py:157} INFO - Started process (PID=864) to work on /home/airflow/.local/lib/python3.7/site-packages/airflow/example_dags/example_sla_dag.py
[2023-06-13T02:39:43.749+0000] {processor.py:826} INFO - Processing file /home/airflow/.local/lib/python3.7/site-packages/airflow/example_dags/example_sla_dag.py for tasks to queue
[2023-06-13T02:39:43.753+0000] {logging_mixin.py:149} INFO - [2023-06-13T02:39:43.752+0000] {dagbag.py:541} INFO - Filling up the DagBag from /home/airflow/.local/lib/python3.7/site-packages/airflow/example_dags/example_sla_dag.py
[2023-06-13T02:39:43.794+0000] {processor.py:836} INFO - DAG(s) dict_keys(['example_sla_dag']) retrieved from /home/airflow/.local/lib/python3.7/site-packages/airflow/example_dags/example_sla_dag.py
[2023-06-13T02:39:43.970+0000] {logging_mixin.py:149} INFO - [2023-06-13T02:39:43.969+0000] {dag.py:2726} INFO - Sync 1 DAGs
[2023-06-13T02:39:44.134+0000] {logging_mixin.py:149} INFO - [2023-06-13T02:39:44.133+0000] {dag.py:3490} INFO - Setting next_dagrun for example_sla_dag to 2023-06-13T02:36:00+00:00, run_after=2023-06-13T02:38:00+00:00
[2023-06-13T02:39:44.242+0000] {processor.py:179} INFO - Processing /home/airflow/.local/lib/python3.7/site-packages/airflow/example_dags/example_sla_dag.py took 0.508 seconds
[2023-06-13T02:40:14.787+0000] {processor.py:157} INFO - Started process (PID=924) to work on /home/airflow/.local/lib/python3.7/site-packages/airflow/example_dags/example_sla_dag.py
[2023-06-13T02:40:14.790+0000] {processor.py:826} INFO - Processing file /home/airflow/.local/lib/python3.7/site-packages/airflow/example_dags/example_sla_dag.py for tasks to queue
[2023-06-13T02:40:14.797+0000] {logging_mixin.py:149} INFO - [2023-06-13T02:40:14.797+0000] {dagbag.py:541} INFO - Filling up the DagBag from /home/airflow/.local/lib/python3.7/site-packages/airflow/example_dags/example_sla_dag.py
[2023-06-13T02:40:14.837+0000] {processor.py:836} INFO - DAG(s) dict_keys(['example_sla_dag']) retrieved from /home/airflow/.local/lib/python3.7/site-packages/airflow/example_dags/example_sla_dag.py
[2023-06-13T02:40:14.918+0000] {logging_mixin.py:149} INFO - [2023-06-13T02:40:14.917+0000] {dag.py:2726} INFO - Sync 1 DAGs
[2023-06-13T02:40:15.009+0000] {logging_mixin.py:149} INFO - [2023-06-13T02:40:15.008+0000] {dag.py:3490} INFO - Setting next_dagrun for example_sla_dag to 2023-06-13T02:38:00+00:00, run_after=2023-06-13T02:40:00+00:00
[2023-06-13T02:40:15.088+0000] {processor.py:179} INFO - Processing /home/airflow/.local/lib/python3.7/site-packages/airflow/example_dags/example_sla_dag.py took 0.309 seconds
[2023-06-13T02:40:46.682+0000] {processor.py:157} INFO - Started process (PID=984) to work on /home/airflow/.local/lib/python3.7/site-packages/airflow/example_dags/example_sla_dag.py
[2023-06-13T02:40:46.685+0000] {processor.py:826} INFO - Processing file /home/airflow/.local/lib/python3.7/site-packages/airflow/example_dags/example_sla_dag.py for tasks to queue
[2023-06-13T02:40:46.689+0000] {logging_mixin.py:149} INFO - [2023-06-13T02:40:46.689+0000] {dagbag.py:541} INFO - Filling up the DagBag from /home/airflow/.local/lib/python3.7/site-packages/airflow/example_dags/example_sla_dag.py
[2023-06-13T02:40:46.717+0000] {processor.py:836} INFO - DAG(s) dict_keys(['example_sla_dag']) retrieved from /home/airflow/.local/lib/python3.7/site-packages/airflow/example_dags/example_sla_dag.py
[2023-06-13T02:40:46.805+0000] {logging_mixin.py:149} INFO - [2023-06-13T02:40:46.804+0000] {dag.py:2726} INFO - Sync 1 DAGs
[2023-06-13T02:40:46.919+0000] {logging_mixin.py:149} INFO - [2023-06-13T02:40:46.918+0000] {dag.py:3490} INFO - Setting next_dagrun for example_sla_dag to 2023-06-13T02:38:00+00:00, run_after=2023-06-13T02:40:00+00:00
[2023-06-13T02:40:47.006+0000] {processor.py:179} INFO - Processing /home/airflow/.local/lib/python3.7/site-packages/airflow/example_dags/example_sla_dag.py took 0.334 seconds
[2023-06-13T02:41:18.202+0000] {processor.py:157} INFO - Started process (PID=1044) to work on /home/airflow/.local/lib/python3.7/site-packages/airflow/example_dags/example_sla_dag.py
[2023-06-13T02:41:18.206+0000] {processor.py:826} INFO - Processing file /home/airflow/.local/lib/python3.7/site-packages/airflow/example_dags/example_sla_dag.py for tasks to queue
[2023-06-13T02:41:18.210+0000] {logging_mixin.py:149} INFO - [2023-06-13T02:41:18.210+0000] {dagbag.py:541} INFO - Filling up the DagBag from /home/airflow/.local/lib/python3.7/site-packages/airflow/example_dags/example_sla_dag.py
[2023-06-13T02:41:18.245+0000] {processor.py:836} INFO - DAG(s) dict_keys(['example_sla_dag']) retrieved from /home/airflow/.local/lib/python3.7/site-packages/airflow/example_dags/example_sla_dag.py
[2023-06-13T02:41:18.350+0000] {logging_mixin.py:149} INFO - [2023-06-13T02:41:18.349+0000] {dag.py:2726} INFO - Sync 1 DAGs
[2023-06-13T02:41:18.453+0000] {logging_mixin.py:149} INFO - [2023-06-13T02:41:18.453+0000] {dag.py:3490} INFO - Setting next_dagrun for example_sla_dag to 2023-06-13T02:38:00+00:00, run_after=2023-06-13T02:40:00+00:00
[2023-06-13T02:41:18.544+0000] {processor.py:179} INFO - Processing /home/airflow/.local/lib/python3.7/site-packages/airflow/example_dags/example_sla_dag.py took 0.360 seconds
[2023-06-13T02:41:49.151+0000] {processor.py:157} INFO - Started process (PID=1105) to work on /home/airflow/.local/lib/python3.7/site-packages/airflow/example_dags/example_sla_dag.py
[2023-06-13T02:41:49.154+0000] {processor.py:826} INFO - Processing file /home/airflow/.local/lib/python3.7/site-packages/airflow/example_dags/example_sla_dag.py for tasks to queue
[2023-06-13T02:41:49.158+0000] {logging_mixin.py:149} INFO - [2023-06-13T02:41:49.157+0000] {dagbag.py:541} INFO - Filling up the DagBag from /home/airflow/.local/lib/python3.7/site-packages/airflow/example_dags/example_sla_dag.py
[2023-06-13T02:41:49.185+0000] {processor.py:836} INFO - DAG(s) dict_keys(['example_sla_dag']) retrieved from /home/airflow/.local/lib/python3.7/site-packages/airflow/example_dags/example_sla_dag.py
[2023-06-13T02:41:49.283+0000] {logging_mixin.py:149} INFO - [2023-06-13T02:41:49.283+0000] {dag.py:2726} INFO - Sync 1 DAGs
[2023-06-13T02:41:49.428+0000] {logging_mixin.py:149} INFO - [2023-06-13T02:41:49.428+0000] {dag.py:3490} INFO - Setting next_dagrun for example_sla_dag to 2023-06-13T02:38:00+00:00, run_after=2023-06-13T02:40:00+00:00
[2023-06-13T02:41:49.517+0000] {processor.py:179} INFO - Processing /home/airflow/.local/lib/python3.7/site-packages/airflow/example_dags/example_sla_dag.py took 0.375 seconds
[2023-06-13T02:42:20.661+0000] {processor.py:157} INFO - Started process (PID=1165) to work on /home/airflow/.local/lib/python3.7/site-packages/airflow/example_dags/example_sla_dag.py
[2023-06-13T02:42:20.664+0000] {processor.py:826} INFO - Processing file /home/airflow/.local/lib/python3.7/site-packages/airflow/example_dags/example_sla_dag.py for tasks to queue
[2023-06-13T02:42:20.667+0000] {logging_mixin.py:149} INFO - [2023-06-13T02:42:20.667+0000] {dagbag.py:541} INFO - Filling up the DagBag from /home/airflow/.local/lib/python3.7/site-packages/airflow/example_dags/example_sla_dag.py
[2023-06-13T02:42:20.703+0000] {processor.py:836} INFO - DAG(s) dict_keys(['example_sla_dag']) retrieved from /home/airflow/.local/lib/python3.7/site-packages/airflow/example_dags/example_sla_dag.py
[2023-06-13T02:42:20.772+0000] {logging_mixin.py:149} INFO - [2023-06-13T02:42:20.772+0000] {dag.py:2726} INFO - Sync 1 DAGs
[2023-06-13T02:42:20.895+0000] {logging_mixin.py:149} INFO - [2023-06-13T02:42:20.894+0000] {dag.py:3490} INFO - Setting next_dagrun for example_sla_dag to 2023-06-13T02:40:00+00:00, run_after=2023-06-13T02:42:00+00:00
[2023-06-13T02:42:21.019+0000] {processor.py:179} INFO - Processing /home/airflow/.local/lib/python3.7/site-packages/airflow/example_dags/example_sla_dag.py took 0.369 seconds
[2023-06-13T02:42:52.697+0000] {processor.py:157} INFO - Started process (PID=1225) to work on /home/airflow/.local/lib/python3.7/site-packages/airflow/example_dags/example_sla_dag.py
[2023-06-13T02:42:52.700+0000] {processor.py:826} INFO - Processing file /home/airflow/.local/lib/python3.7/site-packages/airflow/example_dags/example_sla_dag.py for tasks to queue
[2023-06-13T02:42:52.704+0000] {logging_mixin.py:149} INFO - [2023-06-13T02:42:52.703+0000] {dagbag.py:541} INFO - Filling up the DagBag from /home/airflow/.local/lib/python3.7/site-packages/airflow/example_dags/example_sla_dag.py
[2023-06-13T02:42:52.743+0000] {processor.py:836} INFO - DAG(s) dict_keys(['example_sla_dag']) retrieved from /home/airflow/.local/lib/python3.7/site-packages/airflow/example_dags/example_sla_dag.py
[2023-06-13T02:42:52.928+0000] {logging_mixin.py:149} INFO - [2023-06-13T02:42:52.927+0000] {dag.py:2726} INFO - Sync 1 DAGs
[2023-06-13T02:42:53.173+0000] {logging_mixin.py:149} INFO - [2023-06-13T02:42:53.171+0000] {dag.py:3490} INFO - Setting next_dagrun for example_sla_dag to 2023-06-13T02:40:00+00:00, run_after=2023-06-13T02:42:00+00:00
[2023-06-13T02:42:53.432+0000] {processor.py:179} INFO - Processing /home/airflow/.local/lib/python3.7/site-packages/airflow/example_dags/example_sla_dag.py took 0.745 seconds
[2023-06-13T02:43:24.084+0000] {processor.py:157} INFO - Started process (PID=1292) to work on /home/airflow/.local/lib/python3.7/site-packages/airflow/example_dags/example_sla_dag.py
[2023-06-13T02:43:24.087+0000] {processor.py:826} INFO - Processing file /home/airflow/.local/lib/python3.7/site-packages/airflow/example_dags/example_sla_dag.py for tasks to queue
[2023-06-13T02:43:24.091+0000] {logging_mixin.py:149} INFO - [2023-06-13T02:43:24.091+0000] {dagbag.py:541} INFO - Filling up the DagBag from /home/airflow/.local/lib/python3.7/site-packages/airflow/example_dags/example_sla_dag.py
[2023-06-13T02:43:24.124+0000] {processor.py:836} INFO - DAG(s) dict_keys(['example_sla_dag']) retrieved from /home/airflow/.local/lib/python3.7/site-packages/airflow/example_dags/example_sla_dag.py
[2023-06-13T02:43:24.203+0000] {logging_mixin.py:149} INFO - [2023-06-13T02:43:24.202+0000] {dag.py:2726} INFO - Sync 1 DAGs
[2023-06-13T02:43:24.308+0000] {logging_mixin.py:149} INFO - [2023-06-13T02:43:24.307+0000] {dag.py:3490} INFO - Setting next_dagrun for example_sla_dag to 2023-06-13T02:40:00+00:00, run_after=2023-06-13T02:42:00+00:00
[2023-06-13T02:43:24.376+0000] {processor.py:179} INFO - Processing /home/airflow/.local/lib/python3.7/site-packages/airflow/example_dags/example_sla_dag.py took 0.300 seconds
[2023-06-13T02:43:54.610+0000] {processor.py:157} INFO - Started process (PID=1352) to work on /home/airflow/.local/lib/python3.7/site-packages/airflow/example_dags/example_sla_dag.py
[2023-06-13T02:43:54.613+0000] {processor.py:826} INFO - Processing file /home/airflow/.local/lib/python3.7/site-packages/airflow/example_dags/example_sla_dag.py for tasks to queue
[2023-06-13T02:43:54.616+0000] {logging_mixin.py:149} INFO - [2023-06-13T02:43:54.615+0000] {dagbag.py:541} INFO - Filling up the DagBag from /home/airflow/.local/lib/python3.7/site-packages/airflow/example_dags/example_sla_dag.py
[2023-06-13T02:43:54.643+0000] {processor.py:836} INFO - DAG(s) dict_keys(['example_sla_dag']) retrieved from /home/airflow/.local/lib/python3.7/site-packages/airflow/example_dags/example_sla_dag.py
[2023-06-13T02:43:54.726+0000] {logging_mixin.py:149} INFO - [2023-06-13T02:43:54.726+0000] {dag.py:2726} INFO - Sync 1 DAGs
[2023-06-13T02:43:54.841+0000] {logging_mixin.py:149} INFO - [2023-06-13T02:43:54.840+0000] {dag.py:3490} INFO - Setting next_dagrun for example_sla_dag to 2023-06-13T02:40:00+00:00, run_after=2023-06-13T02:42:00+00:00
[2023-06-13T02:43:54.941+0000] {processor.py:179} INFO - Processing /home/airflow/.local/lib/python3.7/site-packages/airflow/example_dags/example_sla_dag.py took 0.340 seconds
[2023-06-13T02:44:25.443+0000] {processor.py:157} INFO - Started process (PID=1412) to work on /home/airflow/.local/lib/python3.7/site-packages/airflow/example_dags/example_sla_dag.py
[2023-06-13T02:44:25.446+0000] {processor.py:826} INFO - Processing file /home/airflow/.local/lib/python3.7/site-packages/airflow/example_dags/example_sla_dag.py for tasks to queue
[2023-06-13T02:44:25.450+0000] {logging_mixin.py:149} INFO - [2023-06-13T02:44:25.449+0000] {dagbag.py:541} INFO - Filling up the DagBag from /home/airflow/.local/lib/python3.7/site-packages/airflow/example_dags/example_sla_dag.py
[2023-06-13T02:44:25.494+0000] {processor.py:836} INFO - DAG(s) dict_keys(['example_sla_dag']) retrieved from /home/airflow/.local/lib/python3.7/site-packages/airflow/example_dags/example_sla_dag.py
[2023-06-13T02:44:25.598+0000] {logging_mixin.py:149} INFO - [2023-06-13T02:44:25.597+0000] {dag.py:2726} INFO - Sync 1 DAGs
[2023-06-13T02:44:25.717+0000] {logging_mixin.py:149} INFO - [2023-06-13T02:44:25.716+0000] {dag.py:3490} INFO - Setting next_dagrun for example_sla_dag to 2023-06-13T02:42:00+00:00, run_after=2023-06-13T02:44:00+00:00
[2023-06-13T02:44:25.789+0000] {processor.py:179} INFO - Processing /home/airflow/.local/lib/python3.7/site-packages/airflow/example_dags/example_sla_dag.py took 0.358 seconds
