[2023-06-13T01:50:01.143+0000] {processor.py:157} INFO - Started process (PID=62) to work on /home/airflow/.local/lib/python3.7/site-packages/airflow/example_dags/example_task_group_decorator.py
[2023-06-13T01:50:01.146+0000] {processor.py:826} INFO - Processing file /home/airflow/.local/lib/python3.7/site-packages/airflow/example_dags/example_task_group_decorator.py for tasks to queue
[2023-06-13T01:50:01.148+0000] {logging_mixin.py:149} INFO - [2023-06-13T01:50:01.148+0000] {dagbag.py:541} INFO - Filling up the DagBag from /home/airflow/.local/lib/python3.7/site-packages/airflow/example_dags/example_task_group_decorator.py
[2023-06-13T01:50:01.199+0000] {processor.py:836} INFO - DAG(s) dict_keys(['example_task_group_decorator']) retrieved from /home/airflow/.local/lib/python3.7/site-packages/airflow/example_dags/example_task_group_decorator.py
[2023-06-13T01:50:01.236+0000] {logging_mixin.py:149} INFO - [2023-06-13T01:50:01.235+0000] {dag.py:2726} INFO - Sync 1 DAGs
[2023-06-13T01:50:01.309+0000] {logging_mixin.py:149} INFO - [2023-06-13T01:50:01.308+0000] {dag.py:3490} INFO - Setting next_dagrun for example_task_group_decorator to 2023-06-12T01:50:01.308452+00:00, run_after=2023-06-13T01:50:01.308452+00:00
[2023-06-13T01:50:01.358+0000] {processor.py:179} INFO - Processing /home/airflow/.local/lib/python3.7/site-packages/airflow/example_dags/example_task_group_decorator.py took 0.222 seconds
[2023-06-13T01:50:31.439+0000] {processor.py:157} INFO - Started process (PID=122) to work on /home/airflow/.local/lib/python3.7/site-packages/airflow/example_dags/example_task_group_decorator.py
[2023-06-13T01:50:31.441+0000] {processor.py:826} INFO - Processing file /home/airflow/.local/lib/python3.7/site-packages/airflow/example_dags/example_task_group_decorator.py for tasks to queue
[2023-06-13T01:50:31.443+0000] {logging_mixin.py:149} INFO - [2023-06-13T01:50:31.442+0000] {dagbag.py:541} INFO - Filling up the DagBag from /home/airflow/.local/lib/python3.7/site-packages/airflow/example_dags/example_task_group_decorator.py
[2023-06-13T01:50:31.464+0000] {processor.py:836} INFO - DAG(s) dict_keys(['example_task_group_decorator']) retrieved from /home/airflow/.local/lib/python3.7/site-packages/airflow/example_dags/example_task_group_decorator.py
[2023-06-13T01:50:31.511+0000] {logging_mixin.py:149} INFO - [2023-06-13T01:50:31.511+0000] {dag.py:2726} INFO - Sync 1 DAGs
[2023-06-13T01:50:31.567+0000] {logging_mixin.py:149} INFO - [2023-06-13T01:50:31.567+0000] {dag.py:3490} INFO - Setting next_dagrun for example_task_group_decorator to 2023-06-12T01:50:31.567162+00:00, run_after=2023-06-13T01:50:31.567162+00:00
[2023-06-13T01:50:31.619+0000] {processor.py:179} INFO - Processing /home/airflow/.local/lib/python3.7/site-packages/airflow/example_dags/example_task_group_decorator.py took 0.185 seconds
[2023-06-13T01:51:02.847+0000] {processor.py:157} INFO - Started process (PID=182) to work on /home/airflow/.local/lib/python3.7/site-packages/airflow/example_dags/example_task_group_decorator.py
[2023-06-13T01:51:02.849+0000] {processor.py:826} INFO - Processing file /home/airflow/.local/lib/python3.7/site-packages/airflow/example_dags/example_task_group_decorator.py for tasks to queue
[2023-06-13T01:51:02.850+0000] {logging_mixin.py:149} INFO - [2023-06-13T01:51:02.850+0000] {dagbag.py:541} INFO - Filling up the DagBag from /home/airflow/.local/lib/python3.7/site-packages/airflow/example_dags/example_task_group_decorator.py
[2023-06-13T01:51:02.871+0000] {processor.py:836} INFO - DAG(s) dict_keys(['example_task_group_decorator']) retrieved from /home/airflow/.local/lib/python3.7/site-packages/airflow/example_dags/example_task_group_decorator.py
[2023-06-13T01:51:02.922+0000] {logging_mixin.py:149} INFO - [2023-06-13T01:51:02.922+0000] {dag.py:2726} INFO - Sync 1 DAGs
[2023-06-13T01:51:02.965+0000] {logging_mixin.py:149} INFO - [2023-06-13T01:51:02.965+0000] {dag.py:3490} INFO - Setting next_dagrun for example_task_group_decorator to 2023-06-12T01:51:02.964935+00:00, run_after=2023-06-13T01:51:02.964935+00:00
[2023-06-13T01:51:03.006+0000] {processor.py:179} INFO - Processing /home/airflow/.local/lib/python3.7/site-packages/airflow/example_dags/example_task_group_decorator.py took 0.164 seconds
[2023-06-13T01:51:33.362+0000] {processor.py:157} INFO - Started process (PID=242) to work on /home/airflow/.local/lib/python3.7/site-packages/airflow/example_dags/example_task_group_decorator.py
[2023-06-13T01:51:33.363+0000] {processor.py:826} INFO - Processing file /home/airflow/.local/lib/python3.7/site-packages/airflow/example_dags/example_task_group_decorator.py for tasks to queue
[2023-06-13T01:51:33.366+0000] {logging_mixin.py:149} INFO - [2023-06-13T01:51:33.365+0000] {dagbag.py:541} INFO - Filling up the DagBag from /home/airflow/.local/lib/python3.7/site-packages/airflow/example_dags/example_task_group_decorator.py
[2023-06-13T01:51:33.384+0000] {processor.py:836} INFO - DAG(s) dict_keys(['example_task_group_decorator']) retrieved from /home/airflow/.local/lib/python3.7/site-packages/airflow/example_dags/example_task_group_decorator.py
[2023-06-13T01:51:33.426+0000] {logging_mixin.py:149} INFO - [2023-06-13T01:51:33.425+0000] {dag.py:2726} INFO - Sync 1 DAGs
[2023-06-13T01:51:33.469+0000] {logging_mixin.py:149} INFO - [2023-06-13T01:51:33.469+0000] {dag.py:3490} INFO - Setting next_dagrun for example_task_group_decorator to 2023-06-12T01:51:33.469078+00:00, run_after=2023-06-13T01:51:33.469078+00:00
[2023-06-13T01:51:33.505+0000] {processor.py:179} INFO - Processing /home/airflow/.local/lib/python3.7/site-packages/airflow/example_dags/example_task_group_decorator.py took 0.147 seconds
[2023-06-13T01:53:55.118+0000] {processor.py:157} INFO - Started process (PID=69) to work on /home/airflow/.local/lib/python3.7/site-packages/airflow/example_dags/example_task_group_decorator.py
[2023-06-13T01:53:55.121+0000] {processor.py:826} INFO - Processing file /home/airflow/.local/lib/python3.7/site-packages/airflow/example_dags/example_task_group_decorator.py for tasks to queue
[2023-06-13T01:53:55.124+0000] {logging_mixin.py:149} INFO - [2023-06-13T01:53:55.123+0000] {dagbag.py:541} INFO - Filling up the DagBag from /home/airflow/.local/lib/python3.7/site-packages/airflow/example_dags/example_task_group_decorator.py
[2023-06-13T01:53:55.204+0000] {processor.py:836} INFO - DAG(s) dict_keys(['example_task_group_decorator']) retrieved from /home/airflow/.local/lib/python3.7/site-packages/airflow/example_dags/example_task_group_decorator.py
[2023-06-13T01:53:55.337+0000] {logging_mixin.py:149} INFO - [2023-06-13T01:53:55.336+0000] {dag.py:2726} INFO - Sync 1 DAGs
[2023-06-13T01:53:55.454+0000] {logging_mixin.py:149} INFO - [2023-06-13T01:53:55.453+0000] {dag.py:3490} INFO - Setting next_dagrun for example_task_group_decorator to 2023-06-12T01:53:55.453418+00:00, run_after=2023-06-13T01:53:55.453418+00:00
[2023-06-13T01:53:55.535+0000] {processor.py:179} INFO - Processing /home/airflow/.local/lib/python3.7/site-packages/airflow/example_dags/example_task_group_decorator.py took 0.424 seconds
[2023-06-13T01:54:26.349+0000] {processor.py:157} INFO - Started process (PID=130) to work on /home/airflow/.local/lib/python3.7/site-packages/airflow/example_dags/example_task_group_decorator.py
[2023-06-13T01:54:26.351+0000] {processor.py:826} INFO - Processing file /home/airflow/.local/lib/python3.7/site-packages/airflow/example_dags/example_task_group_decorator.py for tasks to queue
[2023-06-13T01:54:26.352+0000] {logging_mixin.py:149} INFO - [2023-06-13T01:54:26.352+0000] {dagbag.py:541} INFO - Filling up the DagBag from /home/airflow/.local/lib/python3.7/site-packages/airflow/example_dags/example_task_group_decorator.py
[2023-06-13T01:54:26.372+0000] {processor.py:836} INFO - DAG(s) dict_keys(['example_task_group_decorator']) retrieved from /home/airflow/.local/lib/python3.7/site-packages/airflow/example_dags/example_task_group_decorator.py
[2023-06-13T01:54:26.412+0000] {logging_mixin.py:149} INFO - [2023-06-13T01:54:26.412+0000] {dag.py:2726} INFO - Sync 1 DAGs
[2023-06-13T01:54:26.450+0000] {logging_mixin.py:149} INFO - [2023-06-13T01:54:26.450+0000] {dag.py:3490} INFO - Setting next_dagrun for example_task_group_decorator to 2023-06-12T01:54:26.450324+00:00, run_after=2023-06-13T01:54:26.450324+00:00
[2023-06-13T01:54:26.481+0000] {processor.py:179} INFO - Processing /home/airflow/.local/lib/python3.7/site-packages/airflow/example_dags/example_task_group_decorator.py took 0.136 seconds
[2023-06-13T01:54:57.073+0000] {processor.py:157} INFO - Started process (PID=190) to work on /home/airflow/.local/lib/python3.7/site-packages/airflow/example_dags/example_task_group_decorator.py
[2023-06-13T01:54:57.076+0000] {processor.py:826} INFO - Processing file /home/airflow/.local/lib/python3.7/site-packages/airflow/example_dags/example_task_group_decorator.py for tasks to queue
[2023-06-13T01:54:57.079+0000] {logging_mixin.py:149} INFO - [2023-06-13T01:54:57.078+0000] {dagbag.py:541} INFO - Filling up the DagBag from /home/airflow/.local/lib/python3.7/site-packages/airflow/example_dags/example_task_group_decorator.py
[2023-06-13T01:54:57.112+0000] {processor.py:836} INFO - DAG(s) dict_keys(['example_task_group_decorator']) retrieved from /home/airflow/.local/lib/python3.7/site-packages/airflow/example_dags/example_task_group_decorator.py
[2023-06-13T01:54:57.175+0000] {logging_mixin.py:149} INFO - [2023-06-13T01:54:57.174+0000] {dag.py:2726} INFO - Sync 1 DAGs
[2023-06-13T01:54:57.222+0000] {logging_mixin.py:149} INFO - [2023-06-13T01:54:57.222+0000] {dag.py:3490} INFO - Setting next_dagrun for example_task_group_decorator to 2023-06-12T01:54:57.221684+00:00, run_after=2023-06-13T01:54:57.221684+00:00
[2023-06-13T01:54:57.266+0000] {processor.py:179} INFO - Processing /home/airflow/.local/lib/python3.7/site-packages/airflow/example_dags/example_task_group_decorator.py took 0.200 seconds
[2023-06-13T01:55:27.341+0000] {processor.py:157} INFO - Started process (PID=251) to work on /home/airflow/.local/lib/python3.7/site-packages/airflow/example_dags/example_task_group_decorator.py
[2023-06-13T01:55:27.343+0000] {processor.py:826} INFO - Processing file /home/airflow/.local/lib/python3.7/site-packages/airflow/example_dags/example_task_group_decorator.py for tasks to queue
[2023-06-13T01:55:27.345+0000] {logging_mixin.py:149} INFO - [2023-06-13T01:55:27.345+0000] {dagbag.py:541} INFO - Filling up the DagBag from /home/airflow/.local/lib/python3.7/site-packages/airflow/example_dags/example_task_group_decorator.py
[2023-06-13T01:55:27.369+0000] {processor.py:836} INFO - DAG(s) dict_keys(['example_task_group_decorator']) retrieved from /home/airflow/.local/lib/python3.7/site-packages/airflow/example_dags/example_task_group_decorator.py
[2023-06-13T01:55:27.427+0000] {logging_mixin.py:149} INFO - [2023-06-13T01:55:27.427+0000] {dag.py:2726} INFO - Sync 1 DAGs
[2023-06-13T01:55:27.490+0000] {logging_mixin.py:149} INFO - [2023-06-13T01:55:27.490+0000] {dag.py:3490} INFO - Setting next_dagrun for example_task_group_decorator to 2023-06-12T01:55:27.489702+00:00, run_after=2023-06-13T01:55:27.489702+00:00
[2023-06-13T01:55:27.536+0000] {processor.py:179} INFO - Processing /home/airflow/.local/lib/python3.7/site-packages/airflow/example_dags/example_task_group_decorator.py took 0.201 seconds
[2023-06-13T01:55:57.665+0000] {processor.py:157} INFO - Started process (PID=311) to work on /home/airflow/.local/lib/python3.7/site-packages/airflow/example_dags/example_task_group_decorator.py
[2023-06-13T01:55:57.667+0000] {processor.py:826} INFO - Processing file /home/airflow/.local/lib/python3.7/site-packages/airflow/example_dags/example_task_group_decorator.py for tasks to queue
[2023-06-13T01:55:57.668+0000] {logging_mixin.py:149} INFO - [2023-06-13T01:55:57.668+0000] {dagbag.py:541} INFO - Filling up the DagBag from /home/airflow/.local/lib/python3.7/site-packages/airflow/example_dags/example_task_group_decorator.py
[2023-06-13T01:55:57.685+0000] {processor.py:836} INFO - DAG(s) dict_keys(['example_task_group_decorator']) retrieved from /home/airflow/.local/lib/python3.7/site-packages/airflow/example_dags/example_task_group_decorator.py
[2023-06-13T01:55:57.723+0000] {logging_mixin.py:149} INFO - [2023-06-13T01:55:57.723+0000] {dag.py:2726} INFO - Sync 1 DAGs
[2023-06-13T01:55:57.760+0000] {logging_mixin.py:149} INFO - [2023-06-13T01:55:57.760+0000] {dag.py:3490} INFO - Setting next_dagrun for example_task_group_decorator to 2023-06-12T01:55:57.759934+00:00, run_after=2023-06-13T01:55:57.759934+00:00
[2023-06-13T01:55:57.802+0000] {processor.py:179} INFO - Processing /home/airflow/.local/lib/python3.7/site-packages/airflow/example_dags/example_task_group_decorator.py took 0.140 seconds
[2023-06-13T01:56:27.952+0000] {processor.py:157} INFO - Started process (PID=371) to work on /home/airflow/.local/lib/python3.7/site-packages/airflow/example_dags/example_task_group_decorator.py
[2023-06-13T01:56:27.954+0000] {processor.py:826} INFO - Processing file /home/airflow/.local/lib/python3.7/site-packages/airflow/example_dags/example_task_group_decorator.py for tasks to queue
[2023-06-13T01:56:27.955+0000] {logging_mixin.py:149} INFO - [2023-06-13T01:56:27.955+0000] {dagbag.py:541} INFO - Filling up the DagBag from /home/airflow/.local/lib/python3.7/site-packages/airflow/example_dags/example_task_group_decorator.py
[2023-06-13T01:56:27.974+0000] {processor.py:836} INFO - DAG(s) dict_keys(['example_task_group_decorator']) retrieved from /home/airflow/.local/lib/python3.7/site-packages/airflow/example_dags/example_task_group_decorator.py
[2023-06-13T01:56:28.020+0000] {logging_mixin.py:149} INFO - [2023-06-13T01:56:28.020+0000] {dag.py:2726} INFO - Sync 1 DAGs
[2023-06-13T01:56:28.065+0000] {logging_mixin.py:149} INFO - [2023-06-13T01:56:28.065+0000] {dag.py:3490} INFO - Setting next_dagrun for example_task_group_decorator to 2023-06-12T01:56:28.064901+00:00, run_after=2023-06-13T01:56:28.064901+00:00
[2023-06-13T01:56:28.108+0000] {processor.py:179} INFO - Processing /home/airflow/.local/lib/python3.7/site-packages/airflow/example_dags/example_task_group_decorator.py took 0.159 seconds
[2023-06-13T01:56:58.395+0000] {processor.py:157} INFO - Started process (PID=432) to work on /home/airflow/.local/lib/python3.7/site-packages/airflow/example_dags/example_task_group_decorator.py
[2023-06-13T01:56:58.396+0000] {processor.py:826} INFO - Processing file /home/airflow/.local/lib/python3.7/site-packages/airflow/example_dags/example_task_group_decorator.py for tasks to queue
[2023-06-13T01:56:58.397+0000] {logging_mixin.py:149} INFO - [2023-06-13T01:56:58.397+0000] {dagbag.py:541} INFO - Filling up the DagBag from /home/airflow/.local/lib/python3.7/site-packages/airflow/example_dags/example_task_group_decorator.py
[2023-06-13T01:56:58.415+0000] {processor.py:836} INFO - DAG(s) dict_keys(['example_task_group_decorator']) retrieved from /home/airflow/.local/lib/python3.7/site-packages/airflow/example_dags/example_task_group_decorator.py
[2023-06-13T01:56:58.455+0000] {logging_mixin.py:149} INFO - [2023-06-13T01:56:58.454+0000] {dag.py:2726} INFO - Sync 1 DAGs
[2023-06-13T01:56:58.496+0000] {logging_mixin.py:149} INFO - [2023-06-13T01:56:58.496+0000] {dag.py:3490} INFO - Setting next_dagrun for example_task_group_decorator to 2023-06-12T01:56:58.496102+00:00, run_after=2023-06-13T01:56:58.496102+00:00
[2023-06-13T01:56:58.531+0000] {processor.py:179} INFO - Processing /home/airflow/.local/lib/python3.7/site-packages/airflow/example_dags/example_task_group_decorator.py took 0.140 seconds
[2023-06-13T01:57:28.624+0000] {processor.py:157} INFO - Started process (PID=492) to work on /home/airflow/.local/lib/python3.7/site-packages/airflow/example_dags/example_task_group_decorator.py
[2023-06-13T01:57:28.626+0000] {processor.py:826} INFO - Processing file /home/airflow/.local/lib/python3.7/site-packages/airflow/example_dags/example_task_group_decorator.py for tasks to queue
[2023-06-13T01:57:28.628+0000] {logging_mixin.py:149} INFO - [2023-06-13T01:57:28.628+0000] {dagbag.py:541} INFO - Filling up the DagBag from /home/airflow/.local/lib/python3.7/site-packages/airflow/example_dags/example_task_group_decorator.py
[2023-06-13T01:57:28.658+0000] {processor.py:836} INFO - DAG(s) dict_keys(['example_task_group_decorator']) retrieved from /home/airflow/.local/lib/python3.7/site-packages/airflow/example_dags/example_task_group_decorator.py
[2023-06-13T01:57:28.713+0000] {logging_mixin.py:149} INFO - [2023-06-13T01:57:28.713+0000] {dag.py:2726} INFO - Sync 1 DAGs
[2023-06-13T01:57:28.766+0000] {logging_mixin.py:149} INFO - [2023-06-13T01:57:28.766+0000] {dag.py:3490} INFO - Setting next_dagrun for example_task_group_decorator to 2023-06-12T01:57:28.765891+00:00, run_after=2023-06-13T01:57:28.765891+00:00
[2023-06-13T01:57:28.814+0000] {processor.py:179} INFO - Processing /home/airflow/.local/lib/python3.7/site-packages/airflow/example_dags/example_task_group_decorator.py took 0.195 seconds
[2023-06-13T01:57:59.163+0000] {processor.py:157} INFO - Started process (PID=552) to work on /home/airflow/.local/lib/python3.7/site-packages/airflow/example_dags/example_task_group_decorator.py
[2023-06-13T01:57:59.164+0000] {processor.py:826} INFO - Processing file /home/airflow/.local/lib/python3.7/site-packages/airflow/example_dags/example_task_group_decorator.py for tasks to queue
[2023-06-13T01:57:59.166+0000] {logging_mixin.py:149} INFO - [2023-06-13T01:57:59.165+0000] {dagbag.py:541} INFO - Filling up the DagBag from /home/airflow/.local/lib/python3.7/site-packages/airflow/example_dags/example_task_group_decorator.py
[2023-06-13T01:57:59.185+0000] {processor.py:836} INFO - DAG(s) dict_keys(['example_task_group_decorator']) retrieved from /home/airflow/.local/lib/python3.7/site-packages/airflow/example_dags/example_task_group_decorator.py
[2023-06-13T01:57:59.206+0000] {logging_mixin.py:149} INFO - [2023-06-13T01:57:59.205+0000] {dag.py:2726} INFO - Sync 1 DAGs
[2023-06-13T01:57:59.257+0000] {logging_mixin.py:149} INFO - [2023-06-13T01:57:59.256+0000] {dag.py:3490} INFO - Setting next_dagrun for example_task_group_decorator to 2023-06-12T01:57:59.256411+00:00, run_after=2023-06-13T01:57:59.256411+00:00
[2023-06-13T01:57:59.302+0000] {processor.py:179} INFO - Processing /home/airflow/.local/lib/python3.7/site-packages/airflow/example_dags/example_task_group_decorator.py took 0.143 seconds
[2023-06-13T01:58:29.607+0000] {processor.py:157} INFO - Started process (PID=612) to work on /home/airflow/.local/lib/python3.7/site-packages/airflow/example_dags/example_task_group_decorator.py
[2023-06-13T01:58:29.609+0000] {processor.py:826} INFO - Processing file /home/airflow/.local/lib/python3.7/site-packages/airflow/example_dags/example_task_group_decorator.py for tasks to queue
[2023-06-13T01:58:29.611+0000] {logging_mixin.py:149} INFO - [2023-06-13T01:58:29.610+0000] {dagbag.py:541} INFO - Filling up the DagBag from /home/airflow/.local/lib/python3.7/site-packages/airflow/example_dags/example_task_group_decorator.py
[2023-06-13T01:58:29.634+0000] {processor.py:836} INFO - DAG(s) dict_keys(['example_task_group_decorator']) retrieved from /home/airflow/.local/lib/python3.7/site-packages/airflow/example_dags/example_task_group_decorator.py
[2023-06-13T01:58:29.685+0000] {logging_mixin.py:149} INFO - [2023-06-13T01:58:29.685+0000] {dag.py:2726} INFO - Sync 1 DAGs
[2023-06-13T01:58:29.740+0000] {logging_mixin.py:149} INFO - [2023-06-13T01:58:29.739+0000] {dag.py:3490} INFO - Setting next_dagrun for example_task_group_decorator to 2023-06-12T01:58:29.739500+00:00, run_after=2023-06-13T01:58:29.739500+00:00
[2023-06-13T01:58:29.781+0000] {processor.py:179} INFO - Processing /home/airflow/.local/lib/python3.7/site-packages/airflow/example_dags/example_task_group_decorator.py took 0.177 seconds
[2023-06-13T01:59:00.006+0000] {processor.py:157} INFO - Started process (PID=672) to work on /home/airflow/.local/lib/python3.7/site-packages/airflow/example_dags/example_task_group_decorator.py
[2023-06-13T01:59:00.007+0000] {processor.py:826} INFO - Processing file /home/airflow/.local/lib/python3.7/site-packages/airflow/example_dags/example_task_group_decorator.py for tasks to queue
[2023-06-13T01:59:00.009+0000] {logging_mixin.py:149} INFO - [2023-06-13T01:59:00.009+0000] {dagbag.py:541} INFO - Filling up the DagBag from /home/airflow/.local/lib/python3.7/site-packages/airflow/example_dags/example_task_group_decorator.py
[2023-06-13T01:59:00.035+0000] {processor.py:836} INFO - DAG(s) dict_keys(['example_task_group_decorator']) retrieved from /home/airflow/.local/lib/python3.7/site-packages/airflow/example_dags/example_task_group_decorator.py
[2023-06-13T01:59:00.081+0000] {logging_mixin.py:149} INFO - [2023-06-13T01:59:00.081+0000] {dag.py:2726} INFO - Sync 1 DAGs
[2023-06-13T01:59:00.124+0000] {logging_mixin.py:149} INFO - [2023-06-13T01:59:00.123+0000] {dag.py:3490} INFO - Setting next_dagrun for example_task_group_decorator to 2023-06-12T01:59:00.123489+00:00, run_after=2023-06-13T01:59:00.123489+00:00
[2023-06-13T01:59:00.159+0000] {processor.py:179} INFO - Processing /home/airflow/.local/lib/python3.7/site-packages/airflow/example_dags/example_task_group_decorator.py took 0.158 seconds
[2023-06-13T01:59:30.321+0000] {processor.py:157} INFO - Started process (PID=732) to work on /home/airflow/.local/lib/python3.7/site-packages/airflow/example_dags/example_task_group_decorator.py
[2023-06-13T01:59:30.322+0000] {processor.py:826} INFO - Processing file /home/airflow/.local/lib/python3.7/site-packages/airflow/example_dags/example_task_group_decorator.py for tasks to queue
[2023-06-13T01:59:30.324+0000] {logging_mixin.py:149} INFO - [2023-06-13T01:59:30.323+0000] {dagbag.py:541} INFO - Filling up the DagBag from /home/airflow/.local/lib/python3.7/site-packages/airflow/example_dags/example_task_group_decorator.py
[2023-06-13T01:59:30.340+0000] {processor.py:836} INFO - DAG(s) dict_keys(['example_task_group_decorator']) retrieved from /home/airflow/.local/lib/python3.7/site-packages/airflow/example_dags/example_task_group_decorator.py
[2023-06-13T01:59:30.380+0000] {logging_mixin.py:149} INFO - [2023-06-13T01:59:30.380+0000] {dag.py:2726} INFO - Sync 1 DAGs
[2023-06-13T01:59:30.418+0000] {logging_mixin.py:149} INFO - [2023-06-13T01:59:30.417+0000] {dag.py:3490} INFO - Setting next_dagrun for example_task_group_decorator to 2023-06-12T01:59:30.417630+00:00, run_after=2023-06-13T01:59:30.417630+00:00
[2023-06-13T01:59:30.451+0000] {processor.py:179} INFO - Processing /home/airflow/.local/lib/python3.7/site-packages/airflow/example_dags/example_task_group_decorator.py took 0.133 seconds
[2023-06-13T02:01:03.911+0000] {processor.py:157} INFO - Started process (PID=69) to work on /home/airflow/.local/lib/python3.7/site-packages/airflow/example_dags/example_task_group_decorator.py
[2023-06-13T02:01:03.916+0000] {processor.py:826} INFO - Processing file /home/airflow/.local/lib/python3.7/site-packages/airflow/example_dags/example_task_group_decorator.py for tasks to queue
[2023-06-13T02:01:03.921+0000] {logging_mixin.py:149} INFO - [2023-06-13T02:01:03.920+0000] {dagbag.py:541} INFO - Filling up the DagBag from /home/airflow/.local/lib/python3.7/site-packages/airflow/example_dags/example_task_group_decorator.py
[2023-06-13T02:01:03.996+0000] {processor.py:836} INFO - DAG(s) dict_keys(['example_task_group_decorator']) retrieved from /home/airflow/.local/lib/python3.7/site-packages/airflow/example_dags/example_task_group_decorator.py
[2023-06-13T02:01:04.113+0000] {logging_mixin.py:149} INFO - [2023-06-13T02:01:04.113+0000] {dag.py:2726} INFO - Sync 1 DAGs
[2023-06-13T02:01:04.194+0000] {logging_mixin.py:149} INFO - [2023-06-13T02:01:04.193+0000] {dag.py:3490} INFO - Setting next_dagrun for example_task_group_decorator to 2023-06-12T02:01:04.193444+00:00, run_after=2023-06-13T02:01:04.193444+00:00
[2023-06-13T02:01:04.265+0000] {processor.py:179} INFO - Processing /home/airflow/.local/lib/python3.7/site-packages/airflow/example_dags/example_task_group_decorator.py took 0.362 seconds
[2023-06-13T02:01:34.977+0000] {processor.py:157} INFO - Started process (PID=128) to work on /home/airflow/.local/lib/python3.7/site-packages/airflow/example_dags/example_task_group_decorator.py
[2023-06-13T02:01:34.979+0000] {processor.py:826} INFO - Processing file /home/airflow/.local/lib/python3.7/site-packages/airflow/example_dags/example_task_group_decorator.py for tasks to queue
[2023-06-13T02:01:34.982+0000] {logging_mixin.py:149} INFO - [2023-06-13T02:01:34.981+0000] {dagbag.py:541} INFO - Filling up the DagBag from /home/airflow/.local/lib/python3.7/site-packages/airflow/example_dags/example_task_group_decorator.py
[2023-06-13T02:01:35.020+0000] {processor.py:836} INFO - DAG(s) dict_keys(['example_task_group_decorator']) retrieved from /home/airflow/.local/lib/python3.7/site-packages/airflow/example_dags/example_task_group_decorator.py
[2023-06-13T02:01:35.103+0000] {logging_mixin.py:149} INFO - [2023-06-13T02:01:35.103+0000] {dag.py:2726} INFO - Sync 1 DAGs
[2023-06-13T02:01:35.188+0000] {logging_mixin.py:149} INFO - [2023-06-13T02:01:35.188+0000] {dag.py:3490} INFO - Setting next_dagrun for example_task_group_decorator to 2023-06-12T02:01:35.187405+00:00, run_after=2023-06-13T02:01:35.187405+00:00
[2023-06-13T02:01:35.248+0000] {processor.py:179} INFO - Processing /home/airflow/.local/lib/python3.7/site-packages/airflow/example_dags/example_task_group_decorator.py took 0.277 seconds
[2023-06-13T02:02:09.949+0000] {processor.py:157} INFO - Started process (PID=188) to work on /home/airflow/.local/lib/python3.7/site-packages/airflow/example_dags/example_task_group_decorator.py
[2023-06-13T02:02:09.952+0000] {processor.py:826} INFO - Processing file /home/airflow/.local/lib/python3.7/site-packages/airflow/example_dags/example_task_group_decorator.py for tasks to queue
[2023-06-13T02:02:09.956+0000] {logging_mixin.py:149} INFO - [2023-06-13T02:02:09.955+0000] {dagbag.py:541} INFO - Filling up the DagBag from /home/airflow/.local/lib/python3.7/site-packages/airflow/example_dags/example_task_group_decorator.py
[2023-06-13T02:02:10.070+0000] {processor.py:836} INFO - DAG(s) dict_keys(['example_task_group_decorator']) retrieved from /home/airflow/.local/lib/python3.7/site-packages/airflow/example_dags/example_task_group_decorator.py
[2023-06-13T02:02:10.252+0000] {logging_mixin.py:149} INFO - [2023-06-13T02:02:10.252+0000] {dag.py:2726} INFO - Sync 1 DAGs
[2023-06-13T02:02:10.428+0000] {logging_mixin.py:149} INFO - [2023-06-13T02:02:10.428+0000] {dag.py:3490} INFO - Setting next_dagrun for example_task_group_decorator to 2023-06-12T02:02:10.427460+00:00, run_after=2023-06-13T02:02:10.427460+00:00
[2023-06-13T02:02:10.611+0000] {processor.py:179} INFO - Processing /home/airflow/.local/lib/python3.7/site-packages/airflow/example_dags/example_task_group_decorator.py took 0.678 seconds
[2023-06-13T02:32:29.795+0000] {processor.py:157} INFO - Started process (PID=80) to work on /home/airflow/.local/lib/python3.7/site-packages/airflow/example_dags/example_task_group_decorator.py
[2023-06-13T02:32:29.802+0000] {processor.py:826} INFO - Processing file /home/airflow/.local/lib/python3.7/site-packages/airflow/example_dags/example_task_group_decorator.py for tasks to queue
[2023-06-13T02:32:29.810+0000] {logging_mixin.py:149} INFO - [2023-06-13T02:32:29.809+0000] {dagbag.py:541} INFO - Filling up the DagBag from /home/airflow/.local/lib/python3.7/site-packages/airflow/example_dags/example_task_group_decorator.py
[2023-06-13T02:32:29.945+0000] {processor.py:836} INFO - DAG(s) dict_keys(['example_task_group_decorator']) retrieved from /home/airflow/.local/lib/python3.7/site-packages/airflow/example_dags/example_task_group_decorator.py
[2023-06-13T02:32:30.145+0000] {logging_mixin.py:149} INFO - [2023-06-13T02:32:30.144+0000] {dag.py:2726} INFO - Sync 1 DAGs
[2023-06-13T02:32:30.238+0000] {logging_mixin.py:149} INFO - [2023-06-13T02:32:30.238+0000] {dag.py:3490} INFO - Setting next_dagrun for example_task_group_decorator to 2023-06-12T02:32:30.237318+00:00, run_after=2023-06-13T02:32:30.237318+00:00
[2023-06-13T02:32:30.331+0000] {processor.py:179} INFO - Processing /home/airflow/.local/lib/python3.7/site-packages/airflow/example_dags/example_task_group_decorator.py took 0.566 seconds
[2023-06-13T02:33:00.414+0000] {processor.py:157} INFO - Started process (PID=140) to work on /home/airflow/.local/lib/python3.7/site-packages/airflow/example_dags/example_task_group_decorator.py
[2023-06-13T02:33:00.416+0000] {processor.py:826} INFO - Processing file /home/airflow/.local/lib/python3.7/site-packages/airflow/example_dags/example_task_group_decorator.py for tasks to queue
[2023-06-13T02:33:00.418+0000] {logging_mixin.py:149} INFO - [2023-06-13T02:33:00.418+0000] {dagbag.py:541} INFO - Filling up the DagBag from /home/airflow/.local/lib/python3.7/site-packages/airflow/example_dags/example_task_group_decorator.py
[2023-06-13T02:33:00.444+0000] {processor.py:836} INFO - DAG(s) dict_keys(['example_task_group_decorator']) retrieved from /home/airflow/.local/lib/python3.7/site-packages/airflow/example_dags/example_task_group_decorator.py
[2023-06-13T02:33:00.496+0000] {logging_mixin.py:149} INFO - [2023-06-13T02:33:00.496+0000] {dag.py:2726} INFO - Sync 1 DAGs
[2023-06-13T02:33:00.550+0000] {logging_mixin.py:149} INFO - [2023-06-13T02:33:00.549+0000] {dag.py:3490} INFO - Setting next_dagrun for example_task_group_decorator to 2023-06-12T02:33:00.548825+00:00, run_after=2023-06-13T02:33:00.548825+00:00
[2023-06-13T02:33:00.602+0000] {processor.py:179} INFO - Processing /home/airflow/.local/lib/python3.7/site-packages/airflow/example_dags/example_task_group_decorator.py took 0.193 seconds
[2023-06-13T02:33:52.344+0000] {processor.py:157} INFO - Started process (PID=199) to work on /home/airflow/.local/lib/python3.7/site-packages/airflow/example_dags/example_task_group_decorator.py
[2023-06-13T02:33:52.359+0000] {processor.py:826} INFO - Processing file /home/airflow/.local/lib/python3.7/site-packages/airflow/example_dags/example_task_group_decorator.py for tasks to queue
[2023-06-13T02:33:52.370+0000] {logging_mixin.py:149} INFO - [2023-06-13T02:33:52.369+0000] {dagbag.py:541} INFO - Filling up the DagBag from /home/airflow/.local/lib/python3.7/site-packages/airflow/example_dags/example_task_group_decorator.py
[2023-06-13T02:33:52.583+0000] {processor.py:836} INFO - DAG(s) dict_keys(['example_task_group_decorator']) retrieved from /home/airflow/.local/lib/python3.7/site-packages/airflow/example_dags/example_task_group_decorator.py
[2023-06-13T02:33:52.994+0000] {logging_mixin.py:149} INFO - [2023-06-13T02:33:52.993+0000] {dag.py:2726} INFO - Sync 1 DAGs
[2023-06-13T02:33:54.427+0000] {logging_mixin.py:149} INFO - [2023-06-13T02:33:54.420+0000] {dag.py:3490} INFO - Setting next_dagrun for example_task_group_decorator to 2023-06-12T02:33:54.418699+00:00, run_after=2023-06-13T02:33:54.418699+00:00
[2023-06-13T02:33:54.646+0000] {processor.py:179} INFO - Processing /home/airflow/.local/lib/python3.7/site-packages/airflow/example_dags/example_task_group_decorator.py took 2.323 seconds
[2023-06-13T02:34:31.093+0000] {processor.py:157} INFO - Started process (PID=266) to work on /home/airflow/.local/lib/python3.7/site-packages/airflow/example_dags/example_task_group_decorator.py
[2023-06-13T02:34:31.098+0000] {processor.py:826} INFO - Processing file /home/airflow/.local/lib/python3.7/site-packages/airflow/example_dags/example_task_group_decorator.py for tasks to queue
[2023-06-13T02:34:31.103+0000] {logging_mixin.py:149} INFO - [2023-06-13T02:34:31.102+0000] {dagbag.py:541} INFO - Filling up the DagBag from /home/airflow/.local/lib/python3.7/site-packages/airflow/example_dags/example_task_group_decorator.py
[2023-06-13T02:34:31.158+0000] {processor.py:836} INFO - DAG(s) dict_keys(['example_task_group_decorator']) retrieved from /home/airflow/.local/lib/python3.7/site-packages/airflow/example_dags/example_task_group_decorator.py
[2023-06-13T02:34:31.253+0000] {logging_mixin.py:149} INFO - [2023-06-13T02:34:31.252+0000] {dag.py:2726} INFO - Sync 1 DAGs
[2023-06-13T02:34:31.331+0000] {logging_mixin.py:149} INFO - [2023-06-13T02:34:31.327+0000] {dag.py:3490} INFO - Setting next_dagrun for example_task_group_decorator to 2023-06-12T02:34:31.327286+00:00, run_after=2023-06-13T02:34:31.327286+00:00
[2023-06-13T02:34:31.433+0000] {processor.py:179} INFO - Processing /home/airflow/.local/lib/python3.7/site-packages/airflow/example_dags/example_task_group_decorator.py took 0.350 seconds
[2023-06-13T02:35:03.919+0000] {processor.py:157} INFO - Started process (PID=326) to work on /home/airflow/.local/lib/python3.7/site-packages/airflow/example_dags/example_task_group_decorator.py
[2023-06-13T02:35:03.922+0000] {processor.py:826} INFO - Processing file /home/airflow/.local/lib/python3.7/site-packages/airflow/example_dags/example_task_group_decorator.py for tasks to queue
[2023-06-13T02:35:03.926+0000] {logging_mixin.py:149} INFO - [2023-06-13T02:35:03.926+0000] {dagbag.py:541} INFO - Filling up the DagBag from /home/airflow/.local/lib/python3.7/site-packages/airflow/example_dags/example_task_group_decorator.py
[2023-06-13T02:35:03.987+0000] {processor.py:836} INFO - DAG(s) dict_keys(['example_task_group_decorator']) retrieved from /home/airflow/.local/lib/python3.7/site-packages/airflow/example_dags/example_task_group_decorator.py
[2023-06-13T02:35:04.181+0000] {logging_mixin.py:149} INFO - [2023-06-13T02:35:04.178+0000] {dag.py:2726} INFO - Sync 1 DAGs
[2023-06-13T02:35:04.358+0000] {logging_mixin.py:149} INFO - [2023-06-13T02:35:04.357+0000] {dag.py:3490} INFO - Setting next_dagrun for example_task_group_decorator to 2023-06-12T02:35:04.356416+00:00, run_after=2023-06-13T02:35:04.356416+00:00
[2023-06-13T02:35:04.465+0000] {processor.py:179} INFO - Processing /home/airflow/.local/lib/python3.7/site-packages/airflow/example_dags/example_task_group_decorator.py took 0.556 seconds
[2023-06-13T02:35:35.964+0000] {processor.py:157} INFO - Started process (PID=387) to work on /home/airflow/.local/lib/python3.7/site-packages/airflow/example_dags/example_task_group_decorator.py
[2023-06-13T02:35:35.967+0000] {processor.py:826} INFO - Processing file /home/airflow/.local/lib/python3.7/site-packages/airflow/example_dags/example_task_group_decorator.py for tasks to queue
[2023-06-13T02:35:35.971+0000] {logging_mixin.py:149} INFO - [2023-06-13T02:35:35.970+0000] {dagbag.py:541} INFO - Filling up the DagBag from /home/airflow/.local/lib/python3.7/site-packages/airflow/example_dags/example_task_group_decorator.py
[2023-06-13T02:35:36.054+0000] {processor.py:836} INFO - DAG(s) dict_keys(['example_task_group_decorator']) retrieved from /home/airflow/.local/lib/python3.7/site-packages/airflow/example_dags/example_task_group_decorator.py
[2023-06-13T02:35:36.162+0000] {logging_mixin.py:149} INFO - [2023-06-13T02:35:36.161+0000] {dag.py:2726} INFO - Sync 1 DAGs
[2023-06-13T02:35:36.249+0000] {logging_mixin.py:149} INFO - [2023-06-13T02:35:36.249+0000] {dag.py:3490} INFO - Setting next_dagrun for example_task_group_decorator to 2023-06-12T02:35:36.248583+00:00, run_after=2023-06-13T02:35:36.248583+00:00
[2023-06-13T02:35:36.324+0000] {processor.py:179} INFO - Processing /home/airflow/.local/lib/python3.7/site-packages/airflow/example_dags/example_task_group_decorator.py took 0.369 seconds
[2023-06-13T02:36:08.437+0000] {processor.py:157} INFO - Started process (PID=446) to work on /home/airflow/.local/lib/python3.7/site-packages/airflow/example_dags/example_task_group_decorator.py
[2023-06-13T02:36:08.440+0000] {processor.py:826} INFO - Processing file /home/airflow/.local/lib/python3.7/site-packages/airflow/example_dags/example_task_group_decorator.py for tasks to queue
[2023-06-13T02:36:08.444+0000] {logging_mixin.py:149} INFO - [2023-06-13T02:36:08.444+0000] {dagbag.py:541} INFO - Filling up the DagBag from /home/airflow/.local/lib/python3.7/site-packages/airflow/example_dags/example_task_group_decorator.py
[2023-06-13T02:36:08.520+0000] {processor.py:836} INFO - DAG(s) dict_keys(['example_task_group_decorator']) retrieved from /home/airflow/.local/lib/python3.7/site-packages/airflow/example_dags/example_task_group_decorator.py
[2023-06-13T02:36:08.635+0000] {logging_mixin.py:149} INFO - [2023-06-13T02:36:08.635+0000] {dag.py:2726} INFO - Sync 1 DAGs
[2023-06-13T02:36:08.746+0000] {logging_mixin.py:149} INFO - [2023-06-13T02:36:08.745+0000] {dag.py:3490} INFO - Setting next_dagrun for example_task_group_decorator to 2023-06-12T02:36:08.744979+00:00, run_after=2023-06-13T02:36:08.744979+00:00
[2023-06-13T02:36:08.851+0000] {processor.py:179} INFO - Processing /home/airflow/.local/lib/python3.7/site-packages/airflow/example_dags/example_task_group_decorator.py took 0.427 seconds
[2023-06-13T02:36:39.084+0000] {processor.py:157} INFO - Started process (PID=509) to work on /home/airflow/.local/lib/python3.7/site-packages/airflow/example_dags/example_task_group_decorator.py
[2023-06-13T02:36:39.087+0000] {processor.py:826} INFO - Processing file /home/airflow/.local/lib/python3.7/site-packages/airflow/example_dags/example_task_group_decorator.py for tasks to queue
[2023-06-13T02:36:39.090+0000] {logging_mixin.py:149} INFO - [2023-06-13T02:36:39.089+0000] {dagbag.py:541} INFO - Filling up the DagBag from /home/airflow/.local/lib/python3.7/site-packages/airflow/example_dags/example_task_group_decorator.py
[2023-06-13T02:36:39.126+0000] {processor.py:836} INFO - DAG(s) dict_keys(['example_task_group_decorator']) retrieved from /home/airflow/.local/lib/python3.7/site-packages/airflow/example_dags/example_task_group_decorator.py
[2023-06-13T02:36:39.201+0000] {logging_mixin.py:149} INFO - [2023-06-13T02:36:39.201+0000] {dag.py:2726} INFO - Sync 1 DAGs
[2023-06-13T02:36:39.282+0000] {logging_mixin.py:149} INFO - [2023-06-13T02:36:39.282+0000] {dag.py:3490} INFO - Setting next_dagrun for example_task_group_decorator to 2023-06-12T02:36:39.281539+00:00, run_after=2023-06-13T02:36:39.281539+00:00
[2023-06-13T02:36:39.349+0000] {processor.py:179} INFO - Processing /home/airflow/.local/lib/python3.7/site-packages/airflow/example_dags/example_task_group_decorator.py took 0.272 seconds
[2023-06-13T02:37:10.610+0000] {processor.py:157} INFO - Started process (PID=569) to work on /home/airflow/.local/lib/python3.7/site-packages/airflow/example_dags/example_task_group_decorator.py
[2023-06-13T02:37:10.614+0000] {processor.py:826} INFO - Processing file /home/airflow/.local/lib/python3.7/site-packages/airflow/example_dags/example_task_group_decorator.py for tasks to queue
[2023-06-13T02:37:10.618+0000] {logging_mixin.py:149} INFO - [2023-06-13T02:37:10.617+0000] {dagbag.py:541} INFO - Filling up the DagBag from /home/airflow/.local/lib/python3.7/site-packages/airflow/example_dags/example_task_group_decorator.py
[2023-06-13T02:37:10.685+0000] {processor.py:836} INFO - DAG(s) dict_keys(['example_task_group_decorator']) retrieved from /home/airflow/.local/lib/python3.7/site-packages/airflow/example_dags/example_task_group_decorator.py
[2023-06-13T02:37:10.790+0000] {logging_mixin.py:149} INFO - [2023-06-13T02:37:10.789+0000] {dag.py:2726} INFO - Sync 1 DAGs
[2023-06-13T02:37:10.931+0000] {logging_mixin.py:149} INFO - [2023-06-13T02:37:10.930+0000] {dag.py:3490} INFO - Setting next_dagrun for example_task_group_decorator to 2023-06-12T02:37:10.929466+00:00, run_after=2023-06-13T02:37:10.929466+00:00
[2023-06-13T02:37:11.033+0000] {processor.py:179} INFO - Processing /home/airflow/.local/lib/python3.7/site-packages/airflow/example_dags/example_task_group_decorator.py took 0.436 seconds
[2023-06-13T02:37:42.028+0000] {processor.py:157} INFO - Started process (PID=629) to work on /home/airflow/.local/lib/python3.7/site-packages/airflow/example_dags/example_task_group_decorator.py
[2023-06-13T02:37:42.031+0000] {processor.py:826} INFO - Processing file /home/airflow/.local/lib/python3.7/site-packages/airflow/example_dags/example_task_group_decorator.py for tasks to queue
[2023-06-13T02:37:42.035+0000] {logging_mixin.py:149} INFO - [2023-06-13T02:37:42.034+0000] {dagbag.py:541} INFO - Filling up the DagBag from /home/airflow/.local/lib/python3.7/site-packages/airflow/example_dags/example_task_group_decorator.py
[2023-06-13T02:37:42.070+0000] {processor.py:836} INFO - DAG(s) dict_keys(['example_task_group_decorator']) retrieved from /home/airflow/.local/lib/python3.7/site-packages/airflow/example_dags/example_task_group_decorator.py
[2023-06-13T02:37:42.155+0000] {logging_mixin.py:149} INFO - [2023-06-13T02:37:42.154+0000] {dag.py:2726} INFO - Sync 1 DAGs
[2023-06-13T02:37:42.224+0000] {logging_mixin.py:149} INFO - [2023-06-13T02:37:42.223+0000] {dag.py:3490} INFO - Setting next_dagrun for example_task_group_decorator to 2023-06-12T02:37:42.223376+00:00, run_after=2023-06-13T02:37:42.223376+00:00
[2023-06-13T02:37:42.295+0000] {processor.py:179} INFO - Processing /home/airflow/.local/lib/python3.7/site-packages/airflow/example_dags/example_task_group_decorator.py took 0.277 seconds
[2023-06-13T02:38:12.419+0000] {processor.py:157} INFO - Started process (PID=689) to work on /home/airflow/.local/lib/python3.7/site-packages/airflow/example_dags/example_task_group_decorator.py
[2023-06-13T02:38:12.422+0000] {processor.py:826} INFO - Processing file /home/airflow/.local/lib/python3.7/site-packages/airflow/example_dags/example_task_group_decorator.py for tasks to queue
[2023-06-13T02:38:12.425+0000] {logging_mixin.py:149} INFO - [2023-06-13T02:38:12.424+0000] {dagbag.py:541} INFO - Filling up the DagBag from /home/airflow/.local/lib/python3.7/site-packages/airflow/example_dags/example_task_group_decorator.py
[2023-06-13T02:38:12.480+0000] {processor.py:836} INFO - DAG(s) dict_keys(['example_task_group_decorator']) retrieved from /home/airflow/.local/lib/python3.7/site-packages/airflow/example_dags/example_task_group_decorator.py
[2023-06-13T02:38:12.562+0000] {logging_mixin.py:149} INFO - [2023-06-13T02:38:12.561+0000] {dag.py:2726} INFO - Sync 1 DAGs
[2023-06-13T02:38:12.631+0000] {logging_mixin.py:149} INFO - [2023-06-13T02:38:12.630+0000] {dag.py:3490} INFO - Setting next_dagrun for example_task_group_decorator to 2023-06-12T02:38:12.630225+00:00, run_after=2023-06-13T02:38:12.630225+00:00
[2023-06-13T02:38:12.693+0000] {processor.py:179} INFO - Processing /home/airflow/.local/lib/python3.7/site-packages/airflow/example_dags/example_task_group_decorator.py took 0.283 seconds
[2023-06-13T02:38:43.684+0000] {processor.py:157} INFO - Started process (PID=749) to work on /home/airflow/.local/lib/python3.7/site-packages/airflow/example_dags/example_task_group_decorator.py
[2023-06-13T02:38:43.687+0000] {processor.py:826} INFO - Processing file /home/airflow/.local/lib/python3.7/site-packages/airflow/example_dags/example_task_group_decorator.py for tasks to queue
[2023-06-13T02:38:43.690+0000] {logging_mixin.py:149} INFO - [2023-06-13T02:38:43.690+0000] {dagbag.py:541} INFO - Filling up the DagBag from /home/airflow/.local/lib/python3.7/site-packages/airflow/example_dags/example_task_group_decorator.py
[2023-06-13T02:38:43.738+0000] {processor.py:836} INFO - DAG(s) dict_keys(['example_task_group_decorator']) retrieved from /home/airflow/.local/lib/python3.7/site-packages/airflow/example_dags/example_task_group_decorator.py
[2023-06-13T02:38:43.842+0000] {logging_mixin.py:149} INFO - [2023-06-13T02:38:43.842+0000] {dag.py:2726} INFO - Sync 1 DAGs
[2023-06-13T02:38:43.937+0000] {logging_mixin.py:149} INFO - [2023-06-13T02:38:43.937+0000] {dag.py:3490} INFO - Setting next_dagrun for example_task_group_decorator to 2023-06-12T02:38:43.936421+00:00, run_after=2023-06-13T02:38:43.936421+00:00
[2023-06-13T02:38:44.017+0000] {processor.py:179} INFO - Processing /home/airflow/.local/lib/python3.7/site-packages/airflow/example_dags/example_task_group_decorator.py took 0.340 seconds
[2023-06-13T02:39:15.134+0000] {processor.py:157} INFO - Started process (PID=809) to work on /home/airflow/.local/lib/python3.7/site-packages/airflow/example_dags/example_task_group_decorator.py
[2023-06-13T02:39:15.137+0000] {processor.py:826} INFO - Processing file /home/airflow/.local/lib/python3.7/site-packages/airflow/example_dags/example_task_group_decorator.py for tasks to queue
[2023-06-13T02:39:15.140+0000] {logging_mixin.py:149} INFO - [2023-06-13T02:39:15.140+0000] {dagbag.py:541} INFO - Filling up the DagBag from /home/airflow/.local/lib/python3.7/site-packages/airflow/example_dags/example_task_group_decorator.py
[2023-06-13T02:39:15.213+0000] {processor.py:836} INFO - DAG(s) dict_keys(['example_task_group_decorator']) retrieved from /home/airflow/.local/lib/python3.7/site-packages/airflow/example_dags/example_task_group_decorator.py
[2023-06-13T02:39:15.343+0000] {logging_mixin.py:149} INFO - [2023-06-13T02:39:15.342+0000] {dag.py:2726} INFO - Sync 1 DAGs
[2023-06-13T02:39:15.550+0000] {logging_mixin.py:149} INFO - [2023-06-13T02:39:15.549+0000] {dag.py:3490} INFO - Setting next_dagrun for example_task_group_decorator to 2023-06-12T02:39:15.548760+00:00, run_after=2023-06-13T02:39:15.548760+00:00
[2023-06-13T02:39:15.666+0000] {processor.py:179} INFO - Processing /home/airflow/.local/lib/python3.7/site-packages/airflow/example_dags/example_task_group_decorator.py took 0.543 seconds
[2023-06-13T02:39:47.043+0000] {processor.py:157} INFO - Started process (PID=870) to work on /home/airflow/.local/lib/python3.7/site-packages/airflow/example_dags/example_task_group_decorator.py
[2023-06-13T02:39:47.047+0000] {processor.py:826} INFO - Processing file /home/airflow/.local/lib/python3.7/site-packages/airflow/example_dags/example_task_group_decorator.py for tasks to queue
[2023-06-13T02:39:47.051+0000] {logging_mixin.py:149} INFO - [2023-06-13T02:39:47.050+0000] {dagbag.py:541} INFO - Filling up the DagBag from /home/airflow/.local/lib/python3.7/site-packages/airflow/example_dags/example_task_group_decorator.py
[2023-06-13T02:39:47.103+0000] {processor.py:836} INFO - DAG(s) dict_keys(['example_task_group_decorator']) retrieved from /home/airflow/.local/lib/python3.7/site-packages/airflow/example_dags/example_task_group_decorator.py
[2023-06-13T02:39:47.202+0000] {logging_mixin.py:149} INFO - [2023-06-13T02:39:47.202+0000] {dag.py:2726} INFO - Sync 1 DAGs
[2023-06-13T02:39:47.327+0000] {logging_mixin.py:149} INFO - [2023-06-13T02:39:47.326+0000] {dag.py:3490} INFO - Setting next_dagrun for example_task_group_decorator to 2023-06-12T02:39:47.325340+00:00, run_after=2023-06-13T02:39:47.325340+00:00
[2023-06-13T02:39:47.460+0000] {processor.py:179} INFO - Processing /home/airflow/.local/lib/python3.7/site-packages/airflow/example_dags/example_task_group_decorator.py took 0.424 seconds
[2023-06-13T02:40:17.983+0000] {processor.py:157} INFO - Started process (PID=930) to work on /home/airflow/.local/lib/python3.7/site-packages/airflow/example_dags/example_task_group_decorator.py
[2023-06-13T02:40:17.985+0000] {processor.py:826} INFO - Processing file /home/airflow/.local/lib/python3.7/site-packages/airflow/example_dags/example_task_group_decorator.py for tasks to queue
[2023-06-13T02:40:17.988+0000] {logging_mixin.py:149} INFO - [2023-06-13T02:40:17.988+0000] {dagbag.py:541} INFO - Filling up the DagBag from /home/airflow/.local/lib/python3.7/site-packages/airflow/example_dags/example_task_group_decorator.py
[2023-06-13T02:40:18.023+0000] {processor.py:836} INFO - DAG(s) dict_keys(['example_task_group_decorator']) retrieved from /home/airflow/.local/lib/python3.7/site-packages/airflow/example_dags/example_task_group_decorator.py
[2023-06-13T02:40:18.104+0000] {logging_mixin.py:149} INFO - [2023-06-13T02:40:18.104+0000] {dag.py:2726} INFO - Sync 1 DAGs
[2023-06-13T02:40:18.183+0000] {logging_mixin.py:149} INFO - [2023-06-13T02:40:18.182+0000] {dag.py:3490} INFO - Setting next_dagrun for example_task_group_decorator to 2023-06-12T02:40:18.182103+00:00, run_after=2023-06-13T02:40:18.182103+00:00
[2023-06-13T02:40:18.251+0000] {processor.py:179} INFO - Processing /home/airflow/.local/lib/python3.7/site-packages/airflow/example_dags/example_task_group_decorator.py took 0.277 seconds
[2023-06-13T02:40:49.047+0000] {processor.py:157} INFO - Started process (PID=990) to work on /home/airflow/.local/lib/python3.7/site-packages/airflow/example_dags/example_task_group_decorator.py
[2023-06-13T02:40:49.051+0000] {processor.py:826} INFO - Processing file /home/airflow/.local/lib/python3.7/site-packages/airflow/example_dags/example_task_group_decorator.py for tasks to queue
[2023-06-13T02:40:49.053+0000] {logging_mixin.py:149} INFO - [2023-06-13T02:40:49.053+0000] {dagbag.py:541} INFO - Filling up the DagBag from /home/airflow/.local/lib/python3.7/site-packages/airflow/example_dags/example_task_group_decorator.py
[2023-06-13T02:40:49.095+0000] {processor.py:836} INFO - DAG(s) dict_keys(['example_task_group_decorator']) retrieved from /home/airflow/.local/lib/python3.7/site-packages/airflow/example_dags/example_task_group_decorator.py
[2023-06-13T02:40:49.183+0000] {logging_mixin.py:149} INFO - [2023-06-13T02:40:49.183+0000] {dag.py:2726} INFO - Sync 1 DAGs
[2023-06-13T02:40:49.274+0000] {logging_mixin.py:149} INFO - [2023-06-13T02:40:49.274+0000] {dag.py:3490} INFO - Setting next_dagrun for example_task_group_decorator to 2023-06-12T02:40:49.273088+00:00, run_after=2023-06-13T02:40:49.273088+00:00
[2023-06-13T02:40:49.351+0000] {processor.py:179} INFO - Processing /home/airflow/.local/lib/python3.7/site-packages/airflow/example_dags/example_task_group_decorator.py took 0.312 seconds
[2023-06-13T02:41:19.917+0000] {processor.py:157} INFO - Started process (PID=1050) to work on /home/airflow/.local/lib/python3.7/site-packages/airflow/example_dags/example_task_group_decorator.py
[2023-06-13T02:41:19.920+0000] {processor.py:826} INFO - Processing file /home/airflow/.local/lib/python3.7/site-packages/airflow/example_dags/example_task_group_decorator.py for tasks to queue
[2023-06-13T02:41:19.924+0000] {logging_mixin.py:149} INFO - [2023-06-13T02:41:19.923+0000] {dagbag.py:541} INFO - Filling up the DagBag from /home/airflow/.local/lib/python3.7/site-packages/airflow/example_dags/example_task_group_decorator.py
[2023-06-13T02:41:20.004+0000] {processor.py:836} INFO - DAG(s) dict_keys(['example_task_group_decorator']) retrieved from /home/airflow/.local/lib/python3.7/site-packages/airflow/example_dags/example_task_group_decorator.py
[2023-06-13T02:41:20.126+0000] {logging_mixin.py:149} INFO - [2023-06-13T02:41:20.125+0000] {dag.py:2726} INFO - Sync 1 DAGs
[2023-06-13T02:41:20.219+0000] {logging_mixin.py:149} INFO - [2023-06-13T02:41:20.219+0000] {dag.py:3490} INFO - Setting next_dagrun for example_task_group_decorator to 2023-06-12T02:41:20.218599+00:00, run_after=2023-06-13T02:41:20.218599+00:00
[2023-06-13T02:41:20.300+0000] {processor.py:179} INFO - Processing /home/airflow/.local/lib/python3.7/site-packages/airflow/example_dags/example_task_group_decorator.py took 0.399 seconds
[2023-06-13T02:41:50.818+0000] {processor.py:157} INFO - Started process (PID=1111) to work on /home/airflow/.local/lib/python3.7/site-packages/airflow/example_dags/example_task_group_decorator.py
[2023-06-13T02:41:50.822+0000] {processor.py:826} INFO - Processing file /home/airflow/.local/lib/python3.7/site-packages/airflow/example_dags/example_task_group_decorator.py for tasks to queue
[2023-06-13T02:41:50.826+0000] {logging_mixin.py:149} INFO - [2023-06-13T02:41:50.825+0000] {dagbag.py:541} INFO - Filling up the DagBag from /home/airflow/.local/lib/python3.7/site-packages/airflow/example_dags/example_task_group_decorator.py
[2023-06-13T02:41:50.907+0000] {processor.py:836} INFO - DAG(s) dict_keys(['example_task_group_decorator']) retrieved from /home/airflow/.local/lib/python3.7/site-packages/airflow/example_dags/example_task_group_decorator.py
[2023-06-13T02:41:51.101+0000] {logging_mixin.py:149} INFO - [2023-06-13T02:41:51.100+0000] {dag.py:2726} INFO - Sync 1 DAGs
[2023-06-13T02:41:51.245+0000] {logging_mixin.py:149} INFO - [2023-06-13T02:41:51.244+0000] {dag.py:3490} INFO - Setting next_dagrun for example_task_group_decorator to 2023-06-12T02:41:51.242918+00:00, run_after=2023-06-13T02:41:51.242918+00:00
[2023-06-13T02:41:51.360+0000] {processor.py:179} INFO - Processing /home/airflow/.local/lib/python3.7/site-packages/airflow/example_dags/example_task_group_decorator.py took 0.553 seconds
[2023-06-13T02:42:22.142+0000] {processor.py:157} INFO - Started process (PID=1171) to work on /home/airflow/.local/lib/python3.7/site-packages/airflow/example_dags/example_task_group_decorator.py
[2023-06-13T02:42:22.145+0000] {processor.py:826} INFO - Processing file /home/airflow/.local/lib/python3.7/site-packages/airflow/example_dags/example_task_group_decorator.py for tasks to queue
[2023-06-13T02:42:22.148+0000] {logging_mixin.py:149} INFO - [2023-06-13T02:42:22.148+0000] {dagbag.py:541} INFO - Filling up the DagBag from /home/airflow/.local/lib/python3.7/site-packages/airflow/example_dags/example_task_group_decorator.py
[2023-06-13T02:42:22.187+0000] {processor.py:836} INFO - DAG(s) dict_keys(['example_task_group_decorator']) retrieved from /home/airflow/.local/lib/python3.7/site-packages/airflow/example_dags/example_task_group_decorator.py
[2023-06-13T02:42:22.274+0000] {logging_mixin.py:149} INFO - [2023-06-13T02:42:22.274+0000] {dag.py:2726} INFO - Sync 1 DAGs
[2023-06-13T02:42:22.374+0000] {logging_mixin.py:149} INFO - [2023-06-13T02:42:22.373+0000] {dag.py:3490} INFO - Setting next_dagrun for example_task_group_decorator to 2023-06-12T02:42:22.372372+00:00, run_after=2023-06-13T02:42:22.372372+00:00
[2023-06-13T02:42:22.482+0000] {processor.py:179} INFO - Processing /home/airflow/.local/lib/python3.7/site-packages/airflow/example_dags/example_task_group_decorator.py took 0.347 seconds
[2023-06-13T02:42:55.456+0000] {processor.py:157} INFO - Started process (PID=1238) to work on /home/airflow/.local/lib/python3.7/site-packages/airflow/example_dags/example_task_group_decorator.py
[2023-06-13T02:42:55.461+0000] {processor.py:826} INFO - Processing file /home/airflow/.local/lib/python3.7/site-packages/airflow/example_dags/example_task_group_decorator.py for tasks to queue
[2023-06-13T02:42:55.464+0000] {logging_mixin.py:149} INFO - [2023-06-13T02:42:55.464+0000] {dagbag.py:541} INFO - Filling up the DagBag from /home/airflow/.local/lib/python3.7/site-packages/airflow/example_dags/example_task_group_decorator.py
[2023-06-13T02:42:55.559+0000] {processor.py:836} INFO - DAG(s) dict_keys(['example_task_group_decorator']) retrieved from /home/airflow/.local/lib/python3.7/site-packages/airflow/example_dags/example_task_group_decorator.py
[2023-06-13T02:42:55.675+0000] {logging_mixin.py:149} INFO - [2023-06-13T02:42:55.675+0000] {dag.py:2726} INFO - Sync 1 DAGs
[2023-06-13T02:42:55.953+0000] {logging_mixin.py:149} INFO - [2023-06-13T02:42:55.952+0000] {dag.py:3490} INFO - Setting next_dagrun for example_task_group_decorator to 2023-06-12T02:42:55.952103+00:00, run_after=2023-06-13T02:42:55.952103+00:00
[2023-06-13T02:42:56.166+0000] {processor.py:179} INFO - Processing /home/airflow/.local/lib/python3.7/site-packages/airflow/example_dags/example_task_group_decorator.py took 0.729 seconds
[2023-06-13T02:43:26.408+0000] {processor.py:157} INFO - Started process (PID=1298) to work on /home/airflow/.local/lib/python3.7/site-packages/airflow/example_dags/example_task_group_decorator.py
[2023-06-13T02:43:26.411+0000] {processor.py:826} INFO - Processing file /home/airflow/.local/lib/python3.7/site-packages/airflow/example_dags/example_task_group_decorator.py for tasks to queue
[2023-06-13T02:43:26.414+0000] {logging_mixin.py:149} INFO - [2023-06-13T02:43:26.413+0000] {dagbag.py:541} INFO - Filling up the DagBag from /home/airflow/.local/lib/python3.7/site-packages/airflow/example_dags/example_task_group_decorator.py
[2023-06-13T02:43:26.449+0000] {processor.py:836} INFO - DAG(s) dict_keys(['example_task_group_decorator']) retrieved from /home/airflow/.local/lib/python3.7/site-packages/airflow/example_dags/example_task_group_decorator.py
[2023-06-13T02:43:26.560+0000] {logging_mixin.py:149} INFO - [2023-06-13T02:43:26.559+0000] {dag.py:2726} INFO - Sync 1 DAGs
[2023-06-13T02:43:26.697+0000] {logging_mixin.py:149} INFO - [2023-06-13T02:43:26.697+0000] {dag.py:3490} INFO - Setting next_dagrun for example_task_group_decorator to 2023-06-12T02:43:26.696679+00:00, run_after=2023-06-13T02:43:26.696679+00:00
[2023-06-13T02:43:26.782+0000] {processor.py:179} INFO - Processing /home/airflow/.local/lib/python3.7/site-packages/airflow/example_dags/example_task_group_decorator.py took 0.380 seconds
[2023-06-13T02:43:57.869+0000] {processor.py:157} INFO - Started process (PID=1358) to work on /home/airflow/.local/lib/python3.7/site-packages/airflow/example_dags/example_task_group_decorator.py
[2023-06-13T02:43:57.873+0000] {processor.py:826} INFO - Processing file /home/airflow/.local/lib/python3.7/site-packages/airflow/example_dags/example_task_group_decorator.py for tasks to queue
[2023-06-13T02:43:57.876+0000] {logging_mixin.py:149} INFO - [2023-06-13T02:43:57.875+0000] {dagbag.py:541} INFO - Filling up the DagBag from /home/airflow/.local/lib/python3.7/site-packages/airflow/example_dags/example_task_group_decorator.py
[2023-06-13T02:43:57.918+0000] {processor.py:836} INFO - DAG(s) dict_keys(['example_task_group_decorator']) retrieved from /home/airflow/.local/lib/python3.7/site-packages/airflow/example_dags/example_task_group_decorator.py
[2023-06-13T02:43:58.005+0000] {logging_mixin.py:149} INFO - [2023-06-13T02:43:58.004+0000] {dag.py:2726} INFO - Sync 1 DAGs
[2023-06-13T02:43:58.079+0000] {logging_mixin.py:149} INFO - [2023-06-13T02:43:58.078+0000] {dag.py:3490} INFO - Setting next_dagrun for example_task_group_decorator to 2023-06-12T02:43:58.078093+00:00, run_after=2023-06-13T02:43:58.078093+00:00
[2023-06-13T02:43:58.151+0000] {processor.py:179} INFO - Processing /home/airflow/.local/lib/python3.7/site-packages/airflow/example_dags/example_task_group_decorator.py took 0.289 seconds
[2023-06-13T02:44:28.662+0000] {processor.py:157} INFO - Started process (PID=1419) to work on /home/airflow/.local/lib/python3.7/site-packages/airflow/example_dags/example_task_group_decorator.py
[2023-06-13T02:44:28.667+0000] {processor.py:826} INFO - Processing file /home/airflow/.local/lib/python3.7/site-packages/airflow/example_dags/example_task_group_decorator.py for tasks to queue
[2023-06-13T02:44:28.672+0000] {logging_mixin.py:149} INFO - [2023-06-13T02:44:28.671+0000] {dagbag.py:541} INFO - Filling up the DagBag from /home/airflow/.local/lib/python3.7/site-packages/airflow/example_dags/example_task_group_decorator.py
[2023-06-13T02:44:28.749+0000] {processor.py:836} INFO - DAG(s) dict_keys(['example_task_group_decorator']) retrieved from /home/airflow/.local/lib/python3.7/site-packages/airflow/example_dags/example_task_group_decorator.py
[2023-06-13T02:44:28.866+0000] {logging_mixin.py:149} INFO - [2023-06-13T02:44:28.865+0000] {dag.py:2726} INFO - Sync 1 DAGs
[2023-06-13T02:44:28.980+0000] {logging_mixin.py:149} INFO - [2023-06-13T02:44:28.979+0000] {dag.py:3490} INFO - Setting next_dagrun for example_task_group_decorator to 2023-06-12T02:44:28.978006+00:00, run_after=2023-06-13T02:44:28.978006+00:00
[2023-06-13T02:44:29.054+0000] {processor.py:179} INFO - Processing /home/airflow/.local/lib/python3.7/site-packages/airflow/example_dags/example_task_group_decorator.py took 0.410 seconds
