[2023-06-13T01:50:00.445+0000] {processor.py:157} INFO - Started process (PID=57) to work on /home/airflow/.local/lib/python3.7/site-packages/airflow/example_dags/example_branch_operator.py
[2023-06-13T01:50:00.447+0000] {processor.py:826} INFO - Processing file /home/airflow/.local/lib/python3.7/site-packages/airflow/example_dags/example_branch_operator.py for tasks to queue
[2023-06-13T01:50:00.449+0000] {logging_mixin.py:149} INFO - [2023-06-13T01:50:00.449+0000] {dagbag.py:541} INFO - Filling up the DagBag from /home/airflow/.local/lib/python3.7/site-packages/airflow/example_dags/example_branch_operator.py
[2023-06-13T01:50:00.470+0000] {processor.py:836} INFO - DAG(s) dict_keys(['example_branch_operator']) retrieved from /home/airflow/.local/lib/python3.7/site-packages/airflow/example_dags/example_branch_operator.py
[2023-06-13T01:50:00.494+0000] {logging_mixin.py:149} INFO - [2023-06-13T01:50:00.494+0000] {dag.py:2726} INFO - Sync 1 DAGs
[2023-06-13T01:50:00.565+0000] {logging_mixin.py:149} INFO - [2023-06-13T01:50:00.565+0000] {dag.py:3490} INFO - Setting next_dagrun for example_branch_operator to 2023-06-12T00:00:00+00:00, run_after=2023-06-13T00:00:00+00:00
[2023-06-13T01:50:00.628+0000] {processor.py:179} INFO - Processing /home/airflow/.local/lib/python3.7/site-packages/airflow/example_dags/example_branch_operator.py took 0.188 seconds
[2023-06-13T01:50:30.971+0000] {processor.py:157} INFO - Started process (PID=117) to work on /home/airflow/.local/lib/python3.7/site-packages/airflow/example_dags/example_branch_operator.py
[2023-06-13T01:50:30.972+0000] {processor.py:826} INFO - Processing file /home/airflow/.local/lib/python3.7/site-packages/airflow/example_dags/example_branch_operator.py for tasks to queue
[2023-06-13T01:50:30.974+0000] {logging_mixin.py:149} INFO - [2023-06-13T01:50:30.974+0000] {dagbag.py:541} INFO - Filling up the DagBag from /home/airflow/.local/lib/python3.7/site-packages/airflow/example_dags/example_branch_operator.py
[2023-06-13T01:50:30.991+0000] {processor.py:836} INFO - DAG(s) dict_keys(['example_branch_operator']) retrieved from /home/airflow/.local/lib/python3.7/site-packages/airflow/example_dags/example_branch_operator.py
[2023-06-13T01:50:31.051+0000] {logging_mixin.py:149} INFO - [2023-06-13T01:50:31.051+0000] {dag.py:2726} INFO - Sync 1 DAGs
[2023-06-13T01:50:31.106+0000] {logging_mixin.py:149} INFO - [2023-06-13T01:50:31.106+0000] {dag.py:3490} INFO - Setting next_dagrun for example_branch_operator to 2023-06-12T00:00:00+00:00, run_after=2023-06-13T00:00:00+00:00
[2023-06-13T01:50:31.142+0000] {processor.py:179} INFO - Processing /home/airflow/.local/lib/python3.7/site-packages/airflow/example_dags/example_branch_operator.py took 0.176 seconds
[2023-06-13T01:51:02.321+0000] {processor.py:157} INFO - Started process (PID=177) to work on /home/airflow/.local/lib/python3.7/site-packages/airflow/example_dags/example_branch_operator.py
[2023-06-13T01:51:02.323+0000] {processor.py:826} INFO - Processing file /home/airflow/.local/lib/python3.7/site-packages/airflow/example_dags/example_branch_operator.py for tasks to queue
[2023-06-13T01:51:02.324+0000] {logging_mixin.py:149} INFO - [2023-06-13T01:51:02.324+0000] {dagbag.py:541} INFO - Filling up the DagBag from /home/airflow/.local/lib/python3.7/site-packages/airflow/example_dags/example_branch_operator.py
[2023-06-13T01:51:02.337+0000] {processor.py:836} INFO - DAG(s) dict_keys(['example_branch_operator']) retrieved from /home/airflow/.local/lib/python3.7/site-packages/airflow/example_dags/example_branch_operator.py
[2023-06-13T01:51:02.383+0000] {logging_mixin.py:149} INFO - [2023-06-13T01:51:02.383+0000] {dag.py:2726} INFO - Sync 1 DAGs
[2023-06-13T01:51:02.434+0000] {logging_mixin.py:149} INFO - [2023-06-13T01:51:02.433+0000] {dag.py:3490} INFO - Setting next_dagrun for example_branch_operator to 2023-06-12T00:00:00+00:00, run_after=2023-06-13T00:00:00+00:00
[2023-06-13T01:51:02.483+0000] {processor.py:179} INFO - Processing /home/airflow/.local/lib/python3.7/site-packages/airflow/example_dags/example_branch_operator.py took 0.169 seconds
[2023-06-13T01:51:32.931+0000] {processor.py:157} INFO - Started process (PID=237) to work on /home/airflow/.local/lib/python3.7/site-packages/airflow/example_dags/example_branch_operator.py
[2023-06-13T01:51:32.932+0000] {processor.py:826} INFO - Processing file /home/airflow/.local/lib/python3.7/site-packages/airflow/example_dags/example_branch_operator.py for tasks to queue
[2023-06-13T01:51:32.934+0000] {logging_mixin.py:149} INFO - [2023-06-13T01:51:32.933+0000] {dagbag.py:541} INFO - Filling up the DagBag from /home/airflow/.local/lib/python3.7/site-packages/airflow/example_dags/example_branch_operator.py
[2023-06-13T01:51:32.945+0000] {processor.py:836} INFO - DAG(s) dict_keys(['example_branch_operator']) retrieved from /home/airflow/.local/lib/python3.7/site-packages/airflow/example_dags/example_branch_operator.py
[2023-06-13T01:51:32.980+0000] {logging_mixin.py:149} INFO - [2023-06-13T01:51:32.980+0000] {dag.py:2726} INFO - Sync 1 DAGs
[2023-06-13T01:51:33.020+0000] {logging_mixin.py:149} INFO - [2023-06-13T01:51:33.020+0000] {dag.py:3490} INFO - Setting next_dagrun for example_branch_operator to 2023-06-12T00:00:00+00:00, run_after=2023-06-13T00:00:00+00:00
[2023-06-13T01:51:33.054+0000] {processor.py:179} INFO - Processing /home/airflow/.local/lib/python3.7/site-packages/airflow/example_dags/example_branch_operator.py took 0.127 seconds
[2023-06-13T01:53:53.978+0000] {processor.py:157} INFO - Started process (PID=64) to work on /home/airflow/.local/lib/python3.7/site-packages/airflow/example_dags/example_branch_operator.py
[2023-06-13T01:53:53.981+0000] {processor.py:826} INFO - Processing file /home/airflow/.local/lib/python3.7/site-packages/airflow/example_dags/example_branch_operator.py for tasks to queue
[2023-06-13T01:53:53.984+0000] {logging_mixin.py:149} INFO - [2023-06-13T01:53:53.983+0000] {dagbag.py:541} INFO - Filling up the DagBag from /home/airflow/.local/lib/python3.7/site-packages/airflow/example_dags/example_branch_operator.py
[2023-06-13T01:53:54.023+0000] {processor.py:836} INFO - DAG(s) dict_keys(['example_branch_operator']) retrieved from /home/airflow/.local/lib/python3.7/site-packages/airflow/example_dags/example_branch_operator.py
[2023-06-13T01:53:54.153+0000] {logging_mixin.py:149} INFO - [2023-06-13T01:53:54.152+0000] {dag.py:2726} INFO - Sync 1 DAGs
[2023-06-13T01:53:54.310+0000] {logging_mixin.py:149} INFO - [2023-06-13T01:53:54.309+0000] {dag.py:3490} INFO - Setting next_dagrun for example_branch_operator to 2023-06-12T00:00:00+00:00, run_after=2023-06-13T00:00:00+00:00
[2023-06-13T01:53:54.387+0000] {processor.py:179} INFO - Processing /home/airflow/.local/lib/python3.7/site-packages/airflow/example_dags/example_branch_operator.py took 0.419 seconds
[2023-06-13T01:54:24.730+0000] {processor.py:157} INFO - Started process (PID=125) to work on /home/airflow/.local/lib/python3.7/site-packages/airflow/example_dags/example_branch_operator.py
[2023-06-13T01:54:24.732+0000] {processor.py:826} INFO - Processing file /home/airflow/.local/lib/python3.7/site-packages/airflow/example_dags/example_branch_operator.py for tasks to queue
[2023-06-13T01:54:24.733+0000] {logging_mixin.py:149} INFO - [2023-06-13T01:54:24.733+0000] {dagbag.py:541} INFO - Filling up the DagBag from /home/airflow/.local/lib/python3.7/site-packages/airflow/example_dags/example_branch_operator.py
[2023-06-13T01:54:24.748+0000] {processor.py:836} INFO - DAG(s) dict_keys(['example_branch_operator']) retrieved from /home/airflow/.local/lib/python3.7/site-packages/airflow/example_dags/example_branch_operator.py
[2023-06-13T01:54:24.795+0000] {logging_mixin.py:149} INFO - [2023-06-13T01:54:24.795+0000] {dag.py:2726} INFO - Sync 1 DAGs
[2023-06-13T01:54:24.859+0000] {logging_mixin.py:149} INFO - [2023-06-13T01:54:24.858+0000] {dag.py:3490} INFO - Setting next_dagrun for example_branch_operator to 2023-06-12T00:00:00+00:00, run_after=2023-06-13T00:00:00+00:00
[2023-06-13T01:54:24.902+0000] {processor.py:179} INFO - Processing /home/airflow/.local/lib/python3.7/site-packages/airflow/example_dags/example_branch_operator.py took 0.175 seconds
[2023-06-13T01:54:55.480+0000] {processor.py:157} INFO - Started process (PID=185) to work on /home/airflow/.local/lib/python3.7/site-packages/airflow/example_dags/example_branch_operator.py
[2023-06-13T01:54:55.481+0000] {processor.py:826} INFO - Processing file /home/airflow/.local/lib/python3.7/site-packages/airflow/example_dags/example_branch_operator.py for tasks to queue
[2023-06-13T01:54:55.483+0000] {logging_mixin.py:149} INFO - [2023-06-13T01:54:55.483+0000] {dagbag.py:541} INFO - Filling up the DagBag from /home/airflow/.local/lib/python3.7/site-packages/airflow/example_dags/example_branch_operator.py
[2023-06-13T01:54:55.496+0000] {processor.py:836} INFO - DAG(s) dict_keys(['example_branch_operator']) retrieved from /home/airflow/.local/lib/python3.7/site-packages/airflow/example_dags/example_branch_operator.py
[2023-06-13T01:54:55.536+0000] {logging_mixin.py:149} INFO - [2023-06-13T01:54:55.536+0000] {dag.py:2726} INFO - Sync 1 DAGs
[2023-06-13T01:54:55.579+0000] {logging_mixin.py:149} INFO - [2023-06-13T01:54:55.579+0000] {dag.py:3490} INFO - Setting next_dagrun for example_branch_operator to 2023-06-12T00:00:00+00:00, run_after=2023-06-13T00:00:00+00:00
[2023-06-13T01:54:55.618+0000] {processor.py:179} INFO - Processing /home/airflow/.local/lib/python3.7/site-packages/airflow/example_dags/example_branch_operator.py took 0.142 seconds
[2023-06-13T01:55:25.682+0000] {processor.py:157} INFO - Started process (PID=246) to work on /home/airflow/.local/lib/python3.7/site-packages/airflow/example_dags/example_branch_operator.py
[2023-06-13T01:55:25.683+0000] {processor.py:826} INFO - Processing file /home/airflow/.local/lib/python3.7/site-packages/airflow/example_dags/example_branch_operator.py for tasks to queue
[2023-06-13T01:55:25.684+0000] {logging_mixin.py:149} INFO - [2023-06-13T01:55:25.684+0000] {dagbag.py:541} INFO - Filling up the DagBag from /home/airflow/.local/lib/python3.7/site-packages/airflow/example_dags/example_branch_operator.py
[2023-06-13T01:55:25.698+0000] {processor.py:836} INFO - DAG(s) dict_keys(['example_branch_operator']) retrieved from /home/airflow/.local/lib/python3.7/site-packages/airflow/example_dags/example_branch_operator.py
[2023-06-13T01:55:25.747+0000] {logging_mixin.py:149} INFO - [2023-06-13T01:55:25.747+0000] {dag.py:2726} INFO - Sync 1 DAGs
[2023-06-13T01:55:25.789+0000] {logging_mixin.py:149} INFO - [2023-06-13T01:55:25.789+0000] {dag.py:3490} INFO - Setting next_dagrun for example_branch_operator to 2023-06-12T00:00:00+00:00, run_after=2023-06-13T00:00:00+00:00
[2023-06-13T01:55:25.822+0000] {processor.py:179} INFO - Processing /home/airflow/.local/lib/python3.7/site-packages/airflow/example_dags/example_branch_operator.py took 0.144 seconds
[2023-06-13T01:55:56.112+0000] {processor.py:157} INFO - Started process (PID=306) to work on /home/airflow/.local/lib/python3.7/site-packages/airflow/example_dags/example_branch_operator.py
[2023-06-13T01:55:56.113+0000] {processor.py:826} INFO - Processing file /home/airflow/.local/lib/python3.7/site-packages/airflow/example_dags/example_branch_operator.py for tasks to queue
[2023-06-13T01:55:56.115+0000] {logging_mixin.py:149} INFO - [2023-06-13T01:55:56.114+0000] {dagbag.py:541} INFO - Filling up the DagBag from /home/airflow/.local/lib/python3.7/site-packages/airflow/example_dags/example_branch_operator.py
[2023-06-13T01:55:56.128+0000] {processor.py:836} INFO - DAG(s) dict_keys(['example_branch_operator']) retrieved from /home/airflow/.local/lib/python3.7/site-packages/airflow/example_dags/example_branch_operator.py
[2023-06-13T01:55:56.165+0000] {logging_mixin.py:149} INFO - [2023-06-13T01:55:56.165+0000] {dag.py:2726} INFO - Sync 1 DAGs
[2023-06-13T01:55:56.205+0000] {logging_mixin.py:149} INFO - [2023-06-13T01:55:56.205+0000] {dag.py:3490} INFO - Setting next_dagrun for example_branch_operator to 2023-06-12T00:00:00+00:00, run_after=2023-06-13T00:00:00+00:00
[2023-06-13T01:55:56.237+0000] {processor.py:179} INFO - Processing /home/airflow/.local/lib/python3.7/site-packages/airflow/example_dags/example_branch_operator.py took 0.129 seconds
[2023-06-13T01:56:26.600+0000] {processor.py:157} INFO - Started process (PID=366) to work on /home/airflow/.local/lib/python3.7/site-packages/airflow/example_dags/example_branch_operator.py
[2023-06-13T01:56:26.602+0000] {processor.py:826} INFO - Processing file /home/airflow/.local/lib/python3.7/site-packages/airflow/example_dags/example_branch_operator.py for tasks to queue
[2023-06-13T01:56:26.603+0000] {logging_mixin.py:149} INFO - [2023-06-13T01:56:26.603+0000] {dagbag.py:541} INFO - Filling up the DagBag from /home/airflow/.local/lib/python3.7/site-packages/airflow/example_dags/example_branch_operator.py
[2023-06-13T01:56:26.616+0000] {processor.py:836} INFO - DAG(s) dict_keys(['example_branch_operator']) retrieved from /home/airflow/.local/lib/python3.7/site-packages/airflow/example_dags/example_branch_operator.py
[2023-06-13T01:56:26.656+0000] {logging_mixin.py:149} INFO - [2023-06-13T01:56:26.656+0000] {dag.py:2726} INFO - Sync 1 DAGs
[2023-06-13T01:56:26.696+0000] {logging_mixin.py:149} INFO - [2023-06-13T01:56:26.696+0000] {dag.py:3490} INFO - Setting next_dagrun for example_branch_operator to 2023-06-12T00:00:00+00:00, run_after=2023-06-13T00:00:00+00:00
[2023-06-13T01:56:26.731+0000] {processor.py:179} INFO - Processing /home/airflow/.local/lib/python3.7/site-packages/airflow/example_dags/example_branch_operator.py took 0.134 seconds
[2023-06-13T01:56:56.995+0000] {processor.py:157} INFO - Started process (PID=427) to work on /home/airflow/.local/lib/python3.7/site-packages/airflow/example_dags/example_branch_operator.py
[2023-06-13T01:56:56.997+0000] {processor.py:826} INFO - Processing file /home/airflow/.local/lib/python3.7/site-packages/airflow/example_dags/example_branch_operator.py for tasks to queue
[2023-06-13T01:56:56.998+0000] {logging_mixin.py:149} INFO - [2023-06-13T01:56:56.998+0000] {dagbag.py:541} INFO - Filling up the DagBag from /home/airflow/.local/lib/python3.7/site-packages/airflow/example_dags/example_branch_operator.py
[2023-06-13T01:56:57.012+0000] {processor.py:836} INFO - DAG(s) dict_keys(['example_branch_operator']) retrieved from /home/airflow/.local/lib/python3.7/site-packages/airflow/example_dags/example_branch_operator.py
[2023-06-13T01:56:57.054+0000] {logging_mixin.py:149} INFO - [2023-06-13T01:56:57.053+0000] {dag.py:2726} INFO - Sync 1 DAGs
[2023-06-13T01:56:57.099+0000] {logging_mixin.py:149} INFO - [2023-06-13T01:56:57.098+0000] {dag.py:3490} INFO - Setting next_dagrun for example_branch_operator to 2023-06-12T00:00:00+00:00, run_after=2023-06-13T00:00:00+00:00
[2023-06-13T01:56:57.143+0000] {processor.py:179} INFO - Processing /home/airflow/.local/lib/python3.7/site-packages/airflow/example_dags/example_branch_operator.py took 0.152 seconds
[2023-06-13T01:57:28.007+0000] {processor.py:157} INFO - Started process (PID=487) to work on /home/airflow/.local/lib/python3.7/site-packages/airflow/example_dags/example_branch_operator.py
[2023-06-13T01:57:28.008+0000] {processor.py:826} INFO - Processing file /home/airflow/.local/lib/python3.7/site-packages/airflow/example_dags/example_branch_operator.py for tasks to queue
[2023-06-13T01:57:28.010+0000] {logging_mixin.py:149} INFO - [2023-06-13T01:57:28.009+0000] {dagbag.py:541} INFO - Filling up the DagBag from /home/airflow/.local/lib/python3.7/site-packages/airflow/example_dags/example_branch_operator.py
[2023-06-13T01:57:28.023+0000] {processor.py:836} INFO - DAG(s) dict_keys(['example_branch_operator']) retrieved from /home/airflow/.local/lib/python3.7/site-packages/airflow/example_dags/example_branch_operator.py
[2023-06-13T01:57:28.064+0000] {logging_mixin.py:149} INFO - [2023-06-13T01:57:28.064+0000] {dag.py:2726} INFO - Sync 1 DAGs
[2023-06-13T01:57:28.113+0000] {logging_mixin.py:149} INFO - [2023-06-13T01:57:28.113+0000] {dag.py:3490} INFO - Setting next_dagrun for example_branch_operator to 2023-06-12T00:00:00+00:00, run_after=2023-06-13T00:00:00+00:00
[2023-06-13T01:57:28.159+0000] {processor.py:179} INFO - Processing /home/airflow/.local/lib/python3.7/site-packages/airflow/example_dags/example_branch_operator.py took 0.156 seconds
[2023-06-13T01:57:58.680+0000] {processor.py:157} INFO - Started process (PID=547) to work on /home/airflow/.local/lib/python3.7/site-packages/airflow/example_dags/example_branch_operator.py
[2023-06-13T01:57:58.682+0000] {processor.py:826} INFO - Processing file /home/airflow/.local/lib/python3.7/site-packages/airflow/example_dags/example_branch_operator.py for tasks to queue
[2023-06-13T01:57:58.683+0000] {logging_mixin.py:149} INFO - [2023-06-13T01:57:58.683+0000] {dagbag.py:541} INFO - Filling up the DagBag from /home/airflow/.local/lib/python3.7/site-packages/airflow/example_dags/example_branch_operator.py
[2023-06-13T01:57:58.697+0000] {processor.py:836} INFO - DAG(s) dict_keys(['example_branch_operator']) retrieved from /home/airflow/.local/lib/python3.7/site-packages/airflow/example_dags/example_branch_operator.py
[2023-06-13T01:57:58.716+0000] {logging_mixin.py:149} INFO - [2023-06-13T01:57:58.716+0000] {dag.py:2726} INFO - Sync 1 DAGs
[2023-06-13T01:57:58.763+0000] {logging_mixin.py:149} INFO - [2023-06-13T01:57:58.762+0000] {dag.py:3490} INFO - Setting next_dagrun for example_branch_operator to 2023-06-12T00:00:00+00:00, run_after=2023-06-13T00:00:00+00:00
[2023-06-13T01:57:58.801+0000] {processor.py:179} INFO - Processing /home/airflow/.local/lib/python3.7/site-packages/airflow/example_dags/example_branch_operator.py took 0.124 seconds
[2023-06-13T01:58:29.075+0000] {processor.py:157} INFO - Started process (PID=607) to work on /home/airflow/.local/lib/python3.7/site-packages/airflow/example_dags/example_branch_operator.py
[2023-06-13T01:58:29.076+0000] {processor.py:826} INFO - Processing file /home/airflow/.local/lib/python3.7/site-packages/airflow/example_dags/example_branch_operator.py for tasks to queue
[2023-06-13T01:58:29.078+0000] {logging_mixin.py:149} INFO - [2023-06-13T01:58:29.078+0000] {dagbag.py:541} INFO - Filling up the DagBag from /home/airflow/.local/lib/python3.7/site-packages/airflow/example_dags/example_branch_operator.py
[2023-06-13T01:58:29.097+0000] {processor.py:836} INFO - DAG(s) dict_keys(['example_branch_operator']) retrieved from /home/airflow/.local/lib/python3.7/site-packages/airflow/example_dags/example_branch_operator.py
[2023-06-13T01:58:29.146+0000] {logging_mixin.py:149} INFO - [2023-06-13T01:58:29.145+0000] {dag.py:2726} INFO - Sync 1 DAGs
[2023-06-13T01:58:29.212+0000] {logging_mixin.py:149} INFO - [2023-06-13T01:58:29.211+0000] {dag.py:3490} INFO - Setting next_dagrun for example_branch_operator to 2023-06-12T00:00:00+00:00, run_after=2023-06-13T00:00:00+00:00
[2023-06-13T01:58:29.256+0000] {processor.py:179} INFO - Processing /home/airflow/.local/lib/python3.7/site-packages/airflow/example_dags/example_branch_operator.py took 0.186 seconds
[2023-06-13T01:58:59.412+0000] {processor.py:157} INFO - Started process (PID=667) to work on /home/airflow/.local/lib/python3.7/site-packages/airflow/example_dags/example_branch_operator.py
[2023-06-13T01:58:59.414+0000] {processor.py:826} INFO - Processing file /home/airflow/.local/lib/python3.7/site-packages/airflow/example_dags/example_branch_operator.py for tasks to queue
[2023-06-13T01:58:59.415+0000] {logging_mixin.py:149} INFO - [2023-06-13T01:58:59.415+0000] {dagbag.py:541} INFO - Filling up the DagBag from /home/airflow/.local/lib/python3.7/site-packages/airflow/example_dags/example_branch_operator.py
[2023-06-13T01:58:59.428+0000] {processor.py:836} INFO - DAG(s) dict_keys(['example_branch_operator']) retrieved from /home/airflow/.local/lib/python3.7/site-packages/airflow/example_dags/example_branch_operator.py
[2023-06-13T01:58:59.473+0000] {logging_mixin.py:149} INFO - [2023-06-13T01:58:59.473+0000] {dag.py:2726} INFO - Sync 1 DAGs
[2023-06-13T01:58:59.517+0000] {logging_mixin.py:149} INFO - [2023-06-13T01:58:59.517+0000] {dag.py:3490} INFO - Setting next_dagrun for example_branch_operator to 2023-06-12T00:00:00+00:00, run_after=2023-06-13T00:00:00+00:00
[2023-06-13T01:58:59.549+0000] {processor.py:179} INFO - Processing /home/airflow/.local/lib/python3.7/site-packages/airflow/example_dags/example_branch_operator.py took 0.140 seconds
[2023-06-13T01:59:29.799+0000] {processor.py:157} INFO - Started process (PID=727) to work on /home/airflow/.local/lib/python3.7/site-packages/airflow/example_dags/example_branch_operator.py
[2023-06-13T01:59:29.801+0000] {processor.py:826} INFO - Processing file /home/airflow/.local/lib/python3.7/site-packages/airflow/example_dags/example_branch_operator.py for tasks to queue
[2023-06-13T01:59:29.803+0000] {logging_mixin.py:149} INFO - [2023-06-13T01:59:29.803+0000] {dagbag.py:541} INFO - Filling up the DagBag from /home/airflow/.local/lib/python3.7/site-packages/airflow/example_dags/example_branch_operator.py
[2023-06-13T01:59:29.819+0000] {processor.py:836} INFO - DAG(s) dict_keys(['example_branch_operator']) retrieved from /home/airflow/.local/lib/python3.7/site-packages/airflow/example_dags/example_branch_operator.py
[2023-06-13T01:59:29.859+0000] {logging_mixin.py:149} INFO - [2023-06-13T01:59:29.859+0000] {dag.py:2726} INFO - Sync 1 DAGs
[2023-06-13T01:59:29.905+0000] {logging_mixin.py:149} INFO - [2023-06-13T01:59:29.905+0000] {dag.py:3490} INFO - Setting next_dagrun for example_branch_operator to 2023-06-12T00:00:00+00:00, run_after=2023-06-13T00:00:00+00:00
[2023-06-13T01:59:29.941+0000] {processor.py:179} INFO - Processing /home/airflow/.local/lib/python3.7/site-packages/airflow/example_dags/example_branch_operator.py took 0.146 seconds
[2023-06-13T02:01:02.745+0000] {processor.py:157} INFO - Started process (PID=64) to work on /home/airflow/.local/lib/python3.7/site-packages/airflow/example_dags/example_branch_operator.py
[2023-06-13T02:01:02.749+0000] {processor.py:826} INFO - Processing file /home/airflow/.local/lib/python3.7/site-packages/airflow/example_dags/example_branch_operator.py for tasks to queue
[2023-06-13T02:01:02.753+0000] {logging_mixin.py:149} INFO - [2023-06-13T02:01:02.752+0000] {dagbag.py:541} INFO - Filling up the DagBag from /home/airflow/.local/lib/python3.7/site-packages/airflow/example_dags/example_branch_operator.py
[2023-06-13T02:01:02.797+0000] {processor.py:836} INFO - DAG(s) dict_keys(['example_branch_operator']) retrieved from /home/airflow/.local/lib/python3.7/site-packages/airflow/example_dags/example_branch_operator.py
[2023-06-13T02:01:02.918+0000] {logging_mixin.py:149} INFO - [2023-06-13T02:01:02.918+0000] {dag.py:2726} INFO - Sync 1 DAGs
[2023-06-13T02:01:03.021+0000] {logging_mixin.py:149} INFO - [2023-06-13T02:01:03.021+0000] {dag.py:3490} INFO - Setting next_dagrun for example_branch_operator to 2023-06-12T00:00:00+00:00, run_after=2023-06-13T00:00:00+00:00
[2023-06-13T02:01:03.094+0000] {processor.py:179} INFO - Processing /home/airflow/.local/lib/python3.7/site-packages/airflow/example_dags/example_branch_operator.py took 0.362 seconds
[2023-06-13T02:01:34.034+0000] {processor.py:157} INFO - Started process (PID=123) to work on /home/airflow/.local/lib/python3.7/site-packages/airflow/example_dags/example_branch_operator.py
[2023-06-13T02:01:34.037+0000] {processor.py:826} INFO - Processing file /home/airflow/.local/lib/python3.7/site-packages/airflow/example_dags/example_branch_operator.py for tasks to queue
[2023-06-13T02:01:34.040+0000] {logging_mixin.py:149} INFO - [2023-06-13T02:01:34.039+0000] {dagbag.py:541} INFO - Filling up the DagBag from /home/airflow/.local/lib/python3.7/site-packages/airflow/example_dags/example_branch_operator.py
[2023-06-13T02:01:34.070+0000] {processor.py:836} INFO - DAG(s) dict_keys(['example_branch_operator']) retrieved from /home/airflow/.local/lib/python3.7/site-packages/airflow/example_dags/example_branch_operator.py
[2023-06-13T02:01:34.152+0000] {logging_mixin.py:149} INFO - [2023-06-13T02:01:34.151+0000] {dag.py:2726} INFO - Sync 1 DAGs
[2023-06-13T02:01:34.230+0000] {logging_mixin.py:149} INFO - [2023-06-13T02:01:34.229+0000] {dag.py:3490} INFO - Setting next_dagrun for example_branch_operator to 2023-06-12T00:00:00+00:00, run_after=2023-06-13T00:00:00+00:00
[2023-06-13T02:01:34.292+0000] {processor.py:179} INFO - Processing /home/airflow/.local/lib/python3.7/site-packages/airflow/example_dags/example_branch_operator.py took 0.266 seconds
[2023-06-13T02:02:07.502+0000] {processor.py:157} INFO - Started process (PID=183) to work on /home/airflow/.local/lib/python3.7/site-packages/airflow/example_dags/example_branch_operator.py
[2023-06-13T02:02:07.507+0000] {processor.py:826} INFO - Processing file /home/airflow/.local/lib/python3.7/site-packages/airflow/example_dags/example_branch_operator.py for tasks to queue
[2023-06-13T02:02:07.521+0000] {logging_mixin.py:149} INFO - [2023-06-13T02:02:07.520+0000] {dagbag.py:541} INFO - Filling up the DagBag from /home/airflow/.local/lib/python3.7/site-packages/airflow/example_dags/example_branch_operator.py
[2023-06-13T02:02:07.600+0000] {processor.py:836} INFO - DAG(s) dict_keys(['example_branch_operator']) retrieved from /home/airflow/.local/lib/python3.7/site-packages/airflow/example_dags/example_branch_operator.py
[2023-06-13T02:02:07.812+0000] {logging_mixin.py:149} INFO - [2023-06-13T02:02:07.811+0000] {dag.py:2726} INFO - Sync 1 DAGs
[2023-06-13T02:02:08.003+0000] {logging_mixin.py:149} INFO - [2023-06-13T02:02:08.002+0000] {dag.py:3490} INFO - Setting next_dagrun for example_branch_operator to 2023-06-12T00:00:00+00:00, run_after=2023-06-13T00:00:00+00:00
[2023-06-13T02:02:08.139+0000] {processor.py:179} INFO - Processing /home/airflow/.local/lib/python3.7/site-packages/airflow/example_dags/example_branch_operator.py took 0.667 seconds
[2023-06-13T02:32:27.573+0000] {processor.py:157} INFO - Started process (PID=69) to work on /home/airflow/.local/lib/python3.7/site-packages/airflow/example_dags/example_branch_operator.py
[2023-06-13T02:32:27.577+0000] {processor.py:826} INFO - Processing file /home/airflow/.local/lib/python3.7/site-packages/airflow/example_dags/example_branch_operator.py for tasks to queue
[2023-06-13T02:32:27.580+0000] {logging_mixin.py:149} INFO - [2023-06-13T02:32:27.579+0000] {dagbag.py:541} INFO - Filling up the DagBag from /home/airflow/.local/lib/python3.7/site-packages/airflow/example_dags/example_branch_operator.py
[2023-06-13T02:32:27.641+0000] {processor.py:836} INFO - DAG(s) dict_keys(['example_branch_operator']) retrieved from /home/airflow/.local/lib/python3.7/site-packages/airflow/example_dags/example_branch_operator.py
[2023-06-13T02:32:27.913+0000] {logging_mixin.py:149} INFO - [2023-06-13T02:32:27.912+0000] {dag.py:2726} INFO - Sync 1 DAGs
[2023-06-13T02:32:28.146+0000] {logging_mixin.py:149} INFO - [2023-06-13T02:32:28.145+0000] {dag.py:3490} INFO - Setting next_dagrun for example_branch_operator to 2023-06-12T00:00:00+00:00, run_after=2023-06-13T00:00:00+00:00
[2023-06-13T02:32:28.279+0000] {processor.py:179} INFO - Processing /home/airflow/.local/lib/python3.7/site-packages/airflow/example_dags/example_branch_operator.py took 0.714 seconds
[2023-06-13T02:32:58.491+0000] {processor.py:157} INFO - Started process (PID=135) to work on /home/airflow/.local/lib/python3.7/site-packages/airflow/example_dags/example_branch_operator.py
[2023-06-13T02:32:58.494+0000] {processor.py:826} INFO - Processing file /home/airflow/.local/lib/python3.7/site-packages/airflow/example_dags/example_branch_operator.py for tasks to queue
[2023-06-13T02:32:58.496+0000] {logging_mixin.py:149} INFO - [2023-06-13T02:32:58.496+0000] {dagbag.py:541} INFO - Filling up the DagBag from /home/airflow/.local/lib/python3.7/site-packages/airflow/example_dags/example_branch_operator.py
[2023-06-13T02:32:58.513+0000] {processor.py:836} INFO - DAG(s) dict_keys(['example_branch_operator']) retrieved from /home/airflow/.local/lib/python3.7/site-packages/airflow/example_dags/example_branch_operator.py
[2023-06-13T02:32:58.569+0000] {logging_mixin.py:149} INFO - [2023-06-13T02:32:58.568+0000] {dag.py:2726} INFO - Sync 1 DAGs
[2023-06-13T02:32:58.628+0000] {logging_mixin.py:149} INFO - [2023-06-13T02:32:58.626+0000] {dag.py:3490} INFO - Setting next_dagrun for example_branch_operator to 2023-06-12T00:00:00+00:00, run_after=2023-06-13T00:00:00+00:00
[2023-06-13T02:32:58.687+0000] {processor.py:179} INFO - Processing /home/airflow/.local/lib/python3.7/site-packages/airflow/example_dags/example_branch_operator.py took 0.201 seconds
[2023-06-13T02:33:49.418+0000] {processor.py:157} INFO - Started process (PID=194) to work on /home/airflow/.local/lib/python3.7/site-packages/airflow/example_dags/example_branch_operator.py
[2023-06-13T02:33:49.423+0000] {processor.py:826} INFO - Processing file /home/airflow/.local/lib/python3.7/site-packages/airflow/example_dags/example_branch_operator.py for tasks to queue
[2023-06-13T02:33:49.430+0000] {logging_mixin.py:149} INFO - [2023-06-13T02:33:49.430+0000] {dagbag.py:541} INFO - Filling up the DagBag from /home/airflow/.local/lib/python3.7/site-packages/airflow/example_dags/example_branch_operator.py
[2023-06-13T02:33:49.522+0000] {processor.py:836} INFO - DAG(s) dict_keys(['example_branch_operator']) retrieved from /home/airflow/.local/lib/python3.7/site-packages/airflow/example_dags/example_branch_operator.py
[2023-06-13T02:33:49.756+0000] {logging_mixin.py:149} INFO - [2023-06-13T02:33:49.756+0000] {dag.py:2726} INFO - Sync 1 DAGs
[2023-06-13T02:33:50.367+0000] {logging_mixin.py:149} INFO - [2023-06-13T02:33:50.367+0000] {dag.py:3490} INFO - Setting next_dagrun for example_branch_operator to 2023-06-12T00:00:00+00:00, run_after=2023-06-13T00:00:00+00:00
[2023-06-13T02:33:50.474+0000] {processor.py:179} INFO - Processing /home/airflow/.local/lib/python3.7/site-packages/airflow/example_dags/example_branch_operator.py took 1.075 seconds
[2023-06-13T02:34:29.806+0000] {processor.py:157} INFO - Started process (PID=254) to work on /home/airflow/.local/lib/python3.7/site-packages/airflow/example_dags/example_branch_operator.py
[2023-06-13T02:34:29.809+0000] {processor.py:826} INFO - Processing file /home/airflow/.local/lib/python3.7/site-packages/airflow/example_dags/example_branch_operator.py for tasks to queue
[2023-06-13T02:34:29.812+0000] {logging_mixin.py:149} INFO - [2023-06-13T02:34:29.811+0000] {dagbag.py:541} INFO - Filling up the DagBag from /home/airflow/.local/lib/python3.7/site-packages/airflow/example_dags/example_branch_operator.py
[2023-06-13T02:34:29.843+0000] {processor.py:836} INFO - DAG(s) dict_keys(['example_branch_operator']) retrieved from /home/airflow/.local/lib/python3.7/site-packages/airflow/example_dags/example_branch_operator.py
[2023-06-13T02:34:29.943+0000] {logging_mixin.py:149} INFO - [2023-06-13T02:34:29.942+0000] {dag.py:2726} INFO - Sync 1 DAGs
[2023-06-13T02:34:30.040+0000] {logging_mixin.py:149} INFO - [2023-06-13T02:34:30.039+0000] {dag.py:3490} INFO - Setting next_dagrun for example_branch_operator to 2023-06-12T00:00:00+00:00, run_after=2023-06-13T00:00:00+00:00
[2023-06-13T02:34:30.131+0000] {processor.py:179} INFO - Processing /home/airflow/.local/lib/python3.7/site-packages/airflow/example_dags/example_branch_operator.py took 0.334 seconds
[2023-06-13T02:35:02.561+0000] {processor.py:157} INFO - Started process (PID=321) to work on /home/airflow/.local/lib/python3.7/site-packages/airflow/example_dags/example_branch_operator.py
[2023-06-13T02:35:02.565+0000] {processor.py:826} INFO - Processing file /home/airflow/.local/lib/python3.7/site-packages/airflow/example_dags/example_branch_operator.py for tasks to queue
[2023-06-13T02:35:02.569+0000] {logging_mixin.py:149} INFO - [2023-06-13T02:35:02.568+0000] {dagbag.py:541} INFO - Filling up the DagBag from /home/airflow/.local/lib/python3.7/site-packages/airflow/example_dags/example_branch_operator.py
[2023-06-13T02:35:02.609+0000] {processor.py:836} INFO - DAG(s) dict_keys(['example_branch_operator']) retrieved from /home/airflow/.local/lib/python3.7/site-packages/airflow/example_dags/example_branch_operator.py
[2023-06-13T02:35:02.735+0000] {logging_mixin.py:149} INFO - [2023-06-13T02:35:02.734+0000] {dag.py:2726} INFO - Sync 1 DAGs
[2023-06-13T02:35:02.889+0000] {logging_mixin.py:149} INFO - [2023-06-13T02:35:02.889+0000] {dag.py:3490} INFO - Setting next_dagrun for example_branch_operator to 2023-06-12T00:00:00+00:00, run_after=2023-06-13T00:00:00+00:00
[2023-06-13T02:35:02.982+0000] {processor.py:179} INFO - Processing /home/airflow/.local/lib/python3.7/site-packages/airflow/example_dags/example_branch_operator.py took 0.431 seconds
[2023-06-13T02:35:34.112+0000] {processor.py:157} INFO - Started process (PID=382) to work on /home/airflow/.local/lib/python3.7/site-packages/airflow/example_dags/example_branch_operator.py
[2023-06-13T02:35:34.117+0000] {processor.py:826} INFO - Processing file /home/airflow/.local/lib/python3.7/site-packages/airflow/example_dags/example_branch_operator.py for tasks to queue
[2023-06-13T02:35:34.123+0000] {logging_mixin.py:149} INFO - [2023-06-13T02:35:34.123+0000] {dagbag.py:541} INFO - Filling up the DagBag from /home/airflow/.local/lib/python3.7/site-packages/airflow/example_dags/example_branch_operator.py
[2023-06-13T02:35:34.189+0000] {processor.py:836} INFO - DAG(s) dict_keys(['example_branch_operator']) retrieved from /home/airflow/.local/lib/python3.7/site-packages/airflow/example_dags/example_branch_operator.py
[2023-06-13T02:35:34.442+0000] {logging_mixin.py:149} INFO - [2023-06-13T02:35:34.441+0000] {dag.py:2726} INFO - Sync 1 DAGs
[2023-06-13T02:35:34.586+0000] {logging_mixin.py:149} INFO - [2023-06-13T02:35:34.585+0000] {dag.py:3490} INFO - Setting next_dagrun for example_branch_operator to 2023-06-12T00:00:00+00:00, run_after=2023-06-13T00:00:00+00:00
[2023-06-13T02:35:34.711+0000] {processor.py:179} INFO - Processing /home/airflow/.local/lib/python3.7/site-packages/airflow/example_dags/example_branch_operator.py took 0.622 seconds
[2023-06-13T02:36:07.157+0000] {processor.py:157} INFO - Started process (PID=441) to work on /home/airflow/.local/lib/python3.7/site-packages/airflow/example_dags/example_branch_operator.py
[2023-06-13T02:36:07.160+0000] {processor.py:826} INFO - Processing file /home/airflow/.local/lib/python3.7/site-packages/airflow/example_dags/example_branch_operator.py for tasks to queue
[2023-06-13T02:36:07.168+0000] {logging_mixin.py:149} INFO - [2023-06-13T02:36:07.167+0000] {dagbag.py:541} INFO - Filling up the DagBag from /home/airflow/.local/lib/python3.7/site-packages/airflow/example_dags/example_branch_operator.py
[2023-06-13T02:36:07.214+0000] {processor.py:836} INFO - DAG(s) dict_keys(['example_branch_operator']) retrieved from /home/airflow/.local/lib/python3.7/site-packages/airflow/example_dags/example_branch_operator.py
[2023-06-13T02:36:07.323+0000] {logging_mixin.py:149} INFO - [2023-06-13T02:36:07.322+0000] {dag.py:2726} INFO - Sync 1 DAGs
[2023-06-13T02:36:07.438+0000] {logging_mixin.py:149} INFO - [2023-06-13T02:36:07.437+0000] {dag.py:3490} INFO - Setting next_dagrun for example_branch_operator to 2023-06-12T00:00:00+00:00, run_after=2023-06-13T00:00:00+00:00
[2023-06-13T02:36:07.544+0000] {processor.py:179} INFO - Processing /home/airflow/.local/lib/python3.7/site-packages/airflow/example_dags/example_branch_operator.py took 0.406 seconds
[2023-06-13T02:36:38.074+0000] {processor.py:157} INFO - Started process (PID=504) to work on /home/airflow/.local/lib/python3.7/site-packages/airflow/example_dags/example_branch_operator.py
[2023-06-13T02:36:38.077+0000] {processor.py:826} INFO - Processing file /home/airflow/.local/lib/python3.7/site-packages/airflow/example_dags/example_branch_operator.py for tasks to queue
[2023-06-13T02:36:38.079+0000] {logging_mixin.py:149} INFO - [2023-06-13T02:36:38.079+0000] {dagbag.py:541} INFO - Filling up the DagBag from /home/airflow/.local/lib/python3.7/site-packages/airflow/example_dags/example_branch_operator.py
[2023-06-13T02:36:38.100+0000] {processor.py:836} INFO - DAG(s) dict_keys(['example_branch_operator']) retrieved from /home/airflow/.local/lib/python3.7/site-packages/airflow/example_dags/example_branch_operator.py
[2023-06-13T02:36:38.171+0000] {logging_mixin.py:149} INFO - [2023-06-13T02:36:38.171+0000] {dag.py:2726} INFO - Sync 1 DAGs
[2023-06-13T02:36:38.239+0000] {logging_mixin.py:149} INFO - [2023-06-13T02:36:38.239+0000] {dag.py:3490} INFO - Setting next_dagrun for example_branch_operator to 2023-06-12T00:00:00+00:00, run_after=2023-06-13T00:00:00+00:00
[2023-06-13T02:36:38.299+0000] {processor.py:179} INFO - Processing /home/airflow/.local/lib/python3.7/site-packages/airflow/example_dags/example_branch_operator.py took 0.230 seconds
[2023-06-13T02:37:09.541+0000] {processor.py:157} INFO - Started process (PID=564) to work on /home/airflow/.local/lib/python3.7/site-packages/airflow/example_dags/example_branch_operator.py
[2023-06-13T02:37:09.545+0000] {processor.py:826} INFO - Processing file /home/airflow/.local/lib/python3.7/site-packages/airflow/example_dags/example_branch_operator.py for tasks to queue
[2023-06-13T02:37:09.549+0000] {logging_mixin.py:149} INFO - [2023-06-13T02:37:09.549+0000] {dagbag.py:541} INFO - Filling up the DagBag from /home/airflow/.local/lib/python3.7/site-packages/airflow/example_dags/example_branch_operator.py
[2023-06-13T02:37:09.591+0000] {processor.py:836} INFO - DAG(s) dict_keys(['example_branch_operator']) retrieved from /home/airflow/.local/lib/python3.7/site-packages/airflow/example_dags/example_branch_operator.py
[2023-06-13T02:37:09.700+0000] {logging_mixin.py:149} INFO - [2023-06-13T02:37:09.700+0000] {dag.py:2726} INFO - Sync 1 DAGs
[2023-06-13T02:37:09.820+0000] {logging_mixin.py:149} INFO - [2023-06-13T02:37:09.819+0000] {dag.py:3490} INFO - Setting next_dagrun for example_branch_operator to 2023-06-12T00:00:00+00:00, run_after=2023-06-13T00:00:00+00:00
[2023-06-13T02:37:09.926+0000] {processor.py:179} INFO - Processing /home/airflow/.local/lib/python3.7/site-packages/airflow/example_dags/example_branch_operator.py took 0.394 seconds
[2023-06-13T02:37:40.905+0000] {processor.py:157} INFO - Started process (PID=624) to work on /home/airflow/.local/lib/python3.7/site-packages/airflow/example_dags/example_branch_operator.py
[2023-06-13T02:37:40.908+0000] {processor.py:826} INFO - Processing file /home/airflow/.local/lib/python3.7/site-packages/airflow/example_dags/example_branch_operator.py for tasks to queue
[2023-06-13T02:37:40.911+0000] {logging_mixin.py:149} INFO - [2023-06-13T02:37:40.911+0000] {dagbag.py:541} INFO - Filling up the DagBag from /home/airflow/.local/lib/python3.7/site-packages/airflow/example_dags/example_branch_operator.py
[2023-06-13T02:37:40.943+0000] {processor.py:836} INFO - DAG(s) dict_keys(['example_branch_operator']) retrieved from /home/airflow/.local/lib/python3.7/site-packages/airflow/example_dags/example_branch_operator.py
[2023-06-13T02:37:41.012+0000] {logging_mixin.py:149} INFO - [2023-06-13T02:37:41.011+0000] {dag.py:2726} INFO - Sync 1 DAGs
[2023-06-13T02:37:41.080+0000] {logging_mixin.py:149} INFO - [2023-06-13T02:37:41.080+0000] {dag.py:3490} INFO - Setting next_dagrun for example_branch_operator to 2023-06-12T00:00:00+00:00, run_after=2023-06-13T00:00:00+00:00
[2023-06-13T02:37:41.160+0000] {processor.py:179} INFO - Processing /home/airflow/.local/lib/python3.7/site-packages/airflow/example_dags/example_branch_operator.py took 0.261 seconds
[2023-06-13T02:38:11.696+0000] {processor.py:157} INFO - Started process (PID=685) to work on /home/airflow/.local/lib/python3.7/site-packages/airflow/example_dags/example_branch_operator.py
[2023-06-13T02:38:11.698+0000] {processor.py:826} INFO - Processing file /home/airflow/.local/lib/python3.7/site-packages/airflow/example_dags/example_branch_operator.py for tasks to queue
[2023-06-13T02:38:11.701+0000] {logging_mixin.py:149} INFO - [2023-06-13T02:38:11.700+0000] {dagbag.py:541} INFO - Filling up the DagBag from /home/airflow/.local/lib/python3.7/site-packages/airflow/example_dags/example_branch_operator.py
[2023-06-13T02:38:11.728+0000] {processor.py:836} INFO - DAG(s) dict_keys(['example_branch_operator']) retrieved from /home/airflow/.local/lib/python3.7/site-packages/airflow/example_dags/example_branch_operator.py
[2023-06-13T02:38:11.853+0000] {logging_mixin.py:149} INFO - [2023-06-13T02:38:11.852+0000] {dag.py:2726} INFO - Sync 1 DAGs
[2023-06-13T02:38:11.957+0000] {logging_mixin.py:149} INFO - [2023-06-13T02:38:11.956+0000] {dag.py:3490} INFO - Setting next_dagrun for example_branch_operator to 2023-06-12T00:00:00+00:00, run_after=2023-06-13T00:00:00+00:00
[2023-06-13T02:38:12.023+0000] {processor.py:179} INFO - Processing /home/airflow/.local/lib/python3.7/site-packages/airflow/example_dags/example_branch_operator.py took 0.334 seconds
[2023-06-13T02:38:42.951+0000] {processor.py:157} INFO - Started process (PID=745) to work on /home/airflow/.local/lib/python3.7/site-packages/airflow/example_dags/example_branch_operator.py
[2023-06-13T02:38:42.954+0000] {processor.py:826} INFO - Processing file /home/airflow/.local/lib/python3.7/site-packages/airflow/example_dags/example_branch_operator.py for tasks to queue
[2023-06-13T02:38:42.957+0000] {logging_mixin.py:149} INFO - [2023-06-13T02:38:42.956+0000] {dagbag.py:541} INFO - Filling up the DagBag from /home/airflow/.local/lib/python3.7/site-packages/airflow/example_dags/example_branch_operator.py
[2023-06-13T02:38:42.984+0000] {processor.py:836} INFO - DAG(s) dict_keys(['example_branch_operator']) retrieved from /home/airflow/.local/lib/python3.7/site-packages/airflow/example_dags/example_branch_operator.py
[2023-06-13T02:38:43.069+0000] {logging_mixin.py:149} INFO - [2023-06-13T02:38:43.068+0000] {dag.py:2726} INFO - Sync 1 DAGs
[2023-06-13T02:38:43.158+0000] {logging_mixin.py:149} INFO - [2023-06-13T02:38:43.158+0000] {dag.py:3490} INFO - Setting next_dagrun for example_branch_operator to 2023-06-12T00:00:00+00:00, run_after=2023-06-13T00:00:00+00:00
[2023-06-13T02:38:43.236+0000] {processor.py:179} INFO - Processing /home/airflow/.local/lib/python3.7/site-packages/airflow/example_dags/example_branch_operator.py took 0.292 seconds
[2023-06-13T02:39:14.155+0000] {processor.py:157} INFO - Started process (PID=805) to work on /home/airflow/.local/lib/python3.7/site-packages/airflow/example_dags/example_branch_operator.py
[2023-06-13T02:39:14.158+0000] {processor.py:826} INFO - Processing file /home/airflow/.local/lib/python3.7/site-packages/airflow/example_dags/example_branch_operator.py for tasks to queue
[2023-06-13T02:39:14.164+0000] {logging_mixin.py:149} INFO - [2023-06-13T02:39:14.163+0000] {dagbag.py:541} INFO - Filling up the DagBag from /home/airflow/.local/lib/python3.7/site-packages/airflow/example_dags/example_branch_operator.py
[2023-06-13T02:39:14.200+0000] {processor.py:836} INFO - DAG(s) dict_keys(['example_branch_operator']) retrieved from /home/airflow/.local/lib/python3.7/site-packages/airflow/example_dags/example_branch_operator.py
[2023-06-13T02:39:14.365+0000] {logging_mixin.py:149} INFO - [2023-06-13T02:39:14.364+0000] {dag.py:2726} INFO - Sync 1 DAGs
[2023-06-13T02:39:14.493+0000] {logging_mixin.py:149} INFO - [2023-06-13T02:39:14.491+0000] {dag.py:3490} INFO - Setting next_dagrun for example_branch_operator to 2023-06-12T00:00:00+00:00, run_after=2023-06-13T00:00:00+00:00
[2023-06-13T02:39:14.587+0000] {processor.py:179} INFO - Processing /home/airflow/.local/lib/python3.7/site-packages/airflow/example_dags/example_branch_operator.py took 0.441 seconds
[2023-06-13T02:39:45.333+0000] {processor.py:157} INFO - Started process (PID=865) to work on /home/airflow/.local/lib/python3.7/site-packages/airflow/example_dags/example_branch_operator.py
[2023-06-13T02:39:45.337+0000] {processor.py:826} INFO - Processing file /home/airflow/.local/lib/python3.7/site-packages/airflow/example_dags/example_branch_operator.py for tasks to queue
[2023-06-13T02:39:45.340+0000] {logging_mixin.py:149} INFO - [2023-06-13T02:39:45.340+0000] {dagbag.py:541} INFO - Filling up the DagBag from /home/airflow/.local/lib/python3.7/site-packages/airflow/example_dags/example_branch_operator.py
[2023-06-13T02:39:45.379+0000] {processor.py:836} INFO - DAG(s) dict_keys(['example_branch_operator']) retrieved from /home/airflow/.local/lib/python3.7/site-packages/airflow/example_dags/example_branch_operator.py
[2023-06-13T02:39:45.494+0000] {logging_mixin.py:149} INFO - [2023-06-13T02:39:45.493+0000] {dag.py:2726} INFO - Sync 1 DAGs
[2023-06-13T02:39:45.652+0000] {logging_mixin.py:149} INFO - [2023-06-13T02:39:45.651+0000] {dag.py:3490} INFO - Setting next_dagrun for example_branch_operator to 2023-06-12T00:00:00+00:00, run_after=2023-06-13T00:00:00+00:00
[2023-06-13T02:39:45.766+0000] {processor.py:179} INFO - Processing /home/airflow/.local/lib/python3.7/site-packages/airflow/example_dags/example_branch_operator.py took 0.445 seconds
[2023-06-13T02:40:15.998+0000] {processor.py:157} INFO - Started process (PID=925) to work on /home/airflow/.local/lib/python3.7/site-packages/airflow/example_dags/example_branch_operator.py
[2023-06-13T02:40:16.001+0000] {processor.py:826} INFO - Processing file /home/airflow/.local/lib/python3.7/site-packages/airflow/example_dags/example_branch_operator.py for tasks to queue
[2023-06-13T02:40:16.004+0000] {logging_mixin.py:149} INFO - [2023-06-13T02:40:16.004+0000] {dagbag.py:541} INFO - Filling up the DagBag from /home/airflow/.local/lib/python3.7/site-packages/airflow/example_dags/example_branch_operator.py
[2023-06-13T02:40:16.031+0000] {processor.py:836} INFO - DAG(s) dict_keys(['example_branch_operator']) retrieved from /home/airflow/.local/lib/python3.7/site-packages/airflow/example_dags/example_branch_operator.py
[2023-06-13T02:40:16.135+0000] {logging_mixin.py:149} INFO - [2023-06-13T02:40:16.135+0000] {dag.py:2726} INFO - Sync 1 DAGs
[2023-06-13T02:40:16.227+0000] {logging_mixin.py:149} INFO - [2023-06-13T02:40:16.226+0000] {dag.py:3490} INFO - Setting next_dagrun for example_branch_operator to 2023-06-12T00:00:00+00:00, run_after=2023-06-13T00:00:00+00:00
[2023-06-13T02:40:16.316+0000] {processor.py:179} INFO - Processing /home/airflow/.local/lib/python3.7/site-packages/airflow/example_dags/example_branch_operator.py took 0.330 seconds
[2023-06-13T02:40:46.810+0000] {processor.py:157} INFO - Started process (PID=985) to work on /home/airflow/.local/lib/python3.7/site-packages/airflow/example_dags/example_branch_operator.py
[2023-06-13T02:40:46.815+0000] {processor.py:826} INFO - Processing file /home/airflow/.local/lib/python3.7/site-packages/airflow/example_dags/example_branch_operator.py for tasks to queue
[2023-06-13T02:40:46.819+0000] {logging_mixin.py:149} INFO - [2023-06-13T02:40:46.818+0000] {dagbag.py:541} INFO - Filling up the DagBag from /home/airflow/.local/lib/python3.7/site-packages/airflow/example_dags/example_branch_operator.py
[2023-06-13T02:40:46.855+0000] {processor.py:836} INFO - DAG(s) dict_keys(['example_branch_operator']) retrieved from /home/airflow/.local/lib/python3.7/site-packages/airflow/example_dags/example_branch_operator.py
[2023-06-13T02:40:46.937+0000] {logging_mixin.py:149} INFO - [2023-06-13T02:40:46.936+0000] {dag.py:2726} INFO - Sync 1 DAGs
[2023-06-13T02:40:47.052+0000] {logging_mixin.py:149} INFO - [2023-06-13T02:40:47.051+0000] {dag.py:3490} INFO - Setting next_dagrun for example_branch_operator to 2023-06-12T00:00:00+00:00, run_after=2023-06-13T00:00:00+00:00
[2023-06-13T02:40:47.148+0000] {processor.py:179} INFO - Processing /home/airflow/.local/lib/python3.7/site-packages/airflow/example_dags/example_branch_operator.py took 0.348 seconds
[2023-06-13T02:41:18.266+0000] {processor.py:157} INFO - Started process (PID=1045) to work on /home/airflow/.local/lib/python3.7/site-packages/airflow/example_dags/example_branch_operator.py
[2023-06-13T02:41:18.270+0000] {processor.py:826} INFO - Processing file /home/airflow/.local/lib/python3.7/site-packages/airflow/example_dags/example_branch_operator.py for tasks to queue
[2023-06-13T02:41:18.274+0000] {logging_mixin.py:149} INFO - [2023-06-13T02:41:18.273+0000] {dagbag.py:541} INFO - Filling up the DagBag from /home/airflow/.local/lib/python3.7/site-packages/airflow/example_dags/example_branch_operator.py
[2023-06-13T02:41:18.313+0000] {processor.py:836} INFO - DAG(s) dict_keys(['example_branch_operator']) retrieved from /home/airflow/.local/lib/python3.7/site-packages/airflow/example_dags/example_branch_operator.py
[2023-06-13T02:41:18.417+0000] {logging_mixin.py:149} INFO - [2023-06-13T02:41:18.417+0000] {dag.py:2726} INFO - Sync 1 DAGs
[2023-06-13T02:41:18.507+0000] {logging_mixin.py:149} INFO - [2023-06-13T02:41:18.506+0000] {dag.py:3490} INFO - Setting next_dagrun for example_branch_operator to 2023-06-12T00:00:00+00:00, run_after=2023-06-13T00:00:00+00:00
[2023-06-13T02:41:18.631+0000] {processor.py:179} INFO - Processing /home/airflow/.local/lib/python3.7/site-packages/airflow/example_dags/example_branch_operator.py took 0.375 seconds
[2023-06-13T02:41:49.329+0000] {processor.py:157} INFO - Started process (PID=1106) to work on /home/airflow/.local/lib/python3.7/site-packages/airflow/example_dags/example_branch_operator.py
[2023-06-13T02:41:49.333+0000] {processor.py:826} INFO - Processing file /home/airflow/.local/lib/python3.7/site-packages/airflow/example_dags/example_branch_operator.py for tasks to queue
[2023-06-13T02:41:49.337+0000] {logging_mixin.py:149} INFO - [2023-06-13T02:41:49.336+0000] {dagbag.py:541} INFO - Filling up the DagBag from /home/airflow/.local/lib/python3.7/site-packages/airflow/example_dags/example_branch_operator.py
[2023-06-13T02:41:49.369+0000] {processor.py:836} INFO - DAG(s) dict_keys(['example_branch_operator']) retrieved from /home/airflow/.local/lib/python3.7/site-packages/airflow/example_dags/example_branch_operator.py
[2023-06-13T02:41:49.468+0000] {logging_mixin.py:149} INFO - [2023-06-13T02:41:49.467+0000] {dag.py:2726} INFO - Sync 1 DAGs
[2023-06-13T02:41:49.613+0000] {logging_mixin.py:149} INFO - [2023-06-13T02:41:49.612+0000] {dag.py:3490} INFO - Setting next_dagrun for example_branch_operator to 2023-06-12T00:00:00+00:00, run_after=2023-06-13T00:00:00+00:00
[2023-06-13T02:41:49.703+0000] {processor.py:179} INFO - Processing /home/airflow/.local/lib/python3.7/site-packages/airflow/example_dags/example_branch_operator.py took 0.385 seconds
[2023-06-13T02:42:20.969+0000] {processor.py:157} INFO - Started process (PID=1166) to work on /home/airflow/.local/lib/python3.7/site-packages/airflow/example_dags/example_branch_operator.py
[2023-06-13T02:42:20.973+0000] {processor.py:826} INFO - Processing file /home/airflow/.local/lib/python3.7/site-packages/airflow/example_dags/example_branch_operator.py for tasks to queue
[2023-06-13T02:42:20.978+0000] {logging_mixin.py:149} INFO - [2023-06-13T02:42:20.977+0000] {dagbag.py:541} INFO - Filling up the DagBag from /home/airflow/.local/lib/python3.7/site-packages/airflow/example_dags/example_branch_operator.py
[2023-06-13T02:42:21.039+0000] {processor.py:836} INFO - DAG(s) dict_keys(['example_branch_operator']) retrieved from /home/airflow/.local/lib/python3.7/site-packages/airflow/example_dags/example_branch_operator.py
[2023-06-13T02:42:21.165+0000] {logging_mixin.py:149} INFO - [2023-06-13T02:42:21.164+0000] {dag.py:2726} INFO - Sync 1 DAGs
[2023-06-13T02:42:21.305+0000] {logging_mixin.py:149} INFO - [2023-06-13T02:42:21.303+0000] {dag.py:3490} INFO - Setting next_dagrun for example_branch_operator to 2023-06-12T00:00:00+00:00, run_after=2023-06-13T00:00:00+00:00
[2023-06-13T02:42:21.405+0000] {processor.py:179} INFO - Processing /home/airflow/.local/lib/python3.7/site-packages/airflow/example_dags/example_branch_operator.py took 0.445 seconds
[2023-06-13T02:42:52.882+0000] {processor.py:157} INFO - Started process (PID=1226) to work on /home/airflow/.local/lib/python3.7/site-packages/airflow/example_dags/example_branch_operator.py
[2023-06-13T02:42:52.892+0000] {processor.py:826} INFO - Processing file /home/airflow/.local/lib/python3.7/site-packages/airflow/example_dags/example_branch_operator.py for tasks to queue
[2023-06-13T02:42:52.904+0000] {logging_mixin.py:149} INFO - [2023-06-13T02:42:52.902+0000] {dagbag.py:541} INFO - Filling up the DagBag from /home/airflow/.local/lib/python3.7/site-packages/airflow/example_dags/example_branch_operator.py
[2023-06-13T02:42:52.971+0000] {processor.py:836} INFO - DAG(s) dict_keys(['example_branch_operator']) retrieved from /home/airflow/.local/lib/python3.7/site-packages/airflow/example_dags/example_branch_operator.py
[2023-06-13T02:42:53.158+0000] {logging_mixin.py:149} INFO - [2023-06-13T02:42:53.156+0000] {dag.py:2726} INFO - Sync 1 DAGs
[2023-06-13T02:42:53.608+0000] {logging_mixin.py:149} INFO - [2023-06-13T02:42:53.605+0000] {dag.py:3490} INFO - Setting next_dagrun for example_branch_operator to 2023-06-12T00:00:00+00:00, run_after=2023-06-13T00:00:00+00:00
[2023-06-13T02:42:53.838+0000] {processor.py:179} INFO - Processing /home/airflow/.local/lib/python3.7/site-packages/airflow/example_dags/example_branch_operator.py took 0.971 seconds
[2023-06-13T02:43:24.084+0000] {processor.py:157} INFO - Started process (PID=1293) to work on /home/airflow/.local/lib/python3.7/site-packages/airflow/example_dags/example_branch_operator.py
[2023-06-13T02:43:24.087+0000] {processor.py:826} INFO - Processing file /home/airflow/.local/lib/python3.7/site-packages/airflow/example_dags/example_branch_operator.py for tasks to queue
[2023-06-13T02:43:24.091+0000] {logging_mixin.py:149} INFO - [2023-06-13T02:43:24.091+0000] {dagbag.py:541} INFO - Filling up the DagBag from /home/airflow/.local/lib/python3.7/site-packages/airflow/example_dags/example_branch_operator.py
[2023-06-13T02:43:24.131+0000] {processor.py:836} INFO - DAG(s) dict_keys(['example_branch_operator']) retrieved from /home/airflow/.local/lib/python3.7/site-packages/airflow/example_dags/example_branch_operator.py
[2023-06-13T02:43:24.221+0000] {logging_mixin.py:149} INFO - [2023-06-13T02:43:24.221+0000] {dag.py:2726} INFO - Sync 1 DAGs
[2023-06-13T02:43:24.317+0000] {logging_mixin.py:149} INFO - [2023-06-13T02:43:24.316+0000] {dag.py:3490} INFO - Setting next_dagrun for example_branch_operator to 2023-06-12T00:00:00+00:00, run_after=2023-06-13T00:00:00+00:00
[2023-06-13T02:43:24.391+0000] {processor.py:179} INFO - Processing /home/airflow/.local/lib/python3.7/site-packages/airflow/example_dags/example_branch_operator.py took 0.315 seconds
[2023-06-13T02:43:55.065+0000] {processor.py:157} INFO - Started process (PID=1353) to work on /home/airflow/.local/lib/python3.7/site-packages/airflow/example_dags/example_branch_operator.py
[2023-06-13T02:43:55.069+0000] {processor.py:826} INFO - Processing file /home/airflow/.local/lib/python3.7/site-packages/airflow/example_dags/example_branch_operator.py for tasks to queue
[2023-06-13T02:43:55.072+0000] {logging_mixin.py:149} INFO - [2023-06-13T02:43:55.071+0000] {dagbag.py:541} INFO - Filling up the DagBag from /home/airflow/.local/lib/python3.7/site-packages/airflow/example_dags/example_branch_operator.py
[2023-06-13T02:43:55.099+0000] {processor.py:836} INFO - DAG(s) dict_keys(['example_branch_operator']) retrieved from /home/airflow/.local/lib/python3.7/site-packages/airflow/example_dags/example_branch_operator.py
[2023-06-13T02:43:55.192+0000] {logging_mixin.py:149} INFO - [2023-06-13T02:43:55.191+0000] {dag.py:2726} INFO - Sync 1 DAGs
[2023-06-13T02:43:55.272+0000] {logging_mixin.py:149} INFO - [2023-06-13T02:43:55.271+0000] {dag.py:3490} INFO - Setting next_dagrun for example_branch_operator to 2023-06-12T00:00:00+00:00, run_after=2023-06-13T00:00:00+00:00
[2023-06-13T02:43:55.346+0000] {processor.py:179} INFO - Processing /home/airflow/.local/lib/python3.7/site-packages/airflow/example_dags/example_branch_operator.py took 0.299 seconds
[2023-06-13T02:44:25.914+0000] {processor.py:157} INFO - Started process (PID=1414) to work on /home/airflow/.local/lib/python3.7/site-packages/airflow/example_dags/example_branch_operator.py
[2023-06-13T02:44:25.917+0000] {processor.py:826} INFO - Processing file /home/airflow/.local/lib/python3.7/site-packages/airflow/example_dags/example_branch_operator.py for tasks to queue
[2023-06-13T02:44:25.921+0000] {logging_mixin.py:149} INFO - [2023-06-13T02:44:25.921+0000] {dagbag.py:541} INFO - Filling up the DagBag from /home/airflow/.local/lib/python3.7/site-packages/airflow/example_dags/example_branch_operator.py
[2023-06-13T02:44:25.950+0000] {processor.py:836} INFO - DAG(s) dict_keys(['example_branch_operator']) retrieved from /home/airflow/.local/lib/python3.7/site-packages/airflow/example_dags/example_branch_operator.py
[2023-06-13T02:44:26.035+0000] {logging_mixin.py:149} INFO - [2023-06-13T02:44:26.034+0000] {dag.py:2726} INFO - Sync 1 DAGs
[2023-06-13T02:44:26.138+0000] {logging_mixin.py:149} INFO - [2023-06-13T02:44:26.137+0000] {dag.py:3490} INFO - Setting next_dagrun for example_branch_operator to 2023-06-12T00:00:00+00:00, run_after=2023-06-13T00:00:00+00:00
[2023-06-13T02:44:26.229+0000] {processor.py:179} INFO - Processing /home/airflow/.local/lib/python3.7/site-packages/airflow/example_dags/example_branch_operator.py took 0.324 seconds
