[2023-06-13T01:50:02.401+0000] {processor.py:157} INFO - Started process (PID=70) to work on /home/airflow/.local/lib/python3.7/site-packages/airflow/example_dags/example_external_task_marker_dag.py
[2023-06-13T01:50:02.403+0000] {processor.py:826} INFO - Processing file /home/airflow/.local/lib/python3.7/site-packages/airflow/example_dags/example_external_task_marker_dag.py for tasks to queue
[2023-06-13T01:50:02.405+0000] {logging_mixin.py:149} INFO - [2023-06-13T01:50:02.405+0000] {dagbag.py:541} INFO - Filling up the DagBag from /home/airflow/.local/lib/python3.7/site-packages/airflow/example_dags/example_external_task_marker_dag.py
[2023-06-13T01:50:02.417+0000] {processor.py:836} INFO - DAG(s) dict_keys(['example_external_task_marker_parent', 'example_external_task_marker_child']) retrieved from /home/airflow/.local/lib/python3.7/site-packages/airflow/example_dags/example_external_task_marker_dag.py
[2023-06-13T01:50:02.587+0000] {logging_mixin.py:149} INFO - [2023-06-13T01:50:02.587+0000] {dag.py:2726} INFO - Sync 2 DAGs
[2023-06-13T01:50:02.642+0000] {logging_mixin.py:149} INFO - [2023-06-13T01:50:02.642+0000] {dag.py:3490} INFO - Setting next_dagrun for example_external_task_marker_child to None, run_after=None
[2023-06-13T01:50:02.650+0000] {logging_mixin.py:149} INFO - [2023-06-13T01:50:02.649+0000] {dag.py:3490} INFO - Setting next_dagrun for example_external_task_marker_parent to None, run_after=None
[2023-06-13T01:50:02.695+0000] {processor.py:179} INFO - Processing /home/airflow/.local/lib/python3.7/site-packages/airflow/example_dags/example_external_task_marker_dag.py took 0.300 seconds
[2023-06-13T01:50:32.747+0000] {processor.py:157} INFO - Started process (PID=130) to work on /home/airflow/.local/lib/python3.7/site-packages/airflow/example_dags/example_external_task_marker_dag.py
[2023-06-13T01:50:32.749+0000] {processor.py:826} INFO - Processing file /home/airflow/.local/lib/python3.7/site-packages/airflow/example_dags/example_external_task_marker_dag.py for tasks to queue
[2023-06-13T01:50:32.751+0000] {logging_mixin.py:149} INFO - [2023-06-13T01:50:32.751+0000] {dagbag.py:541} INFO - Filling up the DagBag from /home/airflow/.local/lib/python3.7/site-packages/airflow/example_dags/example_external_task_marker_dag.py
[2023-06-13T01:50:32.760+0000] {processor.py:836} INFO - DAG(s) dict_keys(['example_external_task_marker_child', 'example_external_task_marker_parent']) retrieved from /home/airflow/.local/lib/python3.7/site-packages/airflow/example_dags/example_external_task_marker_dag.py
[2023-06-13T01:50:32.808+0000] {logging_mixin.py:149} INFO - [2023-06-13T01:50:32.808+0000] {dag.py:2726} INFO - Sync 2 DAGs
[2023-06-13T01:50:32.850+0000] {logging_mixin.py:149} INFO - [2023-06-13T01:50:32.850+0000] {dag.py:3490} INFO - Setting next_dagrun for example_external_task_marker_child to None, run_after=None
[2023-06-13T01:50:32.857+0000] {logging_mixin.py:149} INFO - [2023-06-13T01:50:32.856+0000] {dag.py:3490} INFO - Setting next_dagrun for example_external_task_marker_parent to None, run_after=None
[2023-06-13T01:50:32.892+0000] {processor.py:179} INFO - Processing /home/airflow/.local/lib/python3.7/site-packages/airflow/example_dags/example_external_task_marker_dag.py took 0.148 seconds
[2023-06-13T01:51:03.851+0000] {processor.py:157} INFO - Started process (PID=190) to work on /home/airflow/.local/lib/python3.7/site-packages/airflow/example_dags/example_external_task_marker_dag.py
[2023-06-13T01:51:03.853+0000] {processor.py:826} INFO - Processing file /home/airflow/.local/lib/python3.7/site-packages/airflow/example_dags/example_external_task_marker_dag.py for tasks to queue
[2023-06-13T01:51:03.854+0000] {logging_mixin.py:149} INFO - [2023-06-13T01:51:03.854+0000] {dagbag.py:541} INFO - Filling up the DagBag from /home/airflow/.local/lib/python3.7/site-packages/airflow/example_dags/example_external_task_marker_dag.py
[2023-06-13T01:51:03.866+0000] {processor.py:836} INFO - DAG(s) dict_keys(['example_external_task_marker_parent', 'example_external_task_marker_child']) retrieved from /home/airflow/.local/lib/python3.7/site-packages/airflow/example_dags/example_external_task_marker_dag.py
[2023-06-13T01:51:03.934+0000] {logging_mixin.py:149} INFO - [2023-06-13T01:51:03.934+0000] {dag.py:2726} INFO - Sync 2 DAGs
[2023-06-13T01:51:03.983+0000] {logging_mixin.py:149} INFO - [2023-06-13T01:51:03.983+0000] {dag.py:3490} INFO - Setting next_dagrun for example_external_task_marker_child to None, run_after=None
[2023-06-13T01:51:03.996+0000] {logging_mixin.py:149} INFO - [2023-06-13T01:51:03.996+0000] {dag.py:3490} INFO - Setting next_dagrun for example_external_task_marker_parent to None, run_after=None
[2023-06-13T01:51:04.042+0000] {processor.py:179} INFO - Processing /home/airflow/.local/lib/python3.7/site-packages/airflow/example_dags/example_external_task_marker_dag.py took 0.196 seconds
[2023-06-13T01:51:34.158+0000] {processor.py:157} INFO - Started process (PID=250) to work on /home/airflow/.local/lib/python3.7/site-packages/airflow/example_dags/example_external_task_marker_dag.py
[2023-06-13T01:51:34.160+0000] {processor.py:826} INFO - Processing file /home/airflow/.local/lib/python3.7/site-packages/airflow/example_dags/example_external_task_marker_dag.py for tasks to queue
[2023-06-13T01:51:34.162+0000] {logging_mixin.py:149} INFO - [2023-06-13T01:51:34.161+0000] {dagbag.py:541} INFO - Filling up the DagBag from /home/airflow/.local/lib/python3.7/site-packages/airflow/example_dags/example_external_task_marker_dag.py
[2023-06-13T01:51:34.169+0000] {processor.py:836} INFO - DAG(s) dict_keys(['example_external_task_marker_child', 'example_external_task_marker_parent']) retrieved from /home/airflow/.local/lib/python3.7/site-packages/airflow/example_dags/example_external_task_marker_dag.py
[2023-06-13T01:51:34.215+0000] {logging_mixin.py:149} INFO - [2023-06-13T01:51:34.215+0000] {dag.py:2726} INFO - Sync 2 DAGs
[2023-06-13T01:51:34.260+0000] {logging_mixin.py:149} INFO - [2023-06-13T01:51:34.259+0000] {dag.py:3490} INFO - Setting next_dagrun for example_external_task_marker_child to None, run_after=None
[2023-06-13T01:51:34.267+0000] {logging_mixin.py:149} INFO - [2023-06-13T01:51:34.266+0000] {dag.py:3490} INFO - Setting next_dagrun for example_external_task_marker_parent to None, run_after=None
[2023-06-13T01:51:34.297+0000] {processor.py:179} INFO - Processing /home/airflow/.local/lib/python3.7/site-packages/airflow/example_dags/example_external_task_marker_dag.py took 0.143 seconds
[2023-06-13T01:53:57.449+0000] {processor.py:157} INFO - Started process (PID=77) to work on /home/airflow/.local/lib/python3.7/site-packages/airflow/example_dags/example_external_task_marker_dag.py
[2023-06-13T01:53:57.451+0000] {processor.py:826} INFO - Processing file /home/airflow/.local/lib/python3.7/site-packages/airflow/example_dags/example_external_task_marker_dag.py for tasks to queue
[2023-06-13T01:53:57.454+0000] {logging_mixin.py:149} INFO - [2023-06-13T01:53:57.454+0000] {dagbag.py:541} INFO - Filling up the DagBag from /home/airflow/.local/lib/python3.7/site-packages/airflow/example_dags/example_external_task_marker_dag.py
[2023-06-13T01:53:57.473+0000] {processor.py:836} INFO - DAG(s) dict_keys(['example_external_task_marker_parent', 'example_external_task_marker_child']) retrieved from /home/airflow/.local/lib/python3.7/site-packages/airflow/example_dags/example_external_task_marker_dag.py
[2023-06-13T01:53:57.839+0000] {logging_mixin.py:149} INFO - [2023-06-13T01:53:57.838+0000] {dag.py:2726} INFO - Sync 2 DAGs
[2023-06-13T01:53:57.958+0000] {logging_mixin.py:149} INFO - [2023-06-13T01:53:57.958+0000] {dag.py:3490} INFO - Setting next_dagrun for example_external_task_marker_child to None, run_after=None
[2023-06-13T01:53:57.974+0000] {logging_mixin.py:149} INFO - [2023-06-13T01:53:57.974+0000] {dag.py:3490} INFO - Setting next_dagrun for example_external_task_marker_parent to None, run_after=None
[2023-06-13T01:53:58.075+0000] {processor.py:179} INFO - Processing /home/airflow/.local/lib/python3.7/site-packages/airflow/example_dags/example_external_task_marker_dag.py took 0.631 seconds
[2023-06-13T01:54:28.117+0000] {processor.py:157} INFO - Started process (PID=138) to work on /home/airflow/.local/lib/python3.7/site-packages/airflow/example_dags/example_external_task_marker_dag.py
[2023-06-13T01:54:28.118+0000] {processor.py:826} INFO - Processing file /home/airflow/.local/lib/python3.7/site-packages/airflow/example_dags/example_external_task_marker_dag.py for tasks to queue
[2023-06-13T01:54:28.120+0000] {logging_mixin.py:149} INFO - [2023-06-13T01:54:28.119+0000] {dagbag.py:541} INFO - Filling up the DagBag from /home/airflow/.local/lib/python3.7/site-packages/airflow/example_dags/example_external_task_marker_dag.py
[2023-06-13T01:54:28.127+0000] {processor.py:836} INFO - DAG(s) dict_keys(['example_external_task_marker_child', 'example_external_task_marker_parent']) retrieved from /home/airflow/.local/lib/python3.7/site-packages/airflow/example_dags/example_external_task_marker_dag.py
[2023-06-13T01:54:28.171+0000] {logging_mixin.py:149} INFO - [2023-06-13T01:54:28.170+0000] {dag.py:2726} INFO - Sync 2 DAGs
[2023-06-13T01:54:28.227+0000] {logging_mixin.py:149} INFO - [2023-06-13T01:54:28.226+0000] {dag.py:3490} INFO - Setting next_dagrun for example_external_task_marker_child to None, run_after=None
[2023-06-13T01:54:28.233+0000] {logging_mixin.py:149} INFO - [2023-06-13T01:54:28.233+0000] {dag.py:3490} INFO - Setting next_dagrun for example_external_task_marker_parent to None, run_after=None
[2023-06-13T01:54:28.269+0000] {processor.py:179} INFO - Processing /home/airflow/.local/lib/python3.7/site-packages/airflow/example_dags/example_external_task_marker_dag.py took 0.156 seconds
[2023-06-13T01:54:58.917+0000] {processor.py:157} INFO - Started process (PID=198) to work on /home/airflow/.local/lib/python3.7/site-packages/airflow/example_dags/example_external_task_marker_dag.py
[2023-06-13T01:54:58.918+0000] {processor.py:826} INFO - Processing file /home/airflow/.local/lib/python3.7/site-packages/airflow/example_dags/example_external_task_marker_dag.py for tasks to queue
[2023-06-13T01:54:58.920+0000] {logging_mixin.py:149} INFO - [2023-06-13T01:54:58.920+0000] {dagbag.py:541} INFO - Filling up the DagBag from /home/airflow/.local/lib/python3.7/site-packages/airflow/example_dags/example_external_task_marker_dag.py
[2023-06-13T01:54:58.931+0000] {processor.py:836} INFO - DAG(s) dict_keys(['example_external_task_marker_parent', 'example_external_task_marker_child']) retrieved from /home/airflow/.local/lib/python3.7/site-packages/airflow/example_dags/example_external_task_marker_dag.py
[2023-06-13T01:54:58.988+0000] {logging_mixin.py:149} INFO - [2023-06-13T01:54:58.988+0000] {dag.py:2726} INFO - Sync 2 DAGs
[2023-06-13T01:54:59.036+0000] {logging_mixin.py:149} INFO - [2023-06-13T01:54:59.036+0000] {dag.py:3490} INFO - Setting next_dagrun for example_external_task_marker_child to None, run_after=None
[2023-06-13T01:54:59.043+0000] {logging_mixin.py:149} INFO - [2023-06-13T01:54:59.042+0000] {dag.py:3490} INFO - Setting next_dagrun for example_external_task_marker_parent to None, run_after=None
[2023-06-13T01:54:59.081+0000] {processor.py:179} INFO - Processing /home/airflow/.local/lib/python3.7/site-packages/airflow/example_dags/example_external_task_marker_dag.py took 0.168 seconds
[2023-06-13T01:55:29.995+0000] {processor.py:157} INFO - Started process (PID=259) to work on /home/airflow/.local/lib/python3.7/site-packages/airflow/example_dags/example_external_task_marker_dag.py
[2023-06-13T01:55:29.997+0000] {processor.py:826} INFO - Processing file /home/airflow/.local/lib/python3.7/site-packages/airflow/example_dags/example_external_task_marker_dag.py for tasks to queue
[2023-06-13T01:55:29.999+0000] {logging_mixin.py:149} INFO - [2023-06-13T01:55:29.999+0000] {dagbag.py:541} INFO - Filling up the DagBag from /home/airflow/.local/lib/python3.7/site-packages/airflow/example_dags/example_external_task_marker_dag.py
[2023-06-13T01:55:30.011+0000] {processor.py:836} INFO - DAG(s) dict_keys(['example_external_task_marker_parent', 'example_external_task_marker_child']) retrieved from /home/airflow/.local/lib/python3.7/site-packages/airflow/example_dags/example_external_task_marker_dag.py
[2023-06-13T01:55:30.084+0000] {logging_mixin.py:149} INFO - [2023-06-13T01:55:30.084+0000] {dag.py:2726} INFO - Sync 2 DAGs
[2023-06-13T01:55:30.146+0000] {logging_mixin.py:149} INFO - [2023-06-13T01:55:30.146+0000] {dag.py:3490} INFO - Setting next_dagrun for example_external_task_marker_child to None, run_after=None
[2023-06-13T01:55:30.156+0000] {logging_mixin.py:149} INFO - [2023-06-13T01:55:30.155+0000] {dag.py:3490} INFO - Setting next_dagrun for example_external_task_marker_parent to None, run_after=None
[2023-06-13T01:55:30.211+0000] {processor.py:179} INFO - Processing /home/airflow/.local/lib/python3.7/site-packages/airflow/example_dags/example_external_task_marker_dag.py took 0.223 seconds
[2023-06-13T01:56:00.326+0000] {processor.py:157} INFO - Started process (PID=319) to work on /home/airflow/.local/lib/python3.7/site-packages/airflow/example_dags/example_external_task_marker_dag.py
[2023-06-13T01:56:00.327+0000] {processor.py:826} INFO - Processing file /home/airflow/.local/lib/python3.7/site-packages/airflow/example_dags/example_external_task_marker_dag.py for tasks to queue
[2023-06-13T01:56:00.329+0000] {logging_mixin.py:149} INFO - [2023-06-13T01:56:00.329+0000] {dagbag.py:541} INFO - Filling up the DagBag from /home/airflow/.local/lib/python3.7/site-packages/airflow/example_dags/example_external_task_marker_dag.py
[2023-06-13T01:56:00.342+0000] {processor.py:836} INFO - DAG(s) dict_keys(['example_external_task_marker_child', 'example_external_task_marker_parent']) retrieved from /home/airflow/.local/lib/python3.7/site-packages/airflow/example_dags/example_external_task_marker_dag.py
[2023-06-13T01:56:00.411+0000] {logging_mixin.py:149} INFO - [2023-06-13T01:56:00.411+0000] {dag.py:2726} INFO - Sync 2 DAGs
[2023-06-13T01:56:00.478+0000] {logging_mixin.py:149} INFO - [2023-06-13T01:56:00.478+0000] {dag.py:3490} INFO - Setting next_dagrun for example_external_task_marker_child to None, run_after=None
[2023-06-13T01:56:00.487+0000] {logging_mixin.py:149} INFO - [2023-06-13T01:56:00.487+0000] {dag.py:3490} INFO - Setting next_dagrun for example_external_task_marker_parent to None, run_after=None
[2023-06-13T01:56:00.524+0000] {processor.py:179} INFO - Processing /home/airflow/.local/lib/python3.7/site-packages/airflow/example_dags/example_external_task_marker_dag.py took 0.203 seconds
[2023-06-13T01:56:30.762+0000] {processor.py:157} INFO - Started process (PID=378) to work on /home/airflow/.local/lib/python3.7/site-packages/airflow/example_dags/example_external_task_marker_dag.py
[2023-06-13T01:56:30.764+0000] {processor.py:826} INFO - Processing file /home/airflow/.local/lib/python3.7/site-packages/airflow/example_dags/example_external_task_marker_dag.py for tasks to queue
[2023-06-13T01:56:30.766+0000] {logging_mixin.py:149} INFO - [2023-06-13T01:56:30.765+0000] {dagbag.py:541} INFO - Filling up the DagBag from /home/airflow/.local/lib/python3.7/site-packages/airflow/example_dags/example_external_task_marker_dag.py
[2023-06-13T01:56:30.774+0000] {processor.py:836} INFO - DAG(s) dict_keys(['example_external_task_marker_child', 'example_external_task_marker_parent']) retrieved from /home/airflow/.local/lib/python3.7/site-packages/airflow/example_dags/example_external_task_marker_dag.py
[2023-06-13T01:56:30.827+0000] {logging_mixin.py:149} INFO - [2023-06-13T01:56:30.827+0000] {dag.py:2726} INFO - Sync 2 DAGs
[2023-06-13T01:56:30.874+0000] {logging_mixin.py:149} INFO - [2023-06-13T01:56:30.874+0000] {dag.py:3490} INFO - Setting next_dagrun for example_external_task_marker_child to None, run_after=None
[2023-06-13T01:56:30.881+0000] {logging_mixin.py:149} INFO - [2023-06-13T01:56:30.880+0000] {dag.py:3490} INFO - Setting next_dagrun for example_external_task_marker_parent to None, run_after=None
[2023-06-13T01:56:30.922+0000] {processor.py:179} INFO - Processing /home/airflow/.local/lib/python3.7/site-packages/airflow/example_dags/example_external_task_marker_dag.py took 0.165 seconds
[2023-06-13T01:57:01.122+0000] {processor.py:157} INFO - Started process (PID=439) to work on /home/airflow/.local/lib/python3.7/site-packages/airflow/example_dags/example_external_task_marker_dag.py
[2023-06-13T01:57:01.123+0000] {processor.py:826} INFO - Processing file /home/airflow/.local/lib/python3.7/site-packages/airflow/example_dags/example_external_task_marker_dag.py for tasks to queue
[2023-06-13T01:57:01.126+0000] {logging_mixin.py:149} INFO - [2023-06-13T01:57:01.125+0000] {dagbag.py:541} INFO - Filling up the DagBag from /home/airflow/.local/lib/python3.7/site-packages/airflow/example_dags/example_external_task_marker_dag.py
[2023-06-13T01:57:01.134+0000] {processor.py:836} INFO - DAG(s) dict_keys(['example_external_task_marker_parent', 'example_external_task_marker_child']) retrieved from /home/airflow/.local/lib/python3.7/site-packages/airflow/example_dags/example_external_task_marker_dag.py
[2023-06-13T01:57:01.182+0000] {logging_mixin.py:149} INFO - [2023-06-13T01:57:01.182+0000] {dag.py:2726} INFO - Sync 2 DAGs
[2023-06-13T01:57:01.224+0000] {logging_mixin.py:149} INFO - [2023-06-13T01:57:01.224+0000] {dag.py:3490} INFO - Setting next_dagrun for example_external_task_marker_child to None, run_after=None
[2023-06-13T01:57:01.231+0000] {logging_mixin.py:149} INFO - [2023-06-13T01:57:01.231+0000] {dag.py:3490} INFO - Setting next_dagrun for example_external_task_marker_parent to None, run_after=None
[2023-06-13T01:57:01.270+0000] {processor.py:179} INFO - Processing /home/airflow/.local/lib/python3.7/site-packages/airflow/example_dags/example_external_task_marker_dag.py took 0.153 seconds
[2023-06-13T01:57:31.496+0000] {processor.py:157} INFO - Started process (PID=500) to work on /home/airflow/.local/lib/python3.7/site-packages/airflow/example_dags/example_external_task_marker_dag.py
[2023-06-13T01:57:31.498+0000] {processor.py:826} INFO - Processing file /home/airflow/.local/lib/python3.7/site-packages/airflow/example_dags/example_external_task_marker_dag.py for tasks to queue
[2023-06-13T01:57:31.499+0000] {logging_mixin.py:149} INFO - [2023-06-13T01:57:31.499+0000] {dagbag.py:541} INFO - Filling up the DagBag from /home/airflow/.local/lib/python3.7/site-packages/airflow/example_dags/example_external_task_marker_dag.py
[2023-06-13T01:57:31.506+0000] {processor.py:836} INFO - DAG(s) dict_keys(['example_external_task_marker_child', 'example_external_task_marker_parent']) retrieved from /home/airflow/.local/lib/python3.7/site-packages/airflow/example_dags/example_external_task_marker_dag.py
[2023-06-13T01:57:31.569+0000] {logging_mixin.py:149} INFO - [2023-06-13T01:57:31.568+0000] {dag.py:2726} INFO - Sync 2 DAGs
[2023-06-13T01:57:31.647+0000] {logging_mixin.py:149} INFO - [2023-06-13T01:57:31.647+0000] {dag.py:3490} INFO - Setting next_dagrun for example_external_task_marker_child to None, run_after=None
[2023-06-13T01:57:31.655+0000] {logging_mixin.py:149} INFO - [2023-06-13T01:57:31.655+0000] {dag.py:3490} INFO - Setting next_dagrun for example_external_task_marker_parent to None, run_after=None
[2023-06-13T01:57:31.696+0000] {processor.py:179} INFO - Processing /home/airflow/.local/lib/python3.7/site-packages/airflow/example_dags/example_external_task_marker_dag.py took 0.203 seconds
[2023-06-13T01:58:01.846+0000] {processor.py:157} INFO - Started process (PID=560) to work on /home/airflow/.local/lib/python3.7/site-packages/airflow/example_dags/example_external_task_marker_dag.py
[2023-06-13T01:58:01.847+0000] {processor.py:826} INFO - Processing file /home/airflow/.local/lib/python3.7/site-packages/airflow/example_dags/example_external_task_marker_dag.py for tasks to queue
[2023-06-13T01:58:01.849+0000] {logging_mixin.py:149} INFO - [2023-06-13T01:58:01.849+0000] {dagbag.py:541} INFO - Filling up the DagBag from /home/airflow/.local/lib/python3.7/site-packages/airflow/example_dags/example_external_task_marker_dag.py
[2023-06-13T01:58:01.858+0000] {processor.py:836} INFO - DAG(s) dict_keys(['example_external_task_marker_parent', 'example_external_task_marker_child']) retrieved from /home/airflow/.local/lib/python3.7/site-packages/airflow/example_dags/example_external_task_marker_dag.py
[2023-06-13T01:58:01.885+0000] {logging_mixin.py:149} INFO - [2023-06-13T01:58:01.885+0000] {dag.py:2726} INFO - Sync 2 DAGs
[2023-06-13T01:58:01.931+0000] {logging_mixin.py:149} INFO - [2023-06-13T01:58:01.930+0000] {dag.py:3490} INFO - Setting next_dagrun for example_external_task_marker_child to None, run_after=None
[2023-06-13T01:58:01.939+0000] {logging_mixin.py:149} INFO - [2023-06-13T01:58:01.938+0000] {dag.py:3490} INFO - Setting next_dagrun for example_external_task_marker_parent to None, run_after=None
[2023-06-13T01:58:01.985+0000] {processor.py:179} INFO - Processing /home/airflow/.local/lib/python3.7/site-packages/airflow/example_dags/example_external_task_marker_dag.py took 0.143 seconds
[2023-06-13T01:58:32.413+0000] {processor.py:157} INFO - Started process (PID=619) to work on /home/airflow/.local/lib/python3.7/site-packages/airflow/example_dags/example_external_task_marker_dag.py
[2023-06-13T01:58:32.414+0000] {processor.py:826} INFO - Processing file /home/airflow/.local/lib/python3.7/site-packages/airflow/example_dags/example_external_task_marker_dag.py for tasks to queue
[2023-06-13T01:58:32.416+0000] {logging_mixin.py:149} INFO - [2023-06-13T01:58:32.416+0000] {dagbag.py:541} INFO - Filling up the DagBag from /home/airflow/.local/lib/python3.7/site-packages/airflow/example_dags/example_external_task_marker_dag.py
[2023-06-13T01:58:32.423+0000] {processor.py:836} INFO - DAG(s) dict_keys(['example_external_task_marker_parent', 'example_external_task_marker_child']) retrieved from /home/airflow/.local/lib/python3.7/site-packages/airflow/example_dags/example_external_task_marker_dag.py
[2023-06-13T01:58:32.476+0000] {logging_mixin.py:149} INFO - [2023-06-13T01:58:32.475+0000] {dag.py:2726} INFO - Sync 2 DAGs
[2023-06-13T01:58:32.520+0000] {logging_mixin.py:149} INFO - [2023-06-13T01:58:32.520+0000] {dag.py:3490} INFO - Setting next_dagrun for example_external_task_marker_child to None, run_after=None
[2023-06-13T01:58:32.527+0000] {logging_mixin.py:149} INFO - [2023-06-13T01:58:32.526+0000] {dag.py:3490} INFO - Setting next_dagrun for example_external_task_marker_parent to None, run_after=None
[2023-06-13T01:58:32.560+0000] {processor.py:179} INFO - Processing /home/airflow/.local/lib/python3.7/site-packages/airflow/example_dags/example_external_task_marker_dag.py took 0.151 seconds
[2023-06-13T01:59:02.601+0000] {processor.py:157} INFO - Started process (PID=678) to work on /home/airflow/.local/lib/python3.7/site-packages/airflow/example_dags/example_external_task_marker_dag.py
[2023-06-13T01:59:02.602+0000] {processor.py:826} INFO - Processing file /home/airflow/.local/lib/python3.7/site-packages/airflow/example_dags/example_external_task_marker_dag.py for tasks to queue
[2023-06-13T01:59:02.604+0000] {logging_mixin.py:149} INFO - [2023-06-13T01:59:02.603+0000] {dagbag.py:541} INFO - Filling up the DagBag from /home/airflow/.local/lib/python3.7/site-packages/airflow/example_dags/example_external_task_marker_dag.py
[2023-06-13T01:59:02.611+0000] {processor.py:836} INFO - DAG(s) dict_keys(['example_external_task_marker_child', 'example_external_task_marker_parent']) retrieved from /home/airflow/.local/lib/python3.7/site-packages/airflow/example_dags/example_external_task_marker_dag.py
[2023-06-13T01:59:02.656+0000] {logging_mixin.py:149} INFO - [2023-06-13T01:59:02.656+0000] {dag.py:2726} INFO - Sync 2 DAGs
[2023-06-13T01:59:02.695+0000] {logging_mixin.py:149} INFO - [2023-06-13T01:59:02.695+0000] {dag.py:3490} INFO - Setting next_dagrun for example_external_task_marker_child to None, run_after=None
[2023-06-13T01:59:02.701+0000] {logging_mixin.py:149} INFO - [2023-06-13T01:59:02.701+0000] {dag.py:3490} INFO - Setting next_dagrun for example_external_task_marker_parent to None, run_after=None
[2023-06-13T01:59:02.732+0000] {processor.py:179} INFO - Processing /home/airflow/.local/lib/python3.7/site-packages/airflow/example_dags/example_external_task_marker_dag.py took 0.134 seconds
[2023-06-13T01:59:32.845+0000] {processor.py:157} INFO - Started process (PID=738) to work on /home/airflow/.local/lib/python3.7/site-packages/airflow/example_dags/example_external_task_marker_dag.py
[2023-06-13T01:59:32.846+0000] {processor.py:826} INFO - Processing file /home/airflow/.local/lib/python3.7/site-packages/airflow/example_dags/example_external_task_marker_dag.py for tasks to queue
[2023-06-13T01:59:32.848+0000] {logging_mixin.py:149} INFO - [2023-06-13T01:59:32.848+0000] {dagbag.py:541} INFO - Filling up the DagBag from /home/airflow/.local/lib/python3.7/site-packages/airflow/example_dags/example_external_task_marker_dag.py
[2023-06-13T01:59:32.854+0000] {processor.py:836} INFO - DAG(s) dict_keys(['example_external_task_marker_parent', 'example_external_task_marker_child']) retrieved from /home/airflow/.local/lib/python3.7/site-packages/airflow/example_dags/example_external_task_marker_dag.py
[2023-06-13T01:59:32.895+0000] {logging_mixin.py:149} INFO - [2023-06-13T01:59:32.895+0000] {dag.py:2726} INFO - Sync 2 DAGs
[2023-06-13T01:59:32.935+0000] {logging_mixin.py:149} INFO - [2023-06-13T01:59:32.935+0000] {dag.py:3490} INFO - Setting next_dagrun for example_external_task_marker_child to None, run_after=None
[2023-06-13T01:59:32.940+0000] {logging_mixin.py:149} INFO - [2023-06-13T01:59:32.940+0000] {dag.py:3490} INFO - Setting next_dagrun for example_external_task_marker_parent to None, run_after=None
[2023-06-13T01:59:32.966+0000] {processor.py:179} INFO - Processing /home/airflow/.local/lib/python3.7/site-packages/airflow/example_dags/example_external_task_marker_dag.py took 0.125 seconds
[2023-06-13T02:01:06.321+0000] {processor.py:157} INFO - Started process (PID=77) to work on /home/airflow/.local/lib/python3.7/site-packages/airflow/example_dags/example_external_task_marker_dag.py
[2023-06-13T02:01:06.325+0000] {processor.py:826} INFO - Processing file /home/airflow/.local/lib/python3.7/site-packages/airflow/example_dags/example_external_task_marker_dag.py for tasks to queue
[2023-06-13T02:01:06.328+0000] {logging_mixin.py:149} INFO - [2023-06-13T02:01:06.328+0000] {dagbag.py:541} INFO - Filling up the DagBag from /home/airflow/.local/lib/python3.7/site-packages/airflow/example_dags/example_external_task_marker_dag.py
[2023-06-13T02:01:06.350+0000] {processor.py:836} INFO - DAG(s) dict_keys(['example_external_task_marker_parent', 'example_external_task_marker_child']) retrieved from /home/airflow/.local/lib/python3.7/site-packages/airflow/example_dags/example_external_task_marker_dag.py
[2023-06-13T02:01:06.624+0000] {logging_mixin.py:149} INFO - [2023-06-13T02:01:06.623+0000] {dag.py:2726} INFO - Sync 2 DAGs
[2023-06-13T02:01:06.852+0000] {logging_mixin.py:149} INFO - [2023-06-13T02:01:06.851+0000] {dag.py:3490} INFO - Setting next_dagrun for example_external_task_marker_child to None, run_after=None
[2023-06-13T02:01:06.870+0000] {logging_mixin.py:149} INFO - [2023-06-13T02:01:06.869+0000] {dag.py:3490} INFO - Setting next_dagrun for example_external_task_marker_parent to None, run_after=None
[2023-06-13T02:01:06.958+0000] {processor.py:179} INFO - Processing /home/airflow/.local/lib/python3.7/site-packages/airflow/example_dags/example_external_task_marker_dag.py took 0.647 seconds
[2023-06-13T02:01:37.769+0000] {processor.py:157} INFO - Started process (PID=136) to work on /home/airflow/.local/lib/python3.7/site-packages/airflow/example_dags/example_external_task_marker_dag.py
[2023-06-13T02:01:37.789+0000] {processor.py:826} INFO - Processing file /home/airflow/.local/lib/python3.7/site-packages/airflow/example_dags/example_external_task_marker_dag.py for tasks to queue
[2023-06-13T02:01:37.791+0000] {logging_mixin.py:149} INFO - [2023-06-13T02:01:37.791+0000] {dagbag.py:541} INFO - Filling up the DagBag from /home/airflow/.local/lib/python3.7/site-packages/airflow/example_dags/example_external_task_marker_dag.py
[2023-06-13T02:01:37.811+0000] {processor.py:836} INFO - DAG(s) dict_keys(['example_external_task_marker_parent', 'example_external_task_marker_child']) retrieved from /home/airflow/.local/lib/python3.7/site-packages/airflow/example_dags/example_external_task_marker_dag.py
[2023-06-13T02:01:38.077+0000] {logging_mixin.py:149} INFO - [2023-06-13T02:01:38.077+0000] {dag.py:2726} INFO - Sync 2 DAGs
[2023-06-13T02:01:38.278+0000] {logging_mixin.py:149} INFO - [2023-06-13T02:01:38.278+0000] {dag.py:3490} INFO - Setting next_dagrun for example_external_task_marker_child to None, run_after=None
[2023-06-13T02:01:38.296+0000] {logging_mixin.py:149} INFO - [2023-06-13T02:01:38.295+0000] {dag.py:3490} INFO - Setting next_dagrun for example_external_task_marker_parent to None, run_after=None
[2023-06-13T02:01:38.376+0000] {processor.py:179} INFO - Processing /home/airflow/.local/lib/python3.7/site-packages/airflow/example_dags/example_external_task_marker_dag.py took 0.632 seconds
[2023-06-13T02:32:32.700+0000] {processor.py:157} INFO - Started process (PID=88) to work on /home/airflow/.local/lib/python3.7/site-packages/airflow/example_dags/example_external_task_marker_dag.py
[2023-06-13T02:32:32.703+0000] {processor.py:826} INFO - Processing file /home/airflow/.local/lib/python3.7/site-packages/airflow/example_dags/example_external_task_marker_dag.py for tasks to queue
[2023-06-13T02:32:32.708+0000] {logging_mixin.py:149} INFO - [2023-06-13T02:32:32.707+0000] {dagbag.py:541} INFO - Filling up the DagBag from /home/airflow/.local/lib/python3.7/site-packages/airflow/example_dags/example_external_task_marker_dag.py
[2023-06-13T02:32:32.732+0000] {processor.py:836} INFO - DAG(s) dict_keys(['example_external_task_marker_parent', 'example_external_task_marker_child']) retrieved from /home/airflow/.local/lib/python3.7/site-packages/airflow/example_dags/example_external_task_marker_dag.py
[2023-06-13T02:32:33.111+0000] {logging_mixin.py:149} INFO - [2023-06-13T02:32:33.111+0000] {dag.py:2726} INFO - Sync 2 DAGs
[2023-06-13T02:32:33.218+0000] {logging_mixin.py:149} INFO - [2023-06-13T02:32:33.217+0000] {dag.py:3490} INFO - Setting next_dagrun for example_external_task_marker_child to None, run_after=None
[2023-06-13T02:32:33.232+0000] {logging_mixin.py:149} INFO - [2023-06-13T02:32:33.232+0000] {dag.py:3490} INFO - Setting next_dagrun for example_external_task_marker_parent to None, run_after=None
[2023-06-13T02:32:33.331+0000] {processor.py:179} INFO - Processing /home/airflow/.local/lib/python3.7/site-packages/airflow/example_dags/example_external_task_marker_dag.py took 0.642 seconds
[2023-06-13T02:33:04.839+0000] {processor.py:157} INFO - Started process (PID=148) to work on /home/airflow/.local/lib/python3.7/site-packages/airflow/example_dags/example_external_task_marker_dag.py
[2023-06-13T02:33:04.843+0000] {processor.py:826} INFO - Processing file /home/airflow/.local/lib/python3.7/site-packages/airflow/example_dags/example_external_task_marker_dag.py for tasks to queue
[2023-06-13T02:33:04.846+0000] {logging_mixin.py:149} INFO - [2023-06-13T02:33:04.845+0000] {dagbag.py:541} INFO - Filling up the DagBag from /home/airflow/.local/lib/python3.7/site-packages/airflow/example_dags/example_external_task_marker_dag.py
[2023-06-13T02:33:04.869+0000] {processor.py:836} INFO - DAG(s) dict_keys(['example_external_task_marker_child', 'example_external_task_marker_parent']) retrieved from /home/airflow/.local/lib/python3.7/site-packages/airflow/example_dags/example_external_task_marker_dag.py
[2023-06-13T02:33:04.968+0000] {logging_mixin.py:149} INFO - [2023-06-13T02:33:04.968+0000] {dag.py:2726} INFO - Sync 2 DAGs
[2023-06-13T02:33:05.067+0000] {logging_mixin.py:149} INFO - [2023-06-13T02:33:05.066+0000] {dag.py:3490} INFO - Setting next_dagrun for example_external_task_marker_child to None, run_after=None
[2023-06-13T02:33:05.085+0000] {logging_mixin.py:149} INFO - [2023-06-13T02:33:05.084+0000] {dag.py:3490} INFO - Setting next_dagrun for example_external_task_marker_parent to None, run_after=None
[2023-06-13T02:33:05.185+0000] {processor.py:179} INFO - Processing /home/airflow/.local/lib/python3.7/site-packages/airflow/example_dags/example_external_task_marker_dag.py took 0.362 seconds
[2023-06-13T02:34:07.200+0000] {processor.py:157} INFO - Started process (PID=214) to work on /home/airflow/.local/lib/python3.7/site-packages/airflow/example_dags/example_external_task_marker_dag.py
[2023-06-13T02:34:07.224+0000] {processor.py:826} INFO - Processing file /home/airflow/.local/lib/python3.7/site-packages/airflow/example_dags/example_external_task_marker_dag.py for tasks to queue
[2023-06-13T02:34:07.245+0000] {logging_mixin.py:149} INFO - [2023-06-13T02:34:07.244+0000] {dagbag.py:541} INFO - Filling up the DagBag from /home/airflow/.local/lib/python3.7/site-packages/airflow/example_dags/example_external_task_marker_dag.py
[2023-06-13T02:34:07.328+0000] {processor.py:836} INFO - DAG(s) dict_keys(['example_external_task_marker_parent', 'example_external_task_marker_child']) retrieved from /home/airflow/.local/lib/python3.7/site-packages/airflow/example_dags/example_external_task_marker_dag.py
[2023-06-13T02:34:07.668+0000] {logging_mixin.py:149} INFO - [2023-06-13T02:34:07.666+0000] {dag.py:2726} INFO - Sync 2 DAGs
[2023-06-13T02:34:09.182+0000] {logging_mixin.py:149} INFO - [2023-06-13T02:34:09.179+0000] {dag.py:3490} INFO - Setting next_dagrun for example_external_task_marker_child to None, run_after=None
[2023-06-13T02:34:09.255+0000] {logging_mixin.py:149} INFO - [2023-06-13T02:34:09.254+0000] {dag.py:3490} INFO - Setting next_dagrun for example_external_task_marker_parent to None, run_after=None
[2023-06-13T02:34:09.518+0000] {processor.py:179} INFO - Processing /home/airflow/.local/lib/python3.7/site-packages/airflow/example_dags/example_external_task_marker_dag.py took 2.339 seconds
[2023-06-13T02:34:40.415+0000] {processor.py:157} INFO - Started process (PID=274) to work on /home/airflow/.local/lib/python3.7/site-packages/airflow/example_dags/example_external_task_marker_dag.py
[2023-06-13T02:34:40.419+0000] {processor.py:826} INFO - Processing file /home/airflow/.local/lib/python3.7/site-packages/airflow/example_dags/example_external_task_marker_dag.py for tasks to queue
[2023-06-13T02:34:40.421+0000] {logging_mixin.py:149} INFO - [2023-06-13T02:34:40.421+0000] {dagbag.py:541} INFO - Filling up the DagBag from /home/airflow/.local/lib/python3.7/site-packages/airflow/example_dags/example_external_task_marker_dag.py
[2023-06-13T02:34:40.441+0000] {processor.py:836} INFO - DAG(s) dict_keys(['example_external_task_marker_child', 'example_external_task_marker_parent']) retrieved from /home/airflow/.local/lib/python3.7/site-packages/airflow/example_dags/example_external_task_marker_dag.py
[2023-06-13T02:34:40.554+0000] {logging_mixin.py:149} INFO - [2023-06-13T02:34:40.554+0000] {dag.py:2726} INFO - Sync 2 DAGs
[2023-06-13T02:34:40.653+0000] {logging_mixin.py:149} INFO - [2023-06-13T02:34:40.652+0000] {dag.py:3490} INFO - Setting next_dagrun for example_external_task_marker_child to None, run_after=None
[2023-06-13T02:34:40.675+0000] {logging_mixin.py:149} INFO - [2023-06-13T02:34:40.674+0000] {dag.py:3490} INFO - Setting next_dagrun for example_external_task_marker_parent to None, run_after=None
[2023-06-13T02:34:40.786+0000] {processor.py:179} INFO - Processing /home/airflow/.local/lib/python3.7/site-packages/airflow/example_dags/example_external_task_marker_dag.py took 0.379 seconds
[2023-06-13T02:35:11.287+0000] {processor.py:157} INFO - Started process (PID=334) to work on /home/airflow/.local/lib/python3.7/site-packages/airflow/example_dags/example_external_task_marker_dag.py
[2023-06-13T02:35:11.291+0000] {processor.py:826} INFO - Processing file /home/airflow/.local/lib/python3.7/site-packages/airflow/example_dags/example_external_task_marker_dag.py for tasks to queue
[2023-06-13T02:35:11.296+0000] {logging_mixin.py:149} INFO - [2023-06-13T02:35:11.294+0000] {dagbag.py:541} INFO - Filling up the DagBag from /home/airflow/.local/lib/python3.7/site-packages/airflow/example_dags/example_external_task_marker_dag.py
[2023-06-13T02:35:11.337+0000] {processor.py:836} INFO - DAG(s) dict_keys(['example_external_task_marker_parent', 'example_external_task_marker_child']) retrieved from /home/airflow/.local/lib/python3.7/site-packages/airflow/example_dags/example_external_task_marker_dag.py
[2023-06-13T02:35:11.570+0000] {logging_mixin.py:149} INFO - [2023-06-13T02:35:11.568+0000] {dag.py:2726} INFO - Sync 2 DAGs
[2023-06-13T02:35:11.821+0000] {logging_mixin.py:149} INFO - [2023-06-13T02:35:11.820+0000] {dag.py:3490} INFO - Setting next_dagrun for example_external_task_marker_child to None, run_after=None
[2023-06-13T02:35:11.870+0000] {logging_mixin.py:149} INFO - [2023-06-13T02:35:11.869+0000] {dag.py:3490} INFO - Setting next_dagrun for example_external_task_marker_parent to None, run_after=None
[2023-06-13T02:35:12.069+0000] {processor.py:179} INFO - Processing /home/airflow/.local/lib/python3.7/site-packages/airflow/example_dags/example_external_task_marker_dag.py took 0.794 seconds
[2023-06-13T02:35:42.808+0000] {processor.py:157} INFO - Started process (PID=395) to work on /home/airflow/.local/lib/python3.7/site-packages/airflow/example_dags/example_external_task_marker_dag.py
[2023-06-13T02:35:42.812+0000] {processor.py:826} INFO - Processing file /home/airflow/.local/lib/python3.7/site-packages/airflow/example_dags/example_external_task_marker_dag.py for tasks to queue
[2023-06-13T02:35:42.815+0000] {logging_mixin.py:149} INFO - [2023-06-13T02:35:42.815+0000] {dagbag.py:541} INFO - Filling up the DagBag from /home/airflow/.local/lib/python3.7/site-packages/airflow/example_dags/example_external_task_marker_dag.py
[2023-06-13T02:35:42.835+0000] {processor.py:836} INFO - DAG(s) dict_keys(['example_external_task_marker_child', 'example_external_task_marker_parent']) retrieved from /home/airflow/.local/lib/python3.7/site-packages/airflow/example_dags/example_external_task_marker_dag.py
[2023-06-13T02:35:42.967+0000] {logging_mixin.py:149} INFO - [2023-06-13T02:35:42.967+0000] {dag.py:2726} INFO - Sync 2 DAGs
[2023-06-13T02:35:43.083+0000] {logging_mixin.py:149} INFO - [2023-06-13T02:35:43.083+0000] {dag.py:3490} INFO - Setting next_dagrun for example_external_task_marker_child to None, run_after=None
[2023-06-13T02:35:43.103+0000] {logging_mixin.py:149} INFO - [2023-06-13T02:35:43.102+0000] {dag.py:3490} INFO - Setting next_dagrun for example_external_task_marker_parent to None, run_after=None
[2023-06-13T02:35:43.218+0000] {processor.py:179} INFO - Processing /home/airflow/.local/lib/python3.7/site-packages/airflow/example_dags/example_external_task_marker_dag.py took 0.420 seconds
[2023-06-13T02:36:13.861+0000] {processor.py:157} INFO - Started process (PID=454) to work on /home/airflow/.local/lib/python3.7/site-packages/airflow/example_dags/example_external_task_marker_dag.py
[2023-06-13T02:36:13.869+0000] {processor.py:826} INFO - Processing file /home/airflow/.local/lib/python3.7/site-packages/airflow/example_dags/example_external_task_marker_dag.py for tasks to queue
[2023-06-13T02:36:13.872+0000] {logging_mixin.py:149} INFO - [2023-06-13T02:36:13.871+0000] {dagbag.py:541} INFO - Filling up the DagBag from /home/airflow/.local/lib/python3.7/site-packages/airflow/example_dags/example_external_task_marker_dag.py
[2023-06-13T02:36:13.896+0000] {processor.py:836} INFO - DAG(s) dict_keys(['example_external_task_marker_parent', 'example_external_task_marker_child']) retrieved from /home/airflow/.local/lib/python3.7/site-packages/airflow/example_dags/example_external_task_marker_dag.py
[2023-06-13T02:36:14.004+0000] {logging_mixin.py:149} INFO - [2023-06-13T02:36:14.004+0000] {dag.py:2726} INFO - Sync 2 DAGs
[2023-06-13T02:36:14.105+0000] {logging_mixin.py:149} INFO - [2023-06-13T02:36:14.105+0000] {dag.py:3490} INFO - Setting next_dagrun for example_external_task_marker_child to None, run_after=None
[2023-06-13T02:36:14.118+0000] {logging_mixin.py:149} INFO - [2023-06-13T02:36:14.117+0000] {dag.py:3490} INFO - Setting next_dagrun for example_external_task_marker_parent to None, run_after=None
[2023-06-13T02:36:14.197+0000] {processor.py:179} INFO - Processing /home/airflow/.local/lib/python3.7/site-packages/airflow/example_dags/example_external_task_marker_dag.py took 0.358 seconds
[2023-06-13T02:36:45.009+0000] {processor.py:157} INFO - Started process (PID=514) to work on /home/airflow/.local/lib/python3.7/site-packages/airflow/example_dags/example_external_task_marker_dag.py
[2023-06-13T02:36:45.012+0000] {processor.py:826} INFO - Processing file /home/airflow/.local/lib/python3.7/site-packages/airflow/example_dags/example_external_task_marker_dag.py for tasks to queue
[2023-06-13T02:36:45.016+0000] {logging_mixin.py:149} INFO - [2023-06-13T02:36:45.015+0000] {dagbag.py:541} INFO - Filling up the DagBag from /home/airflow/.local/lib/python3.7/site-packages/airflow/example_dags/example_external_task_marker_dag.py
[2023-06-13T02:36:45.028+0000] {processor.py:836} INFO - DAG(s) dict_keys(['example_external_task_marker_child', 'example_external_task_marker_parent']) retrieved from /home/airflow/.local/lib/python3.7/site-packages/airflow/example_dags/example_external_task_marker_dag.py
[2023-06-13T02:36:45.105+0000] {logging_mixin.py:149} INFO - [2023-06-13T02:36:45.104+0000] {dag.py:2726} INFO - Sync 2 DAGs
[2023-06-13T02:36:45.194+0000] {logging_mixin.py:149} INFO - [2023-06-13T02:36:45.194+0000] {dag.py:3490} INFO - Setting next_dagrun for example_external_task_marker_child to None, run_after=None
[2023-06-13T02:36:45.207+0000] {logging_mixin.py:149} INFO - [2023-06-13T02:36:45.207+0000] {dag.py:3490} INFO - Setting next_dagrun for example_external_task_marker_parent to None, run_after=None
[2023-06-13T02:36:45.266+0000] {processor.py:179} INFO - Processing /home/airflow/.local/lib/python3.7/site-packages/airflow/example_dags/example_external_task_marker_dag.py took 0.266 seconds
[2023-06-13T02:37:15.708+0000] {processor.py:157} INFO - Started process (PID=574) to work on /home/airflow/.local/lib/python3.7/site-packages/airflow/example_dags/example_external_task_marker_dag.py
[2023-06-13T02:37:15.711+0000] {processor.py:826} INFO - Processing file /home/airflow/.local/lib/python3.7/site-packages/airflow/example_dags/example_external_task_marker_dag.py for tasks to queue
[2023-06-13T02:37:15.713+0000] {logging_mixin.py:149} INFO - [2023-06-13T02:37:15.713+0000] {dagbag.py:541} INFO - Filling up the DagBag from /home/airflow/.local/lib/python3.7/site-packages/airflow/example_dags/example_external_task_marker_dag.py
[2023-06-13T02:37:15.726+0000] {processor.py:836} INFO - DAG(s) dict_keys(['example_external_task_marker_child', 'example_external_task_marker_parent']) retrieved from /home/airflow/.local/lib/python3.7/site-packages/airflow/example_dags/example_external_task_marker_dag.py
[2023-06-13T02:37:15.795+0000] {logging_mixin.py:149} INFO - [2023-06-13T02:37:15.795+0000] {dag.py:2726} INFO - Sync 2 DAGs
[2023-06-13T02:37:15.866+0000] {logging_mixin.py:149} INFO - [2023-06-13T02:37:15.866+0000] {dag.py:3490} INFO - Setting next_dagrun for example_external_task_marker_child to None, run_after=None
[2023-06-13T02:37:15.877+0000] {logging_mixin.py:149} INFO - [2023-06-13T02:37:15.877+0000] {dag.py:3490} INFO - Setting next_dagrun for example_external_task_marker_parent to None, run_after=None
[2023-06-13T02:37:15.945+0000] {processor.py:179} INFO - Processing /home/airflow/.local/lib/python3.7/site-packages/airflow/example_dags/example_external_task_marker_dag.py took 0.244 seconds
[2023-06-13T02:37:46.272+0000] {processor.py:157} INFO - Started process (PID=634) to work on /home/airflow/.local/lib/python3.7/site-packages/airflow/example_dags/example_external_task_marker_dag.py
[2023-06-13T02:37:46.277+0000] {processor.py:826} INFO - Processing file /home/airflow/.local/lib/python3.7/site-packages/airflow/example_dags/example_external_task_marker_dag.py for tasks to queue
[2023-06-13T02:37:46.282+0000] {logging_mixin.py:149} INFO - [2023-06-13T02:37:46.281+0000] {dagbag.py:541} INFO - Filling up the DagBag from /home/airflow/.local/lib/python3.7/site-packages/airflow/example_dags/example_external_task_marker_dag.py
[2023-06-13T02:37:46.324+0000] {processor.py:836} INFO - DAG(s) dict_keys(['example_external_task_marker_child', 'example_external_task_marker_parent']) retrieved from /home/airflow/.local/lib/python3.7/site-packages/airflow/example_dags/example_external_task_marker_dag.py
[2023-06-13T02:37:46.460+0000] {logging_mixin.py:149} INFO - [2023-06-13T02:37:46.459+0000] {dag.py:2726} INFO - Sync 2 DAGs
[2023-06-13T02:37:46.642+0000] {logging_mixin.py:149} INFO - [2023-06-13T02:37:46.641+0000] {dag.py:3490} INFO - Setting next_dagrun for example_external_task_marker_child to None, run_after=None
[2023-06-13T02:37:46.676+0000] {logging_mixin.py:149} INFO - [2023-06-13T02:37:46.675+0000] {dag.py:3490} INFO - Setting next_dagrun for example_external_task_marker_parent to None, run_after=None
[2023-06-13T02:37:46.792+0000] {processor.py:179} INFO - Processing /home/airflow/.local/lib/python3.7/site-packages/airflow/example_dags/example_external_task_marker_dag.py took 0.531 seconds
[2023-06-13T02:38:17.529+0000] {processor.py:157} INFO - Started process (PID=695) to work on /home/airflow/.local/lib/python3.7/site-packages/airflow/example_dags/example_external_task_marker_dag.py
[2023-06-13T02:38:17.533+0000] {processor.py:826} INFO - Processing file /home/airflow/.local/lib/python3.7/site-packages/airflow/example_dags/example_external_task_marker_dag.py for tasks to queue
[2023-06-13T02:38:17.537+0000] {logging_mixin.py:149} INFO - [2023-06-13T02:38:17.536+0000] {dagbag.py:541} INFO - Filling up the DagBag from /home/airflow/.local/lib/python3.7/site-packages/airflow/example_dags/example_external_task_marker_dag.py
[2023-06-13T02:38:17.559+0000] {processor.py:836} INFO - DAG(s) dict_keys(['example_external_task_marker_child', 'example_external_task_marker_parent']) retrieved from /home/airflow/.local/lib/python3.7/site-packages/airflow/example_dags/example_external_task_marker_dag.py
[2023-06-13T02:38:17.665+0000] {logging_mixin.py:149} INFO - [2023-06-13T02:38:17.665+0000] {dag.py:2726} INFO - Sync 2 DAGs
[2023-06-13T02:38:17.735+0000] {logging_mixin.py:149} INFO - [2023-06-13T02:38:17.735+0000] {dag.py:3490} INFO - Setting next_dagrun for example_external_task_marker_child to None, run_after=None
[2023-06-13T02:38:17.745+0000] {logging_mixin.py:149} INFO - [2023-06-13T02:38:17.744+0000] {dag.py:3490} INFO - Setting next_dagrun for example_external_task_marker_parent to None, run_after=None
[2023-06-13T02:38:17.807+0000] {processor.py:179} INFO - Processing /home/airflow/.local/lib/python3.7/site-packages/airflow/example_dags/example_external_task_marker_dag.py took 0.289 seconds
[2023-06-13T02:38:48.569+0000] {processor.py:157} INFO - Started process (PID=755) to work on /home/airflow/.local/lib/python3.7/site-packages/airflow/example_dags/example_external_task_marker_dag.py
[2023-06-13T02:38:48.572+0000] {processor.py:826} INFO - Processing file /home/airflow/.local/lib/python3.7/site-packages/airflow/example_dags/example_external_task_marker_dag.py for tasks to queue
[2023-06-13T02:38:48.576+0000] {logging_mixin.py:149} INFO - [2023-06-13T02:38:48.575+0000] {dagbag.py:541} INFO - Filling up the DagBag from /home/airflow/.local/lib/python3.7/site-packages/airflow/example_dags/example_external_task_marker_dag.py
[2023-06-13T02:38:48.592+0000] {processor.py:836} INFO - DAG(s) dict_keys(['example_external_task_marker_child', 'example_external_task_marker_parent']) retrieved from /home/airflow/.local/lib/python3.7/site-packages/airflow/example_dags/example_external_task_marker_dag.py
[2023-06-13T02:38:48.688+0000] {logging_mixin.py:149} INFO - [2023-06-13T02:38:48.687+0000] {dag.py:2726} INFO - Sync 2 DAGs
[2023-06-13T02:38:48.780+0000] {logging_mixin.py:149} INFO - [2023-06-13T02:38:48.779+0000] {dag.py:3490} INFO - Setting next_dagrun for example_external_task_marker_child to None, run_after=None
[2023-06-13T02:38:48.794+0000] {logging_mixin.py:149} INFO - [2023-06-13T02:38:48.793+0000] {dag.py:3490} INFO - Setting next_dagrun for example_external_task_marker_parent to None, run_after=None
[2023-06-13T02:38:48.923+0000] {processor.py:179} INFO - Processing /home/airflow/.local/lib/python3.7/site-packages/airflow/example_dags/example_external_task_marker_dag.py took 0.362 seconds
[2023-06-13T02:39:19.400+0000] {processor.py:157} INFO - Started process (PID=815) to work on /home/airflow/.local/lib/python3.7/site-packages/airflow/example_dags/example_external_task_marker_dag.py
[2023-06-13T02:39:19.403+0000] {processor.py:826} INFO - Processing file /home/airflow/.local/lib/python3.7/site-packages/airflow/example_dags/example_external_task_marker_dag.py for tasks to queue
[2023-06-13T02:39:19.407+0000] {logging_mixin.py:149} INFO - [2023-06-13T02:39:19.406+0000] {dagbag.py:541} INFO - Filling up the DagBag from /home/airflow/.local/lib/python3.7/site-packages/airflow/example_dags/example_external_task_marker_dag.py
[2023-06-13T02:39:19.422+0000] {processor.py:836} INFO - DAG(s) dict_keys(['example_external_task_marker_child', 'example_external_task_marker_parent']) retrieved from /home/airflow/.local/lib/python3.7/site-packages/airflow/example_dags/example_external_task_marker_dag.py
[2023-06-13T02:39:19.550+0000] {logging_mixin.py:149} INFO - [2023-06-13T02:39:19.550+0000] {dag.py:2726} INFO - Sync 2 DAGs
[2023-06-13T02:39:19.764+0000] {logging_mixin.py:149} INFO - [2023-06-13T02:39:19.762+0000] {dag.py:3490} INFO - Setting next_dagrun for example_external_task_marker_child to None, run_after=None
[2023-06-13T02:39:19.783+0000] {logging_mixin.py:149} INFO - [2023-06-13T02:39:19.782+0000] {dag.py:3490} INFO - Setting next_dagrun for example_external_task_marker_parent to None, run_after=None
[2023-06-13T02:39:19.864+0000] {processor.py:179} INFO - Processing /home/airflow/.local/lib/python3.7/site-packages/airflow/example_dags/example_external_task_marker_dag.py took 0.471 seconds
[2023-06-13T02:39:50.285+0000] {processor.py:157} INFO - Started process (PID=875) to work on /home/airflow/.local/lib/python3.7/site-packages/airflow/example_dags/example_external_task_marker_dag.py
[2023-06-13T02:39:50.289+0000] {processor.py:826} INFO - Processing file /home/airflow/.local/lib/python3.7/site-packages/airflow/example_dags/example_external_task_marker_dag.py for tasks to queue
[2023-06-13T02:39:50.293+0000] {logging_mixin.py:149} INFO - [2023-06-13T02:39:50.292+0000] {dagbag.py:541} INFO - Filling up the DagBag from /home/airflow/.local/lib/python3.7/site-packages/airflow/example_dags/example_external_task_marker_dag.py
[2023-06-13T02:39:50.319+0000] {processor.py:836} INFO - DAG(s) dict_keys(['example_external_task_marker_child', 'example_external_task_marker_parent']) retrieved from /home/airflow/.local/lib/python3.7/site-packages/airflow/example_dags/example_external_task_marker_dag.py
[2023-06-13T02:39:50.470+0000] {logging_mixin.py:149} INFO - [2023-06-13T02:39:50.469+0000] {dag.py:2726} INFO - Sync 2 DAGs
[2023-06-13T02:39:50.589+0000] {logging_mixin.py:149} INFO - [2023-06-13T02:39:50.589+0000] {dag.py:3490} INFO - Setting next_dagrun for example_external_task_marker_child to None, run_after=None
[2023-06-13T02:39:50.613+0000] {logging_mixin.py:149} INFO - [2023-06-13T02:39:50.612+0000] {dag.py:3490} INFO - Setting next_dagrun for example_external_task_marker_parent to None, run_after=None
[2023-06-13T02:39:50.735+0000] {processor.py:179} INFO - Processing /home/airflow/.local/lib/python3.7/site-packages/airflow/example_dags/example_external_task_marker_dag.py took 0.462 seconds
[2023-06-13T02:40:21.144+0000] {processor.py:157} INFO - Started process (PID=935) to work on /home/airflow/.local/lib/python3.7/site-packages/airflow/example_dags/example_external_task_marker_dag.py
[2023-06-13T02:40:21.148+0000] {processor.py:826} INFO - Processing file /home/airflow/.local/lib/python3.7/site-packages/airflow/example_dags/example_external_task_marker_dag.py for tasks to queue
[2023-06-13T02:40:21.151+0000] {logging_mixin.py:149} INFO - [2023-06-13T02:40:21.151+0000] {dagbag.py:541} INFO - Filling up the DagBag from /home/airflow/.local/lib/python3.7/site-packages/airflow/example_dags/example_external_task_marker_dag.py
[2023-06-13T02:40:21.166+0000] {processor.py:836} INFO - DAG(s) dict_keys(['example_external_task_marker_parent', 'example_external_task_marker_child']) retrieved from /home/airflow/.local/lib/python3.7/site-packages/airflow/example_dags/example_external_task_marker_dag.py
[2023-06-13T02:40:21.267+0000] {logging_mixin.py:149} INFO - [2023-06-13T02:40:21.266+0000] {dag.py:2726} INFO - Sync 2 DAGs
[2023-06-13T02:40:21.363+0000] {logging_mixin.py:149} INFO - [2023-06-13T02:40:21.363+0000] {dag.py:3490} INFO - Setting next_dagrun for example_external_task_marker_child to None, run_after=None
[2023-06-13T02:40:21.377+0000] {logging_mixin.py:149} INFO - [2023-06-13T02:40:21.377+0000] {dag.py:3490} INFO - Setting next_dagrun for example_external_task_marker_parent to None, run_after=None
[2023-06-13T02:40:21.463+0000] {processor.py:179} INFO - Processing /home/airflow/.local/lib/python3.7/site-packages/airflow/example_dags/example_external_task_marker_dag.py took 0.326 seconds
[2023-06-13T02:40:51.889+0000] {processor.py:157} INFO - Started process (PID=995) to work on /home/airflow/.local/lib/python3.7/site-packages/airflow/example_dags/example_external_task_marker_dag.py
[2023-06-13T02:40:51.893+0000] {processor.py:826} INFO - Processing file /home/airflow/.local/lib/python3.7/site-packages/airflow/example_dags/example_external_task_marker_dag.py for tasks to queue
[2023-06-13T02:40:51.896+0000] {logging_mixin.py:149} INFO - [2023-06-13T02:40:51.896+0000] {dagbag.py:541} INFO - Filling up the DagBag from /home/airflow/.local/lib/python3.7/site-packages/airflow/example_dags/example_external_task_marker_dag.py
[2023-06-13T02:40:51.915+0000] {processor.py:836} INFO - DAG(s) dict_keys(['example_external_task_marker_parent', 'example_external_task_marker_child']) retrieved from /home/airflow/.local/lib/python3.7/site-packages/airflow/example_dags/example_external_task_marker_dag.py
[2023-06-13T02:40:52.017+0000] {logging_mixin.py:149} INFO - [2023-06-13T02:40:52.017+0000] {dag.py:2726} INFO - Sync 2 DAGs
[2023-06-13T02:40:52.130+0000] {logging_mixin.py:149} INFO - [2023-06-13T02:40:52.129+0000] {dag.py:3490} INFO - Setting next_dagrun for example_external_task_marker_child to None, run_after=None
[2023-06-13T02:40:52.172+0000] {logging_mixin.py:149} INFO - [2023-06-13T02:40:52.171+0000] {dag.py:3490} INFO - Setting next_dagrun for example_external_task_marker_parent to None, run_after=None
[2023-06-13T02:40:52.270+0000] {processor.py:179} INFO - Processing /home/airflow/.local/lib/python3.7/site-packages/airflow/example_dags/example_external_task_marker_dag.py took 0.386 seconds
[2023-06-13T02:41:22.786+0000] {processor.py:157} INFO - Started process (PID=1063) to work on /home/airflow/.local/lib/python3.7/site-packages/airflow/example_dags/example_external_task_marker_dag.py
[2023-06-13T02:41:22.792+0000] {processor.py:826} INFO - Processing file /home/airflow/.local/lib/python3.7/site-packages/airflow/example_dags/example_external_task_marker_dag.py for tasks to queue
[2023-06-13T02:41:22.799+0000] {logging_mixin.py:149} INFO - [2023-06-13T02:41:22.798+0000] {dagbag.py:541} INFO - Filling up the DagBag from /home/airflow/.local/lib/python3.7/site-packages/airflow/example_dags/example_external_task_marker_dag.py
[2023-06-13T02:41:22.849+0000] {processor.py:836} INFO - DAG(s) dict_keys(['example_external_task_marker_child', 'example_external_task_marker_parent']) retrieved from /home/airflow/.local/lib/python3.7/site-packages/airflow/example_dags/example_external_task_marker_dag.py
[2023-06-13T02:41:23.034+0000] {logging_mixin.py:149} INFO - [2023-06-13T02:41:23.033+0000] {dag.py:2726} INFO - Sync 2 DAGs
[2023-06-13T02:41:23.196+0000] {logging_mixin.py:149} INFO - [2023-06-13T02:41:23.194+0000] {dag.py:3490} INFO - Setting next_dagrun for example_external_task_marker_child to None, run_after=None
[2023-06-13T02:41:23.224+0000] {logging_mixin.py:149} INFO - [2023-06-13T02:41:23.223+0000] {dag.py:3490} INFO - Setting next_dagrun for example_external_task_marker_parent to None, run_after=None
[2023-06-13T02:41:23.361+0000] {processor.py:179} INFO - Processing /home/airflow/.local/lib/python3.7/site-packages/airflow/example_dags/example_external_task_marker_dag.py took 0.587 seconds
[2023-06-13T02:41:53.997+0000] {processor.py:157} INFO - Started process (PID=1123) to work on /home/airflow/.local/lib/python3.7/site-packages/airflow/example_dags/example_external_task_marker_dag.py
[2023-06-13T02:41:54.002+0000] {processor.py:826} INFO - Processing file /home/airflow/.local/lib/python3.7/site-packages/airflow/example_dags/example_external_task_marker_dag.py for tasks to queue
[2023-06-13T02:41:54.006+0000] {logging_mixin.py:149} INFO - [2023-06-13T02:41:54.005+0000] {dagbag.py:541} INFO - Filling up the DagBag from /home/airflow/.local/lib/python3.7/site-packages/airflow/example_dags/example_external_task_marker_dag.py
[2023-06-13T02:41:54.025+0000] {processor.py:836} INFO - DAG(s) dict_keys(['example_external_task_marker_parent', 'example_external_task_marker_child']) retrieved from /home/airflow/.local/lib/python3.7/site-packages/airflow/example_dags/example_external_task_marker_dag.py
[2023-06-13T02:41:54.185+0000] {logging_mixin.py:149} INFO - [2023-06-13T02:41:54.184+0000] {dag.py:2726} INFO - Sync 2 DAGs
[2023-06-13T02:41:54.282+0000] {logging_mixin.py:149} INFO - [2023-06-13T02:41:54.281+0000] {dag.py:3490} INFO - Setting next_dagrun for example_external_task_marker_child to None, run_after=None
[2023-06-13T02:41:54.294+0000] {logging_mixin.py:149} INFO - [2023-06-13T02:41:54.293+0000] {dag.py:3490} INFO - Setting next_dagrun for example_external_task_marker_parent to None, run_after=None
[2023-06-13T02:41:54.357+0000] {processor.py:179} INFO - Processing /home/airflow/.local/lib/python3.7/site-packages/airflow/example_dags/example_external_task_marker_dag.py took 0.381 seconds
[2023-06-13T02:42:24.953+0000] {processor.py:157} INFO - Started process (PID=1183) to work on /home/airflow/.local/lib/python3.7/site-packages/airflow/example_dags/example_external_task_marker_dag.py
[2023-06-13T02:42:24.957+0000] {processor.py:826} INFO - Processing file /home/airflow/.local/lib/python3.7/site-packages/airflow/example_dags/example_external_task_marker_dag.py for tasks to queue
[2023-06-13T02:42:24.960+0000] {logging_mixin.py:149} INFO - [2023-06-13T02:42:24.959+0000] {dagbag.py:541} INFO - Filling up the DagBag from /home/airflow/.local/lib/python3.7/site-packages/airflow/example_dags/example_external_task_marker_dag.py
[2023-06-13T02:42:24.980+0000] {processor.py:836} INFO - DAG(s) dict_keys(['example_external_task_marker_parent', 'example_external_task_marker_child']) retrieved from /home/airflow/.local/lib/python3.7/site-packages/airflow/example_dags/example_external_task_marker_dag.py
[2023-06-13T02:42:25.083+0000] {logging_mixin.py:149} INFO - [2023-06-13T02:42:25.082+0000] {dag.py:2726} INFO - Sync 2 DAGs
[2023-06-13T02:42:25.216+0000] {logging_mixin.py:149} INFO - [2023-06-13T02:42:25.215+0000] {dag.py:3490} INFO - Setting next_dagrun for example_external_task_marker_child to None, run_after=None
[2023-06-13T02:42:25.232+0000] {logging_mixin.py:149} INFO - [2023-06-13T02:42:25.231+0000] {dag.py:3490} INFO - Setting next_dagrun for example_external_task_marker_parent to None, run_after=None
[2023-06-13T02:42:25.344+0000] {processor.py:179} INFO - Processing /home/airflow/.local/lib/python3.7/site-packages/airflow/example_dags/example_external_task_marker_dag.py took 0.399 seconds
[2023-06-13T02:42:57.051+0000] {processor.py:157} INFO - Started process (PID=1243) to work on /home/airflow/.local/lib/python3.7/site-packages/airflow/example_dags/example_external_task_marker_dag.py
[2023-06-13T02:42:57.054+0000] {processor.py:826} INFO - Processing file /home/airflow/.local/lib/python3.7/site-packages/airflow/example_dags/example_external_task_marker_dag.py for tasks to queue
[2023-06-13T02:42:57.058+0000] {logging_mixin.py:149} INFO - [2023-06-13T02:42:57.057+0000] {dagbag.py:541} INFO - Filling up the DagBag from /home/airflow/.local/lib/python3.7/site-packages/airflow/example_dags/example_external_task_marker_dag.py
[2023-06-13T02:42:57.073+0000] {processor.py:836} INFO - DAG(s) dict_keys(['example_external_task_marker_parent', 'example_external_task_marker_child']) retrieved from /home/airflow/.local/lib/python3.7/site-packages/airflow/example_dags/example_external_task_marker_dag.py
[2023-06-13T02:42:57.177+0000] {logging_mixin.py:149} INFO - [2023-06-13T02:42:57.176+0000] {dag.py:2726} INFO - Sync 2 DAGs
[2023-06-13T02:42:57.305+0000] {logging_mixin.py:149} INFO - [2023-06-13T02:42:57.304+0000] {dag.py:3490} INFO - Setting next_dagrun for example_external_task_marker_child to None, run_after=None
[2023-06-13T02:42:57.359+0000] {logging_mixin.py:149} INFO - [2023-06-13T02:42:57.358+0000] {dag.py:3490} INFO - Setting next_dagrun for example_external_task_marker_parent to None, run_after=None
[2023-06-13T02:42:57.566+0000] {processor.py:179} INFO - Processing /home/airflow/.local/lib/python3.7/site-packages/airflow/example_dags/example_external_task_marker_dag.py took 0.521 seconds
[2023-06-13T02:43:28.026+0000] {processor.py:157} INFO - Started process (PID=1303) to work on /home/airflow/.local/lib/python3.7/site-packages/airflow/example_dags/example_external_task_marker_dag.py
[2023-06-13T02:43:28.030+0000] {processor.py:826} INFO - Processing file /home/airflow/.local/lib/python3.7/site-packages/airflow/example_dags/example_external_task_marker_dag.py for tasks to queue
[2023-06-13T02:43:28.035+0000] {logging_mixin.py:149} INFO - [2023-06-13T02:43:28.034+0000] {dagbag.py:541} INFO - Filling up the DagBag from /home/airflow/.local/lib/python3.7/site-packages/airflow/example_dags/example_external_task_marker_dag.py
[2023-06-13T02:43:28.061+0000] {processor.py:836} INFO - DAG(s) dict_keys(['example_external_task_marker_parent', 'example_external_task_marker_child']) retrieved from /home/airflow/.local/lib/python3.7/site-packages/airflow/example_dags/example_external_task_marker_dag.py
[2023-06-13T02:43:28.161+0000] {logging_mixin.py:149} INFO - [2023-06-13T02:43:28.161+0000] {dag.py:2726} INFO - Sync 2 DAGs
[2023-06-13T02:43:28.264+0000] {logging_mixin.py:149} INFO - [2023-06-13T02:43:28.263+0000] {dag.py:3490} INFO - Setting next_dagrun for example_external_task_marker_child to None, run_after=None
[2023-06-13T02:43:28.278+0000] {logging_mixin.py:149} INFO - [2023-06-13T02:43:28.277+0000] {dag.py:3490} INFO - Setting next_dagrun for example_external_task_marker_parent to None, run_after=None
[2023-06-13T02:43:28.412+0000] {processor.py:179} INFO - Processing /home/airflow/.local/lib/python3.7/site-packages/airflow/example_dags/example_external_task_marker_dag.py took 0.397 seconds
[2023-06-13T02:43:58.888+0000] {processor.py:157} INFO - Started process (PID=1363) to work on /home/airflow/.local/lib/python3.7/site-packages/airflow/example_dags/example_external_task_marker_dag.py
[2023-06-13T02:43:58.891+0000] {processor.py:826} INFO - Processing file /home/airflow/.local/lib/python3.7/site-packages/airflow/example_dags/example_external_task_marker_dag.py for tasks to queue
[2023-06-13T02:43:58.894+0000] {logging_mixin.py:149} INFO - [2023-06-13T02:43:58.894+0000] {dagbag.py:541} INFO - Filling up the DagBag from /home/airflow/.local/lib/python3.7/site-packages/airflow/example_dags/example_external_task_marker_dag.py
[2023-06-13T02:43:58.912+0000] {processor.py:836} INFO - DAG(s) dict_keys(['example_external_task_marker_child', 'example_external_task_marker_parent']) retrieved from /home/airflow/.local/lib/python3.7/site-packages/airflow/example_dags/example_external_task_marker_dag.py
[2023-06-13T02:43:58.993+0000] {logging_mixin.py:149} INFO - [2023-06-13T02:43:58.993+0000] {dag.py:2726} INFO - Sync 2 DAGs
[2023-06-13T02:43:59.085+0000] {logging_mixin.py:149} INFO - [2023-06-13T02:43:59.085+0000] {dag.py:3490} INFO - Setting next_dagrun for example_external_task_marker_child to None, run_after=None
[2023-06-13T02:43:59.099+0000] {logging_mixin.py:149} INFO - [2023-06-13T02:43:59.098+0000] {dag.py:3490} INFO - Setting next_dagrun for example_external_task_marker_parent to None, run_after=None
[2023-06-13T02:43:59.174+0000] {processor.py:179} INFO - Processing /home/airflow/.local/lib/python3.7/site-packages/airflow/example_dags/example_external_task_marker_dag.py took 0.295 seconds
[2023-06-13T02:44:29.623+0000] {processor.py:157} INFO - Started process (PID=1424) to work on /home/airflow/.local/lib/python3.7/site-packages/airflow/example_dags/example_external_task_marker_dag.py
[2023-06-13T02:44:29.627+0000] {processor.py:826} INFO - Processing file /home/airflow/.local/lib/python3.7/site-packages/airflow/example_dags/example_external_task_marker_dag.py for tasks to queue
[2023-06-13T02:44:29.635+0000] {logging_mixin.py:149} INFO - [2023-06-13T02:44:29.633+0000] {dagbag.py:541} INFO - Filling up the DagBag from /home/airflow/.local/lib/python3.7/site-packages/airflow/example_dags/example_external_task_marker_dag.py
[2023-06-13T02:44:29.662+0000] {processor.py:836} INFO - DAG(s) dict_keys(['example_external_task_marker_parent', 'example_external_task_marker_child']) retrieved from /home/airflow/.local/lib/python3.7/site-packages/airflow/example_dags/example_external_task_marker_dag.py
[2023-06-13T02:44:29.762+0000] {logging_mixin.py:149} INFO - [2023-06-13T02:44:29.761+0000] {dag.py:2726} INFO - Sync 2 DAGs
[2023-06-13T02:44:29.873+0000] {logging_mixin.py:149} INFO - [2023-06-13T02:44:29.873+0000] {dag.py:3490} INFO - Setting next_dagrun for example_external_task_marker_child to None, run_after=None
[2023-06-13T02:44:29.884+0000] {logging_mixin.py:149} INFO - [2023-06-13T02:44:29.883+0000] {dag.py:3490} INFO - Setting next_dagrun for example_external_task_marker_parent to None, run_after=None
[2023-06-13T02:44:29.945+0000] {processor.py:179} INFO - Processing /home/airflow/.local/lib/python3.7/site-packages/airflow/example_dags/example_external_task_marker_dag.py took 0.333 seconds
