[2023-06-13T01:49:56.191+0000] {processor.py:157} INFO - Started process (PID=32) to work on /home/airflow/.local/lib/python3.7/site-packages/airflow/example_dags/example_params_ui_tutorial.py
[2023-06-13T01:49:56.193+0000] {processor.py:826} INFO - Processing file /home/airflow/.local/lib/python3.7/site-packages/airflow/example_dags/example_params_ui_tutorial.py for tasks to queue
[2023-06-13T01:49:56.195+0000] {logging_mixin.py:149} INFO - [2023-06-13T01:49:56.195+0000] {dagbag.py:541} INFO - Filling up the DagBag from /home/airflow/.local/lib/python3.7/site-packages/airflow/example_dags/example_params_ui_tutorial.py
[2023-06-13T01:49:56.301+0000] {processor.py:836} INFO - DAG(s) dict_keys(['example_params_ui_tutorial']) retrieved from /home/airflow/.local/lib/python3.7/site-packages/airflow/example_dags/example_params_ui_tutorial.py
[2023-06-13T01:49:56.540+0000] {logging_mixin.py:149} INFO - [2023-06-13T01:49:56.539+0000] {dag.py:2726} INFO - Sync 1 DAGs
[2023-06-13T01:49:56.591+0000] {logging_mixin.py:149} INFO - [2023-06-13T01:49:56.591+0000] {dag.py:3490} INFO - Setting next_dagrun for example_params_ui_tutorial to None, run_after=None
[2023-06-13T01:49:56.638+0000] {processor.py:179} INFO - Processing /home/airflow/.local/lib/python3.7/site-packages/airflow/example_dags/example_params_ui_tutorial.py took 0.451 seconds
[2023-06-13T01:50:27.050+0000] {processor.py:157} INFO - Started process (PID=92) to work on /home/airflow/.local/lib/python3.7/site-packages/airflow/example_dags/example_params_ui_tutorial.py
[2023-06-13T01:50:27.051+0000] {processor.py:826} INFO - Processing file /home/airflow/.local/lib/python3.7/site-packages/airflow/example_dags/example_params_ui_tutorial.py for tasks to queue
[2023-06-13T01:50:27.053+0000] {logging_mixin.py:149} INFO - [2023-06-13T01:50:27.053+0000] {dagbag.py:541} INFO - Filling up the DagBag from /home/airflow/.local/lib/python3.7/site-packages/airflow/example_dags/example_params_ui_tutorial.py
[2023-06-13T01:50:27.107+0000] {processor.py:836} INFO - DAG(s) dict_keys(['example_params_ui_tutorial']) retrieved from /home/airflow/.local/lib/python3.7/site-packages/airflow/example_dags/example_params_ui_tutorial.py
[2023-06-13T01:50:27.205+0000] {logging_mixin.py:149} INFO - [2023-06-13T01:50:27.205+0000] {dag.py:2726} INFO - Sync 1 DAGs
[2023-06-13T01:50:27.258+0000] {logging_mixin.py:149} INFO - [2023-06-13T01:50:27.258+0000] {dag.py:3490} INFO - Setting next_dagrun for example_params_ui_tutorial to None, run_after=None
[2023-06-13T01:50:27.302+0000] {processor.py:179} INFO - Processing /home/airflow/.local/lib/python3.7/site-packages/airflow/example_dags/example_params_ui_tutorial.py took 0.255 seconds
[2023-06-13T01:50:57.505+0000] {processor.py:157} INFO - Started process (PID=152) to work on /home/airflow/.local/lib/python3.7/site-packages/airflow/example_dags/example_params_ui_tutorial.py
[2023-06-13T01:50:57.507+0000] {processor.py:826} INFO - Processing file /home/airflow/.local/lib/python3.7/site-packages/airflow/example_dags/example_params_ui_tutorial.py for tasks to queue
[2023-06-13T01:50:57.509+0000] {logging_mixin.py:149} INFO - [2023-06-13T01:50:57.508+0000] {dagbag.py:541} INFO - Filling up the DagBag from /home/airflow/.local/lib/python3.7/site-packages/airflow/example_dags/example_params_ui_tutorial.py
[2023-06-13T01:50:57.605+0000] {processor.py:836} INFO - DAG(s) dict_keys(['example_params_ui_tutorial']) retrieved from /home/airflow/.local/lib/python3.7/site-packages/airflow/example_dags/example_params_ui_tutorial.py
[2023-06-13T01:50:57.713+0000] {logging_mixin.py:149} INFO - [2023-06-13T01:50:57.712+0000] {dag.py:2726} INFO - Sync 1 DAGs
[2023-06-13T01:50:57.754+0000] {logging_mixin.py:149} INFO - [2023-06-13T01:50:57.754+0000] {dag.py:3490} INFO - Setting next_dagrun for example_params_ui_tutorial to None, run_after=None
[2023-06-13T01:50:57.796+0000] {processor.py:179} INFO - Processing /home/airflow/.local/lib/python3.7/site-packages/airflow/example_dags/example_params_ui_tutorial.py took 0.297 seconds
[2023-06-13T01:51:28.147+0000] {processor.py:157} INFO - Started process (PID=212) to work on /home/airflow/.local/lib/python3.7/site-packages/airflow/example_dags/example_params_ui_tutorial.py
[2023-06-13T01:51:28.149+0000] {processor.py:826} INFO - Processing file /home/airflow/.local/lib/python3.7/site-packages/airflow/example_dags/example_params_ui_tutorial.py for tasks to queue
[2023-06-13T01:51:28.151+0000] {logging_mixin.py:149} INFO - [2023-06-13T01:51:28.150+0000] {dagbag.py:541} INFO - Filling up the DagBag from /home/airflow/.local/lib/python3.7/site-packages/airflow/example_dags/example_params_ui_tutorial.py
[2023-06-13T01:51:28.206+0000] {processor.py:836} INFO - DAG(s) dict_keys(['example_params_ui_tutorial']) retrieved from /home/airflow/.local/lib/python3.7/site-packages/airflow/example_dags/example_params_ui_tutorial.py
[2023-06-13T01:51:28.305+0000] {logging_mixin.py:149} INFO - [2023-06-13T01:51:28.304+0000] {dag.py:2726} INFO - Sync 1 DAGs
[2023-06-13T01:51:28.342+0000] {logging_mixin.py:149} INFO - [2023-06-13T01:51:28.342+0000] {dag.py:3490} INFO - Setting next_dagrun for example_params_ui_tutorial to None, run_after=None
[2023-06-13T01:51:28.373+0000] {processor.py:179} INFO - Processing /home/airflow/.local/lib/python3.7/site-packages/airflow/example_dags/example_params_ui_tutorial.py took 0.229 seconds
[2023-06-13T01:53:44.830+0000] {processor.py:157} INFO - Started process (PID=32) to work on /home/airflow/.local/lib/python3.7/site-packages/airflow/example_dags/example_params_ui_tutorial.py
[2023-06-13T01:53:44.834+0000] {processor.py:826} INFO - Processing file /home/airflow/.local/lib/python3.7/site-packages/airflow/example_dags/example_params_ui_tutorial.py for tasks to queue
[2023-06-13T01:53:44.836+0000] {logging_mixin.py:149} INFO - [2023-06-13T01:53:44.836+0000] {dagbag.py:541} INFO - Filling up the DagBag from /home/airflow/.local/lib/python3.7/site-packages/airflow/example_dags/example_params_ui_tutorial.py
[2023-06-13T01:53:45.007+0000] {processor.py:836} INFO - DAG(s) dict_keys(['example_params_ui_tutorial']) retrieved from /home/airflow/.local/lib/python3.7/site-packages/airflow/example_dags/example_params_ui_tutorial.py
[2023-06-13T01:53:45.551+0000] {logging_mixin.py:149} INFO - [2023-06-13T01:53:45.551+0000] {dag.py:2726} INFO - Sync 1 DAGs
[2023-06-13T01:53:45.650+0000] {logging_mixin.py:149} INFO - [2023-06-13T01:53:45.650+0000] {dag.py:3490} INFO - Setting next_dagrun for example_params_ui_tutorial to None, run_after=None
[2023-06-13T01:53:45.725+0000] {processor.py:179} INFO - Processing /home/airflow/.local/lib/python3.7/site-packages/airflow/example_dags/example_params_ui_tutorial.py took 0.902 seconds
[2023-06-13T01:54:16.157+0000] {processor.py:157} INFO - Started process (PID=92) to work on /home/airflow/.local/lib/python3.7/site-packages/airflow/example_dags/example_params_ui_tutorial.py
[2023-06-13T01:54:16.158+0000] {processor.py:826} INFO - Processing file /home/airflow/.local/lib/python3.7/site-packages/airflow/example_dags/example_params_ui_tutorial.py for tasks to queue
[2023-06-13T01:54:16.160+0000] {logging_mixin.py:149} INFO - [2023-06-13T01:54:16.160+0000] {dagbag.py:541} INFO - Filling up the DagBag from /home/airflow/.local/lib/python3.7/site-packages/airflow/example_dags/example_params_ui_tutorial.py
[2023-06-13T01:54:16.233+0000] {processor.py:836} INFO - DAG(s) dict_keys(['example_params_ui_tutorial']) retrieved from /home/airflow/.local/lib/python3.7/site-packages/airflow/example_dags/example_params_ui_tutorial.py
[2023-06-13T01:54:16.350+0000] {logging_mixin.py:149} INFO - [2023-06-13T01:54:16.350+0000] {dag.py:2726} INFO - Sync 1 DAGs
[2023-06-13T01:54:16.399+0000] {logging_mixin.py:149} INFO - [2023-06-13T01:54:16.398+0000] {dag.py:3490} INFO - Setting next_dagrun for example_params_ui_tutorial to None, run_after=None
[2023-06-13T01:54:16.438+0000] {processor.py:179} INFO - Processing /home/airflow/.local/lib/python3.7/site-packages/airflow/example_dags/example_params_ui_tutorial.py took 0.286 seconds
[2023-06-13T01:54:46.734+0000] {processor.py:157} INFO - Started process (PID=153) to work on /home/airflow/.local/lib/python3.7/site-packages/airflow/example_dags/example_params_ui_tutorial.py
[2023-06-13T01:54:46.736+0000] {processor.py:826} INFO - Processing file /home/airflow/.local/lib/python3.7/site-packages/airflow/example_dags/example_params_ui_tutorial.py for tasks to queue
[2023-06-13T01:54:46.738+0000] {logging_mixin.py:149} INFO - [2023-06-13T01:54:46.738+0000] {dagbag.py:541} INFO - Filling up the DagBag from /home/airflow/.local/lib/python3.7/site-packages/airflow/example_dags/example_params_ui_tutorial.py
[2023-06-13T01:54:46.794+0000] {processor.py:836} INFO - DAG(s) dict_keys(['example_params_ui_tutorial']) retrieved from /home/airflow/.local/lib/python3.7/site-packages/airflow/example_dags/example_params_ui_tutorial.py
[2023-06-13T01:54:46.889+0000] {logging_mixin.py:149} INFO - [2023-06-13T01:54:46.889+0000] {dag.py:2726} INFO - Sync 1 DAGs
[2023-06-13T01:54:46.933+0000] {logging_mixin.py:149} INFO - [2023-06-13T01:54:46.933+0000] {dag.py:3490} INFO - Setting next_dagrun for example_params_ui_tutorial to None, run_after=None
[2023-06-13T01:54:46.964+0000] {processor.py:179} INFO - Processing /home/airflow/.local/lib/python3.7/site-packages/airflow/example_dags/example_params_ui_tutorial.py took 0.234 seconds
[2023-06-13T01:55:17.040+0000] {processor.py:157} INFO - Started process (PID=213) to work on /home/airflow/.local/lib/python3.7/site-packages/airflow/example_dags/example_params_ui_tutorial.py
[2023-06-13T01:55:17.042+0000] {processor.py:826} INFO - Processing file /home/airflow/.local/lib/python3.7/site-packages/airflow/example_dags/example_params_ui_tutorial.py for tasks to queue
[2023-06-13T01:55:17.044+0000] {logging_mixin.py:149} INFO - [2023-06-13T01:55:17.044+0000] {dagbag.py:541} INFO - Filling up the DagBag from /home/airflow/.local/lib/python3.7/site-packages/airflow/example_dags/example_params_ui_tutorial.py
[2023-06-13T01:55:17.108+0000] {processor.py:836} INFO - DAG(s) dict_keys(['example_params_ui_tutorial']) retrieved from /home/airflow/.local/lib/python3.7/site-packages/airflow/example_dags/example_params_ui_tutorial.py
[2023-06-13T01:55:17.219+0000] {logging_mixin.py:149} INFO - [2023-06-13T01:55:17.218+0000] {dag.py:2726} INFO - Sync 1 DAGs
[2023-06-13T01:55:17.266+0000] {logging_mixin.py:149} INFO - [2023-06-13T01:55:17.266+0000] {dag.py:3490} INFO - Setting next_dagrun for example_params_ui_tutorial to None, run_after=None
[2023-06-13T01:55:17.302+0000] {processor.py:179} INFO - Processing /home/airflow/.local/lib/python3.7/site-packages/airflow/example_dags/example_params_ui_tutorial.py took 0.266 seconds
[2023-06-13T01:55:47.401+0000] {processor.py:157} INFO - Started process (PID=274) to work on /home/airflow/.local/lib/python3.7/site-packages/airflow/example_dags/example_params_ui_tutorial.py
[2023-06-13T01:55:47.404+0000] {processor.py:826} INFO - Processing file /home/airflow/.local/lib/python3.7/site-packages/airflow/example_dags/example_params_ui_tutorial.py for tasks to queue
[2023-06-13T01:55:47.405+0000] {logging_mixin.py:149} INFO - [2023-06-13T01:55:47.405+0000] {dagbag.py:541} INFO - Filling up the DagBag from /home/airflow/.local/lib/python3.7/site-packages/airflow/example_dags/example_params_ui_tutorial.py
[2023-06-13T01:55:47.488+0000] {processor.py:836} INFO - DAG(s) dict_keys(['example_params_ui_tutorial']) retrieved from /home/airflow/.local/lib/python3.7/site-packages/airflow/example_dags/example_params_ui_tutorial.py
[2023-06-13T01:55:47.646+0000] {logging_mixin.py:149} INFO - [2023-06-13T01:55:47.645+0000] {dag.py:2726} INFO - Sync 1 DAGs
[2023-06-13T01:55:47.720+0000] {logging_mixin.py:149} INFO - [2023-06-13T01:55:47.720+0000] {dag.py:3490} INFO - Setting next_dagrun for example_params_ui_tutorial to None, run_after=None
[2023-06-13T01:55:47.781+0000] {processor.py:179} INFO - Processing /home/airflow/.local/lib/python3.7/site-packages/airflow/example_dags/example_params_ui_tutorial.py took 0.384 seconds
[2023-06-13T01:56:18.079+0000] {processor.py:157} INFO - Started process (PID=334) to work on /home/airflow/.local/lib/python3.7/site-packages/airflow/example_dags/example_params_ui_tutorial.py
[2023-06-13T01:56:18.081+0000] {processor.py:826} INFO - Processing file /home/airflow/.local/lib/python3.7/site-packages/airflow/example_dags/example_params_ui_tutorial.py for tasks to queue
[2023-06-13T01:56:18.082+0000] {logging_mixin.py:149} INFO - [2023-06-13T01:56:18.082+0000] {dagbag.py:541} INFO - Filling up the DagBag from /home/airflow/.local/lib/python3.7/site-packages/airflow/example_dags/example_params_ui_tutorial.py
[2023-06-13T01:56:18.148+0000] {processor.py:836} INFO - DAG(s) dict_keys(['example_params_ui_tutorial']) retrieved from /home/airflow/.local/lib/python3.7/site-packages/airflow/example_dags/example_params_ui_tutorial.py
[2023-06-13T01:56:18.250+0000] {logging_mixin.py:149} INFO - [2023-06-13T01:56:18.249+0000] {dag.py:2726} INFO - Sync 1 DAGs
[2023-06-13T01:56:18.291+0000] {logging_mixin.py:149} INFO - [2023-06-13T01:56:18.291+0000] {dag.py:3490} INFO - Setting next_dagrun for example_params_ui_tutorial to None, run_after=None
[2023-06-13T01:56:18.327+0000] {processor.py:179} INFO - Processing /home/airflow/.local/lib/python3.7/site-packages/airflow/example_dags/example_params_ui_tutorial.py took 0.252 seconds
[2023-06-13T01:56:48.523+0000] {processor.py:157} INFO - Started process (PID=394) to work on /home/airflow/.local/lib/python3.7/site-packages/airflow/example_dags/example_params_ui_tutorial.py
[2023-06-13T01:56:48.524+0000] {processor.py:826} INFO - Processing file /home/airflow/.local/lib/python3.7/site-packages/airflow/example_dags/example_params_ui_tutorial.py for tasks to queue
[2023-06-13T01:56:48.526+0000] {logging_mixin.py:149} INFO - [2023-06-13T01:56:48.526+0000] {dagbag.py:541} INFO - Filling up the DagBag from /home/airflow/.local/lib/python3.7/site-packages/airflow/example_dags/example_params_ui_tutorial.py
[2023-06-13T01:56:48.583+0000] {processor.py:836} INFO - DAG(s) dict_keys(['example_params_ui_tutorial']) retrieved from /home/airflow/.local/lib/python3.7/site-packages/airflow/example_dags/example_params_ui_tutorial.py
[2023-06-13T01:56:48.716+0000] {logging_mixin.py:149} INFO - [2023-06-13T01:56:48.716+0000] {dag.py:2726} INFO - Sync 1 DAGs
[2023-06-13T01:56:48.761+0000] {logging_mixin.py:149} INFO - [2023-06-13T01:56:48.761+0000] {dag.py:3490} INFO - Setting next_dagrun for example_params_ui_tutorial to None, run_after=None
[2023-06-13T01:56:48.813+0000] {processor.py:179} INFO - Processing /home/airflow/.local/lib/python3.7/site-packages/airflow/example_dags/example_params_ui_tutorial.py took 0.294 seconds
[2023-06-13T01:57:19.073+0000] {processor.py:157} INFO - Started process (PID=455) to work on /home/airflow/.local/lib/python3.7/site-packages/airflow/example_dags/example_params_ui_tutorial.py
[2023-06-13T01:57:19.075+0000] {processor.py:826} INFO - Processing file /home/airflow/.local/lib/python3.7/site-packages/airflow/example_dags/example_params_ui_tutorial.py for tasks to queue
[2023-06-13T01:57:19.077+0000] {logging_mixin.py:149} INFO - [2023-06-13T01:57:19.077+0000] {dagbag.py:541} INFO - Filling up the DagBag from /home/airflow/.local/lib/python3.7/site-packages/airflow/example_dags/example_params_ui_tutorial.py
[2023-06-13T01:57:19.171+0000] {processor.py:836} INFO - DAG(s) dict_keys(['example_params_ui_tutorial']) retrieved from /home/airflow/.local/lib/python3.7/site-packages/airflow/example_dags/example_params_ui_tutorial.py
[2023-06-13T01:57:19.358+0000] {logging_mixin.py:149} INFO - [2023-06-13T01:57:19.358+0000] {dag.py:2726} INFO - Sync 1 DAGs
[2023-06-13T01:57:19.414+0000] {logging_mixin.py:149} INFO - [2023-06-13T01:57:19.413+0000] {dag.py:3490} INFO - Setting next_dagrun for example_params_ui_tutorial to None, run_after=None
[2023-06-13T01:57:19.462+0000] {processor.py:179} INFO - Processing /home/airflow/.local/lib/python3.7/site-packages/airflow/example_dags/example_params_ui_tutorial.py took 0.394 seconds
[2023-06-13T01:57:49.637+0000] {processor.py:157} INFO - Started process (PID=515) to work on /home/airflow/.local/lib/python3.7/site-packages/airflow/example_dags/example_params_ui_tutorial.py
[2023-06-13T01:57:49.638+0000] {processor.py:826} INFO - Processing file /home/airflow/.local/lib/python3.7/site-packages/airflow/example_dags/example_params_ui_tutorial.py for tasks to queue
[2023-06-13T01:57:49.640+0000] {logging_mixin.py:149} INFO - [2023-06-13T01:57:49.639+0000] {dagbag.py:541} INFO - Filling up the DagBag from /home/airflow/.local/lib/python3.7/site-packages/airflow/example_dags/example_params_ui_tutorial.py
[2023-06-13T01:57:49.704+0000] {processor.py:836} INFO - DAG(s) dict_keys(['example_params_ui_tutorial']) retrieved from /home/airflow/.local/lib/python3.7/site-packages/airflow/example_dags/example_params_ui_tutorial.py
[2023-06-13T01:57:49.828+0000] {logging_mixin.py:149} INFO - [2023-06-13T01:57:49.827+0000] {dag.py:2726} INFO - Sync 1 DAGs
[2023-06-13T01:57:49.872+0000] {logging_mixin.py:149} INFO - [2023-06-13T01:57:49.872+0000] {dag.py:3490} INFO - Setting next_dagrun for example_params_ui_tutorial to None, run_after=None
[2023-06-13T01:57:49.913+0000] {processor.py:179} INFO - Processing /home/airflow/.local/lib/python3.7/site-packages/airflow/example_dags/example_params_ui_tutorial.py took 0.281 seconds
[2023-06-13T01:58:20.466+0000] {processor.py:157} INFO - Started process (PID=575) to work on /home/airflow/.local/lib/python3.7/site-packages/airflow/example_dags/example_params_ui_tutorial.py
[2023-06-13T01:58:20.468+0000] {processor.py:826} INFO - Processing file /home/airflow/.local/lib/python3.7/site-packages/airflow/example_dags/example_params_ui_tutorial.py for tasks to queue
[2023-06-13T01:58:20.469+0000] {logging_mixin.py:149} INFO - [2023-06-13T01:58:20.469+0000] {dagbag.py:541} INFO - Filling up the DagBag from /home/airflow/.local/lib/python3.7/site-packages/airflow/example_dags/example_params_ui_tutorial.py
[2023-06-13T01:58:20.526+0000] {processor.py:836} INFO - DAG(s) dict_keys(['example_params_ui_tutorial']) retrieved from /home/airflow/.local/lib/python3.7/site-packages/airflow/example_dags/example_params_ui_tutorial.py
[2023-06-13T01:58:20.545+0000] {logging_mixin.py:149} INFO - [2023-06-13T01:58:20.545+0000] {dag.py:2726} INFO - Sync 1 DAGs
[2023-06-13T01:58:20.595+0000] {logging_mixin.py:149} INFO - [2023-06-13T01:58:20.595+0000] {dag.py:3490} INFO - Setting next_dagrun for example_params_ui_tutorial to None, run_after=None
[2023-06-13T01:58:20.633+0000] {processor.py:179} INFO - Processing /home/airflow/.local/lib/python3.7/site-packages/airflow/example_dags/example_params_ui_tutorial.py took 0.169 seconds
[2023-06-13T01:58:50.685+0000] {processor.py:157} INFO - Started process (PID=635) to work on /home/airflow/.local/lib/python3.7/site-packages/airflow/example_dags/example_params_ui_tutorial.py
[2023-06-13T01:58:50.687+0000] {processor.py:826} INFO - Processing file /home/airflow/.local/lib/python3.7/site-packages/airflow/example_dags/example_params_ui_tutorial.py for tasks to queue
[2023-06-13T01:58:50.688+0000] {logging_mixin.py:149} INFO - [2023-06-13T01:58:50.688+0000] {dagbag.py:541} INFO - Filling up the DagBag from /home/airflow/.local/lib/python3.7/site-packages/airflow/example_dags/example_params_ui_tutorial.py
[2023-06-13T01:58:50.745+0000] {processor.py:836} INFO - DAG(s) dict_keys(['example_params_ui_tutorial']) retrieved from /home/airflow/.local/lib/python3.7/site-packages/airflow/example_dags/example_params_ui_tutorial.py
[2023-06-13T01:58:50.835+0000] {logging_mixin.py:149} INFO - [2023-06-13T01:58:50.835+0000] {dag.py:2726} INFO - Sync 1 DAGs
[2023-06-13T01:58:50.874+0000] {logging_mixin.py:149} INFO - [2023-06-13T01:58:50.873+0000] {dag.py:3490} INFO - Setting next_dagrun for example_params_ui_tutorial to None, run_after=None
[2023-06-13T01:58:50.908+0000] {processor.py:179} INFO - Processing /home/airflow/.local/lib/python3.7/site-packages/airflow/example_dags/example_params_ui_tutorial.py took 0.226 seconds
[2023-06-13T01:59:21.347+0000] {processor.py:157} INFO - Started process (PID=695) to work on /home/airflow/.local/lib/python3.7/site-packages/airflow/example_dags/example_params_ui_tutorial.py
[2023-06-13T01:59:21.348+0000] {processor.py:826} INFO - Processing file /home/airflow/.local/lib/python3.7/site-packages/airflow/example_dags/example_params_ui_tutorial.py for tasks to queue
[2023-06-13T01:59:21.350+0000] {logging_mixin.py:149} INFO - [2023-06-13T01:59:21.350+0000] {dagbag.py:541} INFO - Filling up the DagBag from /home/airflow/.local/lib/python3.7/site-packages/airflow/example_dags/example_params_ui_tutorial.py
[2023-06-13T01:59:21.422+0000] {processor.py:836} INFO - DAG(s) dict_keys(['example_params_ui_tutorial']) retrieved from /home/airflow/.local/lib/python3.7/site-packages/airflow/example_dags/example_params_ui_tutorial.py
[2023-06-13T01:59:21.546+0000] {logging_mixin.py:149} INFO - [2023-06-13T01:59:21.546+0000] {dag.py:2726} INFO - Sync 1 DAGs
[2023-06-13T01:59:21.594+0000] {logging_mixin.py:149} INFO - [2023-06-13T01:59:21.594+0000] {dag.py:3490} INFO - Setting next_dagrun for example_params_ui_tutorial to None, run_after=None
[2023-06-13T01:59:21.638+0000] {processor.py:179} INFO - Processing /home/airflow/.local/lib/python3.7/site-packages/airflow/example_dags/example_params_ui_tutorial.py took 0.296 seconds
[2023-06-13T02:00:55.821+0000] {processor.py:157} INFO - Started process (PID=32) to work on /home/airflow/.local/lib/python3.7/site-packages/airflow/example_dags/example_params_ui_tutorial.py
[2023-06-13T02:00:55.823+0000] {processor.py:826} INFO - Processing file /home/airflow/.local/lib/python3.7/site-packages/airflow/example_dags/example_params_ui_tutorial.py for tasks to queue
[2023-06-13T02:00:55.826+0000] {logging_mixin.py:149} INFO - [2023-06-13T02:00:55.825+0000] {dagbag.py:541} INFO - Filling up the DagBag from /home/airflow/.local/lib/python3.7/site-packages/airflow/example_dags/example_params_ui_tutorial.py
[2023-06-13T02:00:55.969+0000] {processor.py:836} INFO - DAG(s) dict_keys(['example_params_ui_tutorial']) retrieved from /home/airflow/.local/lib/python3.7/site-packages/airflow/example_dags/example_params_ui_tutorial.py
[2023-06-13T02:00:56.415+0000] {logging_mixin.py:149} INFO - [2023-06-13T02:00:56.415+0000] {dag.py:2726} INFO - Sync 1 DAGs
[2023-06-13T02:00:56.497+0000] {logging_mixin.py:149} INFO - [2023-06-13T02:00:56.497+0000] {dag.py:3490} INFO - Setting next_dagrun for example_params_ui_tutorial to None, run_after=None
[2023-06-13T02:00:56.563+0000] {processor.py:179} INFO - Processing /home/airflow/.local/lib/python3.7/site-packages/airflow/example_dags/example_params_ui_tutorial.py took 0.753 seconds
[2023-06-13T02:01:26.687+0000] {processor.py:157} INFO - Started process (PID=92) to work on /home/airflow/.local/lib/python3.7/site-packages/airflow/example_dags/example_params_ui_tutorial.py
[2023-06-13T02:01:26.690+0000] {processor.py:826} INFO - Processing file /home/airflow/.local/lib/python3.7/site-packages/airflow/example_dags/example_params_ui_tutorial.py for tasks to queue
[2023-06-13T02:01:26.691+0000] {logging_mixin.py:149} INFO - [2023-06-13T02:01:26.691+0000] {dagbag.py:541} INFO - Filling up the DagBag from /home/airflow/.local/lib/python3.7/site-packages/airflow/example_dags/example_params_ui_tutorial.py
[2023-06-13T02:01:26.800+0000] {processor.py:836} INFO - DAG(s) dict_keys(['example_params_ui_tutorial']) retrieved from /home/airflow/.local/lib/python3.7/site-packages/airflow/example_dags/example_params_ui_tutorial.py
[2023-06-13T02:01:26.990+0000] {logging_mixin.py:149} INFO - [2023-06-13T02:01:26.990+0000] {dag.py:2726} INFO - Sync 1 DAGs
[2023-06-13T02:01:27.058+0000] {logging_mixin.py:149} INFO - [2023-06-13T02:01:27.058+0000] {dag.py:3490} INFO - Setting next_dagrun for example_params_ui_tutorial to None, run_after=None
[2023-06-13T02:01:27.119+0000] {processor.py:179} INFO - Processing /home/airflow/.local/lib/python3.7/site-packages/airflow/example_dags/example_params_ui_tutorial.py took 0.438 seconds
[2023-06-13T02:01:57.251+0000] {processor.py:157} INFO - Started process (PID=151) to work on /home/airflow/.local/lib/python3.7/site-packages/airflow/example_dags/example_params_ui_tutorial.py
[2023-06-13T02:01:57.270+0000] {processor.py:826} INFO - Processing file /home/airflow/.local/lib/python3.7/site-packages/airflow/example_dags/example_params_ui_tutorial.py for tasks to queue
[2023-06-13T02:01:57.289+0000] {logging_mixin.py:149} INFO - [2023-06-13T02:01:57.289+0000] {dagbag.py:541} INFO - Filling up the DagBag from /home/airflow/.local/lib/python3.7/site-packages/airflow/example_dags/example_params_ui_tutorial.py
[2023-06-13T02:01:57.753+0000] {processor.py:836} INFO - DAG(s) dict_keys(['example_params_ui_tutorial']) retrieved from /home/airflow/.local/lib/python3.7/site-packages/airflow/example_dags/example_params_ui_tutorial.py
[2023-06-13T02:01:58.126+0000] {logging_mixin.py:149} INFO - [2023-06-13T02:01:58.125+0000] {dag.py:2726} INFO - Sync 1 DAGs
[2023-06-13T02:01:58.298+0000] {logging_mixin.py:149} INFO - [2023-06-13T02:01:58.297+0000] {dag.py:3490} INFO - Setting next_dagrun for example_params_ui_tutorial to None, run_after=None
[2023-06-13T02:01:58.398+0000] {processor.py:179} INFO - Processing /home/airflow/.local/lib/python3.7/site-packages/airflow/example_dags/example_params_ui_tutorial.py took 1.197 seconds
[2023-06-13T02:32:14.822+0000] {processor.py:157} INFO - Started process (PID=44) to work on /home/airflow/.local/lib/python3.7/site-packages/airflow/example_dags/example_params_ui_tutorial.py
[2023-06-13T02:32:14.833+0000] {processor.py:826} INFO - Processing file /home/airflow/.local/lib/python3.7/site-packages/airflow/example_dags/example_params_ui_tutorial.py for tasks to queue
[2023-06-13T02:32:14.836+0000] {logging_mixin.py:149} INFO - [2023-06-13T02:32:14.836+0000] {dagbag.py:541} INFO - Filling up the DagBag from /home/airflow/.local/lib/python3.7/site-packages/airflow/example_dags/example_params_ui_tutorial.py
[2023-06-13T02:32:15.149+0000] {processor.py:836} INFO - DAG(s) dict_keys(['example_params_ui_tutorial']) retrieved from /home/airflow/.local/lib/python3.7/site-packages/airflow/example_dags/example_params_ui_tutorial.py
[2023-06-13T02:32:15.645+0000] {logging_mixin.py:149} INFO - [2023-06-13T02:32:15.644+0000] {dag.py:2726} INFO - Sync 1 DAGs
[2023-06-13T02:32:15.791+0000] {logging_mixin.py:149} INFO - [2023-06-13T02:32:15.791+0000] {dag.py:3490} INFO - Setting next_dagrun for example_params_ui_tutorial to None, run_after=None
[2023-06-13T02:32:15.946+0000] {processor.py:179} INFO - Processing /home/airflow/.local/lib/python3.7/site-packages/airflow/example_dags/example_params_ui_tutorial.py took 1.139 seconds
[2023-06-13T02:32:46.737+0000] {processor.py:157} INFO - Started process (PID=103) to work on /home/airflow/.local/lib/python3.7/site-packages/airflow/example_dags/example_params_ui_tutorial.py
[2023-06-13T02:32:46.806+0000] {processor.py:826} INFO - Processing file /home/airflow/.local/lib/python3.7/site-packages/airflow/example_dags/example_params_ui_tutorial.py for tasks to queue
[2023-06-13T02:32:46.854+0000] {logging_mixin.py:149} INFO - [2023-06-13T02:32:46.853+0000] {dagbag.py:541} INFO - Filling up the DagBag from /home/airflow/.local/lib/python3.7/site-packages/airflow/example_dags/example_params_ui_tutorial.py
[2023-06-13T02:32:47.162+0000] {processor.py:836} INFO - DAG(s) dict_keys(['example_params_ui_tutorial']) retrieved from /home/airflow/.local/lib/python3.7/site-packages/airflow/example_dags/example_params_ui_tutorial.py
[2023-06-13T02:32:47.505+0000] {logging_mixin.py:149} INFO - [2023-06-13T02:32:47.505+0000] {dag.py:2726} INFO - Sync 1 DAGs
[2023-06-13T02:32:47.621+0000] {logging_mixin.py:149} INFO - [2023-06-13T02:32:47.620+0000] {dag.py:3490} INFO - Setting next_dagrun for example_params_ui_tutorial to None, run_after=None
[2023-06-13T02:32:47.736+0000] {processor.py:179} INFO - Processing /home/airflow/.local/lib/python3.7/site-packages/airflow/example_dags/example_params_ui_tutorial.py took 1.032 seconds
[2023-06-13T02:33:18.227+0000] {processor.py:157} INFO - Started process (PID=163) to work on /home/airflow/.local/lib/python3.7/site-packages/airflow/example_dags/example_params_ui_tutorial.py
[2023-06-13T02:33:18.233+0000] {processor.py:826} INFO - Processing file /home/airflow/.local/lib/python3.7/site-packages/airflow/example_dags/example_params_ui_tutorial.py for tasks to queue
[2023-06-13T02:33:18.240+0000] {logging_mixin.py:149} INFO - [2023-06-13T02:33:18.239+0000] {dagbag.py:541} INFO - Filling up the DagBag from /home/airflow/.local/lib/python3.7/site-packages/airflow/example_dags/example_params_ui_tutorial.py
[2023-06-13T02:33:18.518+0000] {processor.py:836} INFO - DAG(s) dict_keys(['example_params_ui_tutorial']) retrieved from /home/airflow/.local/lib/python3.7/site-packages/airflow/example_dags/example_params_ui_tutorial.py
[2023-06-13T02:33:19.161+0000] {logging_mixin.py:149} INFO - [2023-06-13T02:33:19.159+0000] {dag.py:2726} INFO - Sync 1 DAGs
[2023-06-13T02:33:19.936+0000] {logging_mixin.py:149} INFO - [2023-06-13T02:33:19.935+0000] {dag.py:3490} INFO - Setting next_dagrun for example_params_ui_tutorial to None, run_after=None
[2023-06-13T02:33:20.139+0000] {processor.py:179} INFO - Processing /home/airflow/.local/lib/python3.7/site-packages/airflow/example_dags/example_params_ui_tutorial.py took 1.926 seconds
[2023-06-13T02:34:14.232+0000] {processor.py:157} INFO - Started process (PID=229) to work on /home/airflow/.local/lib/python3.7/site-packages/airflow/example_dags/example_params_ui_tutorial.py
[2023-06-13T02:34:14.269+0000] {processor.py:826} INFO - Processing file /home/airflow/.local/lib/python3.7/site-packages/airflow/example_dags/example_params_ui_tutorial.py for tasks to queue
[2023-06-13T02:34:14.296+0000] {logging_mixin.py:149} INFO - [2023-06-13T02:34:14.272+0000] {dagbag.py:541} INFO - Filling up the DagBag from /home/airflow/.local/lib/python3.7/site-packages/airflow/example_dags/example_params_ui_tutorial.py
[2023-06-13T02:34:15.753+0000] {processor.py:836} INFO - DAG(s) dict_keys(['example_params_ui_tutorial']) retrieved from /home/airflow/.local/lib/python3.7/site-packages/airflow/example_dags/example_params_ui_tutorial.py
[2023-06-13T02:34:16.427+0000] {logging_mixin.py:149} INFO - [2023-06-13T02:34:16.426+0000] {dag.py:2726} INFO - Sync 1 DAGs
[2023-06-13T02:34:16.934+0000] {logging_mixin.py:149} INFO - [2023-06-13T02:34:16.933+0000] {dag.py:3490} INFO - Setting next_dagrun for example_params_ui_tutorial to None, run_after=None
[2023-06-13T02:34:17.259+0000] {processor.py:179} INFO - Processing /home/airflow/.local/lib/python3.7/site-packages/airflow/example_dags/example_params_ui_tutorial.py took 3.064 seconds
[2023-06-13T02:34:48.083+0000] {processor.py:157} INFO - Started process (PID=289) to work on /home/airflow/.local/lib/python3.7/site-packages/airflow/example_dags/example_params_ui_tutorial.py
[2023-06-13T02:34:48.087+0000] {processor.py:826} INFO - Processing file /home/airflow/.local/lib/python3.7/site-packages/airflow/example_dags/example_params_ui_tutorial.py for tasks to queue
[2023-06-13T02:34:48.090+0000] {logging_mixin.py:149} INFO - [2023-06-13T02:34:48.089+0000] {dagbag.py:541} INFO - Filling up the DagBag from /home/airflow/.local/lib/python3.7/site-packages/airflow/example_dags/example_params_ui_tutorial.py
[2023-06-13T02:34:48.228+0000] {processor.py:836} INFO - DAG(s) dict_keys(['example_params_ui_tutorial']) retrieved from /home/airflow/.local/lib/python3.7/site-packages/airflow/example_dags/example_params_ui_tutorial.py
[2023-06-13T02:34:48.403+0000] {logging_mixin.py:149} INFO - [2023-06-13T02:34:48.403+0000] {dag.py:2726} INFO - Sync 1 DAGs
[2023-06-13T02:34:48.479+0000] {logging_mixin.py:149} INFO - [2023-06-13T02:34:48.479+0000] {dag.py:3490} INFO - Setting next_dagrun for example_params_ui_tutorial to None, run_after=None
[2023-06-13T02:34:48.558+0000] {processor.py:179} INFO - Processing /home/airflow/.local/lib/python3.7/site-packages/airflow/example_dags/example_params_ui_tutorial.py took 0.483 seconds
[2023-06-13T02:35:19.039+0000] {processor.py:157} INFO - Started process (PID=349) to work on /home/airflow/.local/lib/python3.7/site-packages/airflow/example_dags/example_params_ui_tutorial.py
[2023-06-13T02:35:19.043+0000] {processor.py:826} INFO - Processing file /home/airflow/.local/lib/python3.7/site-packages/airflow/example_dags/example_params_ui_tutorial.py for tasks to queue
[2023-06-13T02:35:19.048+0000] {logging_mixin.py:149} INFO - [2023-06-13T02:35:19.047+0000] {dagbag.py:541} INFO - Filling up the DagBag from /home/airflow/.local/lib/python3.7/site-packages/airflow/example_dags/example_params_ui_tutorial.py
[2023-06-13T02:35:19.434+0000] {processor.py:836} INFO - DAG(s) dict_keys(['example_params_ui_tutorial']) retrieved from /home/airflow/.local/lib/python3.7/site-packages/airflow/example_dags/example_params_ui_tutorial.py
[2023-06-13T02:35:20.113+0000] {logging_mixin.py:149} INFO - [2023-06-13T02:35:20.111+0000] {dag.py:2726} INFO - Sync 1 DAGs
[2023-06-13T02:35:20.429+0000] {logging_mixin.py:149} INFO - [2023-06-13T02:35:20.423+0000] {dag.py:3490} INFO - Setting next_dagrun for example_params_ui_tutorial to None, run_after=None
[2023-06-13T02:35:20.687+0000] {processor.py:179} INFO - Processing /home/airflow/.local/lib/python3.7/site-packages/airflow/example_dags/example_params_ui_tutorial.py took 1.683 seconds
[2023-06-13T02:35:51.071+0000] {processor.py:157} INFO - Started process (PID=409) to work on /home/airflow/.local/lib/python3.7/site-packages/airflow/example_dags/example_params_ui_tutorial.py
[2023-06-13T02:35:51.074+0000] {processor.py:826} INFO - Processing file /home/airflow/.local/lib/python3.7/site-packages/airflow/example_dags/example_params_ui_tutorial.py for tasks to queue
[2023-06-13T02:35:51.077+0000] {logging_mixin.py:149} INFO - [2023-06-13T02:35:51.077+0000] {dagbag.py:541} INFO - Filling up the DagBag from /home/airflow/.local/lib/python3.7/site-packages/airflow/example_dags/example_params_ui_tutorial.py
[2023-06-13T02:35:51.292+0000] {processor.py:836} INFO - DAG(s) dict_keys(['example_params_ui_tutorial']) retrieved from /home/airflow/.local/lib/python3.7/site-packages/airflow/example_dags/example_params_ui_tutorial.py
[2023-06-13T02:35:51.602+0000] {logging_mixin.py:149} INFO - [2023-06-13T02:35:51.601+0000] {dag.py:2726} INFO - Sync 1 DAGs
[2023-06-13T02:35:51.711+0000] {logging_mixin.py:149} INFO - [2023-06-13T02:35:51.710+0000] {dag.py:3490} INFO - Setting next_dagrun for example_params_ui_tutorial to None, run_after=None
[2023-06-13T02:35:51.899+0000] {processor.py:179} INFO - Processing /home/airflow/.local/lib/python3.7/site-packages/airflow/example_dags/example_params_ui_tutorial.py took 0.837 seconds
[2023-06-13T02:36:22.275+0000] {processor.py:157} INFO - Started process (PID=467) to work on /home/airflow/.local/lib/python3.7/site-packages/airflow/example_dags/example_params_ui_tutorial.py
[2023-06-13T02:36:22.280+0000] {processor.py:826} INFO - Processing file /home/airflow/.local/lib/python3.7/site-packages/airflow/example_dags/example_params_ui_tutorial.py for tasks to queue
[2023-06-13T02:36:22.286+0000] {logging_mixin.py:149} INFO - [2023-06-13T02:36:22.285+0000] {dagbag.py:541} INFO - Filling up the DagBag from /home/airflow/.local/lib/python3.7/site-packages/airflow/example_dags/example_params_ui_tutorial.py
[2023-06-13T02:36:22.543+0000] {processor.py:836} INFO - DAG(s) dict_keys(['example_params_ui_tutorial']) retrieved from /home/airflow/.local/lib/python3.7/site-packages/airflow/example_dags/example_params_ui_tutorial.py
[2023-06-13T02:36:22.879+0000] {logging_mixin.py:149} INFO - [2023-06-13T02:36:22.878+0000] {dag.py:2726} INFO - Sync 1 DAGs
[2023-06-13T02:36:23.010+0000] {logging_mixin.py:149} INFO - [2023-06-13T02:36:23.010+0000] {dag.py:3490} INFO - Setting next_dagrun for example_params_ui_tutorial to None, run_after=None
[2023-06-13T02:36:23.123+0000] {processor.py:179} INFO - Processing /home/airflow/.local/lib/python3.7/site-packages/airflow/example_dags/example_params_ui_tutorial.py took 0.867 seconds
[2023-06-13T02:36:53.736+0000] {processor.py:157} INFO - Started process (PID=527) to work on /home/airflow/.local/lib/python3.7/site-packages/airflow/example_dags/example_params_ui_tutorial.py
[2023-06-13T02:36:53.739+0000] {processor.py:826} INFO - Processing file /home/airflow/.local/lib/python3.7/site-packages/airflow/example_dags/example_params_ui_tutorial.py for tasks to queue
[2023-06-13T02:36:53.742+0000] {logging_mixin.py:149} INFO - [2023-06-13T02:36:53.742+0000] {dagbag.py:541} INFO - Filling up the DagBag from /home/airflow/.local/lib/python3.7/site-packages/airflow/example_dags/example_params_ui_tutorial.py
[2023-06-13T02:36:53.860+0000] {processor.py:836} INFO - DAG(s) dict_keys(['example_params_ui_tutorial']) retrieved from /home/airflow/.local/lib/python3.7/site-packages/airflow/example_dags/example_params_ui_tutorial.py
[2023-06-13T02:36:54.023+0000] {logging_mixin.py:149} INFO - [2023-06-13T02:36:54.022+0000] {dag.py:2726} INFO - Sync 1 DAGs
[2023-06-13T02:36:54.256+0000] {logging_mixin.py:149} INFO - [2023-06-13T02:36:54.255+0000] {dag.py:3490} INFO - Setting next_dagrun for example_params_ui_tutorial to None, run_after=None
[2023-06-13T02:36:54.331+0000] {processor.py:179} INFO - Processing /home/airflow/.local/lib/python3.7/site-packages/airflow/example_dags/example_params_ui_tutorial.py took 0.601 seconds
[2023-06-13T02:37:24.715+0000] {processor.py:157} INFO - Started process (PID=587) to work on /home/airflow/.local/lib/python3.7/site-packages/airflow/example_dags/example_params_ui_tutorial.py
[2023-06-13T02:37:24.718+0000] {processor.py:826} INFO - Processing file /home/airflow/.local/lib/python3.7/site-packages/airflow/example_dags/example_params_ui_tutorial.py for tasks to queue
[2023-06-13T02:37:24.721+0000] {logging_mixin.py:149} INFO - [2023-06-13T02:37:24.721+0000] {dagbag.py:541} INFO - Filling up the DagBag from /home/airflow/.local/lib/python3.7/site-packages/airflow/example_dags/example_params_ui_tutorial.py
[2023-06-13T02:37:24.812+0000] {processor.py:836} INFO - DAG(s) dict_keys(['example_params_ui_tutorial']) retrieved from /home/airflow/.local/lib/python3.7/site-packages/airflow/example_dags/example_params_ui_tutorial.py
[2023-06-13T02:37:24.981+0000] {logging_mixin.py:149} INFO - [2023-06-13T02:37:24.980+0000] {dag.py:2726} INFO - Sync 1 DAGs
[2023-06-13T02:37:25.045+0000] {logging_mixin.py:149} INFO - [2023-06-13T02:37:25.045+0000] {dag.py:3490} INFO - Setting next_dagrun for example_params_ui_tutorial to None, run_after=None
[2023-06-13T02:37:25.139+0000] {processor.py:179} INFO - Processing /home/airflow/.local/lib/python3.7/site-packages/airflow/example_dags/example_params_ui_tutorial.py took 0.433 seconds
[2023-06-13T02:37:55.381+0000] {processor.py:157} INFO - Started process (PID=648) to work on /home/airflow/.local/lib/python3.7/site-packages/airflow/example_dags/example_params_ui_tutorial.py
[2023-06-13T02:37:55.384+0000] {processor.py:826} INFO - Processing file /home/airflow/.local/lib/python3.7/site-packages/airflow/example_dags/example_params_ui_tutorial.py for tasks to queue
[2023-06-13T02:37:55.386+0000] {logging_mixin.py:149} INFO - [2023-06-13T02:37:55.386+0000] {dagbag.py:541} INFO - Filling up the DagBag from /home/airflow/.local/lib/python3.7/site-packages/airflow/example_dags/example_params_ui_tutorial.py
[2023-06-13T02:37:55.476+0000] {processor.py:836} INFO - DAG(s) dict_keys(['example_params_ui_tutorial']) retrieved from /home/airflow/.local/lib/python3.7/site-packages/airflow/example_dags/example_params_ui_tutorial.py
[2023-06-13T02:37:55.643+0000] {logging_mixin.py:149} INFO - [2023-06-13T02:37:55.643+0000] {dag.py:2726} INFO - Sync 1 DAGs
[2023-06-13T02:37:55.716+0000] {logging_mixin.py:149} INFO - [2023-06-13T02:37:55.716+0000] {dag.py:3490} INFO - Setting next_dagrun for example_params_ui_tutorial to None, run_after=None
[2023-06-13T02:37:55.774+0000] {processor.py:179} INFO - Processing /home/airflow/.local/lib/python3.7/site-packages/airflow/example_dags/example_params_ui_tutorial.py took 0.399 seconds
[2023-06-13T02:38:26.984+0000] {processor.py:157} INFO - Started process (PID=708) to work on /home/airflow/.local/lib/python3.7/site-packages/airflow/example_dags/example_params_ui_tutorial.py
[2023-06-13T02:38:26.988+0000] {processor.py:826} INFO - Processing file /home/airflow/.local/lib/python3.7/site-packages/airflow/example_dags/example_params_ui_tutorial.py for tasks to queue
[2023-06-13T02:38:26.993+0000] {logging_mixin.py:149} INFO - [2023-06-13T02:38:26.993+0000] {dagbag.py:541} INFO - Filling up the DagBag from /home/airflow/.local/lib/python3.7/site-packages/airflow/example_dags/example_params_ui_tutorial.py
[2023-06-13T02:38:27.389+0000] {processor.py:836} INFO - DAG(s) dict_keys(['example_params_ui_tutorial']) retrieved from /home/airflow/.local/lib/python3.7/site-packages/airflow/example_dags/example_params_ui_tutorial.py
[2023-06-13T02:38:28.486+0000] {logging_mixin.py:149} INFO - [2023-06-13T02:38:28.484+0000] {dag.py:2726} INFO - Sync 1 DAGs
[2023-06-13T02:38:28.756+0000] {logging_mixin.py:149} INFO - [2023-06-13T02:38:28.752+0000] {dag.py:3490} INFO - Setting next_dagrun for example_params_ui_tutorial to None, run_after=None
[2023-06-13T02:38:28.940+0000] {processor.py:179} INFO - Processing /home/airflow/.local/lib/python3.7/site-packages/airflow/example_dags/example_params_ui_tutorial.py took 1.959 seconds
[2023-06-13T02:38:59.462+0000] {processor.py:157} INFO - Started process (PID=768) to work on /home/airflow/.local/lib/python3.7/site-packages/airflow/example_dags/example_params_ui_tutorial.py
[2023-06-13T02:38:59.465+0000] {processor.py:826} INFO - Processing file /home/airflow/.local/lib/python3.7/site-packages/airflow/example_dags/example_params_ui_tutorial.py for tasks to queue
[2023-06-13T02:38:59.468+0000] {logging_mixin.py:149} INFO - [2023-06-13T02:38:59.468+0000] {dagbag.py:541} INFO - Filling up the DagBag from /home/airflow/.local/lib/python3.7/site-packages/airflow/example_dags/example_params_ui_tutorial.py
[2023-06-13T02:38:59.564+0000] {processor.py:836} INFO - DAG(s) dict_keys(['example_params_ui_tutorial']) retrieved from /home/airflow/.local/lib/python3.7/site-packages/airflow/example_dags/example_params_ui_tutorial.py
[2023-06-13T02:38:59.718+0000] {logging_mixin.py:149} INFO - [2023-06-13T02:38:59.717+0000] {dag.py:2726} INFO - Sync 1 DAGs
[2023-06-13T02:38:59.778+0000] {logging_mixin.py:149} INFO - [2023-06-13T02:38:59.777+0000] {dag.py:3490} INFO - Setting next_dagrun for example_params_ui_tutorial to None, run_after=None
[2023-06-13T02:38:59.839+0000] {processor.py:179} INFO - Processing /home/airflow/.local/lib/python3.7/site-packages/airflow/example_dags/example_params_ui_tutorial.py took 0.385 seconds
[2023-06-13T02:39:30.135+0000] {processor.py:157} INFO - Started process (PID=828) to work on /home/airflow/.local/lib/python3.7/site-packages/airflow/example_dags/example_params_ui_tutorial.py
[2023-06-13T02:39:30.138+0000] {processor.py:826} INFO - Processing file /home/airflow/.local/lib/python3.7/site-packages/airflow/example_dags/example_params_ui_tutorial.py for tasks to queue
[2023-06-13T02:39:30.141+0000] {logging_mixin.py:149} INFO - [2023-06-13T02:39:30.140+0000] {dagbag.py:541} INFO - Filling up the DagBag from /home/airflow/.local/lib/python3.7/site-packages/airflow/example_dags/example_params_ui_tutorial.py
[2023-06-13T02:39:30.409+0000] {processor.py:836} INFO - DAG(s) dict_keys(['example_params_ui_tutorial']) retrieved from /home/airflow/.local/lib/python3.7/site-packages/airflow/example_dags/example_params_ui_tutorial.py
[2023-06-13T02:39:30.755+0000] {logging_mixin.py:149} INFO - [2023-06-13T02:39:30.754+0000] {dag.py:2726} INFO - Sync 1 DAGs
[2023-06-13T02:39:30.887+0000] {logging_mixin.py:149} INFO - [2023-06-13T02:39:30.886+0000] {dag.py:3490} INFO - Setting next_dagrun for example_params_ui_tutorial to None, run_after=None
[2023-06-13T02:39:31.022+0000] {processor.py:179} INFO - Processing /home/airflow/.local/lib/python3.7/site-packages/airflow/example_dags/example_params_ui_tutorial.py took 0.899 seconds
[2023-06-13T02:40:01.149+0000] {processor.py:157} INFO - Started process (PID=888) to work on /home/airflow/.local/lib/python3.7/site-packages/airflow/example_dags/example_params_ui_tutorial.py
[2023-06-13T02:40:01.153+0000] {processor.py:826} INFO - Processing file /home/airflow/.local/lib/python3.7/site-packages/airflow/example_dags/example_params_ui_tutorial.py for tasks to queue
[2023-06-13T02:40:01.156+0000] {logging_mixin.py:149} INFO - [2023-06-13T02:40:01.155+0000] {dagbag.py:541} INFO - Filling up the DagBag from /home/airflow/.local/lib/python3.7/site-packages/airflow/example_dags/example_params_ui_tutorial.py
[2023-06-13T02:40:01.338+0000] {processor.py:836} INFO - DAG(s) dict_keys(['example_params_ui_tutorial']) retrieved from /home/airflow/.local/lib/python3.7/site-packages/airflow/example_dags/example_params_ui_tutorial.py
[2023-06-13T02:40:01.855+0000] {logging_mixin.py:149} INFO - [2023-06-13T02:40:01.854+0000] {dag.py:2726} INFO - Sync 1 DAGs
[2023-06-13T02:40:02.012+0000] {logging_mixin.py:149} INFO - [2023-06-13T02:40:02.011+0000] {dag.py:3490} INFO - Setting next_dagrun for example_params_ui_tutorial to None, run_after=None
[2023-06-13T02:40:02.114+0000] {processor.py:179} INFO - Processing /home/airflow/.local/lib/python3.7/site-packages/airflow/example_dags/example_params_ui_tutorial.py took 0.973 seconds
[2023-06-13T02:40:33.201+0000] {processor.py:157} INFO - Started process (PID=949) to work on /home/airflow/.local/lib/python3.7/site-packages/airflow/example_dags/example_params_ui_tutorial.py
[2023-06-13T02:40:33.205+0000] {processor.py:826} INFO - Processing file /home/airflow/.local/lib/python3.7/site-packages/airflow/example_dags/example_params_ui_tutorial.py for tasks to queue
[2023-06-13T02:40:33.211+0000] {logging_mixin.py:149} INFO - [2023-06-13T02:40:33.210+0000] {dagbag.py:541} INFO - Filling up the DagBag from /home/airflow/.local/lib/python3.7/site-packages/airflow/example_dags/example_params_ui_tutorial.py
[2023-06-13T02:40:33.414+0000] {processor.py:836} INFO - DAG(s) dict_keys(['example_params_ui_tutorial']) retrieved from /home/airflow/.local/lib/python3.7/site-packages/airflow/example_dags/example_params_ui_tutorial.py
[2023-06-13T02:40:33.741+0000] {logging_mixin.py:149} INFO - [2023-06-13T02:40:33.740+0000] {dag.py:2726} INFO - Sync 1 DAGs
[2023-06-13T02:40:33.912+0000] {logging_mixin.py:149} INFO - [2023-06-13T02:40:33.911+0000] {dag.py:3490} INFO - Setting next_dagrun for example_params_ui_tutorial to None, run_after=None
[2023-06-13T02:40:34.032+0000] {processor.py:179} INFO - Processing /home/airflow/.local/lib/python3.7/site-packages/airflow/example_dags/example_params_ui_tutorial.py took 0.849 seconds
[2023-06-13T02:41:04.255+0000] {processor.py:157} INFO - Started process (PID=1009) to work on /home/airflow/.local/lib/python3.7/site-packages/airflow/example_dags/example_params_ui_tutorial.py
[2023-06-13T02:41:04.264+0000] {processor.py:826} INFO - Processing file /home/airflow/.local/lib/python3.7/site-packages/airflow/example_dags/example_params_ui_tutorial.py for tasks to queue
[2023-06-13T02:41:04.268+0000] {logging_mixin.py:149} INFO - [2023-06-13T02:41:04.267+0000] {dagbag.py:541} INFO - Filling up the DagBag from /home/airflow/.local/lib/python3.7/site-packages/airflow/example_dags/example_params_ui_tutorial.py
[2023-06-13T02:41:04.496+0000] {processor.py:836} INFO - DAG(s) dict_keys(['example_params_ui_tutorial']) retrieved from /home/airflow/.local/lib/python3.7/site-packages/airflow/example_dags/example_params_ui_tutorial.py
[2023-06-13T02:41:04.963+0000] {logging_mixin.py:149} INFO - [2023-06-13T02:41:04.962+0000] {dag.py:2726} INFO - Sync 1 DAGs
[2023-06-13T02:41:05.126+0000] {logging_mixin.py:149} INFO - [2023-06-13T02:41:05.125+0000] {dag.py:3490} INFO - Setting next_dagrun for example_params_ui_tutorial to None, run_after=None
[2023-06-13T02:41:05.240+0000] {processor.py:179} INFO - Processing /home/airflow/.local/lib/python3.7/site-packages/airflow/example_dags/example_params_ui_tutorial.py took 0.997 seconds
[2023-06-13T02:41:35.353+0000] {processor.py:157} INFO - Started process (PID=1070) to work on /home/airflow/.local/lib/python3.7/site-packages/airflow/example_dags/example_params_ui_tutorial.py
[2023-06-13T02:41:35.356+0000] {processor.py:826} INFO - Processing file /home/airflow/.local/lib/python3.7/site-packages/airflow/example_dags/example_params_ui_tutorial.py for tasks to queue
[2023-06-13T02:41:35.361+0000] {logging_mixin.py:149} INFO - [2023-06-13T02:41:35.360+0000] {dagbag.py:541} INFO - Filling up the DagBag from /home/airflow/.local/lib/python3.7/site-packages/airflow/example_dags/example_params_ui_tutorial.py
[2023-06-13T02:41:35.482+0000] {processor.py:836} INFO - DAG(s) dict_keys(['example_params_ui_tutorial']) retrieved from /home/airflow/.local/lib/python3.7/site-packages/airflow/example_dags/example_params_ui_tutorial.py
[2023-06-13T02:41:35.658+0000] {logging_mixin.py:149} INFO - [2023-06-13T02:41:35.658+0000] {dag.py:2726} INFO - Sync 1 DAGs
[2023-06-13T02:41:35.741+0000] {logging_mixin.py:149} INFO - [2023-06-13T02:41:35.741+0000] {dag.py:3490} INFO - Setting next_dagrun for example_params_ui_tutorial to None, run_after=None
[2023-06-13T02:41:35.803+0000] {processor.py:179} INFO - Processing /home/airflow/.local/lib/python3.7/site-packages/airflow/example_dags/example_params_ui_tutorial.py took 0.460 seconds
[2023-06-13T02:42:06.246+0000] {processor.py:157} INFO - Started process (PID=1131) to work on /home/airflow/.local/lib/python3.7/site-packages/airflow/example_dags/example_params_ui_tutorial.py
[2023-06-13T02:42:06.248+0000] {processor.py:826} INFO - Processing file /home/airflow/.local/lib/python3.7/site-packages/airflow/example_dags/example_params_ui_tutorial.py for tasks to queue
[2023-06-13T02:42:06.251+0000] {logging_mixin.py:149} INFO - [2023-06-13T02:42:06.250+0000] {dagbag.py:541} INFO - Filling up the DagBag from /home/airflow/.local/lib/python3.7/site-packages/airflow/example_dags/example_params_ui_tutorial.py
[2023-06-13T02:42:06.336+0000] {processor.py:836} INFO - DAG(s) dict_keys(['example_params_ui_tutorial']) retrieved from /home/airflow/.local/lib/python3.7/site-packages/airflow/example_dags/example_params_ui_tutorial.py
[2023-06-13T02:42:06.490+0000] {logging_mixin.py:149} INFO - [2023-06-13T02:42:06.490+0000] {dag.py:2726} INFO - Sync 1 DAGs
[2023-06-13T02:42:06.551+0000] {logging_mixin.py:149} INFO - [2023-06-13T02:42:06.550+0000] {dag.py:3490} INFO - Setting next_dagrun for example_params_ui_tutorial to None, run_after=None
[2023-06-13T02:42:06.617+0000] {processor.py:179} INFO - Processing /home/airflow/.local/lib/python3.7/site-packages/airflow/example_dags/example_params_ui_tutorial.py took 0.377 seconds
[2023-06-13T02:42:36.828+0000] {processor.py:157} INFO - Started process (PID=1189) to work on /home/airflow/.local/lib/python3.7/site-packages/airflow/example_dags/example_params_ui_tutorial.py
[2023-06-13T02:42:36.837+0000] {processor.py:826} INFO - Processing file /home/airflow/.local/lib/python3.7/site-packages/airflow/example_dags/example_params_ui_tutorial.py for tasks to queue
[2023-06-13T02:42:36.844+0000] {logging_mixin.py:149} INFO - [2023-06-13T02:42:36.843+0000] {dagbag.py:541} INFO - Filling up the DagBag from /home/airflow/.local/lib/python3.7/site-packages/airflow/example_dags/example_params_ui_tutorial.py
[2023-06-13T02:42:37.151+0000] {processor.py:836} INFO - DAG(s) dict_keys(['example_params_ui_tutorial']) retrieved from /home/airflow/.local/lib/python3.7/site-packages/airflow/example_dags/example_params_ui_tutorial.py
[2023-06-13T02:42:37.555+0000] {logging_mixin.py:149} INFO - [2023-06-13T02:42:37.554+0000] {dag.py:2726} INFO - Sync 1 DAGs
[2023-06-13T02:42:37.653+0000] {logging_mixin.py:149} INFO - [2023-06-13T02:42:37.653+0000] {dag.py:3490} INFO - Setting next_dagrun for example_params_ui_tutorial to None, run_after=None
[2023-06-13T02:42:37.759+0000] {processor.py:179} INFO - Processing /home/airflow/.local/lib/python3.7/site-packages/airflow/example_dags/example_params_ui_tutorial.py took 0.948 seconds
[2023-06-13T02:43:08.219+0000] {processor.py:157} INFO - Started process (PID=1250) to work on /home/airflow/.local/lib/python3.7/site-packages/airflow/example_dags/example_params_ui_tutorial.py
[2023-06-13T02:43:08.223+0000] {processor.py:826} INFO - Processing file /home/airflow/.local/lib/python3.7/site-packages/airflow/example_dags/example_params_ui_tutorial.py for tasks to queue
[2023-06-13T02:43:08.226+0000] {logging_mixin.py:149} INFO - [2023-06-13T02:43:08.226+0000] {dagbag.py:541} INFO - Filling up the DagBag from /home/airflow/.local/lib/python3.7/site-packages/airflow/example_dags/example_params_ui_tutorial.py
[2023-06-13T02:43:08.383+0000] {processor.py:836} INFO - DAG(s) dict_keys(['example_params_ui_tutorial']) retrieved from /home/airflow/.local/lib/python3.7/site-packages/airflow/example_dags/example_params_ui_tutorial.py
[2023-06-13T02:43:08.724+0000] {logging_mixin.py:149} INFO - [2023-06-13T02:43:08.712+0000] {dag.py:2726} INFO - Sync 1 DAGs
[2023-06-13T02:43:08.877+0000] {logging_mixin.py:149} INFO - [2023-06-13T02:43:08.876+0000] {dag.py:3490} INFO - Setting next_dagrun for example_params_ui_tutorial to None, run_after=None
[2023-06-13T02:43:08.975+0000] {processor.py:179} INFO - Processing /home/airflow/.local/lib/python3.7/site-packages/airflow/example_dags/example_params_ui_tutorial.py took 0.767 seconds
[2023-06-13T02:43:39.706+0000] {processor.py:157} INFO - Started process (PID=1311) to work on /home/airflow/.local/lib/python3.7/site-packages/airflow/example_dags/example_params_ui_tutorial.py
[2023-06-13T02:43:39.710+0000] {processor.py:826} INFO - Processing file /home/airflow/.local/lib/python3.7/site-packages/airflow/example_dags/example_params_ui_tutorial.py for tasks to queue
[2023-06-13T02:43:39.716+0000] {logging_mixin.py:149} INFO - [2023-06-13T02:43:39.714+0000] {dagbag.py:541} INFO - Filling up the DagBag from /home/airflow/.local/lib/python3.7/site-packages/airflow/example_dags/example_params_ui_tutorial.py
[2023-06-13T02:43:39.968+0000] {processor.py:836} INFO - DAG(s) dict_keys(['example_params_ui_tutorial']) retrieved from /home/airflow/.local/lib/python3.7/site-packages/airflow/example_dags/example_params_ui_tutorial.py
[2023-06-13T02:43:40.296+0000] {logging_mixin.py:149} INFO - [2023-06-13T02:43:40.296+0000] {dag.py:2726} INFO - Sync 1 DAGs
[2023-06-13T02:43:40.457+0000] {logging_mixin.py:149} INFO - [2023-06-13T02:43:40.456+0000] {dag.py:3490} INFO - Setting next_dagrun for example_params_ui_tutorial to None, run_after=None
[2023-06-13T02:43:40.563+0000] {processor.py:179} INFO - Processing /home/airflow/.local/lib/python3.7/site-packages/airflow/example_dags/example_params_ui_tutorial.py took 0.880 seconds
[2023-06-13T02:44:11.066+0000] {processor.py:157} INFO - Started process (PID=1372) to work on /home/airflow/.local/lib/python3.7/site-packages/airflow/example_dags/example_params_ui_tutorial.py
[2023-06-13T02:44:11.071+0000] {processor.py:826} INFO - Processing file /home/airflow/.local/lib/python3.7/site-packages/airflow/example_dags/example_params_ui_tutorial.py for tasks to queue
[2023-06-13T02:44:11.075+0000] {logging_mixin.py:149} INFO - [2023-06-13T02:44:11.074+0000] {dagbag.py:541} INFO - Filling up the DagBag from /home/airflow/.local/lib/python3.7/site-packages/airflow/example_dags/example_params_ui_tutorial.py
[2023-06-13T02:44:11.207+0000] {processor.py:836} INFO - DAG(s) dict_keys(['example_params_ui_tutorial']) retrieved from /home/airflow/.local/lib/python3.7/site-packages/airflow/example_dags/example_params_ui_tutorial.py
[2023-06-13T02:44:11.438+0000] {logging_mixin.py:149} INFO - [2023-06-13T02:44:11.437+0000] {dag.py:2726} INFO - Sync 1 DAGs
[2023-06-13T02:44:11.545+0000] {logging_mixin.py:149} INFO - [2023-06-13T02:44:11.544+0000] {dag.py:3490} INFO - Setting next_dagrun for example_params_ui_tutorial to None, run_after=None
[2023-06-13T02:44:11.620+0000] {processor.py:179} INFO - Processing /home/airflow/.local/lib/python3.7/site-packages/airflow/example_dags/example_params_ui_tutorial.py took 0.563 seconds
