[2023-06-13T01:49:59.803+0000] {processor.py:157} INFO - Started process (PID=51) to work on /home/airflow/.local/lib/python3.7/site-packages/airflow/example_dags/example_short_circuit_decorator.py
[2023-06-13T01:49:59.805+0000] {processor.py:826} INFO - Processing file /home/airflow/.local/lib/python3.7/site-packages/airflow/example_dags/example_short_circuit_decorator.py for tasks to queue
[2023-06-13T01:49:59.807+0000] {logging_mixin.py:149} INFO - [2023-06-13T01:49:59.807+0000] {dagbag.py:541} INFO - Filling up the DagBag from /home/airflow/.local/lib/python3.7/site-packages/airflow/example_dags/example_short_circuit_decorator.py
[2023-06-13T01:49:59.832+0000] {processor.py:836} INFO - DAG(s) dict_keys(['example_short_circuit_decorator']) retrieved from /home/airflow/.local/lib/python3.7/site-packages/airflow/example_dags/example_short_circuit_decorator.py
[2023-06-13T01:49:59.859+0000] {logging_mixin.py:149} INFO - [2023-06-13T01:49:59.859+0000] {dag.py:2726} INFO - Sync 1 DAGs
[2023-06-13T01:49:59.917+0000] {logging_mixin.py:149} INFO - [2023-06-13T01:49:59.916+0000] {dag.py:3490} INFO - Setting next_dagrun for example_short_circuit_decorator to 2023-06-12T01:49:59.915972+00:00, run_after=2023-06-13T01:49:59.915972+00:00
[2023-06-13T01:49:59.960+0000] {processor.py:179} INFO - Processing /home/airflow/.local/lib/python3.7/site-packages/airflow/example_dags/example_short_circuit_decorator.py took 0.164 seconds
[2023-06-13T01:50:30.378+0000] {processor.py:157} INFO - Started process (PID=111) to work on /home/airflow/.local/lib/python3.7/site-packages/airflow/example_dags/example_short_circuit_decorator.py
[2023-06-13T01:50:30.380+0000] {processor.py:826} INFO - Processing file /home/airflow/.local/lib/python3.7/site-packages/airflow/example_dags/example_short_circuit_decorator.py for tasks to queue
[2023-06-13T01:50:30.381+0000] {logging_mixin.py:149} INFO - [2023-06-13T01:50:30.381+0000] {dagbag.py:541} INFO - Filling up the DagBag from /home/airflow/.local/lib/python3.7/site-packages/airflow/example_dags/example_short_circuit_decorator.py
[2023-06-13T01:50:30.393+0000] {processor.py:836} INFO - DAG(s) dict_keys(['example_short_circuit_decorator']) retrieved from /home/airflow/.local/lib/python3.7/site-packages/airflow/example_dags/example_short_circuit_decorator.py
[2023-06-13T01:50:30.437+0000] {logging_mixin.py:149} INFO - [2023-06-13T01:50:30.437+0000] {dag.py:2726} INFO - Sync 1 DAGs
[2023-06-13T01:50:30.478+0000] {logging_mixin.py:149} INFO - [2023-06-13T01:50:30.478+0000] {dag.py:3490} INFO - Setting next_dagrun for example_short_circuit_decorator to 2023-06-12T01:50:30.478038+00:00, run_after=2023-06-13T01:50:30.478038+00:00
[2023-06-13T01:50:30.525+0000] {processor.py:179} INFO - Processing /home/airflow/.local/lib/python3.7/site-packages/airflow/example_dags/example_short_circuit_decorator.py took 0.150 seconds
[2023-06-13T01:51:01.751+0000] {processor.py:157} INFO - Started process (PID=171) to work on /home/airflow/.local/lib/python3.7/site-packages/airflow/example_dags/example_short_circuit_decorator.py
[2023-06-13T01:51:01.753+0000] {processor.py:826} INFO - Processing file /home/airflow/.local/lib/python3.7/site-packages/airflow/example_dags/example_short_circuit_decorator.py for tasks to queue
[2023-06-13T01:51:01.755+0000] {logging_mixin.py:149} INFO - [2023-06-13T01:51:01.754+0000] {dagbag.py:541} INFO - Filling up the DagBag from /home/airflow/.local/lib/python3.7/site-packages/airflow/example_dags/example_short_circuit_decorator.py
[2023-06-13T01:51:01.771+0000] {processor.py:836} INFO - DAG(s) dict_keys(['example_short_circuit_decorator']) retrieved from /home/airflow/.local/lib/python3.7/site-packages/airflow/example_dags/example_short_circuit_decorator.py
[2023-06-13T01:51:01.815+0000] {logging_mixin.py:149} INFO - [2023-06-13T01:51:01.815+0000] {dag.py:2726} INFO - Sync 1 DAGs
[2023-06-13T01:51:01.854+0000] {logging_mixin.py:149} INFO - [2023-06-13T01:51:01.853+0000] {dag.py:3490} INFO - Setting next_dagrun for example_short_circuit_decorator to 2023-06-12T01:51:01.853639+00:00, run_after=2023-06-13T01:51:01.853639+00:00
[2023-06-13T01:51:01.884+0000] {processor.py:179} INFO - Processing /home/airflow/.local/lib/python3.7/site-packages/airflow/example_dags/example_short_circuit_decorator.py took 0.137 seconds
[2023-06-13T01:51:32.354+0000] {processor.py:157} INFO - Started process (PID=231) to work on /home/airflow/.local/lib/python3.7/site-packages/airflow/example_dags/example_short_circuit_decorator.py
[2023-06-13T01:51:32.355+0000] {processor.py:826} INFO - Processing file /home/airflow/.local/lib/python3.7/site-packages/airflow/example_dags/example_short_circuit_decorator.py for tasks to queue
[2023-06-13T01:51:32.357+0000] {logging_mixin.py:149} INFO - [2023-06-13T01:51:32.357+0000] {dagbag.py:541} INFO - Filling up the DagBag from /home/airflow/.local/lib/python3.7/site-packages/airflow/example_dags/example_short_circuit_decorator.py
[2023-06-13T01:51:32.370+0000] {processor.py:836} INFO - DAG(s) dict_keys(['example_short_circuit_decorator']) retrieved from /home/airflow/.local/lib/python3.7/site-packages/airflow/example_dags/example_short_circuit_decorator.py
[2023-06-13T01:51:32.497+0000] {logging_mixin.py:149} INFO - [2023-06-13T01:51:32.496+0000] {dag.py:2726} INFO - Sync 1 DAGs
[2023-06-13T01:51:32.541+0000] {logging_mixin.py:149} INFO - [2023-06-13T01:51:32.540+0000] {dag.py:3490} INFO - Setting next_dagrun for example_short_circuit_decorator to 2023-06-12T01:51:32.540498+00:00, run_after=2023-06-13T01:51:32.540498+00:00
[2023-06-13T01:51:32.581+0000] {processor.py:179} INFO - Processing /home/airflow/.local/lib/python3.7/site-packages/airflow/example_dags/example_short_circuit_decorator.py took 0.231 seconds
[2023-06-13T01:53:52.481+0000] {processor.py:157} INFO - Started process (PID=58) to work on /home/airflow/.local/lib/python3.7/site-packages/airflow/example_dags/example_short_circuit_decorator.py
[2023-06-13T01:53:52.484+0000] {processor.py:826} INFO - Processing file /home/airflow/.local/lib/python3.7/site-packages/airflow/example_dags/example_short_circuit_decorator.py for tasks to queue
[2023-06-13T01:53:52.486+0000] {logging_mixin.py:149} INFO - [2023-06-13T01:53:52.486+0000] {dagbag.py:541} INFO - Filling up the DagBag from /home/airflow/.local/lib/python3.7/site-packages/airflow/example_dags/example_short_circuit_decorator.py
[2023-06-13T01:53:52.533+0000] {processor.py:836} INFO - DAG(s) dict_keys(['example_short_circuit_decorator']) retrieved from /home/airflow/.local/lib/python3.7/site-packages/airflow/example_dags/example_short_circuit_decorator.py
[2023-06-13T01:53:52.667+0000] {logging_mixin.py:149} INFO - [2023-06-13T01:53:52.667+0000] {dag.py:2726} INFO - Sync 1 DAGs
[2023-06-13T01:53:52.847+0000] {logging_mixin.py:149} INFO - [2023-06-13T01:53:52.847+0000] {dag.py:3490} INFO - Setting next_dagrun for example_short_circuit_decorator to 2023-06-12T01:53:52.846339+00:00, run_after=2023-06-13T01:53:52.846339+00:00
[2023-06-13T01:53:52.925+0000] {processor.py:179} INFO - Processing /home/airflow/.local/lib/python3.7/site-packages/airflow/example_dags/example_short_circuit_decorator.py took 0.457 seconds
[2023-06-13T01:54:23.762+0000] {processor.py:157} INFO - Started process (PID=119) to work on /home/airflow/.local/lib/python3.7/site-packages/airflow/example_dags/example_short_circuit_decorator.py
[2023-06-13T01:54:23.764+0000] {processor.py:826} INFO - Processing file /home/airflow/.local/lib/python3.7/site-packages/airflow/example_dags/example_short_circuit_decorator.py for tasks to queue
[2023-06-13T01:54:23.767+0000] {logging_mixin.py:149} INFO - [2023-06-13T01:54:23.766+0000] {dagbag.py:541} INFO - Filling up the DagBag from /home/airflow/.local/lib/python3.7/site-packages/airflow/example_dags/example_short_circuit_decorator.py
[2023-06-13T01:54:23.784+0000] {processor.py:836} INFO - DAG(s) dict_keys(['example_short_circuit_decorator']) retrieved from /home/airflow/.local/lib/python3.7/site-packages/airflow/example_dags/example_short_circuit_decorator.py
[2023-06-13T01:54:23.853+0000] {logging_mixin.py:149} INFO - [2023-06-13T01:54:23.853+0000] {dag.py:2726} INFO - Sync 1 DAGs
[2023-06-13T01:54:23.913+0000] {logging_mixin.py:149} INFO - [2023-06-13T01:54:23.912+0000] {dag.py:3490} INFO - Setting next_dagrun for example_short_circuit_decorator to 2023-06-12T01:54:23.912285+00:00, run_after=2023-06-13T01:54:23.912285+00:00
[2023-06-13T01:54:23.961+0000] {processor.py:179} INFO - Processing /home/airflow/.local/lib/python3.7/site-packages/airflow/example_dags/example_short_circuit_decorator.py took 0.205 seconds
[2023-06-13T01:54:54.084+0000] {processor.py:157} INFO - Started process (PID=179) to work on /home/airflow/.local/lib/python3.7/site-packages/airflow/example_dags/example_short_circuit_decorator.py
[2023-06-13T01:54:54.086+0000] {processor.py:826} INFO - Processing file /home/airflow/.local/lib/python3.7/site-packages/airflow/example_dags/example_short_circuit_decorator.py for tasks to queue
[2023-06-13T01:54:54.088+0000] {logging_mixin.py:149} INFO - [2023-06-13T01:54:54.087+0000] {dagbag.py:541} INFO - Filling up the DagBag from /home/airflow/.local/lib/python3.7/site-packages/airflow/example_dags/example_short_circuit_decorator.py
[2023-06-13T01:54:54.101+0000] {processor.py:836} INFO - DAG(s) dict_keys(['example_short_circuit_decorator']) retrieved from /home/airflow/.local/lib/python3.7/site-packages/airflow/example_dags/example_short_circuit_decorator.py
[2023-06-13T01:54:54.139+0000] {logging_mixin.py:149} INFO - [2023-06-13T01:54:54.139+0000] {dag.py:2726} INFO - Sync 1 DAGs
[2023-06-13T01:54:54.173+0000] {logging_mixin.py:149} INFO - [2023-06-13T01:54:54.173+0000] {dag.py:3490} INFO - Setting next_dagrun for example_short_circuit_decorator to 2023-06-12T01:54:54.173274+00:00, run_after=2023-06-13T01:54:54.173274+00:00
[2023-06-13T01:54:54.207+0000] {processor.py:179} INFO - Processing /home/airflow/.local/lib/python3.7/site-packages/airflow/example_dags/example_short_circuit_decorator.py took 0.127 seconds
[2023-06-13T01:55:24.292+0000] {processor.py:157} INFO - Started process (PID=240) to work on /home/airflow/.local/lib/python3.7/site-packages/airflow/example_dags/example_short_circuit_decorator.py
[2023-06-13T01:55:24.293+0000] {processor.py:826} INFO - Processing file /home/airflow/.local/lib/python3.7/site-packages/airflow/example_dags/example_short_circuit_decorator.py for tasks to queue
[2023-06-13T01:55:24.295+0000] {logging_mixin.py:149} INFO - [2023-06-13T01:55:24.295+0000] {dagbag.py:541} INFO - Filling up the DagBag from /home/airflow/.local/lib/python3.7/site-packages/airflow/example_dags/example_short_circuit_decorator.py
[2023-06-13T01:55:24.307+0000] {processor.py:836} INFO - DAG(s) dict_keys(['example_short_circuit_decorator']) retrieved from /home/airflow/.local/lib/python3.7/site-packages/airflow/example_dags/example_short_circuit_decorator.py
[2023-06-13T01:55:24.349+0000] {logging_mixin.py:149} INFO - [2023-06-13T01:55:24.349+0000] {dag.py:2726} INFO - Sync 1 DAGs
[2023-06-13T01:55:24.391+0000] {logging_mixin.py:149} INFO - [2023-06-13T01:55:24.391+0000] {dag.py:3490} INFO - Setting next_dagrun for example_short_circuit_decorator to 2023-06-12T01:55:24.391128+00:00, run_after=2023-06-13T01:55:24.391128+00:00
[2023-06-13T01:55:24.427+0000] {processor.py:179} INFO - Processing /home/airflow/.local/lib/python3.7/site-packages/airflow/example_dags/example_short_circuit_decorator.py took 0.139 seconds
[2023-06-13T01:55:54.751+0000] {processor.py:157} INFO - Started process (PID=300) to work on /home/airflow/.local/lib/python3.7/site-packages/airflow/example_dags/example_short_circuit_decorator.py
[2023-06-13T01:55:54.753+0000] {processor.py:826} INFO - Processing file /home/airflow/.local/lib/python3.7/site-packages/airflow/example_dags/example_short_circuit_decorator.py for tasks to queue
[2023-06-13T01:55:54.754+0000] {logging_mixin.py:149} INFO - [2023-06-13T01:55:54.754+0000] {dagbag.py:541} INFO - Filling up the DagBag from /home/airflow/.local/lib/python3.7/site-packages/airflow/example_dags/example_short_circuit_decorator.py
[2023-06-13T01:55:54.766+0000] {processor.py:836} INFO - DAG(s) dict_keys(['example_short_circuit_decorator']) retrieved from /home/airflow/.local/lib/python3.7/site-packages/airflow/example_dags/example_short_circuit_decorator.py
[2023-06-13T01:55:54.808+0000] {logging_mixin.py:149} INFO - [2023-06-13T01:55:54.808+0000] {dag.py:2726} INFO - Sync 1 DAGs
[2023-06-13T01:55:54.846+0000] {logging_mixin.py:149} INFO - [2023-06-13T01:55:54.845+0000] {dag.py:3490} INFO - Setting next_dagrun for example_short_circuit_decorator to 2023-06-12T01:55:54.845052+00:00, run_after=2023-06-13T01:55:54.845052+00:00
[2023-06-13T01:55:54.883+0000] {processor.py:179} INFO - Processing /home/airflow/.local/lib/python3.7/site-packages/airflow/example_dags/example_short_circuit_decorator.py took 0.135 seconds
[2023-06-13T01:56:25.097+0000] {processor.py:157} INFO - Started process (PID=360) to work on /home/airflow/.local/lib/python3.7/site-packages/airflow/example_dags/example_short_circuit_decorator.py
[2023-06-13T01:56:25.098+0000] {processor.py:826} INFO - Processing file /home/airflow/.local/lib/python3.7/site-packages/airflow/example_dags/example_short_circuit_decorator.py for tasks to queue
[2023-06-13T01:56:25.099+0000] {logging_mixin.py:149} INFO - [2023-06-13T01:56:25.099+0000] {dagbag.py:541} INFO - Filling up the DagBag from /home/airflow/.local/lib/python3.7/site-packages/airflow/example_dags/example_short_circuit_decorator.py
[2023-06-13T01:56:25.110+0000] {processor.py:836} INFO - DAG(s) dict_keys(['example_short_circuit_decorator']) retrieved from /home/airflow/.local/lib/python3.7/site-packages/airflow/example_dags/example_short_circuit_decorator.py
[2023-06-13T01:56:25.146+0000] {logging_mixin.py:149} INFO - [2023-06-13T01:56:25.146+0000] {dag.py:2726} INFO - Sync 1 DAGs
[2023-06-13T01:56:25.180+0000] {logging_mixin.py:149} INFO - [2023-06-13T01:56:25.180+0000] {dag.py:3490} INFO - Setting next_dagrun for example_short_circuit_decorator to 2023-06-12T01:56:25.179930+00:00, run_after=2023-06-13T01:56:25.179930+00:00
[2023-06-13T01:56:25.218+0000] {processor.py:179} INFO - Processing /home/airflow/.local/lib/python3.7/site-packages/airflow/example_dags/example_short_circuit_decorator.py took 0.124 seconds
[2023-06-13T01:56:55.608+0000] {processor.py:157} INFO - Started process (PID=421) to work on /home/airflow/.local/lib/python3.7/site-packages/airflow/example_dags/example_short_circuit_decorator.py
[2023-06-13T01:56:55.609+0000] {processor.py:826} INFO - Processing file /home/airflow/.local/lib/python3.7/site-packages/airflow/example_dags/example_short_circuit_decorator.py for tasks to queue
[2023-06-13T01:56:55.611+0000] {logging_mixin.py:149} INFO - [2023-06-13T01:56:55.610+0000] {dagbag.py:541} INFO - Filling up the DagBag from /home/airflow/.local/lib/python3.7/site-packages/airflow/example_dags/example_short_circuit_decorator.py
[2023-06-13T01:56:55.626+0000] {processor.py:836} INFO - DAG(s) dict_keys(['example_short_circuit_decorator']) retrieved from /home/airflow/.local/lib/python3.7/site-packages/airflow/example_dags/example_short_circuit_decorator.py
[2023-06-13T01:56:55.673+0000] {logging_mixin.py:149} INFO - [2023-06-13T01:56:55.672+0000] {dag.py:2726} INFO - Sync 1 DAGs
[2023-06-13T01:56:55.715+0000] {logging_mixin.py:149} INFO - [2023-06-13T01:56:55.714+0000] {dag.py:3490} INFO - Setting next_dagrun for example_short_circuit_decorator to 2023-06-12T01:56:55.714420+00:00, run_after=2023-06-13T01:56:55.714420+00:00
[2023-06-13T01:56:55.751+0000] {processor.py:179} INFO - Processing /home/airflow/.local/lib/python3.7/site-packages/airflow/example_dags/example_short_circuit_decorator.py took 0.146 seconds
[2023-06-13T01:57:26.613+0000] {processor.py:157} INFO - Started process (PID=481) to work on /home/airflow/.local/lib/python3.7/site-packages/airflow/example_dags/example_short_circuit_decorator.py
[2023-06-13T01:57:26.614+0000] {processor.py:826} INFO - Processing file /home/airflow/.local/lib/python3.7/site-packages/airflow/example_dags/example_short_circuit_decorator.py for tasks to queue
[2023-06-13T01:57:26.615+0000] {logging_mixin.py:149} INFO - [2023-06-13T01:57:26.615+0000] {dagbag.py:541} INFO - Filling up the DagBag from /home/airflow/.local/lib/python3.7/site-packages/airflow/example_dags/example_short_circuit_decorator.py
[2023-06-13T01:57:26.630+0000] {processor.py:836} INFO - DAG(s) dict_keys(['example_short_circuit_decorator']) retrieved from /home/airflow/.local/lib/python3.7/site-packages/airflow/example_dags/example_short_circuit_decorator.py
[2023-06-13T01:57:26.669+0000] {logging_mixin.py:149} INFO - [2023-06-13T01:57:26.669+0000] {dag.py:2726} INFO - Sync 1 DAGs
[2023-06-13T01:57:26.709+0000] {logging_mixin.py:149} INFO - [2023-06-13T01:57:26.709+0000] {dag.py:3490} INFO - Setting next_dagrun for example_short_circuit_decorator to 2023-06-12T01:57:26.709170+00:00, run_after=2023-06-13T01:57:26.709170+00:00
[2023-06-13T01:57:26.745+0000] {processor.py:179} INFO - Processing /home/airflow/.local/lib/python3.7/site-packages/airflow/example_dags/example_short_circuit_decorator.py took 0.136 seconds
[2023-06-13T01:57:57.273+0000] {processor.py:157} INFO - Started process (PID=541) to work on /home/airflow/.local/lib/python3.7/site-packages/airflow/example_dags/example_short_circuit_decorator.py
[2023-06-13T01:57:57.275+0000] {processor.py:826} INFO - Processing file /home/airflow/.local/lib/python3.7/site-packages/airflow/example_dags/example_short_circuit_decorator.py for tasks to queue
[2023-06-13T01:57:57.276+0000] {logging_mixin.py:149} INFO - [2023-06-13T01:57:57.276+0000] {dagbag.py:541} INFO - Filling up the DagBag from /home/airflow/.local/lib/python3.7/site-packages/airflow/example_dags/example_short_circuit_decorator.py
[2023-06-13T01:57:57.289+0000] {processor.py:836} INFO - DAG(s) dict_keys(['example_short_circuit_decorator']) retrieved from /home/airflow/.local/lib/python3.7/site-packages/airflow/example_dags/example_short_circuit_decorator.py
[2023-06-13T01:57:57.327+0000] {logging_mixin.py:149} INFO - [2023-06-13T01:57:57.326+0000] {dag.py:2726} INFO - Sync 1 DAGs
[2023-06-13T01:57:57.387+0000] {logging_mixin.py:149} INFO - [2023-06-13T01:57:57.386+0000] {dag.py:3490} INFO - Setting next_dagrun for example_short_circuit_decorator to 2023-06-12T01:57:57.386460+00:00, run_after=2023-06-13T01:57:57.386460+00:00
[2023-06-13T01:57:57.426+0000] {processor.py:179} INFO - Processing /home/airflow/.local/lib/python3.7/site-packages/airflow/example_dags/example_short_circuit_decorator.py took 0.157 seconds
[2023-06-13T01:58:28.290+0000] {processor.py:157} INFO - Started process (PID=601) to work on /home/airflow/.local/lib/python3.7/site-packages/airflow/example_dags/example_short_circuit_decorator.py
[2023-06-13T01:58:28.292+0000] {processor.py:826} INFO - Processing file /home/airflow/.local/lib/python3.7/site-packages/airflow/example_dags/example_short_circuit_decorator.py for tasks to queue
[2023-06-13T01:58:28.293+0000] {logging_mixin.py:149} INFO - [2023-06-13T01:58:28.293+0000] {dagbag.py:541} INFO - Filling up the DagBag from /home/airflow/.local/lib/python3.7/site-packages/airflow/example_dags/example_short_circuit_decorator.py
[2023-06-13T01:58:28.311+0000] {processor.py:836} INFO - DAG(s) dict_keys(['example_short_circuit_decorator']) retrieved from /home/airflow/.local/lib/python3.7/site-packages/airflow/example_dags/example_short_circuit_decorator.py
[2023-06-13T01:58:28.360+0000] {logging_mixin.py:149} INFO - [2023-06-13T01:58:28.360+0000] {dag.py:2726} INFO - Sync 1 DAGs
[2023-06-13T01:58:28.404+0000] {logging_mixin.py:149} INFO - [2023-06-13T01:58:28.404+0000] {dag.py:3490} INFO - Setting next_dagrun for example_short_circuit_decorator to 2023-06-12T01:58:28.403893+00:00, run_after=2023-06-13T01:58:28.403893+00:00
[2023-06-13T01:58:28.444+0000] {processor.py:179} INFO - Processing /home/airflow/.local/lib/python3.7/site-packages/airflow/example_dags/example_short_circuit_decorator.py took 0.157 seconds
[2023-06-13T01:58:58.689+0000] {processor.py:157} INFO - Started process (PID=661) to work on /home/airflow/.local/lib/python3.7/site-packages/airflow/example_dags/example_short_circuit_decorator.py
[2023-06-13T01:58:58.691+0000] {processor.py:826} INFO - Processing file /home/airflow/.local/lib/python3.7/site-packages/airflow/example_dags/example_short_circuit_decorator.py for tasks to queue
[2023-06-13T01:58:58.693+0000] {logging_mixin.py:149} INFO - [2023-06-13T01:58:58.692+0000] {dagbag.py:541} INFO - Filling up the DagBag from /home/airflow/.local/lib/python3.7/site-packages/airflow/example_dags/example_short_circuit_decorator.py
[2023-06-13T01:58:58.705+0000] {processor.py:836} INFO - DAG(s) dict_keys(['example_short_circuit_decorator']) retrieved from /home/airflow/.local/lib/python3.7/site-packages/airflow/example_dags/example_short_circuit_decorator.py
[2023-06-13T01:58:58.745+0000] {logging_mixin.py:149} INFO - [2023-06-13T01:58:58.745+0000] {dag.py:2726} INFO - Sync 1 DAGs
[2023-06-13T01:58:58.814+0000] {logging_mixin.py:149} INFO - [2023-06-13T01:58:58.813+0000] {dag.py:3490} INFO - Setting next_dagrun for example_short_circuit_decorator to 2023-06-12T01:58:58.813059+00:00, run_after=2023-06-13T01:58:58.813059+00:00
[2023-06-13T01:58:58.877+0000] {processor.py:179} INFO - Processing /home/airflow/.local/lib/python3.7/site-packages/airflow/example_dags/example_short_circuit_decorator.py took 0.191 seconds
[2023-06-13T01:59:29.158+0000] {processor.py:157} INFO - Started process (PID=721) to work on /home/airflow/.local/lib/python3.7/site-packages/airflow/example_dags/example_short_circuit_decorator.py
[2023-06-13T01:59:29.159+0000] {processor.py:826} INFO - Processing file /home/airflow/.local/lib/python3.7/site-packages/airflow/example_dags/example_short_circuit_decorator.py for tasks to queue
[2023-06-13T01:59:29.161+0000] {logging_mixin.py:149} INFO - [2023-06-13T01:59:29.161+0000] {dagbag.py:541} INFO - Filling up the DagBag from /home/airflow/.local/lib/python3.7/site-packages/airflow/example_dags/example_short_circuit_decorator.py
[2023-06-13T01:59:29.173+0000] {processor.py:836} INFO - DAG(s) dict_keys(['example_short_circuit_decorator']) retrieved from /home/airflow/.local/lib/python3.7/site-packages/airflow/example_dags/example_short_circuit_decorator.py
[2023-06-13T01:59:29.207+0000] {logging_mixin.py:149} INFO - [2023-06-13T01:59:29.207+0000] {dag.py:2726} INFO - Sync 1 DAGs
[2023-06-13T01:59:29.245+0000] {logging_mixin.py:149} INFO - [2023-06-13T01:59:29.245+0000] {dag.py:3490} INFO - Setting next_dagrun for example_short_circuit_decorator to 2023-06-12T01:59:29.244941+00:00, run_after=2023-06-13T01:59:29.244941+00:00
[2023-06-13T01:59:29.280+0000] {processor.py:179} INFO - Processing /home/airflow/.local/lib/python3.7/site-packages/airflow/example_dags/example_short_circuit_decorator.py took 0.126 seconds
[2023-06-13T02:01:01.090+0000] {processor.py:157} INFO - Started process (PID=51) to work on /home/airflow/.local/lib/python3.7/site-packages/airflow/example_dags/example_short_circuit_decorator.py
[2023-06-13T02:01:01.093+0000] {processor.py:826} INFO - Processing file /home/airflow/.local/lib/python3.7/site-packages/airflow/example_dags/example_short_circuit_decorator.py for tasks to queue
[2023-06-13T02:01:01.098+0000] {logging_mixin.py:149} INFO - [2023-06-13T02:01:01.098+0000] {dagbag.py:541} INFO - Filling up the DagBag from /home/airflow/.local/lib/python3.7/site-packages/airflow/example_dags/example_short_circuit_decorator.py
[2023-06-13T02:01:01.135+0000] {processor.py:836} INFO - DAG(s) dict_keys(['example_short_circuit_decorator']) retrieved from /home/airflow/.local/lib/python3.7/site-packages/airflow/example_dags/example_short_circuit_decorator.py
[2023-06-13T02:01:01.250+0000] {logging_mixin.py:149} INFO - [2023-06-13T02:01:01.250+0000] {dag.py:2726} INFO - Sync 1 DAGs
[2023-06-13T02:01:01.386+0000] {logging_mixin.py:149} INFO - [2023-06-13T02:01:01.384+0000] {dag.py:3490} INFO - Setting next_dagrun for example_short_circuit_decorator to 2023-06-12T02:01:01.383549+00:00, run_after=2023-06-13T02:01:01.383549+00:00
[2023-06-13T02:01:01.455+0000] {processor.py:179} INFO - Processing /home/airflow/.local/lib/python3.7/site-packages/airflow/example_dags/example_short_circuit_decorator.py took 0.371 seconds
[2023-06-13T02:01:32.844+0000] {processor.py:157} INFO - Started process (PID=117) to work on /home/airflow/.local/lib/python3.7/site-packages/airflow/example_dags/example_short_circuit_decorator.py
[2023-06-13T02:01:32.847+0000] {processor.py:826} INFO - Processing file /home/airflow/.local/lib/python3.7/site-packages/airflow/example_dags/example_short_circuit_decorator.py for tasks to queue
[2023-06-13T02:01:32.849+0000] {logging_mixin.py:149} INFO - [2023-06-13T02:01:32.849+0000] {dagbag.py:541} INFO - Filling up the DagBag from /home/airflow/.local/lib/python3.7/site-packages/airflow/example_dags/example_short_circuit_decorator.py
[2023-06-13T02:01:32.874+0000] {processor.py:836} INFO - DAG(s) dict_keys(['example_short_circuit_decorator']) retrieved from /home/airflow/.local/lib/python3.7/site-packages/airflow/example_dags/example_short_circuit_decorator.py
[2023-06-13T02:01:32.949+0000] {logging_mixin.py:149} INFO - [2023-06-13T02:01:32.949+0000] {dag.py:2726} INFO - Sync 1 DAGs
[2023-06-13T02:01:33.040+0000] {logging_mixin.py:149} INFO - [2023-06-13T02:01:33.040+0000] {dag.py:3490} INFO - Setting next_dagrun for example_short_circuit_decorator to 2023-06-12T02:01:33.039625+00:00, run_after=2023-06-13T02:01:33.039625+00:00
[2023-06-13T02:01:33.118+0000] {processor.py:179} INFO - Processing /home/airflow/.local/lib/python3.7/site-packages/airflow/example_dags/example_short_circuit_decorator.py took 0.283 seconds
[2023-06-13T02:02:04.628+0000] {processor.py:157} INFO - Started process (PID=177) to work on /home/airflow/.local/lib/python3.7/site-packages/airflow/example_dags/example_short_circuit_decorator.py
[2023-06-13T02:02:04.631+0000] {processor.py:826} INFO - Processing file /home/airflow/.local/lib/python3.7/site-packages/airflow/example_dags/example_short_circuit_decorator.py for tasks to queue
[2023-06-13T02:02:04.635+0000] {logging_mixin.py:149} INFO - [2023-06-13T02:02:04.634+0000] {dagbag.py:541} INFO - Filling up the DagBag from /home/airflow/.local/lib/python3.7/site-packages/airflow/example_dags/example_short_circuit_decorator.py
[2023-06-13T02:02:04.667+0000] {processor.py:836} INFO - DAG(s) dict_keys(['example_short_circuit_decorator']) retrieved from /home/airflow/.local/lib/python3.7/site-packages/airflow/example_dags/example_short_circuit_decorator.py
[2023-06-13T02:02:04.762+0000] {logging_mixin.py:149} INFO - [2023-06-13T02:02:04.762+0000] {dag.py:2726} INFO - Sync 1 DAGs
[2023-06-13T02:02:04.929+0000] {logging_mixin.py:149} INFO - [2023-06-13T02:02:04.928+0000] {dag.py:3490} INFO - Setting next_dagrun for example_short_circuit_decorator to 2023-06-12T02:02:04.928099+00:00, run_after=2023-06-13T02:02:04.928099+00:00
[2023-06-13T02:02:05.067+0000] {processor.py:179} INFO - Processing /home/airflow/.local/lib/python3.7/site-packages/airflow/example_dags/example_short_circuit_decorator.py took 0.447 seconds
[2023-06-13T02:32:25.260+0000] {processor.py:157} INFO - Started process (PID=63) to work on /home/airflow/.local/lib/python3.7/site-packages/airflow/example_dags/example_short_circuit_decorator.py
[2023-06-13T02:32:25.264+0000] {processor.py:826} INFO - Processing file /home/airflow/.local/lib/python3.7/site-packages/airflow/example_dags/example_short_circuit_decorator.py for tasks to queue
[2023-06-13T02:32:25.268+0000] {logging_mixin.py:149} INFO - [2023-06-13T02:32:25.268+0000] {dagbag.py:541} INFO - Filling up the DagBag from /home/airflow/.local/lib/python3.7/site-packages/airflow/example_dags/example_short_circuit_decorator.py
[2023-06-13T02:32:25.323+0000] {processor.py:836} INFO - DAG(s) dict_keys(['example_short_circuit_decorator']) retrieved from /home/airflow/.local/lib/python3.7/site-packages/airflow/example_dags/example_short_circuit_decorator.py
[2023-06-13T02:32:25.515+0000] {logging_mixin.py:149} INFO - [2023-06-13T02:32:25.514+0000] {dag.py:2726} INFO - Sync 1 DAGs
[2023-06-13T02:32:25.634+0000] {logging_mixin.py:149} INFO - [2023-06-13T02:32:25.633+0000] {dag.py:3490} INFO - Setting next_dagrun for example_short_circuit_decorator to 2023-06-12T02:32:25.632716+00:00, run_after=2023-06-13T02:32:25.632716+00:00
[2023-06-13T02:32:25.770+0000] {processor.py:179} INFO - Processing /home/airflow/.local/lib/python3.7/site-packages/airflow/example_dags/example_short_circuit_decorator.py took 0.518 seconds
[2023-06-13T02:32:56.344+0000] {processor.py:157} INFO - Started process (PID=122) to work on /home/airflow/.local/lib/python3.7/site-packages/airflow/example_dags/example_short_circuit_decorator.py
[2023-06-13T02:32:56.346+0000] {processor.py:826} INFO - Processing file /home/airflow/.local/lib/python3.7/site-packages/airflow/example_dags/example_short_circuit_decorator.py for tasks to queue
[2023-06-13T02:32:56.348+0000] {logging_mixin.py:149} INFO - [2023-06-13T02:32:56.348+0000] {dagbag.py:541} INFO - Filling up the DagBag from /home/airflow/.local/lib/python3.7/site-packages/airflow/example_dags/example_short_circuit_decorator.py
[2023-06-13T02:32:56.368+0000] {processor.py:836} INFO - DAG(s) dict_keys(['example_short_circuit_decorator']) retrieved from /home/airflow/.local/lib/python3.7/site-packages/airflow/example_dags/example_short_circuit_decorator.py
[2023-06-13T02:32:56.434+0000] {logging_mixin.py:149} INFO - [2023-06-13T02:32:56.434+0000] {dag.py:2726} INFO - Sync 1 DAGs
[2023-06-13T02:32:56.503+0000] {logging_mixin.py:149} INFO - [2023-06-13T02:32:56.503+0000] {dag.py:3490} INFO - Setting next_dagrun for example_short_circuit_decorator to 2023-06-12T02:32:56.503110+00:00, run_after=2023-06-13T02:32:56.503110+00:00
[2023-06-13T02:32:56.557+0000] {processor.py:179} INFO - Processing /home/airflow/.local/lib/python3.7/site-packages/airflow/example_dags/example_short_circuit_decorator.py took 0.219 seconds
[2023-06-13T02:33:41.995+0000] {processor.py:157} INFO - Started process (PID=188) to work on /home/airflow/.local/lib/python3.7/site-packages/airflow/example_dags/example_short_circuit_decorator.py
[2023-06-13T02:33:42.015+0000] {processor.py:826} INFO - Processing file /home/airflow/.local/lib/python3.7/site-packages/airflow/example_dags/example_short_circuit_decorator.py for tasks to queue
[2023-06-13T02:33:42.063+0000] {logging_mixin.py:149} INFO - [2023-06-13T02:33:42.062+0000] {dagbag.py:541} INFO - Filling up the DagBag from /home/airflow/.local/lib/python3.7/site-packages/airflow/example_dags/example_short_circuit_decorator.py
[2023-06-13T02:33:42.186+0000] {processor.py:836} INFO - DAG(s) dict_keys(['example_short_circuit_decorator']) retrieved from /home/airflow/.local/lib/python3.7/site-packages/airflow/example_dags/example_short_circuit_decorator.py
[2023-06-13T02:33:42.426+0000] {logging_mixin.py:149} INFO - [2023-06-13T02:33:42.424+0000] {dag.py:2726} INFO - Sync 1 DAGs
[2023-06-13T02:33:43.765+0000] {logging_mixin.py:149} INFO - [2023-06-13T02:33:43.764+0000] {dag.py:3490} INFO - Setting next_dagrun for example_short_circuit_decorator to 2023-06-12T02:33:43.762822+00:00, run_after=2023-06-13T02:33:43.762822+00:00
[2023-06-13T02:33:44.120+0000] {processor.py:179} INFO - Processing /home/airflow/.local/lib/python3.7/site-packages/airflow/example_dags/example_short_circuit_decorator.py took 2.145 seconds
[2023-06-13T02:34:28.365+0000] {processor.py:157} INFO - Started process (PID=248) to work on /home/airflow/.local/lib/python3.7/site-packages/airflow/example_dags/example_short_circuit_decorator.py
[2023-06-13T02:34:28.368+0000] {processor.py:826} INFO - Processing file /home/airflow/.local/lib/python3.7/site-packages/airflow/example_dags/example_short_circuit_decorator.py for tasks to queue
[2023-06-13T02:34:28.371+0000] {logging_mixin.py:149} INFO - [2023-06-13T02:34:28.371+0000] {dagbag.py:541} INFO - Filling up the DagBag from /home/airflow/.local/lib/python3.7/site-packages/airflow/example_dags/example_short_circuit_decorator.py
[2023-06-13T02:34:28.405+0000] {processor.py:836} INFO - DAG(s) dict_keys(['example_short_circuit_decorator']) retrieved from /home/airflow/.local/lib/python3.7/site-packages/airflow/example_dags/example_short_circuit_decorator.py
[2023-06-13T02:34:28.498+0000] {logging_mixin.py:149} INFO - [2023-06-13T02:34:28.497+0000] {dag.py:2726} INFO - Sync 1 DAGs
[2023-06-13T02:34:28.623+0000] {logging_mixin.py:149} INFO - [2023-06-13T02:34:28.622+0000] {dag.py:3490} INFO - Setting next_dagrun for example_short_circuit_decorator to 2023-06-12T02:34:28.622087+00:00, run_after=2023-06-13T02:34:28.622087+00:00
[2023-06-13T02:34:28.713+0000] {processor.py:179} INFO - Processing /home/airflow/.local/lib/python3.7/site-packages/airflow/example_dags/example_short_circuit_decorator.py took 0.357 seconds
[2023-06-13T02:35:00.869+0000] {processor.py:157} INFO - Started process (PID=314) to work on /home/airflow/.local/lib/python3.7/site-packages/airflow/example_dags/example_short_circuit_decorator.py
[2023-06-13T02:35:00.874+0000] {processor.py:826} INFO - Processing file /home/airflow/.local/lib/python3.7/site-packages/airflow/example_dags/example_short_circuit_decorator.py for tasks to queue
[2023-06-13T02:35:00.879+0000] {logging_mixin.py:149} INFO - [2023-06-13T02:35:00.878+0000] {dagbag.py:541} INFO - Filling up the DagBag from /home/airflow/.local/lib/python3.7/site-packages/airflow/example_dags/example_short_circuit_decorator.py
[2023-06-13T02:35:00.952+0000] {processor.py:836} INFO - DAG(s) dict_keys(['example_short_circuit_decorator']) retrieved from /home/airflow/.local/lib/python3.7/site-packages/airflow/example_dags/example_short_circuit_decorator.py
[2023-06-13T02:35:01.088+0000] {logging_mixin.py:149} INFO - [2023-06-13T02:35:01.087+0000] {dag.py:2726} INFO - Sync 1 DAGs
[2023-06-13T02:35:01.249+0000] {logging_mixin.py:149} INFO - [2023-06-13T02:35:01.248+0000] {dag.py:3490} INFO - Setting next_dagrun for example_short_circuit_decorator to 2023-06-12T02:35:01.248327+00:00, run_after=2023-06-13T02:35:01.248327+00:00
[2023-06-13T02:35:01.427+0000] {processor.py:179} INFO - Processing /home/airflow/.local/lib/python3.7/site-packages/airflow/example_dags/example_short_circuit_decorator.py took 0.577 seconds
[2023-06-13T02:35:31.903+0000] {processor.py:157} INFO - Started process (PID=376) to work on /home/airflow/.local/lib/python3.7/site-packages/airflow/example_dags/example_short_circuit_decorator.py
[2023-06-13T02:35:31.907+0000] {processor.py:826} INFO - Processing file /home/airflow/.local/lib/python3.7/site-packages/airflow/example_dags/example_short_circuit_decorator.py for tasks to queue
[2023-06-13T02:35:31.918+0000] {logging_mixin.py:149} INFO - [2023-06-13T02:35:31.917+0000] {dagbag.py:541} INFO - Filling up the DagBag from /home/airflow/.local/lib/python3.7/site-packages/airflow/example_dags/example_short_circuit_decorator.py
[2023-06-13T02:35:31.978+0000] {processor.py:836} INFO - DAG(s) dict_keys(['example_short_circuit_decorator']) retrieved from /home/airflow/.local/lib/python3.7/site-packages/airflow/example_dags/example_short_circuit_decorator.py
[2023-06-13T02:35:32.119+0000] {logging_mixin.py:149} INFO - [2023-06-13T02:35:32.118+0000] {dag.py:2726} INFO - Sync 1 DAGs
[2023-06-13T02:35:32.253+0000] {logging_mixin.py:149} INFO - [2023-06-13T02:35:32.252+0000] {dag.py:3490} INFO - Setting next_dagrun for example_short_circuit_decorator to 2023-06-12T02:35:32.251791+00:00, run_after=2023-06-13T02:35:32.251791+00:00
[2023-06-13T02:35:32.387+0000] {processor.py:179} INFO - Processing /home/airflow/.local/lib/python3.7/site-packages/airflow/example_dags/example_short_circuit_decorator.py took 0.494 seconds
[2023-06-13T02:36:04.861+0000] {processor.py:157} INFO - Started process (PID=435) to work on /home/airflow/.local/lib/python3.7/site-packages/airflow/example_dags/example_short_circuit_decorator.py
[2023-06-13T02:36:04.887+0000] {processor.py:826} INFO - Processing file /home/airflow/.local/lib/python3.7/site-packages/airflow/example_dags/example_short_circuit_decorator.py for tasks to queue
[2023-06-13T02:36:04.895+0000] {logging_mixin.py:149} INFO - [2023-06-13T02:36:04.894+0000] {dagbag.py:541} INFO - Filling up the DagBag from /home/airflow/.local/lib/python3.7/site-packages/airflow/example_dags/example_short_circuit_decorator.py
[2023-06-13T02:36:04.981+0000] {processor.py:836} INFO - DAG(s) dict_keys(['example_short_circuit_decorator']) retrieved from /home/airflow/.local/lib/python3.7/site-packages/airflow/example_dags/example_short_circuit_decorator.py
[2023-06-13T02:36:05.214+0000] {logging_mixin.py:149} INFO - [2023-06-13T02:36:05.214+0000] {dag.py:2726} INFO - Sync 1 DAGs
[2023-06-13T02:36:05.444+0000] {logging_mixin.py:149} INFO - [2023-06-13T02:36:05.443+0000] {dag.py:3490} INFO - Setting next_dagrun for example_short_circuit_decorator to 2023-06-12T02:36:05.441305+00:00, run_after=2023-06-13T02:36:05.441305+00:00
[2023-06-13T02:36:05.644+0000] {processor.py:179} INFO - Processing /home/airflow/.local/lib/python3.7/site-packages/airflow/example_dags/example_short_circuit_decorator.py took 0.815 seconds
[2023-06-13T02:36:36.079+0000] {processor.py:157} INFO - Started process (PID=498) to work on /home/airflow/.local/lib/python3.7/site-packages/airflow/example_dags/example_short_circuit_decorator.py
[2023-06-13T02:36:36.082+0000] {processor.py:826} INFO - Processing file /home/airflow/.local/lib/python3.7/site-packages/airflow/example_dags/example_short_circuit_decorator.py for tasks to queue
[2023-06-13T02:36:36.095+0000] {logging_mixin.py:149} INFO - [2023-06-13T02:36:36.095+0000] {dagbag.py:541} INFO - Filling up the DagBag from /home/airflow/.local/lib/python3.7/site-packages/airflow/example_dags/example_short_circuit_decorator.py
[2023-06-13T02:36:36.153+0000] {processor.py:836} INFO - DAG(s) dict_keys(['example_short_circuit_decorator']) retrieved from /home/airflow/.local/lib/python3.7/site-packages/airflow/example_dags/example_short_circuit_decorator.py
[2023-06-13T02:36:36.311+0000] {logging_mixin.py:149} INFO - [2023-06-13T02:36:36.311+0000] {dag.py:2726} INFO - Sync 1 DAGs
[2023-06-13T02:36:36.423+0000] {logging_mixin.py:149} INFO - [2023-06-13T02:36:36.422+0000] {dag.py:3490} INFO - Setting next_dagrun for example_short_circuit_decorator to 2023-06-12T02:36:36.421874+00:00, run_after=2023-06-13T02:36:36.421874+00:00
[2023-06-13T02:36:36.524+0000] {processor.py:179} INFO - Processing /home/airflow/.local/lib/python3.7/site-packages/airflow/example_dags/example_short_circuit_decorator.py took 0.465 seconds
[2023-06-13T02:37:06.656+0000] {processor.py:157} INFO - Started process (PID=558) to work on /home/airflow/.local/lib/python3.7/site-packages/airflow/example_dags/example_short_circuit_decorator.py
[2023-06-13T02:37:06.659+0000] {processor.py:826} INFO - Processing file /home/airflow/.local/lib/python3.7/site-packages/airflow/example_dags/example_short_circuit_decorator.py for tasks to queue
[2023-06-13T02:37:06.662+0000] {logging_mixin.py:149} INFO - [2023-06-13T02:37:06.662+0000] {dagbag.py:541} INFO - Filling up the DagBag from /home/airflow/.local/lib/python3.7/site-packages/airflow/example_dags/example_short_circuit_decorator.py
[2023-06-13T02:37:06.686+0000] {processor.py:836} INFO - DAG(s) dict_keys(['example_short_circuit_decorator']) retrieved from /home/airflow/.local/lib/python3.7/site-packages/airflow/example_dags/example_short_circuit_decorator.py
[2023-06-13T02:37:06.794+0000] {logging_mixin.py:149} INFO - [2023-06-13T02:37:06.793+0000] {dag.py:2726} INFO - Sync 1 DAGs
[2023-06-13T02:37:06.909+0000] {logging_mixin.py:149} INFO - [2023-06-13T02:37:06.908+0000] {dag.py:3490} INFO - Setting next_dagrun for example_short_circuit_decorator to 2023-06-12T02:37:06.907632+00:00, run_after=2023-06-13T02:37:06.907632+00:00
[2023-06-13T02:37:07.004+0000] {processor.py:179} INFO - Processing /home/airflow/.local/lib/python3.7/site-packages/airflow/example_dags/example_short_circuit_decorator.py took 0.358 seconds
[2023-06-13T02:37:37.087+0000] {processor.py:157} INFO - Started process (PID=618) to work on /home/airflow/.local/lib/python3.7/site-packages/airflow/example_dags/example_short_circuit_decorator.py
[2023-06-13T02:37:37.089+0000] {processor.py:826} INFO - Processing file /home/airflow/.local/lib/python3.7/site-packages/airflow/example_dags/example_short_circuit_decorator.py for tasks to queue
[2023-06-13T02:37:37.091+0000] {logging_mixin.py:149} INFO - [2023-06-13T02:37:37.091+0000] {dagbag.py:541} INFO - Filling up the DagBag from /home/airflow/.local/lib/python3.7/site-packages/airflow/example_dags/example_short_circuit_decorator.py
[2023-06-13T02:37:37.114+0000] {processor.py:836} INFO - DAG(s) dict_keys(['example_short_circuit_decorator']) retrieved from /home/airflow/.local/lib/python3.7/site-packages/airflow/example_dags/example_short_circuit_decorator.py
[2023-06-13T02:37:37.195+0000] {logging_mixin.py:149} INFO - [2023-06-13T02:37:37.194+0000] {dag.py:2726} INFO - Sync 1 DAGs
[2023-06-13T02:37:37.266+0000] {logging_mixin.py:149} INFO - [2023-06-13T02:37:37.266+0000] {dag.py:3490} INFO - Setting next_dagrun for example_short_circuit_decorator to 2023-06-12T02:37:37.265375+00:00, run_after=2023-06-13T02:37:37.265375+00:00
[2023-06-13T02:37:37.328+0000] {processor.py:179} INFO - Processing /home/airflow/.local/lib/python3.7/site-packages/airflow/example_dags/example_short_circuit_decorator.py took 0.249 seconds
[2023-06-13T02:38:08.143+0000] {processor.py:157} INFO - Started process (PID=679) to work on /home/airflow/.local/lib/python3.7/site-packages/airflow/example_dags/example_short_circuit_decorator.py
[2023-06-13T02:38:08.158+0000] {processor.py:826} INFO - Processing file /home/airflow/.local/lib/python3.7/site-packages/airflow/example_dags/example_short_circuit_decorator.py for tasks to queue
[2023-06-13T02:38:08.174+0000] {logging_mixin.py:149} INFO - [2023-06-13T02:38:08.173+0000] {dagbag.py:541} INFO - Filling up the DagBag from /home/airflow/.local/lib/python3.7/site-packages/airflow/example_dags/example_short_circuit_decorator.py
[2023-06-13T02:38:08.343+0000] {processor.py:836} INFO - DAG(s) dict_keys(['example_short_circuit_decorator']) retrieved from /home/airflow/.local/lib/python3.7/site-packages/airflow/example_dags/example_short_circuit_decorator.py
[2023-06-13T02:38:08.552+0000] {logging_mixin.py:149} INFO - [2023-06-13T02:38:08.551+0000] {dag.py:2726} INFO - Sync 1 DAGs
[2023-06-13T02:38:08.654+0000] {logging_mixin.py:149} INFO - [2023-06-13T02:38:08.653+0000] {dag.py:3490} INFO - Setting next_dagrun for example_short_circuit_decorator to 2023-06-12T02:38:08.653014+00:00, run_after=2023-06-13T02:38:08.653014+00:00
[2023-06-13T02:38:08.736+0000] {processor.py:179} INFO - Processing /home/airflow/.local/lib/python3.7/site-packages/airflow/example_dags/example_short_circuit_decorator.py took 0.616 seconds
[2023-06-13T02:38:38.974+0000] {processor.py:157} INFO - Started process (PID=739) to work on /home/airflow/.local/lib/python3.7/site-packages/airflow/example_dags/example_short_circuit_decorator.py
[2023-06-13T02:38:38.977+0000] {processor.py:826} INFO - Processing file /home/airflow/.local/lib/python3.7/site-packages/airflow/example_dags/example_short_circuit_decorator.py for tasks to queue
[2023-06-13T02:38:38.979+0000] {logging_mixin.py:149} INFO - [2023-06-13T02:38:38.979+0000] {dagbag.py:541} INFO - Filling up the DagBag from /home/airflow/.local/lib/python3.7/site-packages/airflow/example_dags/example_short_circuit_decorator.py
[2023-06-13T02:38:39.000+0000] {processor.py:836} INFO - DAG(s) dict_keys(['example_short_circuit_decorator']) retrieved from /home/airflow/.local/lib/python3.7/site-packages/airflow/example_dags/example_short_circuit_decorator.py
[2023-06-13T02:38:39.069+0000] {logging_mixin.py:149} INFO - [2023-06-13T02:38:39.069+0000] {dag.py:2726} INFO - Sync 1 DAGs
[2023-06-13T02:38:39.134+0000] {logging_mixin.py:149} INFO - [2023-06-13T02:38:39.134+0000] {dag.py:3490} INFO - Setting next_dagrun for example_short_circuit_decorator to 2023-06-12T02:38:39.133499+00:00, run_after=2023-06-13T02:38:39.133499+00:00
[2023-06-13T02:38:39.205+0000] {processor.py:179} INFO - Processing /home/airflow/.local/lib/python3.7/site-packages/airflow/example_dags/example_short_circuit_decorator.py took 0.236 seconds
[2023-06-13T02:39:11.362+0000] {processor.py:157} INFO - Started process (PID=799) to work on /home/airflow/.local/lib/python3.7/site-packages/airflow/example_dags/example_short_circuit_decorator.py
[2023-06-13T02:39:11.375+0000] {processor.py:826} INFO - Processing file /home/airflow/.local/lib/python3.7/site-packages/airflow/example_dags/example_short_circuit_decorator.py for tasks to queue
[2023-06-13T02:39:11.385+0000] {logging_mixin.py:149} INFO - [2023-06-13T02:39:11.384+0000] {dagbag.py:541} INFO - Filling up the DagBag from /home/airflow/.local/lib/python3.7/site-packages/airflow/example_dags/example_short_circuit_decorator.py
[2023-06-13T02:39:11.442+0000] {processor.py:836} INFO - DAG(s) dict_keys(['example_short_circuit_decorator']) retrieved from /home/airflow/.local/lib/python3.7/site-packages/airflow/example_dags/example_short_circuit_decorator.py
[2023-06-13T02:39:11.618+0000] {logging_mixin.py:149} INFO - [2023-06-13T02:39:11.617+0000] {dag.py:2726} INFO - Sync 1 DAGs
[2023-06-13T02:39:11.763+0000] {logging_mixin.py:149} INFO - [2023-06-13T02:39:11.762+0000] {dag.py:3490} INFO - Setting next_dagrun for example_short_circuit_decorator to 2023-06-12T02:39:11.762269+00:00, run_after=2023-06-13T02:39:11.762269+00:00
[2023-06-13T02:39:11.862+0000] {processor.py:179} INFO - Processing /home/airflow/.local/lib/python3.7/site-packages/airflow/example_dags/example_short_circuit_decorator.py took 0.523 seconds
[2023-06-13T02:39:42.657+0000] {processor.py:157} INFO - Started process (PID=859) to work on /home/airflow/.local/lib/python3.7/site-packages/airflow/example_dags/example_short_circuit_decorator.py
[2023-06-13T02:39:42.663+0000] {processor.py:826} INFO - Processing file /home/airflow/.local/lib/python3.7/site-packages/airflow/example_dags/example_short_circuit_decorator.py for tasks to queue
[2023-06-13T02:39:42.668+0000] {logging_mixin.py:149} INFO - [2023-06-13T02:39:42.667+0000] {dagbag.py:541} INFO - Filling up the DagBag from /home/airflow/.local/lib/python3.7/site-packages/airflow/example_dags/example_short_circuit_decorator.py
[2023-06-13T02:39:42.713+0000] {processor.py:836} INFO - DAG(s) dict_keys(['example_short_circuit_decorator']) retrieved from /home/airflow/.local/lib/python3.7/site-packages/airflow/example_dags/example_short_circuit_decorator.py
[2023-06-13T02:39:42.840+0000] {logging_mixin.py:149} INFO - [2023-06-13T02:39:42.840+0000] {dag.py:2726} INFO - Sync 1 DAGs
[2023-06-13T02:39:42.945+0000] {logging_mixin.py:149} INFO - [2023-06-13T02:39:42.945+0000] {dag.py:3490} INFO - Setting next_dagrun for example_short_circuit_decorator to 2023-06-12T02:39:42.944091+00:00, run_after=2023-06-13T02:39:42.944091+00:00
[2023-06-13T02:39:43.042+0000] {processor.py:179} INFO - Processing /home/airflow/.local/lib/python3.7/site-packages/airflow/example_dags/example_short_circuit_decorator.py took 0.392 seconds
[2023-06-13T02:40:13.705+0000] {processor.py:157} INFO - Started process (PID=919) to work on /home/airflow/.local/lib/python3.7/site-packages/airflow/example_dags/example_short_circuit_decorator.py
[2023-06-13T02:40:13.711+0000] {processor.py:826} INFO - Processing file /home/airflow/.local/lib/python3.7/site-packages/airflow/example_dags/example_short_circuit_decorator.py for tasks to queue
[2023-06-13T02:40:13.715+0000] {logging_mixin.py:149} INFO - [2023-06-13T02:40:13.714+0000] {dagbag.py:541} INFO - Filling up the DagBag from /home/airflow/.local/lib/python3.7/site-packages/airflow/example_dags/example_short_circuit_decorator.py
[2023-06-13T02:40:13.745+0000] {processor.py:836} INFO - DAG(s) dict_keys(['example_short_circuit_decorator']) retrieved from /home/airflow/.local/lib/python3.7/site-packages/airflow/example_dags/example_short_circuit_decorator.py
[2023-06-13T02:40:13.832+0000] {logging_mixin.py:149} INFO - [2023-06-13T02:40:13.831+0000] {dag.py:2726} INFO - Sync 1 DAGs
[2023-06-13T02:40:13.916+0000] {logging_mixin.py:149} INFO - [2023-06-13T02:40:13.916+0000] {dag.py:3490} INFO - Setting next_dagrun for example_short_circuit_decorator to 2023-06-12T02:40:13.915782+00:00, run_after=2023-06-13T02:40:13.915782+00:00
[2023-06-13T02:40:13.993+0000] {processor.py:179} INFO - Processing /home/airflow/.local/lib/python3.7/site-packages/airflow/example_dags/example_short_circuit_decorator.py took 0.298 seconds
[2023-06-13T02:40:45.080+0000] {processor.py:157} INFO - Started process (PID=979) to work on /home/airflow/.local/lib/python3.7/site-packages/airflow/example_dags/example_short_circuit_decorator.py
[2023-06-13T02:40:45.083+0000] {processor.py:826} INFO - Processing file /home/airflow/.local/lib/python3.7/site-packages/airflow/example_dags/example_short_circuit_decorator.py for tasks to queue
[2023-06-13T02:40:45.086+0000] {logging_mixin.py:149} INFO - [2023-06-13T02:40:45.086+0000] {dagbag.py:541} INFO - Filling up the DagBag from /home/airflow/.local/lib/python3.7/site-packages/airflow/example_dags/example_short_circuit_decorator.py
[2023-06-13T02:40:45.129+0000] {processor.py:836} INFO - DAG(s) dict_keys(['example_short_circuit_decorator']) retrieved from /home/airflow/.local/lib/python3.7/site-packages/airflow/example_dags/example_short_circuit_decorator.py
[2023-06-13T02:40:45.259+0000] {logging_mixin.py:149} INFO - [2023-06-13T02:40:45.258+0000] {dag.py:2726} INFO - Sync 1 DAGs
[2023-06-13T02:40:45.384+0000] {logging_mixin.py:149} INFO - [2023-06-13T02:40:45.383+0000] {dag.py:3490} INFO - Setting next_dagrun for example_short_circuit_decorator to 2023-06-12T02:40:45.383060+00:00, run_after=2023-06-13T02:40:45.383060+00:00
[2023-06-13T02:40:45.485+0000] {processor.py:179} INFO - Processing /home/airflow/.local/lib/python3.7/site-packages/airflow/example_dags/example_short_circuit_decorator.py took 0.415 seconds
[2023-06-13T02:41:16.051+0000] {processor.py:157} INFO - Started process (PID=1039) to work on /home/airflow/.local/lib/python3.7/site-packages/airflow/example_dags/example_short_circuit_decorator.py
[2023-06-13T02:41:16.054+0000] {processor.py:826} INFO - Processing file /home/airflow/.local/lib/python3.7/site-packages/airflow/example_dags/example_short_circuit_decorator.py for tasks to queue
[2023-06-13T02:41:16.058+0000] {logging_mixin.py:149} INFO - [2023-06-13T02:41:16.057+0000] {dagbag.py:541} INFO - Filling up the DagBag from /home/airflow/.local/lib/python3.7/site-packages/airflow/example_dags/example_short_circuit_decorator.py
[2023-06-13T02:41:16.092+0000] {processor.py:836} INFO - DAG(s) dict_keys(['example_short_circuit_decorator']) retrieved from /home/airflow/.local/lib/python3.7/site-packages/airflow/example_dags/example_short_circuit_decorator.py
[2023-06-13T02:41:16.235+0000] {logging_mixin.py:149} INFO - [2023-06-13T02:41:16.234+0000] {dag.py:2726} INFO - Sync 1 DAGs
[2023-06-13T02:41:16.371+0000] {logging_mixin.py:149} INFO - [2023-06-13T02:41:16.370+0000] {dag.py:3490} INFO - Setting next_dagrun for example_short_circuit_decorator to 2023-06-12T02:41:16.370247+00:00, run_after=2023-06-13T02:41:16.370247+00:00
[2023-06-13T02:41:16.495+0000] {processor.py:179} INFO - Processing /home/airflow/.local/lib/python3.7/site-packages/airflow/example_dags/example_short_circuit_decorator.py took 0.456 seconds
[2023-06-13T02:41:46.924+0000] {processor.py:157} INFO - Started process (PID=1099) to work on /home/airflow/.local/lib/python3.7/site-packages/airflow/example_dags/example_short_circuit_decorator.py
[2023-06-13T02:41:46.927+0000] {processor.py:826} INFO - Processing file /home/airflow/.local/lib/python3.7/site-packages/airflow/example_dags/example_short_circuit_decorator.py for tasks to queue
[2023-06-13T02:41:46.931+0000] {logging_mixin.py:149} INFO - [2023-06-13T02:41:46.930+0000] {dagbag.py:541} INFO - Filling up the DagBag from /home/airflow/.local/lib/python3.7/site-packages/airflow/example_dags/example_short_circuit_decorator.py
[2023-06-13T02:41:46.961+0000] {processor.py:836} INFO - DAG(s) dict_keys(['example_short_circuit_decorator']) retrieved from /home/airflow/.local/lib/python3.7/site-packages/airflow/example_dags/example_short_circuit_decorator.py
[2023-06-13T02:41:47.060+0000] {logging_mixin.py:149} INFO - [2023-06-13T02:41:47.059+0000] {dag.py:2726} INFO - Sync 1 DAGs
[2023-06-13T02:41:47.184+0000] {logging_mixin.py:149} INFO - [2023-06-13T02:41:47.183+0000] {dag.py:3490} INFO - Setting next_dagrun for example_short_circuit_decorator to 2023-06-12T02:41:47.182923+00:00, run_after=2023-06-13T02:41:47.182923+00:00
[2023-06-13T02:41:47.268+0000] {processor.py:179} INFO - Processing /home/airflow/.local/lib/python3.7/site-packages/airflow/example_dags/example_short_circuit_decorator.py took 0.352 seconds
[2023-06-13T02:42:18.065+0000] {processor.py:157} INFO - Started process (PID=1158) to work on /home/airflow/.local/lib/python3.7/site-packages/airflow/example_dags/example_short_circuit_decorator.py
[2023-06-13T02:42:18.069+0000] {processor.py:826} INFO - Processing file /home/airflow/.local/lib/python3.7/site-packages/airflow/example_dags/example_short_circuit_decorator.py for tasks to queue
[2023-06-13T02:42:18.073+0000] {logging_mixin.py:149} INFO - [2023-06-13T02:42:18.072+0000] {dagbag.py:541} INFO - Filling up the DagBag from /home/airflow/.local/lib/python3.7/site-packages/airflow/example_dags/example_short_circuit_decorator.py
[2023-06-13T02:42:18.102+0000] {processor.py:836} INFO - DAG(s) dict_keys(['example_short_circuit_decorator']) retrieved from /home/airflow/.local/lib/python3.7/site-packages/airflow/example_dags/example_short_circuit_decorator.py
[2023-06-13T02:42:18.178+0000] {logging_mixin.py:149} INFO - [2023-06-13T02:42:18.178+0000] {dag.py:2726} INFO - Sync 1 DAGs
[2023-06-13T02:42:18.255+0000] {logging_mixin.py:149} INFO - [2023-06-13T02:42:18.254+0000] {dag.py:3490} INFO - Setting next_dagrun for example_short_circuit_decorator to 2023-06-12T02:42:18.254163+00:00, run_after=2023-06-13T02:42:18.254163+00:00
[2023-06-13T02:42:18.321+0000] {processor.py:179} INFO - Processing /home/airflow/.local/lib/python3.7/site-packages/airflow/example_dags/example_short_circuit_decorator.py took 0.270 seconds
[2023-06-13T02:42:48.430+0000] {processor.py:157} INFO - Started process (PID=1218) to work on /home/airflow/.local/lib/python3.7/site-packages/airflow/example_dags/example_short_circuit_decorator.py
[2023-06-13T02:42:48.433+0000] {processor.py:826} INFO - Processing file /home/airflow/.local/lib/python3.7/site-packages/airflow/example_dags/example_short_circuit_decorator.py for tasks to queue
[2023-06-13T02:42:48.437+0000] {logging_mixin.py:149} INFO - [2023-06-13T02:42:48.436+0000] {dagbag.py:541} INFO - Filling up the DagBag from /home/airflow/.local/lib/python3.7/site-packages/airflow/example_dags/example_short_circuit_decorator.py
[2023-06-13T02:42:48.473+0000] {processor.py:836} INFO - DAG(s) dict_keys(['example_short_circuit_decorator']) retrieved from /home/airflow/.local/lib/python3.7/site-packages/airflow/example_dags/example_short_circuit_decorator.py
[2023-06-13T02:42:48.576+0000] {logging_mixin.py:149} INFO - [2023-06-13T02:42:48.575+0000] {dag.py:2726} INFO - Sync 1 DAGs
[2023-06-13T02:42:48.664+0000] {logging_mixin.py:149} INFO - [2023-06-13T02:42:48.663+0000] {dag.py:3490} INFO - Setting next_dagrun for example_short_circuit_decorator to 2023-06-12T02:42:48.663143+00:00, run_after=2023-06-13T02:42:48.663143+00:00
[2023-06-13T02:42:48.754+0000] {processor.py:179} INFO - Processing /home/airflow/.local/lib/python3.7/site-packages/airflow/example_dags/example_short_circuit_decorator.py took 0.334 seconds
[2023-06-13T02:43:19.567+0000] {processor.py:157} INFO - Started process (PID=1278) to work on /home/airflow/.local/lib/python3.7/site-packages/airflow/example_dags/example_short_circuit_decorator.py
[2023-06-13T02:43:19.570+0000] {processor.py:826} INFO - Processing file /home/airflow/.local/lib/python3.7/site-packages/airflow/example_dags/example_short_circuit_decorator.py for tasks to queue
[2023-06-13T02:43:19.573+0000] {logging_mixin.py:149} INFO - [2023-06-13T02:43:19.573+0000] {dagbag.py:541} INFO - Filling up the DagBag from /home/airflow/.local/lib/python3.7/site-packages/airflow/example_dags/example_short_circuit_decorator.py
[2023-06-13T02:43:19.600+0000] {processor.py:836} INFO - DAG(s) dict_keys(['example_short_circuit_decorator']) retrieved from /home/airflow/.local/lib/python3.7/site-packages/airflow/example_dags/example_short_circuit_decorator.py
[2023-06-13T02:43:19.665+0000] {logging_mixin.py:149} INFO - [2023-06-13T02:43:19.665+0000] {dag.py:2726} INFO - Sync 1 DAGs
[2023-06-13T02:43:19.738+0000] {logging_mixin.py:149} INFO - [2023-06-13T02:43:19.738+0000] {dag.py:3490} INFO - Setting next_dagrun for example_short_circuit_decorator to 2023-06-12T02:43:19.737696+00:00, run_after=2023-06-13T02:43:19.737696+00:00
[2023-06-13T02:43:19.796+0000] {processor.py:179} INFO - Processing /home/airflow/.local/lib/python3.7/site-packages/airflow/example_dags/example_short_circuit_decorator.py took 0.237 seconds
[2023-06-13T02:43:50.253+0000] {processor.py:157} INFO - Started process (PID=1338) to work on /home/airflow/.local/lib/python3.7/site-packages/airflow/example_dags/example_short_circuit_decorator.py
[2023-06-13T02:43:50.255+0000] {processor.py:826} INFO - Processing file /home/airflow/.local/lib/python3.7/site-packages/airflow/example_dags/example_short_circuit_decorator.py for tasks to queue
[2023-06-13T02:43:50.258+0000] {logging_mixin.py:149} INFO - [2023-06-13T02:43:50.258+0000] {dagbag.py:541} INFO - Filling up the DagBag from /home/airflow/.local/lib/python3.7/site-packages/airflow/example_dags/example_short_circuit_decorator.py
[2023-06-13T02:43:50.285+0000] {processor.py:836} INFO - DAG(s) dict_keys(['example_short_circuit_decorator']) retrieved from /home/airflow/.local/lib/python3.7/site-packages/airflow/example_dags/example_short_circuit_decorator.py
[2023-06-13T02:43:50.366+0000] {logging_mixin.py:149} INFO - [2023-06-13T02:43:50.365+0000] {dag.py:2726} INFO - Sync 1 DAGs
[2023-06-13T02:43:50.442+0000] {logging_mixin.py:149} INFO - [2023-06-13T02:43:50.441+0000] {dag.py:3490} INFO - Setting next_dagrun for example_short_circuit_decorator to 2023-06-12T02:43:50.441113+00:00, run_after=2023-06-13T02:43:50.441113+00:00
[2023-06-13T02:43:50.517+0000] {processor.py:179} INFO - Processing /home/airflow/.local/lib/python3.7/site-packages/airflow/example_dags/example_short_circuit_decorator.py took 0.271 seconds
[2023-06-13T02:44:20.887+0000] {processor.py:157} INFO - Started process (PID=1389) to work on /home/airflow/.local/lib/python3.7/site-packages/airflow/example_dags/example_short_circuit_decorator.py
[2023-06-13T02:44:20.891+0000] {processor.py:826} INFO - Processing file /home/airflow/.local/lib/python3.7/site-packages/airflow/example_dags/example_short_circuit_decorator.py for tasks to queue
[2023-06-13T02:44:20.894+0000] {logging_mixin.py:149} INFO - [2023-06-13T02:44:20.894+0000] {dagbag.py:541} INFO - Filling up the DagBag from /home/airflow/.local/lib/python3.7/site-packages/airflow/example_dags/example_short_circuit_decorator.py
[2023-06-13T02:44:20.922+0000] {processor.py:836} INFO - DAG(s) dict_keys(['example_short_circuit_decorator']) retrieved from /home/airflow/.local/lib/python3.7/site-packages/airflow/example_dags/example_short_circuit_decorator.py
[2023-06-13T02:44:21.027+0000] {logging_mixin.py:149} INFO - [2023-06-13T02:44:21.026+0000] {dag.py:2726} INFO - Sync 1 DAGs
[2023-06-13T02:44:21.181+0000] {logging_mixin.py:149} INFO - [2023-06-13T02:44:21.181+0000] {dag.py:3490} INFO - Setting next_dagrun for example_short_circuit_decorator to 2023-06-12T02:44:21.180523+00:00, run_after=2023-06-13T02:44:21.180523+00:00
[2023-06-13T02:44:21.302+0000] {processor.py:179} INFO - Processing /home/airflow/.local/lib/python3.7/site-packages/airflow/example_dags/example_short_circuit_decorator.py took 0.425 seconds
