[2023-06-13T01:49:59.498+0000] {processor.py:157} INFO - Started process (PID=49) to work on /home/airflow/.local/lib/python3.7/site-packages/airflow/example_dags/tutorial_dag.py
[2023-06-13T01:49:59.499+0000] {processor.py:826} INFO - Processing file /home/airflow/.local/lib/python3.7/site-packages/airflow/example_dags/tutorial_dag.py for tasks to queue
[2023-06-13T01:49:59.502+0000] {logging_mixin.py:149} INFO - [2023-06-13T01:49:59.501+0000] {dagbag.py:541} INFO - Filling up the DagBag from /home/airflow/.local/lib/python3.7/site-packages/airflow/example_dags/tutorial_dag.py
[2023-06-13T01:49:59.514+0000] {processor.py:836} INFO - DAG(s) dict_keys(['tutorial_dag']) retrieved from /home/airflow/.local/lib/python3.7/site-packages/airflow/example_dags/tutorial_dag.py
[2023-06-13T01:49:59.539+0000] {logging_mixin.py:149} INFO - [2023-06-13T01:49:59.538+0000] {dag.py:2726} INFO - Sync 1 DAGs
[2023-06-13T01:49:59.602+0000] {logging_mixin.py:149} INFO - [2023-06-13T01:49:59.602+0000] {dag.py:3490} INFO - Setting next_dagrun for tutorial_dag to None, run_after=None
[2023-06-13T01:49:59.643+0000] {processor.py:179} INFO - Processing /home/airflow/.local/lib/python3.7/site-packages/airflow/example_dags/tutorial_dag.py took 0.149 seconds
[2023-06-13T01:50:30.268+0000] {processor.py:157} INFO - Started process (PID=109) to work on /home/airflow/.local/lib/python3.7/site-packages/airflow/example_dags/tutorial_dag.py
[2023-06-13T01:50:30.270+0000] {processor.py:826} INFO - Processing file /home/airflow/.local/lib/python3.7/site-packages/airflow/example_dags/tutorial_dag.py for tasks to queue
[2023-06-13T01:50:30.271+0000] {logging_mixin.py:149} INFO - [2023-06-13T01:50:30.271+0000] {dagbag.py:541} INFO - Filling up the DagBag from /home/airflow/.local/lib/python3.7/site-packages/airflow/example_dags/tutorial_dag.py
[2023-06-13T01:50:30.277+0000] {processor.py:836} INFO - DAG(s) dict_keys(['tutorial_dag']) retrieved from /home/airflow/.local/lib/python3.7/site-packages/airflow/example_dags/tutorial_dag.py
[2023-06-13T01:50:30.312+0000] {logging_mixin.py:149} INFO - [2023-06-13T01:50:30.311+0000] {dag.py:2726} INFO - Sync 1 DAGs
[2023-06-13T01:50:30.356+0000] {logging_mixin.py:149} INFO - [2023-06-13T01:50:30.356+0000] {dag.py:3490} INFO - Setting next_dagrun for tutorial_dag to None, run_after=None
[2023-06-13T01:50:30.391+0000] {processor.py:179} INFO - Processing /home/airflow/.local/lib/python3.7/site-packages/airflow/example_dags/tutorial_dag.py took 0.127 seconds
[2023-06-13T01:51:01.571+0000] {processor.py:157} INFO - Started process (PID=169) to work on /home/airflow/.local/lib/python3.7/site-packages/airflow/example_dags/tutorial_dag.py
[2023-06-13T01:51:01.572+0000] {processor.py:826} INFO - Processing file /home/airflow/.local/lib/python3.7/site-packages/airflow/example_dags/tutorial_dag.py for tasks to queue
[2023-06-13T01:51:01.574+0000] {logging_mixin.py:149} INFO - [2023-06-13T01:51:01.574+0000] {dagbag.py:541} INFO - Filling up the DagBag from /home/airflow/.local/lib/python3.7/site-packages/airflow/example_dags/tutorial_dag.py
[2023-06-13T01:51:01.583+0000] {processor.py:836} INFO - DAG(s) dict_keys(['tutorial_dag']) retrieved from /home/airflow/.local/lib/python3.7/site-packages/airflow/example_dags/tutorial_dag.py
[2023-06-13T01:51:01.615+0000] {logging_mixin.py:149} INFO - [2023-06-13T01:51:01.615+0000] {dag.py:2726} INFO - Sync 1 DAGs
[2023-06-13T01:51:01.658+0000] {logging_mixin.py:149} INFO - [2023-06-13T01:51:01.658+0000] {dag.py:3490} INFO - Setting next_dagrun for tutorial_dag to None, run_after=None
[2023-06-13T01:51:01.702+0000] {processor.py:179} INFO - Processing /home/airflow/.local/lib/python3.7/site-packages/airflow/example_dags/tutorial_dag.py took 0.135 seconds
[2023-06-13T01:51:32.179+0000] {processor.py:157} INFO - Started process (PID=229) to work on /home/airflow/.local/lib/python3.7/site-packages/airflow/example_dags/tutorial_dag.py
[2023-06-13T01:51:32.181+0000] {processor.py:826} INFO - Processing file /home/airflow/.local/lib/python3.7/site-packages/airflow/example_dags/tutorial_dag.py for tasks to queue
[2023-06-13T01:51:32.184+0000] {logging_mixin.py:149} INFO - [2023-06-13T01:51:32.183+0000] {dagbag.py:541} INFO - Filling up the DagBag from /home/airflow/.local/lib/python3.7/site-packages/airflow/example_dags/tutorial_dag.py
[2023-06-13T01:51:32.190+0000] {processor.py:836} INFO - DAG(s) dict_keys(['tutorial_dag']) retrieved from /home/airflow/.local/lib/python3.7/site-packages/airflow/example_dags/tutorial_dag.py
[2023-06-13T01:51:32.226+0000] {logging_mixin.py:149} INFO - [2023-06-13T01:51:32.226+0000] {dag.py:2726} INFO - Sync 1 DAGs
[2023-06-13T01:51:32.267+0000] {logging_mixin.py:149} INFO - [2023-06-13T01:51:32.266+0000] {dag.py:3490} INFO - Setting next_dagrun for tutorial_dag to None, run_after=None
[2023-06-13T01:51:32.305+0000] {processor.py:179} INFO - Processing /home/airflow/.local/lib/python3.7/site-packages/airflow/example_dags/tutorial_dag.py took 0.131 seconds
[2023-06-13T01:53:52.031+0000] {processor.py:157} INFO - Started process (PID=56) to work on /home/airflow/.local/lib/python3.7/site-packages/airflow/example_dags/tutorial_dag.py
[2023-06-13T01:53:52.034+0000] {processor.py:826} INFO - Processing file /home/airflow/.local/lib/python3.7/site-packages/airflow/example_dags/tutorial_dag.py for tasks to queue
[2023-06-13T01:53:52.038+0000] {logging_mixin.py:149} INFO - [2023-06-13T01:53:52.037+0000] {dagbag.py:541} INFO - Filling up the DagBag from /home/airflow/.local/lib/python3.7/site-packages/airflow/example_dags/tutorial_dag.py
[2023-06-13T01:53:52.072+0000] {processor.py:836} INFO - DAG(s) dict_keys(['tutorial_dag']) retrieved from /home/airflow/.local/lib/python3.7/site-packages/airflow/example_dags/tutorial_dag.py
[2023-06-13T01:53:52.222+0000] {logging_mixin.py:149} INFO - [2023-06-13T01:53:52.222+0000] {dag.py:2726} INFO - Sync 1 DAGs
[2023-06-13T01:53:52.384+0000] {logging_mixin.py:149} INFO - [2023-06-13T01:53:52.383+0000] {dag.py:3490} INFO - Setting next_dagrun for tutorial_dag to None, run_after=None
[2023-06-13T01:53:52.496+0000] {processor.py:179} INFO - Processing /home/airflow/.local/lib/python3.7/site-packages/airflow/example_dags/tutorial_dag.py took 0.474 seconds
[2023-06-13T01:54:22.633+0000] {processor.py:157} INFO - Started process (PID=117) to work on /home/airflow/.local/lib/python3.7/site-packages/airflow/example_dags/tutorial_dag.py
[2023-06-13T01:54:22.635+0000] {processor.py:826} INFO - Processing file /home/airflow/.local/lib/python3.7/site-packages/airflow/example_dags/tutorial_dag.py for tasks to queue
[2023-06-13T01:54:22.638+0000] {logging_mixin.py:149} INFO - [2023-06-13T01:54:22.637+0000] {dagbag.py:541} INFO - Filling up the DagBag from /home/airflow/.local/lib/python3.7/site-packages/airflow/example_dags/tutorial_dag.py
[2023-06-13T01:54:22.649+0000] {processor.py:836} INFO - DAG(s) dict_keys(['tutorial_dag']) retrieved from /home/airflow/.local/lib/python3.7/site-packages/airflow/example_dags/tutorial_dag.py
[2023-06-13T01:54:22.718+0000] {logging_mixin.py:149} INFO - [2023-06-13T01:54:22.718+0000] {dag.py:2726} INFO - Sync 1 DAGs
[2023-06-13T01:54:22.791+0000] {logging_mixin.py:149} INFO - [2023-06-13T01:54:22.791+0000] {dag.py:3490} INFO - Setting next_dagrun for tutorial_dag to None, run_after=None
[2023-06-13T01:54:22.853+0000] {processor.py:179} INFO - Processing /home/airflow/.local/lib/python3.7/site-packages/airflow/example_dags/tutorial_dag.py took 0.224 seconds
[2023-06-13T01:54:52.905+0000] {processor.py:157} INFO - Started process (PID=178) to work on /home/airflow/.local/lib/python3.7/site-packages/airflow/example_dags/tutorial_dag.py
[2023-06-13T01:54:52.907+0000] {processor.py:826} INFO - Processing file /home/airflow/.local/lib/python3.7/site-packages/airflow/example_dags/tutorial_dag.py for tasks to queue
[2023-06-13T01:54:52.908+0000] {logging_mixin.py:149} INFO - [2023-06-13T01:54:52.908+0000] {dagbag.py:541} INFO - Filling up the DagBag from /home/airflow/.local/lib/python3.7/site-packages/airflow/example_dags/tutorial_dag.py
[2023-06-13T01:54:52.913+0000] {processor.py:836} INFO - DAG(s) dict_keys(['tutorial_dag']) retrieved from /home/airflow/.local/lib/python3.7/site-packages/airflow/example_dags/tutorial_dag.py
[2023-06-13T01:54:52.949+0000] {logging_mixin.py:149} INFO - [2023-06-13T01:54:52.949+0000] {dag.py:2726} INFO - Sync 1 DAGs
[2023-06-13T01:54:52.999+0000] {logging_mixin.py:149} INFO - [2023-06-13T01:54:52.999+0000] {dag.py:3490} INFO - Setting next_dagrun for tutorial_dag to None, run_after=None
[2023-06-13T01:54:53.033+0000] {processor.py:179} INFO - Processing /home/airflow/.local/lib/python3.7/site-packages/airflow/example_dags/tutorial_dag.py took 0.131 seconds
[2023-06-13T01:55:23.126+0000] {processor.py:157} INFO - Started process (PID=239) to work on /home/airflow/.local/lib/python3.7/site-packages/airflow/example_dags/tutorial_dag.py
[2023-06-13T01:55:23.127+0000] {processor.py:826} INFO - Processing file /home/airflow/.local/lib/python3.7/site-packages/airflow/example_dags/tutorial_dag.py for tasks to queue
[2023-06-13T01:55:23.129+0000] {logging_mixin.py:149} INFO - [2023-06-13T01:55:23.128+0000] {dagbag.py:541} INFO - Filling up the DagBag from /home/airflow/.local/lib/python3.7/site-packages/airflow/example_dags/tutorial_dag.py
[2023-06-13T01:55:23.134+0000] {processor.py:836} INFO - DAG(s) dict_keys(['tutorial_dag']) retrieved from /home/airflow/.local/lib/python3.7/site-packages/airflow/example_dags/tutorial_dag.py
[2023-06-13T01:55:23.166+0000] {logging_mixin.py:149} INFO - [2023-06-13T01:55:23.166+0000] {dag.py:2726} INFO - Sync 1 DAGs
[2023-06-13T01:55:23.207+0000] {logging_mixin.py:149} INFO - [2023-06-13T01:55:23.206+0000] {dag.py:3490} INFO - Setting next_dagrun for tutorial_dag to None, run_after=None
[2023-06-13T01:55:23.238+0000] {processor.py:179} INFO - Processing /home/airflow/.local/lib/python3.7/site-packages/airflow/example_dags/tutorial_dag.py took 0.116 seconds
[2023-06-13T01:55:53.623+0000] {processor.py:157} INFO - Started process (PID=298) to work on /home/airflow/.local/lib/python3.7/site-packages/airflow/example_dags/tutorial_dag.py
[2023-06-13T01:55:53.625+0000] {processor.py:826} INFO - Processing file /home/airflow/.local/lib/python3.7/site-packages/airflow/example_dags/tutorial_dag.py for tasks to queue
[2023-06-13T01:55:53.627+0000] {logging_mixin.py:149} INFO - [2023-06-13T01:55:53.627+0000] {dagbag.py:541} INFO - Filling up the DagBag from /home/airflow/.local/lib/python3.7/site-packages/airflow/example_dags/tutorial_dag.py
[2023-06-13T01:55:53.635+0000] {processor.py:836} INFO - DAG(s) dict_keys(['tutorial_dag']) retrieved from /home/airflow/.local/lib/python3.7/site-packages/airflow/example_dags/tutorial_dag.py
[2023-06-13T01:55:53.675+0000] {logging_mixin.py:149} INFO - [2023-06-13T01:55:53.675+0000] {dag.py:2726} INFO - Sync 1 DAGs
[2023-06-13T01:55:53.723+0000] {logging_mixin.py:149} INFO - [2023-06-13T01:55:53.723+0000] {dag.py:3490} INFO - Setting next_dagrun for tutorial_dag to None, run_after=None
[2023-06-13T01:55:53.764+0000] {processor.py:179} INFO - Processing /home/airflow/.local/lib/python3.7/site-packages/airflow/example_dags/tutorial_dag.py took 0.146 seconds
[2023-06-13T01:56:24.013+0000] {processor.py:157} INFO - Started process (PID=359) to work on /home/airflow/.local/lib/python3.7/site-packages/airflow/example_dags/tutorial_dag.py
[2023-06-13T01:56:24.014+0000] {processor.py:826} INFO - Processing file /home/airflow/.local/lib/python3.7/site-packages/airflow/example_dags/tutorial_dag.py for tasks to queue
[2023-06-13T01:56:24.016+0000] {logging_mixin.py:149} INFO - [2023-06-13T01:56:24.015+0000] {dagbag.py:541} INFO - Filling up the DagBag from /home/airflow/.local/lib/python3.7/site-packages/airflow/example_dags/tutorial_dag.py
[2023-06-13T01:56:24.022+0000] {processor.py:836} INFO - DAG(s) dict_keys(['tutorial_dag']) retrieved from /home/airflow/.local/lib/python3.7/site-packages/airflow/example_dags/tutorial_dag.py
[2023-06-13T01:56:24.058+0000] {logging_mixin.py:149} INFO - [2023-06-13T01:56:24.057+0000] {dag.py:2726} INFO - Sync 1 DAGs
[2023-06-13T01:56:24.095+0000] {logging_mixin.py:149} INFO - [2023-06-13T01:56:24.095+0000] {dag.py:3490} INFO - Setting next_dagrun for tutorial_dag to None, run_after=None
[2023-06-13T01:56:24.126+0000] {processor.py:179} INFO - Processing /home/airflow/.local/lib/python3.7/site-packages/airflow/example_dags/tutorial_dag.py took 0.116 seconds
[2023-06-13T01:56:54.440+0000] {processor.py:157} INFO - Started process (PID=419) to work on /home/airflow/.local/lib/python3.7/site-packages/airflow/example_dags/tutorial_dag.py
[2023-06-13T01:56:54.442+0000] {processor.py:826} INFO - Processing file /home/airflow/.local/lib/python3.7/site-packages/airflow/example_dags/tutorial_dag.py for tasks to queue
[2023-06-13T01:56:54.444+0000] {logging_mixin.py:149} INFO - [2023-06-13T01:56:54.443+0000] {dagbag.py:541} INFO - Filling up the DagBag from /home/airflow/.local/lib/python3.7/site-packages/airflow/example_dags/tutorial_dag.py
[2023-06-13T01:56:54.450+0000] {processor.py:836} INFO - DAG(s) dict_keys(['tutorial_dag']) retrieved from /home/airflow/.local/lib/python3.7/site-packages/airflow/example_dags/tutorial_dag.py
[2023-06-13T01:56:54.485+0000] {logging_mixin.py:149} INFO - [2023-06-13T01:56:54.485+0000] {dag.py:2726} INFO - Sync 1 DAGs
[2023-06-13T01:56:54.521+0000] {logging_mixin.py:149} INFO - [2023-06-13T01:56:54.520+0000] {dag.py:3490} INFO - Setting next_dagrun for tutorial_dag to None, run_after=None
[2023-06-13T01:56:54.556+0000] {processor.py:179} INFO - Processing /home/airflow/.local/lib/python3.7/site-packages/airflow/example_dags/tutorial_dag.py took 0.120 seconds
[2023-06-13T01:57:25.445+0000] {processor.py:157} INFO - Started process (PID=479) to work on /home/airflow/.local/lib/python3.7/site-packages/airflow/example_dags/tutorial_dag.py
[2023-06-13T01:57:25.446+0000] {processor.py:826} INFO - Processing file /home/airflow/.local/lib/python3.7/site-packages/airflow/example_dags/tutorial_dag.py for tasks to queue
[2023-06-13T01:57:25.448+0000] {logging_mixin.py:149} INFO - [2023-06-13T01:57:25.447+0000] {dagbag.py:541} INFO - Filling up the DagBag from /home/airflow/.local/lib/python3.7/site-packages/airflow/example_dags/tutorial_dag.py
[2023-06-13T01:57:25.454+0000] {processor.py:836} INFO - DAG(s) dict_keys(['tutorial_dag']) retrieved from /home/airflow/.local/lib/python3.7/site-packages/airflow/example_dags/tutorial_dag.py
[2023-06-13T01:57:25.490+0000] {logging_mixin.py:149} INFO - [2023-06-13T01:57:25.490+0000] {dag.py:2726} INFO - Sync 1 DAGs
[2023-06-13T01:57:25.526+0000] {logging_mixin.py:149} INFO - [2023-06-13T01:57:25.526+0000] {dag.py:3490} INFO - Setting next_dagrun for tutorial_dag to None, run_after=None
[2023-06-13T01:57:25.556+0000] {processor.py:179} INFO - Processing /home/airflow/.local/lib/python3.7/site-packages/airflow/example_dags/tutorial_dag.py took 0.115 seconds
[2023-06-13T01:57:56.065+0000] {processor.py:157} INFO - Started process (PID=539) to work on /home/airflow/.local/lib/python3.7/site-packages/airflow/example_dags/tutorial_dag.py
[2023-06-13T01:57:56.067+0000] {processor.py:826} INFO - Processing file /home/airflow/.local/lib/python3.7/site-packages/airflow/example_dags/tutorial_dag.py for tasks to queue
[2023-06-13T01:57:56.068+0000] {logging_mixin.py:149} INFO - [2023-06-13T01:57:56.068+0000] {dagbag.py:541} INFO - Filling up the DagBag from /home/airflow/.local/lib/python3.7/site-packages/airflow/example_dags/tutorial_dag.py
[2023-06-13T01:57:56.077+0000] {processor.py:836} INFO - DAG(s) dict_keys(['tutorial_dag']) retrieved from /home/airflow/.local/lib/python3.7/site-packages/airflow/example_dags/tutorial_dag.py
[2023-06-13T01:57:56.125+0000] {logging_mixin.py:149} INFO - [2023-06-13T01:57:56.125+0000] {dag.py:2726} INFO - Sync 1 DAGs
[2023-06-13T01:57:56.173+0000] {logging_mixin.py:149} INFO - [2023-06-13T01:57:56.173+0000] {dag.py:3490} INFO - Setting next_dagrun for tutorial_dag to None, run_after=None
[2023-06-13T01:57:56.216+0000] {processor.py:179} INFO - Processing /home/airflow/.local/lib/python3.7/site-packages/airflow/example_dags/tutorial_dag.py took 0.156 seconds
[2023-06-13T01:58:27.061+0000] {processor.py:157} INFO - Started process (PID=599) to work on /home/airflow/.local/lib/python3.7/site-packages/airflow/example_dags/tutorial_dag.py
[2023-06-13T01:58:27.062+0000] {processor.py:826} INFO - Processing file /home/airflow/.local/lib/python3.7/site-packages/airflow/example_dags/tutorial_dag.py for tasks to queue
[2023-06-13T01:58:27.064+0000] {logging_mixin.py:149} INFO - [2023-06-13T01:58:27.064+0000] {dagbag.py:541} INFO - Filling up the DagBag from /home/airflow/.local/lib/python3.7/site-packages/airflow/example_dags/tutorial_dag.py
[2023-06-13T01:58:27.071+0000] {processor.py:836} INFO - DAG(s) dict_keys(['tutorial_dag']) retrieved from /home/airflow/.local/lib/python3.7/site-packages/airflow/example_dags/tutorial_dag.py
[2023-06-13T01:58:27.108+0000] {logging_mixin.py:149} INFO - [2023-06-13T01:58:27.108+0000] {dag.py:2726} INFO - Sync 1 DAGs
[2023-06-13T01:58:27.152+0000] {logging_mixin.py:149} INFO - [2023-06-13T01:58:27.152+0000] {dag.py:3490} INFO - Setting next_dagrun for tutorial_dag to None, run_after=None
[2023-06-13T01:58:27.210+0000] {processor.py:179} INFO - Processing /home/airflow/.local/lib/python3.7/site-packages/airflow/example_dags/tutorial_dag.py took 0.152 seconds
[2023-06-13T01:58:57.554+0000] {processor.py:157} INFO - Started process (PID=659) to work on /home/airflow/.local/lib/python3.7/site-packages/airflow/example_dags/tutorial_dag.py
[2023-06-13T01:58:57.556+0000] {processor.py:826} INFO - Processing file /home/airflow/.local/lib/python3.7/site-packages/airflow/example_dags/tutorial_dag.py for tasks to queue
[2023-06-13T01:58:57.557+0000] {logging_mixin.py:149} INFO - [2023-06-13T01:58:57.557+0000] {dagbag.py:541} INFO - Filling up the DagBag from /home/airflow/.local/lib/python3.7/site-packages/airflow/example_dags/tutorial_dag.py
[2023-06-13T01:58:57.564+0000] {processor.py:836} INFO - DAG(s) dict_keys(['tutorial_dag']) retrieved from /home/airflow/.local/lib/python3.7/site-packages/airflow/example_dags/tutorial_dag.py
[2023-06-13T01:58:57.600+0000] {logging_mixin.py:149} INFO - [2023-06-13T01:58:57.599+0000] {dag.py:2726} INFO - Sync 1 DAGs
[2023-06-13T01:58:57.642+0000] {logging_mixin.py:149} INFO - [2023-06-13T01:58:57.642+0000] {dag.py:3490} INFO - Setting next_dagrun for tutorial_dag to None, run_after=None
[2023-06-13T01:58:57.676+0000] {processor.py:179} INFO - Processing /home/airflow/.local/lib/python3.7/site-packages/airflow/example_dags/tutorial_dag.py took 0.125 seconds
[2023-06-13T01:59:27.933+0000] {processor.py:157} INFO - Started process (PID=719) to work on /home/airflow/.local/lib/python3.7/site-packages/airflow/example_dags/tutorial_dag.py
[2023-06-13T01:59:27.934+0000] {processor.py:826} INFO - Processing file /home/airflow/.local/lib/python3.7/site-packages/airflow/example_dags/tutorial_dag.py for tasks to queue
[2023-06-13T01:59:27.935+0000] {logging_mixin.py:149} INFO - [2023-06-13T01:59:27.935+0000] {dagbag.py:541} INFO - Filling up the DagBag from /home/airflow/.local/lib/python3.7/site-packages/airflow/example_dags/tutorial_dag.py
[2023-06-13T01:59:27.941+0000] {processor.py:836} INFO - DAG(s) dict_keys(['tutorial_dag']) retrieved from /home/airflow/.local/lib/python3.7/site-packages/airflow/example_dags/tutorial_dag.py
[2023-06-13T01:59:27.977+0000] {logging_mixin.py:149} INFO - [2023-06-13T01:59:27.976+0000] {dag.py:2726} INFO - Sync 1 DAGs
[2023-06-13T01:59:28.012+0000] {logging_mixin.py:149} INFO - [2023-06-13T01:59:28.012+0000] {dag.py:3490} INFO - Setting next_dagrun for tutorial_dag to None, run_after=None
[2023-06-13T01:59:28.049+0000] {processor.py:179} INFO - Processing /home/airflow/.local/lib/python3.7/site-packages/airflow/example_dags/tutorial_dag.py took 0.120 seconds
[2023-06-13T02:01:00.758+0000] {processor.py:157} INFO - Started process (PID=49) to work on /home/airflow/.local/lib/python3.7/site-packages/airflow/example_dags/tutorial_dag.py
[2023-06-13T02:01:00.759+0000] {processor.py:826} INFO - Processing file /home/airflow/.local/lib/python3.7/site-packages/airflow/example_dags/tutorial_dag.py for tasks to queue
[2023-06-13T02:01:00.762+0000] {logging_mixin.py:149} INFO - [2023-06-13T02:01:00.761+0000] {dagbag.py:541} INFO - Filling up the DagBag from /home/airflow/.local/lib/python3.7/site-packages/airflow/example_dags/tutorial_dag.py
[2023-06-13T02:01:00.785+0000] {processor.py:836} INFO - DAG(s) dict_keys(['tutorial_dag']) retrieved from /home/airflow/.local/lib/python3.7/site-packages/airflow/example_dags/tutorial_dag.py
[2023-06-13T02:01:00.875+0000] {logging_mixin.py:149} INFO - [2023-06-13T02:01:00.875+0000] {dag.py:2726} INFO - Sync 1 DAGs
[2023-06-13T02:01:00.955+0000] {logging_mixin.py:149} INFO - [2023-06-13T02:01:00.954+0000] {dag.py:3490} INFO - Setting next_dagrun for tutorial_dag to None, run_after=None
[2023-06-13T02:01:01.015+0000] {processor.py:179} INFO - Processing /home/airflow/.local/lib/python3.7/site-packages/airflow/example_dags/tutorial_dag.py took 0.263 seconds
[2023-06-13T02:01:32.589+0000] {processor.py:157} INFO - Started process (PID=115) to work on /home/airflow/.local/lib/python3.7/site-packages/airflow/example_dags/tutorial_dag.py
[2023-06-13T02:01:32.591+0000] {processor.py:826} INFO - Processing file /home/airflow/.local/lib/python3.7/site-packages/airflow/example_dags/tutorial_dag.py for tasks to queue
[2023-06-13T02:01:32.594+0000] {logging_mixin.py:149} INFO - [2023-06-13T02:01:32.593+0000] {dagbag.py:541} INFO - Filling up the DagBag from /home/airflow/.local/lib/python3.7/site-packages/airflow/example_dags/tutorial_dag.py
[2023-06-13T02:01:32.608+0000] {processor.py:836} INFO - DAG(s) dict_keys(['tutorial_dag']) retrieved from /home/airflow/.local/lib/python3.7/site-packages/airflow/example_dags/tutorial_dag.py
[2023-06-13T02:01:32.677+0000] {logging_mixin.py:149} INFO - [2023-06-13T02:01:32.676+0000] {dag.py:2726} INFO - Sync 1 DAGs
[2023-06-13T02:01:32.756+0000] {logging_mixin.py:149} INFO - [2023-06-13T02:01:32.756+0000] {dag.py:3490} INFO - Setting next_dagrun for tutorial_dag to None, run_after=None
[2023-06-13T02:01:32.818+0000] {processor.py:179} INFO - Processing /home/airflow/.local/lib/python3.7/site-packages/airflow/example_dags/tutorial_dag.py took 0.234 seconds
[2023-06-13T02:02:04.108+0000] {processor.py:157} INFO - Started process (PID=175) to work on /home/airflow/.local/lib/python3.7/site-packages/airflow/example_dags/tutorial_dag.py
[2023-06-13T02:02:04.110+0000] {processor.py:826} INFO - Processing file /home/airflow/.local/lib/python3.7/site-packages/airflow/example_dags/tutorial_dag.py for tasks to queue
[2023-06-13T02:02:04.113+0000] {logging_mixin.py:149} INFO - [2023-06-13T02:02:04.112+0000] {dagbag.py:541} INFO - Filling up the DagBag from /home/airflow/.local/lib/python3.7/site-packages/airflow/example_dags/tutorial_dag.py
[2023-06-13T02:02:04.126+0000] {processor.py:836} INFO - DAG(s) dict_keys(['tutorial_dag']) retrieved from /home/airflow/.local/lib/python3.7/site-packages/airflow/example_dags/tutorial_dag.py
[2023-06-13T02:02:04.253+0000] {logging_mixin.py:149} INFO - [2023-06-13T02:02:04.252+0000] {dag.py:2726} INFO - Sync 1 DAGs
[2023-06-13T02:02:04.459+0000] {logging_mixin.py:149} INFO - [2023-06-13T02:02:04.459+0000] {dag.py:3490} INFO - Setting next_dagrun for tutorial_dag to None, run_after=None
[2023-06-13T02:02:04.540+0000] {processor.py:179} INFO - Processing /home/airflow/.local/lib/python3.7/site-packages/airflow/example_dags/tutorial_dag.py took 0.440 seconds
[2023-06-13T02:32:24.619+0000] {processor.py:157} INFO - Started process (PID=61) to work on /home/airflow/.local/lib/python3.7/site-packages/airflow/example_dags/tutorial_dag.py
[2023-06-13T02:32:24.629+0000] {processor.py:826} INFO - Processing file /home/airflow/.local/lib/python3.7/site-packages/airflow/example_dags/tutorial_dag.py for tasks to queue
[2023-06-13T02:32:24.633+0000] {logging_mixin.py:149} INFO - [2023-06-13T02:32:24.632+0000] {dagbag.py:541} INFO - Filling up the DagBag from /home/airflow/.local/lib/python3.7/site-packages/airflow/example_dags/tutorial_dag.py
[2023-06-13T02:32:24.661+0000] {processor.py:836} INFO - DAG(s) dict_keys(['tutorial_dag']) retrieved from /home/airflow/.local/lib/python3.7/site-packages/airflow/example_dags/tutorial_dag.py
[2023-06-13T02:32:24.836+0000] {logging_mixin.py:149} INFO - [2023-06-13T02:32:24.835+0000] {dag.py:2726} INFO - Sync 1 DAGs
[2023-06-13T02:32:25.016+0000] {logging_mixin.py:149} INFO - [2023-06-13T02:32:25.015+0000] {dag.py:3490} INFO - Setting next_dagrun for tutorial_dag to None, run_after=None
[2023-06-13T02:32:25.159+0000] {processor.py:179} INFO - Processing /home/airflow/.local/lib/python3.7/site-packages/airflow/example_dags/tutorial_dag.py took 0.557 seconds
[2023-06-13T02:32:56.158+0000] {processor.py:157} INFO - Started process (PID=120) to work on /home/airflow/.local/lib/python3.7/site-packages/airflow/example_dags/tutorial_dag.py
[2023-06-13T02:32:56.160+0000] {processor.py:826} INFO - Processing file /home/airflow/.local/lib/python3.7/site-packages/airflow/example_dags/tutorial_dag.py for tasks to queue
[2023-06-13T02:32:56.163+0000] {logging_mixin.py:149} INFO - [2023-06-13T02:32:56.162+0000] {dagbag.py:541} INFO - Filling up the DagBag from /home/airflow/.local/lib/python3.7/site-packages/airflow/example_dags/tutorial_dag.py
[2023-06-13T02:32:56.172+0000] {processor.py:836} INFO - DAG(s) dict_keys(['tutorial_dag']) retrieved from /home/airflow/.local/lib/python3.7/site-packages/airflow/example_dags/tutorial_dag.py
[2023-06-13T02:32:56.234+0000] {logging_mixin.py:149} INFO - [2023-06-13T02:32:56.234+0000] {dag.py:2726} INFO - Sync 1 DAGs
[2023-06-13T02:32:56.316+0000] {logging_mixin.py:149} INFO - [2023-06-13T02:32:56.315+0000] {dag.py:3490} INFO - Setting next_dagrun for tutorial_dag to None, run_after=None
[2023-06-13T02:32:56.371+0000] {processor.py:179} INFO - Processing /home/airflow/.local/lib/python3.7/site-packages/airflow/example_dags/tutorial_dag.py took 0.218 seconds
[2023-06-13T02:33:39.753+0000] {processor.py:157} INFO - Started process (PID=186) to work on /home/airflow/.local/lib/python3.7/site-packages/airflow/example_dags/tutorial_dag.py
[2023-06-13T02:33:39.763+0000] {processor.py:826} INFO - Processing file /home/airflow/.local/lib/python3.7/site-packages/airflow/example_dags/tutorial_dag.py for tasks to queue
[2023-06-13T02:33:39.768+0000] {logging_mixin.py:149} INFO - [2023-06-13T02:33:39.767+0000] {dagbag.py:541} INFO - Filling up the DagBag from /home/airflow/.local/lib/python3.7/site-packages/airflow/example_dags/tutorial_dag.py
[2023-06-13T02:33:39.801+0000] {processor.py:836} INFO - DAG(s) dict_keys(['tutorial_dag']) retrieved from /home/airflow/.local/lib/python3.7/site-packages/airflow/example_dags/tutorial_dag.py
[2023-06-13T02:33:40.000+0000] {logging_mixin.py:149} INFO - [2023-06-13T02:33:39.999+0000] {dag.py:2726} INFO - Sync 1 DAGs
[2023-06-13T02:33:41.216+0000] {logging_mixin.py:149} INFO - [2023-06-13T02:33:41.215+0000] {dag.py:3490} INFO - Setting next_dagrun for tutorial_dag to None, run_after=None
[2023-06-13T02:33:41.563+0000] {processor.py:179} INFO - Processing /home/airflow/.local/lib/python3.7/site-packages/airflow/example_dags/tutorial_dag.py took 1.839 seconds
[2023-06-13T02:34:28.209+0000] {processor.py:157} INFO - Started process (PID=246) to work on /home/airflow/.local/lib/python3.7/site-packages/airflow/example_dags/tutorial_dag.py
[2023-06-13T02:34:28.212+0000] {processor.py:826} INFO - Processing file /home/airflow/.local/lib/python3.7/site-packages/airflow/example_dags/tutorial_dag.py for tasks to queue
[2023-06-13T02:34:28.216+0000] {logging_mixin.py:149} INFO - [2023-06-13T02:34:28.215+0000] {dagbag.py:541} INFO - Filling up the DagBag from /home/airflow/.local/lib/python3.7/site-packages/airflow/example_dags/tutorial_dag.py
[2023-06-13T02:34:28.236+0000] {processor.py:836} INFO - DAG(s) dict_keys(['tutorial_dag']) retrieved from /home/airflow/.local/lib/python3.7/site-packages/airflow/example_dags/tutorial_dag.py
[2023-06-13T02:34:28.321+0000] {logging_mixin.py:149} INFO - [2023-06-13T02:34:28.320+0000] {dag.py:2726} INFO - Sync 1 DAGs
[2023-06-13T02:34:28.422+0000] {logging_mixin.py:149} INFO - [2023-06-13T02:34:28.421+0000] {dag.py:3490} INFO - Setting next_dagrun for tutorial_dag to None, run_after=None
[2023-06-13T02:34:28.512+0000] {processor.py:179} INFO - Processing /home/airflow/.local/lib/python3.7/site-packages/airflow/example_dags/tutorial_dag.py took 0.313 seconds
[2023-06-13T02:35:00.525+0000] {processor.py:157} INFO - Started process (PID=307) to work on /home/airflow/.local/lib/python3.7/site-packages/airflow/example_dags/tutorial_dag.py
[2023-06-13T02:35:00.529+0000] {processor.py:826} INFO - Processing file /home/airflow/.local/lib/python3.7/site-packages/airflow/example_dags/tutorial_dag.py for tasks to queue
[2023-06-13T02:35:00.541+0000] {logging_mixin.py:149} INFO - [2023-06-13T02:35:00.540+0000] {dagbag.py:541} INFO - Filling up the DagBag from /home/airflow/.local/lib/python3.7/site-packages/airflow/example_dags/tutorial_dag.py
[2023-06-13T02:35:00.574+0000] {processor.py:836} INFO - DAG(s) dict_keys(['tutorial_dag']) retrieved from /home/airflow/.local/lib/python3.7/site-packages/airflow/example_dags/tutorial_dag.py
[2023-06-13T02:35:00.767+0000] {logging_mixin.py:149} INFO - [2023-06-13T02:35:00.766+0000] {dag.py:2726} INFO - Sync 1 DAGs
[2023-06-13T02:35:00.996+0000] {logging_mixin.py:149} INFO - [2023-06-13T02:35:00.995+0000] {dag.py:3490} INFO - Setting next_dagrun for tutorial_dag to None, run_after=None
[2023-06-13T02:35:01.125+0000] {processor.py:179} INFO - Processing /home/airflow/.local/lib/python3.7/site-packages/airflow/example_dags/tutorial_dag.py took 0.616 seconds
[2023-06-13T02:35:31.591+0000] {processor.py:157} INFO - Started process (PID=375) to work on /home/airflow/.local/lib/python3.7/site-packages/airflow/example_dags/tutorial_dag.py
[2023-06-13T02:35:31.595+0000] {processor.py:826} INFO - Processing file /home/airflow/.local/lib/python3.7/site-packages/airflow/example_dags/tutorial_dag.py for tasks to queue
[2023-06-13T02:35:31.600+0000] {logging_mixin.py:149} INFO - [2023-06-13T02:35:31.599+0000] {dagbag.py:541} INFO - Filling up the DagBag from /home/airflow/.local/lib/python3.7/site-packages/airflow/example_dags/tutorial_dag.py
[2023-06-13T02:35:31.625+0000] {processor.py:836} INFO - DAG(s) dict_keys(['tutorial_dag']) retrieved from /home/airflow/.local/lib/python3.7/site-packages/airflow/example_dags/tutorial_dag.py
[2023-06-13T02:35:31.716+0000] {logging_mixin.py:149} INFO - [2023-06-13T02:35:31.716+0000] {dag.py:2726} INFO - Sync 1 DAGs
[2023-06-13T02:35:31.841+0000] {logging_mixin.py:149} INFO - [2023-06-13T02:35:31.840+0000] {dag.py:3490} INFO - Setting next_dagrun for tutorial_dag to None, run_after=None
[2023-06-13T02:35:32.008+0000] {processor.py:179} INFO - Processing /home/airflow/.local/lib/python3.7/site-packages/airflow/example_dags/tutorial_dag.py took 0.434 seconds
[2023-06-13T02:36:04.194+0000] {processor.py:157} INFO - Started process (PID=434) to work on /home/airflow/.local/lib/python3.7/site-packages/airflow/example_dags/tutorial_dag.py
[2023-06-13T02:36:04.201+0000] {processor.py:826} INFO - Processing file /home/airflow/.local/lib/python3.7/site-packages/airflow/example_dags/tutorial_dag.py for tasks to queue
[2023-06-13T02:36:04.236+0000] {logging_mixin.py:149} INFO - [2023-06-13T02:36:04.233+0000] {dagbag.py:541} INFO - Filling up the DagBag from /home/airflow/.local/lib/python3.7/site-packages/airflow/example_dags/tutorial_dag.py
[2023-06-13T02:36:04.294+0000] {processor.py:836} INFO - DAG(s) dict_keys(['tutorial_dag']) retrieved from /home/airflow/.local/lib/python3.7/site-packages/airflow/example_dags/tutorial_dag.py
[2023-06-13T02:36:04.628+0000] {logging_mixin.py:149} INFO - [2023-06-13T02:36:04.628+0000] {dag.py:2726} INFO - Sync 1 DAGs
[2023-06-13T02:36:04.896+0000] {logging_mixin.py:149} INFO - [2023-06-13T02:36:04.895+0000] {dag.py:3490} INFO - Setting next_dagrun for tutorial_dag to None, run_after=None
[2023-06-13T02:36:05.136+0000] {processor.py:179} INFO - Processing /home/airflow/.local/lib/python3.7/site-packages/airflow/example_dags/tutorial_dag.py took 0.968 seconds
[2023-06-13T02:36:35.311+0000] {processor.py:157} INFO - Started process (PID=497) to work on /home/airflow/.local/lib/python3.7/site-packages/airflow/example_dags/tutorial_dag.py
[2023-06-13T02:36:35.315+0000] {processor.py:826} INFO - Processing file /home/airflow/.local/lib/python3.7/site-packages/airflow/example_dags/tutorial_dag.py for tasks to queue
[2023-06-13T02:36:35.319+0000] {logging_mixin.py:149} INFO - [2023-06-13T02:36:35.319+0000] {dagbag.py:541} INFO - Filling up the DagBag from /home/airflow/.local/lib/python3.7/site-packages/airflow/example_dags/tutorial_dag.py
[2023-06-13T02:36:35.341+0000] {processor.py:836} INFO - DAG(s) dict_keys(['tutorial_dag']) retrieved from /home/airflow/.local/lib/python3.7/site-packages/airflow/example_dags/tutorial_dag.py
[2023-06-13T02:36:35.486+0000] {logging_mixin.py:149} INFO - [2023-06-13T02:36:35.485+0000] {dag.py:2726} INFO - Sync 1 DAGs
[2023-06-13T02:36:35.679+0000] {logging_mixin.py:149} INFO - [2023-06-13T02:36:35.678+0000] {dag.py:3490} INFO - Setting next_dagrun for tutorial_dag to None, run_after=None
[2023-06-13T02:36:35.873+0000] {processor.py:179} INFO - Processing /home/airflow/.local/lib/python3.7/site-packages/airflow/example_dags/tutorial_dag.py took 0.571 seconds
[2023-06-13T02:37:06.061+0000] {processor.py:157} INFO - Started process (PID=557) to work on /home/airflow/.local/lib/python3.7/site-packages/airflow/example_dags/tutorial_dag.py
[2023-06-13T02:37:06.065+0000] {processor.py:826} INFO - Processing file /home/airflow/.local/lib/python3.7/site-packages/airflow/example_dags/tutorial_dag.py for tasks to queue
[2023-06-13T02:37:06.068+0000] {logging_mixin.py:149} INFO - [2023-06-13T02:37:06.067+0000] {dagbag.py:541} INFO - Filling up the DagBag from /home/airflow/.local/lib/python3.7/site-packages/airflow/example_dags/tutorial_dag.py
[2023-06-13T02:37:06.080+0000] {processor.py:836} INFO - DAG(s) dict_keys(['tutorial_dag']) retrieved from /home/airflow/.local/lib/python3.7/site-packages/airflow/example_dags/tutorial_dag.py
[2023-06-13T02:37:06.306+0000] {logging_mixin.py:149} INFO - [2023-06-13T02:37:06.305+0000] {dag.py:2726} INFO - Sync 1 DAGs
[2023-06-13T02:37:06.406+0000] {logging_mixin.py:149} INFO - [2023-06-13T02:37:06.406+0000] {dag.py:3490} INFO - Setting next_dagrun for tutorial_dag to None, run_after=None
[2023-06-13T02:37:06.526+0000] {processor.py:179} INFO - Processing /home/airflow/.local/lib/python3.7/site-packages/airflow/example_dags/tutorial_dag.py took 0.474 seconds
[2023-06-13T02:37:36.932+0000] {processor.py:157} INFO - Started process (PID=617) to work on /home/airflow/.local/lib/python3.7/site-packages/airflow/example_dags/tutorial_dag.py
[2023-06-13T02:37:36.934+0000] {processor.py:826} INFO - Processing file /home/airflow/.local/lib/python3.7/site-packages/airflow/example_dags/tutorial_dag.py for tasks to queue
[2023-06-13T02:37:36.937+0000] {logging_mixin.py:149} INFO - [2023-06-13T02:37:36.936+0000] {dagbag.py:541} INFO - Filling up the DagBag from /home/airflow/.local/lib/python3.7/site-packages/airflow/example_dags/tutorial_dag.py
[2023-06-13T02:37:36.947+0000] {processor.py:836} INFO - DAG(s) dict_keys(['tutorial_dag']) retrieved from /home/airflow/.local/lib/python3.7/site-packages/airflow/example_dags/tutorial_dag.py
[2023-06-13T02:37:37.007+0000] {logging_mixin.py:149} INFO - [2023-06-13T02:37:37.006+0000] {dag.py:2726} INFO - Sync 1 DAGs
[2023-06-13T02:37:37.084+0000] {logging_mixin.py:149} INFO - [2023-06-13T02:37:37.084+0000] {dag.py:3490} INFO - Setting next_dagrun for tutorial_dag to None, run_after=None
[2023-06-13T02:37:37.148+0000] {processor.py:179} INFO - Processing /home/airflow/.local/lib/python3.7/site-packages/airflow/example_dags/tutorial_dag.py took 0.223 seconds
[2023-06-13T02:38:08.154+0000] {processor.py:157} INFO - Started process (PID=678) to work on /home/airflow/.local/lib/python3.7/site-packages/airflow/example_dags/tutorial_dag.py
[2023-06-13T02:38:08.169+0000] {processor.py:826} INFO - Processing file /home/airflow/.local/lib/python3.7/site-packages/airflow/example_dags/tutorial_dag.py for tasks to queue
[2023-06-13T02:38:08.185+0000] {logging_mixin.py:149} INFO - [2023-06-13T02:38:08.184+0000] {dagbag.py:541} INFO - Filling up the DagBag from /home/airflow/.local/lib/python3.7/site-packages/airflow/example_dags/tutorial_dag.py
[2023-06-13T02:38:08.258+0000] {processor.py:836} INFO - DAG(s) dict_keys(['tutorial_dag']) retrieved from /home/airflow/.local/lib/python3.7/site-packages/airflow/example_dags/tutorial_dag.py
[2023-06-13T02:38:08.535+0000] {logging_mixin.py:149} INFO - [2023-06-13T02:38:08.534+0000] {dag.py:2726} INFO - Sync 1 DAGs
[2023-06-13T02:38:08.644+0000] {logging_mixin.py:149} INFO - [2023-06-13T02:38:08.644+0000] {dag.py:3490} INFO - Setting next_dagrun for tutorial_dag to None, run_after=None
[2023-06-13T02:38:08.727+0000] {processor.py:179} INFO - Processing /home/airflow/.local/lib/python3.7/site-packages/airflow/example_dags/tutorial_dag.py took 0.607 seconds
[2023-06-13T02:38:38.974+0000] {processor.py:157} INFO - Started process (PID=738) to work on /home/airflow/.local/lib/python3.7/site-packages/airflow/example_dags/tutorial_dag.py
[2023-06-13T02:38:38.977+0000] {processor.py:826} INFO - Processing file /home/airflow/.local/lib/python3.7/site-packages/airflow/example_dags/tutorial_dag.py for tasks to queue
[2023-06-13T02:38:38.979+0000] {logging_mixin.py:149} INFO - [2023-06-13T02:38:38.979+0000] {dagbag.py:541} INFO - Filling up the DagBag from /home/airflow/.local/lib/python3.7/site-packages/airflow/example_dags/tutorial_dag.py
[2023-06-13T02:38:38.989+0000] {processor.py:836} INFO - DAG(s) dict_keys(['tutorial_dag']) retrieved from /home/airflow/.local/lib/python3.7/site-packages/airflow/example_dags/tutorial_dag.py
[2023-06-13T02:38:39.049+0000] {logging_mixin.py:149} INFO - [2023-06-13T02:38:39.049+0000] {dag.py:2726} INFO - Sync 1 DAGs
[2023-06-13T02:38:39.117+0000] {logging_mixin.py:149} INFO - [2023-06-13T02:38:39.116+0000] {dag.py:3490} INFO - Setting next_dagrun for tutorial_dag to None, run_after=None
[2023-06-13T02:38:39.185+0000] {processor.py:179} INFO - Processing /home/airflow/.local/lib/python3.7/site-packages/airflow/example_dags/tutorial_dag.py took 0.217 seconds
[2023-06-13T02:39:10.773+0000] {processor.py:157} INFO - Started process (PID=798) to work on /home/airflow/.local/lib/python3.7/site-packages/airflow/example_dags/tutorial_dag.py
[2023-06-13T02:39:10.780+0000] {processor.py:826} INFO - Processing file /home/airflow/.local/lib/python3.7/site-packages/airflow/example_dags/tutorial_dag.py for tasks to queue
[2023-06-13T02:39:10.787+0000] {logging_mixin.py:149} INFO - [2023-06-13T02:39:10.786+0000] {dagbag.py:541} INFO - Filling up the DagBag from /home/airflow/.local/lib/python3.7/site-packages/airflow/example_dags/tutorial_dag.py
[2023-06-13T02:39:10.811+0000] {processor.py:836} INFO - DAG(s) dict_keys(['tutorial_dag']) retrieved from /home/airflow/.local/lib/python3.7/site-packages/airflow/example_dags/tutorial_dag.py
[2023-06-13T02:39:10.908+0000] {logging_mixin.py:149} INFO - [2023-06-13T02:39:10.907+0000] {dag.py:2726} INFO - Sync 1 DAGs
[2023-06-13T02:39:11.198+0000] {logging_mixin.py:149} INFO - [2023-06-13T02:39:11.197+0000] {dag.py:3490} INFO - Setting next_dagrun for tutorial_dag to None, run_after=None
[2023-06-13T02:39:11.368+0000] {processor.py:179} INFO - Processing /home/airflow/.local/lib/python3.7/site-packages/airflow/example_dags/tutorial_dag.py took 0.611 seconds
[2023-06-13T02:39:42.369+0000] {processor.py:157} INFO - Started process (PID=858) to work on /home/airflow/.local/lib/python3.7/site-packages/airflow/example_dags/tutorial_dag.py
[2023-06-13T02:39:42.372+0000] {processor.py:826} INFO - Processing file /home/airflow/.local/lib/python3.7/site-packages/airflow/example_dags/tutorial_dag.py for tasks to queue
[2023-06-13T02:39:42.375+0000] {logging_mixin.py:149} INFO - [2023-06-13T02:39:42.375+0000] {dagbag.py:541} INFO - Filling up the DagBag from /home/airflow/.local/lib/python3.7/site-packages/airflow/example_dags/tutorial_dag.py
[2023-06-13T02:39:42.391+0000] {processor.py:836} INFO - DAG(s) dict_keys(['tutorial_dag']) retrieved from /home/airflow/.local/lib/python3.7/site-packages/airflow/example_dags/tutorial_dag.py
[2023-06-13T02:39:42.488+0000] {logging_mixin.py:149} INFO - [2023-06-13T02:39:42.488+0000] {dag.py:2726} INFO - Sync 1 DAGs
[2023-06-13T02:39:42.601+0000] {logging_mixin.py:149} INFO - [2023-06-13T02:39:42.600+0000] {dag.py:3490} INFO - Setting next_dagrun for tutorial_dag to None, run_after=None
[2023-06-13T02:39:42.713+0000] {processor.py:179} INFO - Processing /home/airflow/.local/lib/python3.7/site-packages/airflow/example_dags/tutorial_dag.py took 0.358 seconds
[2023-06-13T02:40:13.650+0000] {processor.py:157} INFO - Started process (PID=918) to work on /home/airflow/.local/lib/python3.7/site-packages/airflow/example_dags/tutorial_dag.py
[2023-06-13T02:40:13.653+0000] {processor.py:826} INFO - Processing file /home/airflow/.local/lib/python3.7/site-packages/airflow/example_dags/tutorial_dag.py for tasks to queue
[2023-06-13T02:40:13.656+0000] {logging_mixin.py:149} INFO - [2023-06-13T02:40:13.655+0000] {dagbag.py:541} INFO - Filling up the DagBag from /home/airflow/.local/lib/python3.7/site-packages/airflow/example_dags/tutorial_dag.py
[2023-06-13T02:40:13.671+0000] {processor.py:836} INFO - DAG(s) dict_keys(['tutorial_dag']) retrieved from /home/airflow/.local/lib/python3.7/site-packages/airflow/example_dags/tutorial_dag.py
[2023-06-13T02:40:13.768+0000] {logging_mixin.py:149} INFO - [2023-06-13T02:40:13.767+0000] {dag.py:2726} INFO - Sync 1 DAGs
[2023-06-13T02:40:13.871+0000] {logging_mixin.py:149} INFO - [2023-06-13T02:40:13.871+0000] {dag.py:3490} INFO - Setting next_dagrun for tutorial_dag to None, run_after=None
[2023-06-13T02:40:13.944+0000] {processor.py:179} INFO - Processing /home/airflow/.local/lib/python3.7/site-packages/airflow/example_dags/tutorial_dag.py took 0.303 seconds
[2023-06-13T02:40:44.615+0000] {processor.py:157} INFO - Started process (PID=978) to work on /home/airflow/.local/lib/python3.7/site-packages/airflow/example_dags/tutorial_dag.py
[2023-06-13T02:40:44.618+0000] {processor.py:826} INFO - Processing file /home/airflow/.local/lib/python3.7/site-packages/airflow/example_dags/tutorial_dag.py for tasks to queue
[2023-06-13T02:40:44.621+0000] {logging_mixin.py:149} INFO - [2023-06-13T02:40:44.620+0000] {dagbag.py:541} INFO - Filling up the DagBag from /home/airflow/.local/lib/python3.7/site-packages/airflow/example_dags/tutorial_dag.py
[2023-06-13T02:40:44.648+0000] {processor.py:836} INFO - DAG(s) dict_keys(['tutorial_dag']) retrieved from /home/airflow/.local/lib/python3.7/site-packages/airflow/example_dags/tutorial_dag.py
[2023-06-13T02:40:44.785+0000] {logging_mixin.py:149} INFO - [2023-06-13T02:40:44.784+0000] {dag.py:2726} INFO - Sync 1 DAGs
[2023-06-13T02:40:44.887+0000] {logging_mixin.py:149} INFO - [2023-06-13T02:40:44.886+0000] {dag.py:3490} INFO - Setting next_dagrun for tutorial_dag to None, run_after=None
[2023-06-13T02:40:44.986+0000] {processor.py:179} INFO - Processing /home/airflow/.local/lib/python3.7/site-packages/airflow/example_dags/tutorial_dag.py took 0.387 seconds
[2023-06-13T02:41:15.480+0000] {processor.py:157} INFO - Started process (PID=1037) to work on /home/airflow/.local/lib/python3.7/site-packages/airflow/example_dags/tutorial_dag.py
[2023-06-13T02:41:15.485+0000] {processor.py:826} INFO - Processing file /home/airflow/.local/lib/python3.7/site-packages/airflow/example_dags/tutorial_dag.py for tasks to queue
[2023-06-13T02:41:15.487+0000] {logging_mixin.py:149} INFO - [2023-06-13T02:41:15.487+0000] {dagbag.py:541} INFO - Filling up the DagBag from /home/airflow/.local/lib/python3.7/site-packages/airflow/example_dags/tutorial_dag.py
[2023-06-13T02:41:15.502+0000] {processor.py:836} INFO - DAG(s) dict_keys(['tutorial_dag']) retrieved from /home/airflow/.local/lib/python3.7/site-packages/airflow/example_dags/tutorial_dag.py
[2023-06-13T02:41:15.601+0000] {logging_mixin.py:149} INFO - [2023-06-13T02:41:15.600+0000] {dag.py:2726} INFO - Sync 1 DAGs
[2023-06-13T02:41:15.781+0000] {logging_mixin.py:149} INFO - [2023-06-13T02:41:15.780+0000] {dag.py:3490} INFO - Setting next_dagrun for tutorial_dag to None, run_after=None
[2023-06-13T02:41:15.912+0000] {processor.py:179} INFO - Processing /home/airflow/.local/lib/python3.7/site-packages/airflow/example_dags/tutorial_dag.py took 0.442 seconds
[2023-06-13T02:41:46.501+0000] {processor.py:157} INFO - Started process (PID=1098) to work on /home/airflow/.local/lib/python3.7/site-packages/airflow/example_dags/tutorial_dag.py
[2023-06-13T02:41:46.505+0000] {processor.py:826} INFO - Processing file /home/airflow/.local/lib/python3.7/site-packages/airflow/example_dags/tutorial_dag.py for tasks to queue
[2023-06-13T02:41:46.509+0000] {logging_mixin.py:149} INFO - [2023-06-13T02:41:46.508+0000] {dagbag.py:541} INFO - Filling up the DagBag from /home/airflow/.local/lib/python3.7/site-packages/airflow/example_dags/tutorial_dag.py
[2023-06-13T02:41:46.521+0000] {processor.py:836} INFO - DAG(s) dict_keys(['tutorial_dag']) retrieved from /home/airflow/.local/lib/python3.7/site-packages/airflow/example_dags/tutorial_dag.py
[2023-06-13T02:41:46.638+0000] {logging_mixin.py:149} INFO - [2023-06-13T02:41:46.638+0000] {dag.py:2726} INFO - Sync 1 DAGs
[2023-06-13T02:41:46.753+0000] {logging_mixin.py:149} INFO - [2023-06-13T02:41:46.753+0000] {dag.py:3490} INFO - Setting next_dagrun for tutorial_dag to None, run_after=None
[2023-06-13T02:41:46.842+0000] {processor.py:179} INFO - Processing /home/airflow/.local/lib/python3.7/site-packages/airflow/example_dags/tutorial_dag.py took 0.351 seconds
[2023-06-13T02:42:17.038+0000] {processor.py:157} INFO - Started process (PID=1157) to work on /home/airflow/.local/lib/python3.7/site-packages/airflow/example_dags/tutorial_dag.py
[2023-06-13T02:42:17.042+0000] {processor.py:826} INFO - Processing file /home/airflow/.local/lib/python3.7/site-packages/airflow/example_dags/tutorial_dag.py for tasks to queue
[2023-06-13T02:42:17.045+0000] {logging_mixin.py:149} INFO - [2023-06-13T02:42:17.045+0000] {dagbag.py:541} INFO - Filling up the DagBag from /home/airflow/.local/lib/python3.7/site-packages/airflow/example_dags/tutorial_dag.py
[2023-06-13T02:42:17.060+0000] {processor.py:836} INFO - DAG(s) dict_keys(['tutorial_dag']) retrieved from /home/airflow/.local/lib/python3.7/site-packages/airflow/example_dags/tutorial_dag.py
[2023-06-13T02:42:17.124+0000] {logging_mixin.py:149} INFO - [2023-06-13T02:42:17.124+0000] {dag.py:2726} INFO - Sync 1 DAGs
[2023-06-13T02:42:17.189+0000] {logging_mixin.py:149} INFO - [2023-06-13T02:42:17.188+0000] {dag.py:3490} INFO - Setting next_dagrun for tutorial_dag to None, run_after=None
[2023-06-13T02:42:17.259+0000] {processor.py:179} INFO - Processing /home/airflow/.local/lib/python3.7/site-packages/airflow/example_dags/tutorial_dag.py took 0.229 seconds
[2023-06-13T02:42:48.028+0000] {processor.py:157} INFO - Started process (PID=1217) to work on /home/airflow/.local/lib/python3.7/site-packages/airflow/example_dags/tutorial_dag.py
[2023-06-13T02:42:48.031+0000] {processor.py:826} INFO - Processing file /home/airflow/.local/lib/python3.7/site-packages/airflow/example_dags/tutorial_dag.py for tasks to queue
[2023-06-13T02:42:48.034+0000] {logging_mixin.py:149} INFO - [2023-06-13T02:42:48.034+0000] {dagbag.py:541} INFO - Filling up the DagBag from /home/airflow/.local/lib/python3.7/site-packages/airflow/example_dags/tutorial_dag.py
[2023-06-13T02:42:48.050+0000] {processor.py:836} INFO - DAG(s) dict_keys(['tutorial_dag']) retrieved from /home/airflow/.local/lib/python3.7/site-packages/airflow/example_dags/tutorial_dag.py
[2023-06-13T02:42:48.142+0000] {logging_mixin.py:149} INFO - [2023-06-13T02:42:48.141+0000] {dag.py:2726} INFO - Sync 1 DAGs
[2023-06-13T02:42:48.241+0000] {logging_mixin.py:149} INFO - [2023-06-13T02:42:48.240+0000] {dag.py:3490} INFO - Setting next_dagrun for tutorial_dag to None, run_after=None
[2023-06-13T02:42:48.315+0000] {processor.py:179} INFO - Processing /home/airflow/.local/lib/python3.7/site-packages/airflow/example_dags/tutorial_dag.py took 0.299 seconds
[2023-06-13T02:43:19.220+0000] {processor.py:157} INFO - Started process (PID=1277) to work on /home/airflow/.local/lib/python3.7/site-packages/airflow/example_dags/tutorial_dag.py
[2023-06-13T02:43:19.223+0000] {processor.py:826} INFO - Processing file /home/airflow/.local/lib/python3.7/site-packages/airflow/example_dags/tutorial_dag.py for tasks to queue
[2023-06-13T02:43:19.226+0000] {logging_mixin.py:149} INFO - [2023-06-13T02:43:19.225+0000] {dagbag.py:541} INFO - Filling up the DagBag from /home/airflow/.local/lib/python3.7/site-packages/airflow/example_dags/tutorial_dag.py
[2023-06-13T02:43:19.242+0000] {processor.py:836} INFO - DAG(s) dict_keys(['tutorial_dag']) retrieved from /home/airflow/.local/lib/python3.7/site-packages/airflow/example_dags/tutorial_dag.py
[2023-06-13T02:43:19.320+0000] {logging_mixin.py:149} INFO - [2023-06-13T02:43:19.319+0000] {dag.py:2726} INFO - Sync 1 DAGs
[2023-06-13T02:43:19.404+0000] {logging_mixin.py:149} INFO - [2023-06-13T02:43:19.403+0000] {dag.py:3490} INFO - Setting next_dagrun for tutorial_dag to None, run_after=None
[2023-06-13T02:43:19.476+0000] {processor.py:179} INFO - Processing /home/airflow/.local/lib/python3.7/site-packages/airflow/example_dags/tutorial_dag.py took 0.262 seconds
[2023-06-13T02:43:49.961+0000] {processor.py:157} INFO - Started process (PID=1336) to work on /home/airflow/.local/lib/python3.7/site-packages/airflow/example_dags/tutorial_dag.py
[2023-06-13T02:43:49.963+0000] {processor.py:826} INFO - Processing file /home/airflow/.local/lib/python3.7/site-packages/airflow/example_dags/tutorial_dag.py for tasks to queue
[2023-06-13T02:43:49.967+0000] {logging_mixin.py:149} INFO - [2023-06-13T02:43:49.966+0000] {dagbag.py:541} INFO - Filling up the DagBag from /home/airflow/.local/lib/python3.7/site-packages/airflow/example_dags/tutorial_dag.py
[2023-06-13T02:43:49.977+0000] {processor.py:836} INFO - DAG(s) dict_keys(['tutorial_dag']) retrieved from /home/airflow/.local/lib/python3.7/site-packages/airflow/example_dags/tutorial_dag.py
[2023-06-13T02:43:50.048+0000] {logging_mixin.py:149} INFO - [2023-06-13T02:43:50.047+0000] {dag.py:2726} INFO - Sync 1 DAGs
[2023-06-13T02:43:50.117+0000] {logging_mixin.py:149} INFO - [2023-06-13T02:43:50.116+0000] {dag.py:3490} INFO - Setting next_dagrun for tutorial_dag to None, run_after=None
[2023-06-13T02:43:50.182+0000] {processor.py:179} INFO - Processing /home/airflow/.local/lib/python3.7/site-packages/airflow/example_dags/tutorial_dag.py took 0.228 seconds
[2023-06-13T02:44:20.455+0000] {processor.py:157} INFO - Started process (PID=1388) to work on /home/airflow/.local/lib/python3.7/site-packages/airflow/example_dags/tutorial_dag.py
[2023-06-13T02:44:20.459+0000] {processor.py:826} INFO - Processing file /home/airflow/.local/lib/python3.7/site-packages/airflow/example_dags/tutorial_dag.py for tasks to queue
[2023-06-13T02:44:20.463+0000] {logging_mixin.py:149} INFO - [2023-06-13T02:44:20.462+0000] {dagbag.py:541} INFO - Filling up the DagBag from /home/airflow/.local/lib/python3.7/site-packages/airflow/example_dags/tutorial_dag.py
[2023-06-13T02:44:20.479+0000] {processor.py:836} INFO - DAG(s) dict_keys(['tutorial_dag']) retrieved from /home/airflow/.local/lib/python3.7/site-packages/airflow/example_dags/tutorial_dag.py
[2023-06-13T02:44:20.627+0000] {logging_mixin.py:149} INFO - [2023-06-13T02:44:20.626+0000] {dag.py:2726} INFO - Sync 1 DAGs
[2023-06-13T02:44:20.724+0000] {logging_mixin.py:149} INFO - [2023-06-13T02:44:20.724+0000] {dag.py:3490} INFO - Setting next_dagrun for tutorial_dag to None, run_after=None
[2023-06-13T02:44:20.798+0000] {processor.py:179} INFO - Processing /home/airflow/.local/lib/python3.7/site-packages/airflow/example_dags/tutorial_dag.py took 0.352 seconds
